<?xml version="1.0" encoding="UTF-8"?>
<testsuite xmlns:xsi="http://www.w3.org/2001/XMLSchema-instance" xsi:noNamespaceSchemaLocation="https://maven.apache.org/surefire/maven-surefire-plugin/xsd/surefire-test-report-3.0.xsd" version="3.0" name="com.transferer.payment.PaymentSagaDbIntegrationTest" time="3.494" tests="9" errors="0" skipped="0" failures="0">
  <properties>
    <property name="java.specification.version" value="24"/>
    <property name="sun.jnu.encoding" value="UTF-8"/>
    <property name="java.class.path" value="/Users/bendrawer/transferer/target/test-classes:/Users/bendrawer/transferer/target/classes:/Users/bendrawer/.m2/repository/org/springframework/boot/spring-boot-starter-webflux/3.2.0/spring-boot-starter-webflux-3.2.0.jar:/Users/bendrawer/.m2/repository/org/springframework/boot/spring-boot-starter/3.2.0/spring-boot-starter-3.2.0.jar:/Users/bendrawer/.m2/repository/org/springframework/boot/spring-boot/3.2.0/spring-boot-3.2.0.jar:/Users/bendrawer/.m2/repository/org/springframework/boot/spring-boot-starter-logging/3.2.0/spring-boot-starter-logging-3.2.0.jar:/Users/bendrawer/.m2/repository/ch/qos/logback/logback-classic/1.4.11/logback-classic-1.4.11.jar:/Users/bendrawer/.m2/repository/ch/qos/logback/logback-core/1.4.11/logback-core-1.4.11.jar:/Users/bendrawer/.m2/repository/org/apache/logging/log4j/log4j-to-slf4j/2.21.1/log4j-to-slf4j-2.21.1.jar:/Users/bendrawer/.m2/repository/org/apache/logging/log4j/log4j-api/2.21.1/log4j-api-2.21.1.jar:/Users/bendrawer/.m2/repository/org/slf4j/jul-to-slf4j/2.0.9/jul-to-slf4j-2.0.9.jar:/Users/bendrawer/.m2/repository/jakarta/annotation/jakarta.annotation-api/2.1.1/jakarta.annotation-api-2.1.1.jar:/Users/bendrawer/.m2/repository/org/yaml/snakeyaml/2.2/snakeyaml-2.2.jar:/Users/bendrawer/.m2/repository/org/springframework/boot/spring-boot-starter-json/3.2.0/spring-boot-starter-json-3.2.0.jar:/Users/bendrawer/.m2/repository/com/fasterxml/jackson/core/jackson-databind/2.15.3/jackson-databind-2.15.3.jar:/Users/bendrawer/.m2/repository/com/fasterxml/jackson/core/jackson-annotations/2.15.3/jackson-annotations-2.15.3.jar:/Users/bendrawer/.m2/repository/com/fasterxml/jackson/core/jackson-core/2.15.3/jackson-core-2.15.3.jar:/Users/bendrawer/.m2/repository/com/fasterxml/jackson/datatype/jackson-datatype-jdk8/2.15.3/jackson-datatype-jdk8-2.15.3.jar:/Users/bendrawer/.m2/repository/com/fasterxml/jackson/datatype/jackson-datatype-jsr310/2.15.3/jackson-datatype-jsr310-2.15.3.jar:/Users/bendrawer/.m2/repository/com/fasterxml/jackson/module/jackson-module-parameter-names/2.15.3/jackson-module-parameter-names-2.15.3.jar:/Users/bendrawer/.m2/repository/org/springframework/boot/spring-boot-starter-reactor-netty/3.2.0/spring-boot-starter-reactor-netty-3.2.0.jar:/Users/bendrawer/.m2/repository/io/projectreactor/netty/reactor-netty-http/1.1.13/reactor-netty-http-1.1.13.jar:/Users/bendrawer/.m2/repository/io/netty/netty-codec-http/4.1.101.Final/netty-codec-http-4.1.101.Final.jar:/Users/bendrawer/.m2/repository/io/netty/netty-codec-http2/4.1.101.Final/netty-codec-http2-4.1.101.Final.jar:/Users/bendrawer/.m2/repository/org/springframework/spring-web/6.1.1/spring-web-6.1.1.jar:/Users/bendrawer/.m2/repository/org/springframework/spring-beans/6.1.1/spring-beans-6.1.1.jar:/Users/bendrawer/.m2/repository/io/micrometer/micrometer-observation/1.12.0/micrometer-observation-1.12.0.jar:/Users/bendrawer/.m2/repository/io/micrometer/micrometer-commons/1.12.0/micrometer-commons-1.12.0.jar:/Users/bendrawer/.m2/repository/org/springframework/spring-webflux/6.1.1/spring-webflux-6.1.1.jar:/Users/bendrawer/.m2/repository/org/springframework/boot/spring-boot-starter-data-r2dbc/3.2.0/spring-boot-starter-data-r2dbc-3.2.0.jar:/Users/bendrawer/.m2/repository/org/springframework/data/spring-data-r2dbc/3.2.0/spring-data-r2dbc-3.2.0.jar:/Users/bendrawer/.m2/repository/org/springframework/data/spring-data-relational/3.2.0/spring-data-relational-3.2.0.jar:/Users/bendrawer/.m2/repository/com/github/jsqlparser/jsqlparser/4.6/jsqlparser-4.6.jar:/Users/bendrawer/.m2/repository/org/springframework/data/spring-data-commons/3.2.0/spring-data-commons-3.2.0.jar:/Users/bendrawer/.m2/repository/org/springframework/spring-tx/6.1.1/spring-tx-6.1.1.jar:/Users/bendrawer/.m2/repository/org/springframework/spring-context/6.1.1/spring-context-6.1.1.jar:/Users/bendrawer/.m2/repository/org/springframework/spring-aop/6.1.1/spring-aop-6.1.1.jar:/Users/bendrawer/.m2/repository/org/springframework/spring-expression/6.1.1/spring-expression-6.1.1.jar:/Users/bendrawer/.m2/repository/org/springframework/spring-jdbc/6.1.1/spring-jdbc-6.1.1.jar:/Users/bendrawer/.m2/repository/org/springframework/spring-r2dbc/6.1.1/spring-r2dbc-6.1.1.jar:/Users/bendrawer/.m2/repository/org/slf4j/slf4j-api/2.0.9/slf4j-api-2.0.9.jar:/Users/bendrawer/.m2/repository/io/r2dbc/r2dbc-spi/1.0.0.RELEASE/r2dbc-spi-1.0.0.RELEASE.jar:/Users/bendrawer/.m2/repository/org/reactivestreams/reactive-streams/1.0.4/reactive-streams-1.0.4.jar:/Users/bendrawer/.m2/repository/io/r2dbc/r2dbc-pool/1.0.1.RELEASE/r2dbc-pool-1.0.1.RELEASE.jar:/Users/bendrawer/.m2/repository/io/projectreactor/addons/reactor-pool/1.0.3/reactor-pool-1.0.3.jar:/Users/bendrawer/.m2/repository/org/springframework/boot/spring-boot-starter-validation/3.2.0/spring-boot-starter-validation-3.2.0.jar:/Users/bendrawer/.m2/repository/org/apache/tomcat/embed/tomcat-embed-el/10.1.16/tomcat-embed-el-10.1.16.jar:/Users/bendrawer/.m2/repository/org/hibernate/validator/hibernate-validator/8.0.1.Final/hibernate-validator-8.0.1.Final.jar:/Users/bendrawer/.m2/repository/jakarta/validation/jakarta.validation-api/3.0.2/jakarta.validation-api-3.0.2.jar:/Users/bendrawer/.m2/repository/org/jboss/logging/jboss-logging/3.5.3.Final/jboss-logging-3.5.3.Final.jar:/Users/bendrawer/.m2/repository/com/fasterxml/classmate/1.6.0/classmate-1.6.0.jar:/Users/bendrawer/.m2/repository/io/r2dbc/r2dbc-h2/1.0.0.RELEASE/r2dbc-h2-1.0.0.RELEASE.jar:/Users/bendrawer/.m2/repository/com/h2database/h2/2.2.224/h2-2.2.224.jar:/Users/bendrawer/.m2/repository/io/projectreactor/reactor-core/3.6.0/reactor-core-3.6.0.jar:/Users/bendrawer/.m2/repository/org/postgresql/r2dbc-postgresql/1.0.2.RELEASE/r2dbc-postgresql-1.0.2.RELEASE.jar:/Users/bendrawer/.m2/repository/com/ongres/scram/client/2.1/client-2.1.jar:/Users/bendrawer/.m2/repository/com/ongres/scram/common/2.1/common-2.1.jar:/Users/bendrawer/.m2/repository/com/ongres/stringprep/saslprep/1.1/saslprep-1.1.jar:/Users/bendrawer/.m2/repository/com/ongres/stringprep/stringprep/1.1/stringprep-1.1.jar:/Users/bendrawer/.m2/repository/io/projectreactor/netty/reactor-netty-core/1.1.13/reactor-netty-core-1.1.13.jar:/Users/bendrawer/.m2/repository/io/netty/netty-handler/4.1.101.Final/netty-handler-4.1.101.Final.jar:/Users/bendrawer/.m2/repository/io/netty/netty-common/4.1.101.Final/netty-common-4.1.101.Final.jar:/Users/bendrawer/.m2/repository/io/netty/netty-resolver/4.1.101.Final/netty-resolver-4.1.101.Final.jar:/Users/bendrawer/.m2/repository/io/netty/netty-buffer/4.1.101.Final/netty-buffer-4.1.101.Final.jar:/Users/bendrawer/.m2/repository/io/netty/netty-transport/4.1.101.Final/netty-transport-4.1.101.Final.jar:/Users/bendrawer/.m2/repository/io/netty/netty-transport-native-unix-common/4.1.101.Final/netty-transport-native-unix-common-4.1.101.Final.jar:/Users/bendrawer/.m2/repository/io/netty/netty-codec/4.1.101.Final/netty-codec-4.1.101.Final.jar:/Users/bendrawer/.m2/repository/io/netty/netty-handler-proxy/4.1.101.Final/netty-handler-proxy-4.1.101.Final.jar:/Users/bendrawer/.m2/repository/io/netty/netty-codec-socks/4.1.101.Final/netty-codec-socks-4.1.101.Final.jar:/Users/bendrawer/.m2/repository/io/netty/netty-resolver-dns/4.1.101.Final/netty-resolver-dns-4.1.101.Final.jar:/Users/bendrawer/.m2/repository/io/netty/netty-codec-dns/4.1.101.Final/netty-codec-dns-4.1.101.Final.jar:/Users/bendrawer/.m2/repository/io/netty/netty-resolver-dns-native-macos/4.1.101.Final/netty-resolver-dns-native-macos-4.1.101.Final-osx-x86_64.jar:/Users/bendrawer/.m2/repository/io/netty/netty-resolver-dns-classes-macos/4.1.101.Final/netty-resolver-dns-classes-macos-4.1.101.Final.jar:/Users/bendrawer/.m2/repository/io/netty/netty-transport-native-epoll/4.1.101.Final/netty-transport-native-epoll-4.1.101.Final-linux-x86_64.jar:/Users/bendrawer/.m2/repository/io/netty/netty-transport-classes-epoll/4.1.101.Final/netty-transport-classes-epoll-4.1.101.Final.jar:/Users/bendrawer/.m2/repository/org/springframework/boot/spring-boot-starter-test/3.2.0/spring-boot-starter-test-3.2.0.jar:/Users/bendrawer/.m2/repository/org/springframework/boot/spring-boot-test/3.2.0/spring-boot-test-3.2.0.jar:/Users/bendrawer/.m2/repository/org/springframework/boot/spring-boot-test-autoconfigure/3.2.0/spring-boot-test-autoconfigure-3.2.0.jar:/Users/bendrawer/.m2/repository/com/jayway/jsonpath/json-path/2.8.0/json-path-2.8.0.jar:/Users/bendrawer/.m2/repository/jakarta/xml/bind/jakarta.xml.bind-api/4.0.1/jakarta.xml.bind-api-4.0.1.jar:/Users/bendrawer/.m2/repository/jakarta/activation/jakarta.activation-api/2.1.2/jakarta.activation-api-2.1.2.jar:/Users/bendrawer/.m2/repository/net/minidev/json-smart/2.5.0/json-smart-2.5.0.jar:/Users/bendrawer/.m2/repository/net/minidev/accessors-smart/2.5.0/accessors-smart-2.5.0.jar:/Users/bendrawer/.m2/repository/org/ow2/asm/asm/9.3/asm-9.3.jar:/Users/bendrawer/.m2/repository/org/assertj/assertj-core/3.24.2/assertj-core-3.24.2.jar:/Users/bendrawer/.m2/repository/net/bytebuddy/byte-buddy/1.14.10/byte-buddy-1.14.10.jar:/Users/bendrawer/.m2/repository/org/awaitility/awaitility/4.2.0/awaitility-4.2.0.jar:/Users/bendrawer/.m2/repository/org/hamcrest/hamcrest/2.2/hamcrest-2.2.jar:/Users/bendrawer/.m2/repository/org/junit/jupiter/junit-jupiter/5.10.1/junit-jupiter-5.10.1.jar:/Users/bendrawer/.m2/repository/org/junit/jupiter/junit-jupiter-params/5.10.1/junit-jupiter-params-5.10.1.jar:/Users/bendrawer/.m2/repository/org/junit/jupiter/junit-jupiter-engine/5.10.1/junit-jupiter-engine-5.10.1.jar:/Users/bendrawer/.m2/repository/org/junit/platform/junit-platform-engine/1.10.1/junit-platform-engine-1.10.1.jar:/Users/bendrawer/.m2/repository/org/mockito/mockito-core/5.7.0/mockito-core-5.7.0.jar:/Users/bendrawer/.m2/repository/net/bytebuddy/byte-buddy-agent/1.14.10/byte-buddy-agent-1.14.10.jar:/Users/bendrawer/.m2/repository/org/objenesis/objenesis/3.3/objenesis-3.3.jar:/Users/bendrawer/.m2/repository/org/mockito/mockito-junit-jupiter/5.7.0/mockito-junit-jupiter-5.7.0.jar:/Users/bendrawer/.m2/repository/org/skyscreamer/jsonassert/1.5.1/jsonassert-1.5.1.jar:/Users/bendrawer/.m2/repository/com/vaadin/external/google/android-json/0.0.20131108.vaadin1/android-json-0.0.20131108.vaadin1.jar:/Users/bendrawer/.m2/repository/org/springframework/spring-core/6.1.1/spring-core-6.1.1.jar:/Users/bendrawer/.m2/repository/org/springframework/spring-jcl/6.1.1/spring-jcl-6.1.1.jar:/Users/bendrawer/.m2/repository/org/springframework/spring-test/6.1.1/spring-test-6.1.1.jar:/Users/bendrawer/.m2/repository/org/xmlunit/xmlunit-core/2.9.1/xmlunit-core-2.9.1.jar:/Users/bendrawer/.m2/repository/io/projectreactor/reactor-test/3.6.0/reactor-test-3.6.0.jar:/Users/bendrawer/.m2/repository/org/springframework/boot/spring-boot-testcontainers/3.2.0/spring-boot-testcontainers-3.2.0.jar:/Users/bendrawer/.m2/repository/org/springframework/boot/spring-boot-autoconfigure/3.2.0/spring-boot-autoconfigure-3.2.0.jar:/Users/bendrawer/.m2/repository/org/testcontainers/testcontainers/1.19.3/testcontainers-1.19.3.jar:/Users/bendrawer/.m2/repository/junit/junit/4.13.2/junit-4.13.2.jar:/Users/bendrawer/.m2/repository/org/hamcrest/hamcrest-core/2.2/hamcrest-core-2.2.jar:/Users/bendrawer/.m2/repository/org/apache/commons/commons-compress/1.24.0/commons-compress-1.24.0.jar:/Users/bendrawer/.m2/repository/org/rnorth/duct-tape/duct-tape/1.0.8/duct-tape-1.0.8.jar:/Users/bendrawer/.m2/repository/org/jetbrains/annotations/17.0.0/annotations-17.0.0.jar:/Users/bendrawer/.m2/repository/com/github/docker-java/docker-java-api/3.3.4/docker-java-api-3.3.4.jar:/Users/bendrawer/.m2/repository/com/github/docker-java/docker-java-transport-zerodep/3.3.4/docker-java-transport-zerodep-3.3.4.jar:/Users/bendrawer/.m2/repository/com/github/docker-java/docker-java-transport/3.3.4/docker-java-transport-3.3.4.jar:/Users/bendrawer/.m2/repository/net/java/dev/jna/jna/5.13.0/jna-5.13.0.jar:/Users/bendrawer/.m2/repository/org/testcontainers/r2dbc/1.19.3/r2dbc-1.19.3.jar:/Users/bendrawer/.m2/repository/org/testcontainers/postgresql/1.19.3/postgresql-1.19.3.jar:/Users/bendrawer/.m2/repository/org/testcontainers/jdbc/1.19.3/jdbc-1.19.3.jar:/Users/bendrawer/.m2/repository/org/testcontainers/database-commons/1.19.3/database-commons-1.19.3.jar:/Users/bendrawer/.m2/repository/org/testcontainers/junit-jupiter/1.19.3/junit-jupiter-1.19.3.jar:/Users/bendrawer/.m2/repository/org/junit/jupiter/junit-jupiter-api/5.10.1/junit-jupiter-api-5.10.1.jar:/Users/bendrawer/.m2/repository/org/opentest4j/opentest4j/1.3.0/opentest4j-1.3.0.jar:/Users/bendrawer/.m2/repository/org/junit/platform/junit-platform-commons/1.10.1/junit-platform-commons-1.10.1.jar:/Users/bendrawer/.m2/repository/org/apiguardian/apiguardian-api/1.1.2/apiguardian-api-1.1.2.jar:"/>
    <property name="java.vm.vendor" value="Homebrew"/>
    <property name="sun.arch.data.model" value="64"/>
    <property name="java.vendor.url" value="https://github.com/Homebrew/homebrew-core/issues"/>
    <property name="user.timezone" value="Europe/London"/>
    <property name="org.jboss.logging.provider" value="slf4j"/>
    <property name="os.name" value="Mac OS X"/>
    <property name="java.vm.specification.version" value="24"/>
    <property name="sun.java.launcher" value="SUN_STANDARD"/>
    <property name="user.country" value="GB"/>
    <property name="sun.boot.library.path" value="/opt/homebrew/Cellar/openjdk/24.0.2/libexec/openjdk.jdk/Contents/Home/lib"/>
    <property name="sun.java.command" value="/Users/bendrawer/transferer/target/surefire/surefirebooter-20250817164701122_3.jar /Users/bendrawer/transferer/target/surefire 2025-08-17T16-47-01_088-jvmRun1 surefire-20250817164701122_1tmp surefire_0-20250817164701122_2tmp"/>
    <property name="http.nonProxyHosts" value="local|*.local|169.254/16|*.169.254/16"/>
    <property name="jdk.debug" value="release"/>
    <property name="test" value="PaymentSagaDbIntegrationTest"/>
    <property name="surefire.test.class.path" value="/Users/bendrawer/transferer/target/test-classes:/Users/bendrawer/transferer/target/classes:/Users/bendrawer/.m2/repository/org/springframework/boot/spring-boot-starter-webflux/3.2.0/spring-boot-starter-webflux-3.2.0.jar:/Users/bendrawer/.m2/repository/org/springframework/boot/spring-boot-starter/3.2.0/spring-boot-starter-3.2.0.jar:/Users/bendrawer/.m2/repository/org/springframework/boot/spring-boot/3.2.0/spring-boot-3.2.0.jar:/Users/bendrawer/.m2/repository/org/springframework/boot/spring-boot-starter-logging/3.2.0/spring-boot-starter-logging-3.2.0.jar:/Users/bendrawer/.m2/repository/ch/qos/logback/logback-classic/1.4.11/logback-classic-1.4.11.jar:/Users/bendrawer/.m2/repository/ch/qos/logback/logback-core/1.4.11/logback-core-1.4.11.jar:/Users/bendrawer/.m2/repository/org/apache/logging/log4j/log4j-to-slf4j/2.21.1/log4j-to-slf4j-2.21.1.jar:/Users/bendrawer/.m2/repository/org/apache/logging/log4j/log4j-api/2.21.1/log4j-api-2.21.1.jar:/Users/bendrawer/.m2/repository/org/slf4j/jul-to-slf4j/2.0.9/jul-to-slf4j-2.0.9.jar:/Users/bendrawer/.m2/repository/jakarta/annotation/jakarta.annotation-api/2.1.1/jakarta.annotation-api-2.1.1.jar:/Users/bendrawer/.m2/repository/org/yaml/snakeyaml/2.2/snakeyaml-2.2.jar:/Users/bendrawer/.m2/repository/org/springframework/boot/spring-boot-starter-json/3.2.0/spring-boot-starter-json-3.2.0.jar:/Users/bendrawer/.m2/repository/com/fasterxml/jackson/core/jackson-databind/2.15.3/jackson-databind-2.15.3.jar:/Users/bendrawer/.m2/repository/com/fasterxml/jackson/core/jackson-annotations/2.15.3/jackson-annotations-2.15.3.jar:/Users/bendrawer/.m2/repository/com/fasterxml/jackson/core/jackson-core/2.15.3/jackson-core-2.15.3.jar:/Users/bendrawer/.m2/repository/com/fasterxml/jackson/datatype/jackson-datatype-jdk8/2.15.3/jackson-datatype-jdk8-2.15.3.jar:/Users/bendrawer/.m2/repository/com/fasterxml/jackson/datatype/jackson-datatype-jsr310/2.15.3/jackson-datatype-jsr310-2.15.3.jar:/Users/bendrawer/.m2/repository/com/fasterxml/jackson/module/jackson-module-parameter-names/2.15.3/jackson-module-parameter-names-2.15.3.jar:/Users/bendrawer/.m2/repository/org/springframework/boot/spring-boot-starter-reactor-netty/3.2.0/spring-boot-starter-reactor-netty-3.2.0.jar:/Users/bendrawer/.m2/repository/io/projectreactor/netty/reactor-netty-http/1.1.13/reactor-netty-http-1.1.13.jar:/Users/bendrawer/.m2/repository/io/netty/netty-codec-http/4.1.101.Final/netty-codec-http-4.1.101.Final.jar:/Users/bendrawer/.m2/repository/io/netty/netty-codec-http2/4.1.101.Final/netty-codec-http2-4.1.101.Final.jar:/Users/bendrawer/.m2/repository/org/springframework/spring-web/6.1.1/spring-web-6.1.1.jar:/Users/bendrawer/.m2/repository/org/springframework/spring-beans/6.1.1/spring-beans-6.1.1.jar:/Users/bendrawer/.m2/repository/io/micrometer/micrometer-observation/1.12.0/micrometer-observation-1.12.0.jar:/Users/bendrawer/.m2/repository/io/micrometer/micrometer-commons/1.12.0/micrometer-commons-1.12.0.jar:/Users/bendrawer/.m2/repository/org/springframework/spring-webflux/6.1.1/spring-webflux-6.1.1.jar:/Users/bendrawer/.m2/repository/org/springframework/boot/spring-boot-starter-data-r2dbc/3.2.0/spring-boot-starter-data-r2dbc-3.2.0.jar:/Users/bendrawer/.m2/repository/org/springframework/data/spring-data-r2dbc/3.2.0/spring-data-r2dbc-3.2.0.jar:/Users/bendrawer/.m2/repository/org/springframework/data/spring-data-relational/3.2.0/spring-data-relational-3.2.0.jar:/Users/bendrawer/.m2/repository/com/github/jsqlparser/jsqlparser/4.6/jsqlparser-4.6.jar:/Users/bendrawer/.m2/repository/org/springframework/data/spring-data-commons/3.2.0/spring-data-commons-3.2.0.jar:/Users/bendrawer/.m2/repository/org/springframework/spring-tx/6.1.1/spring-tx-6.1.1.jar:/Users/bendrawer/.m2/repository/org/springframework/spring-context/6.1.1/spring-context-6.1.1.jar:/Users/bendrawer/.m2/repository/org/springframework/spring-aop/6.1.1/spring-aop-6.1.1.jar:/Users/bendrawer/.m2/repository/org/springframework/spring-expression/6.1.1/spring-expression-6.1.1.jar:/Users/bendrawer/.m2/repository/org/springframework/spring-jdbc/6.1.1/spring-jdbc-6.1.1.jar:/Users/bendrawer/.m2/repository/org/springframework/spring-r2dbc/6.1.1/spring-r2dbc-6.1.1.jar:/Users/bendrawer/.m2/repository/org/slf4j/slf4j-api/2.0.9/slf4j-api-2.0.9.jar:/Users/bendrawer/.m2/repository/io/r2dbc/r2dbc-spi/1.0.0.RELEASE/r2dbc-spi-1.0.0.RELEASE.jar:/Users/bendrawer/.m2/repository/org/reactivestreams/reactive-streams/1.0.4/reactive-streams-1.0.4.jar:/Users/bendrawer/.m2/repository/io/r2dbc/r2dbc-pool/1.0.1.RELEASE/r2dbc-pool-1.0.1.RELEASE.jar:/Users/bendrawer/.m2/repository/io/projectreactor/addons/reactor-pool/1.0.3/reactor-pool-1.0.3.jar:/Users/bendrawer/.m2/repository/org/springframework/boot/spring-boot-starter-validation/3.2.0/spring-boot-starter-validation-3.2.0.jar:/Users/bendrawer/.m2/repository/org/apache/tomcat/embed/tomcat-embed-el/10.1.16/tomcat-embed-el-10.1.16.jar:/Users/bendrawer/.m2/repository/org/hibernate/validator/hibernate-validator/8.0.1.Final/hibernate-validator-8.0.1.Final.jar:/Users/bendrawer/.m2/repository/jakarta/validation/jakarta.validation-api/3.0.2/jakarta.validation-api-3.0.2.jar:/Users/bendrawer/.m2/repository/org/jboss/logging/jboss-logging/3.5.3.Final/jboss-logging-3.5.3.Final.jar:/Users/bendrawer/.m2/repository/com/fasterxml/classmate/1.6.0/classmate-1.6.0.jar:/Users/bendrawer/.m2/repository/io/r2dbc/r2dbc-h2/1.0.0.RELEASE/r2dbc-h2-1.0.0.RELEASE.jar:/Users/bendrawer/.m2/repository/com/h2database/h2/2.2.224/h2-2.2.224.jar:/Users/bendrawer/.m2/repository/io/projectreactor/reactor-core/3.6.0/reactor-core-3.6.0.jar:/Users/bendrawer/.m2/repository/org/postgresql/r2dbc-postgresql/1.0.2.RELEASE/r2dbc-postgresql-1.0.2.RELEASE.jar:/Users/bendrawer/.m2/repository/com/ongres/scram/client/2.1/client-2.1.jar:/Users/bendrawer/.m2/repository/com/ongres/scram/common/2.1/common-2.1.jar:/Users/bendrawer/.m2/repository/com/ongres/stringprep/saslprep/1.1/saslprep-1.1.jar:/Users/bendrawer/.m2/repository/com/ongres/stringprep/stringprep/1.1/stringprep-1.1.jar:/Users/bendrawer/.m2/repository/io/projectreactor/netty/reactor-netty-core/1.1.13/reactor-netty-core-1.1.13.jar:/Users/bendrawer/.m2/repository/io/netty/netty-handler/4.1.101.Final/netty-handler-4.1.101.Final.jar:/Users/bendrawer/.m2/repository/io/netty/netty-common/4.1.101.Final/netty-common-4.1.101.Final.jar:/Users/bendrawer/.m2/repository/io/netty/netty-resolver/4.1.101.Final/netty-resolver-4.1.101.Final.jar:/Users/bendrawer/.m2/repository/io/netty/netty-buffer/4.1.101.Final/netty-buffer-4.1.101.Final.jar:/Users/bendrawer/.m2/repository/io/netty/netty-transport/4.1.101.Final/netty-transport-4.1.101.Final.jar:/Users/bendrawer/.m2/repository/io/netty/netty-transport-native-unix-common/4.1.101.Final/netty-transport-native-unix-common-4.1.101.Final.jar:/Users/bendrawer/.m2/repository/io/netty/netty-codec/4.1.101.Final/netty-codec-4.1.101.Final.jar:/Users/bendrawer/.m2/repository/io/netty/netty-handler-proxy/4.1.101.Final/netty-handler-proxy-4.1.101.Final.jar:/Users/bendrawer/.m2/repository/io/netty/netty-codec-socks/4.1.101.Final/netty-codec-socks-4.1.101.Final.jar:/Users/bendrawer/.m2/repository/io/netty/netty-resolver-dns/4.1.101.Final/netty-resolver-dns-4.1.101.Final.jar:/Users/bendrawer/.m2/repository/io/netty/netty-codec-dns/4.1.101.Final/netty-codec-dns-4.1.101.Final.jar:/Users/bendrawer/.m2/repository/io/netty/netty-resolver-dns-native-macos/4.1.101.Final/netty-resolver-dns-native-macos-4.1.101.Final-osx-x86_64.jar:/Users/bendrawer/.m2/repository/io/netty/netty-resolver-dns-classes-macos/4.1.101.Final/netty-resolver-dns-classes-macos-4.1.101.Final.jar:/Users/bendrawer/.m2/repository/io/netty/netty-transport-native-epoll/4.1.101.Final/netty-transport-native-epoll-4.1.101.Final-linux-x86_64.jar:/Users/bendrawer/.m2/repository/io/netty/netty-transport-classes-epoll/4.1.101.Final/netty-transport-classes-epoll-4.1.101.Final.jar:/Users/bendrawer/.m2/repository/org/springframework/boot/spring-boot-starter-test/3.2.0/spring-boot-starter-test-3.2.0.jar:/Users/bendrawer/.m2/repository/org/springframework/boot/spring-boot-test/3.2.0/spring-boot-test-3.2.0.jar:/Users/bendrawer/.m2/repository/org/springframework/boot/spring-boot-test-autoconfigure/3.2.0/spring-boot-test-autoconfigure-3.2.0.jar:/Users/bendrawer/.m2/repository/com/jayway/jsonpath/json-path/2.8.0/json-path-2.8.0.jar:/Users/bendrawer/.m2/repository/jakarta/xml/bind/jakarta.xml.bind-api/4.0.1/jakarta.xml.bind-api-4.0.1.jar:/Users/bendrawer/.m2/repository/jakarta/activation/jakarta.activation-api/2.1.2/jakarta.activation-api-2.1.2.jar:/Users/bendrawer/.m2/repository/net/minidev/json-smart/2.5.0/json-smart-2.5.0.jar:/Users/bendrawer/.m2/repository/net/minidev/accessors-smart/2.5.0/accessors-smart-2.5.0.jar:/Users/bendrawer/.m2/repository/org/ow2/asm/asm/9.3/asm-9.3.jar:/Users/bendrawer/.m2/repository/org/assertj/assertj-core/3.24.2/assertj-core-3.24.2.jar:/Users/bendrawer/.m2/repository/net/bytebuddy/byte-buddy/1.14.10/byte-buddy-1.14.10.jar:/Users/bendrawer/.m2/repository/org/awaitility/awaitility/4.2.0/awaitility-4.2.0.jar:/Users/bendrawer/.m2/repository/org/hamcrest/hamcrest/2.2/hamcrest-2.2.jar:/Users/bendrawer/.m2/repository/org/junit/jupiter/junit-jupiter/5.10.1/junit-jupiter-5.10.1.jar:/Users/bendrawer/.m2/repository/org/junit/jupiter/junit-jupiter-params/5.10.1/junit-jupiter-params-5.10.1.jar:/Users/bendrawer/.m2/repository/org/junit/jupiter/junit-jupiter-engine/5.10.1/junit-jupiter-engine-5.10.1.jar:/Users/bendrawer/.m2/repository/org/junit/platform/junit-platform-engine/1.10.1/junit-platform-engine-1.10.1.jar:/Users/bendrawer/.m2/repository/org/mockito/mockito-core/5.7.0/mockito-core-5.7.0.jar:/Users/bendrawer/.m2/repository/net/bytebuddy/byte-buddy-agent/1.14.10/byte-buddy-agent-1.14.10.jar:/Users/bendrawer/.m2/repository/org/objenesis/objenesis/3.3/objenesis-3.3.jar:/Users/bendrawer/.m2/repository/org/mockito/mockito-junit-jupiter/5.7.0/mockito-junit-jupiter-5.7.0.jar:/Users/bendrawer/.m2/repository/org/skyscreamer/jsonassert/1.5.1/jsonassert-1.5.1.jar:/Users/bendrawer/.m2/repository/com/vaadin/external/google/android-json/0.0.20131108.vaadin1/android-json-0.0.20131108.vaadin1.jar:/Users/bendrawer/.m2/repository/org/springframework/spring-core/6.1.1/spring-core-6.1.1.jar:/Users/bendrawer/.m2/repository/org/springframework/spring-jcl/6.1.1/spring-jcl-6.1.1.jar:/Users/bendrawer/.m2/repository/org/springframework/spring-test/6.1.1/spring-test-6.1.1.jar:/Users/bendrawer/.m2/repository/org/xmlunit/xmlunit-core/2.9.1/xmlunit-core-2.9.1.jar:/Users/bendrawer/.m2/repository/io/projectreactor/reactor-test/3.6.0/reactor-test-3.6.0.jar:/Users/bendrawer/.m2/repository/org/springframework/boot/spring-boot-testcontainers/3.2.0/spring-boot-testcontainers-3.2.0.jar:/Users/bendrawer/.m2/repository/org/springframework/boot/spring-boot-autoconfigure/3.2.0/spring-boot-autoconfigure-3.2.0.jar:/Users/bendrawer/.m2/repository/org/testcontainers/testcontainers/1.19.3/testcontainers-1.19.3.jar:/Users/bendrawer/.m2/repository/junit/junit/4.13.2/junit-4.13.2.jar:/Users/bendrawer/.m2/repository/org/hamcrest/hamcrest-core/2.2/hamcrest-core-2.2.jar:/Users/bendrawer/.m2/repository/org/apache/commons/commons-compress/1.24.0/commons-compress-1.24.0.jar:/Users/bendrawer/.m2/repository/org/rnorth/duct-tape/duct-tape/1.0.8/duct-tape-1.0.8.jar:/Users/bendrawer/.m2/repository/org/jetbrains/annotations/17.0.0/annotations-17.0.0.jar:/Users/bendrawer/.m2/repository/com/github/docker-java/docker-java-api/3.3.4/docker-java-api-3.3.4.jar:/Users/bendrawer/.m2/repository/com/github/docker-java/docker-java-transport-zerodep/3.3.4/docker-java-transport-zerodep-3.3.4.jar:/Users/bendrawer/.m2/repository/com/github/docker-java/docker-java-transport/3.3.4/docker-java-transport-3.3.4.jar:/Users/bendrawer/.m2/repository/net/java/dev/jna/jna/5.13.0/jna-5.13.0.jar:/Users/bendrawer/.m2/repository/org/testcontainers/r2dbc/1.19.3/r2dbc-1.19.3.jar:/Users/bendrawer/.m2/repository/org/testcontainers/postgresql/1.19.3/postgresql-1.19.3.jar:/Users/bendrawer/.m2/repository/org/testcontainers/jdbc/1.19.3/jdbc-1.19.3.jar:/Users/bendrawer/.m2/repository/org/testcontainers/database-commons/1.19.3/database-commons-1.19.3.jar:/Users/bendrawer/.m2/repository/org/testcontainers/junit-jupiter/1.19.3/junit-jupiter-1.19.3.jar:/Users/bendrawer/.m2/repository/org/junit/jupiter/junit-jupiter-api/5.10.1/junit-jupiter-api-5.10.1.jar:/Users/bendrawer/.m2/repository/org/opentest4j/opentest4j/1.3.0/opentest4j-1.3.0.jar:/Users/bendrawer/.m2/repository/org/junit/platform/junit-platform-commons/1.10.1/junit-platform-commons-1.10.1.jar:/Users/bendrawer/.m2/repository/org/apiguardian/apiguardian-api/1.1.2/apiguardian-api-1.1.2.jar:"/>
    <property name="sun.cpu.endian" value="little"/>
    <property name="user.home" value="/Users/bendrawer"/>
    <property name="user.language" value="en"/>
    <property name="java.specification.vendor" value="Oracle Corporation"/>
    <property name="java.version.date" value="2025-07-15"/>
    <property name="java.home" value="/opt/homebrew/Cellar/openjdk/24.0.2/libexec/openjdk.jdk/Contents/Home"/>
    <property name="file.separator" value="/"/>
    <property name="basedir" value="/Users/bendrawer/transferer"/>
    <property name="java.vm.compressedOopsMode" value="Zero based"/>
    <property name="line.separator" value="&#10;"/>
    <property name="java.vm.specification.vendor" value="Oracle Corporation"/>
    <property name="java.specification.name" value="Java Platform API Specification"/>
    <property name="FILE_LOG_CHARSET" value="UTF-8"/>
    <property name="java.awt.headless" value="true"/>
    <property name="apple.awt.application.name" value="ForkedBooter"/>
    <property name="surefire.real.class.path" value="/Users/bendrawer/transferer/target/surefire/surefirebooter-20250817164701122_3.jar"/>
    <property name="sun.management.compiler" value="HotSpot 64-Bit Tiered Compilers"/>
    <property name="ftp.nonProxyHosts" value="local|*.local|169.254/16|*.169.254/16"/>
    <property name="java.runtime.version" value="24.0.2"/>
    <property name="user.name" value="bendrawer"/>
    <property name="stdout.encoding" value="UTF-8"/>
    <property name="path.separator" value=":"/>
    <property name="os.version" value="15.6"/>
    <property name="java.runtime.name" value="OpenJDK Runtime Environment"/>
    <property name="file.encoding" value="UTF-8"/>
    <property name="java.vm.name" value="OpenJDK 64-Bit Server VM"/>
    <property name="java.vendor.version" value="Homebrew"/>
    <property name="localRepository" value="/Users/bendrawer/.m2/repository"/>
    <property name="java.vendor.url.bug" value="https://github.com/Homebrew/homebrew-core/issues"/>
    <property name="java.io.tmpdir" value="/var/folders/3x/5pt9nvc57kz67stjhxkyhdfw0000gn/T/"/>
    <property name="java.version" value="24.0.2"/>
    <property name="user.dir" value="/Users/bendrawer/transferer"/>
    <property name="os.arch" value="aarch64"/>
    <property name="java.vm.specification.name" value="Java Virtual Machine Specification"/>
    <property name="PID" value="26824"/>
    <property name="CONSOLE_LOG_CHARSET" value="UTF-8"/>
    <property name="native.encoding" value="UTF-8"/>
    <property name="java.library.path" value="/Users/bendrawer/Library/Java/Extensions:/Library/Java/Extensions:/Network/Library/Java/Extensions:/System/Library/Java/Extensions:/usr/lib/java:."/>
    <property name="java.vm.info" value="mixed mode, sharing"/>
    <property name="stderr.encoding" value="UTF-8"/>
    <property name="java.vendor" value="Homebrew"/>
    <property name="java.vm.version" value="24.0.2"/>
    <property name="sun.io.unicode.encoding" value="UnicodeBig"/>
    <property name="socksNonProxyHosts" value="local|*.local|169.254/16|*.169.254/16"/>
    <property name="java.class.version" value="68.0"/>
    <property name="LOGGED_APPLICATION_NAME" value="[transferer] "/>
  </properties>
  <testcase name="should_query_payments_by_status" classname="com.transferer.payment.PaymentSagaDbIntegrationTest" time="0.593">
    <system-out><![CDATA[16:47:01.406 [main] INFO org.springframework.test.context.support.AnnotationConfigContextLoaderUtils -- Could not detect default configuration classes for test class [com.transferer.payment.PaymentSagaDbIntegrationTest]: PaymentSagaDbIntegrationTest does not declare any static, non-private, non-final, nested classes annotated with @Configuration.
16:47:01.459 [main] INFO org.springframework.boot.test.context.SpringBootTestContextBootstrapper -- Found @SpringBootConfiguration com.transferer.TransfererApplication for test class com.transferer.payment.PaymentSagaDbIntegrationTest

  .   ____          _            __ _ _
 /\\ / ___'_ __ _ _(_)_ __  __ _ \ \ \ \
( ( )\___ | '_ | '_| | '_ \/ _` | \ \ \ \
 \\/  ___)| |_)| | | | | || (_| |  ) ) ) )
  '  |____| .__|_| |_|_| |_\__, | / / / /
 =========|_|==============|___/=/_/_/_/
&amp#27;[32m :: Spring Boot :: &amp#27;[39m              &amp#27;[2m (v3.2.0)&amp#27;[0;39m

&amp#27;[2m2025-08-17T16:47:01.603+01:00&amp#27;[0;39m &amp#27;[32m INFO&amp#27;[0;39m &amp#27;[35m26824&amp#27;[0;39m &amp#27;[2m---&amp#27;[0;39m &amp#27;[2m[transferer] [           main]&amp#27;[0;39m &amp#27;[2m&amp#27;[0;39m&amp#27;[36mc.t.p.PaymentSagaDbIntegrationTest      &amp#27;[0;39m &amp#27;[2m:&amp#27;[0;39m Starting PaymentSagaDbIntegrationTest using Java 24.0.2 with PID 26824 (started by bendrawer in /Users/bendrawer/transferer)
&amp#27;[2m2025-08-17T16:47:01.603+01:00&amp#27;[0;39m &amp#27;[32mDEBUG&amp#27;[0;39m &amp#27;[35m26824&amp#27;[0;39m &amp#27;[2m---&amp#27;[0;39m &amp#27;[2m[transferer] [           main]&amp#27;[0;39m &amp#27;[2m&amp#27;[0;39m&amp#27;[36mc.t.p.PaymentSagaDbIntegrationTest      &amp#27;[0;39m &amp#27;[2m:&amp#27;[0;39m Running with Spring Boot v3.2.0, Spring v6.1.1
&amp#27;[2m2025-08-17T16:47:01.603+01:00&amp#27;[0;39m &amp#27;[32m INFO&amp#27;[0;39m &amp#27;[35m26824&amp#27;[0;39m &amp#27;[2m---&amp#27;[0;39m &amp#27;[2m[transferer] [           main]&amp#27;[0;39m &amp#27;[2m&amp#27;[0;39m&amp#27;[36mc.t.p.PaymentSagaDbIntegrationTest      &amp#27;[0;39m &amp#27;[2m:&amp#27;[0;39m The following 1 profile is active: "test"
&amp#27;[2m2025-08-17T16:47:01.739+01:00&amp#27;[0;39m &amp#27;[32m INFO&amp#27;[0;39m &amp#27;[35m26824&amp#27;[0;39m &amp#27;[2m---&amp#27;[0;39m &amp#27;[2m[transferer] [           main]&amp#27;[0;39m &amp#27;[2m&amp#27;[0;39m&amp#27;[36m.s.d.r.c.RepositoryConfigurationDelegate&amp#27;[0;39m &amp#27;[2m:&amp#27;[0;39m Bootstrapping Spring Data R2DBC repositories in DEFAULT mode.
&amp#27;[2m2025-08-17T16:47:01.796+01:00&amp#27;[0;39m &amp#27;[32m INFO&amp#27;[0;39m &amp#27;[35m26824&amp#27;[0;39m &amp#27;[2m---&amp#27;[0;39m &amp#27;[2m[transferer] [           main]&amp#27;[0;39m &amp#27;[2m&amp#27;[0;39m&amp#27;[36m.s.d.r.c.RepositoryConfigurationDelegate&amp#27;[0;39m &amp#27;[2m:&amp#27;[0;39m Finished Spring Data repository scanning in 55 ms. Found 4 R2DBC repository interfaces.
&amp#27;[2m2025-08-17T16:47:02.031+01:00&amp#27;[0;39m &amp#27;[32mDEBUG&amp#27;[0;39m &amp#27;[35m26824&amp#27;[0;39m &amp#27;[2m---&amp#27;[0;39m &amp#27;[2m[transferer] [           main]&amp#27;[0;39m &amp#27;[2m&amp#27;[0;39m&amp#27;[36mc.t.shared.outbox.OutboxEventBus        &amp#27;[0;39m &amp#27;[2m:&amp#27;[0;39m Subscribed handler to event class: PaymentStepAdvancedEvent
&amp#27;[2m2025-08-17T16:47:02.032+01:00&amp#27;[0;39m &amp#27;[32mDEBUG&amp#27;[0;39m &amp#27;[35m26824&amp#27;[0;39m &amp#27;[2m---&amp#27;[0;39m &amp#27;[2m[transferer] [           main]&amp#27;[0;39m &amp#27;[2m&amp#27;[0;39m&amp#27;[36mc.t.shared.outbox.OutboxEventBus        &amp#27;[0;39m &amp#27;[2m:&amp#27;[0;39m Subscribed handler to event class: TransactionCreatedEvent
&amp#27;[2m2025-08-17T16:47:02.032+01:00&amp#27;[0;39m &amp#27;[32mDEBUG&amp#27;[0;39m &amp#27;[35m26824&amp#27;[0;39m &amp#27;[2m---&amp#27;[0;39m &amp#27;[2m[transferer] [           main]&amp#27;[0;39m &amp#27;[2m&amp#27;[0;39m&amp#27;[36mc.t.shared.outbox.OutboxEventBus        &amp#27;[0;39m &amp#27;[2m:&amp#27;[0;39m Subscribed handler to event class: AccountDebitedEvent
&amp#27;[2m2025-08-17T16:47:02.032+01:00&amp#27;[0;39m &amp#27;[32mDEBUG&amp#27;[0;39m &amp#27;[35m26824&amp#27;[0;39m &amp#27;[2m---&amp#27;[0;39m &amp#27;[2m[transferer] [           main]&amp#27;[0;39m &amp#27;[2m&amp#27;[0;39m&amp#27;[36mc.t.shared.outbox.OutboxEventBus        &amp#27;[0;39m &amp#27;[2m:&amp#27;[0;39m Subscribed handler to event class: AccountCreditedEvent
&amp#27;[2m2025-08-17T16:47:02.032+01:00&amp#27;[0;39m &amp#27;[32mDEBUG&amp#27;[0;39m &amp#27;[35m26824&amp#27;[0;39m &amp#27;[2m---&amp#27;[0;39m &amp#27;[2m[transferer] [           main]&amp#27;[0;39m &amp#27;[2m&amp#27;[0;39m&amp#27;[36mc.t.shared.outbox.OutboxEventBus        &amp#27;[0;39m &amp#27;[2m:&amp#27;[0;39m Subscribed handler to event class: TransactionCompletedEvent
&amp#27;[2m2025-08-17T16:47:02.032+01:00&amp#27;[0;39m &amp#27;[32mDEBUG&amp#27;[0;39m &amp#27;[35m26824&amp#27;[0;39m &amp#27;[2m---&amp#27;[0;39m &amp#27;[2m[transferer] [           main]&amp#27;[0;39m &amp#27;[2m&amp#27;[0;39m&amp#27;[36mc.t.shared.outbox.OutboxEventBus        &amp#27;[0;39m &amp#27;[2m:&amp#27;[0;39m Subscribed handler to event class: PaymentFailedEvent
&amp#27;[2m2025-08-17T16:47:02.137+01:00&amp#27;[0;39m &amp#27;[32mDEBUG&amp#27;[0;39m &amp#27;[35m26824&amp#27;[0;39m &amp#27;[2m---&amp#27;[0;39m &amp#27;[2m[transferer] [       single-1]&amp#27;[0;39m &amp#27;[2m&amp#27;[0;39m&amp#27;[36mio.r2dbc.h2.client.SessionClient        &amp#27;[0;39m &amp#27;[2m:&amp#27;[0;39m Request:  CALL H2VERSION()
&amp#27;[2m2025-08-17T16:47:02.138+01:00&amp#27;[0;39m &amp#27;[32mDEBUG&amp#27;[0;39m &amp#27;[35m26824&amp#27;[0;39m &amp#27;[2m---&amp#27;[0;39m &amp#27;[2m[transferer] [       single-1]&amp#27;[0;39m &amp#27;[2m&amp#27;[0;39m&amp#27;[36mio.r2dbc.h2.client.SessionClient        &amp#27;[0;39m &amp#27;[2m:&amp#27;[0;39m Response: org.h2.result.LocalResult@296d226b columns: 1 rows: 1 pos: -1
&amp#27;[2m2025-08-17T16:47:02.142+01:00&amp#27;[0;39m &amp#27;[32mDEBUG&amp#27;[0;39m &amp#27;[35m26824&amp#27;[0;39m &amp#27;[2m---&amp#27;[0;39m &amp#27;[2m[transferer] [       single-1]&amp#27;[0;39m &amp#27;[2m&amp#27;[0;39m&amp#27;[36mio.r2dbc.h2.client.SessionClient        &amp#27;[0;39m &amp#27;[2m:&amp#27;[0;39m Request:  SELECT 1
&amp#27;[2m2025-08-17T16:47:02.143+01:00&amp#27;[0;39m &amp#27;[32mDEBUG&amp#27;[0;39m &amp#27;[35m26824&amp#27;[0;39m &amp#27;[2m---&amp#27;[0;39m &amp#27;[2m[transferer] [       single-1]&amp#27;[0;39m &amp#27;[2m&amp#27;[0;39m&amp#27;[36mio.r2dbc.h2.client.SessionClient        &amp#27;[0;39m &amp#27;[2m:&amp#27;[0;39m Response: org.h2.result.LocalResult@26b031ea columns: 1 rows: 1 pos: -1
&amp#27;[2m2025-08-17T16:47:02.145+01:00&amp#27;[0;39m &amp#27;[32mDEBUG&amp#27;[0;39m &amp#27;[35m26824&amp#27;[0;39m &amp#27;[2m---&amp#27;[0;39m &amp#27;[2m[transferer] [       single-1]&amp#27;[0;39m &amp#27;[2m&amp#27;[0;39m&amp#27;[36mo.s.r2dbc.connection.init.ScriptUtils   &amp#27;[0;39m &amp#27;[2m:&amp#27;[0;39m Executing SQL script from class path resource [test-schema.sql]
&amp#27;[2m2025-08-17T16:47:02.155+01:00&amp#27;[0;39m &amp#27;[32mDEBUG&amp#27;[0;39m &amp#27;[35m26824&amp#27;[0;39m &amp#27;[2m---&amp#27;[0;39m &amp#27;[2m[transferer] [       single-1]&amp#27;[0;39m &amp#27;[2m&amp#27;[0;39m&amp#27;[36mio.r2dbc.h2.client.SessionClient        &amp#27;[0;39m &amp#27;[2m:&amp#27;[0;39m Request:  CALL H2VERSION()
&amp#27;[2m2025-08-17T16:47:02.156+01:00&amp#27;[0;39m &amp#27;[32mDEBUG&amp#27;[0;39m &amp#27;[35m26824&amp#27;[0;39m &amp#27;[2m---&amp#27;[0;39m &amp#27;[2m[transferer] [       single-1]&amp#27;[0;39m &amp#27;[2m&amp#27;[0;39m&amp#27;[36mio.r2dbc.h2.client.SessionClient        &amp#27;[0;39m &amp#27;[2m:&amp#27;[0;39m Response: org.h2.result.LocalResult@2de9f11b columns: 1 rows: 1 pos: -1
&amp#27;[2m2025-08-17T16:47:02.156+01:00&amp#27;[0;39m &amp#27;[32mDEBUG&amp#27;[0;39m &amp#27;[35m26824&amp#27;[0;39m &amp#27;[2m---&amp#27;[0;39m &amp#27;[2m[transferer] [       single-1]&amp#27;[0;39m &amp#27;[2m&amp#27;[0;39m&amp#27;[36mio.r2dbc.h2.client.SessionClient        &amp#27;[0;39m &amp#27;[2m:&amp#27;[0;39m Request:  CALL H2VERSION()
&amp#27;[2m2025-08-17T16:47:02.156+01:00&amp#27;[0;39m &amp#27;[32mDEBUG&amp#27;[0;39m &amp#27;[35m26824&amp#27;[0;39m &amp#27;[2m---&amp#27;[0;39m &amp#27;[2m[transferer] [       single-1]&amp#27;[0;39m &amp#27;[2m&amp#27;[0;39m&amp#27;[36mio.r2dbc.h2.client.SessionClient        &amp#27;[0;39m &amp#27;[2m:&amp#27;[0;39m Response: org.h2.result.LocalResult@302ba70a columns: 1 rows: 1 pos: -1
&amp#27;[2m2025-08-17T16:47:02.157+01:00&amp#27;[0;39m &amp#27;[32mDEBUG&amp#27;[0;39m &amp#27;[35m26824&amp#27;[0;39m &amp#27;[2m---&amp#27;[0;39m &amp#27;[2m[transferer] [       single-1]&amp#27;[0;39m &amp#27;[2m&amp#27;[0;39m&amp#27;[36mio.r2dbc.h2.client.SessionClient        &amp#27;[0;39m &amp#27;[2m:&amp#27;[0;39m Request:  CALL H2VERSION()
&amp#27;[2m2025-08-17T16:47:02.157+01:00&amp#27;[0;39m &amp#27;[32mDEBUG&amp#27;[0;39m &amp#27;[35m26824&amp#27;[0;39m &amp#27;[2m---&amp#27;[0;39m &amp#27;[2m[transferer] [       single-1]&amp#27;[0;39m &amp#27;[2m&amp#27;[0;39m&amp#27;[36mio.r2dbc.h2.client.SessionClient        &amp#27;[0;39m &amp#27;[2m:&amp#27;[0;39m Response: org.h2.result.LocalResult@6b6d17a4 columns: 1 rows: 1 pos: -1
&amp#27;[2m2025-08-17T16:47:02.157+01:00&amp#27;[0;39m &amp#27;[32mDEBUG&amp#27;[0;39m &amp#27;[35m26824&amp#27;[0;39m &amp#27;[2m---&amp#27;[0;39m &amp#27;[2m[transferer] [       single-1]&amp#27;[0;39m &amp#27;[2m&amp#27;[0;39m&amp#27;[36mio.r2dbc.h2.client.SessionClient        &amp#27;[0;39m &amp#27;[2m:&amp#27;[0;39m Request:  CALL H2VERSION()
&amp#27;[2m2025-08-17T16:47:02.157+01:00&amp#27;[0;39m &amp#27;[32mDEBUG&amp#27;[0;39m &amp#27;[35m26824&amp#27;[0;39m &amp#27;[2m---&amp#27;[0;39m &amp#27;[2m[transferer] [       single-1]&amp#27;[0;39m &amp#27;[2m&amp#27;[0;39m&amp#27;[36mio.r2dbc.h2.client.SessionClient        &amp#27;[0;39m &amp#27;[2m:&amp#27;[0;39m Response: org.h2.result.LocalResult@7caa9a19 columns: 1 rows: 1 pos: -1
&amp#27;[2m2025-08-17T16:47:02.158+01:00&amp#27;[0;39m &amp#27;[32mDEBUG&amp#27;[0;39m &amp#27;[35m26824&amp#27;[0;39m &amp#27;[2m---&amp#27;[0;39m &amp#27;[2m[transferer] [       single-1]&amp#27;[0;39m &amp#27;[2m&amp#27;[0;39m&amp#27;[36mio.r2dbc.h2.client.SessionClient        &amp#27;[0;39m &amp#27;[2m:&amp#27;[0;39m Request:  CALL H2VERSION()
&amp#27;[2m2025-08-17T16:47:02.158+01:00&amp#27;[0;39m &amp#27;[32mDEBUG&amp#27;[0;39m &amp#27;[35m26824&amp#27;[0;39m &amp#27;[2m---&amp#27;[0;39m &amp#27;[2m[transferer] [       single-1]&amp#27;[0;39m &amp#27;[2m&amp#27;[0;39m&amp#27;[36mio.r2dbc.h2.client.SessionClient        &amp#27;[0;39m &amp#27;[2m:&amp#27;[0;39m Response: org.h2.result.LocalResult@1ea9cdbe columns: 1 rows: 1 pos: -1
&amp#27;[2m2025-08-17T16:47:02.158+01:00&amp#27;[0;39m &amp#27;[32mDEBUG&amp#27;[0;39m &amp#27;[35m26824&amp#27;[0;39m &amp#27;[2m---&amp#27;[0;39m &amp#27;[2m[transferer] [       single-1]&amp#27;[0;39m &amp#27;[2m&amp#27;[0;39m&amp#27;[36mio.r2dbc.h2.client.SessionClient        &amp#27;[0;39m &amp#27;[2m:&amp#27;[0;39m Request:  CALL H2VERSION()
&amp#27;[2m2025-08-17T16:47:02.158+01:00&amp#27;[0;39m &amp#27;[32mDEBUG&amp#27;[0;39m &amp#27;[35m26824&amp#27;[0;39m &amp#27;[2m---&amp#27;[0;39m &amp#27;[2m[transferer] [       single-1]&amp#27;[0;39m &amp#27;[2m&amp#27;[0;39m&amp#27;[36mio.r2dbc.h2.client.SessionClient        &amp#27;[0;39m &amp#27;[2m:&amp#27;[0;39m Response: org.h2.result.LocalResult@73d73a96 columns: 1 rows: 1 pos: -1
&amp#27;[2m2025-08-17T16:47:02.159+01:00&amp#27;[0;39m &amp#27;[32mDEBUG&amp#27;[0;39m &amp#27;[35m26824&amp#27;[0;39m &amp#27;[2m---&amp#27;[0;39m &amp#27;[2m[transferer] [       single-1]&amp#27;[0;39m &amp#27;[2m&amp#27;[0;39m&amp#27;[36mio.r2dbc.h2.client.SessionClient        &amp#27;[0;39m &amp#27;[2m:&amp#27;[0;39m Request:  CALL H2VERSION()
&amp#27;[2m2025-08-17T16:47:02.159+01:00&amp#27;[0;39m &amp#27;[32mDEBUG&amp#27;[0;39m &amp#27;[35m26824&amp#27;[0;39m &amp#27;[2m---&amp#27;[0;39m &amp#27;[2m[transferer] [       single-1]&amp#27;[0;39m &amp#27;[2m&amp#27;[0;39m&amp#27;[36mio.r2dbc.h2.client.SessionClient        &amp#27;[0;39m &amp#27;[2m:&amp#27;[0;39m Response: org.h2.result.LocalResult@7004c37f columns: 1 rows: 1 pos: -1
&amp#27;[2m2025-08-17T16:47:02.159+01:00&amp#27;[0;39m &amp#27;[32mDEBUG&amp#27;[0;39m &amp#27;[35m26824&amp#27;[0;39m &amp#27;[2m---&amp#27;[0;39m &amp#27;[2m[transferer] [       single-1]&amp#27;[0;39m &amp#27;[2m&amp#27;[0;39m&amp#27;[36mio.r2dbc.h2.client.SessionClient        &amp#27;[0;39m &amp#27;[2m:&amp#27;[0;39m Request:  CALL H2VERSION()
&amp#27;[2m2025-08-17T16:47:02.159+01:00&amp#27;[0;39m &amp#27;[32mDEBUG&amp#27;[0;39m &amp#27;[35m26824&amp#27;[0;39m &amp#27;[2m---&amp#27;[0;39m &amp#27;[2m[transferer] [       single-1]&amp#27;[0;39m &amp#27;[2m&amp#27;[0;39m&amp#27;[36mio.r2dbc.h2.client.SessionClient        &amp#27;[0;39m &amp#27;[2m:&amp#27;[0;39m Response: org.h2.result.LocalResult@58d6f534 columns: 1 rows: 1 pos: -1
&amp#27;[2m2025-08-17T16:47:02.159+01:00&amp#27;[0;39m &amp#27;[32mDEBUG&amp#27;[0;39m &amp#27;[35m26824&amp#27;[0;39m &amp#27;[2m---&amp#27;[0;39m &amp#27;[2m[transferer] [       single-1]&amp#27;[0;39m &amp#27;[2m&amp#27;[0;39m&amp#27;[36mio.r2dbc.h2.client.SessionClient        &amp#27;[0;39m &amp#27;[2m:&amp#27;[0;39m Request:  CALL H2VERSION()
&amp#27;[2m2025-08-17T16:47:02.159+01:00&amp#27;[0;39m &amp#27;[32mDEBUG&amp#27;[0;39m &amp#27;[35m26824&amp#27;[0;39m &amp#27;[2m---&amp#27;[0;39m &amp#27;[2m[transferer] [       single-1]&amp#27;[0;39m &amp#27;[2m&amp#27;[0;39m&amp#27;[36mio.r2dbc.h2.client.SessionClient        &amp#27;[0;39m &amp#27;[2m:&amp#27;[0;39m Response: org.h2.result.LocalResult@8c207ad columns: 1 rows: 1 pos: -1
&amp#27;[2m2025-08-17T16:47:02.160+01:00&amp#27;[0;39m &amp#27;[32mDEBUG&amp#27;[0;39m &amp#27;[35m26824&amp#27;[0;39m &amp#27;[2m---&amp#27;[0;39m &amp#27;[2m[transferer] [       Thread-3]&amp#27;[0;39m &amp#27;[2m&amp#27;[0;39m&amp#27;[36mio.r2dbc.h2.client.SessionClient        &amp#27;[0;39m &amp#27;[2m:&amp#27;[0;39m Request:  CREATE TABLE IF NOT EXISTS accounts ( id VARCHAR(255) PRIMARY KEY, account_number VARCHAR(20) UNIQUE NOT NULL, holder_name VARCHAR(255) NOT NULL, balance DECIMAL(19,2) NOT NULL DEFAULT 0.00, status VARCHAR(20) NOT NULL DEFAULT 'ACTIVE', created_at TIMESTAMP NOT NULL DEFAULT CURRENT_TIMESTAMP, updated_at TIMESTAMP NOT NULL DEFAULT CURRENT_TIMESTAMP )
&amp#27;[2m2025-08-17T16:47:02.162+01:00&amp#27;[0;39m &amp#27;[32mDEBUG&amp#27;[0;39m &amp#27;[35m26824&amp#27;[0;39m &amp#27;[2m---&amp#27;[0;39m &amp#27;[2m[transferer] [       Thread-3]&amp#27;[0;39m &amp#27;[2m&amp#27;[0;39m&amp#27;[36mo.s.r2dbc.connection.init.ScriptUtils   &amp#27;[0;39m &amp#27;[2m:&amp#27;[0;39m 0 returned as update count for SQL: CREATE TABLE IF NOT EXISTS accounts ( id VARCHAR(255) PRIMARY KEY, account_number VARCHAR(20) UNIQUE NOT NULL, holder_name VARCHAR(255) NOT NULL, balance DECIMAL(19,2) NOT NULL DEFAULT 0.00, status VARCHAR(20) NOT NULL DEFAULT 'ACTIVE', created_at TIMESTAMP NOT NULL DEFAULT CURRENT_TIMESTAMP, updated_at TIMESTAMP NOT NULL DEFAULT CURRENT_TIMESTAMP )
&amp#27;[2m2025-08-17T16:47:02.162+01:00&amp#27;[0;39m &amp#27;[32mDEBUG&amp#27;[0;39m &amp#27;[35m26824&amp#27;[0;39m &amp#27;[2m---&amp#27;[0;39m &amp#27;[2m[transferer] [       Thread-3]&amp#27;[0;39m &amp#27;[2m&amp#27;[0;39m&amp#27;[36mio.r2dbc.h2.client.SessionClient        &amp#27;[0;39m &amp#27;[2m:&amp#27;[0;39m Request:  CREATE INDEX IF NOT EXISTS idx_accounts_account_number ON accounts (account_number)
&amp#27;[2m2025-08-17T16:47:02.163+01:00&amp#27;[0;39m &amp#27;[32mDEBUG&amp#27;[0;39m &amp#27;[35m26824&amp#27;[0;39m &amp#27;[2m---&amp#27;[0;39m &amp#27;[2m[transferer] [       Thread-3]&amp#27;[0;39m &amp#27;[2m&amp#27;[0;39m&amp#27;[36mo.s.r2dbc.connection.init.ScriptUtils   &amp#27;[0;39m &amp#27;[2m:&amp#27;[0;39m 0 returned as update count for SQL: CREATE INDEX IF NOT EXISTS idx_accounts_account_number ON accounts (account_number)
&amp#27;[2m2025-08-17T16:47:02.163+01:00&amp#27;[0;39m &amp#27;[32mDEBUG&amp#27;[0;39m &amp#27;[35m26824&amp#27;[0;39m &amp#27;[2m---&amp#27;[0;39m &amp#27;[2m[transferer] [       Thread-3]&amp#27;[0;39m &amp#27;[2m&amp#27;[0;39m&amp#27;[36mio.r2dbc.h2.client.SessionClient        &amp#27;[0;39m &amp#27;[2m:&amp#27;[0;39m Request:  CREATE INDEX IF NOT EXISTS idx_accounts_status ON accounts (status)
&amp#27;[2m2025-08-17T16:47:02.163+01:00&amp#27;[0;39m &amp#27;[32mDEBUG&amp#27;[0;39m &amp#27;[35m26824&amp#27;[0;39m &amp#27;[2m---&amp#27;[0;39m &amp#27;[2m[transferer] [       Thread-3]&amp#27;[0;39m &amp#27;[2m&amp#27;[0;39m&amp#27;[36mo.s.r2dbc.connection.init.ScriptUtils   &amp#27;[0;39m &amp#27;[2m:&amp#27;[0;39m 0 returned as update count for SQL: CREATE INDEX IF NOT EXISTS idx_accounts_status ON accounts (status)
&amp#27;[2m2025-08-17T16:47:02.163+01:00&amp#27;[0;39m &amp#27;[32mDEBUG&amp#27;[0;39m &amp#27;[35m26824&amp#27;[0;39m &amp#27;[2m---&amp#27;[0;39m &amp#27;[2m[transferer] [       Thread-3]&amp#27;[0;39m &amp#27;[2m&amp#27;[0;39m&amp#27;[36mio.r2dbc.h2.client.SessionClient        &amp#27;[0;39m &amp#27;[2m:&amp#27;[0;39m Request:  CREATE TABLE IF NOT EXISTS transactions ( id VARCHAR(255) PRIMARY KEY, sender_account_id VARCHAR(255) NOT NULL, recipient_account_id VARCHAR(255) NOT NULL, amount DECIMAL(19,2) NOT NULL, status VARCHAR(20) NOT NULL DEFAULT 'PENDING', description TEXT, created_at TIMESTAMP NOT NULL DEFAULT CURRENT_TIMESTAMP, updated_at TIMESTAMP NOT NULL DEFAULT CURRENT_TIMESTAMP, completed_at TIMESTAMP NULL, CONSTRAINT fk_transactions_sender FOREIGN KEY (sender_account_id) REFERENCES accounts(id), CONSTRAINT fk_transactions_recipient FOREIGN KEY (recipient_account_id) REFERENCES accounts(id), CONSTRAINT chk_transactions_amount_positive CHECK (amount > 0), CONSTRAINT chk_transactions_different_accounts CHECK (sender_account_id != recipient_account_id) )
&amp#27;[2m2025-08-17T16:47:02.167+01:00&amp#27;[0;39m &amp#27;[32mDEBUG&amp#27;[0;39m &amp#27;[35m26824&amp#27;[0;39m &amp#27;[2m---&amp#27;[0;39m &amp#27;[2m[transferer] [       Thread-3]&amp#27;[0;39m &amp#27;[2m&amp#27;[0;39m&amp#27;[36mo.s.r2dbc.connection.init.ScriptUtils   &amp#27;[0;39m &amp#27;[2m:&amp#27;[0;39m 0 returned as update count for SQL: CREATE TABLE IF NOT EXISTS transactions ( id VARCHAR(255) PRIMARY KEY, sender_account_id VARCHAR(255) NOT NULL, recipient_account_id VARCHAR(255) NOT NULL, amount DECIMAL(19,2) NOT NULL, status VARCHAR(20) NOT NULL DEFAULT 'PENDING', description TEXT, created_at TIMESTAMP NOT NULL DEFAULT CURRENT_TIMESTAMP, updated_at TIMESTAMP NOT NULL DEFAULT CURRENT_TIMESTAMP, completed_at TIMESTAMP NULL, CONSTRAINT fk_transactions_sender FOREIGN KEY (sender_account_id) REFERENCES accounts(id), CONSTRAINT fk_transactions_recipient FOREIGN KEY (recipient_account_id) REFERENCES accounts(id), CONSTRAINT chk_transactions_amount_positive CHECK (amount > 0), CONSTRAINT chk_transactions_different_accounts CHECK (sender_account_id != recipient_account_id) )
&amp#27;[2m2025-08-17T16:47:02.167+01:00&amp#27;[0;39m &amp#27;[32mDEBUG&amp#27;[0;39m &amp#27;[35m26824&amp#27;[0;39m &amp#27;[2m---&amp#27;[0;39m &amp#27;[2m[transferer] [       Thread-3]&amp#27;[0;39m &amp#27;[2m&amp#27;[0;39m&amp#27;[36mio.r2dbc.h2.client.SessionClient        &amp#27;[0;39m &amp#27;[2m:&amp#27;[0;39m Request:  CREATE INDEX IF NOT EXISTS idx_transactions_sender_account_id ON transactions (sender_account_id)
&amp#27;[2m2025-08-17T16:47:02.167+01:00&amp#27;[0;39m &amp#27;[32mDEBUG&amp#27;[0;39m &amp#27;[35m26824&amp#27;[0;39m &amp#27;[2m---&amp#27;[0;39m &amp#27;[2m[transferer] [       Thread-3]&amp#27;[0;39m &amp#27;[2m&amp#27;[0;39m&amp#27;[36mo.s.r2dbc.connection.init.ScriptUtils   &amp#27;[0;39m &amp#27;[2m:&amp#27;[0;39m 0 returned as update count for SQL: CREATE INDEX IF NOT EXISTS idx_transactions_sender_account_id ON transactions (sender_account_id)
&amp#27;[2m2025-08-17T16:47:02.167+01:00&amp#27;[0;39m &amp#27;[32mDEBUG&amp#27;[0;39m &amp#27;[35m26824&amp#27;[0;39m &amp#27;[2m---&amp#27;[0;39m &amp#27;[2m[transferer] [       Thread-3]&amp#27;[0;39m &amp#27;[2m&amp#27;[0;39m&amp#27;[36mio.r2dbc.h2.client.SessionClient        &amp#27;[0;39m &amp#27;[2m:&amp#27;[0;39m Request:  CREATE INDEX IF NOT EXISTS idx_transactions_recipient_account_id ON transactions (recipient_account_id)
&amp#27;[2m2025-08-17T16:47:02.167+01:00&amp#27;[0;39m &amp#27;[32mDEBUG&amp#27;[0;39m &amp#27;[35m26824&amp#27;[0;39m &amp#27;[2m---&amp#27;[0;39m &amp#27;[2m[transferer] [       Thread-3]&amp#27;[0;39m &amp#27;[2m&amp#27;[0;39m&amp#27;[36mo.s.r2dbc.connection.init.ScriptUtils   &amp#27;[0;39m &amp#27;[2m:&amp#27;[0;39m 0 returned as update count for SQL: CREATE INDEX IF NOT EXISTS idx_transactions_recipient_account_id ON transactions (recipient_account_id)
&amp#27;[2m2025-08-17T16:47:02.167+01:00&amp#27;[0;39m &amp#27;[32mDEBUG&amp#27;[0;39m &amp#27;[35m26824&amp#27;[0;39m &amp#27;[2m---&amp#27;[0;39m &amp#27;[2m[transferer] [       Thread-3]&amp#27;[0;39m &amp#27;[2m&amp#27;[0;39m&amp#27;[36mio.r2dbc.h2.client.SessionClient        &amp#27;[0;39m &amp#27;[2m:&amp#27;[0;39m Request:  CREATE INDEX IF NOT EXISTS idx_transactions_status ON transactions (status)
&amp#27;[2m2025-08-17T16:47:02.168+01:00&amp#27;[0;39m &amp#27;[32mDEBUG&amp#27;[0;39m &amp#27;[35m26824&amp#27;[0;39m &amp#27;[2m---&amp#27;[0;39m &amp#27;[2m[transferer] [       Thread-3]&amp#27;[0;39m &amp#27;[2m&amp#27;[0;39m&amp#27;[36mo.s.r2dbc.connection.init.ScriptUtils   &amp#27;[0;39m &amp#27;[2m:&amp#27;[0;39m 0 returned as update count for SQL: CREATE INDEX IF NOT EXISTS idx_transactions_status ON transactions (status)
&amp#27;[2m2025-08-17T16:47:02.168+01:00&amp#27;[0;39m &amp#27;[32mDEBUG&amp#27;[0;39m &amp#27;[35m26824&amp#27;[0;39m &amp#27;[2m---&amp#27;[0;39m &amp#27;[2m[transferer] [       Thread-3]&amp#27;[0;39m &amp#27;[2m&amp#27;[0;39m&amp#27;[36mio.r2dbc.h2.client.SessionClient        &amp#27;[0;39m &amp#27;[2m:&amp#27;[0;39m Request:  CREATE INDEX IF NOT EXISTS idx_transactions_created_at ON transactions (created_at)
&amp#27;[2m2025-08-17T16:47:02.168+01:00&amp#27;[0;39m &amp#27;[32mDEBUG&amp#27;[0;39m &amp#27;[35m26824&amp#27;[0;39m &amp#27;[2m---&amp#27;[0;39m &amp#27;[2m[transferer] [       Thread-3]&amp#27;[0;39m &amp#27;[2m&amp#27;[0;39m&amp#27;[36mo.s.r2dbc.connection.init.ScriptUtils   &amp#27;[0;39m &amp#27;[2m:&amp#27;[0;39m 0 returned as update count for SQL: CREATE INDEX IF NOT EXISTS idx_transactions_created_at ON transactions (created_at)
&amp#27;[2m2025-08-17T16:47:02.168+01:00&amp#27;[0;39m &amp#27;[32mDEBUG&amp#27;[0;39m &amp#27;[35m26824&amp#27;[0;39m &amp#27;[2m---&amp#27;[0;39m &amp#27;[2m[transferer] [       Thread-3]&amp#27;[0;39m &amp#27;[2m&amp#27;[0;39m&amp#27;[36mio.r2dbc.h2.client.SessionClient        &amp#27;[0;39m &amp#27;[2m:&amp#27;[0;39m Request:  CREATE TABLE IF NOT EXISTS payments ( id VARCHAR(255) PRIMARY KEY, transaction_id VARCHAR(255), sender_account_id VARCHAR(255) NOT NULL, recipient_account_id VARCHAR(255) NOT NULL, amount DECIMAL(19,2) NOT NULL, description TEXT, status VARCHAR(20) NOT NULL DEFAULT 'PENDING', current_step VARCHAR(50) NOT NULL DEFAULT 'INITIATED', failure_reason TEXT, created_at TIMESTAMP NOT NULL DEFAULT CURRENT_TIMESTAMP, updated_at TIMESTAMP NOT NULL DEFAULT CURRENT_TIMESTAMP, completed_at TIMESTAMP NULL, CONSTRAINT fk_payments_transaction FOREIGN KEY (transaction_id) REFERENCES transactions(id), CONSTRAINT fk_payments_sender FOREIGN KEY (sender_account_id) REFERENCES accounts(id), CONSTRAINT fk_payments_recipient FOREIGN KEY (recipient_account_id) REFERENCES accounts(id), CONSTRAINT chk_payments_amount_positive CHECK (amount > 0), CONSTRAINT chk_payments_different_accounts CHECK (sender_account_id != recipient_account_id) )
&amp#27;[2m2025-08-17T16:47:02.171+01:00&amp#27;[0;39m &amp#27;[32mDEBUG&amp#27;[0;39m &amp#27;[35m26824&amp#27;[0;39m &amp#27;[2m---&amp#27;[0;39m &amp#27;[2m[transferer] [       Thread-3]&amp#27;[0;39m &amp#27;[2m&amp#27;[0;39m&amp#27;[36mo.s.r2dbc.connection.init.ScriptUtils   &amp#27;[0;39m &amp#27;[2m:&amp#27;[0;39m 0 returned as update count for SQL: CREATE TABLE IF NOT EXISTS payments ( id VARCHAR(255) PRIMARY KEY, transaction_id VARCHAR(255), sender_account_id VARCHAR(255) NOT NULL, recipient_account_id VARCHAR(255) NOT NULL, amount DECIMAL(19,2) NOT NULL, description TEXT, status VARCHAR(20) NOT NULL DEFAULT 'PENDING', current_step VARCHAR(50) NOT NULL DEFAULT 'INITIATED', failure_reason TEXT, created_at TIMESTAMP NOT NULL DEFAULT CURRENT_TIMESTAMP, updated_at TIMESTAMP NOT NULL DEFAULT CURRENT_TIMESTAMP, completed_at TIMESTAMP NULL, CONSTRAINT fk_payments_transaction FOREIGN KEY (transaction_id) REFERENCES transactions(id), CONSTRAINT fk_payments_sender FOREIGN KEY (sender_account_id) REFERENCES accounts(id), CONSTRAINT fk_payments_recipient FOREIGN KEY (recipient_account_id) REFERENCES accounts(id), CONSTRAINT chk_payments_amount_positive CHECK (amount > 0), CONSTRAINT chk_payments_different_accounts CHECK (sender_account_id != recipient_account_id) )
&amp#27;[2m2025-08-17T16:47:02.171+01:00&amp#27;[0;39m &amp#27;[32mDEBUG&amp#27;[0;39m &amp#27;[35m26824&amp#27;[0;39m &amp#27;[2m---&amp#27;[0;39m &amp#27;[2m[transferer] [       Thread-3]&amp#27;[0;39m &amp#27;[2m&amp#27;[0;39m&amp#27;[36mio.r2dbc.h2.client.SessionClient        &amp#27;[0;39m &amp#27;[2m:&amp#27;[0;39m Request:  CREATE INDEX IF NOT EXISTS idx_payments_transaction_id ON payments (transaction_id)
&amp#27;[2m2025-08-17T16:47:02.172+01:00&amp#27;[0;39m &amp#27;[32mDEBUG&amp#27;[0;39m &amp#27;[35m26824&amp#27;[0;39m &amp#27;[2m---&amp#27;[0;39m &amp#27;[2m[transferer] [       Thread-3]&amp#27;[0;39m &amp#27;[2m&amp#27;[0;39m&amp#27;[36mo.s.r2dbc.connection.init.ScriptUtils   &amp#27;[0;39m &amp#27;[2m:&amp#27;[0;39m 0 returned as update count for SQL: CREATE INDEX IF NOT EXISTS idx_payments_transaction_id ON payments (transaction_id)
&amp#27;[2m2025-08-17T16:47:02.172+01:00&amp#27;[0;39m &amp#27;[32mDEBUG&amp#27;[0;39m &amp#27;[35m26824&amp#27;[0;39m &amp#27;[2m---&amp#27;[0;39m &amp#27;[2m[transferer] [       Thread-3]&amp#27;[0;39m &amp#27;[2m&amp#27;[0;39m&amp#27;[36mio.r2dbc.h2.client.SessionClient        &amp#27;[0;39m &amp#27;[2m:&amp#27;[0;39m Request:  CREATE INDEX IF NOT EXISTS idx_payments_sender_account_id ON payments (sender_account_id)
&amp#27;[2m2025-08-17T16:47:02.172+01:00&amp#27;[0;39m &amp#27;[32mDEBUG&amp#27;[0;39m &amp#27;[35m26824&amp#27;[0;39m &amp#27;[2m---&amp#27;[0;39m &amp#27;[2m[transferer] [       Thread-3]&amp#27;[0;39m &amp#27;[2m&amp#27;[0;39m&amp#27;[36mo.s.r2dbc.connection.init.ScriptUtils   &amp#27;[0;39m &amp#27;[2m:&amp#27;[0;39m 0 returned as update count for SQL: CREATE INDEX IF NOT EXISTS idx_payments_sender_account_id ON payments (sender_account_id)
&amp#27;[2m2025-08-17T16:47:02.172+01:00&amp#27;[0;39m &amp#27;[32mDEBUG&amp#27;[0;39m &amp#27;[35m26824&amp#27;[0;39m &amp#27;[2m---&amp#27;[0;39m &amp#27;[2m[transferer] [       Thread-3]&amp#27;[0;39m &amp#27;[2m&amp#27;[0;39m&amp#27;[36mio.r2dbc.h2.client.SessionClient        &amp#27;[0;39m &amp#27;[2m:&amp#27;[0;39m Request:  CREATE INDEX IF NOT EXISTS idx_payments_recipient_account_id ON payments (recipient_account_id)
&amp#27;[2m2025-08-17T16:47:02.172+01:00&amp#27;[0;39m &amp#27;[32mDEBUG&amp#27;[0;39m &amp#27;[35m26824&amp#27;[0;39m &amp#27;[2m---&amp#27;[0;39m &amp#27;[2m[transferer] [       Thread-3]&amp#27;[0;39m &amp#27;[2m&amp#27;[0;39m&amp#27;[36mo.s.r2dbc.connection.init.ScriptUtils   &amp#27;[0;39m &amp#27;[2m:&amp#27;[0;39m 0 returned as update count for SQL: CREATE INDEX IF NOT EXISTS idx_payments_recipient_account_id ON payments (recipient_account_id)
&amp#27;[2m2025-08-17T16:47:02.172+01:00&amp#27;[0;39m &amp#27;[32mDEBUG&amp#27;[0;39m &amp#27;[35m26824&amp#27;[0;39m &amp#27;[2m---&amp#27;[0;39m &amp#27;[2m[transferer] [       Thread-3]&amp#27;[0;39m &amp#27;[2m&amp#27;[0;39m&amp#27;[36mio.r2dbc.h2.client.SessionClient        &amp#27;[0;39m &amp#27;[2m:&amp#27;[0;39m Request:  CREATE INDEX IF NOT EXISTS idx_payments_status ON payments (status)
&amp#27;[2m2025-08-17T16:47:02.172+01:00&amp#27;[0;39m &amp#27;[32mDEBUG&amp#27;[0;39m &amp#27;[35m26824&amp#27;[0;39m &amp#27;[2m---&amp#27;[0;39m &amp#27;[2m[transferer] [       Thread-3]&amp#27;[0;39m &amp#27;[2m&amp#27;[0;39m&amp#27;[36mo.s.r2dbc.connection.init.ScriptUtils   &amp#27;[0;39m &amp#27;[2m:&amp#27;[0;39m 0 returned as update count for SQL: CREATE INDEX IF NOT EXISTS idx_payments_status ON payments (status)
&amp#27;[2m2025-08-17T16:47:02.172+01:00&amp#27;[0;39m &amp#27;[32mDEBUG&amp#27;[0;39m &amp#27;[35m26824&amp#27;[0;39m &amp#27;[2m---&amp#27;[0;39m &amp#27;[2m[transferer] [       Thread-3]&amp#27;[0;39m &amp#27;[2m&amp#27;[0;39m&amp#27;[36mio.r2dbc.h2.client.SessionClient        &amp#27;[0;39m &amp#27;[2m:&amp#27;[0;39m Request:  CREATE INDEX IF NOT EXISTS idx_payments_current_step ON payments (current_step)
&amp#27;[2m2025-08-17T16:47:02.173+01:00&amp#27;[0;39m &amp#27;[32mDEBUG&amp#27;[0;39m &amp#27;[35m26824&amp#27;[0;39m &amp#27;[2m---&amp#27;[0;39m &amp#27;[2m[transferer] [       Thread-3]&amp#27;[0;39m &amp#27;[2m&amp#27;[0;39m&amp#27;[36mo.s.r2dbc.connection.init.ScriptUtils   &amp#27;[0;39m &amp#27;[2m:&amp#27;[0;39m 0 returned as update count for SQL: CREATE INDEX IF NOT EXISTS idx_payments_current_step ON payments (current_step)
&amp#27;[2m2025-08-17T16:47:02.173+01:00&amp#27;[0;39m &amp#27;[32mDEBUG&amp#27;[0;39m &amp#27;[35m26824&amp#27;[0;39m &amp#27;[2m---&amp#27;[0;39m &amp#27;[2m[transferer] [       Thread-3]&amp#27;[0;39m &amp#27;[2m&amp#27;[0;39m&amp#27;[36mio.r2dbc.h2.client.SessionClient        &amp#27;[0;39m &amp#27;[2m:&amp#27;[0;39m Request:  CREATE INDEX IF NOT EXISTS idx_payments_created_at ON payments (created_at)
&amp#27;[2m2025-08-17T16:47:02.173+01:00&amp#27;[0;39m &amp#27;[32mDEBUG&amp#27;[0;39m &amp#27;[35m26824&amp#27;[0;39m &amp#27;[2m---&amp#27;[0;39m &amp#27;[2m[transferer] [       Thread-3]&amp#27;[0;39m &amp#27;[2m&amp#27;[0;39m&amp#27;[36mo.s.r2dbc.connection.init.ScriptUtils   &amp#27;[0;39m &amp#27;[2m:&amp#27;[0;39m 0 returned as update count for SQL: CREATE INDEX IF NOT EXISTS idx_payments_created_at ON payments (created_at)
&amp#27;[2m2025-08-17T16:47:02.173+01:00&amp#27;[0;39m &amp#27;[32mDEBUG&amp#27;[0;39m &amp#27;[35m26824&amp#27;[0;39m &amp#27;[2m---&amp#27;[0;39m &amp#27;[2m[transferer] [       Thread-3]&amp#27;[0;39m &amp#27;[2m&amp#27;[0;39m&amp#27;[36mio.r2dbc.h2.client.SessionClient        &amp#27;[0;39m &amp#27;[2m:&amp#27;[0;39m Request:  CREATE TABLE IF NOT EXISTS outbox_events ( id BIGINT AUTO_INCREMENT PRIMARY KEY, event_id VARCHAR(255) UNIQUE NOT NULL, event_type VARCHAR(255) NOT NULL, aggregate_id VARCHAR(255) NOT NULL, event_data CLOB NOT NULL, occurred_at TIMESTAMP NOT NULL, processed_at TIMESTAMP NULL, created_at TIMESTAMP NOT NULL DEFAULT CURRENT_TIMESTAMP )
&amp#27;[2m2025-08-17T16:47:02.175+01:00&amp#27;[0;39m &amp#27;[32mDEBUG&amp#27;[0;39m &amp#27;[35m26824&amp#27;[0;39m &amp#27;[2m---&amp#27;[0;39m &amp#27;[2m[transferer] [       Thread-3]&amp#27;[0;39m &amp#27;[2m&amp#27;[0;39m&amp#27;[36mo.s.r2dbc.connection.init.ScriptUtils   &amp#27;[0;39m &amp#27;[2m:&amp#27;[0;39m 0 returned as update count for SQL: CREATE TABLE IF NOT EXISTS outbox_events ( id BIGINT AUTO_INCREMENT PRIMARY KEY, event_id VARCHAR(255) UNIQUE NOT NULL, event_type VARCHAR(255) NOT NULL, aggregate_id VARCHAR(255) NOT NULL, event_data CLOB NOT NULL, occurred_at TIMESTAMP NOT NULL, processed_at TIMESTAMP NULL, created_at TIMESTAMP NOT NULL DEFAULT CURRENT_TIMESTAMP )
&amp#27;[2m2025-08-17T16:47:02.175+01:00&amp#27;[0;39m &amp#27;[32mDEBUG&amp#27;[0;39m &amp#27;[35m26824&amp#27;[0;39m &amp#27;[2m---&amp#27;[0;39m &amp#27;[2m[transferer] [       Thread-3]&amp#27;[0;39m &amp#27;[2m&amp#27;[0;39m&amp#27;[36mio.r2dbc.h2.client.SessionClient        &amp#27;[0;39m &amp#27;[2m:&amp#27;[0;39m Request:  CREATE INDEX IF NOT EXISTS idx_outbox_events_processed_at ON outbox_events (processed_at)
&amp#27;[2m2025-08-17T16:47:02.175+01:00&amp#27;[0;39m &amp#27;[32mDEBUG&amp#27;[0;39m &amp#27;[35m26824&amp#27;[0;39m &amp#27;[2m---&amp#27;[0;39m &amp#27;[2m[transferer] [       Thread-3]&amp#27;[0;39m &amp#27;[2m&amp#27;[0;39m&amp#27;[36mo.s.r2dbc.connection.init.ScriptUtils   &amp#27;[0;39m &amp#27;[2m:&amp#27;[0;39m 0 returned as update count for SQL: CREATE INDEX IF NOT EXISTS idx_outbox_events_processed_at ON outbox_events (processed_at)
&amp#27;[2m2025-08-17T16:47:02.175+01:00&amp#27;[0;39m &amp#27;[32mDEBUG&amp#27;[0;39m &amp#27;[35m26824&amp#27;[0;39m &amp#27;[2m---&amp#27;[0;39m &amp#27;[2m[transferer] [       Thread-3]&amp#27;[0;39m &amp#27;[2m&amp#27;[0;39m&amp#27;[36mio.r2dbc.h2.client.SessionClient        &amp#27;[0;39m &amp#27;[2m:&amp#27;[0;39m Request:  CREATE INDEX IF NOT EXISTS idx_outbox_events_event_type ON outbox_events (event_type)
&amp#27;[2m2025-08-17T16:47:02.176+01:00&amp#27;[0;39m &amp#27;[32mDEBUG&amp#27;[0;39m &amp#27;[35m26824&amp#27;[0;39m &amp#27;[2m---&amp#27;[0;39m &amp#27;[2m[transferer] [       Thread-3]&amp#27;[0;39m &amp#27;[2m&amp#27;[0;39m&amp#27;[36mo.s.r2dbc.connection.init.ScriptUtils   &amp#27;[0;39m &amp#27;[2m:&amp#27;[0;39m 0 returned as update count for SQL: CREATE INDEX IF NOT EXISTS idx_outbox_events_event_type ON outbox_events (event_type)
&amp#27;[2m2025-08-17T16:47:02.176+01:00&amp#27;[0;39m &amp#27;[32mDEBUG&amp#27;[0;39m &amp#27;[35m26824&amp#27;[0;39m &amp#27;[2m---&amp#27;[0;39m &amp#27;[2m[transferer] [       Thread-3]&amp#27;[0;39m &amp#27;[2m&amp#27;[0;39m&amp#27;[36mio.r2dbc.h2.client.SessionClient        &amp#27;[0;39m &amp#27;[2m:&amp#27;[0;39m Request:  CREATE INDEX IF NOT EXISTS idx_outbox_events_occurred_at ON outbox_events (occurred_at)
&amp#27;[2m2025-08-17T16:47:02.176+01:00&amp#27;[0;39m &amp#27;[32mDEBUG&amp#27;[0;39m &amp#27;[35m26824&amp#27;[0;39m &amp#27;[2m---&amp#27;[0;39m &amp#27;[2m[transferer] [       Thread-3]&amp#27;[0;39m &amp#27;[2m&amp#27;[0;39m&amp#27;[36mo.s.r2dbc.connection.init.ScriptUtils   &amp#27;[0;39m &amp#27;[2m:&amp#27;[0;39m 0 returned as update count for SQL: CREATE INDEX IF NOT EXISTS idx_outbox_events_occurred_at ON outbox_events (occurred_at)
&amp#27;[2m2025-08-17T16:47:02.177+01:00&amp#27;[0;39m &amp#27;[32mDEBUG&amp#27;[0;39m &amp#27;[35m26824&amp#27;[0;39m &amp#27;[2m---&amp#27;[0;39m &amp#27;[2m[transferer] [       Thread-3]&amp#27;[0;39m &amp#27;[2m&amp#27;[0;39m&amp#27;[36mo.s.r2dbc.connection.init.ScriptUtils   &amp#27;[0;39m &amp#27;[2m:&amp#27;[0;39m Executed SQL script from class path resource [test-schema.sql] in 31 ms.
&amp#27;[2m2025-08-17T16:47:02.178+01:00&amp#27;[0;39m &amp#27;[32mDEBUG&amp#27;[0;39m &amp#27;[35m26824&amp#27;[0;39m &amp#27;[2m---&amp#27;[0;39m &amp#27;[2m[transferer] [       Thread-3]&amp#27;[0;39m &amp#27;[2m&amp#27;[0;39m&amp#27;[36mio.r2dbc.h2.client.SessionClient        &amp#27;[0;39m &amp#27;[2m:&amp#27;[0;39m Request:  SELECT CURRENT_TIMESTAMP
&amp#27;[2m2025-08-17T16:47:02.178+01:00&amp#27;[0;39m &amp#27;[32mDEBUG&amp#27;[0;39m &amp#27;[35m26824&amp#27;[0;39m &amp#27;[2m---&amp#27;[0;39m &amp#27;[2m[transferer] [       Thread-3]&amp#27;[0;39m &amp#27;[2m&amp#27;[0;39m&amp#27;[36mio.r2dbc.h2.client.SessionClient        &amp#27;[0;39m &amp#27;[2m:&amp#27;[0;39m Response: org.h2.result.LocalResult@1e3fa1d6 columns: 1 rows: 1 pos: -1
&amp#27;[2m2025-08-17T16:47:02.184+01:00&amp#27;[0;39m &amp#27;[32m INFO&amp#27;[0;39m &amp#27;[35m26824&amp#27;[0;39m &amp#27;[2m---&amp#27;[0;39m &amp#27;[2m[transferer] [           main]&amp#27;[0;39m &amp#27;[2m&amp#27;[0;39m&amp#27;[36mc.t.p.PaymentSagaDbIntegrationTest      &amp#27;[0;39m &amp#27;[2m:&amp#27;[0;39m Started PaymentSagaDbIntegrationTest in 0.704 seconds (process running for 1.021)

  .   ____          _            __ _ _
 /\\ / ___'_ __ _ _(_)_ __  __ _ \ \ \ \
( ( )\___ | '_ | '_| | '_ \/ _` | \ \ \ \
 \\/  ___)| |_)| | | | | || (_| |  ) ) ) )
  '  |____| .__|_| |_|_| |_\__, | / / / /
 =========|_|==============|___/=/_/_/_/
&amp#27;[32m :: Spring Boot :: &amp#27;[39m              &amp#27;[2m (v3.2.0)&amp#27;[0;39m

&amp#27;[2m2025-08-17T16:47:02.207+01:00&amp#27;[0;39m &amp#27;[32m INFO&amp#27;[0;39m &amp#27;[35m26824&amp#27;[0;39m &amp#27;[2m---&amp#27;[0;39m &amp#27;[2m[transferer] [           main]&amp#27;[0;39m &amp#27;[2m&amp#27;[0;39m&amp#27;[36mc.t.p.PaymentSagaDbIntegrationTest      &amp#27;[0;39m &amp#27;[2m:&amp#27;[0;39m Starting PaymentSagaDbIntegrationTest using Java 24.0.2 with PID 26824 (started by bendrawer in /Users/bendrawer/transferer)
&amp#27;[2m2025-08-17T16:47:02.207+01:00&amp#27;[0;39m &amp#27;[32mDEBUG&amp#27;[0;39m &amp#27;[35m26824&amp#27;[0;39m &amp#27;[2m---&amp#27;[0;39m &amp#27;[2m[transferer] [           main]&amp#27;[0;39m &amp#27;[2m&amp#27;[0;39m&amp#27;[36mc.t.p.PaymentSagaDbIntegrationTest      &amp#27;[0;39m &amp#27;[2m:&amp#27;[0;39m Running with Spring Boot v3.2.0, Spring v6.1.1
&amp#27;[2m2025-08-17T16:47:02.207+01:00&amp#27;[0;39m &amp#27;[32m INFO&amp#27;[0;39m &amp#27;[35m26824&amp#27;[0;39m &amp#27;[2m---&amp#27;[0;39m &amp#27;[2m[transferer] [           main]&amp#27;[0;39m &amp#27;[2m&amp#27;[0;39m&amp#27;[36mc.t.p.PaymentSagaDbIntegrationTest      &amp#27;[0;39m &amp#27;[2m:&amp#27;[0;39m The following 1 profile is active: "test"
&amp#27;[2m2025-08-17T16:47:02.242+01:00&amp#27;[0;39m &amp#27;[32m INFO&amp#27;[0;39m &amp#27;[35m26824&amp#27;[0;39m &amp#27;[2m---&amp#27;[0;39m &amp#27;[2m[transferer] [           main]&amp#27;[0;39m &amp#27;[2m&amp#27;[0;39m&amp#27;[36m.s.d.r.c.RepositoryConfigurationDelegate&amp#27;[0;39m &amp#27;[2m:&amp#27;[0;39m Bootstrapping Spring Data R2DBC repositories in DEFAULT mode.
&amp#27;[2m2025-08-17T16:47:02.247+01:00&amp#27;[0;39m &amp#27;[32m INFO&amp#27;[0;39m &amp#27;[35m26824&amp#27;[0;39m &amp#27;[2m---&amp#27;[0;39m &amp#27;[2m[transferer] [           main]&amp#27;[0;39m &amp#27;[2m&amp#27;[0;39m&amp#27;[36m.s.d.r.c.RepositoryConfigurationDelegate&amp#27;[0;39m &amp#27;[2m:&amp#27;[0;39m Finished Spring Data repository scanning in 5 ms. Found 4 R2DBC repository interfaces.
&amp#27;[2m2025-08-17T16:47:02.284+01:00&amp#27;[0;39m &amp#27;[32mDEBUG&amp#27;[0;39m &amp#27;[35m26824&amp#27;[0;39m &amp#27;[2m---&amp#27;[0;39m &amp#27;[2m[transferer] [           main]&amp#27;[0;39m &amp#27;[2m&amp#27;[0;39m&amp#27;[36mc.t.shared.outbox.OutboxEventBus        &amp#27;[0;39m &amp#27;[2m:&amp#27;[0;39m Subscribed handler to event class: PaymentStepAdvancedEvent
&amp#27;[2m2025-08-17T16:47:02.284+01:00&amp#27;[0;39m &amp#27;[32mDEBUG&amp#27;[0;39m &amp#27;[35m26824&amp#27;[0;39m &amp#27;[2m---&amp#27;[0;39m &amp#27;[2m[transferer] [           main]&amp#27;[0;39m &amp#27;[2m&amp#27;[0;39m&amp#27;[36mc.t.shared.outbox.OutboxEventBus        &amp#27;[0;39m &amp#27;[2m:&amp#27;[0;39m Subscribed handler to event class: TransactionCreatedEvent
&amp#27;[2m2025-08-17T16:47:02.285+01:00&amp#27;[0;39m &amp#27;[32mDEBUG&amp#27;[0;39m &amp#27;[35m26824&amp#27;[0;39m &amp#27;[2m---&amp#27;[0;39m &amp#27;[2m[transferer] [           main]&amp#27;[0;39m &amp#27;[2m&amp#27;[0;39m&amp#27;[36mc.t.shared.outbox.OutboxEventBus        &amp#27;[0;39m &amp#27;[2m:&amp#27;[0;39m Subscribed handler to event class: AccountDebitedEvent
&amp#27;[2m2025-08-17T16:47:02.285+01:00&amp#27;[0;39m &amp#27;[32mDEBUG&amp#27;[0;39m &amp#27;[35m26824&amp#27;[0;39m &amp#27;[2m---&amp#27;[0;39m &amp#27;[2m[transferer] [           main]&amp#27;[0;39m &amp#27;[2m&amp#27;[0;39m&amp#27;[36mc.t.shared.outbox.OutboxEventBus        &amp#27;[0;39m &amp#27;[2m:&amp#27;[0;39m Subscribed handler to event class: AccountCreditedEvent
&amp#27;[2m2025-08-17T16:47:02.285+01:00&amp#27;[0;39m &amp#27;[32mDEBUG&amp#27;[0;39m &amp#27;[35m26824&amp#27;[0;39m &amp#27;[2m---&amp#27;[0;39m &amp#27;[2m[transferer] [           main]&amp#27;[0;39m &amp#27;[2m&amp#27;[0;39m&amp#27;[36mc.t.shared.outbox.OutboxEventBus        &amp#27;[0;39m &amp#27;[2m:&amp#27;[0;39m Subscribed handler to event class: TransactionCompletedEvent
&amp#27;[2m2025-08-17T16:47:02.285+01:00&amp#27;[0;39m &amp#27;[32mDEBUG&amp#27;[0;39m &amp#27;[35m26824&amp#27;[0;39m &amp#27;[2m---&amp#27;[0;39m &amp#27;[2m[transferer] [           main]&amp#27;[0;39m &amp#27;[2m&amp#27;[0;39m&amp#27;[36mc.t.shared.outbox.OutboxEventBus        &amp#27;[0;39m &amp#27;[2m:&amp#27;[0;39m Subscribed handler to event class: PaymentFailedEvent
&amp#27;[2m2025-08-17T16:47:02.288+01:00&amp#27;[0;39m &amp#27;[32mDEBUG&amp#27;[0;39m &amp#27;[35m26824&amp#27;[0;39m &amp#27;[2m---&amp#27;[0;39m &amp#27;[2m[transferer] [       single-1]&amp#27;[0;39m &amp#27;[2m&amp#27;[0;39m&amp#27;[36mio.r2dbc.h2.client.SessionClient        &amp#27;[0;39m &amp#27;[2m:&amp#27;[0;39m Request:  CALL H2VERSION()
&amp#27;[2m2025-08-17T16:47:02.288+01:00&amp#27;[0;39m &amp#27;[32mDEBUG&amp#27;[0;39m &amp#27;[35m26824&amp#27;[0;39m &amp#27;[2m---&amp#27;[0;39m &amp#27;[2m[transferer] [       single-1]&amp#27;[0;39m &amp#27;[2m&amp#27;[0;39m&amp#27;[36mio.r2dbc.h2.client.SessionClient        &amp#27;[0;39m &amp#27;[2m:&amp#27;[0;39m Response: org.h2.result.LocalResult@428b9fa9 columns: 1 rows: 1 pos: -1
&amp#27;[2m2025-08-17T16:47:02.288+01:00&amp#27;[0;39m &amp#27;[32mDEBUG&amp#27;[0;39m &amp#27;[35m26824&amp#27;[0;39m &amp#27;[2m---&amp#27;[0;39m &amp#27;[2m[transferer] [       single-1]&amp#27;[0;39m &amp#27;[2m&amp#27;[0;39m&amp#27;[36mio.r2dbc.h2.client.SessionClient        &amp#27;[0;39m &amp#27;[2m:&amp#27;[0;39m Request:  SELECT 1
&amp#27;[2m2025-08-17T16:47:02.288+01:00&amp#27;[0;39m &amp#27;[32mDEBUG&amp#27;[0;39m &amp#27;[35m26824&amp#27;[0;39m &amp#27;[2m---&amp#27;[0;39m &amp#27;[2m[transferer] [       single-1]&amp#27;[0;39m &amp#27;[2m&amp#27;[0;39m&amp#27;[36mio.r2dbc.h2.client.SessionClient        &amp#27;[0;39m &amp#27;[2m:&amp#27;[0;39m Response: org.h2.result.LocalResult@7bd28b55 columns: 1 rows: 1 pos: -1
&amp#27;[2m2025-08-17T16:47:02.288+01:00&amp#27;[0;39m &amp#27;[32mDEBUG&amp#27;[0;39m &amp#27;[35m26824&amp#27;[0;39m &amp#27;[2m---&amp#27;[0;39m &amp#27;[2m[transferer] [       single-1]&amp#27;[0;39m &amp#27;[2m&amp#27;[0;39m&amp#27;[36mo.s.r2dbc.connection.init.ScriptUtils   &amp#27;[0;39m &amp#27;[2m:&amp#27;[0;39m Executing SQL script from class path resource [test-schema.sql]
&amp#27;[2m2025-08-17T16:47:02.289+01:00&amp#27;[0;39m &amp#27;[32mDEBUG&amp#27;[0;39m &amp#27;[35m26824&amp#27;[0;39m &amp#27;[2m---&amp#27;[0;39m &amp#27;[2m[transferer] [       single-1]&amp#27;[0;39m &amp#27;[2m&amp#27;[0;39m&amp#27;[36mio.r2dbc.h2.client.SessionClient        &amp#27;[0;39m &amp#27;[2m:&amp#27;[0;39m Request:  CALL H2VERSION()
&amp#27;[2m2025-08-17T16:47:02.289+01:00&amp#27;[0;39m &amp#27;[32mDEBUG&amp#27;[0;39m &amp#27;[35m26824&amp#27;[0;39m &amp#27;[2m---&amp#27;[0;39m &amp#27;[2m[transferer] [       single-1]&amp#27;[0;39m &amp#27;[2m&amp#27;[0;39m&amp#27;[36mio.r2dbc.h2.client.SessionClient        &amp#27;[0;39m &amp#27;[2m:&amp#27;[0;39m Response: org.h2.result.LocalResult@63b504ed columns: 1 rows: 1 pos: -1
&amp#27;[2m2025-08-17T16:47:02.289+01:00&amp#27;[0;39m &amp#27;[32mDEBUG&amp#27;[0;39m &amp#27;[35m26824&amp#27;[0;39m &amp#27;[2m---&amp#27;[0;39m &amp#27;[2m[transferer] [       single-1]&amp#27;[0;39m &amp#27;[2m&amp#27;[0;39m&amp#27;[36mio.r2dbc.h2.client.SessionClient        &amp#27;[0;39m &amp#27;[2m:&amp#27;[0;39m Request:  CALL H2VERSION()
&amp#27;[2m2025-08-17T16:47:02.289+01:00&amp#27;[0;39m &amp#27;[32mDEBUG&amp#27;[0;39m &amp#27;[35m26824&amp#27;[0;39m &amp#27;[2m---&amp#27;[0;39m &amp#27;[2m[transferer] [       single-1]&amp#27;[0;39m &amp#27;[2m&amp#27;[0;39m&amp#27;[36mio.r2dbc.h2.client.SessionClient        &amp#27;[0;39m &amp#27;[2m:&amp#27;[0;39m Response: org.h2.result.LocalResult@7d5da9e5 columns: 1 rows: 1 pos: -1
&amp#27;[2m2025-08-17T16:47:02.289+01:00&amp#27;[0;39m &amp#27;[32mDEBUG&amp#27;[0;39m &amp#27;[35m26824&amp#27;[0;39m &amp#27;[2m---&amp#27;[0;39m &amp#27;[2m[transferer] [       single-1]&amp#27;[0;39m &amp#27;[2m&amp#27;[0;39m&amp#27;[36mio.r2dbc.h2.client.SessionClient        &amp#27;[0;39m &amp#27;[2m:&amp#27;[0;39m Request:  CALL H2VERSION()
&amp#27;[2m2025-08-17T16:47:02.289+01:00&amp#27;[0;39m &amp#27;[32mDEBUG&amp#27;[0;39m &amp#27;[35m26824&amp#27;[0;39m &amp#27;[2m---&amp#27;[0;39m &amp#27;[2m[transferer] [       Thread-2]&amp#27;[0;39m &amp#27;[2m&amp#27;[0;39m&amp#27;[36mio.r2dbc.h2.client.SessionClient        &amp#27;[0;39m &amp#27;[2m:&amp#27;[0;39m Request:  CREATE TABLE IF NOT EXISTS accounts ( id VARCHAR(255) PRIMARY KEY, account_number VARCHAR(20) UNIQUE NOT NULL, holder_name VARCHAR(255) NOT NULL, balance DECIMAL(19,2) NOT NULL DEFAULT 0.00, status VARCHAR(20) NOT NULL DEFAULT 'ACTIVE', created_at TIMESTAMP NOT NULL DEFAULT CURRENT_TIMESTAMP, updated_at TIMESTAMP NOT NULL DEFAULT CURRENT_TIMESTAMP )
&amp#27;[2m2025-08-17T16:47:02.289+01:00&amp#27;[0;39m &amp#27;[32mDEBUG&amp#27;[0;39m &amp#27;[35m26824&amp#27;[0;39m &amp#27;[2m---&amp#27;[0;39m &amp#27;[2m[transferer] [       single-1]&amp#27;[0;39m &amp#27;[2m&amp#27;[0;39m&amp#27;[36mio.r2dbc.h2.client.SessionClient        &amp#27;[0;39m &amp#27;[2m:&amp#27;[0;39m Response: org.h2.result.LocalResult@7c03aab1 columns: 1 rows: 1 pos: -1
&amp#27;[2m2025-08-17T16:47:02.289+01:00&amp#27;[0;39m &amp#27;[32mDEBUG&amp#27;[0;39m &amp#27;[35m26824&amp#27;[0;39m &amp#27;[2m---&amp#27;[0;39m &amp#27;[2m[transferer] [       Thread-2]&amp#27;[0;39m &amp#27;[2m&amp#27;[0;39m&amp#27;[36mo.s.r2dbc.connection.init.ScriptUtils   &amp#27;[0;39m &amp#27;[2m:&amp#27;[0;39m 0 returned as update count for SQL: CREATE TABLE IF NOT EXISTS accounts ( id VARCHAR(255) PRIMARY KEY, account_number VARCHAR(20) UNIQUE NOT NULL, holder_name VARCHAR(255) NOT NULL, balance DECIMAL(19,2) NOT NULL DEFAULT 0.00, status VARCHAR(20) NOT NULL DEFAULT 'ACTIVE', created_at TIMESTAMP NOT NULL DEFAULT CURRENT_TIMESTAMP, updated_at TIMESTAMP NOT NULL DEFAULT CURRENT_TIMESTAMP )
&amp#27;[2m2025-08-17T16:47:02.290+01:00&amp#27;[0;39m &amp#27;[32mDEBUG&amp#27;[0;39m &amp#27;[35m26824&amp#27;[0;39m &amp#27;[2m---&amp#27;[0;39m &amp#27;[2m[transferer] [       Thread-2]&amp#27;[0;39m &amp#27;[2m&amp#27;[0;39m&amp#27;[36mio.r2dbc.h2.client.SessionClient        &amp#27;[0;39m &amp#27;[2m:&amp#27;[0;39m Request:  CREATE INDEX IF NOT EXISTS idx_accounts_account_number ON accounts (account_number)
&amp#27;[2m2025-08-17T16:47:02.290+01:00&amp#27;[0;39m &amp#27;[32mDEBUG&amp#27;[0;39m &amp#27;[35m26824&amp#27;[0;39m &amp#27;[2m---&amp#27;[0;39m &amp#27;[2m[transferer] [       single-1]&amp#27;[0;39m &amp#27;[2m&amp#27;[0;39m&amp#27;[36mio.r2dbc.h2.client.SessionClient        &amp#27;[0;39m &amp#27;[2m:&amp#27;[0;39m Request:  CALL H2VERSION()
&amp#27;[2m2025-08-17T16:47:02.290+01:00&amp#27;[0;39m &amp#27;[32mDEBUG&amp#27;[0;39m &amp#27;[35m26824&amp#27;[0;39m &amp#27;[2m---&amp#27;[0;39m &amp#27;[2m[transferer] [       Thread-2]&amp#27;[0;39m &amp#27;[2m&amp#27;[0;39m&amp#27;[36mo.s.r2dbc.connection.init.ScriptUtils   &amp#27;[0;39m &amp#27;[2m:&amp#27;[0;39m 0 returned as update count for SQL: CREATE INDEX IF NOT EXISTS idx_accounts_account_number ON accounts (account_number)
&amp#27;[2m2025-08-17T16:47:02.290+01:00&amp#27;[0;39m &amp#27;[32mDEBUG&amp#27;[0;39m &amp#27;[35m26824&amp#27;[0;39m &amp#27;[2m---&amp#27;[0;39m &amp#27;[2m[transferer] [       single-1]&amp#27;[0;39m &amp#27;[2m&amp#27;[0;39m&amp#27;[36mio.r2dbc.h2.client.SessionClient        &amp#27;[0;39m &amp#27;[2m:&amp#27;[0;39m Response: org.h2.result.LocalResult@13e41e47 columns: 1 rows: 1 pos: -1
&amp#27;[2m2025-08-17T16:47:02.290+01:00&amp#27;[0;39m &amp#27;[32mDEBUG&amp#27;[0;39m &amp#27;[35m26824&amp#27;[0;39m &amp#27;[2m---&amp#27;[0;39m &amp#27;[2m[transferer] [       Thread-2]&amp#27;[0;39m &amp#27;[2m&amp#27;[0;39m&amp#27;[36mio.r2dbc.h2.client.SessionClient        &amp#27;[0;39m &amp#27;[2m:&amp#27;[0;39m Request:  CREATE INDEX IF NOT EXISTS idx_accounts_status ON accounts (status)
&amp#27;[2m2025-08-17T16:47:02.290+01:00&amp#27;[0;39m &amp#27;[32mDEBUG&amp#27;[0;39m &amp#27;[35m26824&amp#27;[0;39m &amp#27;[2m---&amp#27;[0;39m &amp#27;[2m[transferer] [       Thread-2]&amp#27;[0;39m &amp#27;[2m&amp#27;[0;39m&amp#27;[36mo.s.r2dbc.connection.init.ScriptUtils   &amp#27;[0;39m &amp#27;[2m:&amp#27;[0;39m 0 returned as update count for SQL: CREATE INDEX IF NOT EXISTS idx_accounts_status ON accounts (status)
&amp#27;[2m2025-08-17T16:47:02.290+01:00&amp#27;[0;39m &amp#27;[32mDEBUG&amp#27;[0;39m &amp#27;[35m26824&amp#27;[0;39m &amp#27;[2m---&amp#27;[0;39m &amp#27;[2m[transferer] [       single-1]&amp#27;[0;39m &amp#27;[2m&amp#27;[0;39m&amp#27;[36mio.r2dbc.h2.client.SessionClient        &amp#27;[0;39m &amp#27;[2m:&amp#27;[0;39m Request:  CALL H2VERSION()
&amp#27;[2m2025-08-17T16:47:02.290+01:00&amp#27;[0;39m &amp#27;[32mDEBUG&amp#27;[0;39m &amp#27;[35m26824&amp#27;[0;39m &amp#27;[2m---&amp#27;[0;39m &amp#27;[2m[transferer] [       Thread-2]&amp#27;[0;39m &amp#27;[2m&amp#27;[0;39m&amp#27;[36mio.r2dbc.h2.client.SessionClient        &amp#27;[0;39m &amp#27;[2m:&amp#27;[0;39m Request:  CREATE TABLE IF NOT EXISTS transactions ( id VARCHAR(255) PRIMARY KEY, sender_account_id VARCHAR(255) NOT NULL, recipient_account_id VARCHAR(255) NOT NULL, amount DECIMAL(19,2) NOT NULL, status VARCHAR(20) NOT NULL DEFAULT 'PENDING', description TEXT, created_at TIMESTAMP NOT NULL DEFAULT CURRENT_TIMESTAMP, updated_at TIMESTAMP NOT NULL DEFAULT CURRENT_TIMESTAMP, completed_at TIMESTAMP NULL, CONSTRAINT fk_transactions_sender FOREIGN KEY (sender_account_id) REFERENCES accounts(id), CONSTRAINT fk_transactions_recipient FOREIGN KEY (recipient_account_id) REFERENCES accounts(id), CONSTRAINT chk_transactions_amount_positive CHECK (amount > 0), CONSTRAINT chk_transactions_different_accounts CHECK (sender_account_id != recipient_account_id) )
&amp#27;[2m2025-08-17T16:47:02.290+01:00&amp#27;[0;39m &amp#27;[32mDEBUG&amp#27;[0;39m &amp#27;[35m26824&amp#27;[0;39m &amp#27;[2m---&amp#27;[0;39m &amp#27;[2m[transferer] [       single-1]&amp#27;[0;39m &amp#27;[2m&amp#27;[0;39m&amp#27;[36mio.r2dbc.h2.client.SessionClient        &amp#27;[0;39m &amp#27;[2m:&amp#27;[0;39m Response: org.h2.result.LocalResult@58bdf2ba columns: 1 rows: 1 pos: -1
&amp#27;[2m2025-08-17T16:47:02.290+01:00&amp#27;[0;39m &amp#27;[32mDEBUG&amp#27;[0;39m &amp#27;[35m26824&amp#27;[0;39m &amp#27;[2m---&amp#27;[0;39m &amp#27;[2m[transferer] [       Thread-2]&amp#27;[0;39m &amp#27;[2m&amp#27;[0;39m&amp#27;[36mo.s.r2dbc.connection.init.ScriptUtils   &amp#27;[0;39m &amp#27;[2m:&amp#27;[0;39m 0 returned as update count for SQL: CREATE TABLE IF NOT EXISTS transactions ( id VARCHAR(255) PRIMARY KEY, sender_account_id VARCHAR(255) NOT NULL, recipient_account_id VARCHAR(255) NOT NULL, amount DECIMAL(19,2) NOT NULL, status VARCHAR(20) NOT NULL DEFAULT 'PENDING', description TEXT, created_at TIMESTAMP NOT NULL DEFAULT CURRENT_TIMESTAMP, updated_at TIMESTAMP NOT NULL DEFAULT CURRENT_TIMESTAMP, completed_at TIMESTAMP NULL, CONSTRAINT fk_transactions_sender FOREIGN KEY (sender_account_id) REFERENCES accounts(id), CONSTRAINT fk_transactions_recipient FOREIGN KEY (recipient_account_id) REFERENCES accounts(id), CONSTRAINT chk_transactions_amount_positive CHECK (amount > 0), CONSTRAINT chk_transactions_different_accounts CHECK (sender_account_id != recipient_account_id) )
&amp#27;[2m2025-08-17T16:47:02.290+01:00&amp#27;[0;39m &amp#27;[32mDEBUG&amp#27;[0;39m &amp#27;[35m26824&amp#27;[0;39m &amp#27;[2m---&amp#27;[0;39m &amp#27;[2m[transferer] [       Thread-2]&amp#27;[0;39m &amp#27;[2m&amp#27;[0;39m&amp#27;[36mio.r2dbc.h2.client.SessionClient        &amp#27;[0;39m &amp#27;[2m:&amp#27;[0;39m Request:  CREATE INDEX IF NOT EXISTS idx_transactions_sender_account_id ON transactions (sender_account_id)
&amp#27;[2m2025-08-17T16:47:02.290+01:00&amp#27;[0;39m &amp#27;[32mDEBUG&amp#27;[0;39m &amp#27;[35m26824&amp#27;[0;39m &amp#27;[2m---&amp#27;[0;39m &amp#27;[2m[transferer] [       single-1]&amp#27;[0;39m &amp#27;[2m&amp#27;[0;39m&amp#27;[36mio.r2dbc.h2.client.SessionClient        &amp#27;[0;39m &amp#27;[2m:&amp#27;[0;39m Request:  CALL H2VERSION()
&amp#27;[2m2025-08-17T16:47:02.290+01:00&amp#27;[0;39m &amp#27;[32mDEBUG&amp#27;[0;39m &amp#27;[35m26824&amp#27;[0;39m &amp#27;[2m---&amp#27;[0;39m &amp#27;[2m[transferer] [       Thread-2]&amp#27;[0;39m &amp#27;[2m&amp#27;[0;39m&amp#27;[36mo.s.r2dbc.connection.init.ScriptUtils   &amp#27;[0;39m &amp#27;[2m:&amp#27;[0;39m 0 returned as update count for SQL: CREATE INDEX IF NOT EXISTS idx_transactions_sender_account_id ON transactions (sender_account_id)
&amp#27;[2m2025-08-17T16:47:02.290+01:00&amp#27;[0;39m &amp#27;[32mDEBUG&amp#27;[0;39m &amp#27;[35m26824&amp#27;[0;39m &amp#27;[2m---&amp#27;[0;39m &amp#27;[2m[transferer] [       single-1]&amp#27;[0;39m &amp#27;[2m&amp#27;[0;39m&amp#27;[36mio.r2dbc.h2.client.SessionClient        &amp#27;[0;39m &amp#27;[2m:&amp#27;[0;39m Response: org.h2.result.LocalResult@48bf6ac9 columns: 1 rows: 1 pos: -1
&amp#27;[2m2025-08-17T16:47:02.290+01:00&amp#27;[0;39m &amp#27;[32mDEBUG&amp#27;[0;39m &amp#27;[35m26824&amp#27;[0;39m &amp#27;[2m---&amp#27;[0;39m &amp#27;[2m[transferer] [       Thread-2]&amp#27;[0;39m &amp#27;[2m&amp#27;[0;39m&amp#27;[36mio.r2dbc.h2.client.SessionClient        &amp#27;[0;39m &amp#27;[2m:&amp#27;[0;39m Request:  CREATE INDEX IF NOT EXISTS idx_transactions_recipient_account_id ON transactions (recipient_account_id)
&amp#27;[2m2025-08-17T16:47:02.291+01:00&amp#27;[0;39m &amp#27;[32mDEBUG&amp#27;[0;39m &amp#27;[35m26824&amp#27;[0;39m &amp#27;[2m---&amp#27;[0;39m &amp#27;[2m[transferer] [       Thread-2]&amp#27;[0;39m &amp#27;[2m&amp#27;[0;39m&amp#27;[36mo.s.r2dbc.connection.init.ScriptUtils   &amp#27;[0;39m &amp#27;[2m:&amp#27;[0;39m 0 returned as update count for SQL: CREATE INDEX IF NOT EXISTS idx_transactions_recipient_account_id ON transactions (recipient_account_id)
&amp#27;[2m2025-08-17T16:47:02.291+01:00&amp#27;[0;39m &amp#27;[32mDEBUG&amp#27;[0;39m &amp#27;[35m26824&amp#27;[0;39m &amp#27;[2m---&amp#27;[0;39m &amp#27;[2m[transferer] [       Thread-2]&amp#27;[0;39m &amp#27;[2m&amp#27;[0;39m&amp#27;[36mio.r2dbc.h2.client.SessionClient        &amp#27;[0;39m &amp#27;[2m:&amp#27;[0;39m Request:  CREATE INDEX IF NOT EXISTS idx_transactions_status ON transactions (status)
&amp#27;[2m2025-08-17T16:47:02.291+01:00&amp#27;[0;39m &amp#27;[32mDEBUG&amp#27;[0;39m &amp#27;[35m26824&amp#27;[0;39m &amp#27;[2m---&amp#27;[0;39m &amp#27;[2m[transferer] [       single-1]&amp#27;[0;39m &amp#27;[2m&amp#27;[0;39m&amp#27;[36mio.r2dbc.h2.client.SessionClient        &amp#27;[0;39m &amp#27;[2m:&amp#27;[0;39m Request:  CALL H2VERSION()
&amp#27;[2m2025-08-17T16:47:02.291+01:00&amp#27;[0;39m &amp#27;[32mDEBUG&amp#27;[0;39m &amp#27;[35m26824&amp#27;[0;39m &amp#27;[2m---&amp#27;[0;39m &amp#27;[2m[transferer] [       Thread-2]&amp#27;[0;39m &amp#27;[2m&amp#27;[0;39m&amp#27;[36mo.s.r2dbc.connection.init.ScriptUtils   &amp#27;[0;39m &amp#27;[2m:&amp#27;[0;39m 0 returned as update count for SQL: CREATE INDEX IF NOT EXISTS idx_transactions_status ON transactions (status)
&amp#27;[2m2025-08-17T16:47:02.291+01:00&amp#27;[0;39m &amp#27;[32mDEBUG&amp#27;[0;39m &amp#27;[35m26824&amp#27;[0;39m &amp#27;[2m---&amp#27;[0;39m &amp#27;[2m[transferer] [       single-1]&amp#27;[0;39m &amp#27;[2m&amp#27;[0;39m&amp#27;[36mio.r2dbc.h2.client.SessionClient        &amp#27;[0;39m &amp#27;[2m:&amp#27;[0;39m Response: org.h2.result.LocalResult@2908174d columns: 1 rows: 1 pos: -1
&amp#27;[2m2025-08-17T16:47:02.291+01:00&amp#27;[0;39m &amp#27;[32mDEBUG&amp#27;[0;39m &amp#27;[35m26824&amp#27;[0;39m &amp#27;[2m---&amp#27;[0;39m &amp#27;[2m[transferer] [       Thread-2]&amp#27;[0;39m &amp#27;[2m&amp#27;[0;39m&amp#27;[36mio.r2dbc.h2.client.SessionClient        &amp#27;[0;39m &amp#27;[2m:&amp#27;[0;39m Request:  CREATE INDEX IF NOT EXISTS idx_transactions_created_at ON transactions (created_at)
&amp#27;[2m2025-08-17T16:47:02.291+01:00&amp#27;[0;39m &amp#27;[32mDEBUG&amp#27;[0;39m &amp#27;[35m26824&amp#27;[0;39m &amp#27;[2m---&amp#27;[0;39m &amp#27;[2m[transferer] [       Thread-2]&amp#27;[0;39m &amp#27;[2m&amp#27;[0;39m&amp#27;[36mo.s.r2dbc.connection.init.ScriptUtils   &amp#27;[0;39m &amp#27;[2m:&amp#27;[0;39m 0 returned as update count for SQL: CREATE INDEX IF NOT EXISTS idx_transactions_created_at ON transactions (created_at)
&amp#27;[2m2025-08-17T16:47:02.291+01:00&amp#27;[0;39m &amp#27;[32mDEBUG&amp#27;[0;39m &amp#27;[35m26824&amp#27;[0;39m &amp#27;[2m---&amp#27;[0;39m &amp#27;[2m[transferer] [       single-1]&amp#27;[0;39m &amp#27;[2m&amp#27;[0;39m&amp#27;[36mio.r2dbc.h2.client.SessionClient        &amp#27;[0;39m &amp#27;[2m:&amp#27;[0;39m Request:  CALL H2VERSION()
&amp#27;[2m2025-08-17T16:47:02.291+01:00&amp#27;[0;39m &amp#27;[32mDEBUG&amp#27;[0;39m &amp#27;[35m26824&amp#27;[0;39m &amp#27;[2m---&amp#27;[0;39m &amp#27;[2m[transferer] [       Thread-2]&amp#27;[0;39m &amp#27;[2m&amp#27;[0;39m&amp#27;[36mio.r2dbc.h2.client.SessionClient        &amp#27;[0;39m &amp#27;[2m:&amp#27;[0;39m Request:  CREATE TABLE IF NOT EXISTS payments ( id VARCHAR(255) PRIMARY KEY, transaction_id VARCHAR(255), sender_account_id VARCHAR(255) NOT NULL, recipient_account_id VARCHAR(255) NOT NULL, amount DECIMAL(19,2) NOT NULL, description TEXT, status VARCHAR(20) NOT NULL DEFAULT 'PENDING', current_step VARCHAR(50) NOT NULL DEFAULT 'INITIATED', failure_reason TEXT, created_at TIMESTAMP NOT NULL DEFAULT CURRENT_TIMESTAMP, updated_at TIMESTAMP NOT NULL DEFAULT CURRENT_TIMESTAMP, completed_at TIMESTAMP NULL, CONSTRAINT fk_payments_transaction FOREIGN KEY (transaction_id) REFERENCES transactions(id), CONSTRAINT fk_payments_sender FOREIGN KEY (sender_account_id) REFERENCES accounts(id), CONSTRAINT fk_payments_recipient FOREIGN KEY (recipient_account_id) REFERENCES accounts(id), CONSTRAINT chk_payments_amount_positive CHECK (amount > 0), CONSTRAINT chk_payments_different_accounts CHECK (sender_account_id != recipient_account_id) )
&amp#27;[2m2025-08-17T16:47:02.291+01:00&amp#27;[0;39m &amp#27;[32mDEBUG&amp#27;[0;39m &amp#27;[35m26824&amp#27;[0;39m &amp#27;[2m---&amp#27;[0;39m &amp#27;[2m[transferer] [       single-1]&amp#27;[0;39m &amp#27;[2m&amp#27;[0;39m&amp#27;[36mio.r2dbc.h2.client.SessionClient        &amp#27;[0;39m &amp#27;[2m:&amp#27;[0;39m Response: org.h2.result.LocalResult@1aad320d columns: 1 rows: 1 pos: -1
&amp#27;[2m2025-08-17T16:47:02.291+01:00&amp#27;[0;39m &amp#27;[32mDEBUG&amp#27;[0;39m &amp#27;[35m26824&amp#27;[0;39m &amp#27;[2m---&amp#27;[0;39m &amp#27;[2m[transferer] [       Thread-2]&amp#27;[0;39m &amp#27;[2m&amp#27;[0;39m&amp#27;[36mo.s.r2dbc.connection.init.ScriptUtils   &amp#27;[0;39m &amp#27;[2m:&amp#27;[0;39m 0 returned as update count for SQL: CREATE TABLE IF NOT EXISTS payments ( id VARCHAR(255) PRIMARY KEY, transaction_id VARCHAR(255), sender_account_id VARCHAR(255) NOT NULL, recipient_account_id VARCHAR(255) NOT NULL, amount DECIMAL(19,2) NOT NULL, description TEXT, status VARCHAR(20) NOT NULL DEFAULT 'PENDING', current_step VARCHAR(50) NOT NULL DEFAULT 'INITIATED', failure_reason TEXT, created_at TIMESTAMP NOT NULL DEFAULT CURRENT_TIMESTAMP, updated_at TIMESTAMP NOT NULL DEFAULT CURRENT_TIMESTAMP, completed_at TIMESTAMP NULL, CONSTRAINT fk_payments_transaction FOREIGN KEY (transaction_id) REFERENCES transactions(id), CONSTRAINT fk_payments_sender FOREIGN KEY (sender_account_id) REFERENCES accounts(id), CONSTRAINT fk_payments_recipient FOREIGN KEY (recipient_account_id) REFERENCES accounts(id), CONSTRAINT chk_payments_amount_positive CHECK (amount > 0), CONSTRAINT chk_payments_different_accounts CHECK (sender_account_id != recipient_account_id) )
&amp#27;[2m2025-08-17T16:47:02.291+01:00&amp#27;[0;39m &amp#27;[32mDEBUG&amp#27;[0;39m &amp#27;[35m26824&amp#27;[0;39m &amp#27;[2m---&amp#27;[0;39m &amp#27;[2m[transferer] [       Thread-2]&amp#27;[0;39m &amp#27;[2m&amp#27;[0;39m&amp#27;[36mio.r2dbc.h2.client.SessionClient        &amp#27;[0;39m &amp#27;[2m:&amp#27;[0;39m Request:  CREATE INDEX IF NOT EXISTS idx_payments_transaction_id ON payments (transaction_id)
&amp#27;[2m2025-08-17T16:47:02.291+01:00&amp#27;[0;39m &amp#27;[32mDEBUG&amp#27;[0;39m &amp#27;[35m26824&amp#27;[0;39m &amp#27;[2m---&amp#27;[0;39m &amp#27;[2m[transferer] [       Thread-2]&amp#27;[0;39m &amp#27;[2m&amp#27;[0;39m&amp#27;[36mo.s.r2dbc.connection.init.ScriptUtils   &amp#27;[0;39m &amp#27;[2m:&amp#27;[0;39m 0 returned as update count for SQL: CREATE INDEX IF NOT EXISTS idx_payments_transaction_id ON payments (transaction_id)
&amp#27;[2m2025-08-17T16:47:02.291+01:00&amp#27;[0;39m &amp#27;[32mDEBUG&amp#27;[0;39m &amp#27;[35m26824&amp#27;[0;39m &amp#27;[2m---&amp#27;[0;39m &amp#27;[2m[transferer] [       Thread-2]&amp#27;[0;39m &amp#27;[2m&amp#27;[0;39m&amp#27;[36mio.r2dbc.h2.client.SessionClient        &amp#27;[0;39m &amp#27;[2m:&amp#27;[0;39m Request:  CREATE INDEX IF NOT EXISTS idx_payments_sender_account_id ON payments (sender_account_id)
&amp#27;[2m2025-08-17T16:47:02.291+01:00&amp#27;[0;39m &amp#27;[32mDEBUG&amp#27;[0;39m &amp#27;[35m26824&amp#27;[0;39m &amp#27;[2m---&amp#27;[0;39m &amp#27;[2m[transferer] [       Thread-2]&amp#27;[0;39m &amp#27;[2m&amp#27;[0;39m&amp#27;[36mo.s.r2dbc.connection.init.ScriptUtils   &amp#27;[0;39m &amp#27;[2m:&amp#27;[0;39m 0 returned as update count for SQL: CREATE INDEX IF NOT EXISTS idx_payments_sender_account_id ON payments (sender_account_id)
&amp#27;[2m2025-08-17T16:47:02.291+01:00&amp#27;[0;39m &amp#27;[32mDEBUG&amp#27;[0;39m &amp#27;[35m26824&amp#27;[0;39m &amp#27;[2m---&amp#27;[0;39m &amp#27;[2m[transferer] [       Thread-2]&amp#27;[0;39m &amp#27;[2m&amp#27;[0;39m&amp#27;[36mio.r2dbc.h2.client.SessionClient        &amp#27;[0;39m &amp#27;[2m:&amp#27;[0;39m Request:  CREATE INDEX IF NOT EXISTS idx_payments_recipient_account_id ON payments (recipient_account_id)
&amp#27;[2m2025-08-17T16:47:02.291+01:00&amp#27;[0;39m &amp#27;[32mDEBUG&amp#27;[0;39m &amp#27;[35m26824&amp#27;[0;39m &amp#27;[2m---&amp#27;[0;39m &amp#27;[2m[transferer] [       Thread-2]&amp#27;[0;39m &amp#27;[2m&amp#27;[0;39m&amp#27;[36mo.s.r2dbc.connection.init.ScriptUtils   &amp#27;[0;39m &amp#27;[2m:&amp#27;[0;39m 0 returned as update count for SQL: CREATE INDEX IF NOT EXISTS idx_payments_recipient_account_id ON payments (recipient_account_id)
&amp#27;[2m2025-08-17T16:47:02.291+01:00&amp#27;[0;39m &amp#27;[32mDEBUG&amp#27;[0;39m &amp#27;[35m26824&amp#27;[0;39m &amp#27;[2m---&amp#27;[0;39m &amp#27;[2m[transferer] [       single-1]&amp#27;[0;39m &amp#27;[2m&amp#27;[0;39m&amp#27;[36mio.r2dbc.h2.client.SessionClient        &amp#27;[0;39m &amp#27;[2m:&amp#27;[0;39m Request:  CALL H2VERSION()
&amp#27;[2m2025-08-17T16:47:02.291+01:00&amp#27;[0;39m &amp#27;[32mDEBUG&amp#27;[0;39m &amp#27;[35m26824&amp#27;[0;39m &amp#27;[2m---&amp#27;[0;39m &amp#27;[2m[transferer] [       Thread-2]&amp#27;[0;39m &amp#27;[2m&amp#27;[0;39m&amp#27;[36mio.r2dbc.h2.client.SessionClient        &amp#27;[0;39m &amp#27;[2m:&amp#27;[0;39m Request:  CREATE INDEX IF NOT EXISTS idx_payments_status ON payments (status)
&amp#27;[2m2025-08-17T16:47:02.292+01:00&amp#27;[0;39m &amp#27;[32mDEBUG&amp#27;[0;39m &amp#27;[35m26824&amp#27;[0;39m &amp#27;[2m---&amp#27;[0;39m &amp#27;[2m[transferer] [       single-1]&amp#27;[0;39m &amp#27;[2m&amp#27;[0;39m&amp#27;[36mio.r2dbc.h2.client.SessionClient        &amp#27;[0;39m &amp#27;[2m:&amp#27;[0;39m Response: org.h2.result.LocalResult@2d323bc0 columns: 1 rows: 1 pos: -1
&amp#27;[2m2025-08-17T16:47:02.292+01:00&amp#27;[0;39m &amp#27;[32mDEBUG&amp#27;[0;39m &amp#27;[35m26824&amp#27;[0;39m &amp#27;[2m---&amp#27;[0;39m &amp#27;[2m[transferer] [       Thread-2]&amp#27;[0;39m &amp#27;[2m&amp#27;[0;39m&amp#27;[36mo.s.r2dbc.connection.init.ScriptUtils   &amp#27;[0;39m &amp#27;[2m:&amp#27;[0;39m 0 returned as update count for SQL: CREATE INDEX IF NOT EXISTS idx_payments_status ON payments (status)
&amp#27;[2m2025-08-17T16:47:02.292+01:00&amp#27;[0;39m &amp#27;[32mDEBUG&amp#27;[0;39m &amp#27;[35m26824&amp#27;[0;39m &amp#27;[2m---&amp#27;[0;39m &amp#27;[2m[transferer] [       Thread-2]&amp#27;[0;39m &amp#27;[2m&amp#27;[0;39m&amp#27;[36mio.r2dbc.h2.client.SessionClient        &amp#27;[0;39m &amp#27;[2m:&amp#27;[0;39m Request:  CREATE INDEX IF NOT EXISTS idx_payments_current_step ON payments (current_step)
&amp#27;[2m2025-08-17T16:47:02.292+01:00&amp#27;[0;39m &amp#27;[32mDEBUG&amp#27;[0;39m &amp#27;[35m26824&amp#27;[0;39m &amp#27;[2m---&amp#27;[0;39m &amp#27;[2m[transferer] [       Thread-2]&amp#27;[0;39m &amp#27;[2m&amp#27;[0;39m&amp#27;[36mo.s.r2dbc.connection.init.ScriptUtils   &amp#27;[0;39m &amp#27;[2m:&amp#27;[0;39m 0 returned as update count for SQL: CREATE INDEX IF NOT EXISTS idx_payments_current_step ON payments (current_step)
&amp#27;[2m2025-08-17T16:47:02.292+01:00&amp#27;[0;39m &amp#27;[32mDEBUG&amp#27;[0;39m &amp#27;[35m26824&amp#27;[0;39m &amp#27;[2m---&amp#27;[0;39m &amp#27;[2m[transferer] [       Thread-2]&amp#27;[0;39m &amp#27;[2m&amp#27;[0;39m&amp#27;[36mio.r2dbc.h2.client.SessionClient        &amp#27;[0;39m &amp#27;[2m:&amp#27;[0;39m Request:  CREATE INDEX IF NOT EXISTS idx_payments_created_at ON payments (created_at)
&amp#27;[2m2025-08-17T16:47:02.292+01:00&amp#27;[0;39m &amp#27;[32mDEBUG&amp#27;[0;39m &amp#27;[35m26824&amp#27;[0;39m &amp#27;[2m---&amp#27;[0;39m &amp#27;[2m[transferer] [       Thread-2]&amp#27;[0;39m &amp#27;[2m&amp#27;[0;39m&amp#27;[36mo.s.r2dbc.connection.init.ScriptUtils   &amp#27;[0;39m &amp#27;[2m:&amp#27;[0;39m 0 returned as update count for SQL: CREATE INDEX IF NOT EXISTS idx_payments_created_at ON payments (created_at)
&amp#27;[2m2025-08-17T16:47:02.292+01:00&amp#27;[0;39m &amp#27;[32mDEBUG&amp#27;[0;39m &amp#27;[35m26824&amp#27;[0;39m &amp#27;[2m---&amp#27;[0;39m &amp#27;[2m[transferer] [       Thread-2]&amp#27;[0;39m &amp#27;[2m&amp#27;[0;39m&amp#27;[36mio.r2dbc.h2.client.SessionClient        &amp#27;[0;39m &amp#27;[2m:&amp#27;[0;39m Request:  CREATE TABLE IF NOT EXISTS outbox_events ( id BIGINT AUTO_INCREMENT PRIMARY KEY, event_id VARCHAR(255) UNIQUE NOT NULL, event_type VARCHAR(255) NOT NULL, aggregate_id VARCHAR(255) NOT NULL, event_data CLOB NOT NULL, occurred_at TIMESTAMP NOT NULL, processed_at TIMESTAMP NULL, created_at TIMESTAMP NOT NULL DEFAULT CURRENT_TIMESTAMP )
&amp#27;[2m2025-08-17T16:47:02.292+01:00&amp#27;[0;39m &amp#27;[32mDEBUG&amp#27;[0;39m &amp#27;[35m26824&amp#27;[0;39m &amp#27;[2m---&amp#27;[0;39m &amp#27;[2m[transferer] [       Thread-2]&amp#27;[0;39m &amp#27;[2m&amp#27;[0;39m&amp#27;[36mo.s.r2dbc.connection.init.ScriptUtils   &amp#27;[0;39m &amp#27;[2m:&amp#27;[0;39m 0 returned as update count for SQL: CREATE TABLE IF NOT EXISTS outbox_events ( id BIGINT AUTO_INCREMENT PRIMARY KEY, event_id VARCHAR(255) UNIQUE NOT NULL, event_type VARCHAR(255) NOT NULL, aggregate_id VARCHAR(255) NOT NULL, event_data CLOB NOT NULL, occurred_at TIMESTAMP NOT NULL, processed_at TIMESTAMP NULL, created_at TIMESTAMP NOT NULL DEFAULT CURRENT_TIMESTAMP )
&amp#27;[2m2025-08-17T16:47:02.292+01:00&amp#27;[0;39m &amp#27;[32mDEBUG&amp#27;[0;39m &amp#27;[35m26824&amp#27;[0;39m &amp#27;[2m---&amp#27;[0;39m &amp#27;[2m[transferer] [       Thread-2]&amp#27;[0;39m &amp#27;[2m&amp#27;[0;39m&amp#27;[36mio.r2dbc.h2.client.SessionClient        &amp#27;[0;39m &amp#27;[2m:&amp#27;[0;39m Request:  CREATE INDEX IF NOT EXISTS idx_outbox_events_processed_at ON outbox_events (processed_at)
&amp#27;[2m2025-08-17T16:47:02.292+01:00&amp#27;[0;39m &amp#27;[32mDEBUG&amp#27;[0;39m &amp#27;[35m26824&amp#27;[0;39m &amp#27;[2m---&amp#27;[0;39m &amp#27;[2m[transferer] [       Thread-2]&amp#27;[0;39m &amp#27;[2m&amp#27;[0;39m&amp#27;[36mo.s.r2dbc.connection.init.ScriptUtils   &amp#27;[0;39m &amp#27;[2m:&amp#27;[0;39m 0 returned as update count for SQL: CREATE INDEX IF NOT EXISTS idx_outbox_events_processed_at ON outbox_events (processed_at)
&amp#27;[2m2025-08-17T16:47:02.292+01:00&amp#27;[0;39m &amp#27;[32mDEBUG&amp#27;[0;39m &amp#27;[35m26824&amp#27;[0;39m &amp#27;[2m---&amp#27;[0;39m &amp#27;[2m[transferer] [       Thread-2]&amp#27;[0;39m &amp#27;[2m&amp#27;[0;39m&amp#27;[36mio.r2dbc.h2.client.SessionClient        &amp#27;[0;39m &amp#27;[2m:&amp#27;[0;39m Request:  CREATE INDEX IF NOT EXISTS idx_outbox_events_event_type ON outbox_events (event_type)
&amp#27;[2m2025-08-17T16:47:02.292+01:00&amp#27;[0;39m &amp#27;[32mDEBUG&amp#27;[0;39m &amp#27;[35m26824&amp#27;[0;39m &amp#27;[2m---&amp#27;[0;39m &amp#27;[2m[transferer] [       Thread-2]&amp#27;[0;39m &amp#27;[2m&amp#27;[0;39m&amp#27;[36mo.s.r2dbc.connection.init.ScriptUtils   &amp#27;[0;39m &amp#27;[2m:&amp#27;[0;39m 0 returned as update count for SQL: CREATE INDEX IF NOT EXISTS idx_outbox_events_event_type ON outbox_events (event_type)
&amp#27;[2m2025-08-17T16:47:02.292+01:00&amp#27;[0;39m &amp#27;[32mDEBUG&amp#27;[0;39m &amp#27;[35m26824&amp#27;[0;39m &amp#27;[2m---&amp#27;[0;39m &amp#27;[2m[transferer] [       Thread-2]&amp#27;[0;39m &amp#27;[2m&amp#27;[0;39m&amp#27;[36mio.r2dbc.h2.client.SessionClient        &amp#27;[0;39m &amp#27;[2m:&amp#27;[0;39m Request:  CREATE INDEX IF NOT EXISTS idx_outbox_events_occurred_at ON outbox_events (occurred_at)
&amp#27;[2m2025-08-17T16:47:02.292+01:00&amp#27;[0;39m &amp#27;[32mDEBUG&amp#27;[0;39m &amp#27;[35m26824&amp#27;[0;39m &amp#27;[2m---&amp#27;[0;39m &amp#27;[2m[transferer] [       Thread-2]&amp#27;[0;39m &amp#27;[2m&amp#27;[0;39m&amp#27;[36mo.s.r2dbc.connection.init.ScriptUtils   &amp#27;[0;39m &amp#27;[2m:&amp#27;[0;39m 0 returned as update count for SQL: CREATE INDEX IF NOT EXISTS idx_outbox_events_occurred_at ON outbox_events (occurred_at)
&amp#27;[2m2025-08-17T16:47:02.292+01:00&amp#27;[0;39m &amp#27;[32mDEBUG&amp#27;[0;39m &amp#27;[35m26824&amp#27;[0;39m &amp#27;[2m---&amp#27;[0;39m &amp#27;[2m[transferer] [       Thread-2]&amp#27;[0;39m &amp#27;[2m&amp#27;[0;39m&amp#27;[36mo.s.r2dbc.connection.init.ScriptUtils   &amp#27;[0;39m &amp#27;[2m:&amp#27;[0;39m Executed SQL script from class path resource [test-schema.sql] in 4 ms.
&amp#27;[2m2025-08-17T16:47:02.293+01:00&amp#27;[0;39m &amp#27;[32mDEBUG&amp#27;[0;39m &amp#27;[35m26824&amp#27;[0;39m &amp#27;[2m---&amp#27;[0;39m &amp#27;[2m[transferer] [       Thread-2]&amp#27;[0;39m &amp#27;[2m&amp#27;[0;39m&amp#27;[36mio.r2dbc.h2.client.SessionClient        &amp#27;[0;39m &amp#27;[2m:&amp#27;[0;39m Request:  SELECT CURRENT_TIMESTAMP
&amp#27;[2m2025-08-17T16:47:02.293+01:00&amp#27;[0;39m &amp#27;[32mDEBUG&amp#27;[0;39m &amp#27;[35m26824&amp#27;[0;39m &amp#27;[2m---&amp#27;[0;39m &amp#27;[2m[transferer] [       Thread-2]&amp#27;[0;39m &amp#27;[2m&amp#27;[0;39m&amp#27;[36mio.r2dbc.h2.client.SessionClient        &amp#27;[0;39m &amp#27;[2m:&amp#27;[0;39m Response: org.h2.result.LocalResult@3deb18c8 columns: 1 rows: 1 pos: -1
&amp#27;[2m2025-08-17T16:47:02.294+01:00&amp#27;[0;39m &amp#27;[32m INFO&amp#27;[0;39m &amp#27;[35m26824&amp#27;[0;39m &amp#27;[2m---&amp#27;[0;39m &amp#27;[2m[transferer] [           main]&amp#27;[0;39m &amp#27;[2m&amp#27;[0;39m&amp#27;[36mc.t.p.PaymentSagaDbIntegrationTest      &amp#27;[0;39m &amp#27;[2m:&amp#27;[0;39m Started PaymentSagaDbIntegrationTest in 0.099 seconds (process running for 1.131)
&amp#27;[2m2025-08-17T16:47:02.575+01:00&amp#27;[0;39m &amp#27;[32mDEBUG&amp#27;[0;39m &amp#27;[35m26824&amp#27;[0;39m &amp#27;[2m---&amp#27;[0;39m &amp#27;[2m[transferer] [           main]&amp#27;[0;39m &amp#27;[2m&amp#27;[0;39m&amp#27;[36mo.s.r.c.R2dbcTransactionManager         &amp#27;[0;39m &amp#27;[2m:&amp#27;[0;39m Creating new transaction with name [com.transferer.account.application.AccountService.openAccount]: PROPAGATION_REQUIRED,ISOLATION_DEFAULT
&amp#27;[2m2025-08-17T16:47:02.576+01:00&amp#27;[0;39m &amp#27;[32mDEBUG&amp#27;[0;39m &amp#27;[35m26824&amp#27;[0;39m &amp#27;[2m---&amp#27;[0;39m &amp#27;[2m[transferer] [           main]&amp#27;[0;39m &amp#27;[2m&amp#27;[0;39m&amp#27;[36mio.r2dbc.h2.client.SessionClient        &amp#27;[0;39m &amp#27;[2m:&amp#27;[0;39m Request:  SELECT 1
&amp#27;[2m2025-08-17T16:47:02.576+01:00&amp#27;[0;39m &amp#27;[32mDEBUG&amp#27;[0;39m &amp#27;[35m26824&amp#27;[0;39m &amp#27;[2m---&amp#27;[0;39m &amp#27;[2m[transferer] [           main]&amp#27;[0;39m &amp#27;[2m&amp#27;[0;39m&amp#27;[36mio.r2dbc.h2.client.SessionClient        &amp#27;[0;39m &amp#27;[2m:&amp#27;[0;39m Response: org.h2.result.LocalResult@7afbf2a0 columns: 1 rows: 1 pos: -1
&amp#27;[2m2025-08-17T16:47:02.577+01:00&amp#27;[0;39m &amp#27;[32mDEBUG&amp#27;[0;39m &amp#27;[35m26824&amp#27;[0;39m &amp#27;[2m---&amp#27;[0;39m &amp#27;[2m[transferer] [           main]&amp#27;[0;39m &amp#27;[2m&amp#27;[0;39m&amp#27;[36mo.s.r.c.R2dbcTransactionManager         &amp#27;[0;39m &amp#27;[2m:&amp#27;[0;39m Acquired Connection [PooledConnection[io.r2dbc.h2.H2Connection@2a6fb62f]] for R2DBC transaction
&amp#27;[2m2025-08-17T16:47:02.577+01:00&amp#27;[0;39m &amp#27;[32mDEBUG&amp#27;[0;39m &amp#27;[35m26824&amp#27;[0;39m &amp#27;[2m---&amp#27;[0;39m &amp#27;[2m[transferer] [           main]&amp#27;[0;39m &amp#27;[2m&amp#27;[0;39m&amp#27;[36mo.s.r.c.R2dbcTransactionManager         &amp#27;[0;39m &amp#27;[2m:&amp#27;[0;39m Starting R2DBC transaction on Connection [PooledConnection[io.r2dbc.h2.H2Connection@2a6fb62f]] using [ExtendedTransactionDefinition [transactionName='com.transferer.account.application.AccountService.openAccount', readOnly=false, isolationLevel=null, lockWaitTimeout=PT0S]]
&amp#27;[2m2025-08-17T16:47:02.578+01:00&amp#27;[0;39m &amp#27;[33m WARN&amp#27;[0;39m &amp#27;[35m26824&amp#27;[0;39m &amp#27;[2m---&amp#27;[0;39m &amp#27;[2m[transferer] [           main]&amp#27;[0;39m &amp#27;[2m&amp#27;[0;39m&amp#27;[36mio.r2dbc.h2.H2Connection                &amp#27;[0;39m &amp#27;[2m:&amp#27;[0;39m Option{name='readOnly', sensitive=false} + isn't supported in H2 at the transaction level. You must set it on conenction URL. See http://www.h2database.com/html/features.html#read_only
&amp#27;[2m2025-08-17T16:47:02.592+01:00&amp#27;[0;39m &amp#27;[32mDEBUG&amp#27;[0;39m &amp#27;[35m26824&amp#27;[0;39m &amp#27;[2m---&amp#27;[0;39m &amp#27;[2m[transferer] [           main]&amp#27;[0;39m &amp#27;[2m&amp#27;[0;39m&amp#27;[36mo.s.r2dbc.core.DefaultDatabaseClient    &amp#27;[0;39m &amp#27;[2m:&amp#27;[0;39m Executing SQL statement [SELECT accounts.ID FROM accounts WHERE accounts.account_number = $1 LIMIT 1]
&amp#27;[2m2025-08-17T16:47:02.594+01:00&amp#27;[0;39m &amp#27;[32mDEBUG&amp#27;[0;39m &amp#27;[35m26824&amp#27;[0;39m &amp#27;[2m---&amp#27;[0;39m &amp#27;[2m[transferer] [           main]&amp#27;[0;39m &amp#27;[2m&amp#27;[0;39m&amp#27;[36mio.r2dbc.h2.client.SessionClient        &amp#27;[0;39m &amp#27;[2m:&amp#27;[0;39m Request:  SELECT accounts.ID FROM accounts WHERE accounts.account_number = $1 LIMIT 1 {1: '0605597379'}
&amp#27;[2m2025-08-17T16:47:02.594+01:00&amp#27;[0;39m &amp#27;[32mDEBUG&amp#27;[0;39m &amp#27;[35m26824&amp#27;[0;39m &amp#27;[2m---&amp#27;[0;39m &amp#27;[2m[transferer] [           main]&amp#27;[0;39m &amp#27;[2m&amp#27;[0;39m&amp#27;[36mio.r2dbc.h2.client.SessionClient        &amp#27;[0;39m &amp#27;[2m:&amp#27;[0;39m Response: org.h2.result.LocalResult@6c27e700 columns: 1 rows: 0 pos: -1
&amp#27;[2m2025-08-17T16:47:02.598+01:00&amp#27;[0;39m &amp#27;[32mDEBUG&amp#27;[0;39m &amp#27;[35m26824&amp#27;[0;39m &amp#27;[2m---&amp#27;[0;39m &amp#27;[2m[transferer] [           main]&amp#27;[0;39m &amp#27;[2m&amp#27;[0;39m&amp#27;[36mo.s.r.c.R2dbcTransactionManager         &amp#27;[0;39m &amp#27;[2m:&amp#27;[0;39m Participating in existing transaction
&amp#27;[2m2025-08-17T16:47:02.603+01:00&amp#27;[0;39m &amp#27;[32mDEBUG&amp#27;[0;39m &amp#27;[35m26824&amp#27;[0;39m &amp#27;[2m---&amp#27;[0;39m &amp#27;[2m[transferer] [           main]&amp#27;[0;39m &amp#27;[2m&amp#27;[0;39m&amp#27;[36mo.s.r2dbc.core.DefaultDatabaseClient    &amp#27;[0;39m &amp#27;[2m:&amp#27;[0;39m Executing SQL statement [INSERT INTO accounts (ID, account_number, holder_name, balance, status, created_at, updated_at) VALUES ($1, $2, $3, $4, $5, $6, $7)]
&amp#27;[2m2025-08-17T16:47:02.604+01:00&amp#27;[0;39m &amp#27;[32mDEBUG&amp#27;[0;39m &amp#27;[35m26824&amp#27;[0;39m &amp#27;[2m---&amp#27;[0;39m &amp#27;[2m[transferer] [           main]&amp#27;[0;39m &amp#27;[2m&amp#27;[0;39m&amp#27;[36mio.r2dbc.h2.client.SessionClient        &amp#27;[0;39m &amp#27;[2m:&amp#27;[0;39m Request:  INSERT INTO accounts (ID, account_number, holder_name, balance, status, created_at, updated_at) VALUES ($1, $2, $3, $4, $5, $6, $7) {1: '999ea9d0-19ea-4d69-8f04-2e0af0b30756', 2: '0605597379', 3: 'John Doe', 4: 1000.00, 5: 'ACTIVE', 6: TIMESTAMP '2025-08-17 16:47:02.595427', 7: TIMESTAMP '2025-08-17 16:47:02.595433'}
&amp#27;[2m2025-08-17T16:47:02.605+01:00&amp#27;[0;39m &amp#27;[32mDEBUG&amp#27;[0;39m &amp#27;[35m26824&amp#27;[0;39m &amp#27;[2m---&amp#27;[0;39m &amp#27;[2m[transferer] [           main]&amp#27;[0;39m &amp#27;[2m&amp#27;[0;39m&amp#27;[36mo.s.r.c.R2dbcTransactionManager         &amp#27;[0;39m &amp#27;[2m:&amp#27;[0;39m Participating in existing transaction
&amp#27;[2m2025-08-17T16:47:02.620+01:00&amp#27;[0;39m &amp#27;[32mDEBUG&amp#27;[0;39m &amp#27;[35m26824&amp#27;[0;39m &amp#27;[2m---&amp#27;[0;39m &amp#27;[2m[transferer] [           main]&amp#27;[0;39m &amp#27;[2m&amp#27;[0;39m&amp#27;[36mo.s.r2dbc.core.DefaultDatabaseClient    &amp#27;[0;39m &amp#27;[2m:&amp#27;[0;39m Executing SQL statement [INSERT INTO outbox_events (event_id, event_type, aggregate_id, event_data, occurred_at, created_at) VALUES ($1, $2, $3, $4, $5, $6)]
&amp#27;[2m2025-08-17T16:47:02.621+01:00&amp#27;[0;39m &amp#27;[32mDEBUG&amp#27;[0;39m &amp#27;[35m26824&amp#27;[0;39m &amp#27;[2m---&amp#27;[0;39m &amp#27;[2m[transferer] [           main]&amp#27;[0;39m &amp#27;[2m&amp#27;[0;39m&amp#27;[36mio.r2dbc.h2.client.SessionClient        &amp#27;[0;39m &amp#27;[2m:&amp#27;[0;39m Request:  INSERT INTO outbox_events (event_id, event_type, aggregate_id, event_data, occurred_at, created_at) VALUES ($1, $2, $3, $4, $5, $6) {1: '6a780baf-4268-437f-b7f2-77950d901793', 2: 'ACCOUNT_OPENED', 3: '999ea9d0-19ea-4d69-8f04-2e0af0b30756', 4: '{"@class":"com.transferer.account.domain.events.body.AccountOpenedEventBody","accountId":{"value":"999ea9d0-19ea-4d69-8f04-2e0af0b30756"},"accountNumber":"0605597379","holderName":"John Doe","initialBalance":1000.00}', 5: TIMESTAMP WITH TIME ZONE '2025-08-17 15:47:02.595767+00', 6: TIMESTAMP WITH TIME ZONE '2025-08-17 15:47:02.619148+00'}
&amp#27;[2m2025-08-17T16:47:02.622+01:00&amp#27;[0;39m &amp#27;[32mDEBUG&amp#27;[0;39m &amp#27;[35m26824&amp#27;[0;39m &amp#27;[2m---&amp#27;[0;39m &amp#27;[2m[transferer] [           main]&amp#27;[0;39m &amp#27;[2m&amp#27;[0;39m&amp#27;[36mo.s.r.c.R2dbcTransactionManager         &amp#27;[0;39m &amp#27;[2m:&amp#27;[0;39m Initiating transaction commit
&amp#27;[2m2025-08-17T16:47:02.623+01:00&amp#27;[0;39m &amp#27;[32mDEBUG&amp#27;[0;39m &amp#27;[35m26824&amp#27;[0;39m &amp#27;[2m---&amp#27;[0;39m &amp#27;[2m[transferer] [           main]&amp#27;[0;39m &amp#27;[2m&amp#27;[0;39m&amp#27;[36mo.s.r.c.R2dbcTransactionManager         &amp#27;[0;39m &amp#27;[2m:&amp#27;[0;39m Committing R2DBC transaction on Connection [PooledConnection[io.r2dbc.h2.H2Connection@2a6fb62f]]
&amp#27;[2m2025-08-17T16:47:02.623+01:00&amp#27;[0;39m &amp#27;[32mDEBUG&amp#27;[0;39m &amp#27;[35m26824&amp#27;[0;39m &amp#27;[2m---&amp#27;[0;39m &amp#27;[2m[transferer] [           main]&amp#27;[0;39m &amp#27;[2m&amp#27;[0;39m&amp#27;[36mio.r2dbc.h2.client.SessionClient        &amp#27;[0;39m &amp#27;[2m:&amp#27;[0;39m Request:  COMMIT
&amp#27;[2m2025-08-17T16:47:02.623+01:00&amp#27;[0;39m &amp#27;[32mDEBUG&amp#27;[0;39m &amp#27;[35m26824&amp#27;[0;39m &amp#27;[2m---&amp#27;[0;39m &amp#27;[2m[transferer] [           main]&amp#27;[0;39m &amp#27;[2m&amp#27;[0;39m&amp#27;[36mo.s.r.c.R2dbcTransactionManager         &amp#27;[0;39m &amp#27;[2m:&amp#27;[0;39m Releasing R2DBC Connection [PooledConnection[io.r2dbc.h2.H2Connection@2a6fb62f]] after transaction
&amp#27;[2m2025-08-17T16:47:02.623+01:00&amp#27;[0;39m &amp#27;[32mDEBUG&amp#27;[0;39m &amp#27;[35m26824&amp#27;[0;39m &amp#27;[2m---&amp#27;[0;39m &amp#27;[2m[transferer] [           main]&amp#27;[0;39m &amp#27;[2m&amp#27;[0;39m&amp#27;[36mio.r2dbc.h2.client.SessionClient        &amp#27;[0;39m &amp#27;[2m:&amp#27;[0;39m Request:  SELECT CURRENT_TIMESTAMP
&amp#27;[2m2025-08-17T16:47:02.624+01:00&amp#27;[0;39m &amp#27;[32mDEBUG&amp#27;[0;39m &amp#27;[35m26824&amp#27;[0;39m &amp#27;[2m---&amp#27;[0;39m &amp#27;[2m[transferer] [           main]&amp#27;[0;39m &amp#27;[2m&amp#27;[0;39m&amp#27;[36mio.r2dbc.h2.client.SessionClient        &amp#27;[0;39m &amp#27;[2m:&amp#27;[0;39m Response: org.h2.result.LocalResult@23469199 columns: 1 rows: 1 pos: -1
&amp#27;[2m2025-08-17T16:47:02.624+01:00&amp#27;[0;39m &amp#27;[32mDEBUG&amp#27;[0;39m &amp#27;[35m26824&amp#27;[0;39m &amp#27;[2m---&amp#27;[0;39m &amp#27;[2m[transferer] [           main]&amp#27;[0;39m &amp#27;[2m&amp#27;[0;39m&amp#27;[36mo.s.r.c.R2dbcTransactionManager         &amp#27;[0;39m &amp#27;[2m:&amp#27;[0;39m Creating new transaction with name [com.transferer.account.application.AccountService.openAccount]: PROPAGATION_REQUIRED,ISOLATION_DEFAULT
&amp#27;[2m2025-08-17T16:47:02.624+01:00&amp#27;[0;39m &amp#27;[32mDEBUG&amp#27;[0;39m &amp#27;[35m26824&amp#27;[0;39m &amp#27;[2m---&amp#27;[0;39m &amp#27;[2m[transferer] [           main]&amp#27;[0;39m &amp#27;[2m&amp#27;[0;39m&amp#27;[36mio.r2dbc.h2.client.SessionClient        &amp#27;[0;39m &amp#27;[2m:&amp#27;[0;39m Request:  SELECT 1
&amp#27;[2m2025-08-17T16:47:02.624+01:00&amp#27;[0;39m &amp#27;[32mDEBUG&amp#27;[0;39m &amp#27;[35m26824&amp#27;[0;39m &amp#27;[2m---&amp#27;[0;39m &amp#27;[2m[transferer] [           main]&amp#27;[0;39m &amp#27;[2m&amp#27;[0;39m&amp#27;[36mio.r2dbc.h2.client.SessionClient        &amp#27;[0;39m &amp#27;[2m:&amp#27;[0;39m Response: org.h2.result.LocalResult@75dc1c1c columns: 1 rows: 1 pos: -1
&amp#27;[2m2025-08-17T16:47:02.624+01:00&amp#27;[0;39m &amp#27;[32mDEBUG&amp#27;[0;39m &amp#27;[35m26824&amp#27;[0;39m &amp#27;[2m---&amp#27;[0;39m &amp#27;[2m[transferer] [           main]&amp#27;[0;39m &amp#27;[2m&amp#27;[0;39m&amp#27;[36mo.s.r.c.R2dbcTransactionManager         &amp#27;[0;39m &amp#27;[2m:&amp#27;[0;39m Acquired Connection [PooledConnection[io.r2dbc.h2.H2Connection@2a6fb62f]] for R2DBC transaction
&amp#27;[2m2025-08-17T16:47:02.624+01:00&amp#27;[0;39m &amp#27;[32mDEBUG&amp#27;[0;39m &amp#27;[35m26824&amp#27;[0;39m &amp#27;[2m---&amp#27;[0;39m &amp#27;[2m[transferer] [           main]&amp#27;[0;39m &amp#27;[2m&amp#27;[0;39m&amp#27;[36mo.s.r.c.R2dbcTransactionManager         &amp#27;[0;39m &amp#27;[2m:&amp#27;[0;39m Starting R2DBC transaction on Connection [PooledConnection[io.r2dbc.h2.H2Connection@2a6fb62f]] using [ExtendedTransactionDefinition [transactionName='com.transferer.account.application.AccountService.openAccount', readOnly=false, isolationLevel=null, lockWaitTimeout=PT0S]]
&amp#27;[2m2025-08-17T16:47:02.624+01:00&amp#27;[0;39m &amp#27;[33m WARN&amp#27;[0;39m &amp#27;[35m26824&amp#27;[0;39m &amp#27;[2m---&amp#27;[0;39m &amp#27;[2m[transferer] [           main]&amp#27;[0;39m &amp#27;[2m&amp#27;[0;39m&amp#27;[36mio.r2dbc.h2.H2Connection                &amp#27;[0;39m &amp#27;[2m:&amp#27;[0;39m Option{name='readOnly', sensitive=false} + isn't supported in H2 at the transaction level. You must set it on conenction URL. See http://www.h2database.com/html/features.html#read_only
&amp#27;[2m2025-08-17T16:47:02.625+01:00&amp#27;[0;39m &amp#27;[32mDEBUG&amp#27;[0;39m &amp#27;[35m26824&amp#27;[0;39m &amp#27;[2m---&amp#27;[0;39m &amp#27;[2m[transferer] [           main]&amp#27;[0;39m &amp#27;[2m&amp#27;[0;39m&amp#27;[36mo.s.r2dbc.core.DefaultDatabaseClient    &amp#27;[0;39m &amp#27;[2m:&amp#27;[0;39m Executing SQL statement [SELECT accounts.ID FROM accounts WHERE accounts.account_number = $1 LIMIT 1]
&amp#27;[2m2025-08-17T16:47:02.625+01:00&amp#27;[0;39m &amp#27;[32mDEBUG&amp#27;[0;39m &amp#27;[35m26824&amp#27;[0;39m &amp#27;[2m---&amp#27;[0;39m &amp#27;[2m[transferer] [           main]&amp#27;[0;39m &amp#27;[2m&amp#27;[0;39m&amp#27;[36mio.r2dbc.h2.client.SessionClient        &amp#27;[0;39m &amp#27;[2m:&amp#27;[0;39m Request:  SELECT accounts.ID FROM accounts WHERE accounts.account_number = $1 LIMIT 1 {1: '0604777362'}
&amp#27;[2m2025-08-17T16:47:02.625+01:00&amp#27;[0;39m &amp#27;[32mDEBUG&amp#27;[0;39m &amp#27;[35m26824&amp#27;[0;39m &amp#27;[2m---&amp#27;[0;39m &amp#27;[2m[transferer] [           main]&amp#27;[0;39m &amp#27;[2m&amp#27;[0;39m&amp#27;[36mio.r2dbc.h2.client.SessionClient        &amp#27;[0;39m &amp#27;[2m:&amp#27;[0;39m Response: org.h2.result.LocalResult@5ba184fc columns: 1 rows: 0 pos: -1
&amp#27;[2m2025-08-17T16:47:02.625+01:00&amp#27;[0;39m &amp#27;[32mDEBUG&amp#27;[0;39m &amp#27;[35m26824&amp#27;[0;39m &amp#27;[2m---&amp#27;[0;39m &amp#27;[2m[transferer] [           main]&amp#27;[0;39m &amp#27;[2m&amp#27;[0;39m&amp#27;[36mo.s.r.c.R2dbcTransactionManager         &amp#27;[0;39m &amp#27;[2m:&amp#27;[0;39m Participating in existing transaction
&amp#27;[2m2025-08-17T16:47:02.625+01:00&amp#27;[0;39m &amp#27;[32mDEBUG&amp#27;[0;39m &amp#27;[35m26824&amp#27;[0;39m &amp#27;[2m---&amp#27;[0;39m &amp#27;[2m[transferer] [           main]&amp#27;[0;39m &amp#27;[2m&amp#27;[0;39m&amp#27;[36mo.s.r2dbc.core.DefaultDatabaseClient    &amp#27;[0;39m &amp#27;[2m:&amp#27;[0;39m Executing SQL statement [INSERT INTO accounts (ID, account_number, holder_name, balance, status, created_at, updated_at) VALUES ($1, $2, $3, $4, $5, $6, $7)]
&amp#27;[2m2025-08-17T16:47:02.625+01:00&amp#27;[0;39m &amp#27;[32mDEBUG&amp#27;[0;39m &amp#27;[35m26824&amp#27;[0;39m &amp#27;[2m---&amp#27;[0;39m &amp#27;[2m[transferer] [           main]&amp#27;[0;39m &amp#27;[2m&amp#27;[0;39m&amp#27;[36mio.r2dbc.h2.client.SessionClient        &amp#27;[0;39m &amp#27;[2m:&amp#27;[0;39m Request:  INSERT INTO accounts (ID, account_number, holder_name, balance, status, created_at, updated_at) VALUES ($1, $2, $3, $4, $5, $6, $7) {1: '0ff742b6-c75d-4819-8612-64de91b34a59', 2: '0604777362', 3: 'Jane Smith', 4: 500.00, 5: 'ACTIVE', 6: TIMESTAMP '2025-08-17 16:47:02.625411', 7: TIMESTAMP '2025-08-17 16:47:02.625415'}
&amp#27;[2m2025-08-17T16:47:02.626+01:00&amp#27;[0;39m &amp#27;[32mDEBUG&amp#27;[0;39m &amp#27;[35m26824&amp#27;[0;39m &amp#27;[2m---&amp#27;[0;39m &amp#27;[2m[transferer] [           main]&amp#27;[0;39m &amp#27;[2m&amp#27;[0;39m&amp#27;[36mo.s.r.c.R2dbcTransactionManager         &amp#27;[0;39m &amp#27;[2m:&amp#27;[0;39m Participating in existing transaction
&amp#27;[2m2025-08-17T16:47:02.626+01:00&amp#27;[0;39m &amp#27;[32mDEBUG&amp#27;[0;39m &amp#27;[35m26824&amp#27;[0;39m &amp#27;[2m---&amp#27;[0;39m &amp#27;[2m[transferer] [           main]&amp#27;[0;39m &amp#27;[2m&amp#27;[0;39m&amp#27;[36mo.s.r2dbc.core.DefaultDatabaseClient    &amp#27;[0;39m &amp#27;[2m:&amp#27;[0;39m Executing SQL statement [INSERT INTO outbox_events (event_id, event_type, aggregate_id, event_data, occurred_at, created_at) VALUES ($1, $2, $3, $4, $5, $6)]
&amp#27;[2m2025-08-17T16:47:02.626+01:00&amp#27;[0;39m &amp#27;[32mDEBUG&amp#27;[0;39m &amp#27;[35m26824&amp#27;[0;39m &amp#27;[2m---&amp#27;[0;39m &amp#27;[2m[transferer] [           main]&amp#27;[0;39m &amp#27;[2m&amp#27;[0;39m&amp#27;[36mio.r2dbc.h2.client.SessionClient        &amp#27;[0;39m &amp#27;[2m:&amp#27;[0;39m Request:  INSERT INTO outbox_events (event_id, event_type, aggregate_id, event_data, occurred_at, created_at) VALUES ($1, $2, $3, $4, $5, $6) {1: '962d174c-289f-4f69-a566-8156ef8eac81', 2: 'ACCOUNT_OPENED', 3: '0ff742b6-c75d-4819-8612-64de91b34a59', 4: '{"@class":"com.transferer.account.domain.events.body.AccountOpenedEventBody","accountId":{"value":"0ff742b6-c75d-4819-8612-64de91b34a59"},"accountNumber":"0604777362","holderName":"Jane Smith","initialBalance":500.00}', 5: TIMESTAMP WITH TIME ZONE '2025-08-17 15:47:02.625435+00', 6: TIMESTAMP WITH TIME ZONE '2025-08-17 15:47:02.626534+00'}
&amp#27;[2m2025-08-17T16:47:02.627+01:00&amp#27;[0;39m &amp#27;[32mDEBUG&amp#27;[0;39m &amp#27;[35m26824&amp#27;[0;39m &amp#27;[2m---&amp#27;[0;39m &amp#27;[2m[transferer] [           main]&amp#27;[0;39m &amp#27;[2m&amp#27;[0;39m&amp#27;[36mo.s.r.c.R2dbcTransactionManager         &amp#27;[0;39m &amp#27;[2m:&amp#27;[0;39m Initiating transaction commit
&amp#27;[2m2025-08-17T16:47:02.627+01:00&amp#27;[0;39m &amp#27;[32mDEBUG&amp#27;[0;39m &amp#27;[35m26824&amp#27;[0;39m &amp#27;[2m---&amp#27;[0;39m &amp#27;[2m[transferer] [           main]&amp#27;[0;39m &amp#27;[2m&amp#27;[0;39m&amp#27;[36mo.s.r.c.R2dbcTransactionManager         &amp#27;[0;39m &amp#27;[2m:&amp#27;[0;39m Committing R2DBC transaction on Connection [PooledConnection[io.r2dbc.h2.H2Connection@2a6fb62f]]
&amp#27;[2m2025-08-17T16:47:02.627+01:00&amp#27;[0;39m &amp#27;[32mDEBUG&amp#27;[0;39m &amp#27;[35m26824&amp#27;[0;39m &amp#27;[2m---&amp#27;[0;39m &amp#27;[2m[transferer] [           main]&amp#27;[0;39m &amp#27;[2m&amp#27;[0;39m&amp#27;[36mio.r2dbc.h2.client.SessionClient        &amp#27;[0;39m &amp#27;[2m:&amp#27;[0;39m Request:  COMMIT
&amp#27;[2m2025-08-17T16:47:02.627+01:00&amp#27;[0;39m &amp#27;[32mDEBUG&amp#27;[0;39m &amp#27;[35m26824&amp#27;[0;39m &amp#27;[2m---&amp#27;[0;39m &amp#27;[2m[transferer] [           main]&amp#27;[0;39m &amp#27;[2m&amp#27;[0;39m&amp#27;[36mo.s.r.c.R2dbcTransactionManager         &amp#27;[0;39m &amp#27;[2m:&amp#27;[0;39m Releasing R2DBC Connection [PooledConnection[io.r2dbc.h2.H2Connection@2a6fb62f]] after transaction
&amp#27;[2m2025-08-17T16:47:02.627+01:00&amp#27;[0;39m &amp#27;[32mDEBUG&amp#27;[0;39m &amp#27;[35m26824&amp#27;[0;39m &amp#27;[2m---&amp#27;[0;39m &amp#27;[2m[transferer] [           main]&amp#27;[0;39m &amp#27;[2m&amp#27;[0;39m&amp#27;[36mio.r2dbc.h2.client.SessionClient        &amp#27;[0;39m &amp#27;[2m:&amp#27;[0;39m Request:  SELECT CURRENT_TIMESTAMP
&amp#27;[2m2025-08-17T16:47:02.627+01:00&amp#27;[0;39m &amp#27;[32mDEBUG&amp#27;[0;39m &amp#27;[35m26824&amp#27;[0;39m &amp#27;[2m---&amp#27;[0;39m &amp#27;[2m[transferer] [           main]&amp#27;[0;39m &amp#27;[2m&amp#27;[0;39m&amp#27;[36mio.r2dbc.h2.client.SessionClient        &amp#27;[0;39m &amp#27;[2m:&amp#27;[0;39m Response: org.h2.result.LocalResult@ac4e690 columns: 1 rows: 1 pos: -1
&amp#27;[2m2025-08-17T16:47:02.633+01:00&amp#27;[0;39m &amp#27;[32mDEBUG&amp#27;[0;39m &amp#27;[35m26824&amp#27;[0;39m &amp#27;[2m---&amp#27;[0;39m &amp#27;[2m[transferer] [           main]&amp#27;[0;39m &amp#27;[2m&amp#27;[0;39m&amp#27;[36mo.s.r.c.R2dbcTransactionManager         &amp#27;[0;39m &amp#27;[2m:&amp#27;[0;39m Creating new transaction with name [com.transferer.payment.application.PaymentService.initiatePayment]: PROPAGATION_REQUIRED,ISOLATION_DEFAULT
&amp#27;[2m2025-08-17T16:47:02.633+01:00&amp#27;[0;39m &amp#27;[32mDEBUG&amp#27;[0;39m &amp#27;[35m26824&amp#27;[0;39m &amp#27;[2m---&amp#27;[0;39m &amp#27;[2m[transferer] [           main]&amp#27;[0;39m &amp#27;[2m&amp#27;[0;39m&amp#27;[36mio.r2dbc.h2.client.SessionClient        &amp#27;[0;39m &amp#27;[2m:&amp#27;[0;39m Request:  SELECT 1
&amp#27;[2m2025-08-17T16:47:02.633+01:00&amp#27;[0;39m &amp#27;[32mDEBUG&amp#27;[0;39m &amp#27;[35m26824&amp#27;[0;39m &amp#27;[2m---&amp#27;[0;39m &amp#27;[2m[transferer] [           main]&amp#27;[0;39m &amp#27;[2m&amp#27;[0;39m&amp#27;[36mio.r2dbc.h2.client.SessionClient        &amp#27;[0;39m &amp#27;[2m:&amp#27;[0;39m Response: org.h2.result.LocalResult@6ba0ee4a columns: 1 rows: 1 pos: -1
&amp#27;[2m2025-08-17T16:47:02.633+01:00&amp#27;[0;39m &amp#27;[32mDEBUG&amp#27;[0;39m &amp#27;[35m26824&amp#27;[0;39m &amp#27;[2m---&amp#27;[0;39m &amp#27;[2m[transferer] [           main]&amp#27;[0;39m &amp#27;[2m&amp#27;[0;39m&amp#27;[36mo.s.r.c.R2dbcTransactionManager         &amp#27;[0;39m &amp#27;[2m:&amp#27;[0;39m Acquired Connection [PooledConnection[io.r2dbc.h2.H2Connection@2a6fb62f]] for R2DBC transaction
&amp#27;[2m2025-08-17T16:47:02.633+01:00&amp#27;[0;39m &amp#27;[32mDEBUG&amp#27;[0;39m &amp#27;[35m26824&amp#27;[0;39m &amp#27;[2m---&amp#27;[0;39m &amp#27;[2m[transferer] [           main]&amp#27;[0;39m &amp#27;[2m&amp#27;[0;39m&amp#27;[36mo.s.r.c.R2dbcTransactionManager         &amp#27;[0;39m &amp#27;[2m:&amp#27;[0;39m Starting R2DBC transaction on Connection [PooledConnection[io.r2dbc.h2.H2Connection@2a6fb62f]] using [ExtendedTransactionDefinition [transactionName='com.transferer.payment.application.PaymentService.initiatePayment', readOnly=false, isolationLevel=null, lockWaitTimeout=PT0S]]
&amp#27;[2m2025-08-17T16:47:02.633+01:00&amp#27;[0;39m &amp#27;[33m WARN&amp#27;[0;39m &amp#27;[35m26824&amp#27;[0;39m &amp#27;[2m---&amp#27;[0;39m &amp#27;[2m[transferer] [           main]&amp#27;[0;39m &amp#27;[2m&amp#27;[0;39m&amp#27;[36mio.r2dbc.h2.H2Connection                &amp#27;[0;39m &amp#27;[2m:&amp#27;[0;39m Option{name='readOnly', sensitive=false} + isn't supported in H2 at the transaction level. You must set it on conenction URL. See http://www.h2database.com/html/features.html#read_only
&amp#27;[2m2025-08-17T16:47:02.635+01:00&amp#27;[0;39m &amp#27;[32mDEBUG&amp#27;[0;39m &amp#27;[35m26824&amp#27;[0;39m &amp#27;[2m---&amp#27;[0;39m &amp#27;[2m[transferer] [           main]&amp#27;[0;39m &amp#27;[2m&amp#27;[0;39m&amp#27;[36mo.s.r.c.R2dbcTransactionManager         &amp#27;[0;39m &amp#27;[2m:&amp#27;[0;39m Participating in existing transaction
&amp#27;[2m2025-08-17T16:47:02.637+01:00&amp#27;[0;39m &amp#27;[32mDEBUG&amp#27;[0;39m &amp#27;[35m26824&amp#27;[0;39m &amp#27;[2m---&amp#27;[0;39m &amp#27;[2m[transferer] [           main]&amp#27;[0;39m &amp#27;[2m&amp#27;[0;39m&amp#27;[36mo.s.r2dbc.core.DefaultDatabaseClient    &amp#27;[0;39m &amp#27;[2m:&amp#27;[0;39m Executing SQL statement [INSERT INTO payments (ID, sender_account_id, recipient_account_id, amount, description, status, current_step, created_at, updated_at) VALUES ($1, $2, $3, $4, $5, $6, $7, $8, $9)]
&amp#27;[2m2025-08-17T16:47:02.638+01:00&amp#27;[0;39m &amp#27;[32mDEBUG&amp#27;[0;39m &amp#27;[35m26824&amp#27;[0;39m &amp#27;[2m---&amp#27;[0;39m &amp#27;[2m[transferer] [           main]&amp#27;[0;39m &amp#27;[2m&amp#27;[0;39m&amp#27;[36mio.r2dbc.h2.client.SessionClient        &amp#27;[0;39m &amp#27;[2m:&amp#27;[0;39m Request:  INSERT INTO payments (ID, sender_account_id, recipient_account_id, amount, description, status, current_step, created_at, updated_at) VALUES ($1, $2, $3, $4, $5, $6, $7, $8, $9) {1: '7845f9c1-3ad0-4dca-95d6-ce94a226375e', 2: '999ea9d0-19ea-4d69-8f04-2e0af0b30756', 3: '0ff742b6-c75d-4819-8612-64de91b34a59', 4: 100.00, 5: 'Status query test', 6: 'PENDING', 7: 'INITIATED', 8: TIMESTAMP '2025-08-17 16:47:02.635147', 9: TIMESTAMP '2025-08-17 16:47:02.635154'}
&amp#27;[2m2025-08-17T16:47:02.638+01:00&amp#27;[0;39m &amp#27;[32mDEBUG&amp#27;[0;39m &amp#27;[35m26824&amp#27;[0;39m &amp#27;[2m---&amp#27;[0;39m &amp#27;[2m[transferer] [           main]&amp#27;[0;39m &amp#27;[2m&amp#27;[0;39m&amp#27;[36mo.s.r.c.R2dbcTransactionManager         &amp#27;[0;39m &amp#27;[2m:&amp#27;[0;39m Participating in existing transaction
&amp#27;[2m2025-08-17T16:47:02.639+01:00&amp#27;[0;39m &amp#27;[32mDEBUG&amp#27;[0;39m &amp#27;[35m26824&amp#27;[0;39m &amp#27;[2m---&amp#27;[0;39m &amp#27;[2m[transferer] [           main]&amp#27;[0;39m &amp#27;[2m&amp#27;[0;39m&amp#27;[36mo.s.r2dbc.core.DefaultDatabaseClient    &amp#27;[0;39m &amp#27;[2m:&amp#27;[0;39m Executing SQL statement [INSERT INTO outbox_events (event_id, event_type, aggregate_id, event_data, occurred_at, created_at) VALUES ($1, $2, $3, $4, $5, $6)]
&amp#27;[2m2025-08-17T16:47:02.639+01:00&amp#27;[0;39m &amp#27;[32mDEBUG&amp#27;[0;39m &amp#27;[35m26824&amp#27;[0;39m &amp#27;[2m---&amp#27;[0;39m &amp#27;[2m[transferer] [           main]&amp#27;[0;39m &amp#27;[2m&amp#27;[0;39m&amp#27;[36mio.r2dbc.h2.client.SessionClient        &amp#27;[0;39m &amp#27;[2m:&amp#27;[0;39m Request:  INSERT INTO outbox_events (event_id, event_type, aggregate_id, event_data, occurred_at, created_at) VALUES ($1, $2, $3, $4, $5, $6) {1: '9921f9bf-866b-430b-8ef6-ddf241583781', 2: 'PAYMENT_INITIATED', 3: '7845f9c1-3ad0-4dca-95d6-ce94a226375e', 4: '{"@class":"com.transferer.payment.domain.events.body.PaymentInitiatedEventBody","paymentId":{"value":"7845f9c1-3ad0-4dca-95d6-ce94a226375e"},"senderAccountId":{"value":"999ea9d0-19ea-4d69-8f04-2e0af0b30756"},"recipientAccountId":{"value":"0ff742b6-c75d-4819-8612-64de91b34a59"},"amount":100.00,"description":"Status query test"}', 5: TIMESTAMP WITH TIME ZONE '2025-08-17 15:47:02.635351+00', 6: TIMESTAMP WITH TIME ZONE '2025-08-17 15:47:02.639486+00'}
&amp#27;[2m2025-08-17T16:47:02.642+01:00&amp#27;[0;39m &amp#27;[32mDEBUG&amp#27;[0;39m &amp#27;[35m26824&amp#27;[0;39m &amp#27;[2m---&amp#27;[0;39m &amp#27;[2m[transferer] [           main]&amp#27;[0;39m &amp#27;[2m&amp#27;[0;39m&amp#27;[36mo.s.r2dbc.core.DefaultDatabaseClient    &amp#27;[0;39m &amp#27;[2m:&amp#27;[0;39m Executing SQL statement [INSERT INTO outbox_events (event_id, event_type, aggregate_id, event_data, occurred_at, created_at) VALUES ($1, $2, $3, $4, $5, $6)]
&amp#27;[2m2025-08-17T16:47:02.642+01:00&amp#27;[0;39m &amp#27;[32mDEBUG&amp#27;[0;39m &amp#27;[35m26824&amp#27;[0;39m &amp#27;[2m---&amp#27;[0;39m &amp#27;[2m[transferer] [           main]&amp#27;[0;39m &amp#27;[2m&amp#27;[0;39m&amp#27;[36mio.r2dbc.h2.client.SessionClient        &amp#27;[0;39m &amp#27;[2m:&amp#27;[0;39m Request:  INSERT INTO outbox_events (event_id, event_type, aggregate_id, event_data, occurred_at, created_at) VALUES ($1, $2, $3, $4, $5, $6) {1: '68eacd84-a87f-4ba6-9650-f76f6c522694', 2: 'PAYMENT_STEP_ADVANCED', 3: '7845f9c1-3ad0-4dca-95d6-ce94a226375e', 4: '{"@class":"com.transferer.payment.domain.events.body.PaymentStepAdvancedEventBody","paymentId":{"value":"7845f9c1-3ad0-4dca-95d6-ce94a226375e"},"previousStep":{"empty":true,"present":false},"currentStep":"INITIATED"}', 5: TIMESTAMP WITH TIME ZONE '2025-08-17 15:47:02.635409+00', 6: TIMESTAMP WITH TIME ZONE '2025-08-17 15:47:02.64209+00'}
&amp#27;[2m2025-08-17T16:47:02.643+01:00&amp#27;[0;39m &amp#27;[32mDEBUG&amp#27;[0;39m &amp#27;[35m26824&amp#27;[0;39m &amp#27;[2m---&amp#27;[0;39m &amp#27;[2m[transferer] [           main]&amp#27;[0;39m &amp#27;[2m&amp#27;[0;39m&amp#27;[36mo.s.r.c.R2dbcTransactionManager         &amp#27;[0;39m &amp#27;[2m:&amp#27;[0;39m Initiating transaction commit
&amp#27;[2m2025-08-17T16:47:02.643+01:00&amp#27;[0;39m &amp#27;[32mDEBUG&amp#27;[0;39m &amp#27;[35m26824&amp#27;[0;39m &amp#27;[2m---&amp#27;[0;39m &amp#27;[2m[transferer] [           main]&amp#27;[0;39m &amp#27;[2m&amp#27;[0;39m&amp#27;[36mo.s.r.c.R2dbcTransactionManager         &amp#27;[0;39m &amp#27;[2m:&amp#27;[0;39m Committing R2DBC transaction on Connection [PooledConnection[io.r2dbc.h2.H2Connection@2a6fb62f]]
&amp#27;[2m2025-08-17T16:47:02.643+01:00&amp#27;[0;39m &amp#27;[32mDEBUG&amp#27;[0;39m &amp#27;[35m26824&amp#27;[0;39m &amp#27;[2m---&amp#27;[0;39m &amp#27;[2m[transferer] [           main]&amp#27;[0;39m &amp#27;[2m&amp#27;[0;39m&amp#27;[36mio.r2dbc.h2.client.SessionClient        &amp#27;[0;39m &amp#27;[2m:&amp#27;[0;39m Request:  COMMIT
&amp#27;[2m2025-08-17T16:47:02.643+01:00&amp#27;[0;39m &amp#27;[32mDEBUG&amp#27;[0;39m &amp#27;[35m26824&amp#27;[0;39m &amp#27;[2m---&amp#27;[0;39m &amp#27;[2m[transferer] [           main]&amp#27;[0;39m &amp#27;[2m&amp#27;[0;39m&amp#27;[36mo.s.r.c.R2dbcTransactionManager         &amp#27;[0;39m &amp#27;[2m:&amp#27;[0;39m Releasing R2DBC Connection [PooledConnection[io.r2dbc.h2.H2Connection@2a6fb62f]] after transaction
&amp#27;[2m2025-08-17T16:47:02.643+01:00&amp#27;[0;39m &amp#27;[32mDEBUG&amp#27;[0;39m &amp#27;[35m26824&amp#27;[0;39m &amp#27;[2m---&amp#27;[0;39m &amp#27;[2m[transferer] [           main]&amp#27;[0;39m &amp#27;[2m&amp#27;[0;39m&amp#27;[36mio.r2dbc.h2.client.SessionClient        &amp#27;[0;39m &amp#27;[2m:&amp#27;[0;39m Request:  SELECT CURRENT_TIMESTAMP
&amp#27;[2m2025-08-17T16:47:02.643+01:00&amp#27;[0;39m &amp#27;[32mDEBUG&amp#27;[0;39m &amp#27;[35m26824&amp#27;[0;39m &amp#27;[2m---&amp#27;[0;39m &amp#27;[2m[transferer] [           main]&amp#27;[0;39m &amp#27;[2m&amp#27;[0;39m&amp#27;[36mio.r2dbc.h2.client.SessionClient        &amp#27;[0;39m &amp#27;[2m:&amp#27;[0;39m Response: org.h2.result.LocalResult@1de85972 columns: 1 rows: 1 pos: -1
&amp#27;[2m2025-08-17T16:47:02.747+01:00&amp#27;[0;39m &amp#27;[32mDEBUG&amp#27;[0;39m &amp#27;[35m26824&amp#27;[0;39m &amp#27;[2m---&amp#27;[0;39m &amp#27;[2m[transferer] [     parallel-4]&amp#27;[0;39m &amp#27;[2m&amp#27;[0;39m&amp#27;[36mio.r2dbc.h2.client.SessionClient        &amp#27;[0;39m &amp#27;[2m:&amp#27;[0;39m Request:  SELECT 1
&amp#27;[2m2025-08-17T16:47:02.748+01:00&amp#27;[0;39m &amp#27;[32mDEBUG&amp#27;[0;39m &amp#27;[35m26824&amp#27;[0;39m &amp#27;[2m---&amp#27;[0;39m &amp#27;[2m[transferer] [     parallel-4]&amp#27;[0;39m &amp#27;[2m&amp#27;[0;39m&amp#27;[36mio.r2dbc.h2.client.SessionClient        &amp#27;[0;39m &amp#27;[2m:&amp#27;[0;39m Response: org.h2.result.LocalResult@37a02666 columns: 1 rows: 1 pos: -1
&amp#27;[2m2025-08-17T16:47:02.748+01:00&amp#27;[0;39m &amp#27;[32mDEBUG&amp#27;[0;39m &amp#27;[35m26824&amp#27;[0;39m &amp#27;[2m---&amp#27;[0;39m &amp#27;[2m[transferer] [     parallel-4]&amp#27;[0;39m &amp#27;[2m&amp#27;[0;39m&amp#27;[36mo.s.r2dbc.core.DefaultDatabaseClient    &amp#27;[0;39m &amp#27;[2m:&amp#27;[0;39m Executing SQL statement [SELECT event_type, COUNT(*) as count FROM outbox_events GROUP BY event_type]
&amp#27;[2m2025-08-17T16:47:02.749+01:00&amp#27;[0;39m &amp#27;[32mDEBUG&amp#27;[0;39m &amp#27;[35m26824&amp#27;[0;39m &amp#27;[2m---&amp#27;[0;39m &amp#27;[2m[transferer] [     parallel-4]&amp#27;[0;39m &amp#27;[2m&amp#27;[0;39m&amp#27;[36mio.r2dbc.h2.client.SessionClient        &amp#27;[0;39m &amp#27;[2m:&amp#27;[0;39m Request:  SELECT event_type, COUNT(*) as count FROM outbox_events GROUP BY event_type
&amp#27;[2m2025-08-17T16:47:02.750+01:00&amp#27;[0;39m &amp#27;[32mDEBUG&amp#27;[0;39m &amp#27;[35m26824&amp#27;[0;39m &amp#27;[2m---&amp#27;[0;39m &amp#27;[2m[transferer] [     parallel-4]&amp#27;[0;39m &amp#27;[2m&amp#27;[0;39m&amp#27;[36mio.r2dbc.h2.client.SessionClient        &amp#27;[0;39m &amp#27;[2m:&amp#27;[0;39m Response: org.h2.result.LocalResult@4f153805 columns: 2 rows: 3 pos: -1
&amp#27;[2m2025-08-17T16:47:02.750+01:00&amp#27;[0;39m &amp#27;[32mDEBUG&amp#27;[0;39m &amp#27;[35m26824&amp#27;[0;39m &amp#27;[2m---&amp#27;[0;39m &amp#27;[2m[transferer] [     parallel-4]&amp#27;[0;39m &amp#27;[2m&amp#27;[0;39m&amp#27;[36mio.r2dbc.h2.client.SessionClient        &amp#27;[0;39m &amp#27;[2m:&amp#27;[0;39m Request:  SELECT CURRENT_TIMESTAMP
&amp#27;[2m2025-08-17T16:47:02.750+01:00&amp#27;[0;39m &amp#27;[32mDEBUG&amp#27;[0;39m &amp#27;[35m26824&amp#27;[0;39m &amp#27;[2m---&amp#27;[0;39m &amp#27;[2m[transferer] [     parallel-4]&amp#27;[0;39m &amp#27;[2m&amp#27;[0;39m&amp#27;[36mio.r2dbc.h2.client.SessionClient        &amp#27;[0;39m &amp#27;[2m:&amp#27;[0;39m Response: org.h2.result.LocalResult@36e7bfd8 columns: 1 rows: 1 pos: -1
&amp#27;[2m2025-08-17T16:47:02.751+01:00&amp#27;[0;39m &amp#27;[32mDEBUG&amp#27;[0;39m &amp#27;[35m26824&amp#27;[0;39m &amp#27;[2m---&amp#27;[0;39m &amp#27;[2m[transferer] [     parallel-4]&amp#27;[0;39m &amp#27;[2m&amp#27;[0;39m&amp#27;[36mo.s.r.c.R2dbcTransactionManager         &amp#27;[0;39m &amp#27;[2m:&amp#27;[0;39m Creating new transaction with name [com.transferer.payment.application.PaymentService.getPaymentsByStatus]: PROPAGATION_REQUIRED,ISOLATION_DEFAULT,readOnly
&amp#27;[2m2025-08-17T16:47:02.751+01:00&amp#27;[0;39m &amp#27;[32mDEBUG&amp#27;[0;39m &amp#27;[35m26824&amp#27;[0;39m &amp#27;[2m---&amp#27;[0;39m &amp#27;[2m[transferer] [     parallel-4]&amp#27;[0;39m &amp#27;[2m&amp#27;[0;39m&amp#27;[36mio.r2dbc.h2.client.SessionClient        &amp#27;[0;39m &amp#27;[2m:&amp#27;[0;39m Request:  SELECT 1
&amp#27;[2m2025-08-17T16:47:02.751+01:00&amp#27;[0;39m &amp#27;[32mDEBUG&amp#27;[0;39m &amp#27;[35m26824&amp#27;[0;39m &amp#27;[2m---&amp#27;[0;39m &amp#27;[2m[transferer] [     parallel-4]&amp#27;[0;39m &amp#27;[2m&amp#27;[0;39m&amp#27;[36mio.r2dbc.h2.client.SessionClient        &amp#27;[0;39m &amp#27;[2m:&amp#27;[0;39m Response: org.h2.result.LocalResult@58662632 columns: 1 rows: 1 pos: -1
&amp#27;[2m2025-08-17T16:47:02.751+01:00&amp#27;[0;39m &amp#27;[32mDEBUG&amp#27;[0;39m &amp#27;[35m26824&amp#27;[0;39m &amp#27;[2m---&amp#27;[0;39m &amp#27;[2m[transferer] [     parallel-4]&amp#27;[0;39m &amp#27;[2m&amp#27;[0;39m&amp#27;[36mo.s.r.c.R2dbcTransactionManager         &amp#27;[0;39m &amp#27;[2m:&amp#27;[0;39m Acquired Connection [PooledConnection[io.r2dbc.h2.H2Connection@2a6fb62f]] for R2DBC transaction
&amp#27;[2m2025-08-17T16:47:02.751+01:00&amp#27;[0;39m &amp#27;[32mDEBUG&amp#27;[0;39m &amp#27;[35m26824&amp#27;[0;39m &amp#27;[2m---&amp#27;[0;39m &amp#27;[2m[transferer] [     parallel-4]&amp#27;[0;39m &amp#27;[2m&amp#27;[0;39m&amp#27;[36mo.s.r.c.R2dbcTransactionManager         &amp#27;[0;39m &amp#27;[2m:&amp#27;[0;39m Starting R2DBC transaction on Connection [PooledConnection[io.r2dbc.h2.H2Connection@2a6fb62f]] using [ExtendedTransactionDefinition [transactionName='com.transferer.payment.application.PaymentService.getPaymentsByStatus', readOnly=true, isolationLevel=null, lockWaitTimeout=PT0S]]
&amp#27;[2m2025-08-17T16:47:02.751+01:00&amp#27;[0;39m &amp#27;[33m WARN&amp#27;[0;39m &amp#27;[35m26824&amp#27;[0;39m &amp#27;[2m---&amp#27;[0;39m &amp#27;[2m[transferer] [     parallel-4]&amp#27;[0;39m &amp#27;[2m&amp#27;[0;39m&amp#27;[36mio.r2dbc.h2.H2Connection                &amp#27;[0;39m &amp#27;[2m:&amp#27;[0;39m Option{name='readOnly', sensitive=false} + isn't supported in H2 at the transaction level. You must set it on conenction URL. See http://www.h2database.com/html/features.html#read_only
&amp#27;[2m2025-08-17T16:47:02.753+01:00&amp#27;[0;39m &amp#27;[32mDEBUG&amp#27;[0;39m &amp#27;[35m26824&amp#27;[0;39m &amp#27;[2m---&amp#27;[0;39m &amp#27;[2m[transferer] [     parallel-4]&amp#27;[0;39m &amp#27;[2m&amp#27;[0;39m&amp#27;[36mo.s.r2dbc.core.DefaultDatabaseClient    &amp#27;[0;39m &amp#27;[2m:&amp#27;[0;39m Executing SQL statement [SELECT payments.ID, payments.transaction_id, payments.sender_account_id, payments.recipient_account_id, payments.amount, payments.description, payments.status, payments.current_step, payments.failure_reason, payments.created_at, payments.updated_at, payments.completed_at FROM payments WHERE payments.status = $1]
&amp#27;[2m2025-08-17T16:47:02.753+01:00&amp#27;[0;39m &amp#27;[32mDEBUG&amp#27;[0;39m &amp#27;[35m26824&amp#27;[0;39m &amp#27;[2m---&amp#27;[0;39m &amp#27;[2m[transferer] [     parallel-4]&amp#27;[0;39m &amp#27;[2m&amp#27;[0;39m&amp#27;[36mio.r2dbc.h2.client.SessionClient        &amp#27;[0;39m &amp#27;[2m:&amp#27;[0;39m Request:  SELECT payments.ID, payments.transaction_id, payments.sender_account_id, payments.recipient_account_id, payments.amount, payments.description, payments.status, payments.current_step, payments.failure_reason, payments.created_at, payments.updated_at, payments.completed_at FROM payments WHERE payments.status = $1 {1: 'PENDING'}
&amp#27;[2m2025-08-17T16:47:02.754+01:00&amp#27;[0;39m &amp#27;[32mDEBUG&amp#27;[0;39m &amp#27;[35m26824&amp#27;[0;39m &amp#27;[2m---&amp#27;[0;39m &amp#27;[2m[transferer] [     parallel-4]&amp#27;[0;39m &amp#27;[2m&amp#27;[0;39m&amp#27;[36mio.r2dbc.h2.client.SessionClient        &amp#27;[0;39m &amp#27;[2m:&amp#27;[0;39m Response: org.h2.result.LocalResult@3306df7d columns: 12 rows: 1 pos: -1
&amp#27;[2m2025-08-17T16:47:02.757+01:00&amp#27;[0;39m &amp#27;[32mDEBUG&amp#27;[0;39m &amp#27;[35m26824&amp#27;[0;39m &amp#27;[2m---&amp#27;[0;39m &amp#27;[2m[transferer] [     parallel-4]&amp#27;[0;39m &amp#27;[2m&amp#27;[0;39m&amp#27;[36mo.s.r.c.R2dbcTransactionManager         &amp#27;[0;39m &amp#27;[2m:&amp#27;[0;39m Initiating transaction rollback
&amp#27;[2m2025-08-17T16:47:02.757+01:00&amp#27;[0;39m &amp#27;[32mDEBUG&amp#27;[0;39m &amp#27;[35m26824&amp#27;[0;39m &amp#27;[2m---&amp#27;[0;39m &amp#27;[2m[transferer] [     parallel-4]&amp#27;[0;39m &amp#27;[2m&amp#27;[0;39m&amp#27;[36mo.s.r.c.R2dbcTransactionManager         &amp#27;[0;39m &amp#27;[2m:&amp#27;[0;39m Rolling back R2DBC transaction on Connection [PooledConnection[io.r2dbc.h2.H2Connection@2a6fb62f]]
&amp#27;[2m2025-08-17T16:47:02.757+01:00&amp#27;[0;39m &amp#27;[32mDEBUG&amp#27;[0;39m &amp#27;[35m26824&amp#27;[0;39m &amp#27;[2m---&amp#27;[0;39m &amp#27;[2m[transferer] [     parallel-4]&amp#27;[0;39m &amp#27;[2m&amp#27;[0;39m&amp#27;[36mio.r2dbc.h2.client.SessionClient        &amp#27;[0;39m &amp#27;[2m:&amp#27;[0;39m Request:  ROLLBACK
&amp#27;[2m2025-08-17T16:47:02.757+01:00&amp#27;[0;39m &amp#27;[32mDEBUG&amp#27;[0;39m &amp#27;[35m26824&amp#27;[0;39m &amp#27;[2m---&amp#27;[0;39m &amp#27;[2m[transferer] [     parallel-4]&amp#27;[0;39m &amp#27;[2m&amp#27;[0;39m&amp#27;[36mo.s.r.c.R2dbcTransactionManager         &amp#27;[0;39m &amp#27;[2m:&amp#27;[0;39m Releasing R2DBC Connection [PooledConnection[io.r2dbc.h2.H2Connection@2a6fb62f]] after transaction
&amp#27;[2m2025-08-17T16:47:02.757+01:00&amp#27;[0;39m &amp#27;[32mDEBUG&amp#27;[0;39m &amp#27;[35m26824&amp#27;[0;39m &amp#27;[2m---&amp#27;[0;39m &amp#27;[2m[transferer] [     parallel-4]&amp#27;[0;39m &amp#27;[2m&amp#27;[0;39m&amp#27;[36mio.r2dbc.h2.client.SessionClient        &amp#27;[0;39m &amp#27;[2m:&amp#27;[0;39m Request:  SELECT CURRENT_TIMESTAMP
&amp#27;[2m2025-08-17T16:47:02.757+01:00&amp#27;[0;39m &amp#27;[32mDEBUG&amp#27;[0;39m &amp#27;[35m26824&amp#27;[0;39m &amp#27;[2m---&amp#27;[0;39m &amp#27;[2m[transferer] [     parallel-4]&amp#27;[0;39m &amp#27;[2m&amp#27;[0;39m&amp#27;[36mio.r2dbc.h2.client.SessionClient        &amp#27;[0;39m &amp#27;[2m:&amp#27;[0;39m Response: org.h2.result.LocalResult@8e73271 columns: 1 rows: 1 pos: -1
&amp#27;[2m2025-08-17T16:47:02.775+01:00&amp#27;[0;39m &amp#27;[32mDEBUG&amp#27;[0;39m &amp#27;[35m26824&amp#27;[0;39m &amp#27;[2m---&amp#27;[0;39m &amp#27;[2m[transferer] [           main]&amp#27;[0;39m &amp#27;[2m&amp#27;[0;39m&amp#27;[36mio.r2dbc.h2.client.SessionClient        &amp#27;[0;39m &amp#27;[2m:&amp#27;[0;39m Request:  SELECT 1
&amp#27;[2m2025-08-17T16:47:02.775+01:00&amp#27;[0;39m &amp#27;[32mDEBUG&amp#27;[0;39m &amp#27;[35m26824&amp#27;[0;39m &amp#27;[2m---&amp#27;[0;39m &amp#27;[2m[transferer] [           main]&amp#27;[0;39m &amp#27;[2m&amp#27;[0;39m&amp#27;[36mio.r2dbc.h2.client.SessionClient        &amp#27;[0;39m &amp#27;[2m:&amp#27;[0;39m Response: org.h2.result.LocalResult@4cd7e993 columns: 1 rows: 1 pos: -1
&amp#27;[2m2025-08-17T16:47:02.775+01:00&amp#27;[0;39m &amp#27;[32mDEBUG&amp#27;[0;39m &amp#27;[35m26824&amp#27;[0;39m &amp#27;[2m---&amp#27;[0;39m &amp#27;[2m[transferer] [           main]&amp#27;[0;39m &amp#27;[2m&amp#27;[0;39m&amp#27;[36mo.s.r2dbc.core.DefaultDatabaseClient    &amp#27;[0;39m &amp#27;[2m:&amp#27;[0;39m Executing SQL statement [DELETE FROM payments]
&amp#27;[2m2025-08-17T16:47:02.775+01:00&amp#27;[0;39m &amp#27;[32mDEBUG&amp#27;[0;39m &amp#27;[35m26824&amp#27;[0;39m &amp#27;[2m---&amp#27;[0;39m &amp#27;[2m[transferer] [           main]&amp#27;[0;39m &amp#27;[2m&amp#27;[0;39m&amp#27;[36mio.r2dbc.h2.client.SessionClient        &amp#27;[0;39m &amp#27;[2m:&amp#27;[0;39m Request:  DELETE FROM payments
&amp#27;[2m2025-08-17T16:47:02.776+01:00&amp#27;[0;39m &amp#27;[32mDEBUG&amp#27;[0;39m &amp#27;[35m26824&amp#27;[0;39m &amp#27;[2m---&amp#27;[0;39m &amp#27;[2m[transferer] [           main]&amp#27;[0;39m &amp#27;[2m&amp#27;[0;39m&amp#27;[36mio.r2dbc.h2.client.SessionClient        &amp#27;[0;39m &amp#27;[2m:&amp#27;[0;39m Request:  SELECT CURRENT_TIMESTAMP
&amp#27;[2m2025-08-17T16:47:02.776+01:00&amp#27;[0;39m &amp#27;[32mDEBUG&amp#27;[0;39m &amp#27;[35m26824&amp#27;[0;39m &amp#27;[2m---&amp#27;[0;39m &amp#27;[2m[transferer] [           main]&amp#27;[0;39m &amp#27;[2m&amp#27;[0;39m&amp#27;[36mio.r2dbc.h2.client.SessionClient        &amp#27;[0;39m &amp#27;[2m:&amp#27;[0;39m Response: org.h2.result.LocalResult@194224ca columns: 1 rows: 1 pos: -1
&amp#27;[2m2025-08-17T16:47:02.776+01:00&amp#27;[0;39m &amp#27;[32mDEBUG&amp#27;[0;39m &amp#27;[35m26824&amp#27;[0;39m &amp#27;[2m---&amp#27;[0;39m &amp#27;[2m[transferer] [           main]&amp#27;[0;39m &amp#27;[2m&amp#27;[0;39m&amp#27;[36mio.r2dbc.h2.client.SessionClient        &amp#27;[0;39m &amp#27;[2m:&amp#27;[0;39m Request:  SELECT 1
&amp#27;[2m2025-08-17T16:47:02.776+01:00&amp#27;[0;39m &amp#27;[32mDEBUG&amp#27;[0;39m &amp#27;[35m26824&amp#27;[0;39m &amp#27;[2m---&amp#27;[0;39m &amp#27;[2m[transferer] [           main]&amp#27;[0;39m &amp#27;[2m&amp#27;[0;39m&amp#27;[36mio.r2dbc.h2.client.SessionClient        &amp#27;[0;39m &amp#27;[2m:&amp#27;[0;39m Response: org.h2.result.LocalResult@254e9709 columns: 1 rows: 1 pos: -1
&amp#27;[2m2025-08-17T16:47:02.776+01:00&amp#27;[0;39m &amp#27;[32mDEBUG&amp#27;[0;39m &amp#27;[35m26824&amp#27;[0;39m &amp#27;[2m---&amp#27;[0;39m &amp#27;[2m[transferer] [           main]&amp#27;[0;39m &amp#27;[2m&amp#27;[0;39m&amp#27;[36mo.s.r2dbc.core.DefaultDatabaseClient    &amp#27;[0;39m &amp#27;[2m:&amp#27;[0;39m Executing SQL statement [DELETE FROM transactions]
&amp#27;[2m2025-08-17T16:47:02.776+01:00&amp#27;[0;39m &amp#27;[32mDEBUG&amp#27;[0;39m &amp#27;[35m26824&amp#27;[0;39m &amp#27;[2m---&amp#27;[0;39m &amp#27;[2m[transferer] [           main]&amp#27;[0;39m &amp#27;[2m&amp#27;[0;39m&amp#27;[36mio.r2dbc.h2.client.SessionClient        &amp#27;[0;39m &amp#27;[2m:&amp#27;[0;39m Request:  DELETE FROM transactions
&amp#27;[2m2025-08-17T16:47:02.776+01:00&amp#27;[0;39m &amp#27;[32mDEBUG&amp#27;[0;39m &amp#27;[35m26824&amp#27;[0;39m &amp#27;[2m---&amp#27;[0;39m &amp#27;[2m[transferer] [           main]&amp#27;[0;39m &amp#27;[2m&amp#27;[0;39m&amp#27;[36mio.r2dbc.h2.client.SessionClient        &amp#27;[0;39m &amp#27;[2m:&amp#27;[0;39m Request:  SELECT CURRENT_TIMESTAMP
&amp#27;[2m2025-08-17T16:47:02.777+01:00&amp#27;[0;39m &amp#27;[32mDEBUG&amp#27;[0;39m &amp#27;[35m26824&amp#27;[0;39m &amp#27;[2m---&amp#27;[0;39m &amp#27;[2m[transferer] [           main]&amp#27;[0;39m &amp#27;[2m&amp#27;[0;39m&amp#27;[36mio.r2dbc.h2.client.SessionClient        &amp#27;[0;39m &amp#27;[2m:&amp#27;[0;39m Response: org.h2.result.LocalResult@147c00aa columns: 1 rows: 1 pos: -1
&amp#27;[2m2025-08-17T16:47:02.777+01:00&amp#27;[0;39m &amp#27;[32mDEBUG&amp#27;[0;39m &amp#27;[35m26824&amp#27;[0;39m &amp#27;[2m---&amp#27;[0;39m &amp#27;[2m[transferer] [           main]&amp#27;[0;39m &amp#27;[2m&amp#27;[0;39m&amp#27;[36mio.r2dbc.h2.client.SessionClient        &amp#27;[0;39m &amp#27;[2m:&amp#27;[0;39m Request:  SELECT 1
&amp#27;[2m2025-08-17T16:47:02.777+01:00&amp#27;[0;39m &amp#27;[32mDEBUG&amp#27;[0;39m &amp#27;[35m26824&amp#27;[0;39m &amp#27;[2m---&amp#27;[0;39m &amp#27;[2m[transferer] [           main]&amp#27;[0;39m &amp#27;[2m&amp#27;[0;39m&amp#27;[36mio.r2dbc.h2.client.SessionClient        &amp#27;[0;39m &amp#27;[2m:&amp#27;[0;39m Response: org.h2.result.LocalResult@1c90029b columns: 1 rows: 1 pos: -1
&amp#27;[2m2025-08-17T16:47:02.777+01:00&amp#27;[0;39m &amp#27;[32mDEBUG&amp#27;[0;39m &amp#27;[35m26824&amp#27;[0;39m &amp#27;[2m---&amp#27;[0;39m &amp#27;[2m[transferer] [           main]&amp#27;[0;39m &amp#27;[2m&amp#27;[0;39m&amp#27;[36mo.s.r2dbc.core.DefaultDatabaseClient    &amp#27;[0;39m &amp#27;[2m:&amp#27;[0;39m Executing SQL statement [DELETE FROM accounts]
&amp#27;[2m2025-08-17T16:47:02.777+01:00&amp#27;[0;39m &amp#27;[32mDEBUG&amp#27;[0;39m &amp#27;[35m26824&amp#27;[0;39m &amp#27;[2m---&amp#27;[0;39m &amp#27;[2m[transferer] [           main]&amp#27;[0;39m &amp#27;[2m&amp#27;[0;39m&amp#27;[36mio.r2dbc.h2.client.SessionClient        &amp#27;[0;39m &amp#27;[2m:&amp#27;[0;39m Request:  DELETE FROM accounts
&amp#27;[2m2025-08-17T16:47:02.777+01:00&amp#27;[0;39m &amp#27;[32mDEBUG&amp#27;[0;39m &amp#27;[35m26824&amp#27;[0;39m &amp#27;[2m---&amp#27;[0;39m &amp#27;[2m[transferer] [           main]&amp#27;[0;39m &amp#27;[2m&amp#27;[0;39m&amp#27;[36mio.r2dbc.h2.client.SessionClient        &amp#27;[0;39m &amp#27;[2m:&amp#27;[0;39m Request:  SELECT CURRENT_TIMESTAMP
&amp#27;[2m2025-08-17T16:47:02.777+01:00&amp#27;[0;39m &amp#27;[32mDEBUG&amp#27;[0;39m &amp#27;[35m26824&amp#27;[0;39m &amp#27;[2m---&amp#27;[0;39m &amp#27;[2m[transferer] [           main]&amp#27;[0;39m &amp#27;[2m&amp#27;[0;39m&amp#27;[36mio.r2dbc.h2.client.SessionClient        &amp#27;[0;39m &amp#27;[2m:&amp#27;[0;39m Response: org.h2.result.LocalResult@b0d3e7 columns: 1 rows: 1 pos: -1
&amp#27;[2m2025-08-17T16:47:02.777+01:00&amp#27;[0;39m &amp#27;[32mDEBUG&amp#27;[0;39m &amp#27;[35m26824&amp#27;[0;39m &amp#27;[2m---&amp#27;[0;39m &amp#27;[2m[transferer] [           main]&amp#27;[0;39m &amp#27;[2m&amp#27;[0;39m&amp#27;[36mio.r2dbc.h2.client.SessionClient        &amp#27;[0;39m &amp#27;[2m:&amp#27;[0;39m Request:  SELECT 1
&amp#27;[2m2025-08-17T16:47:02.777+01:00&amp#27;[0;39m &amp#27;[32mDEBUG&amp#27;[0;39m &amp#27;[35m26824&amp#27;[0;39m &amp#27;[2m---&amp#27;[0;39m &amp#27;[2m[transferer] [           main]&amp#27;[0;39m &amp#27;[2m&amp#27;[0;39m&amp#27;[36mio.r2dbc.h2.client.SessionClient        &amp#27;[0;39m &amp#27;[2m:&amp#27;[0;39m Response: org.h2.result.LocalResult@74bdfa0b columns: 1 rows: 1 pos: -1
&amp#27;[2m2025-08-17T16:47:02.777+01:00&amp#27;[0;39m &amp#27;[32mDEBUG&amp#27;[0;39m &amp#27;[35m26824&amp#27;[0;39m &amp#27;[2m---&amp#27;[0;39m &amp#27;[2m[transferer] [           main]&amp#27;[0;39m &amp#27;[2m&amp#27;[0;39m&amp#27;[36mo.s.r2dbc.core.DefaultDatabaseClient    &amp#27;[0;39m &amp#27;[2m:&amp#27;[0;39m Executing SQL statement [DELETE FROM outbox_events]
&amp#27;[2m2025-08-17T16:47:02.778+01:00&amp#27;[0;39m &amp#27;[32mDEBUG&amp#27;[0;39m &amp#27;[35m26824&amp#27;[0;39m &amp#27;[2m---&amp#27;[0;39m &amp#27;[2m[transferer] [           main]&amp#27;[0;39m &amp#27;[2m&amp#27;[0;39m&amp#27;[36mio.r2dbc.h2.client.SessionClient        &amp#27;[0;39m &amp#27;[2m:&amp#27;[0;39m Request:  DELETE FROM outbox_events
&amp#27;[2m2025-08-17T16:47:02.778+01:00&amp#27;[0;39m &amp#27;[32mDEBUG&amp#27;[0;39m &amp#27;[35m26824&amp#27;[0;39m &amp#27;[2m---&amp#27;[0;39m &amp#27;[2m[transferer] [           main]&amp#27;[0;39m &amp#27;[2m&amp#27;[0;39m&amp#27;[36mio.r2dbc.h2.client.SessionClient        &amp#27;[0;39m &amp#27;[2m:&amp#27;[0;39m Request:  SELECT CURRENT_TIMESTAMP
&amp#27;[2m2025-08-17T16:47:02.778+01:00&amp#27;[0;39m &amp#27;[32mDEBUG&amp#27;[0;39m &amp#27;[35m26824&amp#27;[0;39m &amp#27;[2m---&amp#27;[0;39m &amp#27;[2m[transferer] [           main]&amp#27;[0;39m &amp#27;[2m&amp#27;[0;39m&amp#27;[36mio.r2dbc.h2.client.SessionClient        &amp#27;[0;39m &amp#27;[2m:&amp#27;[0;39m Response: org.h2.result.LocalResult@1c2096c6 columns: 1 rows: 1 pos: -1
]]></system-out>
    <system-err><![CDATA[WARNING: A Java agent has been loaded dynamically (/Users/bendrawer/.m2/repository/net/bytebuddy/byte-buddy-agent/1.14.10/byte-buddy-agent-1.14.10.jar)
WARNING: If a serviceability tool is in use, please run with -XX:+EnableDynamicAgentLoading to hide this warning
WARNING: If a serviceability tool is not in use, please run with -Djdk.instrument.traceUsage for more information
WARNING: Dynamic loading of agents will be disallowed by default in a future release
]]></system-err>
  </testcase>
  <testcase name="should_query_payments_by_step" classname="com.transferer.payment.PaymentSagaDbIntegrationTest" time="0.208">
    <system-out><![CDATA[
  .   ____          _            __ _ _
 /\\ / ___'_ __ _ _(_)_ __  __ _ \ \ \ \
( ( )\___ | '_ | '_| | '_ \/ _` | \ \ \ \
 \\/  ___)| |_)| | | | | || (_| |  ) ) ) )
  '  |____| .__|_| |_|_| |_\__, | / / / /
 =========|_|==============|___/=/_/_/_/
&amp#27;[32m :: Spring Boot :: &amp#27;[39m              &amp#27;[2m (v3.2.0)&amp#27;[0;39m

&amp#27;[2m2025-08-17T16:47:02.793+01:00&amp#27;[0;39m &amp#27;[32m INFO&amp#27;[0;39m &amp#27;[35m26824&amp#27;[0;39m &amp#27;[2m---&amp#27;[0;39m &amp#27;[2m[transferer] [           main]&amp#27;[0;39m &amp#27;[2m&amp#27;[0;39m&amp#27;[36mc.t.p.PaymentSagaDbIntegrationTest      &amp#27;[0;39m &amp#27;[2m:&amp#27;[0;39m Starting PaymentSagaDbIntegrationTest using Java 24.0.2 with PID 26824 (started by bendrawer in /Users/bendrawer/transferer)
&amp#27;[2m2025-08-17T16:47:02.793+01:00&amp#27;[0;39m &amp#27;[32mDEBUG&amp#27;[0;39m &amp#27;[35m26824&amp#27;[0;39m &amp#27;[2m---&amp#27;[0;39m &amp#27;[2m[transferer] [           main]&amp#27;[0;39m &amp#27;[2m&amp#27;[0;39m&amp#27;[36mc.t.p.PaymentSagaDbIntegrationTest      &amp#27;[0;39m &amp#27;[2m:&amp#27;[0;39m Running with Spring Boot v3.2.0, Spring v6.1.1
&amp#27;[2m2025-08-17T16:47:02.793+01:00&amp#27;[0;39m &amp#27;[32m INFO&amp#27;[0;39m &amp#27;[35m26824&amp#27;[0;39m &amp#27;[2m---&amp#27;[0;39m &amp#27;[2m[transferer] [           main]&amp#27;[0;39m &amp#27;[2m&amp#27;[0;39m&amp#27;[36mc.t.p.PaymentSagaDbIntegrationTest      &amp#27;[0;39m &amp#27;[2m:&amp#27;[0;39m The following 1 profile is active: "test"
&amp#27;[2m2025-08-17T16:47:02.821+01:00&amp#27;[0;39m &amp#27;[32m INFO&amp#27;[0;39m &amp#27;[35m26824&amp#27;[0;39m &amp#27;[2m---&amp#27;[0;39m &amp#27;[2m[transferer] [           main]&amp#27;[0;39m &amp#27;[2m&amp#27;[0;39m&amp#27;[36m.s.d.r.c.RepositoryConfigurationDelegate&amp#27;[0;39m &amp#27;[2m:&amp#27;[0;39m Bootstrapping Spring Data R2DBC repositories in DEFAULT mode.
&amp#27;[2m2025-08-17T16:47:02.826+01:00&amp#27;[0;39m &amp#27;[32m INFO&amp#27;[0;39m &amp#27;[35m26824&amp#27;[0;39m &amp#27;[2m---&amp#27;[0;39m &amp#27;[2m[transferer] [           main]&amp#27;[0;39m &amp#27;[2m&amp#27;[0;39m&amp#27;[36m.s.d.r.c.RepositoryConfigurationDelegate&amp#27;[0;39m &amp#27;[2m:&amp#27;[0;39m Finished Spring Data repository scanning in 4 ms. Found 4 R2DBC repository interfaces.
&amp#27;[2m2025-08-17T16:47:02.856+01:00&amp#27;[0;39m &amp#27;[32mDEBUG&amp#27;[0;39m &amp#27;[35m26824&amp#27;[0;39m &amp#27;[2m---&amp#27;[0;39m &amp#27;[2m[transferer] [           main]&amp#27;[0;39m &amp#27;[2m&amp#27;[0;39m&amp#27;[36mc.t.shared.outbox.OutboxEventBus        &amp#27;[0;39m &amp#27;[2m:&amp#27;[0;39m Subscribed handler to event class: PaymentStepAdvancedEvent
&amp#27;[2m2025-08-17T16:47:02.856+01:00&amp#27;[0;39m &amp#27;[32mDEBUG&amp#27;[0;39m &amp#27;[35m26824&amp#27;[0;39m &amp#27;[2m---&amp#27;[0;39m &amp#27;[2m[transferer] [           main]&amp#27;[0;39m &amp#27;[2m&amp#27;[0;39m&amp#27;[36mc.t.shared.outbox.OutboxEventBus        &amp#27;[0;39m &amp#27;[2m:&amp#27;[0;39m Subscribed handler to event class: TransactionCreatedEvent
&amp#27;[2m2025-08-17T16:47:02.856+01:00&amp#27;[0;39m &amp#27;[32mDEBUG&amp#27;[0;39m &amp#27;[35m26824&amp#27;[0;39m &amp#27;[2m---&amp#27;[0;39m &amp#27;[2m[transferer] [           main]&amp#27;[0;39m &amp#27;[2m&amp#27;[0;39m&amp#27;[36mc.t.shared.outbox.OutboxEventBus        &amp#27;[0;39m &amp#27;[2m:&amp#27;[0;39m Subscribed handler to event class: AccountDebitedEvent
&amp#27;[2m2025-08-17T16:47:02.856+01:00&amp#27;[0;39m &amp#27;[32mDEBUG&amp#27;[0;39m &amp#27;[35m26824&amp#27;[0;39m &amp#27;[2m---&amp#27;[0;39m &amp#27;[2m[transferer] [           main]&amp#27;[0;39m &amp#27;[2m&amp#27;[0;39m&amp#27;[36mc.t.shared.outbox.OutboxEventBus        &amp#27;[0;39m &amp#27;[2m:&amp#27;[0;39m Subscribed handler to event class: AccountCreditedEvent
&amp#27;[2m2025-08-17T16:47:02.856+01:00&amp#27;[0;39m &amp#27;[32mDEBUG&amp#27;[0;39m &amp#27;[35m26824&amp#27;[0;39m &amp#27;[2m---&amp#27;[0;39m &amp#27;[2m[transferer] [           main]&amp#27;[0;39m &amp#27;[2m&amp#27;[0;39m&amp#27;[36mc.t.shared.outbox.OutboxEventBus        &amp#27;[0;39m &amp#27;[2m:&amp#27;[0;39m Subscribed handler to event class: TransactionCompletedEvent
&amp#27;[2m2025-08-17T16:47:02.856+01:00&amp#27;[0;39m &amp#27;[32mDEBUG&amp#27;[0;39m &amp#27;[35m26824&amp#27;[0;39m &amp#27;[2m---&amp#27;[0;39m &amp#27;[2m[transferer] [           main]&amp#27;[0;39m &amp#27;[2m&amp#27;[0;39m&amp#27;[36mc.t.shared.outbox.OutboxEventBus        &amp#27;[0;39m &amp#27;[2m:&amp#27;[0;39m Subscribed handler to event class: PaymentFailedEvent
&amp#27;[2m2025-08-17T16:47:02.859+01:00&amp#27;[0;39m &amp#27;[32mDEBUG&amp#27;[0;39m &amp#27;[35m26824&amp#27;[0;39m &amp#27;[2m---&amp#27;[0;39m &amp#27;[2m[transferer] [       single-1]&amp#27;[0;39m &amp#27;[2m&amp#27;[0;39m&amp#27;[36mio.r2dbc.h2.client.SessionClient        &amp#27;[0;39m &amp#27;[2m:&amp#27;[0;39m Request:  CALL H2VERSION()
&amp#27;[2m2025-08-17T16:47:02.859+01:00&amp#27;[0;39m &amp#27;[32mDEBUG&amp#27;[0;39m &amp#27;[35m26824&amp#27;[0;39m &amp#27;[2m---&amp#27;[0;39m &amp#27;[2m[transferer] [       single-1]&amp#27;[0;39m &amp#27;[2m&amp#27;[0;39m&amp#27;[36mio.r2dbc.h2.client.SessionClient        &amp#27;[0;39m &amp#27;[2m:&amp#27;[0;39m Response: org.h2.result.LocalResult@1e68e58d columns: 1 rows: 1 pos: -1
&amp#27;[2m2025-08-17T16:47:02.860+01:00&amp#27;[0;39m &amp#27;[32mDEBUG&amp#27;[0;39m &amp#27;[35m26824&amp#27;[0;39m &amp#27;[2m---&amp#27;[0;39m &amp#27;[2m[transferer] [       single-1]&amp#27;[0;39m &amp#27;[2m&amp#27;[0;39m&amp#27;[36mio.r2dbc.h2.client.SessionClient        &amp#27;[0;39m &amp#27;[2m:&amp#27;[0;39m Request:  SELECT 1
&amp#27;[2m2025-08-17T16:47:02.860+01:00&amp#27;[0;39m &amp#27;[32mDEBUG&amp#27;[0;39m &amp#27;[35m26824&amp#27;[0;39m &amp#27;[2m---&amp#27;[0;39m &amp#27;[2m[transferer] [       single-1]&amp#27;[0;39m &amp#27;[2m&amp#27;[0;39m&amp#27;[36mio.r2dbc.h2.client.SessionClient        &amp#27;[0;39m &amp#27;[2m:&amp#27;[0;39m Response: org.h2.result.LocalResult@47d52c3 columns: 1 rows: 1 pos: -1
&amp#27;[2m2025-08-17T16:47:02.860+01:00&amp#27;[0;39m &amp#27;[32mDEBUG&amp#27;[0;39m &amp#27;[35m26824&amp#27;[0;39m &amp#27;[2m---&amp#27;[0;39m &amp#27;[2m[transferer] [       single-1]&amp#27;[0;39m &amp#27;[2m&amp#27;[0;39m&amp#27;[36mo.s.r2dbc.connection.init.ScriptUtils   &amp#27;[0;39m &amp#27;[2m:&amp#27;[0;39m Executing SQL script from class path resource [test-schema.sql]
&amp#27;[2m2025-08-17T16:47:02.860+01:00&amp#27;[0;39m &amp#27;[32mDEBUG&amp#27;[0;39m &amp#27;[35m26824&amp#27;[0;39m &amp#27;[2m---&amp#27;[0;39m &amp#27;[2m[transferer] [       single-1]&amp#27;[0;39m &amp#27;[2m&amp#27;[0;39m&amp#27;[36mio.r2dbc.h2.client.SessionClient        &amp#27;[0;39m &amp#27;[2m:&amp#27;[0;39m Request:  CALL H2VERSION()
&amp#27;[2m2025-08-17T16:47:02.860+01:00&amp#27;[0;39m &amp#27;[32mDEBUG&amp#27;[0;39m &amp#27;[35m26824&amp#27;[0;39m &amp#27;[2m---&amp#27;[0;39m &amp#27;[2m[transferer] [       single-1]&amp#27;[0;39m &amp#27;[2m&amp#27;[0;39m&amp#27;[36mio.r2dbc.h2.client.SessionClient        &amp#27;[0;39m &amp#27;[2m:&amp#27;[0;39m Response: org.h2.result.LocalResult@38ad95b7 columns: 1 rows: 1 pos: -1
&amp#27;[2m2025-08-17T16:47:02.860+01:00&amp#27;[0;39m &amp#27;[32mDEBUG&amp#27;[0;39m &amp#27;[35m26824&amp#27;[0;39m &amp#27;[2m---&amp#27;[0;39m &amp#27;[2m[transferer] [       single-1]&amp#27;[0;39m &amp#27;[2m&amp#27;[0;39m&amp#27;[36mio.r2dbc.h2.client.SessionClient        &amp#27;[0;39m &amp#27;[2m:&amp#27;[0;39m Request:  CALL H2VERSION()
&amp#27;[2m2025-08-17T16:47:02.860+01:00&amp#27;[0;39m &amp#27;[32mDEBUG&amp#27;[0;39m &amp#27;[35m26824&amp#27;[0;39m &amp#27;[2m---&amp#27;[0;39m &amp#27;[2m[transferer] [       single-1]&amp#27;[0;39m &amp#27;[2m&amp#27;[0;39m&amp#27;[36mio.r2dbc.h2.client.SessionClient        &amp#27;[0;39m &amp#27;[2m:&amp#27;[0;39m Response: org.h2.result.LocalResult@61b04ba2 columns: 1 rows: 1 pos: -1
&amp#27;[2m2025-08-17T16:47:02.861+01:00&amp#27;[0;39m &amp#27;[32mDEBUG&amp#27;[0;39m &amp#27;[35m26824&amp#27;[0;39m &amp#27;[2m---&amp#27;[0;39m &amp#27;[2m[transferer] [       single-1]&amp#27;[0;39m &amp#27;[2m&amp#27;[0;39m&amp#27;[36mio.r2dbc.h2.client.SessionClient        &amp#27;[0;39m &amp#27;[2m:&amp#27;[0;39m Request:  CALL H2VERSION()
&amp#27;[2m2025-08-17T16:47:02.861+01:00&amp#27;[0;39m &amp#27;[32mDEBUG&amp#27;[0;39m &amp#27;[35m26824&amp#27;[0;39m &amp#27;[2m---&amp#27;[0;39m &amp#27;[2m[transferer] [       single-1]&amp#27;[0;39m &amp#27;[2m&amp#27;[0;39m&amp#27;[36mio.r2dbc.h2.client.SessionClient        &amp#27;[0;39m &amp#27;[2m:&amp#27;[0;39m Response: org.h2.result.LocalResult@fb6845d columns: 1 rows: 1 pos: -1
&amp#27;[2m2025-08-17T16:47:02.861+01:00&amp#27;[0;39m &amp#27;[32mDEBUG&amp#27;[0;39m &amp#27;[35m26824&amp#27;[0;39m &amp#27;[2m---&amp#27;[0;39m &amp#27;[2m[transferer] [       Thread-3]&amp#27;[0;39m &amp#27;[2m&amp#27;[0;39m&amp#27;[36mio.r2dbc.h2.client.SessionClient        &amp#27;[0;39m &amp#27;[2m:&amp#27;[0;39m Request:  CREATE TABLE IF NOT EXISTS accounts ( id VARCHAR(255) PRIMARY KEY, account_number VARCHAR(20) UNIQUE NOT NULL, holder_name VARCHAR(255) NOT NULL, balance DECIMAL(19,2) NOT NULL DEFAULT 0.00, status VARCHAR(20) NOT NULL DEFAULT 'ACTIVE', created_at TIMESTAMP NOT NULL DEFAULT CURRENT_TIMESTAMP, updated_at TIMESTAMP NOT NULL DEFAULT CURRENT_TIMESTAMP )
&amp#27;[2m2025-08-17T16:47:02.861+01:00&amp#27;[0;39m &amp#27;[32mDEBUG&amp#27;[0;39m &amp#27;[35m26824&amp#27;[0;39m &amp#27;[2m---&amp#27;[0;39m &amp#27;[2m[transferer] [       Thread-3]&amp#27;[0;39m &amp#27;[2m&amp#27;[0;39m&amp#27;[36mo.s.r2dbc.connection.init.ScriptUtils   &amp#27;[0;39m &amp#27;[2m:&amp#27;[0;39m 0 returned as update count for SQL: CREATE TABLE IF NOT EXISTS accounts ( id VARCHAR(255) PRIMARY KEY, account_number VARCHAR(20) UNIQUE NOT NULL, holder_name VARCHAR(255) NOT NULL, balance DECIMAL(19,2) NOT NULL DEFAULT 0.00, status VARCHAR(20) NOT NULL DEFAULT 'ACTIVE', created_at TIMESTAMP NOT NULL DEFAULT CURRENT_TIMESTAMP, updated_at TIMESTAMP NOT NULL DEFAULT CURRENT_TIMESTAMP )
&amp#27;[2m2025-08-17T16:47:02.861+01:00&amp#27;[0;39m &amp#27;[32mDEBUG&amp#27;[0;39m &amp#27;[35m26824&amp#27;[0;39m &amp#27;[2m---&amp#27;[0;39m &amp#27;[2m[transferer] [       Thread-3]&amp#27;[0;39m &amp#27;[2m&amp#27;[0;39m&amp#27;[36mio.r2dbc.h2.client.SessionClient        &amp#27;[0;39m &amp#27;[2m:&amp#27;[0;39m Request:  CREATE INDEX IF NOT EXISTS idx_accounts_account_number ON accounts (account_number)
&amp#27;[2m2025-08-17T16:47:02.861+01:00&amp#27;[0;39m &amp#27;[32mDEBUG&amp#27;[0;39m &amp#27;[35m26824&amp#27;[0;39m &amp#27;[2m---&amp#27;[0;39m &amp#27;[2m[transferer] [       single-1]&amp#27;[0;39m &amp#27;[2m&amp#27;[0;39m&amp#27;[36mio.r2dbc.h2.client.SessionClient        &amp#27;[0;39m &amp#27;[2m:&amp#27;[0;39m Request:  CALL H2VERSION()
&amp#27;[2m2025-08-17T16:47:02.861+01:00&amp#27;[0;39m &amp#27;[32mDEBUG&amp#27;[0;39m &amp#27;[35m26824&amp#27;[0;39m &amp#27;[2m---&amp#27;[0;39m &amp#27;[2m[transferer] [       Thread-3]&amp#27;[0;39m &amp#27;[2m&amp#27;[0;39m&amp#27;[36mo.s.r2dbc.connection.init.ScriptUtils   &amp#27;[0;39m &amp#27;[2m:&amp#27;[0;39m 0 returned as update count for SQL: CREATE INDEX IF NOT EXISTS idx_accounts_account_number ON accounts (account_number)
&amp#27;[2m2025-08-17T16:47:02.861+01:00&amp#27;[0;39m &amp#27;[32mDEBUG&amp#27;[0;39m &amp#27;[35m26824&amp#27;[0;39m &amp#27;[2m---&amp#27;[0;39m &amp#27;[2m[transferer] [       single-1]&amp#27;[0;39m &amp#27;[2m&amp#27;[0;39m&amp#27;[36mio.r2dbc.h2.client.SessionClient        &amp#27;[0;39m &amp#27;[2m:&amp#27;[0;39m Response: org.h2.result.LocalResult@61333422 columns: 1 rows: 1 pos: -1
&amp#27;[2m2025-08-17T16:47:02.861+01:00&amp#27;[0;39m &amp#27;[32mDEBUG&amp#27;[0;39m &amp#27;[35m26824&amp#27;[0;39m &amp#27;[2m---&amp#27;[0;39m &amp#27;[2m[transferer] [       Thread-3]&amp#27;[0;39m &amp#27;[2m&amp#27;[0;39m&amp#27;[36mio.r2dbc.h2.client.SessionClient        &amp#27;[0;39m &amp#27;[2m:&amp#27;[0;39m Request:  CREATE INDEX IF NOT EXISTS idx_accounts_status ON accounts (status)
&amp#27;[2m2025-08-17T16:47:02.861+01:00&amp#27;[0;39m &amp#27;[32mDEBUG&amp#27;[0;39m &amp#27;[35m26824&amp#27;[0;39m &amp#27;[2m---&amp#27;[0;39m &amp#27;[2m[transferer] [       Thread-3]&amp#27;[0;39m &amp#27;[2m&amp#27;[0;39m&amp#27;[36mo.s.r2dbc.connection.init.ScriptUtils   &amp#27;[0;39m &amp#27;[2m:&amp#27;[0;39m 0 returned as update count for SQL: CREATE INDEX IF NOT EXISTS idx_accounts_status ON accounts (status)
&amp#27;[2m2025-08-17T16:47:02.861+01:00&amp#27;[0;39m &amp#27;[32mDEBUG&amp#27;[0;39m &amp#27;[35m26824&amp#27;[0;39m &amp#27;[2m---&amp#27;[0;39m &amp#27;[2m[transferer] [       Thread-3]&amp#27;[0;39m &amp#27;[2m&amp#27;[0;39m&amp#27;[36mio.r2dbc.h2.client.SessionClient        &amp#27;[0;39m &amp#27;[2m:&amp#27;[0;39m Request:  CREATE TABLE IF NOT EXISTS transactions ( id VARCHAR(255) PRIMARY KEY, sender_account_id VARCHAR(255) NOT NULL, recipient_account_id VARCHAR(255) NOT NULL, amount DECIMAL(19,2) NOT NULL, status VARCHAR(20) NOT NULL DEFAULT 'PENDING', description TEXT, created_at TIMESTAMP NOT NULL DEFAULT CURRENT_TIMESTAMP, updated_at TIMESTAMP NOT NULL DEFAULT CURRENT_TIMESTAMP, completed_at TIMESTAMP NULL, CONSTRAINT fk_transactions_sender FOREIGN KEY (sender_account_id) REFERENCES accounts(id), CONSTRAINT fk_transactions_recipient FOREIGN KEY (recipient_account_id) REFERENCES accounts(id), CONSTRAINT chk_transactions_amount_positive CHECK (amount > 0), CONSTRAINT chk_transactions_different_accounts CHECK (sender_account_id != recipient_account_id) )
&amp#27;[2m2025-08-17T16:47:02.861+01:00&amp#27;[0;39m &amp#27;[32mDEBUG&amp#27;[0;39m &amp#27;[35m26824&amp#27;[0;39m &amp#27;[2m---&amp#27;[0;39m &amp#27;[2m[transferer] [       Thread-3]&amp#27;[0;39m &amp#27;[2m&amp#27;[0;39m&amp#27;[36mo.s.r2dbc.connection.init.ScriptUtils   &amp#27;[0;39m &amp#27;[2m:&amp#27;[0;39m 0 returned as update count for SQL: CREATE TABLE IF NOT EXISTS transactions ( id VARCHAR(255) PRIMARY KEY, sender_account_id VARCHAR(255) NOT NULL, recipient_account_id VARCHAR(255) NOT NULL, amount DECIMAL(19,2) NOT NULL, status VARCHAR(20) NOT NULL DEFAULT 'PENDING', description TEXT, created_at TIMESTAMP NOT NULL DEFAULT CURRENT_TIMESTAMP, updated_at TIMESTAMP NOT NULL DEFAULT CURRENT_TIMESTAMP, completed_at TIMESTAMP NULL, CONSTRAINT fk_transactions_sender FOREIGN KEY (sender_account_id) REFERENCES accounts(id), CONSTRAINT fk_transactions_recipient FOREIGN KEY (recipient_account_id) REFERENCES accounts(id), CONSTRAINT chk_transactions_amount_positive CHECK (amount > 0), CONSTRAINT chk_transactions_different_accounts CHECK (sender_account_id != recipient_account_id) )
&amp#27;[2m2025-08-17T16:47:02.861+01:00&amp#27;[0;39m &amp#27;[32mDEBUG&amp#27;[0;39m &amp#27;[35m26824&amp#27;[0;39m &amp#27;[2m---&amp#27;[0;39m &amp#27;[2m[transferer] [       Thread-3]&amp#27;[0;39m &amp#27;[2m&amp#27;[0;39m&amp#27;[36mio.r2dbc.h2.client.SessionClient        &amp#27;[0;39m &amp#27;[2m:&amp#27;[0;39m Request:  CREATE INDEX IF NOT EXISTS idx_transactions_sender_account_id ON transactions (sender_account_id)
&amp#27;[2m2025-08-17T16:47:02.861+01:00&amp#27;[0;39m &amp#27;[32mDEBUG&amp#27;[0;39m &amp#27;[35m26824&amp#27;[0;39m &amp#27;[2m---&amp#27;[0;39m &amp#27;[2m[transferer] [       Thread-3]&amp#27;[0;39m &amp#27;[2m&amp#27;[0;39m&amp#27;[36mo.s.r2dbc.connection.init.ScriptUtils   &amp#27;[0;39m &amp#27;[2m:&amp#27;[0;39m 0 returned as update count for SQL: CREATE INDEX IF NOT EXISTS idx_transactions_sender_account_id ON transactions (sender_account_id)
&amp#27;[2m2025-08-17T16:47:02.861+01:00&amp#27;[0;39m &amp#27;[32mDEBUG&amp#27;[0;39m &amp#27;[35m26824&amp#27;[0;39m &amp#27;[2m---&amp#27;[0;39m &amp#27;[2m[transferer] [       Thread-3]&amp#27;[0;39m &amp#27;[2m&amp#27;[0;39m&amp#27;[36mio.r2dbc.h2.client.SessionClient        &amp#27;[0;39m &amp#27;[2m:&amp#27;[0;39m Request:  CREATE INDEX IF NOT EXISTS idx_transactions_recipient_account_id ON transactions (recipient_account_id)
&amp#27;[2m2025-08-17T16:47:02.861+01:00&amp#27;[0;39m &amp#27;[32mDEBUG&amp#27;[0;39m &amp#27;[35m26824&amp#27;[0;39m &amp#27;[2m---&amp#27;[0;39m &amp#27;[2m[transferer] [       Thread-3]&amp#27;[0;39m &amp#27;[2m&amp#27;[0;39m&amp#27;[36mo.s.r2dbc.connection.init.ScriptUtils   &amp#27;[0;39m &amp#27;[2m:&amp#27;[0;39m 0 returned as update count for SQL: CREATE INDEX IF NOT EXISTS idx_transactions_recipient_account_id ON transactions (recipient_account_id)
&amp#27;[2m2025-08-17T16:47:02.861+01:00&amp#27;[0;39m &amp#27;[32mDEBUG&amp#27;[0;39m &amp#27;[35m26824&amp#27;[0;39m &amp#27;[2m---&amp#27;[0;39m &amp#27;[2m[transferer] [       Thread-3]&amp#27;[0;39m &amp#27;[2m&amp#27;[0;39m&amp#27;[36mio.r2dbc.h2.client.SessionClient        &amp#27;[0;39m &amp#27;[2m:&amp#27;[0;39m Request:  CREATE INDEX IF NOT EXISTS idx_transactions_status ON transactions (status)
&amp#27;[2m2025-08-17T16:47:02.862+01:00&amp#27;[0;39m &amp#27;[32mDEBUG&amp#27;[0;39m &amp#27;[35m26824&amp#27;[0;39m &amp#27;[2m---&amp#27;[0;39m &amp#27;[2m[transferer] [       Thread-3]&amp#27;[0;39m &amp#27;[2m&amp#27;[0;39m&amp#27;[36mo.s.r2dbc.connection.init.ScriptUtils   &amp#27;[0;39m &amp#27;[2m:&amp#27;[0;39m 0 returned as update count for SQL: CREATE INDEX IF NOT EXISTS idx_transactions_status ON transactions (status)
&amp#27;[2m2025-08-17T16:47:02.862+01:00&amp#27;[0;39m &amp#27;[32mDEBUG&amp#27;[0;39m &amp#27;[35m26824&amp#27;[0;39m &amp#27;[2m---&amp#27;[0;39m &amp#27;[2m[transferer] [       single-1]&amp#27;[0;39m &amp#27;[2m&amp#27;[0;39m&amp#27;[36mio.r2dbc.h2.client.SessionClient        &amp#27;[0;39m &amp#27;[2m:&amp#27;[0;39m Request:  CALL H2VERSION()
&amp#27;[2m2025-08-17T16:47:02.862+01:00&amp#27;[0;39m &amp#27;[32mDEBUG&amp#27;[0;39m &amp#27;[35m26824&amp#27;[0;39m &amp#27;[2m---&amp#27;[0;39m &amp#27;[2m[transferer] [       Thread-3]&amp#27;[0;39m &amp#27;[2m&amp#27;[0;39m&amp#27;[36mio.r2dbc.h2.client.SessionClient        &amp#27;[0;39m &amp#27;[2m:&amp#27;[0;39m Request:  CREATE INDEX IF NOT EXISTS idx_transactions_created_at ON transactions (created_at)
&amp#27;[2m2025-08-17T16:47:02.862+01:00&amp#27;[0;39m &amp#27;[32mDEBUG&amp#27;[0;39m &amp#27;[35m26824&amp#27;[0;39m &amp#27;[2m---&amp#27;[0;39m &amp#27;[2m[transferer] [       Thread-3]&amp#27;[0;39m &amp#27;[2m&amp#27;[0;39m&amp#27;[36mo.s.r2dbc.connection.init.ScriptUtils   &amp#27;[0;39m &amp#27;[2m:&amp#27;[0;39m 0 returned as update count for SQL: CREATE INDEX IF NOT EXISTS idx_transactions_created_at ON transactions (created_at)
&amp#27;[2m2025-08-17T16:47:02.862+01:00&amp#27;[0;39m &amp#27;[32mDEBUG&amp#27;[0;39m &amp#27;[35m26824&amp#27;[0;39m &amp#27;[2m---&amp#27;[0;39m &amp#27;[2m[transferer] [       single-1]&amp#27;[0;39m &amp#27;[2m&amp#27;[0;39m&amp#27;[36mio.r2dbc.h2.client.SessionClient        &amp#27;[0;39m &amp#27;[2m:&amp#27;[0;39m Response: org.h2.result.LocalResult@35e7059e columns: 1 rows: 1 pos: -1
&amp#27;[2m2025-08-17T16:47:02.862+01:00&amp#27;[0;39m &amp#27;[32mDEBUG&amp#27;[0;39m &amp#27;[35m26824&amp#27;[0;39m &amp#27;[2m---&amp#27;[0;39m &amp#27;[2m[transferer] [       Thread-3]&amp#27;[0;39m &amp#27;[2m&amp#27;[0;39m&amp#27;[36mio.r2dbc.h2.client.SessionClient        &amp#27;[0;39m &amp#27;[2m:&amp#27;[0;39m Request:  CREATE TABLE IF NOT EXISTS payments ( id VARCHAR(255) PRIMARY KEY, transaction_id VARCHAR(255), sender_account_id VARCHAR(255) NOT NULL, recipient_account_id VARCHAR(255) NOT NULL, amount DECIMAL(19,2) NOT NULL, description TEXT, status VARCHAR(20) NOT NULL DEFAULT 'PENDING', current_step VARCHAR(50) NOT NULL DEFAULT 'INITIATED', failure_reason TEXT, created_at TIMESTAMP NOT NULL DEFAULT CURRENT_TIMESTAMP, updated_at TIMESTAMP NOT NULL DEFAULT CURRENT_TIMESTAMP, completed_at TIMESTAMP NULL, CONSTRAINT fk_payments_transaction FOREIGN KEY (transaction_id) REFERENCES transactions(id), CONSTRAINT fk_payments_sender FOREIGN KEY (sender_account_id) REFERENCES accounts(id), CONSTRAINT fk_payments_recipient FOREIGN KEY (recipient_account_id) REFERENCES accounts(id), CONSTRAINT chk_payments_amount_positive CHECK (amount > 0), CONSTRAINT chk_payments_different_accounts CHECK (sender_account_id != recipient_account_id) )
&amp#27;[2m2025-08-17T16:47:02.862+01:00&amp#27;[0;39m &amp#27;[32mDEBUG&amp#27;[0;39m &amp#27;[35m26824&amp#27;[0;39m &amp#27;[2m---&amp#27;[0;39m &amp#27;[2m[transferer] [       Thread-3]&amp#27;[0;39m &amp#27;[2m&amp#27;[0;39m&amp#27;[36mo.s.r2dbc.connection.init.ScriptUtils   &amp#27;[0;39m &amp#27;[2m:&amp#27;[0;39m 0 returned as update count for SQL: CREATE TABLE IF NOT EXISTS payments ( id VARCHAR(255) PRIMARY KEY, transaction_id VARCHAR(255), sender_account_id VARCHAR(255) NOT NULL, recipient_account_id VARCHAR(255) NOT NULL, amount DECIMAL(19,2) NOT NULL, description TEXT, status VARCHAR(20) NOT NULL DEFAULT 'PENDING', current_step VARCHAR(50) NOT NULL DEFAULT 'INITIATED', failure_reason TEXT, created_at TIMESTAMP NOT NULL DEFAULT CURRENT_TIMESTAMP, updated_at TIMESTAMP NOT NULL DEFAULT CURRENT_TIMESTAMP, completed_at TIMESTAMP NULL, CONSTRAINT fk_payments_transaction FOREIGN KEY (transaction_id) REFERENCES transactions(id), CONSTRAINT fk_payments_sender FOREIGN KEY (sender_account_id) REFERENCES accounts(id), CONSTRAINT fk_payments_recipient FOREIGN KEY (recipient_account_id) REFERENCES accounts(id), CONSTRAINT chk_payments_amount_positive CHECK (amount > 0), CONSTRAINT chk_payments_different_accounts CHECK (sender_account_id != recipient_account_id) )
&amp#27;[2m2025-08-17T16:47:02.862+01:00&amp#27;[0;39m &amp#27;[32mDEBUG&amp#27;[0;39m &amp#27;[35m26824&amp#27;[0;39m &amp#27;[2m---&amp#27;[0;39m &amp#27;[2m[transferer] [       Thread-3]&amp#27;[0;39m &amp#27;[2m&amp#27;[0;39m&amp#27;[36mio.r2dbc.h2.client.SessionClient        &amp#27;[0;39m &amp#27;[2m:&amp#27;[0;39m Request:  CREATE INDEX IF NOT EXISTS idx_payments_transaction_id ON payments (transaction_id)
&amp#27;[2m2025-08-17T16:47:02.862+01:00&amp#27;[0;39m &amp#27;[32mDEBUG&amp#27;[0;39m &amp#27;[35m26824&amp#27;[0;39m &amp#27;[2m---&amp#27;[0;39m &amp#27;[2m[transferer] [       Thread-3]&amp#27;[0;39m &amp#27;[2m&amp#27;[0;39m&amp#27;[36mo.s.r2dbc.connection.init.ScriptUtils   &amp#27;[0;39m &amp#27;[2m:&amp#27;[0;39m 0 returned as update count for SQL: CREATE INDEX IF NOT EXISTS idx_payments_transaction_id ON payments (transaction_id)
&amp#27;[2m2025-08-17T16:47:02.862+01:00&amp#27;[0;39m &amp#27;[32mDEBUG&amp#27;[0;39m &amp#27;[35m26824&amp#27;[0;39m &amp#27;[2m---&amp#27;[0;39m &amp#27;[2m[transferer] [       single-1]&amp#27;[0;39m &amp#27;[2m&amp#27;[0;39m&amp#27;[36mio.r2dbc.h2.client.SessionClient        &amp#27;[0;39m &amp#27;[2m:&amp#27;[0;39m Request:  CALL H2VERSION()
&amp#27;[2m2025-08-17T16:47:02.862+01:00&amp#27;[0;39m &amp#27;[32mDEBUG&amp#27;[0;39m &amp#27;[35m26824&amp#27;[0;39m &amp#27;[2m---&amp#27;[0;39m &amp#27;[2m[transferer] [       Thread-3]&amp#27;[0;39m &amp#27;[2m&amp#27;[0;39m&amp#27;[36mio.r2dbc.h2.client.SessionClient        &amp#27;[0;39m &amp#27;[2m:&amp#27;[0;39m Request:  CREATE INDEX IF NOT EXISTS idx_payments_sender_account_id ON payments (sender_account_id)
&amp#27;[2m2025-08-17T16:47:02.862+01:00&amp#27;[0;39m &amp#27;[32mDEBUG&amp#27;[0;39m &amp#27;[35m26824&amp#27;[0;39m &amp#27;[2m---&amp#27;[0;39m &amp#27;[2m[transferer] [       single-1]&amp#27;[0;39m &amp#27;[2m&amp#27;[0;39m&amp#27;[36mio.r2dbc.h2.client.SessionClient        &amp#27;[0;39m &amp#27;[2m:&amp#27;[0;39m Response: org.h2.result.LocalResult@5669b5db columns: 1 rows: 1 pos: -1
&amp#27;[2m2025-08-17T16:47:02.862+01:00&amp#27;[0;39m &amp#27;[32mDEBUG&amp#27;[0;39m &amp#27;[35m26824&amp#27;[0;39m &amp#27;[2m---&amp#27;[0;39m &amp#27;[2m[transferer] [       Thread-3]&amp#27;[0;39m &amp#27;[2m&amp#27;[0;39m&amp#27;[36mo.s.r2dbc.connection.init.ScriptUtils   &amp#27;[0;39m &amp#27;[2m:&amp#27;[0;39m 0 returned as update count for SQL: CREATE INDEX IF NOT EXISTS idx_payments_sender_account_id ON payments (sender_account_id)
&amp#27;[2m2025-08-17T16:47:02.862+01:00&amp#27;[0;39m &amp#27;[32mDEBUG&amp#27;[0;39m &amp#27;[35m26824&amp#27;[0;39m &amp#27;[2m---&amp#27;[0;39m &amp#27;[2m[transferer] [       Thread-3]&amp#27;[0;39m &amp#27;[2m&amp#27;[0;39m&amp#27;[36mio.r2dbc.h2.client.SessionClient        &amp#27;[0;39m &amp#27;[2m:&amp#27;[0;39m Request:  CREATE INDEX IF NOT EXISTS idx_payments_recipient_account_id ON payments (recipient_account_id)
&amp#27;[2m2025-08-17T16:47:02.862+01:00&amp#27;[0;39m &amp#27;[32mDEBUG&amp#27;[0;39m &amp#27;[35m26824&amp#27;[0;39m &amp#27;[2m---&amp#27;[0;39m &amp#27;[2m[transferer] [       single-1]&amp#27;[0;39m &amp#27;[2m&amp#27;[0;39m&amp#27;[36mio.r2dbc.h2.client.SessionClient        &amp#27;[0;39m &amp#27;[2m:&amp#27;[0;39m Request:  CALL H2VERSION()
&amp#27;[2m2025-08-17T16:47:02.862+01:00&amp#27;[0;39m &amp#27;[32mDEBUG&amp#27;[0;39m &amp#27;[35m26824&amp#27;[0;39m &amp#27;[2m---&amp#27;[0;39m &amp#27;[2m[transferer] [       Thread-3]&amp#27;[0;39m &amp#27;[2m&amp#27;[0;39m&amp#27;[36mo.s.r2dbc.connection.init.ScriptUtils   &amp#27;[0;39m &amp#27;[2m:&amp#27;[0;39m 0 returned as update count for SQL: CREATE INDEX IF NOT EXISTS idx_payments_recipient_account_id ON payments (recipient_account_id)
&amp#27;[2m2025-08-17T16:47:02.862+01:00&amp#27;[0;39m &amp#27;[32mDEBUG&amp#27;[0;39m &amp#27;[35m26824&amp#27;[0;39m &amp#27;[2m---&amp#27;[0;39m &amp#27;[2m[transferer] [       single-1]&amp#27;[0;39m &amp#27;[2m&amp#27;[0;39m&amp#27;[36mio.r2dbc.h2.client.SessionClient        &amp#27;[0;39m &amp#27;[2m:&amp#27;[0;39m Response: org.h2.result.LocalResult@6dc64727 columns: 1 rows: 1 pos: -1
&amp#27;[2m2025-08-17T16:47:02.862+01:00&amp#27;[0;39m &amp#27;[32mDEBUG&amp#27;[0;39m &amp#27;[35m26824&amp#27;[0;39m &amp#27;[2m---&amp#27;[0;39m &amp#27;[2m[transferer] [       Thread-3]&amp#27;[0;39m &amp#27;[2m&amp#27;[0;39m&amp#27;[36mio.r2dbc.h2.client.SessionClient        &amp#27;[0;39m &amp#27;[2m:&amp#27;[0;39m Request:  CREATE INDEX IF NOT EXISTS idx_payments_status ON payments (status)
&amp#27;[2m2025-08-17T16:47:02.863+01:00&amp#27;[0;39m &amp#27;[32mDEBUG&amp#27;[0;39m &amp#27;[35m26824&amp#27;[0;39m &amp#27;[2m---&amp#27;[0;39m &amp#27;[2m[transferer] [       Thread-3]&amp#27;[0;39m &amp#27;[2m&amp#27;[0;39m&amp#27;[36mo.s.r2dbc.connection.init.ScriptUtils   &amp#27;[0;39m &amp#27;[2m:&amp#27;[0;39m 0 returned as update count for SQL: CREATE INDEX IF NOT EXISTS idx_payments_status ON payments (status)
&amp#27;[2m2025-08-17T16:47:02.863+01:00&amp#27;[0;39m &amp#27;[32mDEBUG&amp#27;[0;39m &amp#27;[35m26824&amp#27;[0;39m &amp#27;[2m---&amp#27;[0;39m &amp#27;[2m[transferer] [       single-1]&amp#27;[0;39m &amp#27;[2m&amp#27;[0;39m&amp#27;[36mio.r2dbc.h2.client.SessionClient        &amp#27;[0;39m &amp#27;[2m:&amp#27;[0;39m Request:  CALL H2VERSION()
&amp#27;[2m2025-08-17T16:47:02.863+01:00&amp#27;[0;39m &amp#27;[32mDEBUG&amp#27;[0;39m &amp#27;[35m26824&amp#27;[0;39m &amp#27;[2m---&amp#27;[0;39m &amp#27;[2m[transferer] [       single-1]&amp#27;[0;39m &amp#27;[2m&amp#27;[0;39m&amp#27;[36mio.r2dbc.h2.client.SessionClient        &amp#27;[0;39m &amp#27;[2m:&amp#27;[0;39m Response: org.h2.result.LocalResult@152cfc99 columns: 1 rows: 1 pos: -1
&amp#27;[2m2025-08-17T16:47:02.863+01:00&amp#27;[0;39m &amp#27;[32mDEBUG&amp#27;[0;39m &amp#27;[35m26824&amp#27;[0;39m &amp#27;[2m---&amp#27;[0;39m &amp#27;[2m[transferer] [       Thread-3]&amp#27;[0;39m &amp#27;[2m&amp#27;[0;39m&amp#27;[36mio.r2dbc.h2.client.SessionClient        &amp#27;[0;39m &amp#27;[2m:&amp#27;[0;39m Request:  CREATE INDEX IF NOT EXISTS idx_payments_current_step ON payments (current_step)
&amp#27;[2m2025-08-17T16:47:02.863+01:00&amp#27;[0;39m &amp#27;[32mDEBUG&amp#27;[0;39m &amp#27;[35m26824&amp#27;[0;39m &amp#27;[2m---&amp#27;[0;39m &amp#27;[2m[transferer] [       Thread-3]&amp#27;[0;39m &amp#27;[2m&amp#27;[0;39m&amp#27;[36mo.s.r2dbc.connection.init.ScriptUtils   &amp#27;[0;39m &amp#27;[2m:&amp#27;[0;39m 0 returned as update count for SQL: CREATE INDEX IF NOT EXISTS idx_payments_current_step ON payments (current_step)
&amp#27;[2m2025-08-17T16:47:02.863+01:00&amp#27;[0;39m &amp#27;[32mDEBUG&amp#27;[0;39m &amp#27;[35m26824&amp#27;[0;39m &amp#27;[2m---&amp#27;[0;39m &amp#27;[2m[transferer] [       Thread-3]&amp#27;[0;39m &amp#27;[2m&amp#27;[0;39m&amp#27;[36mio.r2dbc.h2.client.SessionClient        &amp#27;[0;39m &amp#27;[2m:&amp#27;[0;39m Request:  CREATE INDEX IF NOT EXISTS idx_payments_created_at ON payments (created_at)
&amp#27;[2m2025-08-17T16:47:02.863+01:00&amp#27;[0;39m &amp#27;[32mDEBUG&amp#27;[0;39m &amp#27;[35m26824&amp#27;[0;39m &amp#27;[2m---&amp#27;[0;39m &amp#27;[2m[transferer] [       single-1]&amp#27;[0;39m &amp#27;[2m&amp#27;[0;39m&amp#27;[36mio.r2dbc.h2.client.SessionClient        &amp#27;[0;39m &amp#27;[2m:&amp#27;[0;39m Request:  CALL H2VERSION()
&amp#27;[2m2025-08-17T16:47:02.863+01:00&amp#27;[0;39m &amp#27;[32mDEBUG&amp#27;[0;39m &amp#27;[35m26824&amp#27;[0;39m &amp#27;[2m---&amp#27;[0;39m &amp#27;[2m[transferer] [       Thread-3]&amp#27;[0;39m &amp#27;[2m&amp#27;[0;39m&amp#27;[36mo.s.r2dbc.connection.init.ScriptUtils   &amp#27;[0;39m &amp#27;[2m:&amp#27;[0;39m 0 returned as update count for SQL: CREATE INDEX IF NOT EXISTS idx_payments_created_at ON payments (created_at)
&amp#27;[2m2025-08-17T16:47:02.863+01:00&amp#27;[0;39m &amp#27;[32mDEBUG&amp#27;[0;39m &amp#27;[35m26824&amp#27;[0;39m &amp#27;[2m---&amp#27;[0;39m &amp#27;[2m[transferer] [       single-1]&amp#27;[0;39m &amp#27;[2m&amp#27;[0;39m&amp#27;[36mio.r2dbc.h2.client.SessionClient        &amp#27;[0;39m &amp#27;[2m:&amp#27;[0;39m Response: org.h2.result.LocalResult@18eac057 columns: 1 rows: 1 pos: -1
&amp#27;[2m2025-08-17T16:47:02.863+01:00&amp#27;[0;39m &amp#27;[32mDEBUG&amp#27;[0;39m &amp#27;[35m26824&amp#27;[0;39m &amp#27;[2m---&amp#27;[0;39m &amp#27;[2m[transferer] [       Thread-3]&amp#27;[0;39m &amp#27;[2m&amp#27;[0;39m&amp#27;[36mio.r2dbc.h2.client.SessionClient        &amp#27;[0;39m &amp#27;[2m:&amp#27;[0;39m Request:  CREATE TABLE IF NOT EXISTS outbox_events ( id BIGINT AUTO_INCREMENT PRIMARY KEY, event_id VARCHAR(255) UNIQUE NOT NULL, event_type VARCHAR(255) NOT NULL, aggregate_id VARCHAR(255) NOT NULL, event_data CLOB NOT NULL, occurred_at TIMESTAMP NOT NULL, processed_at TIMESTAMP NULL, created_at TIMESTAMP NOT NULL DEFAULT CURRENT_TIMESTAMP )
&amp#27;[2m2025-08-17T16:47:02.863+01:00&amp#27;[0;39m &amp#27;[32mDEBUG&amp#27;[0;39m &amp#27;[35m26824&amp#27;[0;39m &amp#27;[2m---&amp#27;[0;39m &amp#27;[2m[transferer] [       Thread-3]&amp#27;[0;39m &amp#27;[2m&amp#27;[0;39m&amp#27;[36mo.s.r2dbc.connection.init.ScriptUtils   &amp#27;[0;39m &amp#27;[2m:&amp#27;[0;39m 0 returned as update count for SQL: CREATE TABLE IF NOT EXISTS outbox_events ( id BIGINT AUTO_INCREMENT PRIMARY KEY, event_id VARCHAR(255) UNIQUE NOT NULL, event_type VARCHAR(255) NOT NULL, aggregate_id VARCHAR(255) NOT NULL, event_data CLOB NOT NULL, occurred_at TIMESTAMP NOT NULL, processed_at TIMESTAMP NULL, created_at TIMESTAMP NOT NULL DEFAULT CURRENT_TIMESTAMP )
&amp#27;[2m2025-08-17T16:47:02.863+01:00&amp#27;[0;39m &amp#27;[32mDEBUG&amp#27;[0;39m &amp#27;[35m26824&amp#27;[0;39m &amp#27;[2m---&amp#27;[0;39m &amp#27;[2m[transferer] [       Thread-3]&amp#27;[0;39m &amp#27;[2m&amp#27;[0;39m&amp#27;[36mio.r2dbc.h2.client.SessionClient        &amp#27;[0;39m &amp#27;[2m:&amp#27;[0;39m Request:  CREATE INDEX IF NOT EXISTS idx_outbox_events_processed_at ON outbox_events (processed_at)
&amp#27;[2m2025-08-17T16:47:02.863+01:00&amp#27;[0;39m &amp#27;[32mDEBUG&amp#27;[0;39m &amp#27;[35m26824&amp#27;[0;39m &amp#27;[2m---&amp#27;[0;39m &amp#27;[2m[transferer] [       Thread-3]&amp#27;[0;39m &amp#27;[2m&amp#27;[0;39m&amp#27;[36mo.s.r2dbc.connection.init.ScriptUtils   &amp#27;[0;39m &amp#27;[2m:&amp#27;[0;39m 0 returned as update count for SQL: CREATE INDEX IF NOT EXISTS idx_outbox_events_processed_at ON outbox_events (processed_at)
&amp#27;[2m2025-08-17T16:47:02.863+01:00&amp#27;[0;39m &amp#27;[32mDEBUG&amp#27;[0;39m &amp#27;[35m26824&amp#27;[0;39m &amp#27;[2m---&amp#27;[0;39m &amp#27;[2m[transferer] [       Thread-3]&amp#27;[0;39m &amp#27;[2m&amp#27;[0;39m&amp#27;[36mio.r2dbc.h2.client.SessionClient        &amp#27;[0;39m &amp#27;[2m:&amp#27;[0;39m Request:  CREATE INDEX IF NOT EXISTS idx_outbox_events_event_type ON outbox_events (event_type)
&amp#27;[2m2025-08-17T16:47:02.863+01:00&amp#27;[0;39m &amp#27;[32mDEBUG&amp#27;[0;39m &amp#27;[35m26824&amp#27;[0;39m &amp#27;[2m---&amp#27;[0;39m &amp#27;[2m[transferer] [       Thread-3]&amp#27;[0;39m &amp#27;[2m&amp#27;[0;39m&amp#27;[36mo.s.r2dbc.connection.init.ScriptUtils   &amp#27;[0;39m &amp#27;[2m:&amp#27;[0;39m 0 returned as update count for SQL: CREATE INDEX IF NOT EXISTS idx_outbox_events_event_type ON outbox_events (event_type)
&amp#27;[2m2025-08-17T16:47:02.863+01:00&amp#27;[0;39m &amp#27;[32mDEBUG&amp#27;[0;39m &amp#27;[35m26824&amp#27;[0;39m &amp#27;[2m---&amp#27;[0;39m &amp#27;[2m[transferer] [       Thread-3]&amp#27;[0;39m &amp#27;[2m&amp#27;[0;39m&amp#27;[36mio.r2dbc.h2.client.SessionClient        &amp#27;[0;39m &amp#27;[2m:&amp#27;[0;39m Request:  CREATE INDEX IF NOT EXISTS idx_outbox_events_occurred_at ON outbox_events (occurred_at)
&amp#27;[2m2025-08-17T16:47:02.863+01:00&amp#27;[0;39m &amp#27;[32mDEBUG&amp#27;[0;39m &amp#27;[35m26824&amp#27;[0;39m &amp#27;[2m---&amp#27;[0;39m &amp#27;[2m[transferer] [       Thread-3]&amp#27;[0;39m &amp#27;[2m&amp#27;[0;39m&amp#27;[36mo.s.r2dbc.connection.init.ScriptUtils   &amp#27;[0;39m &amp#27;[2m:&amp#27;[0;39m 0 returned as update count for SQL: CREATE INDEX IF NOT EXISTS idx_outbox_events_occurred_at ON outbox_events (occurred_at)
&amp#27;[2m2025-08-17T16:47:02.863+01:00&amp#27;[0;39m &amp#27;[32mDEBUG&amp#27;[0;39m &amp#27;[35m26824&amp#27;[0;39m &amp#27;[2m---&amp#27;[0;39m &amp#27;[2m[transferer] [       Thread-3]&amp#27;[0;39m &amp#27;[2m&amp#27;[0;39m&amp#27;[36mo.s.r2dbc.connection.init.ScriptUtils   &amp#27;[0;39m &amp#27;[2m:&amp#27;[0;39m Executed SQL script from class path resource [test-schema.sql] in 3 ms.
&amp#27;[2m2025-08-17T16:47:02.863+01:00&amp#27;[0;39m &amp#27;[32mDEBUG&amp#27;[0;39m &amp#27;[35m26824&amp#27;[0;39m &amp#27;[2m---&amp#27;[0;39m &amp#27;[2m[transferer] [       Thread-3]&amp#27;[0;39m &amp#27;[2m&amp#27;[0;39m&amp#27;[36mio.r2dbc.h2.client.SessionClient        &amp#27;[0;39m &amp#27;[2m:&amp#27;[0;39m Request:  SELECT CURRENT_TIMESTAMP
&amp#27;[2m2025-08-17T16:47:02.863+01:00&amp#27;[0;39m &amp#27;[32mDEBUG&amp#27;[0;39m &amp#27;[35m26824&amp#27;[0;39m &amp#27;[2m---&amp#27;[0;39m &amp#27;[2m[transferer] [       Thread-3]&amp#27;[0;39m &amp#27;[2m&amp#27;[0;39m&amp#27;[36mio.r2dbc.h2.client.SessionClient        &amp#27;[0;39m &amp#27;[2m:&amp#27;[0;39m Response: org.h2.result.LocalResult@327108bb columns: 1 rows: 1 pos: -1
&amp#27;[2m2025-08-17T16:47:02.865+01:00&amp#27;[0;39m &amp#27;[32m INFO&amp#27;[0;39m &amp#27;[35m26824&amp#27;[0;39m &amp#27;[2m---&amp#27;[0;39m &amp#27;[2m[transferer] [           main]&amp#27;[0;39m &amp#27;[2m&amp#27;[0;39m&amp#27;[36mc.t.p.PaymentSagaDbIntegrationTest      &amp#27;[0;39m &amp#27;[2m:&amp#27;[0;39m Started PaymentSagaDbIntegrationTest in 0.081 seconds (process running for 1.701)
&amp#27;[2m2025-08-17T16:47:02.866+01:00&amp#27;[0;39m &amp#27;[32mDEBUG&amp#27;[0;39m &amp#27;[35m26824&amp#27;[0;39m &amp#27;[2m---&amp#27;[0;39m &amp#27;[2m[transferer] [           main]&amp#27;[0;39m &amp#27;[2m&amp#27;[0;39m&amp#27;[36mo.s.r.c.R2dbcTransactionManager         &amp#27;[0;39m &amp#27;[2m:&amp#27;[0;39m Creating new transaction with name [com.transferer.account.application.AccountService.openAccount]: PROPAGATION_REQUIRED,ISOLATION_DEFAULT
&amp#27;[2m2025-08-17T16:47:02.866+01:00&amp#27;[0;39m &amp#27;[32mDEBUG&amp#27;[0;39m &amp#27;[35m26824&amp#27;[0;39m &amp#27;[2m---&amp#27;[0;39m &amp#27;[2m[transferer] [           main]&amp#27;[0;39m &amp#27;[2m&amp#27;[0;39m&amp#27;[36mio.r2dbc.h2.client.SessionClient        &amp#27;[0;39m &amp#27;[2m:&amp#27;[0;39m Request:  SELECT 1
&amp#27;[2m2025-08-17T16:47:02.866+01:00&amp#27;[0;39m &amp#27;[32mDEBUG&amp#27;[0;39m &amp#27;[35m26824&amp#27;[0;39m &amp#27;[2m---&amp#27;[0;39m &amp#27;[2m[transferer] [           main]&amp#27;[0;39m &amp#27;[2m&amp#27;[0;39m&amp#27;[36mio.r2dbc.h2.client.SessionClient        &amp#27;[0;39m &amp#27;[2m:&amp#27;[0;39m Response: org.h2.result.LocalResult@4045fd1f columns: 1 rows: 1 pos: -1
&amp#27;[2m2025-08-17T16:47:02.866+01:00&amp#27;[0;39m &amp#27;[32mDEBUG&amp#27;[0;39m &amp#27;[35m26824&amp#27;[0;39m &amp#27;[2m---&amp#27;[0;39m &amp#27;[2m[transferer] [           main]&amp#27;[0;39m &amp#27;[2m&amp#27;[0;39m&amp#27;[36mo.s.r.c.R2dbcTransactionManager         &amp#27;[0;39m &amp#27;[2m:&amp#27;[0;39m Acquired Connection [PooledConnection[io.r2dbc.h2.H2Connection@13ee97af]] for R2DBC transaction
&amp#27;[2m2025-08-17T16:47:02.866+01:00&amp#27;[0;39m &amp#27;[32mDEBUG&amp#27;[0;39m &amp#27;[35m26824&amp#27;[0;39m &amp#27;[2m---&amp#27;[0;39m &amp#27;[2m[transferer] [           main]&amp#27;[0;39m &amp#27;[2m&amp#27;[0;39m&amp#27;[36mo.s.r.c.R2dbcTransactionManager         &amp#27;[0;39m &amp#27;[2m:&amp#27;[0;39m Starting R2DBC transaction on Connection [PooledConnection[io.r2dbc.h2.H2Connection@13ee97af]] using [ExtendedTransactionDefinition [transactionName='com.transferer.account.application.AccountService.openAccount', readOnly=false, isolationLevel=null, lockWaitTimeout=PT0S]]
&amp#27;[2m2025-08-17T16:47:02.867+01:00&amp#27;[0;39m &amp#27;[33m WARN&amp#27;[0;39m &amp#27;[35m26824&amp#27;[0;39m &amp#27;[2m---&amp#27;[0;39m &amp#27;[2m[transferer] [           main]&amp#27;[0;39m &amp#27;[2m&amp#27;[0;39m&amp#27;[36mio.r2dbc.h2.H2Connection                &amp#27;[0;39m &amp#27;[2m:&amp#27;[0;39m Option{name='readOnly', sensitive=false} + isn't supported in H2 at the transaction level. You must set it on conenction URL. See http://www.h2database.com/html/features.html#read_only
&amp#27;[2m2025-08-17T16:47:02.867+01:00&amp#27;[0;39m &amp#27;[32mDEBUG&amp#27;[0;39m &amp#27;[35m26824&amp#27;[0;39m &amp#27;[2m---&amp#27;[0;39m &amp#27;[2m[transferer] [           main]&amp#27;[0;39m &amp#27;[2m&amp#27;[0;39m&amp#27;[36mo.s.r2dbc.core.DefaultDatabaseClient    &amp#27;[0;39m &amp#27;[2m:&amp#27;[0;39m Executing SQL statement [SELECT accounts.ID FROM accounts WHERE accounts.account_number = $1 LIMIT 1]
&amp#27;[2m2025-08-17T16:47:02.867+01:00&amp#27;[0;39m &amp#27;[32mDEBUG&amp#27;[0;39m &amp#27;[35m26824&amp#27;[0;39m &amp#27;[2m---&amp#27;[0;39m &amp#27;[2m[transferer] [           main]&amp#27;[0;39m &amp#27;[2m&amp#27;[0;39m&amp#27;[36mio.r2dbc.h2.client.SessionClient        &amp#27;[0;39m &amp#27;[2m:&amp#27;[0;39m Request:  SELECT accounts.ID FROM accounts WHERE accounts.account_number = $1 LIMIT 1 {1: '0482185028'}
&amp#27;[2m2025-08-17T16:47:02.867+01:00&amp#27;[0;39m &amp#27;[32mDEBUG&amp#27;[0;39m &amp#27;[35m26824&amp#27;[0;39m &amp#27;[2m---&amp#27;[0;39m &amp#27;[2m[transferer] [           main]&amp#27;[0;39m &amp#27;[2m&amp#27;[0;39m&amp#27;[36mio.r2dbc.h2.client.SessionClient        &amp#27;[0;39m &amp#27;[2m:&amp#27;[0;39m Response: org.h2.result.LocalResult@341ccfd1 columns: 1 rows: 0 pos: -1
&amp#27;[2m2025-08-17T16:47:02.868+01:00&amp#27;[0;39m &amp#27;[32mDEBUG&amp#27;[0;39m &amp#27;[35m26824&amp#27;[0;39m &amp#27;[2m---&amp#27;[0;39m &amp#27;[2m[transferer] [           main]&amp#27;[0;39m &amp#27;[2m&amp#27;[0;39m&amp#27;[36mo.s.r.c.R2dbcTransactionManager         &amp#27;[0;39m &amp#27;[2m:&amp#27;[0;39m Participating in existing transaction
&amp#27;[2m2025-08-17T16:47:02.869+01:00&amp#27;[0;39m &amp#27;[32mDEBUG&amp#27;[0;39m &amp#27;[35m26824&amp#27;[0;39m &amp#27;[2m---&amp#27;[0;39m &amp#27;[2m[transferer] [           main]&amp#27;[0;39m &amp#27;[2m&amp#27;[0;39m&amp#27;[36mo.s.r2dbc.core.DefaultDatabaseClient    &amp#27;[0;39m &amp#27;[2m:&amp#27;[0;39m Executing SQL statement [INSERT INTO accounts (ID, account_number, holder_name, balance, status, created_at, updated_at) VALUES ($1, $2, $3, $4, $5, $6, $7)]
&amp#27;[2m2025-08-17T16:47:02.869+01:00&amp#27;[0;39m &amp#27;[32mDEBUG&amp#27;[0;39m &amp#27;[35m26824&amp#27;[0;39m &amp#27;[2m---&amp#27;[0;39m &amp#27;[2m[transferer] [           main]&amp#27;[0;39m &amp#27;[2m&amp#27;[0;39m&amp#27;[36mio.r2dbc.h2.client.SessionClient        &amp#27;[0;39m &amp#27;[2m:&amp#27;[0;39m Request:  INSERT INTO accounts (ID, account_number, holder_name, balance, status, created_at, updated_at) VALUES ($1, $2, $3, $4, $5, $6, $7) {1: '81b6a268-f544-4066-8c71-ccf8acd617d4', 2: '0482185028', 3: 'John Doe', 4: 1000.00, 5: 'ACTIVE', 6: TIMESTAMP '2025-08-17 16:47:02.867961', 7: TIMESTAMP '2025-08-17 16:47:02.867966'}
&amp#27;[2m2025-08-17T16:47:02.870+01:00&amp#27;[0;39m &amp#27;[32mDEBUG&amp#27;[0;39m &amp#27;[35m26824&amp#27;[0;39m &amp#27;[2m---&amp#27;[0;39m &amp#27;[2m[transferer] [           main]&amp#27;[0;39m &amp#27;[2m&amp#27;[0;39m&amp#27;[36mo.s.r.c.R2dbcTransactionManager         &amp#27;[0;39m &amp#27;[2m:&amp#27;[0;39m Participating in existing transaction
&amp#27;[2m2025-08-17T16:47:02.872+01:00&amp#27;[0;39m &amp#27;[32mDEBUG&amp#27;[0;39m &amp#27;[35m26824&amp#27;[0;39m &amp#27;[2m---&amp#27;[0;39m &amp#27;[2m[transferer] [           main]&amp#27;[0;39m &amp#27;[2m&amp#27;[0;39m&amp#27;[36mo.s.r2dbc.core.DefaultDatabaseClient    &amp#27;[0;39m &amp#27;[2m:&amp#27;[0;39m Executing SQL statement [INSERT INTO outbox_events (event_id, event_type, aggregate_id, event_data, occurred_at, created_at) VALUES ($1, $2, $3, $4, $5, $6)]
&amp#27;[2m2025-08-17T16:47:02.872+01:00&amp#27;[0;39m &amp#27;[32mDEBUG&amp#27;[0;39m &amp#27;[35m26824&amp#27;[0;39m &amp#27;[2m---&amp#27;[0;39m &amp#27;[2m[transferer] [           main]&amp#27;[0;39m &amp#27;[2m&amp#27;[0;39m&amp#27;[36mio.r2dbc.h2.client.SessionClient        &amp#27;[0;39m &amp#27;[2m:&amp#27;[0;39m Request:  INSERT INTO outbox_events (event_id, event_type, aggregate_id, event_data, occurred_at, created_at) VALUES ($1, $2, $3, $4, $5, $6) {1: '0748eeaa-ed50-49ea-8f60-2f52a21a654d', 2: 'ACCOUNT_OPENED', 3: '81b6a268-f544-4066-8c71-ccf8acd617d4', 4: '{"@class":"com.transferer.account.domain.events.body.AccountOpenedEventBody","accountId":{"value":"81b6a268-f544-4066-8c71-ccf8acd617d4"},"accountNumber":"0482185028","holderName":"John Doe","initialBalance":1000.00}', 5: TIMESTAMP WITH TIME ZONE '2025-08-17 15:47:02.867983+00', 6: TIMESTAMP WITH TIME ZONE '2025-08-17 15:47:02.871376+00'}
&amp#27;[2m2025-08-17T16:47:02.872+01:00&amp#27;[0;39m &amp#27;[32mDEBUG&amp#27;[0;39m &amp#27;[35m26824&amp#27;[0;39m &amp#27;[2m---&amp#27;[0;39m &amp#27;[2m[transferer] [           main]&amp#27;[0;39m &amp#27;[2m&amp#27;[0;39m&amp#27;[36mo.s.r.c.R2dbcTransactionManager         &amp#27;[0;39m &amp#27;[2m:&amp#27;[0;39m Initiating transaction commit
&amp#27;[2m2025-08-17T16:47:02.873+01:00&amp#27;[0;39m &amp#27;[32mDEBUG&amp#27;[0;39m &amp#27;[35m26824&amp#27;[0;39m &amp#27;[2m---&amp#27;[0;39m &amp#27;[2m[transferer] [           main]&amp#27;[0;39m &amp#27;[2m&amp#27;[0;39m&amp#27;[36mo.s.r.c.R2dbcTransactionManager         &amp#27;[0;39m &amp#27;[2m:&amp#27;[0;39m Committing R2DBC transaction on Connection [PooledConnection[io.r2dbc.h2.H2Connection@13ee97af]]
&amp#27;[2m2025-08-17T16:47:02.873+01:00&amp#27;[0;39m &amp#27;[32mDEBUG&amp#27;[0;39m &amp#27;[35m26824&amp#27;[0;39m &amp#27;[2m---&amp#27;[0;39m &amp#27;[2m[transferer] [           main]&amp#27;[0;39m &amp#27;[2m&amp#27;[0;39m&amp#27;[36mio.r2dbc.h2.client.SessionClient        &amp#27;[0;39m &amp#27;[2m:&amp#27;[0;39m Request:  COMMIT
&amp#27;[2m2025-08-17T16:47:02.873+01:00&amp#27;[0;39m &amp#27;[32mDEBUG&amp#27;[0;39m &amp#27;[35m26824&amp#27;[0;39m &amp#27;[2m---&amp#27;[0;39m &amp#27;[2m[transferer] [           main]&amp#27;[0;39m &amp#27;[2m&amp#27;[0;39m&amp#27;[36mo.s.r.c.R2dbcTransactionManager         &amp#27;[0;39m &amp#27;[2m:&amp#27;[0;39m Releasing R2DBC Connection [PooledConnection[io.r2dbc.h2.H2Connection@13ee97af]] after transaction
&amp#27;[2m2025-08-17T16:47:02.873+01:00&amp#27;[0;39m &amp#27;[32mDEBUG&amp#27;[0;39m &amp#27;[35m26824&amp#27;[0;39m &amp#27;[2m---&amp#27;[0;39m &amp#27;[2m[transferer] [           main]&amp#27;[0;39m &amp#27;[2m&amp#27;[0;39m&amp#27;[36mio.r2dbc.h2.client.SessionClient        &amp#27;[0;39m &amp#27;[2m:&amp#27;[0;39m Request:  SELECT CURRENT_TIMESTAMP
&amp#27;[2m2025-08-17T16:47:02.873+01:00&amp#27;[0;39m &amp#27;[32mDEBUG&amp#27;[0;39m &amp#27;[35m26824&amp#27;[0;39m &amp#27;[2m---&amp#27;[0;39m &amp#27;[2m[transferer] [           main]&amp#27;[0;39m &amp#27;[2m&amp#27;[0;39m&amp#27;[36mio.r2dbc.h2.client.SessionClient        &amp#27;[0;39m &amp#27;[2m:&amp#27;[0;39m Response: org.h2.result.LocalResult@6906be0f columns: 1 rows: 1 pos: -1
&amp#27;[2m2025-08-17T16:47:02.873+01:00&amp#27;[0;39m &amp#27;[32mDEBUG&amp#27;[0;39m &amp#27;[35m26824&amp#27;[0;39m &amp#27;[2m---&amp#27;[0;39m &amp#27;[2m[transferer] [           main]&amp#27;[0;39m &amp#27;[2m&amp#27;[0;39m&amp#27;[36mo.s.r.c.R2dbcTransactionManager         &amp#27;[0;39m &amp#27;[2m:&amp#27;[0;39m Creating new transaction with name [com.transferer.account.application.AccountService.openAccount]: PROPAGATION_REQUIRED,ISOLATION_DEFAULT
&amp#27;[2m2025-08-17T16:47:02.873+01:00&amp#27;[0;39m &amp#27;[32mDEBUG&amp#27;[0;39m &amp#27;[35m26824&amp#27;[0;39m &amp#27;[2m---&amp#27;[0;39m &amp#27;[2m[transferer] [           main]&amp#27;[0;39m &amp#27;[2m&amp#27;[0;39m&amp#27;[36mio.r2dbc.h2.client.SessionClient        &amp#27;[0;39m &amp#27;[2m:&amp#27;[0;39m Request:  SELECT 1
&amp#27;[2m2025-08-17T16:47:02.873+01:00&amp#27;[0;39m &amp#27;[32mDEBUG&amp#27;[0;39m &amp#27;[35m26824&amp#27;[0;39m &amp#27;[2m---&amp#27;[0;39m &amp#27;[2m[transferer] [           main]&amp#27;[0;39m &amp#27;[2m&amp#27;[0;39m&amp#27;[36mio.r2dbc.h2.client.SessionClient        &amp#27;[0;39m &amp#27;[2m:&amp#27;[0;39m Response: org.h2.result.LocalResult@7a62d697 columns: 1 rows: 1 pos: -1
&amp#27;[2m2025-08-17T16:47:02.873+01:00&amp#27;[0;39m &amp#27;[32mDEBUG&amp#27;[0;39m &amp#27;[35m26824&amp#27;[0;39m &amp#27;[2m---&amp#27;[0;39m &amp#27;[2m[transferer] [           main]&amp#27;[0;39m &amp#27;[2m&amp#27;[0;39m&amp#27;[36mo.s.r.c.R2dbcTransactionManager         &amp#27;[0;39m &amp#27;[2m:&amp#27;[0;39m Acquired Connection [PooledConnection[io.r2dbc.h2.H2Connection@13ee97af]] for R2DBC transaction
&amp#27;[2m2025-08-17T16:47:02.873+01:00&amp#27;[0;39m &amp#27;[32mDEBUG&amp#27;[0;39m &amp#27;[35m26824&amp#27;[0;39m &amp#27;[2m---&amp#27;[0;39m &amp#27;[2m[transferer] [           main]&amp#27;[0;39m &amp#27;[2m&amp#27;[0;39m&amp#27;[36mo.s.r.c.R2dbcTransactionManager         &amp#27;[0;39m &amp#27;[2m:&amp#27;[0;39m Starting R2DBC transaction on Connection [PooledConnection[io.r2dbc.h2.H2Connection@13ee97af]] using [ExtendedTransactionDefinition [transactionName='com.transferer.account.application.AccountService.openAccount', readOnly=false, isolationLevel=null, lockWaitTimeout=PT0S]]
&amp#27;[2m2025-08-17T16:47:02.873+01:00&amp#27;[0;39m &amp#27;[33m WARN&amp#27;[0;39m &amp#27;[35m26824&amp#27;[0;39m &amp#27;[2m---&amp#27;[0;39m &amp#27;[2m[transferer] [           main]&amp#27;[0;39m &amp#27;[2m&amp#27;[0;39m&amp#27;[36mio.r2dbc.h2.H2Connection                &amp#27;[0;39m &amp#27;[2m:&amp#27;[0;39m Option{name='readOnly', sensitive=false} + isn't supported in H2 at the transaction level. You must set it on conenction URL. See http://www.h2database.com/html/features.html#read_only
&amp#27;[2m2025-08-17T16:47:02.873+01:00&amp#27;[0;39m &amp#27;[32mDEBUG&amp#27;[0;39m &amp#27;[35m26824&amp#27;[0;39m &amp#27;[2m---&amp#27;[0;39m &amp#27;[2m[transferer] [           main]&amp#27;[0;39m &amp#27;[2m&amp#27;[0;39m&amp#27;[36mo.s.r2dbc.core.DefaultDatabaseClient    &amp#27;[0;39m &amp#27;[2m:&amp#27;[0;39m Executing SQL statement [SELECT accounts.ID FROM accounts WHERE accounts.account_number = $1 LIMIT 1]
&amp#27;[2m2025-08-17T16:47:02.874+01:00&amp#27;[0;39m &amp#27;[32mDEBUG&amp#27;[0;39m &amp#27;[35m26824&amp#27;[0;39m &amp#27;[2m---&amp#27;[0;39m &amp#27;[2m[transferer] [           main]&amp#27;[0;39m &amp#27;[2m&amp#27;[0;39m&amp#27;[36mio.r2dbc.h2.client.SessionClient        &amp#27;[0;39m &amp#27;[2m:&amp#27;[0;39m Request:  SELECT accounts.ID FROM accounts WHERE accounts.account_number = $1 LIMIT 1 {1: '0749314727'}
&amp#27;[2m2025-08-17T16:47:02.874+01:00&amp#27;[0;39m &amp#27;[32mDEBUG&amp#27;[0;39m &amp#27;[35m26824&amp#27;[0;39m &amp#27;[2m---&amp#27;[0;39m &amp#27;[2m[transferer] [           main]&amp#27;[0;39m &amp#27;[2m&amp#27;[0;39m&amp#27;[36mio.r2dbc.h2.client.SessionClient        &amp#27;[0;39m &amp#27;[2m:&amp#27;[0;39m Response: org.h2.result.LocalResult@3e01796a columns: 1 rows: 0 pos: -1
&amp#27;[2m2025-08-17T16:47:02.874+01:00&amp#27;[0;39m &amp#27;[32mDEBUG&amp#27;[0;39m &amp#27;[35m26824&amp#27;[0;39m &amp#27;[2m---&amp#27;[0;39m &amp#27;[2m[transferer] [           main]&amp#27;[0;39m &amp#27;[2m&amp#27;[0;39m&amp#27;[36mo.s.r.c.R2dbcTransactionManager         &amp#27;[0;39m &amp#27;[2m:&amp#27;[0;39m Participating in existing transaction
&amp#27;[2m2025-08-17T16:47:02.874+01:00&amp#27;[0;39m &amp#27;[32mDEBUG&amp#27;[0;39m &amp#27;[35m26824&amp#27;[0;39m &amp#27;[2m---&amp#27;[0;39m &amp#27;[2m[transferer] [           main]&amp#27;[0;39m &amp#27;[2m&amp#27;[0;39m&amp#27;[36mo.s.r2dbc.core.DefaultDatabaseClient    &amp#27;[0;39m &amp#27;[2m:&amp#27;[0;39m Executing SQL statement [INSERT INTO accounts (ID, account_number, holder_name, balance, status, created_at, updated_at) VALUES ($1, $2, $3, $4, $5, $6, $7)]
&amp#27;[2m2025-08-17T16:47:02.874+01:00&amp#27;[0;39m &amp#27;[32mDEBUG&amp#27;[0;39m &amp#27;[35m26824&amp#27;[0;39m &amp#27;[2m---&amp#27;[0;39m &amp#27;[2m[transferer] [           main]&amp#27;[0;39m &amp#27;[2m&amp#27;[0;39m&amp#27;[36mio.r2dbc.h2.client.SessionClient        &amp#27;[0;39m &amp#27;[2m:&amp#27;[0;39m Request:  INSERT INTO accounts (ID, account_number, holder_name, balance, status, created_at, updated_at) VALUES ($1, $2, $3, $4, $5, $6, $7) {1: '97be4168-3d63-444a-842e-6b9bdcefc6cc', 2: '0749314727', 3: 'Jane Smith', 4: 500.00, 5: 'ACTIVE', 6: TIMESTAMP '2025-08-17 16:47:02.874223', 7: TIMESTAMP '2025-08-17 16:47:02.874226'}
&amp#27;[2m2025-08-17T16:47:02.874+01:00&amp#27;[0;39m &amp#27;[32mDEBUG&amp#27;[0;39m &amp#27;[35m26824&amp#27;[0;39m &amp#27;[2m---&amp#27;[0;39m &amp#27;[2m[transferer] [           main]&amp#27;[0;39m &amp#27;[2m&amp#27;[0;39m&amp#27;[36mo.s.r.c.R2dbcTransactionManager         &amp#27;[0;39m &amp#27;[2m:&amp#27;[0;39m Participating in existing transaction
&amp#27;[2m2025-08-17T16:47:02.875+01:00&amp#27;[0;39m &amp#27;[32mDEBUG&amp#27;[0;39m &amp#27;[35m26824&amp#27;[0;39m &amp#27;[2m---&amp#27;[0;39m &amp#27;[2m[transferer] [           main]&amp#27;[0;39m &amp#27;[2m&amp#27;[0;39m&amp#27;[36mo.s.r2dbc.core.DefaultDatabaseClient    &amp#27;[0;39m &amp#27;[2m:&amp#27;[0;39m Executing SQL statement [INSERT INTO outbox_events (event_id, event_type, aggregate_id, event_data, occurred_at, created_at) VALUES ($1, $2, $3, $4, $5, $6)]
&amp#27;[2m2025-08-17T16:47:02.875+01:00&amp#27;[0;39m &amp#27;[32mDEBUG&amp#27;[0;39m &amp#27;[35m26824&amp#27;[0;39m &amp#27;[2m---&amp#27;[0;39m &amp#27;[2m[transferer] [           main]&amp#27;[0;39m &amp#27;[2m&amp#27;[0;39m&amp#27;[36mio.r2dbc.h2.client.SessionClient        &amp#27;[0;39m &amp#27;[2m:&amp#27;[0;39m Request:  INSERT INTO outbox_events (event_id, event_type, aggregate_id, event_data, occurred_at, created_at) VALUES ($1, $2, $3, $4, $5, $6) {1: '20790906-695f-4970-8ce2-322163f08c8b', 2: 'ACCOUNT_OPENED', 3: '97be4168-3d63-444a-842e-6b9bdcefc6cc', 4: '{"@class":"com.transferer.account.domain.events.body.AccountOpenedEventBody","accountId":{"value":"97be4168-3d63-444a-842e-6b9bdcefc6cc"},"accountNumber":"0749314727","holderName":"Jane Smith","initialBalance":500.00}', 5: TIMESTAMP WITH TIME ZONE '2025-08-17 15:47:02.874242+00', 6: TIMESTAMP WITH TIME ZONE '2025-08-17 15:47:02.874851+00'}
&amp#27;[2m2025-08-17T16:47:02.875+01:00&amp#27;[0;39m &amp#27;[32mDEBUG&amp#27;[0;39m &amp#27;[35m26824&amp#27;[0;39m &amp#27;[2m---&amp#27;[0;39m &amp#27;[2m[transferer] [           main]&amp#27;[0;39m &amp#27;[2m&amp#27;[0;39m&amp#27;[36mo.s.r.c.R2dbcTransactionManager         &amp#27;[0;39m &amp#27;[2m:&amp#27;[0;39m Initiating transaction commit
&amp#27;[2m2025-08-17T16:47:02.875+01:00&amp#27;[0;39m &amp#27;[32mDEBUG&amp#27;[0;39m &amp#27;[35m26824&amp#27;[0;39m &amp#27;[2m---&amp#27;[0;39m &amp#27;[2m[transferer] [           main]&amp#27;[0;39m &amp#27;[2m&amp#27;[0;39m&amp#27;[36mo.s.r.c.R2dbcTransactionManager         &amp#27;[0;39m &amp#27;[2m:&amp#27;[0;39m Committing R2DBC transaction on Connection [PooledConnection[io.r2dbc.h2.H2Connection@13ee97af]]
&amp#27;[2m2025-08-17T16:47:02.875+01:00&amp#27;[0;39m &amp#27;[32mDEBUG&amp#27;[0;39m &amp#27;[35m26824&amp#27;[0;39m &amp#27;[2m---&amp#27;[0;39m &amp#27;[2m[transferer] [           main]&amp#27;[0;39m &amp#27;[2m&amp#27;[0;39m&amp#27;[36mio.r2dbc.h2.client.SessionClient        &amp#27;[0;39m &amp#27;[2m:&amp#27;[0;39m Request:  COMMIT
&amp#27;[2m2025-08-17T16:47:02.875+01:00&amp#27;[0;39m &amp#27;[32mDEBUG&amp#27;[0;39m &amp#27;[35m26824&amp#27;[0;39m &amp#27;[2m---&amp#27;[0;39m &amp#27;[2m[transferer] [           main]&amp#27;[0;39m &amp#27;[2m&amp#27;[0;39m&amp#27;[36mo.s.r.c.R2dbcTransactionManager         &amp#27;[0;39m &amp#27;[2m:&amp#27;[0;39m Releasing R2DBC Connection [PooledConnection[io.r2dbc.h2.H2Connection@13ee97af]] after transaction
&amp#27;[2m2025-08-17T16:47:02.875+01:00&amp#27;[0;39m &amp#27;[32mDEBUG&amp#27;[0;39m &amp#27;[35m26824&amp#27;[0;39m &amp#27;[2m---&amp#27;[0;39m &amp#27;[2m[transferer] [           main]&amp#27;[0;39m &amp#27;[2m&amp#27;[0;39m&amp#27;[36mio.r2dbc.h2.client.SessionClient        &amp#27;[0;39m &amp#27;[2m:&amp#27;[0;39m Request:  SELECT CURRENT_TIMESTAMP
&amp#27;[2m2025-08-17T16:47:02.875+01:00&amp#27;[0;39m &amp#27;[32mDEBUG&amp#27;[0;39m &amp#27;[35m26824&amp#27;[0;39m &amp#27;[2m---&amp#27;[0;39m &amp#27;[2m[transferer] [           main]&amp#27;[0;39m &amp#27;[2m&amp#27;[0;39m&amp#27;[36mio.r2dbc.h2.client.SessionClient        &amp#27;[0;39m &amp#27;[2m:&amp#27;[0;39m Response: org.h2.result.LocalResult@6ac9b66b columns: 1 rows: 1 pos: -1
&amp#27;[2m2025-08-17T16:47:02.876+01:00&amp#27;[0;39m &amp#27;[32mDEBUG&amp#27;[0;39m &amp#27;[35m26824&amp#27;[0;39m &amp#27;[2m---&amp#27;[0;39m &amp#27;[2m[transferer] [           main]&amp#27;[0;39m &amp#27;[2m&amp#27;[0;39m&amp#27;[36mo.s.r.c.R2dbcTransactionManager         &amp#27;[0;39m &amp#27;[2m:&amp#27;[0;39m Creating new transaction with name [com.transferer.payment.application.PaymentService.initiatePayment]: PROPAGATION_REQUIRED,ISOLATION_DEFAULT
&amp#27;[2m2025-08-17T16:47:02.876+01:00&amp#27;[0;39m &amp#27;[32mDEBUG&amp#27;[0;39m &amp#27;[35m26824&amp#27;[0;39m &amp#27;[2m---&amp#27;[0;39m &amp#27;[2m[transferer] [           main]&amp#27;[0;39m &amp#27;[2m&amp#27;[0;39m&amp#27;[36mio.r2dbc.h2.client.SessionClient        &amp#27;[0;39m &amp#27;[2m:&amp#27;[0;39m Request:  SELECT 1
&amp#27;[2m2025-08-17T16:47:02.876+01:00&amp#27;[0;39m &amp#27;[32mDEBUG&amp#27;[0;39m &amp#27;[35m26824&amp#27;[0;39m &amp#27;[2m---&amp#27;[0;39m &amp#27;[2m[transferer] [           main]&amp#27;[0;39m &amp#27;[2m&amp#27;[0;39m&amp#27;[36mio.r2dbc.h2.client.SessionClient        &amp#27;[0;39m &amp#27;[2m:&amp#27;[0;39m Response: org.h2.result.LocalResult@738a39cc columns: 1 rows: 1 pos: -1
&amp#27;[2m2025-08-17T16:47:02.876+01:00&amp#27;[0;39m &amp#27;[32mDEBUG&amp#27;[0;39m &amp#27;[35m26824&amp#27;[0;39m &amp#27;[2m---&amp#27;[0;39m &amp#27;[2m[transferer] [           main]&amp#27;[0;39m &amp#27;[2m&amp#27;[0;39m&amp#27;[36mo.s.r.c.R2dbcTransactionManager         &amp#27;[0;39m &amp#27;[2m:&amp#27;[0;39m Acquired Connection [PooledConnection[io.r2dbc.h2.H2Connection@13ee97af]] for R2DBC transaction
&amp#27;[2m2025-08-17T16:47:02.876+01:00&amp#27;[0;39m &amp#27;[32mDEBUG&amp#27;[0;39m &amp#27;[35m26824&amp#27;[0;39m &amp#27;[2m---&amp#27;[0;39m &amp#27;[2m[transferer] [           main]&amp#27;[0;39m &amp#27;[2m&amp#27;[0;39m&amp#27;[36mo.s.r.c.R2dbcTransactionManager         &amp#27;[0;39m &amp#27;[2m:&amp#27;[0;39m Starting R2DBC transaction on Connection [PooledConnection[io.r2dbc.h2.H2Connection@13ee97af]] using [ExtendedTransactionDefinition [transactionName='com.transferer.payment.application.PaymentService.initiatePayment', readOnly=false, isolationLevel=null, lockWaitTimeout=PT0S]]
&amp#27;[2m2025-08-17T16:47:02.876+01:00&amp#27;[0;39m &amp#27;[33m WARN&amp#27;[0;39m &amp#27;[35m26824&amp#27;[0;39m &amp#27;[2m---&amp#27;[0;39m &amp#27;[2m[transferer] [           main]&amp#27;[0;39m &amp#27;[2m&amp#27;[0;39m&amp#27;[36mio.r2dbc.h2.H2Connection                &amp#27;[0;39m &amp#27;[2m:&amp#27;[0;39m Option{name='readOnly', sensitive=false} + isn't supported in H2 at the transaction level. You must set it on conenction URL. See http://www.h2database.com/html/features.html#read_only
&amp#27;[2m2025-08-17T16:47:02.877+01:00&amp#27;[0;39m &amp#27;[32mDEBUG&amp#27;[0;39m &amp#27;[35m26824&amp#27;[0;39m &amp#27;[2m---&amp#27;[0;39m &amp#27;[2m[transferer] [           main]&amp#27;[0;39m &amp#27;[2m&amp#27;[0;39m&amp#27;[36mo.s.r.c.R2dbcTransactionManager         &amp#27;[0;39m &amp#27;[2m:&amp#27;[0;39m Participating in existing transaction
&amp#27;[2m2025-08-17T16:47:02.878+01:00&amp#27;[0;39m &amp#27;[32mDEBUG&amp#27;[0;39m &amp#27;[35m26824&amp#27;[0;39m &amp#27;[2m---&amp#27;[0;39m &amp#27;[2m[transferer] [           main]&amp#27;[0;39m &amp#27;[2m&amp#27;[0;39m&amp#27;[36mo.s.r2dbc.core.DefaultDatabaseClient    &amp#27;[0;39m &amp#27;[2m:&amp#27;[0;39m Executing SQL statement [INSERT INTO payments (ID, sender_account_id, recipient_account_id, amount, description, status, current_step, created_at, updated_at) VALUES ($1, $2, $3, $4, $5, $6, $7, $8, $9)]
&amp#27;[2m2025-08-17T16:47:02.878+01:00&amp#27;[0;39m &amp#27;[32mDEBUG&amp#27;[0;39m &amp#27;[35m26824&amp#27;[0;39m &amp#27;[2m---&amp#27;[0;39m &amp#27;[2m[transferer] [           main]&amp#27;[0;39m &amp#27;[2m&amp#27;[0;39m&amp#27;[36mio.r2dbc.h2.client.SessionClient        &amp#27;[0;39m &amp#27;[2m:&amp#27;[0;39m Request:  INSERT INTO payments (ID, sender_account_id, recipient_account_id, amount, description, status, current_step, created_at, updated_at) VALUES ($1, $2, $3, $4, $5, $6, $7, $8, $9) {1: 'fb2da6dc-8edd-44d1-8788-9e8a9b82ef2d', 2: '81b6a268-f544-4066-8c71-ccf8acd617d4', 3: '97be4168-3d63-444a-842e-6b9bdcefc6cc', 4: 100.00, 5: 'Step query test', 6: 'PENDING', 7: 'INITIATED', 8: TIMESTAMP '2025-08-17 16:47:02.877007', 9: TIMESTAMP '2025-08-17 16:47:02.877011'}
&amp#27;[2m2025-08-17T16:47:02.878+01:00&amp#27;[0;39m &amp#27;[32mDEBUG&amp#27;[0;39m &amp#27;[35m26824&amp#27;[0;39m &amp#27;[2m---&amp#27;[0;39m &amp#27;[2m[transferer] [           main]&amp#27;[0;39m &amp#27;[2m&amp#27;[0;39m&amp#27;[36mo.s.r.c.R2dbcTransactionManager         &amp#27;[0;39m &amp#27;[2m:&amp#27;[0;39m Participating in existing transaction
&amp#27;[2m2025-08-17T16:47:02.879+01:00&amp#27;[0;39m &amp#27;[32mDEBUG&amp#27;[0;39m &amp#27;[35m26824&amp#27;[0;39m &amp#27;[2m---&amp#27;[0;39m &amp#27;[2m[transferer] [           main]&amp#27;[0;39m &amp#27;[2m&amp#27;[0;39m&amp#27;[36mo.s.r2dbc.core.DefaultDatabaseClient    &amp#27;[0;39m &amp#27;[2m:&amp#27;[0;39m Executing SQL statement [INSERT INTO outbox_events (event_id, event_type, aggregate_id, event_data, occurred_at, created_at) VALUES ($1, $2, $3, $4, $5, $6)]
&amp#27;[2m2025-08-17T16:47:02.879+01:00&amp#27;[0;39m &amp#27;[32mDEBUG&amp#27;[0;39m &amp#27;[35m26824&amp#27;[0;39m &amp#27;[2m---&amp#27;[0;39m &amp#27;[2m[transferer] [           main]&amp#27;[0;39m &amp#27;[2m&amp#27;[0;39m&amp#27;[36mio.r2dbc.h2.client.SessionClient        &amp#27;[0;39m &amp#27;[2m:&amp#27;[0;39m Request:  INSERT INTO outbox_events (event_id, event_type, aggregate_id, event_data, occurred_at, created_at) VALUES ($1, $2, $3, $4, $5, $6) {1: '16723bad-8b9f-4d75-9d9c-370d5dc9ee11', 2: 'PAYMENT_INITIATED', 3: 'fb2da6dc-8edd-44d1-8788-9e8a9b82ef2d', 4: '{"@class":"com.transferer.payment.domain.events.body.PaymentInitiatedEventBody","paymentId":{"value":"fb2da6dc-8edd-44d1-8788-9e8a9b82ef2d"},"senderAccountId":{"value":"81b6a268-f544-4066-8c71-ccf8acd617d4"},"recipientAccountId":{"value":"97be4168-3d63-444a-842e-6b9bdcefc6cc"},"amount":100.00,"description":"Step query test"}', 5: TIMESTAMP WITH TIME ZONE '2025-08-17 15:47:02.877032+00', 6: TIMESTAMP WITH TIME ZONE '2025-08-17 15:47:02.87953+00'}
&amp#27;[2m2025-08-17T16:47:02.880+01:00&amp#27;[0;39m &amp#27;[32mDEBUG&amp#27;[0;39m &amp#27;[35m26824&amp#27;[0;39m &amp#27;[2m---&amp#27;[0;39m &amp#27;[2m[transferer] [           main]&amp#27;[0;39m &amp#27;[2m&amp#27;[0;39m&amp#27;[36mo.s.r2dbc.core.DefaultDatabaseClient    &amp#27;[0;39m &amp#27;[2m:&amp#27;[0;39m Executing SQL statement [INSERT INTO outbox_events (event_id, event_type, aggregate_id, event_data, occurred_at, created_at) VALUES ($1, $2, $3, $4, $5, $6)]
&amp#27;[2m2025-08-17T16:47:02.880+01:00&amp#27;[0;39m &amp#27;[32mDEBUG&amp#27;[0;39m &amp#27;[35m26824&amp#27;[0;39m &amp#27;[2m---&amp#27;[0;39m &amp#27;[2m[transferer] [           main]&amp#27;[0;39m &amp#27;[2m&amp#27;[0;39m&amp#27;[36mio.r2dbc.h2.client.SessionClient        &amp#27;[0;39m &amp#27;[2m:&amp#27;[0;39m Request:  INSERT INTO outbox_events (event_id, event_type, aggregate_id, event_data, occurred_at, created_at) VALUES ($1, $2, $3, $4, $5, $6) {1: '96bcd5e3-ba3c-4709-96cf-c324bbc592af', 2: 'PAYMENT_STEP_ADVANCED', 3: 'fb2da6dc-8edd-44d1-8788-9e8a9b82ef2d', 4: '{"@class":"com.transferer.payment.domain.events.body.PaymentStepAdvancedEventBody","paymentId":{"value":"fb2da6dc-8edd-44d1-8788-9e8a9b82ef2d"},"previousStep":{"empty":true,"present":false},"currentStep":"INITIATED"}', 5: TIMESTAMP WITH TIME ZONE '2025-08-17 15:47:02.877045+00', 6: TIMESTAMP WITH TIME ZONE '2025-08-17 15:47:02.88062+00'}
&amp#27;[2m2025-08-17T16:47:02.881+01:00&amp#27;[0;39m &amp#27;[32mDEBUG&amp#27;[0;39m &amp#27;[35m26824&amp#27;[0;39m &amp#27;[2m---&amp#27;[0;39m &amp#27;[2m[transferer] [           main]&amp#27;[0;39m &amp#27;[2m&amp#27;[0;39m&amp#27;[36mo.s.r.c.R2dbcTransactionManager         &amp#27;[0;39m &amp#27;[2m:&amp#27;[0;39m Initiating transaction commit
&amp#27;[2m2025-08-17T16:47:02.881+01:00&amp#27;[0;39m &amp#27;[32mDEBUG&amp#27;[0;39m &amp#27;[35m26824&amp#27;[0;39m &amp#27;[2m---&amp#27;[0;39m &amp#27;[2m[transferer] [           main]&amp#27;[0;39m &amp#27;[2m&amp#27;[0;39m&amp#27;[36mo.s.r.c.R2dbcTransactionManager         &amp#27;[0;39m &amp#27;[2m:&amp#27;[0;39m Committing R2DBC transaction on Connection [PooledConnection[io.r2dbc.h2.H2Connection@13ee97af]]
&amp#27;[2m2025-08-17T16:47:02.881+01:00&amp#27;[0;39m &amp#27;[32mDEBUG&amp#27;[0;39m &amp#27;[35m26824&amp#27;[0;39m &amp#27;[2m---&amp#27;[0;39m &amp#27;[2m[transferer] [           main]&amp#27;[0;39m &amp#27;[2m&amp#27;[0;39m&amp#27;[36mio.r2dbc.h2.client.SessionClient        &amp#27;[0;39m &amp#27;[2m:&amp#27;[0;39m Request:  COMMIT
&amp#27;[2m2025-08-17T16:47:02.881+01:00&amp#27;[0;39m &amp#27;[32mDEBUG&amp#27;[0;39m &amp#27;[35m26824&amp#27;[0;39m &amp#27;[2m---&amp#27;[0;39m &amp#27;[2m[transferer] [           main]&amp#27;[0;39m &amp#27;[2m&amp#27;[0;39m&amp#27;[36mo.s.r.c.R2dbcTransactionManager         &amp#27;[0;39m &amp#27;[2m:&amp#27;[0;39m Releasing R2DBC Connection [PooledConnection[io.r2dbc.h2.H2Connection@13ee97af]] after transaction
&amp#27;[2m2025-08-17T16:47:02.881+01:00&amp#27;[0;39m &amp#27;[32mDEBUG&amp#27;[0;39m &amp#27;[35m26824&amp#27;[0;39m &amp#27;[2m---&amp#27;[0;39m &amp#27;[2m[transferer] [           main]&amp#27;[0;39m &amp#27;[2m&amp#27;[0;39m&amp#27;[36mio.r2dbc.h2.client.SessionClient        &amp#27;[0;39m &amp#27;[2m:&amp#27;[0;39m Request:  SELECT CURRENT_TIMESTAMP
&amp#27;[2m2025-08-17T16:47:02.881+01:00&amp#27;[0;39m &amp#27;[32mDEBUG&amp#27;[0;39m &amp#27;[35m26824&amp#27;[0;39m &amp#27;[2m---&amp#27;[0;39m &amp#27;[2m[transferer] [           main]&amp#27;[0;39m &amp#27;[2m&amp#27;[0;39m&amp#27;[36mio.r2dbc.h2.client.SessionClient        &amp#27;[0;39m &amp#27;[2m:&amp#27;[0;39m Response: org.h2.result.LocalResult@78f5cbc5 columns: 1 rows: 1 pos: -1
&amp#27;[2m2025-08-17T16:47:02.983+01:00&amp#27;[0;39m &amp#27;[32mDEBUG&amp#27;[0;39m &amp#27;[35m26824&amp#27;[0;39m &amp#27;[2m---&amp#27;[0;39m &amp#27;[2m[transferer] [     parallel-7]&amp#27;[0;39m &amp#27;[2m&amp#27;[0;39m&amp#27;[36mio.r2dbc.h2.client.SessionClient        &amp#27;[0;39m &amp#27;[2m:&amp#27;[0;39m Request:  SELECT 1
&amp#27;[2m2025-08-17T16:47:02.983+01:00&amp#27;[0;39m &amp#27;[32mDEBUG&amp#27;[0;39m &amp#27;[35m26824&amp#27;[0;39m &amp#27;[2m---&amp#27;[0;39m &amp#27;[2m[transferer] [     parallel-7]&amp#27;[0;39m &amp#27;[2m&amp#27;[0;39m&amp#27;[36mio.r2dbc.h2.client.SessionClient        &amp#27;[0;39m &amp#27;[2m:&amp#27;[0;39m Response: org.h2.result.LocalResult@58c02d7 columns: 1 rows: 1 pos: -1
&amp#27;[2m2025-08-17T16:47:02.983+01:00&amp#27;[0;39m &amp#27;[32mDEBUG&amp#27;[0;39m &amp#27;[35m26824&amp#27;[0;39m &amp#27;[2m---&amp#27;[0;39m &amp#27;[2m[transferer] [     parallel-7]&amp#27;[0;39m &amp#27;[2m&amp#27;[0;39m&amp#27;[36mo.s.r2dbc.core.DefaultDatabaseClient    &amp#27;[0;39m &amp#27;[2m:&amp#27;[0;39m Executing SQL statement [SELECT event_type, COUNT(*) as count FROM outbox_events GROUP BY event_type]
&amp#27;[2m2025-08-17T16:47:02.984+01:00&amp#27;[0;39m &amp#27;[32mDEBUG&amp#27;[0;39m &amp#27;[35m26824&amp#27;[0;39m &amp#27;[2m---&amp#27;[0;39m &amp#27;[2m[transferer] [     parallel-7]&amp#27;[0;39m &amp#27;[2m&amp#27;[0;39m&amp#27;[36mio.r2dbc.h2.client.SessionClient        &amp#27;[0;39m &amp#27;[2m:&amp#27;[0;39m Request:  SELECT event_type, COUNT(*) as count FROM outbox_events GROUP BY event_type
&amp#27;[2m2025-08-17T16:47:02.984+01:00&amp#27;[0;39m &amp#27;[32mDEBUG&amp#27;[0;39m &amp#27;[35m26824&amp#27;[0;39m &amp#27;[2m---&amp#27;[0;39m &amp#27;[2m[transferer] [     parallel-7]&amp#27;[0;39m &amp#27;[2m&amp#27;[0;39m&amp#27;[36mio.r2dbc.h2.client.SessionClient        &amp#27;[0;39m &amp#27;[2m:&amp#27;[0;39m Response: org.h2.result.LocalResult@4a76f62d columns: 2 rows: 3 pos: -1
&amp#27;[2m2025-08-17T16:47:02.984+01:00&amp#27;[0;39m &amp#27;[32mDEBUG&amp#27;[0;39m &amp#27;[35m26824&amp#27;[0;39m &amp#27;[2m---&amp#27;[0;39m &amp#27;[2m[transferer] [     parallel-7]&amp#27;[0;39m &amp#27;[2m&amp#27;[0;39m&amp#27;[36mio.r2dbc.h2.client.SessionClient        &amp#27;[0;39m &amp#27;[2m:&amp#27;[0;39m Request:  SELECT CURRENT_TIMESTAMP
&amp#27;[2m2025-08-17T16:47:02.984+01:00&amp#27;[0;39m &amp#27;[32mDEBUG&amp#27;[0;39m &amp#27;[35m26824&amp#27;[0;39m &amp#27;[2m---&amp#27;[0;39m &amp#27;[2m[transferer] [     parallel-7]&amp#27;[0;39m &amp#27;[2m&amp#27;[0;39m&amp#27;[36mio.r2dbc.h2.client.SessionClient        &amp#27;[0;39m &amp#27;[2m:&amp#27;[0;39m Response: org.h2.result.LocalResult@7bf63da5 columns: 1 rows: 1 pos: -1
&amp#27;[2m2025-08-17T16:47:02.984+01:00&amp#27;[0;39m &amp#27;[32mDEBUG&amp#27;[0;39m &amp#27;[35m26824&amp#27;[0;39m &amp#27;[2m---&amp#27;[0;39m &amp#27;[2m[transferer] [     parallel-7]&amp#27;[0;39m &amp#27;[2m&amp#27;[0;39m&amp#27;[36mo.s.r.c.R2dbcTransactionManager         &amp#27;[0;39m &amp#27;[2m:&amp#27;[0;39m Creating new transaction with name [com.transferer.payment.application.PaymentService.getPaymentsByStep]: PROPAGATION_REQUIRED,ISOLATION_DEFAULT,readOnly
&amp#27;[2m2025-08-17T16:47:02.984+01:00&amp#27;[0;39m &amp#27;[32mDEBUG&amp#27;[0;39m &amp#27;[35m26824&amp#27;[0;39m &amp#27;[2m---&amp#27;[0;39m &amp#27;[2m[transferer] [     parallel-7]&amp#27;[0;39m &amp#27;[2m&amp#27;[0;39m&amp#27;[36mio.r2dbc.h2.client.SessionClient        &amp#27;[0;39m &amp#27;[2m:&amp#27;[0;39m Request:  SELECT 1
&amp#27;[2m2025-08-17T16:47:02.984+01:00&amp#27;[0;39m &amp#27;[32mDEBUG&amp#27;[0;39m &amp#27;[35m26824&amp#27;[0;39m &amp#27;[2m---&amp#27;[0;39m &amp#27;[2m[transferer] [     parallel-7]&amp#27;[0;39m &amp#27;[2m&amp#27;[0;39m&amp#27;[36mio.r2dbc.h2.client.SessionClient        &amp#27;[0;39m &amp#27;[2m:&amp#27;[0;39m Response: org.h2.result.LocalResult@57e35a2d columns: 1 rows: 1 pos: -1
&amp#27;[2m2025-08-17T16:47:02.984+01:00&amp#27;[0;39m &amp#27;[32mDEBUG&amp#27;[0;39m &amp#27;[35m26824&amp#27;[0;39m &amp#27;[2m---&amp#27;[0;39m &amp#27;[2m[transferer] [     parallel-7]&amp#27;[0;39m &amp#27;[2m&amp#27;[0;39m&amp#27;[36mo.s.r.c.R2dbcTransactionManager         &amp#27;[0;39m &amp#27;[2m:&amp#27;[0;39m Acquired Connection [PooledConnection[io.r2dbc.h2.H2Connection@13ee97af]] for R2DBC transaction
&amp#27;[2m2025-08-17T16:47:02.984+01:00&amp#27;[0;39m &amp#27;[32mDEBUG&amp#27;[0;39m &amp#27;[35m26824&amp#27;[0;39m &amp#27;[2m---&amp#27;[0;39m &amp#27;[2m[transferer] [     parallel-7]&amp#27;[0;39m &amp#27;[2m&amp#27;[0;39m&amp#27;[36mo.s.r.c.R2dbcTransactionManager         &amp#27;[0;39m &amp#27;[2m:&amp#27;[0;39m Starting R2DBC transaction on Connection [PooledConnection[io.r2dbc.h2.H2Connection@13ee97af]] using [ExtendedTransactionDefinition [transactionName='com.transferer.payment.application.PaymentService.getPaymentsByStep', readOnly=true, isolationLevel=null, lockWaitTimeout=PT0S]]
&amp#27;[2m2025-08-17T16:47:02.984+01:00&amp#27;[0;39m &amp#27;[33m WARN&amp#27;[0;39m &amp#27;[35m26824&amp#27;[0;39m &amp#27;[2m---&amp#27;[0;39m &amp#27;[2m[transferer] [     parallel-7]&amp#27;[0;39m &amp#27;[2m&amp#27;[0;39m&amp#27;[36mio.r2dbc.h2.H2Connection                &amp#27;[0;39m &amp#27;[2m:&amp#27;[0;39m Option{name='readOnly', sensitive=false} + isn't supported in H2 at the transaction level. You must set it on conenction URL. See http://www.h2database.com/html/features.html#read_only
&amp#27;[2m2025-08-17T16:47:02.985+01:00&amp#27;[0;39m &amp#27;[32mDEBUG&amp#27;[0;39m &amp#27;[35m26824&amp#27;[0;39m &amp#27;[2m---&amp#27;[0;39m &amp#27;[2m[transferer] [     parallel-7]&amp#27;[0;39m &amp#27;[2m&amp#27;[0;39m&amp#27;[36mo.s.r2dbc.core.DefaultDatabaseClient    &amp#27;[0;39m &amp#27;[2m:&amp#27;[0;39m Executing SQL statement [SELECT payments.ID, payments.transaction_id, payments.sender_account_id, payments.recipient_account_id, payments.amount, payments.description, payments.status, payments.current_step, payments.failure_reason, payments.created_at, payments.updated_at, payments.completed_at FROM payments WHERE payments.current_step = $1]
&amp#27;[2m2025-08-17T16:47:02.986+01:00&amp#27;[0;39m &amp#27;[32mDEBUG&amp#27;[0;39m &amp#27;[35m26824&amp#27;[0;39m &amp#27;[2m---&amp#27;[0;39m &amp#27;[2m[transferer] [     parallel-7]&amp#27;[0;39m &amp#27;[2m&amp#27;[0;39m&amp#27;[36mio.r2dbc.h2.client.SessionClient        &amp#27;[0;39m &amp#27;[2m:&amp#27;[0;39m Request:  SELECT payments.ID, payments.transaction_id, payments.sender_account_id, payments.recipient_account_id, payments.amount, payments.description, payments.status, payments.current_step, payments.failure_reason, payments.created_at, payments.updated_at, payments.completed_at FROM payments WHERE payments.current_step = $1 {1: 'INITIATED'}
&amp#27;[2m2025-08-17T16:47:02.986+01:00&amp#27;[0;39m &amp#27;[32mDEBUG&amp#27;[0;39m &amp#27;[35m26824&amp#27;[0;39m &amp#27;[2m---&amp#27;[0;39m &amp#27;[2m[transferer] [     parallel-7]&amp#27;[0;39m &amp#27;[2m&amp#27;[0;39m&amp#27;[36mio.r2dbc.h2.client.SessionClient        &amp#27;[0;39m &amp#27;[2m:&amp#27;[0;39m Response: org.h2.result.LocalResult@1985541 columns: 12 rows: 1 pos: -1
&amp#27;[2m2025-08-17T16:47:02.987+01:00&amp#27;[0;39m &amp#27;[32mDEBUG&amp#27;[0;39m &amp#27;[35m26824&amp#27;[0;39m &amp#27;[2m---&amp#27;[0;39m &amp#27;[2m[transferer] [     parallel-7]&amp#27;[0;39m &amp#27;[2m&amp#27;[0;39m&amp#27;[36mo.s.r.c.R2dbcTransactionManager         &amp#27;[0;39m &amp#27;[2m:&amp#27;[0;39m Initiating transaction rollback
&amp#27;[2m2025-08-17T16:47:02.987+01:00&amp#27;[0;39m &amp#27;[32mDEBUG&amp#27;[0;39m &amp#27;[35m26824&amp#27;[0;39m &amp#27;[2m---&amp#27;[0;39m &amp#27;[2m[transferer] [     parallel-7]&amp#27;[0;39m &amp#27;[2m&amp#27;[0;39m&amp#27;[36mo.s.r.c.R2dbcTransactionManager         &amp#27;[0;39m &amp#27;[2m:&amp#27;[0;39m Rolling back R2DBC transaction on Connection [PooledConnection[io.r2dbc.h2.H2Connection@13ee97af]]
&amp#27;[2m2025-08-17T16:47:02.987+01:00&amp#27;[0;39m &amp#27;[32mDEBUG&amp#27;[0;39m &amp#27;[35m26824&amp#27;[0;39m &amp#27;[2m---&amp#27;[0;39m &amp#27;[2m[transferer] [     parallel-7]&amp#27;[0;39m &amp#27;[2m&amp#27;[0;39m&amp#27;[36mio.r2dbc.h2.client.SessionClient        &amp#27;[0;39m &amp#27;[2m:&amp#27;[0;39m Request:  ROLLBACK
&amp#27;[2m2025-08-17T16:47:02.987+01:00&amp#27;[0;39m &amp#27;[32mDEBUG&amp#27;[0;39m &amp#27;[35m26824&amp#27;[0;39m &amp#27;[2m---&amp#27;[0;39m &amp#27;[2m[transferer] [     parallel-7]&amp#27;[0;39m &amp#27;[2m&amp#27;[0;39m&amp#27;[36mo.s.r.c.R2dbcTransactionManager         &amp#27;[0;39m &amp#27;[2m:&amp#27;[0;39m Releasing R2DBC Connection [PooledConnection[io.r2dbc.h2.H2Connection@13ee97af]] after transaction
&amp#27;[2m2025-08-17T16:47:02.987+01:00&amp#27;[0;39m &amp#27;[32mDEBUG&amp#27;[0;39m &amp#27;[35m26824&amp#27;[0;39m &amp#27;[2m---&amp#27;[0;39m &amp#27;[2m[transferer] [     parallel-7]&amp#27;[0;39m &amp#27;[2m&amp#27;[0;39m&amp#27;[36mio.r2dbc.h2.client.SessionClient        &amp#27;[0;39m &amp#27;[2m:&amp#27;[0;39m Request:  SELECT CURRENT_TIMESTAMP
&amp#27;[2m2025-08-17T16:47:02.987+01:00&amp#27;[0;39m &amp#27;[32mDEBUG&amp#27;[0;39m &amp#27;[35m26824&amp#27;[0;39m &amp#27;[2m---&amp#27;[0;39m &amp#27;[2m[transferer] [     parallel-7]&amp#27;[0;39m &amp#27;[2m&amp#27;[0;39m&amp#27;[36mio.r2dbc.h2.client.SessionClient        &amp#27;[0;39m &amp#27;[2m:&amp#27;[0;39m Response: org.h2.result.LocalResult@2fcb9d52 columns: 1 rows: 1 pos: -1
&amp#27;[2m2025-08-17T16:47:02.987+01:00&amp#27;[0;39m &amp#27;[32mDEBUG&amp#27;[0;39m &amp#27;[35m26824&amp#27;[0;39m &amp#27;[2m---&amp#27;[0;39m &amp#27;[2m[transferer] [           main]&amp#27;[0;39m &amp#27;[2m&amp#27;[0;39m&amp#27;[36mio.r2dbc.h2.client.SessionClient        &amp#27;[0;39m &amp#27;[2m:&amp#27;[0;39m Request:  SELECT 1
&amp#27;[2m2025-08-17T16:47:02.988+01:00&amp#27;[0;39m &amp#27;[32mDEBUG&amp#27;[0;39m &amp#27;[35m26824&amp#27;[0;39m &amp#27;[2m---&amp#27;[0;39m &amp#27;[2m[transferer] [           main]&amp#27;[0;39m &amp#27;[2m&amp#27;[0;39m&amp#27;[36mio.r2dbc.h2.client.SessionClient        &amp#27;[0;39m &amp#27;[2m:&amp#27;[0;39m Response: org.h2.result.LocalResult@4b9f7edc columns: 1 rows: 1 pos: -1
&amp#27;[2m2025-08-17T16:47:02.988+01:00&amp#27;[0;39m &amp#27;[32mDEBUG&amp#27;[0;39m &amp#27;[35m26824&amp#27;[0;39m &amp#27;[2m---&amp#27;[0;39m &amp#27;[2m[transferer] [           main]&amp#27;[0;39m &amp#27;[2m&amp#27;[0;39m&amp#27;[36mo.s.r2dbc.core.DefaultDatabaseClient    &amp#27;[0;39m &amp#27;[2m:&amp#27;[0;39m Executing SQL statement [DELETE FROM payments]
&amp#27;[2m2025-08-17T16:47:02.988+01:00&amp#27;[0;39m &amp#27;[32mDEBUG&amp#27;[0;39m &amp#27;[35m26824&amp#27;[0;39m &amp#27;[2m---&amp#27;[0;39m &amp#27;[2m[transferer] [           main]&amp#27;[0;39m &amp#27;[2m&amp#27;[0;39m&amp#27;[36mio.r2dbc.h2.client.SessionClient        &amp#27;[0;39m &amp#27;[2m:&amp#27;[0;39m Request:  DELETE FROM payments
&amp#27;[2m2025-08-17T16:47:02.988+01:00&amp#27;[0;39m &amp#27;[32mDEBUG&amp#27;[0;39m &amp#27;[35m26824&amp#27;[0;39m &amp#27;[2m---&amp#27;[0;39m &amp#27;[2m[transferer] [           main]&amp#27;[0;39m &amp#27;[2m&amp#27;[0;39m&amp#27;[36mio.r2dbc.h2.client.SessionClient        &amp#27;[0;39m &amp#27;[2m:&amp#27;[0;39m Request:  SELECT CURRENT_TIMESTAMP
&amp#27;[2m2025-08-17T16:47:02.988+01:00&amp#27;[0;39m &amp#27;[32mDEBUG&amp#27;[0;39m &amp#27;[35m26824&amp#27;[0;39m &amp#27;[2m---&amp#27;[0;39m &amp#27;[2m[transferer] [           main]&amp#27;[0;39m &amp#27;[2m&amp#27;[0;39m&amp#27;[36mio.r2dbc.h2.client.SessionClient        &amp#27;[0;39m &amp#27;[2m:&amp#27;[0;39m Response: org.h2.result.LocalResult@2e0652ab columns: 1 rows: 1 pos: -1
&amp#27;[2m2025-08-17T16:47:02.988+01:00&amp#27;[0;39m &amp#27;[32mDEBUG&amp#27;[0;39m &amp#27;[35m26824&amp#27;[0;39m &amp#27;[2m---&amp#27;[0;39m &amp#27;[2m[transferer] [           main]&amp#27;[0;39m &amp#27;[2m&amp#27;[0;39m&amp#27;[36mio.r2dbc.h2.client.SessionClient        &amp#27;[0;39m &amp#27;[2m:&amp#27;[0;39m Request:  SELECT 1
&amp#27;[2m2025-08-17T16:47:02.988+01:00&amp#27;[0;39m &amp#27;[32mDEBUG&amp#27;[0;39m &amp#27;[35m26824&amp#27;[0;39m &amp#27;[2m---&amp#27;[0;39m &amp#27;[2m[transferer] [           main]&amp#27;[0;39m &amp#27;[2m&amp#27;[0;39m&amp#27;[36mio.r2dbc.h2.client.SessionClient        &amp#27;[0;39m &amp#27;[2m:&amp#27;[0;39m Response: org.h2.result.LocalResult@22c29aa8 columns: 1 rows: 1 pos: -1
&amp#27;[2m2025-08-17T16:47:02.988+01:00&amp#27;[0;39m &amp#27;[32mDEBUG&amp#27;[0;39m &amp#27;[35m26824&amp#27;[0;39m &amp#27;[2m---&amp#27;[0;39m &amp#27;[2m[transferer] [           main]&amp#27;[0;39m &amp#27;[2m&amp#27;[0;39m&amp#27;[36mo.s.r2dbc.core.DefaultDatabaseClient    &amp#27;[0;39m &amp#27;[2m:&amp#27;[0;39m Executing SQL statement [DELETE FROM transactions]
&amp#27;[2m2025-08-17T16:47:02.988+01:00&amp#27;[0;39m &amp#27;[32mDEBUG&amp#27;[0;39m &amp#27;[35m26824&amp#27;[0;39m &amp#27;[2m---&amp#27;[0;39m &amp#27;[2m[transferer] [           main]&amp#27;[0;39m &amp#27;[2m&amp#27;[0;39m&amp#27;[36mio.r2dbc.h2.client.SessionClient        &amp#27;[0;39m &amp#27;[2m:&amp#27;[0;39m Request:  DELETE FROM transactions
&amp#27;[2m2025-08-17T16:47:02.988+01:00&amp#27;[0;39m &amp#27;[32mDEBUG&amp#27;[0;39m &amp#27;[35m26824&amp#27;[0;39m &amp#27;[2m---&amp#27;[0;39m &amp#27;[2m[transferer] [           main]&amp#27;[0;39m &amp#27;[2m&amp#27;[0;39m&amp#27;[36mio.r2dbc.h2.client.SessionClient        &amp#27;[0;39m &amp#27;[2m:&amp#27;[0;39m Request:  SELECT CURRENT_TIMESTAMP
&amp#27;[2m2025-08-17T16:47:02.988+01:00&amp#27;[0;39m &amp#27;[32mDEBUG&amp#27;[0;39m &amp#27;[35m26824&amp#27;[0;39m &amp#27;[2m---&amp#27;[0;39m &amp#27;[2m[transferer] [           main]&amp#27;[0;39m &amp#27;[2m&amp#27;[0;39m&amp#27;[36mio.r2dbc.h2.client.SessionClient        &amp#27;[0;39m &amp#27;[2m:&amp#27;[0;39m Response: org.h2.result.LocalResult@12be4f83 columns: 1 rows: 1 pos: -1
&amp#27;[2m2025-08-17T16:47:02.989+01:00&amp#27;[0;39m &amp#27;[32mDEBUG&amp#27;[0;39m &amp#27;[35m26824&amp#27;[0;39m &amp#27;[2m---&amp#27;[0;39m &amp#27;[2m[transferer] [           main]&amp#27;[0;39m &amp#27;[2m&amp#27;[0;39m&amp#27;[36mio.r2dbc.h2.client.SessionClient        &amp#27;[0;39m &amp#27;[2m:&amp#27;[0;39m Request:  SELECT 1
&amp#27;[2m2025-08-17T16:47:02.989+01:00&amp#27;[0;39m &amp#27;[32mDEBUG&amp#27;[0;39m &amp#27;[35m26824&amp#27;[0;39m &amp#27;[2m---&amp#27;[0;39m &amp#27;[2m[transferer] [           main]&amp#27;[0;39m &amp#27;[2m&amp#27;[0;39m&amp#27;[36mio.r2dbc.h2.client.SessionClient        &amp#27;[0;39m &amp#27;[2m:&amp#27;[0;39m Response: org.h2.result.LocalResult@eb1d475 columns: 1 rows: 1 pos: -1
&amp#27;[2m2025-08-17T16:47:02.989+01:00&amp#27;[0;39m &amp#27;[32mDEBUG&amp#27;[0;39m &amp#27;[35m26824&amp#27;[0;39m &amp#27;[2m---&amp#27;[0;39m &amp#27;[2m[transferer] [           main]&amp#27;[0;39m &amp#27;[2m&amp#27;[0;39m&amp#27;[36mo.s.r2dbc.core.DefaultDatabaseClient    &amp#27;[0;39m &amp#27;[2m:&amp#27;[0;39m Executing SQL statement [DELETE FROM accounts]
&amp#27;[2m2025-08-17T16:47:02.989+01:00&amp#27;[0;39m &amp#27;[32mDEBUG&amp#27;[0;39m &amp#27;[35m26824&amp#27;[0;39m &amp#27;[2m---&amp#27;[0;39m &amp#27;[2m[transferer] [           main]&amp#27;[0;39m &amp#27;[2m&amp#27;[0;39m&amp#27;[36mio.r2dbc.h2.client.SessionClient        &amp#27;[0;39m &amp#27;[2m:&amp#27;[0;39m Request:  DELETE FROM accounts
&amp#27;[2m2025-08-17T16:47:02.989+01:00&amp#27;[0;39m &amp#27;[32mDEBUG&amp#27;[0;39m &amp#27;[35m26824&amp#27;[0;39m &amp#27;[2m---&amp#27;[0;39m &amp#27;[2m[transferer] [           main]&amp#27;[0;39m &amp#27;[2m&amp#27;[0;39m&amp#27;[36mio.r2dbc.h2.client.SessionClient        &amp#27;[0;39m &amp#27;[2m:&amp#27;[0;39m Request:  SELECT CURRENT_TIMESTAMP
&amp#27;[2m2025-08-17T16:47:02.989+01:00&amp#27;[0;39m &amp#27;[32mDEBUG&amp#27;[0;39m &amp#27;[35m26824&amp#27;[0;39m &amp#27;[2m---&amp#27;[0;39m &amp#27;[2m[transferer] [           main]&amp#27;[0;39m &amp#27;[2m&amp#27;[0;39m&amp#27;[36mio.r2dbc.h2.client.SessionClient        &amp#27;[0;39m &amp#27;[2m:&amp#27;[0;39m Response: org.h2.result.LocalResult@718f3088 columns: 1 rows: 1 pos: -1
&amp#27;[2m2025-08-17T16:47:02.989+01:00&amp#27;[0;39m &amp#27;[32mDEBUG&amp#27;[0;39m &amp#27;[35m26824&amp#27;[0;39m &amp#27;[2m---&amp#27;[0;39m &amp#27;[2m[transferer] [           main]&amp#27;[0;39m &amp#27;[2m&amp#27;[0;39m&amp#27;[36mio.r2dbc.h2.client.SessionClient        &amp#27;[0;39m &amp#27;[2m:&amp#27;[0;39m Request:  SELECT 1
&amp#27;[2m2025-08-17T16:47:02.989+01:00&amp#27;[0;39m &amp#27;[32mDEBUG&amp#27;[0;39m &amp#27;[35m26824&amp#27;[0;39m &amp#27;[2m---&amp#27;[0;39m &amp#27;[2m[transferer] [           main]&amp#27;[0;39m &amp#27;[2m&amp#27;[0;39m&amp#27;[36mio.r2dbc.h2.client.SessionClient        &amp#27;[0;39m &amp#27;[2m:&amp#27;[0;39m Response: org.h2.result.LocalResult@11adab6d columns: 1 rows: 1 pos: -1
&amp#27;[2m2025-08-17T16:47:02.989+01:00&amp#27;[0;39m &amp#27;[32mDEBUG&amp#27;[0;39m &amp#27;[35m26824&amp#27;[0;39m &amp#27;[2m---&amp#27;[0;39m &amp#27;[2m[transferer] [           main]&amp#27;[0;39m &amp#27;[2m&amp#27;[0;39m&amp#27;[36mo.s.r2dbc.core.DefaultDatabaseClient    &amp#27;[0;39m &amp#27;[2m:&amp#27;[0;39m Executing SQL statement [DELETE FROM outbox_events]
&amp#27;[2m2025-08-17T16:47:02.989+01:00&amp#27;[0;39m &amp#27;[32mDEBUG&amp#27;[0;39m &amp#27;[35m26824&amp#27;[0;39m &amp#27;[2m---&amp#27;[0;39m &amp#27;[2m[transferer] [           main]&amp#27;[0;39m &amp#27;[2m&amp#27;[0;39m&amp#27;[36mio.r2dbc.h2.client.SessionClient        &amp#27;[0;39m &amp#27;[2m:&amp#27;[0;39m Request:  DELETE FROM outbox_events
&amp#27;[2m2025-08-17T16:47:02.990+01:00&amp#27;[0;39m &amp#27;[32mDEBUG&amp#27;[0;39m &amp#27;[35m26824&amp#27;[0;39m &amp#27;[2m---&amp#27;[0;39m &amp#27;[2m[transferer] [           main]&amp#27;[0;39m &amp#27;[2m&amp#27;[0;39m&amp#27;[36mio.r2dbc.h2.client.SessionClient        &amp#27;[0;39m &amp#27;[2m:&amp#27;[0;39m Request:  SELECT CURRENT_TIMESTAMP
&amp#27;[2m2025-08-17T16:47:02.990+01:00&amp#27;[0;39m &amp#27;[32mDEBUG&amp#27;[0;39m &amp#27;[35m26824&amp#27;[0;39m &amp#27;[2m---&amp#27;[0;39m &amp#27;[2m[transferer] [           main]&amp#27;[0;39m &amp#27;[2m&amp#27;[0;39m&amp#27;[36mio.r2dbc.h2.client.SessionClient        &amp#27;[0;39m &amp#27;[2m:&amp#27;[0;39m Response: org.h2.result.LocalResult@29519337 columns: 1 rows: 1 pos: -1
]]></system-out>
  </testcase>
  <testcase name="should_persist_payment_state_changes_correctly" classname="com.transferer.payment.PaymentSagaDbIntegrationTest" time="0.207">
    <system-out><![CDATA[
  .   ____          _            __ _ _
 /\\ / ___'_ __ _ _(_)_ __  __ _ \ \ \ \
( ( )\___ | '_ | '_| | '_ \/ _` | \ \ \ \
 \\/  ___)| |_)| | | | | || (_| |  ) ) ) )
  '  |____| .__|_| |_|_| |_\__, | / / / /
 =========|_|==============|___/=/_/_/_/
&amp#27;[32m :: Spring Boot :: &amp#27;[39m              &amp#27;[2m (v3.2.0)&amp#27;[0;39m

&amp#27;[2m2025-08-17T16:47:03.002+01:00&amp#27;[0;39m &amp#27;[32m INFO&amp#27;[0;39m &amp#27;[35m26824&amp#27;[0;39m &amp#27;[2m---&amp#27;[0;39m &amp#27;[2m[transferer] [           main]&amp#27;[0;39m &amp#27;[2m&amp#27;[0;39m&amp#27;[36mc.t.p.PaymentSagaDbIntegrationTest      &amp#27;[0;39m &amp#27;[2m:&amp#27;[0;39m Starting PaymentSagaDbIntegrationTest using Java 24.0.2 with PID 26824 (started by bendrawer in /Users/bendrawer/transferer)
&amp#27;[2m2025-08-17T16:47:03.002+01:00&amp#27;[0;39m &amp#27;[32mDEBUG&amp#27;[0;39m &amp#27;[35m26824&amp#27;[0;39m &amp#27;[2m---&amp#27;[0;39m &amp#27;[2m[transferer] [           main]&amp#27;[0;39m &amp#27;[2m&amp#27;[0;39m&amp#27;[36mc.t.p.PaymentSagaDbIntegrationTest      &amp#27;[0;39m &amp#27;[2m:&amp#27;[0;39m Running with Spring Boot v3.2.0, Spring v6.1.1
&amp#27;[2m2025-08-17T16:47:03.002+01:00&amp#27;[0;39m &amp#27;[32m INFO&amp#27;[0;39m &amp#27;[35m26824&amp#27;[0;39m &amp#27;[2m---&amp#27;[0;39m &amp#27;[2m[transferer] [           main]&amp#27;[0;39m &amp#27;[2m&amp#27;[0;39m&amp#27;[36mc.t.p.PaymentSagaDbIntegrationTest      &amp#27;[0;39m &amp#27;[2m:&amp#27;[0;39m The following 1 profile is active: "test"
&amp#27;[2m2025-08-17T16:47:03.022+01:00&amp#27;[0;39m &amp#27;[32m INFO&amp#27;[0;39m &amp#27;[35m26824&amp#27;[0;39m &amp#27;[2m---&amp#27;[0;39m &amp#27;[2m[transferer] [           main]&amp#27;[0;39m &amp#27;[2m&amp#27;[0;39m&amp#27;[36m.s.d.r.c.RepositoryConfigurationDelegate&amp#27;[0;39m &amp#27;[2m:&amp#27;[0;39m Bootstrapping Spring Data R2DBC repositories in DEFAULT mode.
&amp#27;[2m2025-08-17T16:47:03.026+01:00&amp#27;[0;39m &amp#27;[32m INFO&amp#27;[0;39m &amp#27;[35m26824&amp#27;[0;39m &amp#27;[2m---&amp#27;[0;39m &amp#27;[2m[transferer] [           main]&amp#27;[0;39m &amp#27;[2m&amp#27;[0;39m&amp#27;[36m.s.d.r.c.RepositoryConfigurationDelegate&amp#27;[0;39m &amp#27;[2m:&amp#27;[0;39m Finished Spring Data repository scanning in 4 ms. Found 4 R2DBC repository interfaces.
&amp#27;[2m2025-08-17T16:47:03.060+01:00&amp#27;[0;39m &amp#27;[32mDEBUG&amp#27;[0;39m &amp#27;[35m26824&amp#27;[0;39m &amp#27;[2m---&amp#27;[0;39m &amp#27;[2m[transferer] [           main]&amp#27;[0;39m &amp#27;[2m&amp#27;[0;39m&amp#27;[36mc.t.shared.outbox.OutboxEventBus        &amp#27;[0;39m &amp#27;[2m:&amp#27;[0;39m Subscribed handler to event class: PaymentStepAdvancedEvent
&amp#27;[2m2025-08-17T16:47:03.060+01:00&amp#27;[0;39m &amp#27;[32mDEBUG&amp#27;[0;39m &amp#27;[35m26824&amp#27;[0;39m &amp#27;[2m---&amp#27;[0;39m &amp#27;[2m[transferer] [           main]&amp#27;[0;39m &amp#27;[2m&amp#27;[0;39m&amp#27;[36mc.t.shared.outbox.OutboxEventBus        &amp#27;[0;39m &amp#27;[2m:&amp#27;[0;39m Subscribed handler to event class: TransactionCreatedEvent
&amp#27;[2m2025-08-17T16:47:03.060+01:00&amp#27;[0;39m &amp#27;[32mDEBUG&amp#27;[0;39m &amp#27;[35m26824&amp#27;[0;39m &amp#27;[2m---&amp#27;[0;39m &amp#27;[2m[transferer] [           main]&amp#27;[0;39m &amp#27;[2m&amp#27;[0;39m&amp#27;[36mc.t.shared.outbox.OutboxEventBus        &amp#27;[0;39m &amp#27;[2m:&amp#27;[0;39m Subscribed handler to event class: AccountDebitedEvent
&amp#27;[2m2025-08-17T16:47:03.060+01:00&amp#27;[0;39m &amp#27;[32mDEBUG&amp#27;[0;39m &amp#27;[35m26824&amp#27;[0;39m &amp#27;[2m---&amp#27;[0;39m &amp#27;[2m[transferer] [           main]&amp#27;[0;39m &amp#27;[2m&amp#27;[0;39m&amp#27;[36mc.t.shared.outbox.OutboxEventBus        &amp#27;[0;39m &amp#27;[2m:&amp#27;[0;39m Subscribed handler to event class: AccountCreditedEvent
&amp#27;[2m2025-08-17T16:47:03.060+01:00&amp#27;[0;39m &amp#27;[32mDEBUG&amp#27;[0;39m &amp#27;[35m26824&amp#27;[0;39m &amp#27;[2m---&amp#27;[0;39m &amp#27;[2m[transferer] [           main]&amp#27;[0;39m &amp#27;[2m&amp#27;[0;39m&amp#27;[36mc.t.shared.outbox.OutboxEventBus        &amp#27;[0;39m &amp#27;[2m:&amp#27;[0;39m Subscribed handler to event class: TransactionCompletedEvent
&amp#27;[2m2025-08-17T16:47:03.060+01:00&amp#27;[0;39m &amp#27;[32mDEBUG&amp#27;[0;39m &amp#27;[35m26824&amp#27;[0;39m &amp#27;[2m---&amp#27;[0;39m &amp#27;[2m[transferer] [           main]&amp#27;[0;39m &amp#27;[2m&amp#27;[0;39m&amp#27;[36mc.t.shared.outbox.OutboxEventBus        &amp#27;[0;39m &amp#27;[2m:&amp#27;[0;39m Subscribed handler to event class: PaymentFailedEvent
&amp#27;[2m2025-08-17T16:47:03.062+01:00&amp#27;[0;39m &amp#27;[32mDEBUG&amp#27;[0;39m &amp#27;[35m26824&amp#27;[0;39m &amp#27;[2m---&amp#27;[0;39m &amp#27;[2m[transferer] [       single-1]&amp#27;[0;39m &amp#27;[2m&amp#27;[0;39m&amp#27;[36mio.r2dbc.h2.client.SessionClient        &amp#27;[0;39m &amp#27;[2m:&amp#27;[0;39m Request:  CALL H2VERSION()
&amp#27;[2m2025-08-17T16:47:03.062+01:00&amp#27;[0;39m &amp#27;[32mDEBUG&amp#27;[0;39m &amp#27;[35m26824&amp#27;[0;39m &amp#27;[2m---&amp#27;[0;39m &amp#27;[2m[transferer] [       single-1]&amp#27;[0;39m &amp#27;[2m&amp#27;[0;39m&amp#27;[36mio.r2dbc.h2.client.SessionClient        &amp#27;[0;39m &amp#27;[2m:&amp#27;[0;39m Response: org.h2.result.LocalResult@33669fc columns: 1 rows: 1 pos: -1
&amp#27;[2m2025-08-17T16:47:03.062+01:00&amp#27;[0;39m &amp#27;[32mDEBUG&amp#27;[0;39m &amp#27;[35m26824&amp#27;[0;39m &amp#27;[2m---&amp#27;[0;39m &amp#27;[2m[transferer] [       single-1]&amp#27;[0;39m &amp#27;[2m&amp#27;[0;39m&amp#27;[36mio.r2dbc.h2.client.SessionClient        &amp#27;[0;39m &amp#27;[2m:&amp#27;[0;39m Request:  SELECT 1
&amp#27;[2m2025-08-17T16:47:03.063+01:00&amp#27;[0;39m &amp#27;[32mDEBUG&amp#27;[0;39m &amp#27;[35m26824&amp#27;[0;39m &amp#27;[2m---&amp#27;[0;39m &amp#27;[2m[transferer] [       single-1]&amp#27;[0;39m &amp#27;[2m&amp#27;[0;39m&amp#27;[36mio.r2dbc.h2.client.SessionClient        &amp#27;[0;39m &amp#27;[2m:&amp#27;[0;39m Response: org.h2.result.LocalResult@2e2c1efd columns: 1 rows: 1 pos: -1
&amp#27;[2m2025-08-17T16:47:03.063+01:00&amp#27;[0;39m &amp#27;[32mDEBUG&amp#27;[0;39m &amp#27;[35m26824&amp#27;[0;39m &amp#27;[2m---&amp#27;[0;39m &amp#27;[2m[transferer] [       single-1]&amp#27;[0;39m &amp#27;[2m&amp#27;[0;39m&amp#27;[36mo.s.r2dbc.connection.init.ScriptUtils   &amp#27;[0;39m &amp#27;[2m:&amp#27;[0;39m Executing SQL script from class path resource [test-schema.sql]
&amp#27;[2m2025-08-17T16:47:03.063+01:00&amp#27;[0;39m &amp#27;[32mDEBUG&amp#27;[0;39m &amp#27;[35m26824&amp#27;[0;39m &amp#27;[2m---&amp#27;[0;39m &amp#27;[2m[transferer] [       single-1]&amp#27;[0;39m &amp#27;[2m&amp#27;[0;39m&amp#27;[36mio.r2dbc.h2.client.SessionClient        &amp#27;[0;39m &amp#27;[2m:&amp#27;[0;39m Request:  CALL H2VERSION()
&amp#27;[2m2025-08-17T16:47:03.063+01:00&amp#27;[0;39m &amp#27;[32mDEBUG&amp#27;[0;39m &amp#27;[35m26824&amp#27;[0;39m &amp#27;[2m---&amp#27;[0;39m &amp#27;[2m[transferer] [       single-1]&amp#27;[0;39m &amp#27;[2m&amp#27;[0;39m&amp#27;[36mio.r2dbc.h2.client.SessionClient        &amp#27;[0;39m &amp#27;[2m:&amp#27;[0;39m Response: org.h2.result.LocalResult@608a8b17 columns: 1 rows: 1 pos: -1
&amp#27;[2m2025-08-17T16:47:03.063+01:00&amp#27;[0;39m &amp#27;[32mDEBUG&amp#27;[0;39m &amp#27;[35m26824&amp#27;[0;39m &amp#27;[2m---&amp#27;[0;39m &amp#27;[2m[transferer] [       single-1]&amp#27;[0;39m &amp#27;[2m&amp#27;[0;39m&amp#27;[36mio.r2dbc.h2.client.SessionClient        &amp#27;[0;39m &amp#27;[2m:&amp#27;[0;39m Request:  CALL H2VERSION()
&amp#27;[2m2025-08-17T16:47:03.063+01:00&amp#27;[0;39m &amp#27;[32mDEBUG&amp#27;[0;39m &amp#27;[35m26824&amp#27;[0;39m &amp#27;[2m---&amp#27;[0;39m &amp#27;[2m[transferer] [       single-1]&amp#27;[0;39m &amp#27;[2m&amp#27;[0;39m&amp#27;[36mio.r2dbc.h2.client.SessionClient        &amp#27;[0;39m &amp#27;[2m:&amp#27;[0;39m Response: org.h2.result.LocalResult@50437773 columns: 1 rows: 1 pos: -1
&amp#27;[2m2025-08-17T16:47:03.063+01:00&amp#27;[0;39m &amp#27;[32mDEBUG&amp#27;[0;39m &amp#27;[35m26824&amp#27;[0;39m &amp#27;[2m---&amp#27;[0;39m &amp#27;[2m[transferer] [       single-1]&amp#27;[0;39m &amp#27;[2m&amp#27;[0;39m&amp#27;[36mio.r2dbc.h2.client.SessionClient        &amp#27;[0;39m &amp#27;[2m:&amp#27;[0;39m Request:  CALL H2VERSION()
&amp#27;[2m2025-08-17T16:47:03.063+01:00&amp#27;[0;39m &amp#27;[32mDEBUG&amp#27;[0;39m &amp#27;[35m26824&amp#27;[0;39m &amp#27;[2m---&amp#27;[0;39m &amp#27;[2m[transferer] [       single-1]&amp#27;[0;39m &amp#27;[2m&amp#27;[0;39m&amp#27;[36mio.r2dbc.h2.client.SessionClient        &amp#27;[0;39m &amp#27;[2m:&amp#27;[0;39m Response: org.h2.result.LocalResult@3b704c40 columns: 1 rows: 1 pos: -1
&amp#27;[2m2025-08-17T16:47:03.064+01:00&amp#27;[0;39m &amp#27;[32mDEBUG&amp#27;[0;39m &amp#27;[35m26824&amp#27;[0;39m &amp#27;[2m---&amp#27;[0;39m &amp#27;[2m[transferer] [       single-1]&amp#27;[0;39m &amp#27;[2m&amp#27;[0;39m&amp#27;[36mio.r2dbc.h2.client.SessionClient        &amp#27;[0;39m &amp#27;[2m:&amp#27;[0;39m Request:  CALL H2VERSION()
&amp#27;[2m2025-08-17T16:47:03.064+01:00&amp#27;[0;39m &amp#27;[32mDEBUG&amp#27;[0;39m &amp#27;[35m26824&amp#27;[0;39m &amp#27;[2m---&amp#27;[0;39m &amp#27;[2m[transferer] [       Thread-2]&amp#27;[0;39m &amp#27;[2m&amp#27;[0;39m&amp#27;[36mio.r2dbc.h2.client.SessionClient        &amp#27;[0;39m &amp#27;[2m:&amp#27;[0;39m Request:  CREATE TABLE IF NOT EXISTS accounts ( id VARCHAR(255) PRIMARY KEY, account_number VARCHAR(20) UNIQUE NOT NULL, holder_name VARCHAR(255) NOT NULL, balance DECIMAL(19,2) NOT NULL DEFAULT 0.00, status VARCHAR(20) NOT NULL DEFAULT 'ACTIVE', created_at TIMESTAMP NOT NULL DEFAULT CURRENT_TIMESTAMP, updated_at TIMESTAMP NOT NULL DEFAULT CURRENT_TIMESTAMP )
&amp#27;[2m2025-08-17T16:47:03.064+01:00&amp#27;[0;39m &amp#27;[32mDEBUG&amp#27;[0;39m &amp#27;[35m26824&amp#27;[0;39m &amp#27;[2m---&amp#27;[0;39m &amp#27;[2m[transferer] [       single-1]&amp#27;[0;39m &amp#27;[2m&amp#27;[0;39m&amp#27;[36mio.r2dbc.h2.client.SessionClient        &amp#27;[0;39m &amp#27;[2m:&amp#27;[0;39m Response: org.h2.result.LocalResult@75e56625 columns: 1 rows: 1 pos: -1
&amp#27;[2m2025-08-17T16:47:03.064+01:00&amp#27;[0;39m &amp#27;[32mDEBUG&amp#27;[0;39m &amp#27;[35m26824&amp#27;[0;39m &amp#27;[2m---&amp#27;[0;39m &amp#27;[2m[transferer] [       Thread-2]&amp#27;[0;39m &amp#27;[2m&amp#27;[0;39m&amp#27;[36mo.s.r2dbc.connection.init.ScriptUtils   &amp#27;[0;39m &amp#27;[2m:&amp#27;[0;39m 0 returned as update count for SQL: CREATE TABLE IF NOT EXISTS accounts ( id VARCHAR(255) PRIMARY KEY, account_number VARCHAR(20) UNIQUE NOT NULL, holder_name VARCHAR(255) NOT NULL, balance DECIMAL(19,2) NOT NULL DEFAULT 0.00, status VARCHAR(20) NOT NULL DEFAULT 'ACTIVE', created_at TIMESTAMP NOT NULL DEFAULT CURRENT_TIMESTAMP, updated_at TIMESTAMP NOT NULL DEFAULT CURRENT_TIMESTAMP )
&amp#27;[2m2025-08-17T16:47:03.064+01:00&amp#27;[0;39m &amp#27;[32mDEBUG&amp#27;[0;39m &amp#27;[35m26824&amp#27;[0;39m &amp#27;[2m---&amp#27;[0;39m &amp#27;[2m[transferer] [       Thread-2]&amp#27;[0;39m &amp#27;[2m&amp#27;[0;39m&amp#27;[36mio.r2dbc.h2.client.SessionClient        &amp#27;[0;39m &amp#27;[2m:&amp#27;[0;39m Request:  CREATE INDEX IF NOT EXISTS idx_accounts_account_number ON accounts (account_number)
&amp#27;[2m2025-08-17T16:47:03.064+01:00&amp#27;[0;39m &amp#27;[32mDEBUG&amp#27;[0;39m &amp#27;[35m26824&amp#27;[0;39m &amp#27;[2m---&amp#27;[0;39m &amp#27;[2m[transferer] [       Thread-2]&amp#27;[0;39m &amp#27;[2m&amp#27;[0;39m&amp#27;[36mo.s.r2dbc.connection.init.ScriptUtils   &amp#27;[0;39m &amp#27;[2m:&amp#27;[0;39m 0 returned as update count for SQL: CREATE INDEX IF NOT EXISTS idx_accounts_account_number ON accounts (account_number)
&amp#27;[2m2025-08-17T16:47:03.064+01:00&amp#27;[0;39m &amp#27;[32mDEBUG&amp#27;[0;39m &amp#27;[35m26824&amp#27;[0;39m &amp#27;[2m---&amp#27;[0;39m &amp#27;[2m[transferer] [       Thread-2]&amp#27;[0;39m &amp#27;[2m&amp#27;[0;39m&amp#27;[36mio.r2dbc.h2.client.SessionClient        &amp#27;[0;39m &amp#27;[2m:&amp#27;[0;39m Request:  CREATE INDEX IF NOT EXISTS idx_accounts_status ON accounts (status)
&amp#27;[2m2025-08-17T16:47:03.064+01:00&amp#27;[0;39m &amp#27;[32mDEBUG&amp#27;[0;39m &amp#27;[35m26824&amp#27;[0;39m &amp#27;[2m---&amp#27;[0;39m &amp#27;[2m[transferer] [       Thread-2]&amp#27;[0;39m &amp#27;[2m&amp#27;[0;39m&amp#27;[36mo.s.r2dbc.connection.init.ScriptUtils   &amp#27;[0;39m &amp#27;[2m:&amp#27;[0;39m 0 returned as update count for SQL: CREATE INDEX IF NOT EXISTS idx_accounts_status ON accounts (status)
&amp#27;[2m2025-08-17T16:47:03.064+01:00&amp#27;[0;39m &amp#27;[32mDEBUG&amp#27;[0;39m &amp#27;[35m26824&amp#27;[0;39m &amp#27;[2m---&amp#27;[0;39m &amp#27;[2m[transferer] [       Thread-2]&amp#27;[0;39m &amp#27;[2m&amp#27;[0;39m&amp#27;[36mio.r2dbc.h2.client.SessionClient        &amp#27;[0;39m &amp#27;[2m:&amp#27;[0;39m Request:  CREATE TABLE IF NOT EXISTS transactions ( id VARCHAR(255) PRIMARY KEY, sender_account_id VARCHAR(255) NOT NULL, recipient_account_id VARCHAR(255) NOT NULL, amount DECIMAL(19,2) NOT NULL, status VARCHAR(20) NOT NULL DEFAULT 'PENDING', description TEXT, created_at TIMESTAMP NOT NULL DEFAULT CURRENT_TIMESTAMP, updated_at TIMESTAMP NOT NULL DEFAULT CURRENT_TIMESTAMP, completed_at TIMESTAMP NULL, CONSTRAINT fk_transactions_sender FOREIGN KEY (sender_account_id) REFERENCES accounts(id), CONSTRAINT fk_transactions_recipient FOREIGN KEY (recipient_account_id) REFERENCES accounts(id), CONSTRAINT chk_transactions_amount_positive CHECK (amount > 0), CONSTRAINT chk_transactions_different_accounts CHECK (sender_account_id != recipient_account_id) )
&amp#27;[2m2025-08-17T16:47:03.064+01:00&amp#27;[0;39m &amp#27;[32mDEBUG&amp#27;[0;39m &amp#27;[35m26824&amp#27;[0;39m &amp#27;[2m---&amp#27;[0;39m &amp#27;[2m[transferer] [       Thread-2]&amp#27;[0;39m &amp#27;[2m&amp#27;[0;39m&amp#27;[36mo.s.r2dbc.connection.init.ScriptUtils   &amp#27;[0;39m &amp#27;[2m:&amp#27;[0;39m 0 returned as update count for SQL: CREATE TABLE IF NOT EXISTS transactions ( id VARCHAR(255) PRIMARY KEY, sender_account_id VARCHAR(255) NOT NULL, recipient_account_id VARCHAR(255) NOT NULL, amount DECIMAL(19,2) NOT NULL, status VARCHAR(20) NOT NULL DEFAULT 'PENDING', description TEXT, created_at TIMESTAMP NOT NULL DEFAULT CURRENT_TIMESTAMP, updated_at TIMESTAMP NOT NULL DEFAULT CURRENT_TIMESTAMP, completed_at TIMESTAMP NULL, CONSTRAINT fk_transactions_sender FOREIGN KEY (sender_account_id) REFERENCES accounts(id), CONSTRAINT fk_transactions_recipient FOREIGN KEY (recipient_account_id) REFERENCES accounts(id), CONSTRAINT chk_transactions_amount_positive CHECK (amount > 0), CONSTRAINT chk_transactions_different_accounts CHECK (sender_account_id != recipient_account_id) )
&amp#27;[2m2025-08-17T16:47:03.064+01:00&amp#27;[0;39m &amp#27;[32mDEBUG&amp#27;[0;39m &amp#27;[35m26824&amp#27;[0;39m &amp#27;[2m---&amp#27;[0;39m &amp#27;[2m[transferer] [       Thread-2]&amp#27;[0;39m &amp#27;[2m&amp#27;[0;39m&amp#27;[36mio.r2dbc.h2.client.SessionClient        &amp#27;[0;39m &amp#27;[2m:&amp#27;[0;39m Request:  CREATE INDEX IF NOT EXISTS idx_transactions_sender_account_id ON transactions (sender_account_id)
&amp#27;[2m2025-08-17T16:47:03.064+01:00&amp#27;[0;39m &amp#27;[32mDEBUG&amp#27;[0;39m &amp#27;[35m26824&amp#27;[0;39m &amp#27;[2m---&amp#27;[0;39m &amp#27;[2m[transferer] [       Thread-2]&amp#27;[0;39m &amp#27;[2m&amp#27;[0;39m&amp#27;[36mo.s.r2dbc.connection.init.ScriptUtils   &amp#27;[0;39m &amp#27;[2m:&amp#27;[0;39m 0 returned as update count for SQL: CREATE INDEX IF NOT EXISTS idx_transactions_sender_account_id ON transactions (sender_account_id)
&amp#27;[2m2025-08-17T16:47:03.064+01:00&amp#27;[0;39m &amp#27;[32mDEBUG&amp#27;[0;39m &amp#27;[35m26824&amp#27;[0;39m &amp#27;[2m---&amp#27;[0;39m &amp#27;[2m[transferer] [       single-1]&amp#27;[0;39m &amp#27;[2m&amp#27;[0;39m&amp#27;[36mio.r2dbc.h2.client.SessionClient        &amp#27;[0;39m &amp#27;[2m:&amp#27;[0;39m Request:  CALL H2VERSION()
&amp#27;[2m2025-08-17T16:47:03.064+01:00&amp#27;[0;39m &amp#27;[32mDEBUG&amp#27;[0;39m &amp#27;[35m26824&amp#27;[0;39m &amp#27;[2m---&amp#27;[0;39m &amp#27;[2m[transferer] [       Thread-2]&amp#27;[0;39m &amp#27;[2m&amp#27;[0;39m&amp#27;[36mio.r2dbc.h2.client.SessionClient        &amp#27;[0;39m &amp#27;[2m:&amp#27;[0;39m Request:  CREATE INDEX IF NOT EXISTS idx_transactions_recipient_account_id ON transactions (recipient_account_id)
&amp#27;[2m2025-08-17T16:47:03.064+01:00&amp#27;[0;39m &amp#27;[32mDEBUG&amp#27;[0;39m &amp#27;[35m26824&amp#27;[0;39m &amp#27;[2m---&amp#27;[0;39m &amp#27;[2m[transferer] [       Thread-2]&amp#27;[0;39m &amp#27;[2m&amp#27;[0;39m&amp#27;[36mo.s.r2dbc.connection.init.ScriptUtils   &amp#27;[0;39m &amp#27;[2m:&amp#27;[0;39m 0 returned as update count for SQL: CREATE INDEX IF NOT EXISTS idx_transactions_recipient_account_id ON transactions (recipient_account_id)
&amp#27;[2m2025-08-17T16:47:03.064+01:00&amp#27;[0;39m &amp#27;[32mDEBUG&amp#27;[0;39m &amp#27;[35m26824&amp#27;[0;39m &amp#27;[2m---&amp#27;[0;39m &amp#27;[2m[transferer] [       single-1]&amp#27;[0;39m &amp#27;[2m&amp#27;[0;39m&amp#27;[36mio.r2dbc.h2.client.SessionClient        &amp#27;[0;39m &amp#27;[2m:&amp#27;[0;39m Response: org.h2.result.LocalResult@410389bd columns: 1 rows: 1 pos: -1
&amp#27;[2m2025-08-17T16:47:03.064+01:00&amp#27;[0;39m &amp#27;[32mDEBUG&amp#27;[0;39m &amp#27;[35m26824&amp#27;[0;39m &amp#27;[2m---&amp#27;[0;39m &amp#27;[2m[transferer] [       Thread-2]&amp#27;[0;39m &amp#27;[2m&amp#27;[0;39m&amp#27;[36mio.r2dbc.h2.client.SessionClient        &amp#27;[0;39m &amp#27;[2m:&amp#27;[0;39m Request:  CREATE INDEX IF NOT EXISTS idx_transactions_status ON transactions (status)
&amp#27;[2m2025-08-17T16:47:03.064+01:00&amp#27;[0;39m &amp#27;[32mDEBUG&amp#27;[0;39m &amp#27;[35m26824&amp#27;[0;39m &amp#27;[2m---&amp#27;[0;39m &amp#27;[2m[transferer] [       Thread-2]&amp#27;[0;39m &amp#27;[2m&amp#27;[0;39m&amp#27;[36mo.s.r2dbc.connection.init.ScriptUtils   &amp#27;[0;39m &amp#27;[2m:&amp#27;[0;39m 0 returned as update count for SQL: CREATE INDEX IF NOT EXISTS idx_transactions_status ON transactions (status)
&amp#27;[2m2025-08-17T16:47:03.064+01:00&amp#27;[0;39m &amp#27;[32mDEBUG&amp#27;[0;39m &amp#27;[35m26824&amp#27;[0;39m &amp#27;[2m---&amp#27;[0;39m &amp#27;[2m[transferer] [       Thread-2]&amp#27;[0;39m &amp#27;[2m&amp#27;[0;39m&amp#27;[36mio.r2dbc.h2.client.SessionClient        &amp#27;[0;39m &amp#27;[2m:&amp#27;[0;39m Request:  CREATE INDEX IF NOT EXISTS idx_transactions_created_at ON transactions (created_at)
&amp#27;[2m2025-08-17T16:47:03.065+01:00&amp#27;[0;39m &amp#27;[32mDEBUG&amp#27;[0;39m &amp#27;[35m26824&amp#27;[0;39m &amp#27;[2m---&amp#27;[0;39m &amp#27;[2m[transferer] [       Thread-2]&amp#27;[0;39m &amp#27;[2m&amp#27;[0;39m&amp#27;[36mo.s.r2dbc.connection.init.ScriptUtils   &amp#27;[0;39m &amp#27;[2m:&amp#27;[0;39m 0 returned as update count for SQL: CREATE INDEX IF NOT EXISTS idx_transactions_created_at ON transactions (created_at)
&amp#27;[2m2025-08-17T16:47:03.065+01:00&amp#27;[0;39m &amp#27;[32mDEBUG&amp#27;[0;39m &amp#27;[35m26824&amp#27;[0;39m &amp#27;[2m---&amp#27;[0;39m &amp#27;[2m[transferer] [       Thread-2]&amp#27;[0;39m &amp#27;[2m&amp#27;[0;39m&amp#27;[36mio.r2dbc.h2.client.SessionClient        &amp#27;[0;39m &amp#27;[2m:&amp#27;[0;39m Request:  CREATE TABLE IF NOT EXISTS payments ( id VARCHAR(255) PRIMARY KEY, transaction_id VARCHAR(255), sender_account_id VARCHAR(255) NOT NULL, recipient_account_id VARCHAR(255) NOT NULL, amount DECIMAL(19,2) NOT NULL, description TEXT, status VARCHAR(20) NOT NULL DEFAULT 'PENDING', current_step VARCHAR(50) NOT NULL DEFAULT 'INITIATED', failure_reason TEXT, created_at TIMESTAMP NOT NULL DEFAULT CURRENT_TIMESTAMP, updated_at TIMESTAMP NOT NULL DEFAULT CURRENT_TIMESTAMP, completed_at TIMESTAMP NULL, CONSTRAINT fk_payments_transaction FOREIGN KEY (transaction_id) REFERENCES transactions(id), CONSTRAINT fk_payments_sender FOREIGN KEY (sender_account_id) REFERENCES accounts(id), CONSTRAINT fk_payments_recipient FOREIGN KEY (recipient_account_id) REFERENCES accounts(id), CONSTRAINT chk_payments_amount_positive CHECK (amount > 0), CONSTRAINT chk_payments_different_accounts CHECK (sender_account_id != recipient_account_id) )
&amp#27;[2m2025-08-17T16:47:03.065+01:00&amp#27;[0;39m &amp#27;[32mDEBUG&amp#27;[0;39m &amp#27;[35m26824&amp#27;[0;39m &amp#27;[2m---&amp#27;[0;39m &amp#27;[2m[transferer] [       Thread-2]&amp#27;[0;39m &amp#27;[2m&amp#27;[0;39m&amp#27;[36mo.s.r2dbc.connection.init.ScriptUtils   &amp#27;[0;39m &amp#27;[2m:&amp#27;[0;39m 0 returned as update count for SQL: CREATE TABLE IF NOT EXISTS payments ( id VARCHAR(255) PRIMARY KEY, transaction_id VARCHAR(255), sender_account_id VARCHAR(255) NOT NULL, recipient_account_id VARCHAR(255) NOT NULL, amount DECIMAL(19,2) NOT NULL, description TEXT, status VARCHAR(20) NOT NULL DEFAULT 'PENDING', current_step VARCHAR(50) NOT NULL DEFAULT 'INITIATED', failure_reason TEXT, created_at TIMESTAMP NOT NULL DEFAULT CURRENT_TIMESTAMP, updated_at TIMESTAMP NOT NULL DEFAULT CURRENT_TIMESTAMP, completed_at TIMESTAMP NULL, CONSTRAINT fk_payments_transaction FOREIGN KEY (transaction_id) REFERENCES transactions(id), CONSTRAINT fk_payments_sender FOREIGN KEY (sender_account_id) REFERENCES accounts(id), CONSTRAINT fk_payments_recipient FOREIGN KEY (recipient_account_id) REFERENCES accounts(id), CONSTRAINT chk_payments_amount_positive CHECK (amount > 0), CONSTRAINT chk_payments_different_accounts CHECK (sender_account_id != recipient_account_id) )
&amp#27;[2m2025-08-17T16:47:03.065+01:00&amp#27;[0;39m &amp#27;[32mDEBUG&amp#27;[0;39m &amp#27;[35m26824&amp#27;[0;39m &amp#27;[2m---&amp#27;[0;39m &amp#27;[2m[transferer] [       single-1]&amp#27;[0;39m &amp#27;[2m&amp#27;[0;39m&amp#27;[36mio.r2dbc.h2.client.SessionClient        &amp#27;[0;39m &amp#27;[2m:&amp#27;[0;39m Request:  CALL H2VERSION()
&amp#27;[2m2025-08-17T16:47:03.065+01:00&amp#27;[0;39m &amp#27;[32mDEBUG&amp#27;[0;39m &amp#27;[35m26824&amp#27;[0;39m &amp#27;[2m---&amp#27;[0;39m &amp#27;[2m[transferer] [       Thread-2]&amp#27;[0;39m &amp#27;[2m&amp#27;[0;39m&amp#27;[36mio.r2dbc.h2.client.SessionClient        &amp#27;[0;39m &amp#27;[2m:&amp#27;[0;39m Request:  CREATE INDEX IF NOT EXISTS idx_payments_transaction_id ON payments (transaction_id)
&amp#27;[2m2025-08-17T16:47:03.065+01:00&amp#27;[0;39m &amp#27;[32mDEBUG&amp#27;[0;39m &amp#27;[35m26824&amp#27;[0;39m &amp#27;[2m---&amp#27;[0;39m &amp#27;[2m[transferer] [       single-1]&amp#27;[0;39m &amp#27;[2m&amp#27;[0;39m&amp#27;[36mio.r2dbc.h2.client.SessionClient        &amp#27;[0;39m &amp#27;[2m:&amp#27;[0;39m Response: org.h2.result.LocalResult@a309601 columns: 1 rows: 1 pos: -1
&amp#27;[2m2025-08-17T16:47:03.065+01:00&amp#27;[0;39m &amp#27;[32mDEBUG&amp#27;[0;39m &amp#27;[35m26824&amp#27;[0;39m &amp#27;[2m---&amp#27;[0;39m &amp#27;[2m[transferer] [       Thread-2]&amp#27;[0;39m &amp#27;[2m&amp#27;[0;39m&amp#27;[36mo.s.r2dbc.connection.init.ScriptUtils   &amp#27;[0;39m &amp#27;[2m:&amp#27;[0;39m 0 returned as update count for SQL: CREATE INDEX IF NOT EXISTS idx_payments_transaction_id ON payments (transaction_id)
&amp#27;[2m2025-08-17T16:47:03.065+01:00&amp#27;[0;39m &amp#27;[32mDEBUG&amp#27;[0;39m &amp#27;[35m26824&amp#27;[0;39m &amp#27;[2m---&amp#27;[0;39m &amp#27;[2m[transferer] [       Thread-2]&amp#27;[0;39m &amp#27;[2m&amp#27;[0;39m&amp#27;[36mio.r2dbc.h2.client.SessionClient        &amp#27;[0;39m &amp#27;[2m:&amp#27;[0;39m Request:  CREATE INDEX IF NOT EXISTS idx_payments_sender_account_id ON payments (sender_account_id)
&amp#27;[2m2025-08-17T16:47:03.065+01:00&amp#27;[0;39m &amp#27;[32mDEBUG&amp#27;[0;39m &amp#27;[35m26824&amp#27;[0;39m &amp#27;[2m---&amp#27;[0;39m &amp#27;[2m[transferer] [       Thread-2]&amp#27;[0;39m &amp#27;[2m&amp#27;[0;39m&amp#27;[36mo.s.r2dbc.connection.init.ScriptUtils   &amp#27;[0;39m &amp#27;[2m:&amp#27;[0;39m 0 returned as update count for SQL: CREATE INDEX IF NOT EXISTS idx_payments_sender_account_id ON payments (sender_account_id)
&amp#27;[2m2025-08-17T16:47:03.065+01:00&amp#27;[0;39m &amp#27;[32mDEBUG&amp#27;[0;39m &amp#27;[35m26824&amp#27;[0;39m &amp#27;[2m---&amp#27;[0;39m &amp#27;[2m[transferer] [       Thread-2]&amp#27;[0;39m &amp#27;[2m&amp#27;[0;39m&amp#27;[36mio.r2dbc.h2.client.SessionClient        &amp#27;[0;39m &amp#27;[2m:&amp#27;[0;39m Request:  CREATE INDEX IF NOT EXISTS idx_payments_recipient_account_id ON payments (recipient_account_id)
&amp#27;[2m2025-08-17T16:47:03.065+01:00&amp#27;[0;39m &amp#27;[32mDEBUG&amp#27;[0;39m &amp#27;[35m26824&amp#27;[0;39m &amp#27;[2m---&amp#27;[0;39m &amp#27;[2m[transferer] [       Thread-2]&amp#27;[0;39m &amp#27;[2m&amp#27;[0;39m&amp#27;[36mo.s.r2dbc.connection.init.ScriptUtils   &amp#27;[0;39m &amp#27;[2m:&amp#27;[0;39m 0 returned as update count for SQL: CREATE INDEX IF NOT EXISTS idx_payments_recipient_account_id ON payments (recipient_account_id)
&amp#27;[2m2025-08-17T16:47:03.065+01:00&amp#27;[0;39m &amp#27;[32mDEBUG&amp#27;[0;39m &amp#27;[35m26824&amp#27;[0;39m &amp#27;[2m---&amp#27;[0;39m &amp#27;[2m[transferer] [       Thread-2]&amp#27;[0;39m &amp#27;[2m&amp#27;[0;39m&amp#27;[36mio.r2dbc.h2.client.SessionClient        &amp#27;[0;39m &amp#27;[2m:&amp#27;[0;39m Request:  CREATE INDEX IF NOT EXISTS idx_payments_status ON payments (status)
&amp#27;[2m2025-08-17T16:47:03.065+01:00&amp#27;[0;39m &amp#27;[32mDEBUG&amp#27;[0;39m &amp#27;[35m26824&amp#27;[0;39m &amp#27;[2m---&amp#27;[0;39m &amp#27;[2m[transferer] [       Thread-2]&amp#27;[0;39m &amp#27;[2m&amp#27;[0;39m&amp#27;[36mo.s.r2dbc.connection.init.ScriptUtils   &amp#27;[0;39m &amp#27;[2m:&amp#27;[0;39m 0 returned as update count for SQL: CREATE INDEX IF NOT EXISTS idx_payments_status ON payments (status)
&amp#27;[2m2025-08-17T16:47:03.065+01:00&amp#27;[0;39m &amp#27;[32mDEBUG&amp#27;[0;39m &amp#27;[35m26824&amp#27;[0;39m &amp#27;[2m---&amp#27;[0;39m &amp#27;[2m[transferer] [       Thread-2]&amp#27;[0;39m &amp#27;[2m&amp#27;[0;39m&amp#27;[36mio.r2dbc.h2.client.SessionClient        &amp#27;[0;39m &amp#27;[2m:&amp#27;[0;39m Request:  CREATE INDEX IF NOT EXISTS idx_payments_current_step ON payments (current_step)
&amp#27;[2m2025-08-17T16:47:03.065+01:00&amp#27;[0;39m &amp#27;[32mDEBUG&amp#27;[0;39m &amp#27;[35m26824&amp#27;[0;39m &amp#27;[2m---&amp#27;[0;39m &amp#27;[2m[transferer] [       Thread-2]&amp#27;[0;39m &amp#27;[2m&amp#27;[0;39m&amp#27;[36mo.s.r2dbc.connection.init.ScriptUtils   &amp#27;[0;39m &amp#27;[2m:&amp#27;[0;39m 0 returned as update count for SQL: CREATE INDEX IF NOT EXISTS idx_payments_current_step ON payments (current_step)
&amp#27;[2m2025-08-17T16:47:03.065+01:00&amp#27;[0;39m &amp#27;[32mDEBUG&amp#27;[0;39m &amp#27;[35m26824&amp#27;[0;39m &amp#27;[2m---&amp#27;[0;39m &amp#27;[2m[transferer] [       Thread-2]&amp#27;[0;39m &amp#27;[2m&amp#27;[0;39m&amp#27;[36mio.r2dbc.h2.client.SessionClient        &amp#27;[0;39m &amp#27;[2m:&amp#27;[0;39m Request:  CREATE INDEX IF NOT EXISTS idx_payments_created_at ON payments (created_at)
&amp#27;[2m2025-08-17T16:47:03.065+01:00&amp#27;[0;39m &amp#27;[32mDEBUG&amp#27;[0;39m &amp#27;[35m26824&amp#27;[0;39m &amp#27;[2m---&amp#27;[0;39m &amp#27;[2m[transferer] [       Thread-2]&amp#27;[0;39m &amp#27;[2m&amp#27;[0;39m&amp#27;[36mo.s.r2dbc.connection.init.ScriptUtils   &amp#27;[0;39m &amp#27;[2m:&amp#27;[0;39m 0 returned as update count for SQL: CREATE INDEX IF NOT EXISTS idx_payments_created_at ON payments (created_at)
&amp#27;[2m2025-08-17T16:47:03.065+01:00&amp#27;[0;39m &amp#27;[32mDEBUG&amp#27;[0;39m &amp#27;[35m26824&amp#27;[0;39m &amp#27;[2m---&amp#27;[0;39m &amp#27;[2m[transferer] [       single-1]&amp#27;[0;39m &amp#27;[2m&amp#27;[0;39m&amp#27;[36mio.r2dbc.h2.client.SessionClient        &amp#27;[0;39m &amp#27;[2m:&amp#27;[0;39m Request:  CALL H2VERSION()
&amp#27;[2m2025-08-17T16:47:03.065+01:00&amp#27;[0;39m &amp#27;[32mDEBUG&amp#27;[0;39m &amp#27;[35m26824&amp#27;[0;39m &amp#27;[2m---&amp#27;[0;39m &amp#27;[2m[transferer] [       single-1]&amp#27;[0;39m &amp#27;[2m&amp#27;[0;39m&amp#27;[36mio.r2dbc.h2.client.SessionClient        &amp#27;[0;39m &amp#27;[2m:&amp#27;[0;39m Response: org.h2.result.LocalResult@339bd94b columns: 1 rows: 1 pos: -1
&amp#27;[2m2025-08-17T16:47:03.065+01:00&amp#27;[0;39m &amp#27;[32mDEBUG&amp#27;[0;39m &amp#27;[35m26824&amp#27;[0;39m &amp#27;[2m---&amp#27;[0;39m &amp#27;[2m[transferer] [       Thread-2]&amp#27;[0;39m &amp#27;[2m&amp#27;[0;39m&amp#27;[36mio.r2dbc.h2.client.SessionClient        &amp#27;[0;39m &amp#27;[2m:&amp#27;[0;39m Request:  CREATE TABLE IF NOT EXISTS outbox_events ( id BIGINT AUTO_INCREMENT PRIMARY KEY, event_id VARCHAR(255) UNIQUE NOT NULL, event_type VARCHAR(255) NOT NULL, aggregate_id VARCHAR(255) NOT NULL, event_data CLOB NOT NULL, occurred_at TIMESTAMP NOT NULL, processed_at TIMESTAMP NULL, created_at TIMESTAMP NOT NULL DEFAULT CURRENT_TIMESTAMP )
&amp#27;[2m2025-08-17T16:47:03.065+01:00&amp#27;[0;39m &amp#27;[32mDEBUG&amp#27;[0;39m &amp#27;[35m26824&amp#27;[0;39m &amp#27;[2m---&amp#27;[0;39m &amp#27;[2m[transferer] [       Thread-2]&amp#27;[0;39m &amp#27;[2m&amp#27;[0;39m&amp#27;[36mo.s.r2dbc.connection.init.ScriptUtils   &amp#27;[0;39m &amp#27;[2m:&amp#27;[0;39m 0 returned as update count for SQL: CREATE TABLE IF NOT EXISTS outbox_events ( id BIGINT AUTO_INCREMENT PRIMARY KEY, event_id VARCHAR(255) UNIQUE NOT NULL, event_type VARCHAR(255) NOT NULL, aggregate_id VARCHAR(255) NOT NULL, event_data CLOB NOT NULL, occurred_at TIMESTAMP NOT NULL, processed_at TIMESTAMP NULL, created_at TIMESTAMP NOT NULL DEFAULT CURRENT_TIMESTAMP )
&amp#27;[2m2025-08-17T16:47:03.065+01:00&amp#27;[0;39m &amp#27;[32mDEBUG&amp#27;[0;39m &amp#27;[35m26824&amp#27;[0;39m &amp#27;[2m---&amp#27;[0;39m &amp#27;[2m[transferer] [       Thread-2]&amp#27;[0;39m &amp#27;[2m&amp#27;[0;39m&amp#27;[36mio.r2dbc.h2.client.SessionClient        &amp#27;[0;39m &amp#27;[2m:&amp#27;[0;39m Request:  CREATE INDEX IF NOT EXISTS idx_outbox_events_processed_at ON outbox_events (processed_at)
&amp#27;[2m2025-08-17T16:47:03.065+01:00&amp#27;[0;39m &amp#27;[32mDEBUG&amp#27;[0;39m &amp#27;[35m26824&amp#27;[0;39m &amp#27;[2m---&amp#27;[0;39m &amp#27;[2m[transferer] [       Thread-2]&amp#27;[0;39m &amp#27;[2m&amp#27;[0;39m&amp#27;[36mo.s.r2dbc.connection.init.ScriptUtils   &amp#27;[0;39m &amp#27;[2m:&amp#27;[0;39m 0 returned as update count for SQL: CREATE INDEX IF NOT EXISTS idx_outbox_events_processed_at ON outbox_events (processed_at)
&amp#27;[2m2025-08-17T16:47:03.065+01:00&amp#27;[0;39m &amp#27;[32mDEBUG&amp#27;[0;39m &amp#27;[35m26824&amp#27;[0;39m &amp#27;[2m---&amp#27;[0;39m &amp#27;[2m[transferer] [       Thread-2]&amp#27;[0;39m &amp#27;[2m&amp#27;[0;39m&amp#27;[36mio.r2dbc.h2.client.SessionClient        &amp#27;[0;39m &amp#27;[2m:&amp#27;[0;39m Request:  CREATE INDEX IF NOT EXISTS idx_outbox_events_event_type ON outbox_events (event_type)
&amp#27;[2m2025-08-17T16:47:03.066+01:00&amp#27;[0;39m &amp#27;[32mDEBUG&amp#27;[0;39m &amp#27;[35m26824&amp#27;[0;39m &amp#27;[2m---&amp#27;[0;39m &amp#27;[2m[transferer] [       Thread-2]&amp#27;[0;39m &amp#27;[2m&amp#27;[0;39m&amp#27;[36mo.s.r2dbc.connection.init.ScriptUtils   &amp#27;[0;39m &amp#27;[2m:&amp#27;[0;39m 0 returned as update count for SQL: CREATE INDEX IF NOT EXISTS idx_outbox_events_event_type ON outbox_events (event_type)
&amp#27;[2m2025-08-17T16:47:03.066+01:00&amp#27;[0;39m &amp#27;[32mDEBUG&amp#27;[0;39m &amp#27;[35m26824&amp#27;[0;39m &amp#27;[2m---&amp#27;[0;39m &amp#27;[2m[transferer] [       single-1]&amp#27;[0;39m &amp#27;[2m&amp#27;[0;39m&amp#27;[36mio.r2dbc.h2.client.SessionClient        &amp#27;[0;39m &amp#27;[2m:&amp#27;[0;39m Request:  CALL H2VERSION()
&amp#27;[2m2025-08-17T16:47:03.066+01:00&amp#27;[0;39m &amp#27;[32mDEBUG&amp#27;[0;39m &amp#27;[35m26824&amp#27;[0;39m &amp#27;[2m---&amp#27;[0;39m &amp#27;[2m[transferer] [       single-1]&amp#27;[0;39m &amp#27;[2m&amp#27;[0;39m&amp#27;[36mio.r2dbc.h2.client.SessionClient        &amp#27;[0;39m &amp#27;[2m:&amp#27;[0;39m Response: org.h2.result.LocalResult@6d114553 columns: 1 rows: 1 pos: -1
&amp#27;[2m2025-08-17T16:47:03.066+01:00&amp#27;[0;39m &amp#27;[32mDEBUG&amp#27;[0;39m &amp#27;[35m26824&amp#27;[0;39m &amp#27;[2m---&amp#27;[0;39m &amp#27;[2m[transferer] [       Thread-2]&amp#27;[0;39m &amp#27;[2m&amp#27;[0;39m&amp#27;[36mio.r2dbc.h2.client.SessionClient        &amp#27;[0;39m &amp#27;[2m:&amp#27;[0;39m Request:  CREATE INDEX IF NOT EXISTS idx_outbox_events_occurred_at ON outbox_events (occurred_at)
&amp#27;[2m2025-08-17T16:47:03.066+01:00&amp#27;[0;39m &amp#27;[32mDEBUG&amp#27;[0;39m &amp#27;[35m26824&amp#27;[0;39m &amp#27;[2m---&amp#27;[0;39m &amp#27;[2m[transferer] [       Thread-2]&amp#27;[0;39m &amp#27;[2m&amp#27;[0;39m&amp#27;[36mo.s.r2dbc.connection.init.ScriptUtils   &amp#27;[0;39m &amp#27;[2m:&amp#27;[0;39m 0 returned as update count for SQL: CREATE INDEX IF NOT EXISTS idx_outbox_events_occurred_at ON outbox_events (occurred_at)
&amp#27;[2m2025-08-17T16:47:03.066+01:00&amp#27;[0;39m &amp#27;[32mDEBUG&amp#27;[0;39m &amp#27;[35m26824&amp#27;[0;39m &amp#27;[2m---&amp#27;[0;39m &amp#27;[2m[transferer] [       Thread-2]&amp#27;[0;39m &amp#27;[2m&amp#27;[0;39m&amp#27;[36mo.s.r2dbc.connection.init.ScriptUtils   &amp#27;[0;39m &amp#27;[2m:&amp#27;[0;39m Executed SQL script from class path resource [test-schema.sql] in 3 ms.
&amp#27;[2m2025-08-17T16:47:03.066+01:00&amp#27;[0;39m &amp#27;[32mDEBUG&amp#27;[0;39m &amp#27;[35m26824&amp#27;[0;39m &amp#27;[2m---&amp#27;[0;39m &amp#27;[2m[transferer] [       Thread-2]&amp#27;[0;39m &amp#27;[2m&amp#27;[0;39m&amp#27;[36mio.r2dbc.h2.client.SessionClient        &amp#27;[0;39m &amp#27;[2m:&amp#27;[0;39m Request:  SELECT CURRENT_TIMESTAMP
&amp#27;[2m2025-08-17T16:47:03.066+01:00&amp#27;[0;39m &amp#27;[32mDEBUG&amp#27;[0;39m &amp#27;[35m26824&amp#27;[0;39m &amp#27;[2m---&amp#27;[0;39m &amp#27;[2m[transferer] [       single-1]&amp#27;[0;39m &amp#27;[2m&amp#27;[0;39m&amp#27;[36mio.r2dbc.h2.client.SessionClient        &amp#27;[0;39m &amp#27;[2m:&amp#27;[0;39m Request:  CALL H2VERSION()
&amp#27;[2m2025-08-17T16:47:03.066+01:00&amp#27;[0;39m &amp#27;[32mDEBUG&amp#27;[0;39m &amp#27;[35m26824&amp#27;[0;39m &amp#27;[2m---&amp#27;[0;39m &amp#27;[2m[transferer] [       single-1]&amp#27;[0;39m &amp#27;[2m&amp#27;[0;39m&amp#27;[36mio.r2dbc.h2.client.SessionClient        &amp#27;[0;39m &amp#27;[2m:&amp#27;[0;39m Response: org.h2.result.LocalResult@3002672d columns: 1 rows: 1 pos: -1
&amp#27;[2m2025-08-17T16:47:03.066+01:00&amp#27;[0;39m &amp#27;[32mDEBUG&amp#27;[0;39m &amp#27;[35m26824&amp#27;[0;39m &amp#27;[2m---&amp#27;[0;39m &amp#27;[2m[transferer] [       Thread-2]&amp#27;[0;39m &amp#27;[2m&amp#27;[0;39m&amp#27;[36mio.r2dbc.h2.client.SessionClient        &amp#27;[0;39m &amp#27;[2m:&amp#27;[0;39m Response: org.h2.result.LocalResult@45c4aac7 columns: 1 rows: 1 pos: -1
&amp#27;[2m2025-08-17T16:47:03.067+01:00&amp#27;[0;39m &amp#27;[32m INFO&amp#27;[0;39m &amp#27;[35m26824&amp#27;[0;39m &amp#27;[2m---&amp#27;[0;39m &amp#27;[2m[transferer] [           main]&amp#27;[0;39m &amp#27;[2m&amp#27;[0;39m&amp#27;[36mc.t.p.PaymentSagaDbIntegrationTest      &amp#27;[0;39m &amp#27;[2m:&amp#27;[0;39m Started PaymentSagaDbIntegrationTest in 0.075 seconds (process running for 1.904)
&amp#27;[2m2025-08-17T16:47:03.068+01:00&amp#27;[0;39m &amp#27;[32mDEBUG&amp#27;[0;39m &amp#27;[35m26824&amp#27;[0;39m &amp#27;[2m---&amp#27;[0;39m &amp#27;[2m[transferer] [           main]&amp#27;[0;39m &amp#27;[2m&amp#27;[0;39m&amp#27;[36mo.s.r.c.R2dbcTransactionManager         &amp#27;[0;39m &amp#27;[2m:&amp#27;[0;39m Creating new transaction with name [com.transferer.account.application.AccountService.openAccount]: PROPAGATION_REQUIRED,ISOLATION_DEFAULT
&amp#27;[2m2025-08-17T16:47:03.068+01:00&amp#27;[0;39m &amp#27;[32mDEBUG&amp#27;[0;39m &amp#27;[35m26824&amp#27;[0;39m &amp#27;[2m---&amp#27;[0;39m &amp#27;[2m[transferer] [           main]&amp#27;[0;39m &amp#27;[2m&amp#27;[0;39m&amp#27;[36mio.r2dbc.h2.client.SessionClient        &amp#27;[0;39m &amp#27;[2m:&amp#27;[0;39m Request:  SELECT 1
&amp#27;[2m2025-08-17T16:47:03.068+01:00&amp#27;[0;39m &amp#27;[32mDEBUG&amp#27;[0;39m &amp#27;[35m26824&amp#27;[0;39m &amp#27;[2m---&amp#27;[0;39m &amp#27;[2m[transferer] [           main]&amp#27;[0;39m &amp#27;[2m&amp#27;[0;39m&amp#27;[36mio.r2dbc.h2.client.SessionClient        &amp#27;[0;39m &amp#27;[2m:&amp#27;[0;39m Response: org.h2.result.LocalResult@377e90b0 columns: 1 rows: 1 pos: -1
&amp#27;[2m2025-08-17T16:47:03.068+01:00&amp#27;[0;39m &amp#27;[32mDEBUG&amp#27;[0;39m &amp#27;[35m26824&amp#27;[0;39m &amp#27;[2m---&amp#27;[0;39m &amp#27;[2m[transferer] [           main]&amp#27;[0;39m &amp#27;[2m&amp#27;[0;39m&amp#27;[36mo.s.r.c.R2dbcTransactionManager         &amp#27;[0;39m &amp#27;[2m:&amp#27;[0;39m Acquired Connection [PooledConnection[io.r2dbc.h2.H2Connection@27b490de]] for R2DBC transaction
&amp#27;[2m2025-08-17T16:47:03.068+01:00&amp#27;[0;39m &amp#27;[32mDEBUG&amp#27;[0;39m &amp#27;[35m26824&amp#27;[0;39m &amp#27;[2m---&amp#27;[0;39m &amp#27;[2m[transferer] [           main]&amp#27;[0;39m &amp#27;[2m&amp#27;[0;39m&amp#27;[36mo.s.r.c.R2dbcTransactionManager         &amp#27;[0;39m &amp#27;[2m:&amp#27;[0;39m Starting R2DBC transaction on Connection [PooledConnection[io.r2dbc.h2.H2Connection@27b490de]] using [ExtendedTransactionDefinition [transactionName='com.transferer.account.application.AccountService.openAccount', readOnly=false, isolationLevel=null, lockWaitTimeout=PT0S]]
&amp#27;[2m2025-08-17T16:47:03.068+01:00&amp#27;[0;39m &amp#27;[33m WARN&amp#27;[0;39m &amp#27;[35m26824&amp#27;[0;39m &amp#27;[2m---&amp#27;[0;39m &amp#27;[2m[transferer] [           main]&amp#27;[0;39m &amp#27;[2m&amp#27;[0;39m&amp#27;[36mio.r2dbc.h2.H2Connection                &amp#27;[0;39m &amp#27;[2m:&amp#27;[0;39m Option{name='readOnly', sensitive=false} + isn't supported in H2 at the transaction level. You must set it on conenction URL. See http://www.h2database.com/html/features.html#read_only
&amp#27;[2m2025-08-17T16:47:03.069+01:00&amp#27;[0;39m &amp#27;[32mDEBUG&amp#27;[0;39m &amp#27;[35m26824&amp#27;[0;39m &amp#27;[2m---&amp#27;[0;39m &amp#27;[2m[transferer] [           main]&amp#27;[0;39m &amp#27;[2m&amp#27;[0;39m&amp#27;[36mo.s.r2dbc.core.DefaultDatabaseClient    &amp#27;[0;39m &amp#27;[2m:&amp#27;[0;39m Executing SQL statement [SELECT accounts.ID FROM accounts WHERE accounts.account_number = $1 LIMIT 1]
&amp#27;[2m2025-08-17T16:47:03.069+01:00&amp#27;[0;39m &amp#27;[32mDEBUG&amp#27;[0;39m &amp#27;[35m26824&amp#27;[0;39m &amp#27;[2m---&amp#27;[0;39m &amp#27;[2m[transferer] [           main]&amp#27;[0;39m &amp#27;[2m&amp#27;[0;39m&amp#27;[36mio.r2dbc.h2.client.SessionClient        &amp#27;[0;39m &amp#27;[2m:&amp#27;[0;39m Request:  SELECT accounts.ID FROM accounts WHERE accounts.account_number = $1 LIMIT 1 {1: '0915305777'}
&amp#27;[2m2025-08-17T16:47:03.069+01:00&amp#27;[0;39m &amp#27;[32mDEBUG&amp#27;[0;39m &amp#27;[35m26824&amp#27;[0;39m &amp#27;[2m---&amp#27;[0;39m &amp#27;[2m[transferer] [           main]&amp#27;[0;39m &amp#27;[2m&amp#27;[0;39m&amp#27;[36mio.r2dbc.h2.client.SessionClient        &amp#27;[0;39m &amp#27;[2m:&amp#27;[0;39m Response: org.h2.result.LocalResult@3dd750ba columns: 1 rows: 0 pos: -1
&amp#27;[2m2025-08-17T16:47:03.069+01:00&amp#27;[0;39m &amp#27;[32mDEBUG&amp#27;[0;39m &amp#27;[35m26824&amp#27;[0;39m &amp#27;[2m---&amp#27;[0;39m &amp#27;[2m[transferer] [           main]&amp#27;[0;39m &amp#27;[2m&amp#27;[0;39m&amp#27;[36mo.s.r.c.R2dbcTransactionManager         &amp#27;[0;39m &amp#27;[2m:&amp#27;[0;39m Participating in existing transaction
&amp#27;[2m2025-08-17T16:47:03.071+01:00&amp#27;[0;39m &amp#27;[32mDEBUG&amp#27;[0;39m &amp#27;[35m26824&amp#27;[0;39m &amp#27;[2m---&amp#27;[0;39m &amp#27;[2m[transferer] [           main]&amp#27;[0;39m &amp#27;[2m&amp#27;[0;39m&amp#27;[36mo.s.r2dbc.core.DefaultDatabaseClient    &amp#27;[0;39m &amp#27;[2m:&amp#27;[0;39m Executing SQL statement [INSERT INTO accounts (ID, account_number, holder_name, balance, status, created_at, updated_at) VALUES ($1, $2, $3, $4, $5, $6, $7)]
&amp#27;[2m2025-08-17T16:47:03.071+01:00&amp#27;[0;39m &amp#27;[32mDEBUG&amp#27;[0;39m &amp#27;[35m26824&amp#27;[0;39m &amp#27;[2m---&amp#27;[0;39m &amp#27;[2m[transferer] [           main]&amp#27;[0;39m &amp#27;[2m&amp#27;[0;39m&amp#27;[36mio.r2dbc.h2.client.SessionClient        &amp#27;[0;39m &amp#27;[2m:&amp#27;[0;39m Request:  INSERT INTO accounts (ID, account_number, holder_name, balance, status, created_at, updated_at) VALUES ($1, $2, $3, $4, $5, $6, $7) {1: 'e77377fd-b743-4725-af63-2b618aff75ae', 2: '0915305777', 3: 'John Doe', 4: 1000.00, 5: 'ACTIVE', 6: TIMESTAMP '2025-08-17 16:47:03.069681', 7: TIMESTAMP '2025-08-17 16:47:03.069685'}
&amp#27;[2m2025-08-17T16:47:03.071+01:00&amp#27;[0;39m &amp#27;[32mDEBUG&amp#27;[0;39m &amp#27;[35m26824&amp#27;[0;39m &amp#27;[2m---&amp#27;[0;39m &amp#27;[2m[transferer] [           main]&amp#27;[0;39m &amp#27;[2m&amp#27;[0;39m&amp#27;[36mo.s.r.c.R2dbcTransactionManager         &amp#27;[0;39m &amp#27;[2m:&amp#27;[0;39m Participating in existing transaction
&amp#27;[2m2025-08-17T16:47:03.073+01:00&amp#27;[0;39m &amp#27;[32mDEBUG&amp#27;[0;39m &amp#27;[35m26824&amp#27;[0;39m &amp#27;[2m---&amp#27;[0;39m &amp#27;[2m[transferer] [           main]&amp#27;[0;39m &amp#27;[2m&amp#27;[0;39m&amp#27;[36mo.s.r2dbc.core.DefaultDatabaseClient    &amp#27;[0;39m &amp#27;[2m:&amp#27;[0;39m Executing SQL statement [INSERT INTO outbox_events (event_id, event_type, aggregate_id, event_data, occurred_at, created_at) VALUES ($1, $2, $3, $4, $5, $6)]
&amp#27;[2m2025-08-17T16:47:03.073+01:00&amp#27;[0;39m &amp#27;[32mDEBUG&amp#27;[0;39m &amp#27;[35m26824&amp#27;[0;39m &amp#27;[2m---&amp#27;[0;39m &amp#27;[2m[transferer] [           main]&amp#27;[0;39m &amp#27;[2m&amp#27;[0;39m&amp#27;[36mio.r2dbc.h2.client.SessionClient        &amp#27;[0;39m &amp#27;[2m:&amp#27;[0;39m Request:  INSERT INTO outbox_events (event_id, event_type, aggregate_id, event_data, occurred_at, created_at) VALUES ($1, $2, $3, $4, $5, $6) {1: '05603299-733f-4b1a-b241-ff9a7ab7d0fd', 2: 'ACCOUNT_OPENED', 3: 'e77377fd-b743-4725-af63-2b618aff75ae', 4: '{"@class":"com.transferer.account.domain.events.body.AccountOpenedEventBody","accountId":{"value":"e77377fd-b743-4725-af63-2b618aff75ae"},"accountNumber":"0915305777","holderName":"John Doe","initialBalance":1000.00}', 5: TIMESTAMP WITH TIME ZONE '2025-08-17 15:47:03.069702+00', 6: TIMESTAMP WITH TIME ZONE '2025-08-17 15:47:03.072533+00'}
&amp#27;[2m2025-08-17T16:47:03.074+01:00&amp#27;[0;39m &amp#27;[32mDEBUG&amp#27;[0;39m &amp#27;[35m26824&amp#27;[0;39m &amp#27;[2m---&amp#27;[0;39m &amp#27;[2m[transferer] [           main]&amp#27;[0;39m &amp#27;[2m&amp#27;[0;39m&amp#27;[36mo.s.r.c.R2dbcTransactionManager         &amp#27;[0;39m &amp#27;[2m:&amp#27;[0;39m Initiating transaction commit
&amp#27;[2m2025-08-17T16:47:03.074+01:00&amp#27;[0;39m &amp#27;[32mDEBUG&amp#27;[0;39m &amp#27;[35m26824&amp#27;[0;39m &amp#27;[2m---&amp#27;[0;39m &amp#27;[2m[transferer] [           main]&amp#27;[0;39m &amp#27;[2m&amp#27;[0;39m&amp#27;[36mo.s.r.c.R2dbcTransactionManager         &amp#27;[0;39m &amp#27;[2m:&amp#27;[0;39m Committing R2DBC transaction on Connection [PooledConnection[io.r2dbc.h2.H2Connection@27b490de]]
&amp#27;[2m2025-08-17T16:47:03.074+01:00&amp#27;[0;39m &amp#27;[32mDEBUG&amp#27;[0;39m &amp#27;[35m26824&amp#27;[0;39m &amp#27;[2m---&amp#27;[0;39m &amp#27;[2m[transferer] [           main]&amp#27;[0;39m &amp#27;[2m&amp#27;[0;39m&amp#27;[36mio.r2dbc.h2.client.SessionClient        &amp#27;[0;39m &amp#27;[2m:&amp#27;[0;39m Request:  COMMIT
&amp#27;[2m2025-08-17T16:47:03.074+01:00&amp#27;[0;39m &amp#27;[32mDEBUG&amp#27;[0;39m &amp#27;[35m26824&amp#27;[0;39m &amp#27;[2m---&amp#27;[0;39m &amp#27;[2m[transferer] [           main]&amp#27;[0;39m &amp#27;[2m&amp#27;[0;39m&amp#27;[36mo.s.r.c.R2dbcTransactionManager         &amp#27;[0;39m &amp#27;[2m:&amp#27;[0;39m Releasing R2DBC Connection [PooledConnection[io.r2dbc.h2.H2Connection@27b490de]] after transaction
&amp#27;[2m2025-08-17T16:47:03.074+01:00&amp#27;[0;39m &amp#27;[32mDEBUG&amp#27;[0;39m &amp#27;[35m26824&amp#27;[0;39m &amp#27;[2m---&amp#27;[0;39m &amp#27;[2m[transferer] [           main]&amp#27;[0;39m &amp#27;[2m&amp#27;[0;39m&amp#27;[36mio.r2dbc.h2.client.SessionClient        &amp#27;[0;39m &amp#27;[2m:&amp#27;[0;39m Request:  SELECT CURRENT_TIMESTAMP
&amp#27;[2m2025-08-17T16:47:03.074+01:00&amp#27;[0;39m &amp#27;[32mDEBUG&amp#27;[0;39m &amp#27;[35m26824&amp#27;[0;39m &amp#27;[2m---&amp#27;[0;39m &amp#27;[2m[transferer] [           main]&amp#27;[0;39m &amp#27;[2m&amp#27;[0;39m&amp#27;[36mio.r2dbc.h2.client.SessionClient        &amp#27;[0;39m &amp#27;[2m:&amp#27;[0;39m Response: org.h2.result.LocalResult@3355b8ff columns: 1 rows: 1 pos: -1
&amp#27;[2m2025-08-17T16:47:03.074+01:00&amp#27;[0;39m &amp#27;[32mDEBUG&amp#27;[0;39m &amp#27;[35m26824&amp#27;[0;39m &amp#27;[2m---&amp#27;[0;39m &amp#27;[2m[transferer] [           main]&amp#27;[0;39m &amp#27;[2m&amp#27;[0;39m&amp#27;[36mo.s.r.c.R2dbcTransactionManager         &amp#27;[0;39m &amp#27;[2m:&amp#27;[0;39m Creating new transaction with name [com.transferer.account.application.AccountService.openAccount]: PROPAGATION_REQUIRED,ISOLATION_DEFAULT
&amp#27;[2m2025-08-17T16:47:03.074+01:00&amp#27;[0;39m &amp#27;[32mDEBUG&amp#27;[0;39m &amp#27;[35m26824&amp#27;[0;39m &amp#27;[2m---&amp#27;[0;39m &amp#27;[2m[transferer] [           main]&amp#27;[0;39m &amp#27;[2m&amp#27;[0;39m&amp#27;[36mio.r2dbc.h2.client.SessionClient        &amp#27;[0;39m &amp#27;[2m:&amp#27;[0;39m Request:  SELECT 1
&amp#27;[2m2025-08-17T16:47:03.074+01:00&amp#27;[0;39m &amp#27;[32mDEBUG&amp#27;[0;39m &amp#27;[35m26824&amp#27;[0;39m &amp#27;[2m---&amp#27;[0;39m &amp#27;[2m[transferer] [           main]&amp#27;[0;39m &amp#27;[2m&amp#27;[0;39m&amp#27;[36mio.r2dbc.h2.client.SessionClient        &amp#27;[0;39m &amp#27;[2m:&amp#27;[0;39m Response: org.h2.result.LocalResult@32646ecf columns: 1 rows: 1 pos: -1
&amp#27;[2m2025-08-17T16:47:03.074+01:00&amp#27;[0;39m &amp#27;[32mDEBUG&amp#27;[0;39m &amp#27;[35m26824&amp#27;[0;39m &amp#27;[2m---&amp#27;[0;39m &amp#27;[2m[transferer] [           main]&amp#27;[0;39m &amp#27;[2m&amp#27;[0;39m&amp#27;[36mo.s.r.c.R2dbcTransactionManager         &amp#27;[0;39m &amp#27;[2m:&amp#27;[0;39m Acquired Connection [PooledConnection[io.r2dbc.h2.H2Connection@27b490de]] for R2DBC transaction
&amp#27;[2m2025-08-17T16:47:03.074+01:00&amp#27;[0;39m &amp#27;[32mDEBUG&amp#27;[0;39m &amp#27;[35m26824&amp#27;[0;39m &amp#27;[2m---&amp#27;[0;39m &amp#27;[2m[transferer] [           main]&amp#27;[0;39m &amp#27;[2m&amp#27;[0;39m&amp#27;[36mo.s.r.c.R2dbcTransactionManager         &amp#27;[0;39m &amp#27;[2m:&amp#27;[0;39m Starting R2DBC transaction on Connection [PooledConnection[io.r2dbc.h2.H2Connection@27b490de]] using [ExtendedTransactionDefinition [transactionName='com.transferer.account.application.AccountService.openAccount', readOnly=false, isolationLevel=null, lockWaitTimeout=PT0S]]
&amp#27;[2m2025-08-17T16:47:03.074+01:00&amp#27;[0;39m &amp#27;[33m WARN&amp#27;[0;39m &amp#27;[35m26824&amp#27;[0;39m &amp#27;[2m---&amp#27;[0;39m &amp#27;[2m[transferer] [           main]&amp#27;[0;39m &amp#27;[2m&amp#27;[0;39m&amp#27;[36mio.r2dbc.h2.H2Connection                &amp#27;[0;39m &amp#27;[2m:&amp#27;[0;39m Option{name='readOnly', sensitive=false} + isn't supported in H2 at the transaction level. You must set it on conenction URL. See http://www.h2database.com/html/features.html#read_only
&amp#27;[2m2025-08-17T16:47:03.074+01:00&amp#27;[0;39m &amp#27;[32mDEBUG&amp#27;[0;39m &amp#27;[35m26824&amp#27;[0;39m &amp#27;[2m---&amp#27;[0;39m &amp#27;[2m[transferer] [           main]&amp#27;[0;39m &amp#27;[2m&amp#27;[0;39m&amp#27;[36mo.s.r2dbc.core.DefaultDatabaseClient    &amp#27;[0;39m &amp#27;[2m:&amp#27;[0;39m Executing SQL statement [SELECT accounts.ID FROM accounts WHERE accounts.account_number = $1 LIMIT 1]
&amp#27;[2m2025-08-17T16:47:03.075+01:00&amp#27;[0;39m &amp#27;[32mDEBUG&amp#27;[0;39m &amp#27;[35m26824&amp#27;[0;39m &amp#27;[2m---&amp#27;[0;39m &amp#27;[2m[transferer] [           main]&amp#27;[0;39m &amp#27;[2m&amp#27;[0;39m&amp#27;[36mio.r2dbc.h2.client.SessionClient        &amp#27;[0;39m &amp#27;[2m:&amp#27;[0;39m Request:  SELECT accounts.ID FROM accounts WHERE accounts.account_number = $1 LIMIT 1 {1: '0536891758'}
&amp#27;[2m2025-08-17T16:47:03.075+01:00&amp#27;[0;39m &amp#27;[32mDEBUG&amp#27;[0;39m &amp#27;[35m26824&amp#27;[0;39m &amp#27;[2m---&amp#27;[0;39m &amp#27;[2m[transferer] [           main]&amp#27;[0;39m &amp#27;[2m&amp#27;[0;39m&amp#27;[36mio.r2dbc.h2.client.SessionClient        &amp#27;[0;39m &amp#27;[2m:&amp#27;[0;39m Response: org.h2.result.LocalResult@23708f14 columns: 1 rows: 0 pos: -1
&amp#27;[2m2025-08-17T16:47:03.075+01:00&amp#27;[0;39m &amp#27;[32mDEBUG&amp#27;[0;39m &amp#27;[35m26824&amp#27;[0;39m &amp#27;[2m---&amp#27;[0;39m &amp#27;[2m[transferer] [           main]&amp#27;[0;39m &amp#27;[2m&amp#27;[0;39m&amp#27;[36mo.s.r.c.R2dbcTransactionManager         &amp#27;[0;39m &amp#27;[2m:&amp#27;[0;39m Participating in existing transaction
&amp#27;[2m2025-08-17T16:47:03.075+01:00&amp#27;[0;39m &amp#27;[32mDEBUG&amp#27;[0;39m &amp#27;[35m26824&amp#27;[0;39m &amp#27;[2m---&amp#27;[0;39m &amp#27;[2m[transferer] [           main]&amp#27;[0;39m &amp#27;[2m&amp#27;[0;39m&amp#27;[36mo.s.r2dbc.core.DefaultDatabaseClient    &amp#27;[0;39m &amp#27;[2m:&amp#27;[0;39m Executing SQL statement [INSERT INTO accounts (ID, account_number, holder_name, balance, status, created_at, updated_at) VALUES ($1, $2, $3, $4, $5, $6, $7)]
&amp#27;[2m2025-08-17T16:47:03.075+01:00&amp#27;[0;39m &amp#27;[32mDEBUG&amp#27;[0;39m &amp#27;[35m26824&amp#27;[0;39m &amp#27;[2m---&amp#27;[0;39m &amp#27;[2m[transferer] [           main]&amp#27;[0;39m &amp#27;[2m&amp#27;[0;39m&amp#27;[36mio.r2dbc.h2.client.SessionClient        &amp#27;[0;39m &amp#27;[2m:&amp#27;[0;39m Request:  INSERT INTO accounts (ID, account_number, holder_name, balance, status, created_at, updated_at) VALUES ($1, $2, $3, $4, $5, $6, $7) {1: '84f369b0-4dd3-475a-85a2-dcab49d1173d', 2: '0536891758', 3: 'Jane Smith', 4: 500.00, 5: 'ACTIVE', 6: TIMESTAMP '2025-08-17 16:47:03.075177', 7: TIMESTAMP '2025-08-17 16:47:03.075181'}
&amp#27;[2m2025-08-17T16:47:03.076+01:00&amp#27;[0;39m &amp#27;[32mDEBUG&amp#27;[0;39m &amp#27;[35m26824&amp#27;[0;39m &amp#27;[2m---&amp#27;[0;39m &amp#27;[2m[transferer] [           main]&amp#27;[0;39m &amp#27;[2m&amp#27;[0;39m&amp#27;[36mo.s.r.c.R2dbcTransactionManager         &amp#27;[0;39m &amp#27;[2m:&amp#27;[0;39m Participating in existing transaction
&amp#27;[2m2025-08-17T16:47:03.076+01:00&amp#27;[0;39m &amp#27;[32mDEBUG&amp#27;[0;39m &amp#27;[35m26824&amp#27;[0;39m &amp#27;[2m---&amp#27;[0;39m &amp#27;[2m[transferer] [           main]&amp#27;[0;39m &amp#27;[2m&amp#27;[0;39m&amp#27;[36mo.s.r2dbc.core.DefaultDatabaseClient    &amp#27;[0;39m &amp#27;[2m:&amp#27;[0;39m Executing SQL statement [INSERT INTO outbox_events (event_id, event_type, aggregate_id, event_data, occurred_at, created_at) VALUES ($1, $2, $3, $4, $5, $6)]
&amp#27;[2m2025-08-17T16:47:03.076+01:00&amp#27;[0;39m &amp#27;[32mDEBUG&amp#27;[0;39m &amp#27;[35m26824&amp#27;[0;39m &amp#27;[2m---&amp#27;[0;39m &amp#27;[2m[transferer] [           main]&amp#27;[0;39m &amp#27;[2m&amp#27;[0;39m&amp#27;[36mio.r2dbc.h2.client.SessionClient        &amp#27;[0;39m &amp#27;[2m:&amp#27;[0;39m Request:  INSERT INTO outbox_events (event_id, event_type, aggregate_id, event_data, occurred_at, created_at) VALUES ($1, $2, $3, $4, $5, $6) {1: 'd2266cac-41b1-43f6-8e0b-ce068312f3e5', 2: 'ACCOUNT_OPENED', 3: '84f369b0-4dd3-475a-85a2-dcab49d1173d', 4: '{"@class":"com.transferer.account.domain.events.body.AccountOpenedEventBody","accountId":{"value":"84f369b0-4dd3-475a-85a2-dcab49d1173d"},"accountNumber":"0536891758","holderName":"Jane Smith","initialBalance":500.00}', 5: TIMESTAMP WITH TIME ZONE '2025-08-17 15:47:03.075204+00', 6: TIMESTAMP WITH TIME ZONE '2025-08-17 15:47:03.076324+00'}
&amp#27;[2m2025-08-17T16:47:03.077+01:00&amp#27;[0;39m &amp#27;[32mDEBUG&amp#27;[0;39m &amp#27;[35m26824&amp#27;[0;39m &amp#27;[2m---&amp#27;[0;39m &amp#27;[2m[transferer] [           main]&amp#27;[0;39m &amp#27;[2m&amp#27;[0;39m&amp#27;[36mo.s.r.c.R2dbcTransactionManager         &amp#27;[0;39m &amp#27;[2m:&amp#27;[0;39m Initiating transaction commit
&amp#27;[2m2025-08-17T16:47:03.077+01:00&amp#27;[0;39m &amp#27;[32mDEBUG&amp#27;[0;39m &amp#27;[35m26824&amp#27;[0;39m &amp#27;[2m---&amp#27;[0;39m &amp#27;[2m[transferer] [           main]&amp#27;[0;39m &amp#27;[2m&amp#27;[0;39m&amp#27;[36mo.s.r.c.R2dbcTransactionManager         &amp#27;[0;39m &amp#27;[2m:&amp#27;[0;39m Committing R2DBC transaction on Connection [PooledConnection[io.r2dbc.h2.H2Connection@27b490de]]
&amp#27;[2m2025-08-17T16:47:03.077+01:00&amp#27;[0;39m &amp#27;[32mDEBUG&amp#27;[0;39m &amp#27;[35m26824&amp#27;[0;39m &amp#27;[2m---&amp#27;[0;39m &amp#27;[2m[transferer] [           main]&amp#27;[0;39m &amp#27;[2m&amp#27;[0;39m&amp#27;[36mio.r2dbc.h2.client.SessionClient        &amp#27;[0;39m &amp#27;[2m:&amp#27;[0;39m Request:  COMMIT
&amp#27;[2m2025-08-17T16:47:03.077+01:00&amp#27;[0;39m &amp#27;[32mDEBUG&amp#27;[0;39m &amp#27;[35m26824&amp#27;[0;39m &amp#27;[2m---&amp#27;[0;39m &amp#27;[2m[transferer] [           main]&amp#27;[0;39m &amp#27;[2m&amp#27;[0;39m&amp#27;[36mo.s.r.c.R2dbcTransactionManager         &amp#27;[0;39m &amp#27;[2m:&amp#27;[0;39m Releasing R2DBC Connection [PooledConnection[io.r2dbc.h2.H2Connection@27b490de]] after transaction
&amp#27;[2m2025-08-17T16:47:03.077+01:00&amp#27;[0;39m &amp#27;[32mDEBUG&amp#27;[0;39m &amp#27;[35m26824&amp#27;[0;39m &amp#27;[2m---&amp#27;[0;39m &amp#27;[2m[transferer] [           main]&amp#27;[0;39m &amp#27;[2m&amp#27;[0;39m&amp#27;[36mio.r2dbc.h2.client.SessionClient        &amp#27;[0;39m &amp#27;[2m:&amp#27;[0;39m Request:  SELECT CURRENT_TIMESTAMP
&amp#27;[2m2025-08-17T16:47:03.077+01:00&amp#27;[0;39m &amp#27;[32mDEBUG&amp#27;[0;39m &amp#27;[35m26824&amp#27;[0;39m &amp#27;[2m---&amp#27;[0;39m &amp#27;[2m[transferer] [           main]&amp#27;[0;39m &amp#27;[2m&amp#27;[0;39m&amp#27;[36mio.r2dbc.h2.client.SessionClient        &amp#27;[0;39m &amp#27;[2m:&amp#27;[0;39m Response: org.h2.result.LocalResult@5cbe72b9 columns: 1 rows: 1 pos: -1
&amp#27;[2m2025-08-17T16:47:03.078+01:00&amp#27;[0;39m &amp#27;[32mDEBUG&amp#27;[0;39m &amp#27;[35m26824&amp#27;[0;39m &amp#27;[2m---&amp#27;[0;39m &amp#27;[2m[transferer] [           main]&amp#27;[0;39m &amp#27;[2m&amp#27;[0;39m&amp#27;[36mo.s.r.c.R2dbcTransactionManager         &amp#27;[0;39m &amp#27;[2m:&amp#27;[0;39m Creating new transaction with name [com.transferer.payment.application.PaymentService.initiatePayment]: PROPAGATION_REQUIRED,ISOLATION_DEFAULT
&amp#27;[2m2025-08-17T16:47:03.078+01:00&amp#27;[0;39m &amp#27;[32mDEBUG&amp#27;[0;39m &amp#27;[35m26824&amp#27;[0;39m &amp#27;[2m---&amp#27;[0;39m &amp#27;[2m[transferer] [           main]&amp#27;[0;39m &amp#27;[2m&amp#27;[0;39m&amp#27;[36mio.r2dbc.h2.client.SessionClient        &amp#27;[0;39m &amp#27;[2m:&amp#27;[0;39m Request:  SELECT 1
&amp#27;[2m2025-08-17T16:47:03.078+01:00&amp#27;[0;39m &amp#27;[32mDEBUG&amp#27;[0;39m &amp#27;[35m26824&amp#27;[0;39m &amp#27;[2m---&amp#27;[0;39m &amp#27;[2m[transferer] [           main]&amp#27;[0;39m &amp#27;[2m&amp#27;[0;39m&amp#27;[36mio.r2dbc.h2.client.SessionClient        &amp#27;[0;39m &amp#27;[2m:&amp#27;[0;39m Response: org.h2.result.LocalResult@5cfa2ac5 columns: 1 rows: 1 pos: -1
&amp#27;[2m2025-08-17T16:47:03.078+01:00&amp#27;[0;39m &amp#27;[32mDEBUG&amp#27;[0;39m &amp#27;[35m26824&amp#27;[0;39m &amp#27;[2m---&amp#27;[0;39m &amp#27;[2m[transferer] [           main]&amp#27;[0;39m &amp#27;[2m&amp#27;[0;39m&amp#27;[36mo.s.r.c.R2dbcTransactionManager         &amp#27;[0;39m &amp#27;[2m:&amp#27;[0;39m Acquired Connection [PooledConnection[io.r2dbc.h2.H2Connection@27b490de]] for R2DBC transaction
&amp#27;[2m2025-08-17T16:47:03.078+01:00&amp#27;[0;39m &amp#27;[32mDEBUG&amp#27;[0;39m &amp#27;[35m26824&amp#27;[0;39m &amp#27;[2m---&amp#27;[0;39m &amp#27;[2m[transferer] [           main]&amp#27;[0;39m &amp#27;[2m&amp#27;[0;39m&amp#27;[36mo.s.r.c.R2dbcTransactionManager         &amp#27;[0;39m &amp#27;[2m:&amp#27;[0;39m Starting R2DBC transaction on Connection [PooledConnection[io.r2dbc.h2.H2Connection@27b490de]] using [ExtendedTransactionDefinition [transactionName='com.transferer.payment.application.PaymentService.initiatePayment', readOnly=false, isolationLevel=null, lockWaitTimeout=PT0S]]
&amp#27;[2m2025-08-17T16:47:03.078+01:00&amp#27;[0;39m &amp#27;[33m WARN&amp#27;[0;39m &amp#27;[35m26824&amp#27;[0;39m &amp#27;[2m---&amp#27;[0;39m &amp#27;[2m[transferer] [           main]&amp#27;[0;39m &amp#27;[2m&amp#27;[0;39m&amp#27;[36mio.r2dbc.h2.H2Connection                &amp#27;[0;39m &amp#27;[2m:&amp#27;[0;39m Option{name='readOnly', sensitive=false} + isn't supported in H2 at the transaction level. You must set it on conenction URL. See http://www.h2database.com/html/features.html#read_only
&amp#27;[2m2025-08-17T16:47:03.078+01:00&amp#27;[0;39m &amp#27;[32mDEBUG&amp#27;[0;39m &amp#27;[35m26824&amp#27;[0;39m &amp#27;[2m---&amp#27;[0;39m &amp#27;[2m[transferer] [           main]&amp#27;[0;39m &amp#27;[2m&amp#27;[0;39m&amp#27;[36mo.s.r.c.R2dbcTransactionManager         &amp#27;[0;39m &amp#27;[2m:&amp#27;[0;39m Participating in existing transaction
&amp#27;[2m2025-08-17T16:47:03.080+01:00&amp#27;[0;39m &amp#27;[32mDEBUG&amp#27;[0;39m &amp#27;[35m26824&amp#27;[0;39m &amp#27;[2m---&amp#27;[0;39m &amp#27;[2m[transferer] [           main]&amp#27;[0;39m &amp#27;[2m&amp#27;[0;39m&amp#27;[36mo.s.r2dbc.core.DefaultDatabaseClient    &amp#27;[0;39m &amp#27;[2m:&amp#27;[0;39m Executing SQL statement [INSERT INTO payments (ID, sender_account_id, recipient_account_id, amount, description, status, current_step, created_at, updated_at) VALUES ($1, $2, $3, $4, $5, $6, $7, $8, $9)]
&amp#27;[2m2025-08-17T16:47:03.080+01:00&amp#27;[0;39m &amp#27;[32mDEBUG&amp#27;[0;39m &amp#27;[35m26824&amp#27;[0;39m &amp#27;[2m---&amp#27;[0;39m &amp#27;[2m[transferer] [           main]&amp#27;[0;39m &amp#27;[2m&amp#27;[0;39m&amp#27;[36mio.r2dbc.h2.client.SessionClient        &amp#27;[0;39m &amp#27;[2m:&amp#27;[0;39m Request:  INSERT INTO payments (ID, sender_account_id, recipient_account_id, amount, description, status, current_step, created_at, updated_at) VALUES ($1, $2, $3, $4, $5, $6, $7, $8, $9) {1: '4f49d16f-a49b-4c46-bf0c-ff98f58e5e23', 2: 'e77377fd-b743-4725-af63-2b618aff75ae', 3: '84f369b0-4dd3-475a-85a2-dcab49d1173d', 4: 100.00, 5: 'State persistence test', 6: 'PENDING', 7: 'INITIATED', 8: TIMESTAMP '2025-08-17 16:47:03.078732', 9: TIMESTAMP '2025-08-17 16:47:03.078737'}
&amp#27;[2m2025-08-17T16:47:03.080+01:00&amp#27;[0;39m &amp#27;[32mDEBUG&amp#27;[0;39m &amp#27;[35m26824&amp#27;[0;39m &amp#27;[2m---&amp#27;[0;39m &amp#27;[2m[transferer] [           main]&amp#27;[0;39m &amp#27;[2m&amp#27;[0;39m&amp#27;[36mo.s.r.c.R2dbcTransactionManager         &amp#27;[0;39m &amp#27;[2m:&amp#27;[0;39m Participating in existing transaction
&amp#27;[2m2025-08-17T16:47:03.081+01:00&amp#27;[0;39m &amp#27;[32mDEBUG&amp#27;[0;39m &amp#27;[35m26824&amp#27;[0;39m &amp#27;[2m---&amp#27;[0;39m &amp#27;[2m[transferer] [           main]&amp#27;[0;39m &amp#27;[2m&amp#27;[0;39m&amp#27;[36mo.s.r2dbc.core.DefaultDatabaseClient    &amp#27;[0;39m &amp#27;[2m:&amp#27;[0;39m Executing SQL statement [INSERT INTO outbox_events (event_id, event_type, aggregate_id, event_data, occurred_at, created_at) VALUES ($1, $2, $3, $4, $5, $6)]
&amp#27;[2m2025-08-17T16:47:03.081+01:00&amp#27;[0;39m &amp#27;[32mDEBUG&amp#27;[0;39m &amp#27;[35m26824&amp#27;[0;39m &amp#27;[2m---&amp#27;[0;39m &amp#27;[2m[transferer] [           main]&amp#27;[0;39m &amp#27;[2m&amp#27;[0;39m&amp#27;[36mio.r2dbc.h2.client.SessionClient        &amp#27;[0;39m &amp#27;[2m:&amp#27;[0;39m Request:  INSERT INTO outbox_events (event_id, event_type, aggregate_id, event_data, occurred_at, created_at) VALUES ($1, $2, $3, $4, $5, $6) {1: '72eafff0-7082-47ee-98f1-af4a23e37bdf', 2: 'PAYMENT_INITIATED', 3: '4f49d16f-a49b-4c46-bf0c-ff98f58e5e23', 4: '{"@class":"com.transferer.payment.domain.events.body.PaymentInitiatedEventBody","paymentId":{"value":"4f49d16f-a49b-4c46-bf0c-ff98f58e5e23"},"senderAccountId":{"value":"e77377fd-b743-4725-af63-2b618aff75ae"},"recipientAccountId":{"value":"84f369b0-4dd3-475a-85a2-dcab49d1173d"},"amount":100.00,"description":"State persistence test"}', 5: TIMESTAMP WITH TIME ZONE '2025-08-17 15:47:03.078754+00', 6: TIMESTAMP WITH TIME ZONE '2025-08-17 15:47:03.08141+00'}
&amp#27;[2m2025-08-17T16:47:03.082+01:00&amp#27;[0;39m &amp#27;[32mDEBUG&amp#27;[0;39m &amp#27;[35m26824&amp#27;[0;39m &amp#27;[2m---&amp#27;[0;39m &amp#27;[2m[transferer] [           main]&amp#27;[0;39m &amp#27;[2m&amp#27;[0;39m&amp#27;[36mo.s.r2dbc.core.DefaultDatabaseClient    &amp#27;[0;39m &amp#27;[2m:&amp#27;[0;39m Executing SQL statement [INSERT INTO outbox_events (event_id, event_type, aggregate_id, event_data, occurred_at, created_at) VALUES ($1, $2, $3, $4, $5, $6)]
&amp#27;[2m2025-08-17T16:47:03.082+01:00&amp#27;[0;39m &amp#27;[32mDEBUG&amp#27;[0;39m &amp#27;[35m26824&amp#27;[0;39m &amp#27;[2m---&amp#27;[0;39m &amp#27;[2m[transferer] [           main]&amp#27;[0;39m &amp#27;[2m&amp#27;[0;39m&amp#27;[36mio.r2dbc.h2.client.SessionClient        &amp#27;[0;39m &amp#27;[2m:&amp#27;[0;39m Request:  INSERT INTO outbox_events (event_id, event_type, aggregate_id, event_data, occurred_at, created_at) VALUES ($1, $2, $3, $4, $5, $6) {1: '2aeb5b28-4e43-4439-b699-96d6a920c480', 2: 'PAYMENT_STEP_ADVANCED', 3: '4f49d16f-a49b-4c46-bf0c-ff98f58e5e23', 4: '{"@class":"com.transferer.payment.domain.events.body.PaymentStepAdvancedEventBody","paymentId":{"value":"4f49d16f-a49b-4c46-bf0c-ff98f58e5e23"},"previousStep":{"empty":true,"present":false},"currentStep":"INITIATED"}', 5: TIMESTAMP WITH TIME ZONE '2025-08-17 15:47:03.078766+00', 6: TIMESTAMP WITH TIME ZONE '2025-08-17 15:47:03.082499+00'}
&amp#27;[2m2025-08-17T16:47:03.083+01:00&amp#27;[0;39m &amp#27;[32mDEBUG&amp#27;[0;39m &amp#27;[35m26824&amp#27;[0;39m &amp#27;[2m---&amp#27;[0;39m &amp#27;[2m[transferer] [           main]&amp#27;[0;39m &amp#27;[2m&amp#27;[0;39m&amp#27;[36mo.s.r.c.R2dbcTransactionManager         &amp#27;[0;39m &amp#27;[2m:&amp#27;[0;39m Initiating transaction commit
&amp#27;[2m2025-08-17T16:47:03.083+01:00&amp#27;[0;39m &amp#27;[32mDEBUG&amp#27;[0;39m &amp#27;[35m26824&amp#27;[0;39m &amp#27;[2m---&amp#27;[0;39m &amp#27;[2m[transferer] [           main]&amp#27;[0;39m &amp#27;[2m&amp#27;[0;39m&amp#27;[36mo.s.r.c.R2dbcTransactionManager         &amp#27;[0;39m &amp#27;[2m:&amp#27;[0;39m Committing R2DBC transaction on Connection [PooledConnection[io.r2dbc.h2.H2Connection@27b490de]]
&amp#27;[2m2025-08-17T16:47:03.083+01:00&amp#27;[0;39m &amp#27;[32mDEBUG&amp#27;[0;39m &amp#27;[35m26824&amp#27;[0;39m &amp#27;[2m---&amp#27;[0;39m &amp#27;[2m[transferer] [           main]&amp#27;[0;39m &amp#27;[2m&amp#27;[0;39m&amp#27;[36mio.r2dbc.h2.client.SessionClient        &amp#27;[0;39m &amp#27;[2m:&amp#27;[0;39m Request:  COMMIT
&amp#27;[2m2025-08-17T16:47:03.083+01:00&amp#27;[0;39m &amp#27;[32mDEBUG&amp#27;[0;39m &amp#27;[35m26824&amp#27;[0;39m &amp#27;[2m---&amp#27;[0;39m &amp#27;[2m[transferer] [           main]&amp#27;[0;39m &amp#27;[2m&amp#27;[0;39m&amp#27;[36mo.s.r.c.R2dbcTransactionManager         &amp#27;[0;39m &amp#27;[2m:&amp#27;[0;39m Releasing R2DBC Connection [PooledConnection[io.r2dbc.h2.H2Connection@27b490de]] after transaction
&amp#27;[2m2025-08-17T16:47:03.083+01:00&amp#27;[0;39m &amp#27;[32mDEBUG&amp#27;[0;39m &amp#27;[35m26824&amp#27;[0;39m &amp#27;[2m---&amp#27;[0;39m &amp#27;[2m[transferer] [           main]&amp#27;[0;39m &amp#27;[2m&amp#27;[0;39m&amp#27;[36mio.r2dbc.h2.client.SessionClient        &amp#27;[0;39m &amp#27;[2m:&amp#27;[0;39m Request:  SELECT CURRENT_TIMESTAMP
&amp#27;[2m2025-08-17T16:47:03.083+01:00&amp#27;[0;39m &amp#27;[32mDEBUG&amp#27;[0;39m &amp#27;[35m26824&amp#27;[0;39m &amp#27;[2m---&amp#27;[0;39m &amp#27;[2m[transferer] [           main]&amp#27;[0;39m &amp#27;[2m&amp#27;[0;39m&amp#27;[36mio.r2dbc.h2.client.SessionClient        &amp#27;[0;39m &amp#27;[2m:&amp#27;[0;39m Response: org.h2.result.LocalResult@2474df51 columns: 1 rows: 1 pos: -1
&amp#27;[2m2025-08-17T16:47:03.188+01:00&amp#27;[0;39m &amp#27;[32mDEBUG&amp#27;[0;39m &amp#27;[35m26824&amp#27;[0;39m &amp#27;[2m---&amp#27;[0;39m &amp#27;[2m[transferer] [     parallel-2]&amp#27;[0;39m &amp#27;[2m&amp#27;[0;39m&amp#27;[36mio.r2dbc.h2.client.SessionClient        &amp#27;[0;39m &amp#27;[2m:&amp#27;[0;39m Request:  SELECT 1
&amp#27;[2m2025-08-17T16:47:03.188+01:00&amp#27;[0;39m &amp#27;[32mDEBUG&amp#27;[0;39m &amp#27;[35m26824&amp#27;[0;39m &amp#27;[2m---&amp#27;[0;39m &amp#27;[2m[transferer] [     parallel-2]&amp#27;[0;39m &amp#27;[2m&amp#27;[0;39m&amp#27;[36mio.r2dbc.h2.client.SessionClient        &amp#27;[0;39m &amp#27;[2m:&amp#27;[0;39m Response: org.h2.result.LocalResult@34f71c38 columns: 1 rows: 1 pos: -1
&amp#27;[2m2025-08-17T16:47:03.188+01:00&amp#27;[0;39m &amp#27;[32mDEBUG&amp#27;[0;39m &amp#27;[35m26824&amp#27;[0;39m &amp#27;[2m---&amp#27;[0;39m &amp#27;[2m[transferer] [     parallel-2]&amp#27;[0;39m &amp#27;[2m&amp#27;[0;39m&amp#27;[36mo.s.r2dbc.core.DefaultDatabaseClient    &amp#27;[0;39m &amp#27;[2m:&amp#27;[0;39m Executing SQL statement [SELECT event_type, COUNT(*) as count FROM outbox_events GROUP BY event_type]
&amp#27;[2m2025-08-17T16:47:03.189+01:00&amp#27;[0;39m &amp#27;[32mDEBUG&amp#27;[0;39m &amp#27;[35m26824&amp#27;[0;39m &amp#27;[2m---&amp#27;[0;39m &amp#27;[2m[transferer] [     parallel-2]&amp#27;[0;39m &amp#27;[2m&amp#27;[0;39m&amp#27;[36mio.r2dbc.h2.client.SessionClient        &amp#27;[0;39m &amp#27;[2m:&amp#27;[0;39m Request:  SELECT event_type, COUNT(*) as count FROM outbox_events GROUP BY event_type
&amp#27;[2m2025-08-17T16:47:03.189+01:00&amp#27;[0;39m &amp#27;[32mDEBUG&amp#27;[0;39m &amp#27;[35m26824&amp#27;[0;39m &amp#27;[2m---&amp#27;[0;39m &amp#27;[2m[transferer] [     parallel-2]&amp#27;[0;39m &amp#27;[2m&amp#27;[0;39m&amp#27;[36mio.r2dbc.h2.client.SessionClient        &amp#27;[0;39m &amp#27;[2m:&amp#27;[0;39m Response: org.h2.result.LocalResult@7b0deeed columns: 2 rows: 3 pos: -1
&amp#27;[2m2025-08-17T16:47:03.189+01:00&amp#27;[0;39m &amp#27;[32mDEBUG&amp#27;[0;39m &amp#27;[35m26824&amp#27;[0;39m &amp#27;[2m---&amp#27;[0;39m &amp#27;[2m[transferer] [     parallel-2]&amp#27;[0;39m &amp#27;[2m&amp#27;[0;39m&amp#27;[36mio.r2dbc.h2.client.SessionClient        &amp#27;[0;39m &amp#27;[2m:&amp#27;[0;39m Request:  SELECT CURRENT_TIMESTAMP
&amp#27;[2m2025-08-17T16:47:03.189+01:00&amp#27;[0;39m &amp#27;[32mDEBUG&amp#27;[0;39m &amp#27;[35m26824&amp#27;[0;39m &amp#27;[2m---&amp#27;[0;39m &amp#27;[2m[transferer] [     parallel-2]&amp#27;[0;39m &amp#27;[2m&amp#27;[0;39m&amp#27;[36mio.r2dbc.h2.client.SessionClient        &amp#27;[0;39m &amp#27;[2m:&amp#27;[0;39m Response: org.h2.result.LocalResult@4abc7718 columns: 1 rows: 1 pos: -1
&amp#27;[2m2025-08-17T16:47:03.190+01:00&amp#27;[0;39m &amp#27;[32mDEBUG&amp#27;[0;39m &amp#27;[35m26824&amp#27;[0;39m &amp#27;[2m---&amp#27;[0;39m &amp#27;[2m[transferer] [     parallel-2]&amp#27;[0;39m &amp#27;[2m&amp#27;[0;39m&amp#27;[36mio.r2dbc.h2.client.SessionClient        &amp#27;[0;39m &amp#27;[2m:&amp#27;[0;39m Request:  SELECT 1
&amp#27;[2m2025-08-17T16:47:03.190+01:00&amp#27;[0;39m &amp#27;[32mDEBUG&amp#27;[0;39m &amp#27;[35m26824&amp#27;[0;39m &amp#27;[2m---&amp#27;[0;39m &amp#27;[2m[transferer] [     parallel-2]&amp#27;[0;39m &amp#27;[2m&amp#27;[0;39m&amp#27;[36mio.r2dbc.h2.client.SessionClient        &amp#27;[0;39m &amp#27;[2m:&amp#27;[0;39m Response: org.h2.result.LocalResult@9c77978 columns: 1 rows: 1 pos: -1
&amp#27;[2m2025-08-17T16:47:03.190+01:00&amp#27;[0;39m &amp#27;[32mDEBUG&amp#27;[0;39m &amp#27;[35m26824&amp#27;[0;39m &amp#27;[2m---&amp#27;[0;39m &amp#27;[2m[transferer] [     parallel-2]&amp#27;[0;39m &amp#27;[2m&amp#27;[0;39m&amp#27;[36mo.s.r2dbc.core.DefaultDatabaseClient    &amp#27;[0;39m &amp#27;[2m:&amp#27;[0;39m Executing SQL statement [SELECT payments.* FROM payments WHERE payments.ID = $1 LIMIT 2]
&amp#27;[2m2025-08-17T16:47:03.191+01:00&amp#27;[0;39m &amp#27;[32mDEBUG&amp#27;[0;39m &amp#27;[35m26824&amp#27;[0;39m &amp#27;[2m---&amp#27;[0;39m &amp#27;[2m[transferer] [     parallel-2]&amp#27;[0;39m &amp#27;[2m&amp#27;[0;39m&amp#27;[36mio.r2dbc.h2.client.SessionClient        &amp#27;[0;39m &amp#27;[2m:&amp#27;[0;39m Request:  SELECT payments.* FROM payments WHERE payments.ID = $1 LIMIT 2 {1: '4f49d16f-a49b-4c46-bf0c-ff98f58e5e23'}
&amp#27;[2m2025-08-17T16:47:03.191+01:00&amp#27;[0;39m &amp#27;[32mDEBUG&amp#27;[0;39m &amp#27;[35m26824&amp#27;[0;39m &amp#27;[2m---&amp#27;[0;39m &amp#27;[2m[transferer] [     parallel-2]&amp#27;[0;39m &amp#27;[2m&amp#27;[0;39m&amp#27;[36mio.r2dbc.h2.client.SessionClient        &amp#27;[0;39m &amp#27;[2m:&amp#27;[0;39m Response: org.h2.result.LocalResult@d1c01e9 columns: 12 rows: 1 pos: -1
&amp#27;[2m2025-08-17T16:47:03.192+01:00&amp#27;[0;39m &amp#27;[32mDEBUG&amp#27;[0;39m &amp#27;[35m26824&amp#27;[0;39m &amp#27;[2m---&amp#27;[0;39m &amp#27;[2m[transferer] [     parallel-2]&amp#27;[0;39m &amp#27;[2m&amp#27;[0;39m&amp#27;[36mio.r2dbc.h2.client.SessionClient        &amp#27;[0;39m &amp#27;[2m:&amp#27;[0;39m Request:  SELECT CURRENT_TIMESTAMP
&amp#27;[2m2025-08-17T16:47:03.192+01:00&amp#27;[0;39m &amp#27;[32mDEBUG&amp#27;[0;39m &amp#27;[35m26824&amp#27;[0;39m &amp#27;[2m---&amp#27;[0;39m &amp#27;[2m[transferer] [     parallel-2]&amp#27;[0;39m &amp#27;[2m&amp#27;[0;39m&amp#27;[36mio.r2dbc.h2.client.SessionClient        &amp#27;[0;39m &amp#27;[2m:&amp#27;[0;39m Response: org.h2.result.LocalResult@48264bd0 columns: 1 rows: 1 pos: -1
&amp#27;[2m2025-08-17T16:47:03.193+01:00&amp#27;[0;39m &amp#27;[32mDEBUG&amp#27;[0;39m &amp#27;[35m26824&amp#27;[0;39m &amp#27;[2m---&amp#27;[0;39m &amp#27;[2m[transferer] [           main]&amp#27;[0;39m &amp#27;[2m&amp#27;[0;39m&amp#27;[36mio.r2dbc.h2.client.SessionClient        &amp#27;[0;39m &amp#27;[2m:&amp#27;[0;39m Request:  SELECT 1
&amp#27;[2m2025-08-17T16:47:03.193+01:00&amp#27;[0;39m &amp#27;[32mDEBUG&amp#27;[0;39m &amp#27;[35m26824&amp#27;[0;39m &amp#27;[2m---&amp#27;[0;39m &amp#27;[2m[transferer] [           main]&amp#27;[0;39m &amp#27;[2m&amp#27;[0;39m&amp#27;[36mio.r2dbc.h2.client.SessionClient        &amp#27;[0;39m &amp#27;[2m:&amp#27;[0;39m Response: org.h2.result.LocalResult@2864d34d columns: 1 rows: 1 pos: -1
&amp#27;[2m2025-08-17T16:47:03.193+01:00&amp#27;[0;39m &amp#27;[32mDEBUG&amp#27;[0;39m &amp#27;[35m26824&amp#27;[0;39m &amp#27;[2m---&amp#27;[0;39m &amp#27;[2m[transferer] [           main]&amp#27;[0;39m &amp#27;[2m&amp#27;[0;39m&amp#27;[36mo.s.r2dbc.core.DefaultDatabaseClient    &amp#27;[0;39m &amp#27;[2m:&amp#27;[0;39m Executing SQL statement [DELETE FROM payments]
&amp#27;[2m2025-08-17T16:47:03.193+01:00&amp#27;[0;39m &amp#27;[32mDEBUG&amp#27;[0;39m &amp#27;[35m26824&amp#27;[0;39m &amp#27;[2m---&amp#27;[0;39m &amp#27;[2m[transferer] [           main]&amp#27;[0;39m &amp#27;[2m&amp#27;[0;39m&amp#27;[36mio.r2dbc.h2.client.SessionClient        &amp#27;[0;39m &amp#27;[2m:&amp#27;[0;39m Request:  DELETE FROM payments
&amp#27;[2m2025-08-17T16:47:03.193+01:00&amp#27;[0;39m &amp#27;[32mDEBUG&amp#27;[0;39m &amp#27;[35m26824&amp#27;[0;39m &amp#27;[2m---&amp#27;[0;39m &amp#27;[2m[transferer] [           main]&amp#27;[0;39m &amp#27;[2m&amp#27;[0;39m&amp#27;[36mio.r2dbc.h2.client.SessionClient        &amp#27;[0;39m &amp#27;[2m:&amp#27;[0;39m Request:  SELECT CURRENT_TIMESTAMP
&amp#27;[2m2025-08-17T16:47:03.194+01:00&amp#27;[0;39m &amp#27;[32mDEBUG&amp#27;[0;39m &amp#27;[35m26824&amp#27;[0;39m &amp#27;[2m---&amp#27;[0;39m &amp#27;[2m[transferer] [           main]&amp#27;[0;39m &amp#27;[2m&amp#27;[0;39m&amp#27;[36mio.r2dbc.h2.client.SessionClient        &amp#27;[0;39m &amp#27;[2m:&amp#27;[0;39m Response: org.h2.result.LocalResult@3e9b3b3c columns: 1 rows: 1 pos: -1
&amp#27;[2m2025-08-17T16:47:03.194+01:00&amp#27;[0;39m &amp#27;[32mDEBUG&amp#27;[0;39m &amp#27;[35m26824&amp#27;[0;39m &amp#27;[2m---&amp#27;[0;39m &amp#27;[2m[transferer] [           main]&amp#27;[0;39m &amp#27;[2m&amp#27;[0;39m&amp#27;[36mio.r2dbc.h2.client.SessionClient        &amp#27;[0;39m &amp#27;[2m:&amp#27;[0;39m Request:  SELECT 1
&amp#27;[2m2025-08-17T16:47:03.194+01:00&amp#27;[0;39m &amp#27;[32mDEBUG&amp#27;[0;39m &amp#27;[35m26824&amp#27;[0;39m &amp#27;[2m---&amp#27;[0;39m &amp#27;[2m[transferer] [           main]&amp#27;[0;39m &amp#27;[2m&amp#27;[0;39m&amp#27;[36mio.r2dbc.h2.client.SessionClient        &amp#27;[0;39m &amp#27;[2m:&amp#27;[0;39m Response: org.h2.result.LocalResult@3c97f5e9 columns: 1 rows: 1 pos: -1
&amp#27;[2m2025-08-17T16:47:03.194+01:00&amp#27;[0;39m &amp#27;[32mDEBUG&amp#27;[0;39m &amp#27;[35m26824&amp#27;[0;39m &amp#27;[2m---&amp#27;[0;39m &amp#27;[2m[transferer] [           main]&amp#27;[0;39m &amp#27;[2m&amp#27;[0;39m&amp#27;[36mo.s.r2dbc.core.DefaultDatabaseClient    &amp#27;[0;39m &amp#27;[2m:&amp#27;[0;39m Executing SQL statement [DELETE FROM transactions]
&amp#27;[2m2025-08-17T16:47:03.194+01:00&amp#27;[0;39m &amp#27;[32mDEBUG&amp#27;[0;39m &amp#27;[35m26824&amp#27;[0;39m &amp#27;[2m---&amp#27;[0;39m &amp#27;[2m[transferer] [           main]&amp#27;[0;39m &amp#27;[2m&amp#27;[0;39m&amp#27;[36mio.r2dbc.h2.client.SessionClient        &amp#27;[0;39m &amp#27;[2m:&amp#27;[0;39m Request:  DELETE FROM transactions
&amp#27;[2m2025-08-17T16:47:03.194+01:00&amp#27;[0;39m &amp#27;[32mDEBUG&amp#27;[0;39m &amp#27;[35m26824&amp#27;[0;39m &amp#27;[2m---&amp#27;[0;39m &amp#27;[2m[transferer] [           main]&amp#27;[0;39m &amp#27;[2m&amp#27;[0;39m&amp#27;[36mio.r2dbc.h2.client.SessionClient        &amp#27;[0;39m &amp#27;[2m:&amp#27;[0;39m Request:  SELECT CURRENT_TIMESTAMP
&amp#27;[2m2025-08-17T16:47:03.195+01:00&amp#27;[0;39m &amp#27;[32mDEBUG&amp#27;[0;39m &amp#27;[35m26824&amp#27;[0;39m &amp#27;[2m---&amp#27;[0;39m &amp#27;[2m[transferer] [           main]&amp#27;[0;39m &amp#27;[2m&amp#27;[0;39m&amp#27;[36mio.r2dbc.h2.client.SessionClient        &amp#27;[0;39m &amp#27;[2m:&amp#27;[0;39m Response: org.h2.result.LocalResult@4583b617 columns: 1 rows: 1 pos: -1
&amp#27;[2m2025-08-17T16:47:03.195+01:00&amp#27;[0;39m &amp#27;[32mDEBUG&amp#27;[0;39m &amp#27;[35m26824&amp#27;[0;39m &amp#27;[2m---&amp#27;[0;39m &amp#27;[2m[transferer] [           main]&amp#27;[0;39m &amp#27;[2m&amp#27;[0;39m&amp#27;[36mio.r2dbc.h2.client.SessionClient        &amp#27;[0;39m &amp#27;[2m:&amp#27;[0;39m Request:  SELECT 1
&amp#27;[2m2025-08-17T16:47:03.195+01:00&amp#27;[0;39m &amp#27;[32mDEBUG&amp#27;[0;39m &amp#27;[35m26824&amp#27;[0;39m &amp#27;[2m---&amp#27;[0;39m &amp#27;[2m[transferer] [           main]&amp#27;[0;39m &amp#27;[2m&amp#27;[0;39m&amp#27;[36mio.r2dbc.h2.client.SessionClient        &amp#27;[0;39m &amp#27;[2m:&amp#27;[0;39m Response: org.h2.result.LocalResult@22a63740 columns: 1 rows: 1 pos: -1
&amp#27;[2m2025-08-17T16:47:03.195+01:00&amp#27;[0;39m &amp#27;[32mDEBUG&amp#27;[0;39m &amp#27;[35m26824&amp#27;[0;39m &amp#27;[2m---&amp#27;[0;39m &amp#27;[2m[transferer] [           main]&amp#27;[0;39m &amp#27;[2m&amp#27;[0;39m&amp#27;[36mo.s.r2dbc.core.DefaultDatabaseClient    &amp#27;[0;39m &amp#27;[2m:&amp#27;[0;39m Executing SQL statement [DELETE FROM accounts]
&amp#27;[2m2025-08-17T16:47:03.195+01:00&amp#27;[0;39m &amp#27;[32mDEBUG&amp#27;[0;39m &amp#27;[35m26824&amp#27;[0;39m &amp#27;[2m---&amp#27;[0;39m &amp#27;[2m[transferer] [           main]&amp#27;[0;39m &amp#27;[2m&amp#27;[0;39m&amp#27;[36mio.r2dbc.h2.client.SessionClient        &amp#27;[0;39m &amp#27;[2m:&amp#27;[0;39m Request:  DELETE FROM accounts
&amp#27;[2m2025-08-17T16:47:03.196+01:00&amp#27;[0;39m &amp#27;[32mDEBUG&amp#27;[0;39m &amp#27;[35m26824&amp#27;[0;39m &amp#27;[2m---&amp#27;[0;39m &amp#27;[2m[transferer] [           main]&amp#27;[0;39m &amp#27;[2m&amp#27;[0;39m&amp#27;[36mio.r2dbc.h2.client.SessionClient        &amp#27;[0;39m &amp#27;[2m:&amp#27;[0;39m Request:  SELECT CURRENT_TIMESTAMP
&amp#27;[2m2025-08-17T16:47:03.196+01:00&amp#27;[0;39m &amp#27;[32mDEBUG&amp#27;[0;39m &amp#27;[35m26824&amp#27;[0;39m &amp#27;[2m---&amp#27;[0;39m &amp#27;[2m[transferer] [           main]&amp#27;[0;39m &amp#27;[2m&amp#27;[0;39m&amp#27;[36mio.r2dbc.h2.client.SessionClient        &amp#27;[0;39m &amp#27;[2m:&amp#27;[0;39m Response: org.h2.result.LocalResult@2ec92631 columns: 1 rows: 1 pos: -1
&amp#27;[2m2025-08-17T16:47:03.196+01:00&amp#27;[0;39m &amp#27;[32mDEBUG&amp#27;[0;39m &amp#27;[35m26824&amp#27;[0;39m &amp#27;[2m---&amp#27;[0;39m &amp#27;[2m[transferer] [           main]&amp#27;[0;39m &amp#27;[2m&amp#27;[0;39m&amp#27;[36mio.r2dbc.h2.client.SessionClient        &amp#27;[0;39m &amp#27;[2m:&amp#27;[0;39m Request:  SELECT 1
&amp#27;[2m2025-08-17T16:47:03.196+01:00&amp#27;[0;39m &amp#27;[32mDEBUG&amp#27;[0;39m &amp#27;[35m26824&amp#27;[0;39m &amp#27;[2m---&amp#27;[0;39m &amp#27;[2m[transferer] [           main]&amp#27;[0;39m &amp#27;[2m&amp#27;[0;39m&amp#27;[36mio.r2dbc.h2.client.SessionClient        &amp#27;[0;39m &amp#27;[2m:&amp#27;[0;39m Response: org.h2.result.LocalResult@76220ef1 columns: 1 rows: 1 pos: -1
&amp#27;[2m2025-08-17T16:47:03.196+01:00&amp#27;[0;39m &amp#27;[32mDEBUG&amp#27;[0;39m &amp#27;[35m26824&amp#27;[0;39m &amp#27;[2m---&amp#27;[0;39m &amp#27;[2m[transferer] [           main]&amp#27;[0;39m &amp#27;[2m&amp#27;[0;39m&amp#27;[36mo.s.r2dbc.core.DefaultDatabaseClient    &amp#27;[0;39m &amp#27;[2m:&amp#27;[0;39m Executing SQL statement [DELETE FROM outbox_events]
&amp#27;[2m2025-08-17T16:47:03.196+01:00&amp#27;[0;39m &amp#27;[32mDEBUG&amp#27;[0;39m &amp#27;[35m26824&amp#27;[0;39m &amp#27;[2m---&amp#27;[0;39m &amp#27;[2m[transferer] [           main]&amp#27;[0;39m &amp#27;[2m&amp#27;[0;39m&amp#27;[36mio.r2dbc.h2.client.SessionClient        &amp#27;[0;39m &amp#27;[2m:&amp#27;[0;39m Request:  DELETE FROM outbox_events
&amp#27;[2m2025-08-17T16:47:03.197+01:00&amp#27;[0;39m &amp#27;[32mDEBUG&amp#27;[0;39m &amp#27;[35m26824&amp#27;[0;39m &amp#27;[2m---&amp#27;[0;39m &amp#27;[2m[transferer] [           main]&amp#27;[0;39m &amp#27;[2m&amp#27;[0;39m&amp#27;[36mio.r2dbc.h2.client.SessionClient        &amp#27;[0;39m &amp#27;[2m:&amp#27;[0;39m Request:  SELECT CURRENT_TIMESTAMP
&amp#27;[2m2025-08-17T16:47:03.197+01:00&amp#27;[0;39m &amp#27;[32mDEBUG&amp#27;[0;39m &amp#27;[35m26824&amp#27;[0;39m &amp#27;[2m---&amp#27;[0;39m &amp#27;[2m[transferer] [           main]&amp#27;[0;39m &amp#27;[2m&amp#27;[0;39m&amp#27;[36mio.r2dbc.h2.client.SessionClient        &amp#27;[0;39m &amp#27;[2m:&amp#27;[0;39m Response: org.h2.result.LocalResult@294ebe11 columns: 1 rows: 1 pos: -1
]]></system-out>
  </testcase>
  <testcase name="should_query_payments_by_account" classname="com.transferer.payment.PaymentSagaDbIntegrationTest" time="0.183">
    <system-out><![CDATA[
  .   ____          _            __ _ _
 /\\ / ___'_ __ _ _(_)_ __  __ _ \ \ \ \
( ( )\___ | '_ | '_| | '_ \/ _` | \ \ \ \
 \\/  ___)| |_)| | | | | || (_| |  ) ) ) )
  '  |____| .__|_| |_|_| |_\__, | / / / /
 =========|_|==============|___/=/_/_/_/
&amp#27;[32m :: Spring Boot :: &amp#27;[39m              &amp#27;[2m (v3.2.0)&amp#27;[0;39m

&amp#27;[2m2025-08-17T16:47:03.211+01:00&amp#27;[0;39m &amp#27;[32m INFO&amp#27;[0;39m &amp#27;[35m26824&amp#27;[0;39m &amp#27;[2m---&amp#27;[0;39m &amp#27;[2m[transferer] [           main]&amp#27;[0;39m &amp#27;[2m&amp#27;[0;39m&amp#27;[36mc.t.p.PaymentSagaDbIntegrationTest      &amp#27;[0;39m &amp#27;[2m:&amp#27;[0;39m Starting PaymentSagaDbIntegrationTest using Java 24.0.2 with PID 26824 (started by bendrawer in /Users/bendrawer/transferer)
&amp#27;[2m2025-08-17T16:47:03.211+01:00&amp#27;[0;39m &amp#27;[32mDEBUG&amp#27;[0;39m &amp#27;[35m26824&amp#27;[0;39m &amp#27;[2m---&amp#27;[0;39m &amp#27;[2m[transferer] [           main]&amp#27;[0;39m &amp#27;[2m&amp#27;[0;39m&amp#27;[36mc.t.p.PaymentSagaDbIntegrationTest      &amp#27;[0;39m &amp#27;[2m:&amp#27;[0;39m Running with Spring Boot v3.2.0, Spring v6.1.1
&amp#27;[2m2025-08-17T16:47:03.211+01:00&amp#27;[0;39m &amp#27;[32m INFO&amp#27;[0;39m &amp#27;[35m26824&amp#27;[0;39m &amp#27;[2m---&amp#27;[0;39m &amp#27;[2m[transferer] [           main]&amp#27;[0;39m &amp#27;[2m&amp#27;[0;39m&amp#27;[36mc.t.p.PaymentSagaDbIntegrationTest      &amp#27;[0;39m &amp#27;[2m:&amp#27;[0;39m The following 1 profile is active: "test"
&amp#27;[2m2025-08-17T16:47:03.228+01:00&amp#27;[0;39m &amp#27;[32m INFO&amp#27;[0;39m &amp#27;[35m26824&amp#27;[0;39m &amp#27;[2m---&amp#27;[0;39m &amp#27;[2m[transferer] [           main]&amp#27;[0;39m &amp#27;[2m&amp#27;[0;39m&amp#27;[36m.s.d.r.c.RepositoryConfigurationDelegate&amp#27;[0;39m &amp#27;[2m:&amp#27;[0;39m Bootstrapping Spring Data R2DBC repositories in DEFAULT mode.
&amp#27;[2m2025-08-17T16:47:03.232+01:00&amp#27;[0;39m &amp#27;[32m INFO&amp#27;[0;39m &amp#27;[35m26824&amp#27;[0;39m &amp#27;[2m---&amp#27;[0;39m &amp#27;[2m[transferer] [           main]&amp#27;[0;39m &amp#27;[2m&amp#27;[0;39m&amp#27;[36m.s.d.r.c.RepositoryConfigurationDelegate&amp#27;[0;39m &amp#27;[2m:&amp#27;[0;39m Finished Spring Data repository scanning in 3 ms. Found 4 R2DBC repository interfaces.
&amp#27;[2m2025-08-17T16:47:03.254+01:00&amp#27;[0;39m &amp#27;[32mDEBUG&amp#27;[0;39m &amp#27;[35m26824&amp#27;[0;39m &amp#27;[2m---&amp#27;[0;39m &amp#27;[2m[transferer] [           main]&amp#27;[0;39m &amp#27;[2m&amp#27;[0;39m&amp#27;[36mc.t.shared.outbox.OutboxEventBus        &amp#27;[0;39m &amp#27;[2m:&amp#27;[0;39m Subscribed handler to event class: PaymentStepAdvancedEvent
&amp#27;[2m2025-08-17T16:47:03.254+01:00&amp#27;[0;39m &amp#27;[32mDEBUG&amp#27;[0;39m &amp#27;[35m26824&amp#27;[0;39m &amp#27;[2m---&amp#27;[0;39m &amp#27;[2m[transferer] [           main]&amp#27;[0;39m &amp#27;[2m&amp#27;[0;39m&amp#27;[36mc.t.shared.outbox.OutboxEventBus        &amp#27;[0;39m &amp#27;[2m:&amp#27;[0;39m Subscribed handler to event class: TransactionCreatedEvent
&amp#27;[2m2025-08-17T16:47:03.254+01:00&amp#27;[0;39m &amp#27;[32mDEBUG&amp#27;[0;39m &amp#27;[35m26824&amp#27;[0;39m &amp#27;[2m---&amp#27;[0;39m &amp#27;[2m[transferer] [           main]&amp#27;[0;39m &amp#27;[2m&amp#27;[0;39m&amp#27;[36mc.t.shared.outbox.OutboxEventBus        &amp#27;[0;39m &amp#27;[2m:&amp#27;[0;39m Subscribed handler to event class: AccountDebitedEvent
&amp#27;[2m2025-08-17T16:47:03.254+01:00&amp#27;[0;39m &amp#27;[32mDEBUG&amp#27;[0;39m &amp#27;[35m26824&amp#27;[0;39m &amp#27;[2m---&amp#27;[0;39m &amp#27;[2m[transferer] [           main]&amp#27;[0;39m &amp#27;[2m&amp#27;[0;39m&amp#27;[36mc.t.shared.outbox.OutboxEventBus        &amp#27;[0;39m &amp#27;[2m:&amp#27;[0;39m Subscribed handler to event class: AccountCreditedEvent
&amp#27;[2m2025-08-17T16:47:03.254+01:00&amp#27;[0;39m &amp#27;[32mDEBUG&amp#27;[0;39m &amp#27;[35m26824&amp#27;[0;39m &amp#27;[2m---&amp#27;[0;39m &amp#27;[2m[transferer] [           main]&amp#27;[0;39m &amp#27;[2m&amp#27;[0;39m&amp#27;[36mc.t.shared.outbox.OutboxEventBus        &amp#27;[0;39m &amp#27;[2m:&amp#27;[0;39m Subscribed handler to event class: TransactionCompletedEvent
&amp#27;[2m2025-08-17T16:47:03.254+01:00&amp#27;[0;39m &amp#27;[32mDEBUG&amp#27;[0;39m &amp#27;[35m26824&amp#27;[0;39m &amp#27;[2m---&amp#27;[0;39m &amp#27;[2m[transferer] [           main]&amp#27;[0;39m &amp#27;[2m&amp#27;[0;39m&amp#27;[36mc.t.shared.outbox.OutboxEventBus        &amp#27;[0;39m &amp#27;[2m:&amp#27;[0;39m Subscribed handler to event class: PaymentFailedEvent
&amp#27;[2m2025-08-17T16:47:03.257+01:00&amp#27;[0;39m &amp#27;[32mDEBUG&amp#27;[0;39m &amp#27;[35m26824&amp#27;[0;39m &amp#27;[2m---&amp#27;[0;39m &amp#27;[2m[transferer] [       single-1]&amp#27;[0;39m &amp#27;[2m&amp#27;[0;39m&amp#27;[36mio.r2dbc.h2.client.SessionClient        &amp#27;[0;39m &amp#27;[2m:&amp#27;[0;39m Request:  CALL H2VERSION()
&amp#27;[2m2025-08-17T16:47:03.257+01:00&amp#27;[0;39m &amp#27;[32mDEBUG&amp#27;[0;39m &amp#27;[35m26824&amp#27;[0;39m &amp#27;[2m---&amp#27;[0;39m &amp#27;[2m[transferer] [       single-1]&amp#27;[0;39m &amp#27;[2m&amp#27;[0;39m&amp#27;[36mio.r2dbc.h2.client.SessionClient        &amp#27;[0;39m &amp#27;[2m:&amp#27;[0;39m Response: org.h2.result.LocalResult@3e8c7fb2 columns: 1 rows: 1 pos: -1
&amp#27;[2m2025-08-17T16:47:03.257+01:00&amp#27;[0;39m &amp#27;[32mDEBUG&amp#27;[0;39m &amp#27;[35m26824&amp#27;[0;39m &amp#27;[2m---&amp#27;[0;39m &amp#27;[2m[transferer] [       single-1]&amp#27;[0;39m &amp#27;[2m&amp#27;[0;39m&amp#27;[36mio.r2dbc.h2.client.SessionClient        &amp#27;[0;39m &amp#27;[2m:&amp#27;[0;39m Request:  SELECT 1
&amp#27;[2m2025-08-17T16:47:03.257+01:00&amp#27;[0;39m &amp#27;[32mDEBUG&amp#27;[0;39m &amp#27;[35m26824&amp#27;[0;39m &amp#27;[2m---&amp#27;[0;39m &amp#27;[2m[transferer] [       single-1]&amp#27;[0;39m &amp#27;[2m&amp#27;[0;39m&amp#27;[36mio.r2dbc.h2.client.SessionClient        &amp#27;[0;39m &amp#27;[2m:&amp#27;[0;39m Response: org.h2.result.LocalResult@34ec5441 columns: 1 rows: 1 pos: -1
&amp#27;[2m2025-08-17T16:47:03.257+01:00&amp#27;[0;39m &amp#27;[32mDEBUG&amp#27;[0;39m &amp#27;[35m26824&amp#27;[0;39m &amp#27;[2m---&amp#27;[0;39m &amp#27;[2m[transferer] [       single-1]&amp#27;[0;39m &amp#27;[2m&amp#27;[0;39m&amp#27;[36mo.s.r2dbc.connection.init.ScriptUtils   &amp#27;[0;39m &amp#27;[2m:&amp#27;[0;39m Executing SQL script from class path resource [test-schema.sql]
&amp#27;[2m2025-08-17T16:47:03.257+01:00&amp#27;[0;39m &amp#27;[32mDEBUG&amp#27;[0;39m &amp#27;[35m26824&amp#27;[0;39m &amp#27;[2m---&amp#27;[0;39m &amp#27;[2m[transferer] [       single-1]&amp#27;[0;39m &amp#27;[2m&amp#27;[0;39m&amp#27;[36mio.r2dbc.h2.client.SessionClient        &amp#27;[0;39m &amp#27;[2m:&amp#27;[0;39m Request:  CALL H2VERSION()
&amp#27;[2m2025-08-17T16:47:03.257+01:00&amp#27;[0;39m &amp#27;[32mDEBUG&amp#27;[0;39m &amp#27;[35m26824&amp#27;[0;39m &amp#27;[2m---&amp#27;[0;39m &amp#27;[2m[transferer] [       single-1]&amp#27;[0;39m &amp#27;[2m&amp#27;[0;39m&amp#27;[36mio.r2dbc.h2.client.SessionClient        &amp#27;[0;39m &amp#27;[2m:&amp#27;[0;39m Response: org.h2.result.LocalResult@17f466fe columns: 1 rows: 1 pos: -1
&amp#27;[2m2025-08-17T16:47:03.257+01:00&amp#27;[0;39m &amp#27;[32mDEBUG&amp#27;[0;39m &amp#27;[35m26824&amp#27;[0;39m &amp#27;[2m---&amp#27;[0;39m &amp#27;[2m[transferer] [       single-1]&amp#27;[0;39m &amp#27;[2m&amp#27;[0;39m&amp#27;[36mio.r2dbc.h2.client.SessionClient        &amp#27;[0;39m &amp#27;[2m:&amp#27;[0;39m Request:  CALL H2VERSION()
&amp#27;[2m2025-08-17T16:47:03.258+01:00&amp#27;[0;39m &amp#27;[32mDEBUG&amp#27;[0;39m &amp#27;[35m26824&amp#27;[0;39m &amp#27;[2m---&amp#27;[0;39m &amp#27;[2m[transferer] [       single-1]&amp#27;[0;39m &amp#27;[2m&amp#27;[0;39m&amp#27;[36mio.r2dbc.h2.client.SessionClient        &amp#27;[0;39m &amp#27;[2m:&amp#27;[0;39m Response: org.h2.result.LocalResult@4ad8fa5d columns: 1 rows: 1 pos: -1
&amp#27;[2m2025-08-17T16:47:03.258+01:00&amp#27;[0;39m &amp#27;[32mDEBUG&amp#27;[0;39m &amp#27;[35m26824&amp#27;[0;39m &amp#27;[2m---&amp#27;[0;39m &amp#27;[2m[transferer] [       single-1]&amp#27;[0;39m &amp#27;[2m&amp#27;[0;39m&amp#27;[36mio.r2dbc.h2.client.SessionClient        &amp#27;[0;39m &amp#27;[2m:&amp#27;[0;39m Request:  CALL H2VERSION()
&amp#27;[2m2025-08-17T16:47:03.258+01:00&amp#27;[0;39m &amp#27;[32mDEBUG&amp#27;[0;39m &amp#27;[35m26824&amp#27;[0;39m &amp#27;[2m---&amp#27;[0;39m &amp#27;[2m[transferer] [       single-1]&amp#27;[0;39m &amp#27;[2m&amp#27;[0;39m&amp#27;[36mio.r2dbc.h2.client.SessionClient        &amp#27;[0;39m &amp#27;[2m:&amp#27;[0;39m Response: org.h2.result.LocalResult@1cfb664f columns: 1 rows: 1 pos: -1
&amp#27;[2m2025-08-17T16:47:03.258+01:00&amp#27;[0;39m &amp#27;[32mDEBUG&amp#27;[0;39m &amp#27;[35m26824&amp#27;[0;39m &amp#27;[2m---&amp#27;[0;39m &amp#27;[2m[transferer] [       single-1]&amp#27;[0;39m &amp#27;[2m&amp#27;[0;39m&amp#27;[36mio.r2dbc.h2.client.SessionClient        &amp#27;[0;39m &amp#27;[2m:&amp#27;[0;39m Request:  CALL H2VERSION()
&amp#27;[2m2025-08-17T16:47:03.258+01:00&amp#27;[0;39m &amp#27;[32mDEBUG&amp#27;[0;39m &amp#27;[35m26824&amp#27;[0;39m &amp#27;[2m---&amp#27;[0;39m &amp#27;[2m[transferer] [       single-1]&amp#27;[0;39m &amp#27;[2m&amp#27;[0;39m&amp#27;[36mio.r2dbc.h2.client.SessionClient        &amp#27;[0;39m &amp#27;[2m:&amp#27;[0;39m Response: org.h2.result.LocalResult@4ae377cd columns: 1 rows: 1 pos: -1
&amp#27;[2m2025-08-17T16:47:03.258+01:00&amp#27;[0;39m &amp#27;[32mDEBUG&amp#27;[0;39m &amp#27;[35m26824&amp#27;[0;39m &amp#27;[2m---&amp#27;[0;39m &amp#27;[2m[transferer] [       single-1]&amp#27;[0;39m &amp#27;[2m&amp#27;[0;39m&amp#27;[36mio.r2dbc.h2.client.SessionClient        &amp#27;[0;39m &amp#27;[2m:&amp#27;[0;39m Request:  CALL H2VERSION()
&amp#27;[2m2025-08-17T16:47:03.258+01:00&amp#27;[0;39m &amp#27;[32mDEBUG&amp#27;[0;39m &amp#27;[35m26824&amp#27;[0;39m &amp#27;[2m---&amp#27;[0;39m &amp#27;[2m[transferer] [       single-1]&amp#27;[0;39m &amp#27;[2m&amp#27;[0;39m&amp#27;[36mio.r2dbc.h2.client.SessionClient        &amp#27;[0;39m &amp#27;[2m:&amp#27;[0;39m Response: org.h2.result.LocalResult@7e942bf9 columns: 1 rows: 1 pos: -1
&amp#27;[2m2025-08-17T16:47:03.258+01:00&amp#27;[0;39m &amp#27;[32mDEBUG&amp#27;[0;39m &amp#27;[35m26824&amp#27;[0;39m &amp#27;[2m---&amp#27;[0;39m &amp#27;[2m[transferer] [       single-1]&amp#27;[0;39m &amp#27;[2m&amp#27;[0;39m&amp#27;[36mio.r2dbc.h2.client.SessionClient        &amp#27;[0;39m &amp#27;[2m:&amp#27;[0;39m Request:  CALL H2VERSION()
&amp#27;[2m2025-08-17T16:47:03.258+01:00&amp#27;[0;39m &amp#27;[32mDEBUG&amp#27;[0;39m &amp#27;[35m26824&amp#27;[0;39m &amp#27;[2m---&amp#27;[0;39m &amp#27;[2m[transferer] [       Thread-3]&amp#27;[0;39m &amp#27;[2m&amp#27;[0;39m&amp#27;[36mio.r2dbc.h2.client.SessionClient        &amp#27;[0;39m &amp#27;[2m:&amp#27;[0;39m Request:  CREATE TABLE IF NOT EXISTS accounts ( id VARCHAR(255) PRIMARY KEY, account_number VARCHAR(20) UNIQUE NOT NULL, holder_name VARCHAR(255) NOT NULL, balance DECIMAL(19,2) NOT NULL DEFAULT 0.00, status VARCHAR(20) NOT NULL DEFAULT 'ACTIVE', created_at TIMESTAMP NOT NULL DEFAULT CURRENT_TIMESTAMP, updated_at TIMESTAMP NOT NULL DEFAULT CURRENT_TIMESTAMP )
&amp#27;[2m2025-08-17T16:47:03.258+01:00&amp#27;[0;39m &amp#27;[32mDEBUG&amp#27;[0;39m &amp#27;[35m26824&amp#27;[0;39m &amp#27;[2m---&amp#27;[0;39m &amp#27;[2m[transferer] [       single-1]&amp#27;[0;39m &amp#27;[2m&amp#27;[0;39m&amp#27;[36mio.r2dbc.h2.client.SessionClient        &amp#27;[0;39m &amp#27;[2m:&amp#27;[0;39m Response: org.h2.result.LocalResult@73132c64 columns: 1 rows: 1 pos: -1
&amp#27;[2m2025-08-17T16:47:03.258+01:00&amp#27;[0;39m &amp#27;[32mDEBUG&amp#27;[0;39m &amp#27;[35m26824&amp#27;[0;39m &amp#27;[2m---&amp#27;[0;39m &amp#27;[2m[transferer] [       Thread-3]&amp#27;[0;39m &amp#27;[2m&amp#27;[0;39m&amp#27;[36mo.s.r2dbc.connection.init.ScriptUtils   &amp#27;[0;39m &amp#27;[2m:&amp#27;[0;39m 0 returned as update count for SQL: CREATE TABLE IF NOT EXISTS accounts ( id VARCHAR(255) PRIMARY KEY, account_number VARCHAR(20) UNIQUE NOT NULL, holder_name VARCHAR(255) NOT NULL, balance DECIMAL(19,2) NOT NULL DEFAULT 0.00, status VARCHAR(20) NOT NULL DEFAULT 'ACTIVE', created_at TIMESTAMP NOT NULL DEFAULT CURRENT_TIMESTAMP, updated_at TIMESTAMP NOT NULL DEFAULT CURRENT_TIMESTAMP )
&amp#27;[2m2025-08-17T16:47:03.258+01:00&amp#27;[0;39m &amp#27;[32mDEBUG&amp#27;[0;39m &amp#27;[35m26824&amp#27;[0;39m &amp#27;[2m---&amp#27;[0;39m &amp#27;[2m[transferer] [       Thread-3]&amp#27;[0;39m &amp#27;[2m&amp#27;[0;39m&amp#27;[36mio.r2dbc.h2.client.SessionClient        &amp#27;[0;39m &amp#27;[2m:&amp#27;[0;39m Request:  CREATE INDEX IF NOT EXISTS idx_accounts_account_number ON accounts (account_number)
&amp#27;[2m2025-08-17T16:47:03.258+01:00&amp#27;[0;39m &amp#27;[32mDEBUG&amp#27;[0;39m &amp#27;[35m26824&amp#27;[0;39m &amp#27;[2m---&amp#27;[0;39m &amp#27;[2m[transferer] [       Thread-3]&amp#27;[0;39m &amp#27;[2m&amp#27;[0;39m&amp#27;[36mo.s.r2dbc.connection.init.ScriptUtils   &amp#27;[0;39m &amp#27;[2m:&amp#27;[0;39m 0 returned as update count for SQL: CREATE INDEX IF NOT EXISTS idx_accounts_account_number ON accounts (account_number)
&amp#27;[2m2025-08-17T16:47:03.258+01:00&amp#27;[0;39m &amp#27;[32mDEBUG&amp#27;[0;39m &amp#27;[35m26824&amp#27;[0;39m &amp#27;[2m---&amp#27;[0;39m &amp#27;[2m[transferer] [       single-1]&amp#27;[0;39m &amp#27;[2m&amp#27;[0;39m&amp#27;[36mio.r2dbc.h2.client.SessionClient        &amp#27;[0;39m &amp#27;[2m:&amp#27;[0;39m Request:  CALL H2VERSION()
&amp#27;[2m2025-08-17T16:47:03.258+01:00&amp#27;[0;39m &amp#27;[32mDEBUG&amp#27;[0;39m &amp#27;[35m26824&amp#27;[0;39m &amp#27;[2m---&amp#27;[0;39m &amp#27;[2m[transferer] [       Thread-3]&amp#27;[0;39m &amp#27;[2m&amp#27;[0;39m&amp#27;[36mio.r2dbc.h2.client.SessionClient        &amp#27;[0;39m &amp#27;[2m:&amp#27;[0;39m Request:  CREATE INDEX IF NOT EXISTS idx_accounts_status ON accounts (status)
&amp#27;[2m2025-08-17T16:47:03.258+01:00&amp#27;[0;39m &amp#27;[32mDEBUG&amp#27;[0;39m &amp#27;[35m26824&amp#27;[0;39m &amp#27;[2m---&amp#27;[0;39m &amp#27;[2m[transferer] [       single-1]&amp#27;[0;39m &amp#27;[2m&amp#27;[0;39m&amp#27;[36mio.r2dbc.h2.client.SessionClient        &amp#27;[0;39m &amp#27;[2m:&amp#27;[0;39m Response: org.h2.result.LocalResult@341df557 columns: 1 rows: 1 pos: -1
&amp#27;[2m2025-08-17T16:47:03.259+01:00&amp#27;[0;39m &amp#27;[32mDEBUG&amp#27;[0;39m &amp#27;[35m26824&amp#27;[0;39m &amp#27;[2m---&amp#27;[0;39m &amp#27;[2m[transferer] [       Thread-3]&amp#27;[0;39m &amp#27;[2m&amp#27;[0;39m&amp#27;[36mo.s.r2dbc.connection.init.ScriptUtils   &amp#27;[0;39m &amp#27;[2m:&amp#27;[0;39m 0 returned as update count for SQL: CREATE INDEX IF NOT EXISTS idx_accounts_status ON accounts (status)
&amp#27;[2m2025-08-17T16:47:03.259+01:00&amp#27;[0;39m &amp#27;[32mDEBUG&amp#27;[0;39m &amp#27;[35m26824&amp#27;[0;39m &amp#27;[2m---&amp#27;[0;39m &amp#27;[2m[transferer] [       Thread-3]&amp#27;[0;39m &amp#27;[2m&amp#27;[0;39m&amp#27;[36mio.r2dbc.h2.client.SessionClient        &amp#27;[0;39m &amp#27;[2m:&amp#27;[0;39m Request:  CREATE TABLE IF NOT EXISTS transactions ( id VARCHAR(255) PRIMARY KEY, sender_account_id VARCHAR(255) NOT NULL, recipient_account_id VARCHAR(255) NOT NULL, amount DECIMAL(19,2) NOT NULL, status VARCHAR(20) NOT NULL DEFAULT 'PENDING', description TEXT, created_at TIMESTAMP NOT NULL DEFAULT CURRENT_TIMESTAMP, updated_at TIMESTAMP NOT NULL DEFAULT CURRENT_TIMESTAMP, completed_at TIMESTAMP NULL, CONSTRAINT fk_transactions_sender FOREIGN KEY (sender_account_id) REFERENCES accounts(id), CONSTRAINT fk_transactions_recipient FOREIGN KEY (recipient_account_id) REFERENCES accounts(id), CONSTRAINT chk_transactions_amount_positive CHECK (amount > 0), CONSTRAINT chk_transactions_different_accounts CHECK (sender_account_id != recipient_account_id) )
&amp#27;[2m2025-08-17T16:47:03.259+01:00&amp#27;[0;39m &amp#27;[32mDEBUG&amp#27;[0;39m &amp#27;[35m26824&amp#27;[0;39m &amp#27;[2m---&amp#27;[0;39m &amp#27;[2m[transferer] [       single-1]&amp#27;[0;39m &amp#27;[2m&amp#27;[0;39m&amp#27;[36mio.r2dbc.h2.client.SessionClient        &amp#27;[0;39m &amp#27;[2m:&amp#27;[0;39m Request:  CALL H2VERSION()
&amp#27;[2m2025-08-17T16:47:03.259+01:00&amp#27;[0;39m &amp#27;[32mDEBUG&amp#27;[0;39m &amp#27;[35m26824&amp#27;[0;39m &amp#27;[2m---&amp#27;[0;39m &amp#27;[2m[transferer] [       single-1]&amp#27;[0;39m &amp#27;[2m&amp#27;[0;39m&amp#27;[36mio.r2dbc.h2.client.SessionClient        &amp#27;[0;39m &amp#27;[2m:&amp#27;[0;39m Response: org.h2.result.LocalResult@6511a106 columns: 1 rows: 1 pos: -1
&amp#27;[2m2025-08-17T16:47:03.259+01:00&amp#27;[0;39m &amp#27;[32mDEBUG&amp#27;[0;39m &amp#27;[35m26824&amp#27;[0;39m &amp#27;[2m---&amp#27;[0;39m &amp#27;[2m[transferer] [       Thread-3]&amp#27;[0;39m &amp#27;[2m&amp#27;[0;39m&amp#27;[36mo.s.r2dbc.connection.init.ScriptUtils   &amp#27;[0;39m &amp#27;[2m:&amp#27;[0;39m 0 returned as update count for SQL: CREATE TABLE IF NOT EXISTS transactions ( id VARCHAR(255) PRIMARY KEY, sender_account_id VARCHAR(255) NOT NULL, recipient_account_id VARCHAR(255) NOT NULL, amount DECIMAL(19,2) NOT NULL, status VARCHAR(20) NOT NULL DEFAULT 'PENDING', description TEXT, created_at TIMESTAMP NOT NULL DEFAULT CURRENT_TIMESTAMP, updated_at TIMESTAMP NOT NULL DEFAULT CURRENT_TIMESTAMP, completed_at TIMESTAMP NULL, CONSTRAINT fk_transactions_sender FOREIGN KEY (sender_account_id) REFERENCES accounts(id), CONSTRAINT fk_transactions_recipient FOREIGN KEY (recipient_account_id) REFERENCES accounts(id), CONSTRAINT chk_transactions_amount_positive CHECK (amount > 0), CONSTRAINT chk_transactions_different_accounts CHECK (sender_account_id != recipient_account_id) )
&amp#27;[2m2025-08-17T16:47:03.259+01:00&amp#27;[0;39m &amp#27;[32mDEBUG&amp#27;[0;39m &amp#27;[35m26824&amp#27;[0;39m &amp#27;[2m---&amp#27;[0;39m &amp#27;[2m[transferer] [       Thread-3]&amp#27;[0;39m &amp#27;[2m&amp#27;[0;39m&amp#27;[36mio.r2dbc.h2.client.SessionClient        &amp#27;[0;39m &amp#27;[2m:&amp#27;[0;39m Request:  CREATE INDEX IF NOT EXISTS idx_transactions_sender_account_id ON transactions (sender_account_id)
&amp#27;[2m2025-08-17T16:47:03.259+01:00&amp#27;[0;39m &amp#27;[32mDEBUG&amp#27;[0;39m &amp#27;[35m26824&amp#27;[0;39m &amp#27;[2m---&amp#27;[0;39m &amp#27;[2m[transferer] [       Thread-3]&amp#27;[0;39m &amp#27;[2m&amp#27;[0;39m&amp#27;[36mo.s.r2dbc.connection.init.ScriptUtils   &amp#27;[0;39m &amp#27;[2m:&amp#27;[0;39m 0 returned as update count for SQL: CREATE INDEX IF NOT EXISTS idx_transactions_sender_account_id ON transactions (sender_account_id)
&amp#27;[2m2025-08-17T16:47:03.259+01:00&amp#27;[0;39m &amp#27;[32mDEBUG&amp#27;[0;39m &amp#27;[35m26824&amp#27;[0;39m &amp#27;[2m---&amp#27;[0;39m &amp#27;[2m[transferer] [       single-1]&amp#27;[0;39m &amp#27;[2m&amp#27;[0;39m&amp#27;[36mio.r2dbc.h2.client.SessionClient        &amp#27;[0;39m &amp#27;[2m:&amp#27;[0;39m Request:  CALL H2VERSION()
&amp#27;[2m2025-08-17T16:47:03.259+01:00&amp#27;[0;39m &amp#27;[32mDEBUG&amp#27;[0;39m &amp#27;[35m26824&amp#27;[0;39m &amp#27;[2m---&amp#27;[0;39m &amp#27;[2m[transferer] [       Thread-3]&amp#27;[0;39m &amp#27;[2m&amp#27;[0;39m&amp#27;[36mio.r2dbc.h2.client.SessionClient        &amp#27;[0;39m &amp#27;[2m:&amp#27;[0;39m Request:  CREATE INDEX IF NOT EXISTS idx_transactions_recipient_account_id ON transactions (recipient_account_id)
&amp#27;[2m2025-08-17T16:47:03.259+01:00&amp#27;[0;39m &amp#27;[32mDEBUG&amp#27;[0;39m &amp#27;[35m26824&amp#27;[0;39m &amp#27;[2m---&amp#27;[0;39m &amp#27;[2m[transferer] [       single-1]&amp#27;[0;39m &amp#27;[2m&amp#27;[0;39m&amp#27;[36mio.r2dbc.h2.client.SessionClient        &amp#27;[0;39m &amp#27;[2m:&amp#27;[0;39m Response: org.h2.result.LocalResult@3a8595be columns: 1 rows: 1 pos: -1
&amp#27;[2m2025-08-17T16:47:03.259+01:00&amp#27;[0;39m &amp#27;[32mDEBUG&amp#27;[0;39m &amp#27;[35m26824&amp#27;[0;39m &amp#27;[2m---&amp#27;[0;39m &amp#27;[2m[transferer] [       Thread-3]&amp#27;[0;39m &amp#27;[2m&amp#27;[0;39m&amp#27;[36mo.s.r2dbc.connection.init.ScriptUtils   &amp#27;[0;39m &amp#27;[2m:&amp#27;[0;39m 0 returned as update count for SQL: CREATE INDEX IF NOT EXISTS idx_transactions_recipient_account_id ON transactions (recipient_account_id)
&amp#27;[2m2025-08-17T16:47:03.259+01:00&amp#27;[0;39m &amp#27;[32mDEBUG&amp#27;[0;39m &amp#27;[35m26824&amp#27;[0;39m &amp#27;[2m---&amp#27;[0;39m &amp#27;[2m[transferer] [       Thread-3]&amp#27;[0;39m &amp#27;[2m&amp#27;[0;39m&amp#27;[36mio.r2dbc.h2.client.SessionClient        &amp#27;[0;39m &amp#27;[2m:&amp#27;[0;39m Request:  CREATE INDEX IF NOT EXISTS idx_transactions_status ON transactions (status)
&amp#27;[2m2025-08-17T16:47:03.259+01:00&amp#27;[0;39m &amp#27;[32mDEBUG&amp#27;[0;39m &amp#27;[35m26824&amp#27;[0;39m &amp#27;[2m---&amp#27;[0;39m &amp#27;[2m[transferer] [       Thread-3]&amp#27;[0;39m &amp#27;[2m&amp#27;[0;39m&amp#27;[36mo.s.r2dbc.connection.init.ScriptUtils   &amp#27;[0;39m &amp#27;[2m:&amp#27;[0;39m 0 returned as update count for SQL: CREATE INDEX IF NOT EXISTS idx_transactions_status ON transactions (status)
&amp#27;[2m2025-08-17T16:47:03.259+01:00&amp#27;[0;39m &amp#27;[32mDEBUG&amp#27;[0;39m &amp#27;[35m26824&amp#27;[0;39m &amp#27;[2m---&amp#27;[0;39m &amp#27;[2m[transferer] [       Thread-3]&amp#27;[0;39m &amp#27;[2m&amp#27;[0;39m&amp#27;[36mio.r2dbc.h2.client.SessionClient        &amp#27;[0;39m &amp#27;[2m:&amp#27;[0;39m Request:  CREATE INDEX IF NOT EXISTS idx_transactions_created_at ON transactions (created_at)
&amp#27;[2m2025-08-17T16:47:03.259+01:00&amp#27;[0;39m &amp#27;[32mDEBUG&amp#27;[0;39m &amp#27;[35m26824&amp#27;[0;39m &amp#27;[2m---&amp#27;[0;39m &amp#27;[2m[transferer] [       Thread-3]&amp#27;[0;39m &amp#27;[2m&amp#27;[0;39m&amp#27;[36mo.s.r2dbc.connection.init.ScriptUtils   &amp#27;[0;39m &amp#27;[2m:&amp#27;[0;39m 0 returned as update count for SQL: CREATE INDEX IF NOT EXISTS idx_transactions_created_at ON transactions (created_at)
&amp#27;[2m2025-08-17T16:47:03.259+01:00&amp#27;[0;39m &amp#27;[32mDEBUG&amp#27;[0;39m &amp#27;[35m26824&amp#27;[0;39m &amp#27;[2m---&amp#27;[0;39m &amp#27;[2m[transferer] [       Thread-3]&amp#27;[0;39m &amp#27;[2m&amp#27;[0;39m&amp#27;[36mio.r2dbc.h2.client.SessionClient        &amp#27;[0;39m &amp#27;[2m:&amp#27;[0;39m Request:  CREATE TABLE IF NOT EXISTS payments ( id VARCHAR(255) PRIMARY KEY, transaction_id VARCHAR(255), sender_account_id VARCHAR(255) NOT NULL, recipient_account_id VARCHAR(255) NOT NULL, amount DECIMAL(19,2) NOT NULL, description TEXT, status VARCHAR(20) NOT NULL DEFAULT 'PENDING', current_step VARCHAR(50) NOT NULL DEFAULT 'INITIATED', failure_reason TEXT, created_at TIMESTAMP NOT NULL DEFAULT CURRENT_TIMESTAMP, updated_at TIMESTAMP NOT NULL DEFAULT CURRENT_TIMESTAMP, completed_at TIMESTAMP NULL, CONSTRAINT fk_payments_transaction FOREIGN KEY (transaction_id) REFERENCES transactions(id), CONSTRAINT fk_payments_sender FOREIGN KEY (sender_account_id) REFERENCES accounts(id), CONSTRAINT fk_payments_recipient FOREIGN KEY (recipient_account_id) REFERENCES accounts(id), CONSTRAINT chk_payments_amount_positive CHECK (amount > 0), CONSTRAINT chk_payments_different_accounts CHECK (sender_account_id != recipient_account_id) )
&amp#27;[2m2025-08-17T16:47:03.259+01:00&amp#27;[0;39m &amp#27;[32mDEBUG&amp#27;[0;39m &amp#27;[35m26824&amp#27;[0;39m &amp#27;[2m---&amp#27;[0;39m &amp#27;[2m[transferer] [       Thread-3]&amp#27;[0;39m &amp#27;[2m&amp#27;[0;39m&amp#27;[36mo.s.r2dbc.connection.init.ScriptUtils   &amp#27;[0;39m &amp#27;[2m:&amp#27;[0;39m 0 returned as update count for SQL: CREATE TABLE IF NOT EXISTS payments ( id VARCHAR(255) PRIMARY KEY, transaction_id VARCHAR(255), sender_account_id VARCHAR(255) NOT NULL, recipient_account_id VARCHAR(255) NOT NULL, amount DECIMAL(19,2) NOT NULL, description TEXT, status VARCHAR(20) NOT NULL DEFAULT 'PENDING', current_step VARCHAR(50) NOT NULL DEFAULT 'INITIATED', failure_reason TEXT, created_at TIMESTAMP NOT NULL DEFAULT CURRENT_TIMESTAMP, updated_at TIMESTAMP NOT NULL DEFAULT CURRENT_TIMESTAMP, completed_at TIMESTAMP NULL, CONSTRAINT fk_payments_transaction FOREIGN KEY (transaction_id) REFERENCES transactions(id), CONSTRAINT fk_payments_sender FOREIGN KEY (sender_account_id) REFERENCES accounts(id), CONSTRAINT fk_payments_recipient FOREIGN KEY (recipient_account_id) REFERENCES accounts(id), CONSTRAINT chk_payments_amount_positive CHECK (amount > 0), CONSTRAINT chk_payments_different_accounts CHECK (sender_account_id != recipient_account_id) )
&amp#27;[2m2025-08-17T16:47:03.259+01:00&amp#27;[0;39m &amp#27;[32mDEBUG&amp#27;[0;39m &amp#27;[35m26824&amp#27;[0;39m &amp#27;[2m---&amp#27;[0;39m &amp#27;[2m[transferer] [       Thread-3]&amp#27;[0;39m &amp#27;[2m&amp#27;[0;39m&amp#27;[36mio.r2dbc.h2.client.SessionClient        &amp#27;[0;39m &amp#27;[2m:&amp#27;[0;39m Request:  CREATE INDEX IF NOT EXISTS idx_payments_transaction_id ON payments (transaction_id)
&amp#27;[2m2025-08-17T16:47:03.259+01:00&amp#27;[0;39m &amp#27;[32mDEBUG&amp#27;[0;39m &amp#27;[35m26824&amp#27;[0;39m &amp#27;[2m---&amp#27;[0;39m &amp#27;[2m[transferer] [       Thread-3]&amp#27;[0;39m &amp#27;[2m&amp#27;[0;39m&amp#27;[36mo.s.r2dbc.connection.init.ScriptUtils   &amp#27;[0;39m &amp#27;[2m:&amp#27;[0;39m 0 returned as update count for SQL: CREATE INDEX IF NOT EXISTS idx_payments_transaction_id ON payments (transaction_id)
&amp#27;[2m2025-08-17T16:47:03.259+01:00&amp#27;[0;39m &amp#27;[32mDEBUG&amp#27;[0;39m &amp#27;[35m26824&amp#27;[0;39m &amp#27;[2m---&amp#27;[0;39m &amp#27;[2m[transferer] [       Thread-3]&amp#27;[0;39m &amp#27;[2m&amp#27;[0;39m&amp#27;[36mio.r2dbc.h2.client.SessionClient        &amp#27;[0;39m &amp#27;[2m:&amp#27;[0;39m Request:  CREATE INDEX IF NOT EXISTS idx_payments_sender_account_id ON payments (sender_account_id)
&amp#27;[2m2025-08-17T16:47:03.259+01:00&amp#27;[0;39m &amp#27;[32mDEBUG&amp#27;[0;39m &amp#27;[35m26824&amp#27;[0;39m &amp#27;[2m---&amp#27;[0;39m &amp#27;[2m[transferer] [       Thread-3]&amp#27;[0;39m &amp#27;[2m&amp#27;[0;39m&amp#27;[36mo.s.r2dbc.connection.init.ScriptUtils   &amp#27;[0;39m &amp#27;[2m:&amp#27;[0;39m 0 returned as update count for SQL: CREATE INDEX IF NOT EXISTS idx_payments_sender_account_id ON payments (sender_account_id)
&amp#27;[2m2025-08-17T16:47:03.259+01:00&amp#27;[0;39m &amp#27;[32mDEBUG&amp#27;[0;39m &amp#27;[35m26824&amp#27;[0;39m &amp#27;[2m---&amp#27;[0;39m &amp#27;[2m[transferer] [       Thread-3]&amp#27;[0;39m &amp#27;[2m&amp#27;[0;39m&amp#27;[36mio.r2dbc.h2.client.SessionClient        &amp#27;[0;39m &amp#27;[2m:&amp#27;[0;39m Request:  CREATE INDEX IF NOT EXISTS idx_payments_recipient_account_id ON payments (recipient_account_id)
&amp#27;[2m2025-08-17T16:47:03.259+01:00&amp#27;[0;39m &amp#27;[32mDEBUG&amp#27;[0;39m &amp#27;[35m26824&amp#27;[0;39m &amp#27;[2m---&amp#27;[0;39m &amp#27;[2m[transferer] [       Thread-3]&amp#27;[0;39m &amp#27;[2m&amp#27;[0;39m&amp#27;[36mo.s.r2dbc.connection.init.ScriptUtils   &amp#27;[0;39m &amp#27;[2m:&amp#27;[0;39m 0 returned as update count for SQL: CREATE INDEX IF NOT EXISTS idx_payments_recipient_account_id ON payments (recipient_account_id)
&amp#27;[2m2025-08-17T16:47:03.259+01:00&amp#27;[0;39m &amp#27;[32mDEBUG&amp#27;[0;39m &amp#27;[35m26824&amp#27;[0;39m &amp#27;[2m---&amp#27;[0;39m &amp#27;[2m[transferer] [       Thread-3]&amp#27;[0;39m &amp#27;[2m&amp#27;[0;39m&amp#27;[36mio.r2dbc.h2.client.SessionClient        &amp#27;[0;39m &amp#27;[2m:&amp#27;[0;39m Request:  CREATE INDEX IF NOT EXISTS idx_payments_status ON payments (status)
&amp#27;[2m2025-08-17T16:47:03.259+01:00&amp#27;[0;39m &amp#27;[32mDEBUG&amp#27;[0;39m &amp#27;[35m26824&amp#27;[0;39m &amp#27;[2m---&amp#27;[0;39m &amp#27;[2m[transferer] [       Thread-3]&amp#27;[0;39m &amp#27;[2m&amp#27;[0;39m&amp#27;[36mo.s.r2dbc.connection.init.ScriptUtils   &amp#27;[0;39m &amp#27;[2m:&amp#27;[0;39m 0 returned as update count for SQL: CREATE INDEX IF NOT EXISTS idx_payments_status ON payments (status)
&amp#27;[2m2025-08-17T16:47:03.259+01:00&amp#27;[0;39m &amp#27;[32mDEBUG&amp#27;[0;39m &amp#27;[35m26824&amp#27;[0;39m &amp#27;[2m---&amp#27;[0;39m &amp#27;[2m[transferer] [       Thread-3]&amp#27;[0;39m &amp#27;[2m&amp#27;[0;39m&amp#27;[36mio.r2dbc.h2.client.SessionClient        &amp#27;[0;39m &amp#27;[2m:&amp#27;[0;39m Request:  CREATE INDEX IF NOT EXISTS idx_payments_current_step ON payments (current_step)
&amp#27;[2m2025-08-17T16:47:03.259+01:00&amp#27;[0;39m &amp#27;[32mDEBUG&amp#27;[0;39m &amp#27;[35m26824&amp#27;[0;39m &amp#27;[2m---&amp#27;[0;39m &amp#27;[2m[transferer] [       Thread-3]&amp#27;[0;39m &amp#27;[2m&amp#27;[0;39m&amp#27;[36mo.s.r2dbc.connection.init.ScriptUtils   &amp#27;[0;39m &amp#27;[2m:&amp#27;[0;39m 0 returned as update count for SQL: CREATE INDEX IF NOT EXISTS idx_payments_current_step ON payments (current_step)
&amp#27;[2m2025-08-17T16:47:03.260+01:00&amp#27;[0;39m &amp#27;[32mDEBUG&amp#27;[0;39m &amp#27;[35m26824&amp#27;[0;39m &amp#27;[2m---&amp#27;[0;39m &amp#27;[2m[transferer] [       Thread-3]&amp#27;[0;39m &amp#27;[2m&amp#27;[0;39m&amp#27;[36mio.r2dbc.h2.client.SessionClient        &amp#27;[0;39m &amp#27;[2m:&amp#27;[0;39m Request:  CREATE INDEX IF NOT EXISTS idx_payments_created_at ON payments (created_at)
&amp#27;[2m2025-08-17T16:47:03.260+01:00&amp#27;[0;39m &amp#27;[32mDEBUG&amp#27;[0;39m &amp#27;[35m26824&amp#27;[0;39m &amp#27;[2m---&amp#27;[0;39m &amp#27;[2m[transferer] [       Thread-3]&amp#27;[0;39m &amp#27;[2m&amp#27;[0;39m&amp#27;[36mo.s.r2dbc.connection.init.ScriptUtils   &amp#27;[0;39m &amp#27;[2m:&amp#27;[0;39m 0 returned as update count for SQL: CREATE INDEX IF NOT EXISTS idx_payments_created_at ON payments (created_at)
&amp#27;[2m2025-08-17T16:47:03.260+01:00&amp#27;[0;39m &amp#27;[32mDEBUG&amp#27;[0;39m &amp#27;[35m26824&amp#27;[0;39m &amp#27;[2m---&amp#27;[0;39m &amp#27;[2m[transferer] [       Thread-3]&amp#27;[0;39m &amp#27;[2m&amp#27;[0;39m&amp#27;[36mio.r2dbc.h2.client.SessionClient        &amp#27;[0;39m &amp#27;[2m:&amp#27;[0;39m Request:  CREATE TABLE IF NOT EXISTS outbox_events ( id BIGINT AUTO_INCREMENT PRIMARY KEY, event_id VARCHAR(255) UNIQUE NOT NULL, event_type VARCHAR(255) NOT NULL, aggregate_id VARCHAR(255) NOT NULL, event_data CLOB NOT NULL, occurred_at TIMESTAMP NOT NULL, processed_at TIMESTAMP NULL, created_at TIMESTAMP NOT NULL DEFAULT CURRENT_TIMESTAMP )
&amp#27;[2m2025-08-17T16:47:03.260+01:00&amp#27;[0;39m &amp#27;[32mDEBUG&amp#27;[0;39m &amp#27;[35m26824&amp#27;[0;39m &amp#27;[2m---&amp#27;[0;39m &amp#27;[2m[transferer] [       Thread-3]&amp#27;[0;39m &amp#27;[2m&amp#27;[0;39m&amp#27;[36mo.s.r2dbc.connection.init.ScriptUtils   &amp#27;[0;39m &amp#27;[2m:&amp#27;[0;39m 0 returned as update count for SQL: CREATE TABLE IF NOT EXISTS outbox_events ( id BIGINT AUTO_INCREMENT PRIMARY KEY, event_id VARCHAR(255) UNIQUE NOT NULL, event_type VARCHAR(255) NOT NULL, aggregate_id VARCHAR(255) NOT NULL, event_data CLOB NOT NULL, occurred_at TIMESTAMP NOT NULL, processed_at TIMESTAMP NULL, created_at TIMESTAMP NOT NULL DEFAULT CURRENT_TIMESTAMP )
&amp#27;[2m2025-08-17T16:47:03.260+01:00&amp#27;[0;39m &amp#27;[32mDEBUG&amp#27;[0;39m &amp#27;[35m26824&amp#27;[0;39m &amp#27;[2m---&amp#27;[0;39m &amp#27;[2m[transferer] [       Thread-3]&amp#27;[0;39m &amp#27;[2m&amp#27;[0;39m&amp#27;[36mio.r2dbc.h2.client.SessionClient        &amp#27;[0;39m &amp#27;[2m:&amp#27;[0;39m Request:  CREATE INDEX IF NOT EXISTS idx_outbox_events_processed_at ON outbox_events (processed_at)
&amp#27;[2m2025-08-17T16:47:03.260+01:00&amp#27;[0;39m &amp#27;[32mDEBUG&amp#27;[0;39m &amp#27;[35m26824&amp#27;[0;39m &amp#27;[2m---&amp#27;[0;39m &amp#27;[2m[transferer] [       Thread-3]&amp#27;[0;39m &amp#27;[2m&amp#27;[0;39m&amp#27;[36mo.s.r2dbc.connection.init.ScriptUtils   &amp#27;[0;39m &amp#27;[2m:&amp#27;[0;39m 0 returned as update count for SQL: CREATE INDEX IF NOT EXISTS idx_outbox_events_processed_at ON outbox_events (processed_at)
&amp#27;[2m2025-08-17T16:47:03.260+01:00&amp#27;[0;39m &amp#27;[32mDEBUG&amp#27;[0;39m &amp#27;[35m26824&amp#27;[0;39m &amp#27;[2m---&amp#27;[0;39m &amp#27;[2m[transferer] [       Thread-3]&amp#27;[0;39m &amp#27;[2m&amp#27;[0;39m&amp#27;[36mio.r2dbc.h2.client.SessionClient        &amp#27;[0;39m &amp#27;[2m:&amp#27;[0;39m Request:  CREATE INDEX IF NOT EXISTS idx_outbox_events_event_type ON outbox_events (event_type)
&amp#27;[2m2025-08-17T16:47:03.260+01:00&amp#27;[0;39m &amp#27;[32mDEBUG&amp#27;[0;39m &amp#27;[35m26824&amp#27;[0;39m &amp#27;[2m---&amp#27;[0;39m &amp#27;[2m[transferer] [       Thread-3]&amp#27;[0;39m &amp#27;[2m&amp#27;[0;39m&amp#27;[36mo.s.r2dbc.connection.init.ScriptUtils   &amp#27;[0;39m &amp#27;[2m:&amp#27;[0;39m 0 returned as update count for SQL: CREATE INDEX IF NOT EXISTS idx_outbox_events_event_type ON outbox_events (event_type)
&amp#27;[2m2025-08-17T16:47:03.260+01:00&amp#27;[0;39m &amp#27;[32mDEBUG&amp#27;[0;39m &amp#27;[35m26824&amp#27;[0;39m &amp#27;[2m---&amp#27;[0;39m &amp#27;[2m[transferer] [       Thread-3]&amp#27;[0;39m &amp#27;[2m&amp#27;[0;39m&amp#27;[36mio.r2dbc.h2.client.SessionClient        &amp#27;[0;39m &amp#27;[2m:&amp#27;[0;39m Request:  CREATE INDEX IF NOT EXISTS idx_outbox_events_occurred_at ON outbox_events (occurred_at)
&amp#27;[2m2025-08-17T16:47:03.260+01:00&amp#27;[0;39m &amp#27;[32mDEBUG&amp#27;[0;39m &amp#27;[35m26824&amp#27;[0;39m &amp#27;[2m---&amp#27;[0;39m &amp#27;[2m[transferer] [       Thread-3]&amp#27;[0;39m &amp#27;[2m&amp#27;[0;39m&amp#27;[36mo.s.r2dbc.connection.init.ScriptUtils   &amp#27;[0;39m &amp#27;[2m:&amp#27;[0;39m 0 returned as update count for SQL: CREATE INDEX IF NOT EXISTS idx_outbox_events_occurred_at ON outbox_events (occurred_at)
&amp#27;[2m2025-08-17T16:47:03.260+01:00&amp#27;[0;39m &amp#27;[32mDEBUG&amp#27;[0;39m &amp#27;[35m26824&amp#27;[0;39m &amp#27;[2m---&amp#27;[0;39m &amp#27;[2m[transferer] [       Thread-3]&amp#27;[0;39m &amp#27;[2m&amp#27;[0;39m&amp#27;[36mo.s.r2dbc.connection.init.ScriptUtils   &amp#27;[0;39m &amp#27;[2m:&amp#27;[0;39m Executed SQL script from class path resource [test-schema.sql] in 3 ms.
&amp#27;[2m2025-08-17T16:47:03.260+01:00&amp#27;[0;39m &amp#27;[32mDEBUG&amp#27;[0;39m &amp#27;[35m26824&amp#27;[0;39m &amp#27;[2m---&amp#27;[0;39m &amp#27;[2m[transferer] [       Thread-3]&amp#27;[0;39m &amp#27;[2m&amp#27;[0;39m&amp#27;[36mio.r2dbc.h2.client.SessionClient        &amp#27;[0;39m &amp#27;[2m:&amp#27;[0;39m Request:  SELECT CURRENT_TIMESTAMP
&amp#27;[2m2025-08-17T16:47:03.260+01:00&amp#27;[0;39m &amp#27;[32mDEBUG&amp#27;[0;39m &amp#27;[35m26824&amp#27;[0;39m &amp#27;[2m---&amp#27;[0;39m &amp#27;[2m[transferer] [       Thread-3]&amp#27;[0;39m &amp#27;[2m&amp#27;[0;39m&amp#27;[36mio.r2dbc.h2.client.SessionClient        &amp#27;[0;39m &amp#27;[2m:&amp#27;[0;39m Response: org.h2.result.LocalResult@56ab64cf columns: 1 rows: 1 pos: -1
&amp#27;[2m2025-08-17T16:47:03.261+01:00&amp#27;[0;39m &amp#27;[32m INFO&amp#27;[0;39m &amp#27;[35m26824&amp#27;[0;39m &amp#27;[2m---&amp#27;[0;39m &amp#27;[2m[transferer] [           main]&amp#27;[0;39m &amp#27;[2m&amp#27;[0;39m&amp#27;[36mc.t.p.PaymentSagaDbIntegrationTest      &amp#27;[0;39m &amp#27;[2m:&amp#27;[0;39m Started PaymentSagaDbIntegrationTest in 0.059 seconds (process running for 2.098)
&amp#27;[2m2025-08-17T16:47:03.262+01:00&amp#27;[0;39m &amp#27;[32mDEBUG&amp#27;[0;39m &amp#27;[35m26824&amp#27;[0;39m &amp#27;[2m---&amp#27;[0;39m &amp#27;[2m[transferer] [           main]&amp#27;[0;39m &amp#27;[2m&amp#27;[0;39m&amp#27;[36mo.s.r.c.R2dbcTransactionManager         &amp#27;[0;39m &amp#27;[2m:&amp#27;[0;39m Creating new transaction with name [com.transferer.account.application.AccountService.openAccount]: PROPAGATION_REQUIRED,ISOLATION_DEFAULT
&amp#27;[2m2025-08-17T16:47:03.262+01:00&amp#27;[0;39m &amp#27;[32mDEBUG&amp#27;[0;39m &amp#27;[35m26824&amp#27;[0;39m &amp#27;[2m---&amp#27;[0;39m &amp#27;[2m[transferer] [           main]&amp#27;[0;39m &amp#27;[2m&amp#27;[0;39m&amp#27;[36mio.r2dbc.h2.client.SessionClient        &amp#27;[0;39m &amp#27;[2m:&amp#27;[0;39m Request:  SELECT 1
&amp#27;[2m2025-08-17T16:47:03.262+01:00&amp#27;[0;39m &amp#27;[32mDEBUG&amp#27;[0;39m &amp#27;[35m26824&amp#27;[0;39m &amp#27;[2m---&amp#27;[0;39m &amp#27;[2m[transferer] [           main]&amp#27;[0;39m &amp#27;[2m&amp#27;[0;39m&amp#27;[36mio.r2dbc.h2.client.SessionClient        &amp#27;[0;39m &amp#27;[2m:&amp#27;[0;39m Response: org.h2.result.LocalResult@4efed0e0 columns: 1 rows: 1 pos: -1
&amp#27;[2m2025-08-17T16:47:03.262+01:00&amp#27;[0;39m &amp#27;[32mDEBUG&amp#27;[0;39m &amp#27;[35m26824&amp#27;[0;39m &amp#27;[2m---&amp#27;[0;39m &amp#27;[2m[transferer] [           main]&amp#27;[0;39m &amp#27;[2m&amp#27;[0;39m&amp#27;[36mo.s.r.c.R2dbcTransactionManager         &amp#27;[0;39m &amp#27;[2m:&amp#27;[0;39m Acquired Connection [PooledConnection[io.r2dbc.h2.H2Connection@4ac0ed65]] for R2DBC transaction
&amp#27;[2m2025-08-17T16:47:03.262+01:00&amp#27;[0;39m &amp#27;[32mDEBUG&amp#27;[0;39m &amp#27;[35m26824&amp#27;[0;39m &amp#27;[2m---&amp#27;[0;39m &amp#27;[2m[transferer] [           main]&amp#27;[0;39m &amp#27;[2m&amp#27;[0;39m&amp#27;[36mo.s.r.c.R2dbcTransactionManager         &amp#27;[0;39m &amp#27;[2m:&amp#27;[0;39m Starting R2DBC transaction on Connection [PooledConnection[io.r2dbc.h2.H2Connection@4ac0ed65]] using [ExtendedTransactionDefinition [transactionName='com.transferer.account.application.AccountService.openAccount', readOnly=false, isolationLevel=null, lockWaitTimeout=PT0S]]
&amp#27;[2m2025-08-17T16:47:03.262+01:00&amp#27;[0;39m &amp#27;[33m WARN&amp#27;[0;39m &amp#27;[35m26824&amp#27;[0;39m &amp#27;[2m---&amp#27;[0;39m &amp#27;[2m[transferer] [           main]&amp#27;[0;39m &amp#27;[2m&amp#27;[0;39m&amp#27;[36mio.r2dbc.h2.H2Connection                &amp#27;[0;39m &amp#27;[2m:&amp#27;[0;39m Option{name='readOnly', sensitive=false} + isn't supported in H2 at the transaction level. You must set it on conenction URL. See http://www.h2database.com/html/features.html#read_only
&amp#27;[2m2025-08-17T16:47:03.263+01:00&amp#27;[0;39m &amp#27;[32mDEBUG&amp#27;[0;39m &amp#27;[35m26824&amp#27;[0;39m &amp#27;[2m---&amp#27;[0;39m &amp#27;[2m[transferer] [           main]&amp#27;[0;39m &amp#27;[2m&amp#27;[0;39m&amp#27;[36mo.s.r2dbc.core.DefaultDatabaseClient    &amp#27;[0;39m &amp#27;[2m:&amp#27;[0;39m Executing SQL statement [SELECT accounts.ID FROM accounts WHERE accounts.account_number = $1 LIMIT 1]
&amp#27;[2m2025-08-17T16:47:03.263+01:00&amp#27;[0;39m &amp#27;[32mDEBUG&amp#27;[0;39m &amp#27;[35m26824&amp#27;[0;39m &amp#27;[2m---&amp#27;[0;39m &amp#27;[2m[transferer] [           main]&amp#27;[0;39m &amp#27;[2m&amp#27;[0;39m&amp#27;[36mio.r2dbc.h2.client.SessionClient        &amp#27;[0;39m &amp#27;[2m:&amp#27;[0;39m Request:  SELECT accounts.ID FROM accounts WHERE accounts.account_number = $1 LIMIT 1 {1: '0268162960'}
&amp#27;[2m2025-08-17T16:47:03.263+01:00&amp#27;[0;39m &amp#27;[32mDEBUG&amp#27;[0;39m &amp#27;[35m26824&amp#27;[0;39m &amp#27;[2m---&amp#27;[0;39m &amp#27;[2m[transferer] [           main]&amp#27;[0;39m &amp#27;[2m&amp#27;[0;39m&amp#27;[36mio.r2dbc.h2.client.SessionClient        &amp#27;[0;39m &amp#27;[2m:&amp#27;[0;39m Response: org.h2.result.LocalResult@729d6ee2 columns: 1 rows: 0 pos: -1
&amp#27;[2m2025-08-17T16:47:03.263+01:00&amp#27;[0;39m &amp#27;[32mDEBUG&amp#27;[0;39m &amp#27;[35m26824&amp#27;[0;39m &amp#27;[2m---&amp#27;[0;39m &amp#27;[2m[transferer] [           main]&amp#27;[0;39m &amp#27;[2m&amp#27;[0;39m&amp#27;[36mo.s.r.c.R2dbcTransactionManager         &amp#27;[0;39m &amp#27;[2m:&amp#27;[0;39m Participating in existing transaction
&amp#27;[2m2025-08-17T16:47:03.264+01:00&amp#27;[0;39m &amp#27;[32mDEBUG&amp#27;[0;39m &amp#27;[35m26824&amp#27;[0;39m &amp#27;[2m---&amp#27;[0;39m &amp#27;[2m[transferer] [           main]&amp#27;[0;39m &amp#27;[2m&amp#27;[0;39m&amp#27;[36mo.s.r2dbc.core.DefaultDatabaseClient    &amp#27;[0;39m &amp#27;[2m:&amp#27;[0;39m Executing SQL statement [INSERT INTO accounts (ID, account_number, holder_name, balance, status, created_at, updated_at) VALUES ($1, $2, $3, $4, $5, $6, $7)]
&amp#27;[2m2025-08-17T16:47:03.264+01:00&amp#27;[0;39m &amp#27;[32mDEBUG&amp#27;[0;39m &amp#27;[35m26824&amp#27;[0;39m &amp#27;[2m---&amp#27;[0;39m &amp#27;[2m[transferer] [           main]&amp#27;[0;39m &amp#27;[2m&amp#27;[0;39m&amp#27;[36mio.r2dbc.h2.client.SessionClient        &amp#27;[0;39m &amp#27;[2m:&amp#27;[0;39m Request:  INSERT INTO accounts (ID, account_number, holder_name, balance, status, created_at, updated_at) VALUES ($1, $2, $3, $4, $5, $6, $7) {1: 'cbc1c2d6-fce7-4f3e-94f6-04e94159dfa1', 2: '0268162960', 3: 'John Doe', 4: 1000.00, 5: 'ACTIVE', 6: TIMESTAMP '2025-08-17 16:47:03.263565', 7: TIMESTAMP '2025-08-17 16:47:03.263568'}
&amp#27;[2m2025-08-17T16:47:03.265+01:00&amp#27;[0;39m &amp#27;[32mDEBUG&amp#27;[0;39m &amp#27;[35m26824&amp#27;[0;39m &amp#27;[2m---&amp#27;[0;39m &amp#27;[2m[transferer] [           main]&amp#27;[0;39m &amp#27;[2m&amp#27;[0;39m&amp#27;[36mo.s.r.c.R2dbcTransactionManager         &amp#27;[0;39m &amp#27;[2m:&amp#27;[0;39m Participating in existing transaction
&amp#27;[2m2025-08-17T16:47:03.266+01:00&amp#27;[0;39m &amp#27;[32mDEBUG&amp#27;[0;39m &amp#27;[35m26824&amp#27;[0;39m &amp#27;[2m---&amp#27;[0;39m &amp#27;[2m[transferer] [           main]&amp#27;[0;39m &amp#27;[2m&amp#27;[0;39m&amp#27;[36mo.s.r2dbc.core.DefaultDatabaseClient    &amp#27;[0;39m &amp#27;[2m:&amp#27;[0;39m Executing SQL statement [INSERT INTO outbox_events (event_id, event_type, aggregate_id, event_data, occurred_at, created_at) VALUES ($1, $2, $3, $4, $5, $6)]
&amp#27;[2m2025-08-17T16:47:03.266+01:00&amp#27;[0;39m &amp#27;[32mDEBUG&amp#27;[0;39m &amp#27;[35m26824&amp#27;[0;39m &amp#27;[2m---&amp#27;[0;39m &amp#27;[2m[transferer] [           main]&amp#27;[0;39m &amp#27;[2m&amp#27;[0;39m&amp#27;[36mio.r2dbc.h2.client.SessionClient        &amp#27;[0;39m &amp#27;[2m:&amp#27;[0;39m Request:  INSERT INTO outbox_events (event_id, event_type, aggregate_id, event_data, occurred_at, created_at) VALUES ($1, $2, $3, $4, $5, $6) {1: '6b90516e-835c-4fee-b3f3-3d46d0fbe8b9', 2: 'ACCOUNT_OPENED', 3: 'cbc1c2d6-fce7-4f3e-94f6-04e94159dfa1', 4: '{"@class":"com.transferer.account.domain.events.body.AccountOpenedEventBody","accountId":{"value":"cbc1c2d6-fce7-4f3e-94f6-04e94159dfa1"},"accountNumber":"0268162960","holderName":"John Doe","initialBalance":1000.00}', 5: TIMESTAMP WITH TIME ZONE '2025-08-17 15:47:03.263591+00', 6: TIMESTAMP WITH TIME ZONE '2025-08-17 15:47:03.266005+00'}
&amp#27;[2m2025-08-17T16:47:03.267+01:00&amp#27;[0;39m &amp#27;[32mDEBUG&amp#27;[0;39m &amp#27;[35m26824&amp#27;[0;39m &amp#27;[2m---&amp#27;[0;39m &amp#27;[2m[transferer] [           main]&amp#27;[0;39m &amp#27;[2m&amp#27;[0;39m&amp#27;[36mo.s.r.c.R2dbcTransactionManager         &amp#27;[0;39m &amp#27;[2m:&amp#27;[0;39m Initiating transaction commit
&amp#27;[2m2025-08-17T16:47:03.267+01:00&amp#27;[0;39m &amp#27;[32mDEBUG&amp#27;[0;39m &amp#27;[35m26824&amp#27;[0;39m &amp#27;[2m---&amp#27;[0;39m &amp#27;[2m[transferer] [           main]&amp#27;[0;39m &amp#27;[2m&amp#27;[0;39m&amp#27;[36mo.s.r.c.R2dbcTransactionManager         &amp#27;[0;39m &amp#27;[2m:&amp#27;[0;39m Committing R2DBC transaction on Connection [PooledConnection[io.r2dbc.h2.H2Connection@4ac0ed65]]
&amp#27;[2m2025-08-17T16:47:03.267+01:00&amp#27;[0;39m &amp#27;[32mDEBUG&amp#27;[0;39m &amp#27;[35m26824&amp#27;[0;39m &amp#27;[2m---&amp#27;[0;39m &amp#27;[2m[transferer] [           main]&amp#27;[0;39m &amp#27;[2m&amp#27;[0;39m&amp#27;[36mio.r2dbc.h2.client.SessionClient        &amp#27;[0;39m &amp#27;[2m:&amp#27;[0;39m Request:  COMMIT
&amp#27;[2m2025-08-17T16:47:03.267+01:00&amp#27;[0;39m &amp#27;[32mDEBUG&amp#27;[0;39m &amp#27;[35m26824&amp#27;[0;39m &amp#27;[2m---&amp#27;[0;39m &amp#27;[2m[transferer] [           main]&amp#27;[0;39m &amp#27;[2m&amp#27;[0;39m&amp#27;[36mo.s.r.c.R2dbcTransactionManager         &amp#27;[0;39m &amp#27;[2m:&amp#27;[0;39m Releasing R2DBC Connection [PooledConnection[io.r2dbc.h2.H2Connection@4ac0ed65]] after transaction
&amp#27;[2m2025-08-17T16:47:03.267+01:00&amp#27;[0;39m &amp#27;[32mDEBUG&amp#27;[0;39m &amp#27;[35m26824&amp#27;[0;39m &amp#27;[2m---&amp#27;[0;39m &amp#27;[2m[transferer] [           main]&amp#27;[0;39m &amp#27;[2m&amp#27;[0;39m&amp#27;[36mio.r2dbc.h2.client.SessionClient        &amp#27;[0;39m &amp#27;[2m:&amp#27;[0;39m Request:  SELECT CURRENT_TIMESTAMP
&amp#27;[2m2025-08-17T16:47:03.267+01:00&amp#27;[0;39m &amp#27;[32mDEBUG&amp#27;[0;39m &amp#27;[35m26824&amp#27;[0;39m &amp#27;[2m---&amp#27;[0;39m &amp#27;[2m[transferer] [           main]&amp#27;[0;39m &amp#27;[2m&amp#27;[0;39m&amp#27;[36mio.r2dbc.h2.client.SessionClient        &amp#27;[0;39m &amp#27;[2m:&amp#27;[0;39m Response: org.h2.result.LocalResult@99223ac columns: 1 rows: 1 pos: -1
&amp#27;[2m2025-08-17T16:47:03.267+01:00&amp#27;[0;39m &amp#27;[32mDEBUG&amp#27;[0;39m &amp#27;[35m26824&amp#27;[0;39m &amp#27;[2m---&amp#27;[0;39m &amp#27;[2m[transferer] [           main]&amp#27;[0;39m &amp#27;[2m&amp#27;[0;39m&amp#27;[36mo.s.r.c.R2dbcTransactionManager         &amp#27;[0;39m &amp#27;[2m:&amp#27;[0;39m Creating new transaction with name [com.transferer.account.application.AccountService.openAccount]: PROPAGATION_REQUIRED,ISOLATION_DEFAULT
&amp#27;[2m2025-08-17T16:47:03.267+01:00&amp#27;[0;39m &amp#27;[32mDEBUG&amp#27;[0;39m &amp#27;[35m26824&amp#27;[0;39m &amp#27;[2m---&amp#27;[0;39m &amp#27;[2m[transferer] [           main]&amp#27;[0;39m &amp#27;[2m&amp#27;[0;39m&amp#27;[36mio.r2dbc.h2.client.SessionClient        &amp#27;[0;39m &amp#27;[2m:&amp#27;[0;39m Request:  SELECT 1
&amp#27;[2m2025-08-17T16:47:03.267+01:00&amp#27;[0;39m &amp#27;[32mDEBUG&amp#27;[0;39m &amp#27;[35m26824&amp#27;[0;39m &amp#27;[2m---&amp#27;[0;39m &amp#27;[2m[transferer] [           main]&amp#27;[0;39m &amp#27;[2m&amp#27;[0;39m&amp#27;[36mio.r2dbc.h2.client.SessionClient        &amp#27;[0;39m &amp#27;[2m:&amp#27;[0;39m Response: org.h2.result.LocalResult@4a5fab78 columns: 1 rows: 1 pos: -1
&amp#27;[2m2025-08-17T16:47:03.267+01:00&amp#27;[0;39m &amp#27;[32mDEBUG&amp#27;[0;39m &amp#27;[35m26824&amp#27;[0;39m &amp#27;[2m---&amp#27;[0;39m &amp#27;[2m[transferer] [           main]&amp#27;[0;39m &amp#27;[2m&amp#27;[0;39m&amp#27;[36mo.s.r.c.R2dbcTransactionManager         &amp#27;[0;39m &amp#27;[2m:&amp#27;[0;39m Acquired Connection [PooledConnection[io.r2dbc.h2.H2Connection@4ac0ed65]] for R2DBC transaction
&amp#27;[2m2025-08-17T16:47:03.267+01:00&amp#27;[0;39m &amp#27;[32mDEBUG&amp#27;[0;39m &amp#27;[35m26824&amp#27;[0;39m &amp#27;[2m---&amp#27;[0;39m &amp#27;[2m[transferer] [           main]&amp#27;[0;39m &amp#27;[2m&amp#27;[0;39m&amp#27;[36mo.s.r.c.R2dbcTransactionManager         &amp#27;[0;39m &amp#27;[2m:&amp#27;[0;39m Starting R2DBC transaction on Connection [PooledConnection[io.r2dbc.h2.H2Connection@4ac0ed65]] using [ExtendedTransactionDefinition [transactionName='com.transferer.account.application.AccountService.openAccount', readOnly=false, isolationLevel=null, lockWaitTimeout=PT0S]]
&amp#27;[2m2025-08-17T16:47:03.267+01:00&amp#27;[0;39m &amp#27;[33m WARN&amp#27;[0;39m &amp#27;[35m26824&amp#27;[0;39m &amp#27;[2m---&amp#27;[0;39m &amp#27;[2m[transferer] [           main]&amp#27;[0;39m &amp#27;[2m&amp#27;[0;39m&amp#27;[36mio.r2dbc.h2.H2Connection                &amp#27;[0;39m &amp#27;[2m:&amp#27;[0;39m Option{name='readOnly', sensitive=false} + isn't supported in H2 at the transaction level. You must set it on conenction URL. See http://www.h2database.com/html/features.html#read_only
&amp#27;[2m2025-08-17T16:47:03.267+01:00&amp#27;[0;39m &amp#27;[32mDEBUG&amp#27;[0;39m &amp#27;[35m26824&amp#27;[0;39m &amp#27;[2m---&amp#27;[0;39m &amp#27;[2m[transferer] [           main]&amp#27;[0;39m &amp#27;[2m&amp#27;[0;39m&amp#27;[36mo.s.r2dbc.core.DefaultDatabaseClient    &amp#27;[0;39m &amp#27;[2m:&amp#27;[0;39m Executing SQL statement [SELECT accounts.ID FROM accounts WHERE accounts.account_number = $1 LIMIT 1]
&amp#27;[2m2025-08-17T16:47:03.268+01:00&amp#27;[0;39m &amp#27;[32mDEBUG&amp#27;[0;39m &amp#27;[35m26824&amp#27;[0;39m &amp#27;[2m---&amp#27;[0;39m &amp#27;[2m[transferer] [           main]&amp#27;[0;39m &amp#27;[2m&amp#27;[0;39m&amp#27;[36mio.r2dbc.h2.client.SessionClient        &amp#27;[0;39m &amp#27;[2m:&amp#27;[0;39m Request:  SELECT accounts.ID FROM accounts WHERE accounts.account_number = $1 LIMIT 1 {1: '0163191177'}
&amp#27;[2m2025-08-17T16:47:03.268+01:00&amp#27;[0;39m &amp#27;[32mDEBUG&amp#27;[0;39m &amp#27;[35m26824&amp#27;[0;39m &amp#27;[2m---&amp#27;[0;39m &amp#27;[2m[transferer] [           main]&amp#27;[0;39m &amp#27;[2m&amp#27;[0;39m&amp#27;[36mio.r2dbc.h2.client.SessionClient        &amp#27;[0;39m &amp#27;[2m:&amp#27;[0;39m Response: org.h2.result.LocalResult@2cebf82f columns: 1 rows: 0 pos: -1
&amp#27;[2m2025-08-17T16:47:03.268+01:00&amp#27;[0;39m &amp#27;[32mDEBUG&amp#27;[0;39m &amp#27;[35m26824&amp#27;[0;39m &amp#27;[2m---&amp#27;[0;39m &amp#27;[2m[transferer] [           main]&amp#27;[0;39m &amp#27;[2m&amp#27;[0;39m&amp#27;[36mo.s.r.c.R2dbcTransactionManager         &amp#27;[0;39m &amp#27;[2m:&amp#27;[0;39m Participating in existing transaction
&amp#27;[2m2025-08-17T16:47:03.268+01:00&amp#27;[0;39m &amp#27;[32mDEBUG&amp#27;[0;39m &amp#27;[35m26824&amp#27;[0;39m &amp#27;[2m---&amp#27;[0;39m &amp#27;[2m[transferer] [           main]&amp#27;[0;39m &amp#27;[2m&amp#27;[0;39m&amp#27;[36mo.s.r2dbc.core.DefaultDatabaseClient    &amp#27;[0;39m &amp#27;[2m:&amp#27;[0;39m Executing SQL statement [INSERT INTO accounts (ID, account_number, holder_name, balance, status, created_at, updated_at) VALUES ($1, $2, $3, $4, $5, $6, $7)]
&amp#27;[2m2025-08-17T16:47:03.268+01:00&amp#27;[0;39m &amp#27;[32mDEBUG&amp#27;[0;39m &amp#27;[35m26824&amp#27;[0;39m &amp#27;[2m---&amp#27;[0;39m &amp#27;[2m[transferer] [           main]&amp#27;[0;39m &amp#27;[2m&amp#27;[0;39m&amp#27;[36mio.r2dbc.h2.client.SessionClient        &amp#27;[0;39m &amp#27;[2m:&amp#27;[0;39m Request:  INSERT INTO accounts (ID, account_number, holder_name, balance, status, created_at, updated_at) VALUES ($1, $2, $3, $4, $5, $6, $7) {1: 'c22ed81e-a791-408d-a2d3-add2375ea8fc', 2: '0163191177', 3: 'Jane Smith', 4: 500.00, 5: 'ACTIVE', 6: TIMESTAMP '2025-08-17 16:47:03.268175', 7: TIMESTAMP '2025-08-17 16:47:03.268181'}
&amp#27;[2m2025-08-17T16:47:03.268+01:00&amp#27;[0;39m &amp#27;[32mDEBUG&amp#27;[0;39m &amp#27;[35m26824&amp#27;[0;39m &amp#27;[2m---&amp#27;[0;39m &amp#27;[2m[transferer] [           main]&amp#27;[0;39m &amp#27;[2m&amp#27;[0;39m&amp#27;[36mo.s.r.c.R2dbcTransactionManager         &amp#27;[0;39m &amp#27;[2m:&amp#27;[0;39m Participating in existing transaction
&amp#27;[2m2025-08-17T16:47:03.268+01:00&amp#27;[0;39m &amp#27;[32mDEBUG&amp#27;[0;39m &amp#27;[35m26824&amp#27;[0;39m &amp#27;[2m---&amp#27;[0;39m &amp#27;[2m[transferer] [           main]&amp#27;[0;39m &amp#27;[2m&amp#27;[0;39m&amp#27;[36mo.s.r2dbc.core.DefaultDatabaseClient    &amp#27;[0;39m &amp#27;[2m:&amp#27;[0;39m Executing SQL statement [INSERT INTO outbox_events (event_id, event_type, aggregate_id, event_data, occurred_at, created_at) VALUES ($1, $2, $3, $4, $5, $6)]
&amp#27;[2m2025-08-17T16:47:03.268+01:00&amp#27;[0;39m &amp#27;[32mDEBUG&amp#27;[0;39m &amp#27;[35m26824&amp#27;[0;39m &amp#27;[2m---&amp#27;[0;39m &amp#27;[2m[transferer] [           main]&amp#27;[0;39m &amp#27;[2m&amp#27;[0;39m&amp#27;[36mio.r2dbc.h2.client.SessionClient        &amp#27;[0;39m &amp#27;[2m:&amp#27;[0;39m Request:  INSERT INTO outbox_events (event_id, event_type, aggregate_id, event_data, occurred_at, created_at) VALUES ($1, $2, $3, $4, $5, $6) {1: 'ab70134f-dea9-4eb9-9260-dd39f68030dc', 2: 'ACCOUNT_OPENED', 3: 'c22ed81e-a791-408d-a2d3-add2375ea8fc', 4: '{"@class":"com.transferer.account.domain.events.body.AccountOpenedEventBody","accountId":{"value":"c22ed81e-a791-408d-a2d3-add2375ea8fc"},"accountNumber":"0163191177","holderName":"Jane Smith","initialBalance":500.00}', 5: TIMESTAMP WITH TIME ZONE '2025-08-17 15:47:03.268197+00', 6: TIMESTAMP WITH TIME ZONE '2025-08-17 15:47:03.268675+00'}
&amp#27;[2m2025-08-17T16:47:03.269+01:00&amp#27;[0;39m &amp#27;[32mDEBUG&amp#27;[0;39m &amp#27;[35m26824&amp#27;[0;39m &amp#27;[2m---&amp#27;[0;39m &amp#27;[2m[transferer] [           main]&amp#27;[0;39m &amp#27;[2m&amp#27;[0;39m&amp#27;[36mo.s.r.c.R2dbcTransactionManager         &amp#27;[0;39m &amp#27;[2m:&amp#27;[0;39m Initiating transaction commit
&amp#27;[2m2025-08-17T16:47:03.269+01:00&amp#27;[0;39m &amp#27;[32mDEBUG&amp#27;[0;39m &amp#27;[35m26824&amp#27;[0;39m &amp#27;[2m---&amp#27;[0;39m &amp#27;[2m[transferer] [           main]&amp#27;[0;39m &amp#27;[2m&amp#27;[0;39m&amp#27;[36mo.s.r.c.R2dbcTransactionManager         &amp#27;[0;39m &amp#27;[2m:&amp#27;[0;39m Committing R2DBC transaction on Connection [PooledConnection[io.r2dbc.h2.H2Connection@4ac0ed65]]
&amp#27;[2m2025-08-17T16:47:03.269+01:00&amp#27;[0;39m &amp#27;[32mDEBUG&amp#27;[0;39m &amp#27;[35m26824&amp#27;[0;39m &amp#27;[2m---&amp#27;[0;39m &amp#27;[2m[transferer] [           main]&amp#27;[0;39m &amp#27;[2m&amp#27;[0;39m&amp#27;[36mio.r2dbc.h2.client.SessionClient        &amp#27;[0;39m &amp#27;[2m:&amp#27;[0;39m Request:  COMMIT
&amp#27;[2m2025-08-17T16:47:03.269+01:00&amp#27;[0;39m &amp#27;[32mDEBUG&amp#27;[0;39m &amp#27;[35m26824&amp#27;[0;39m &amp#27;[2m---&amp#27;[0;39m &amp#27;[2m[transferer] [           main]&amp#27;[0;39m &amp#27;[2m&amp#27;[0;39m&amp#27;[36mo.s.r.c.R2dbcTransactionManager         &amp#27;[0;39m &amp#27;[2m:&amp#27;[0;39m Releasing R2DBC Connection [PooledConnection[io.r2dbc.h2.H2Connection@4ac0ed65]] after transaction
&amp#27;[2m2025-08-17T16:47:03.269+01:00&amp#27;[0;39m &amp#27;[32mDEBUG&amp#27;[0;39m &amp#27;[35m26824&amp#27;[0;39m &amp#27;[2m---&amp#27;[0;39m &amp#27;[2m[transferer] [           main]&amp#27;[0;39m &amp#27;[2m&amp#27;[0;39m&amp#27;[36mio.r2dbc.h2.client.SessionClient        &amp#27;[0;39m &amp#27;[2m:&amp#27;[0;39m Request:  SELECT CURRENT_TIMESTAMP
&amp#27;[2m2025-08-17T16:47:03.269+01:00&amp#27;[0;39m &amp#27;[32mDEBUG&amp#27;[0;39m &amp#27;[35m26824&amp#27;[0;39m &amp#27;[2m---&amp#27;[0;39m &amp#27;[2m[transferer] [           main]&amp#27;[0;39m &amp#27;[2m&amp#27;[0;39m&amp#27;[36mio.r2dbc.h2.client.SessionClient        &amp#27;[0;39m &amp#27;[2m:&amp#27;[0;39m Response: org.h2.result.LocalResult@4cacccbf columns: 1 rows: 1 pos: -1
&amp#27;[2m2025-08-17T16:47:03.269+01:00&amp#27;[0;39m &amp#27;[32mDEBUG&amp#27;[0;39m &amp#27;[35m26824&amp#27;[0;39m &amp#27;[2m---&amp#27;[0;39m &amp#27;[2m[transferer] [           main]&amp#27;[0;39m &amp#27;[2m&amp#27;[0;39m&amp#27;[36mo.s.r.c.R2dbcTransactionManager         &amp#27;[0;39m &amp#27;[2m:&amp#27;[0;39m Creating new transaction with name [com.transferer.payment.application.PaymentService.initiatePayment]: PROPAGATION_REQUIRED,ISOLATION_DEFAULT
&amp#27;[2m2025-08-17T16:47:03.270+01:00&amp#27;[0;39m &amp#27;[32mDEBUG&amp#27;[0;39m &amp#27;[35m26824&amp#27;[0;39m &amp#27;[2m---&amp#27;[0;39m &amp#27;[2m[transferer] [           main]&amp#27;[0;39m &amp#27;[2m&amp#27;[0;39m&amp#27;[36mio.r2dbc.h2.client.SessionClient        &amp#27;[0;39m &amp#27;[2m:&amp#27;[0;39m Request:  SELECT 1
&amp#27;[2m2025-08-17T16:47:03.270+01:00&amp#27;[0;39m &amp#27;[32mDEBUG&amp#27;[0;39m &amp#27;[35m26824&amp#27;[0;39m &amp#27;[2m---&amp#27;[0;39m &amp#27;[2m[transferer] [           main]&amp#27;[0;39m &amp#27;[2m&amp#27;[0;39m&amp#27;[36mio.r2dbc.h2.client.SessionClient        &amp#27;[0;39m &amp#27;[2m:&amp#27;[0;39m Response: org.h2.result.LocalResult@57920d6c columns: 1 rows: 1 pos: -1
&amp#27;[2m2025-08-17T16:47:03.270+01:00&amp#27;[0;39m &amp#27;[32mDEBUG&amp#27;[0;39m &amp#27;[35m26824&amp#27;[0;39m &amp#27;[2m---&amp#27;[0;39m &amp#27;[2m[transferer] [           main]&amp#27;[0;39m &amp#27;[2m&amp#27;[0;39m&amp#27;[36mo.s.r.c.R2dbcTransactionManager         &amp#27;[0;39m &amp#27;[2m:&amp#27;[0;39m Acquired Connection [PooledConnection[io.r2dbc.h2.H2Connection@4ac0ed65]] for R2DBC transaction
&amp#27;[2m2025-08-17T16:47:03.270+01:00&amp#27;[0;39m &amp#27;[32mDEBUG&amp#27;[0;39m &amp#27;[35m26824&amp#27;[0;39m &amp#27;[2m---&amp#27;[0;39m &amp#27;[2m[transferer] [           main]&amp#27;[0;39m &amp#27;[2m&amp#27;[0;39m&amp#27;[36mo.s.r.c.R2dbcTransactionManager         &amp#27;[0;39m &amp#27;[2m:&amp#27;[0;39m Starting R2DBC transaction on Connection [PooledConnection[io.r2dbc.h2.H2Connection@4ac0ed65]] using [ExtendedTransactionDefinition [transactionName='com.transferer.payment.application.PaymentService.initiatePayment', readOnly=false, isolationLevel=null, lockWaitTimeout=PT0S]]
&amp#27;[2m2025-08-17T16:47:03.270+01:00&amp#27;[0;39m &amp#27;[33m WARN&amp#27;[0;39m &amp#27;[35m26824&amp#27;[0;39m &amp#27;[2m---&amp#27;[0;39m &amp#27;[2m[transferer] [           main]&amp#27;[0;39m &amp#27;[2m&amp#27;[0;39m&amp#27;[36mio.r2dbc.h2.H2Connection                &amp#27;[0;39m &amp#27;[2m:&amp#27;[0;39m Option{name='readOnly', sensitive=false} + isn't supported in H2 at the transaction level. You must set it on conenction URL. See http://www.h2database.com/html/features.html#read_only
&amp#27;[2m2025-08-17T16:47:03.270+01:00&amp#27;[0;39m &amp#27;[32mDEBUG&amp#27;[0;39m &amp#27;[35m26824&amp#27;[0;39m &amp#27;[2m---&amp#27;[0;39m &amp#27;[2m[transferer] [           main]&amp#27;[0;39m &amp#27;[2m&amp#27;[0;39m&amp#27;[36mo.s.r.c.R2dbcTransactionManager         &amp#27;[0;39m &amp#27;[2m:&amp#27;[0;39m Participating in existing transaction
&amp#27;[2m2025-08-17T16:47:03.271+01:00&amp#27;[0;39m &amp#27;[32mDEBUG&amp#27;[0;39m &amp#27;[35m26824&amp#27;[0;39m &amp#27;[2m---&amp#27;[0;39m &amp#27;[2m[transferer] [           main]&amp#27;[0;39m &amp#27;[2m&amp#27;[0;39m&amp#27;[36mo.s.r2dbc.core.DefaultDatabaseClient    &amp#27;[0;39m &amp#27;[2m:&amp#27;[0;39m Executing SQL statement [INSERT INTO payments (ID, sender_account_id, recipient_account_id, amount, description, status, current_step, created_at, updated_at) VALUES ($1, $2, $3, $4, $5, $6, $7, $8, $9)]
&amp#27;[2m2025-08-17T16:47:03.271+01:00&amp#27;[0;39m &amp#27;[32mDEBUG&amp#27;[0;39m &amp#27;[35m26824&amp#27;[0;39m &amp#27;[2m---&amp#27;[0;39m &amp#27;[2m[transferer] [           main]&amp#27;[0;39m &amp#27;[2m&amp#27;[0;39m&amp#27;[36mio.r2dbc.h2.client.SessionClient        &amp#27;[0;39m &amp#27;[2m:&amp#27;[0;39m Request:  INSERT INTO payments (ID, sender_account_id, recipient_account_id, amount, description, status, current_step, created_at, updated_at) VALUES ($1, $2, $3, $4, $5, $6, $7, $8, $9) {1: '7657c3e4-be56-44a5-bee3-b3b8ccb0a360', 2: 'cbc1c2d6-fce7-4f3e-94f6-04e94159dfa1', 3: 'c22ed81e-a791-408d-a2d3-add2375ea8fc', 4: 100.00, 5: 'Account query test', 6: 'PENDING', 7: 'INITIATED', 8: TIMESTAMP '2025-08-17 16:47:03.270182', 9: TIMESTAMP '2025-08-17 16:47:03.270185'}
&amp#27;[2m2025-08-17T16:47:03.271+01:00&amp#27;[0;39m &amp#27;[32mDEBUG&amp#27;[0;39m &amp#27;[35m26824&amp#27;[0;39m &amp#27;[2m---&amp#27;[0;39m &amp#27;[2m[transferer] [           main]&amp#27;[0;39m &amp#27;[2m&amp#27;[0;39m&amp#27;[36mo.s.r.c.R2dbcTransactionManager         &amp#27;[0;39m &amp#27;[2m:&amp#27;[0;39m Participating in existing transaction
&amp#27;[2m2025-08-17T16:47:03.272+01:00&amp#27;[0;39m &amp#27;[32mDEBUG&amp#27;[0;39m &amp#27;[35m26824&amp#27;[0;39m &amp#27;[2m---&amp#27;[0;39m &amp#27;[2m[transferer] [           main]&amp#27;[0;39m &amp#27;[2m&amp#27;[0;39m&amp#27;[36mo.s.r2dbc.core.DefaultDatabaseClient    &amp#27;[0;39m &amp#27;[2m:&amp#27;[0;39m Executing SQL statement [INSERT INTO outbox_events (event_id, event_type, aggregate_id, event_data, occurred_at, created_at) VALUES ($1, $2, $3, $4, $5, $6)]
&amp#27;[2m2025-08-17T16:47:03.272+01:00&amp#27;[0;39m &amp#27;[32mDEBUG&amp#27;[0;39m &amp#27;[35m26824&amp#27;[0;39m &amp#27;[2m---&amp#27;[0;39m &amp#27;[2m[transferer] [           main]&amp#27;[0;39m &amp#27;[2m&amp#27;[0;39m&amp#27;[36mio.r2dbc.h2.client.SessionClient        &amp#27;[0;39m &amp#27;[2m:&amp#27;[0;39m Request:  INSERT INTO outbox_events (event_id, event_type, aggregate_id, event_data, occurred_at, created_at) VALUES ($1, $2, $3, $4, $5, $6) {1: '3f531a27-f0f5-47ac-b741-0bdb9667f3ee', 2: 'PAYMENT_INITIATED', 3: '7657c3e4-be56-44a5-bee3-b3b8ccb0a360', 4: '{"@class":"com.transferer.payment.domain.events.body.PaymentInitiatedEventBody","paymentId":{"value":"7657c3e4-be56-44a5-bee3-b3b8ccb0a360"},"senderAccountId":{"value":"cbc1c2d6-fce7-4f3e-94f6-04e94159dfa1"},"recipientAccountId":{"value":"c22ed81e-a791-408d-a2d3-add2375ea8fc"},"amount":100.00,"description":"Account query test"}', 5: TIMESTAMP WITH TIME ZONE '2025-08-17 15:47:03.27019+00', 6: TIMESTAMP WITH TIME ZONE '2025-08-17 15:47:03.272066+00'}
&amp#27;[2m2025-08-17T16:47:03.273+01:00&amp#27;[0;39m &amp#27;[32mDEBUG&amp#27;[0;39m &amp#27;[35m26824&amp#27;[0;39m &amp#27;[2m---&amp#27;[0;39m &amp#27;[2m[transferer] [           main]&amp#27;[0;39m &amp#27;[2m&amp#27;[0;39m&amp#27;[36mo.s.r2dbc.core.DefaultDatabaseClient    &amp#27;[0;39m &amp#27;[2m:&amp#27;[0;39m Executing SQL statement [INSERT INTO outbox_events (event_id, event_type, aggregate_id, event_data, occurred_at, created_at) VALUES ($1, $2, $3, $4, $5, $6)]
&amp#27;[2m2025-08-17T16:47:03.273+01:00&amp#27;[0;39m &amp#27;[32mDEBUG&amp#27;[0;39m &amp#27;[35m26824&amp#27;[0;39m &amp#27;[2m---&amp#27;[0;39m &amp#27;[2m[transferer] [           main]&amp#27;[0;39m &amp#27;[2m&amp#27;[0;39m&amp#27;[36mio.r2dbc.h2.client.SessionClient        &amp#27;[0;39m &amp#27;[2m:&amp#27;[0;39m Request:  INSERT INTO outbox_events (event_id, event_type, aggregate_id, event_data, occurred_at, created_at) VALUES ($1, $2, $3, $4, $5, $6) {1: '83fe87fa-9b23-4522-9352-4e8fe17d48e5', 2: 'PAYMENT_STEP_ADVANCED', 3: '7657c3e4-be56-44a5-bee3-b3b8ccb0a360', 4: '{"@class":"com.transferer.payment.domain.events.body.PaymentStepAdvancedEventBody","paymentId":{"value":"7657c3e4-be56-44a5-bee3-b3b8ccb0a360"},"previousStep":{"empty":true,"present":false},"currentStep":"INITIATED"}', 5: TIMESTAMP WITH TIME ZONE '2025-08-17 15:47:03.270203+00', 6: TIMESTAMP WITH TIME ZONE '2025-08-17 15:47:03.273034+00'}
&amp#27;[2m2025-08-17T16:47:03.273+01:00&amp#27;[0;39m &amp#27;[32mDEBUG&amp#27;[0;39m &amp#27;[35m26824&amp#27;[0;39m &amp#27;[2m---&amp#27;[0;39m &amp#27;[2m[transferer] [           main]&amp#27;[0;39m &amp#27;[2m&amp#27;[0;39m&amp#27;[36mo.s.r.c.R2dbcTransactionManager         &amp#27;[0;39m &amp#27;[2m:&amp#27;[0;39m Initiating transaction commit
&amp#27;[2m2025-08-17T16:47:03.273+01:00&amp#27;[0;39m &amp#27;[32mDEBUG&amp#27;[0;39m &amp#27;[35m26824&amp#27;[0;39m &amp#27;[2m---&amp#27;[0;39m &amp#27;[2m[transferer] [           main]&amp#27;[0;39m &amp#27;[2m&amp#27;[0;39m&amp#27;[36mo.s.r.c.R2dbcTransactionManager         &amp#27;[0;39m &amp#27;[2m:&amp#27;[0;39m Committing R2DBC transaction on Connection [PooledConnection[io.r2dbc.h2.H2Connection@4ac0ed65]]
&amp#27;[2m2025-08-17T16:47:03.273+01:00&amp#27;[0;39m &amp#27;[32mDEBUG&amp#27;[0;39m &amp#27;[35m26824&amp#27;[0;39m &amp#27;[2m---&amp#27;[0;39m &amp#27;[2m[transferer] [           main]&amp#27;[0;39m &amp#27;[2m&amp#27;[0;39m&amp#27;[36mio.r2dbc.h2.client.SessionClient        &amp#27;[0;39m &amp#27;[2m:&amp#27;[0;39m Request:  COMMIT
&amp#27;[2m2025-08-17T16:47:03.274+01:00&amp#27;[0;39m &amp#27;[32mDEBUG&amp#27;[0;39m &amp#27;[35m26824&amp#27;[0;39m &amp#27;[2m---&amp#27;[0;39m &amp#27;[2m[transferer] [           main]&amp#27;[0;39m &amp#27;[2m&amp#27;[0;39m&amp#27;[36mo.s.r.c.R2dbcTransactionManager         &amp#27;[0;39m &amp#27;[2m:&amp#27;[0;39m Releasing R2DBC Connection [PooledConnection[io.r2dbc.h2.H2Connection@4ac0ed65]] after transaction
&amp#27;[2m2025-08-17T16:47:03.274+01:00&amp#27;[0;39m &amp#27;[32mDEBUG&amp#27;[0;39m &amp#27;[35m26824&amp#27;[0;39m &amp#27;[2m---&amp#27;[0;39m &amp#27;[2m[transferer] [           main]&amp#27;[0;39m &amp#27;[2m&amp#27;[0;39m&amp#27;[36mio.r2dbc.h2.client.SessionClient        &amp#27;[0;39m &amp#27;[2m:&amp#27;[0;39m Request:  SELECT CURRENT_TIMESTAMP
&amp#27;[2m2025-08-17T16:47:03.274+01:00&amp#27;[0;39m &amp#27;[32mDEBUG&amp#27;[0;39m &amp#27;[35m26824&amp#27;[0;39m &amp#27;[2m---&amp#27;[0;39m &amp#27;[2m[transferer] [           main]&amp#27;[0;39m &amp#27;[2m&amp#27;[0;39m&amp#27;[36mio.r2dbc.h2.client.SessionClient        &amp#27;[0;39m &amp#27;[2m:&amp#27;[0;39m Response: org.h2.result.LocalResult@6d5508a5 columns: 1 rows: 1 pos: -1
&amp#27;[2m2025-08-17T16:47:03.375+01:00&amp#27;[0;39m &amp#27;[32mDEBUG&amp#27;[0;39m &amp#27;[35m26824&amp#27;[0;39m &amp#27;[2m---&amp#27;[0;39m &amp#27;[2m[transferer] [     parallel-5]&amp#27;[0;39m &amp#27;[2m&amp#27;[0;39m&amp#27;[36mio.r2dbc.h2.client.SessionClient        &amp#27;[0;39m &amp#27;[2m:&amp#27;[0;39m Request:  SELECT 1
&amp#27;[2m2025-08-17T16:47:03.375+01:00&amp#27;[0;39m &amp#27;[32mDEBUG&amp#27;[0;39m &amp#27;[35m26824&amp#27;[0;39m &amp#27;[2m---&amp#27;[0;39m &amp#27;[2m[transferer] [     parallel-5]&amp#27;[0;39m &amp#27;[2m&amp#27;[0;39m&amp#27;[36mio.r2dbc.h2.client.SessionClient        &amp#27;[0;39m &amp#27;[2m:&amp#27;[0;39m Response: org.h2.result.LocalResult@601871d4 columns: 1 rows: 1 pos: -1
&amp#27;[2m2025-08-17T16:47:03.375+01:00&amp#27;[0;39m &amp#27;[32mDEBUG&amp#27;[0;39m &amp#27;[35m26824&amp#27;[0;39m &amp#27;[2m---&amp#27;[0;39m &amp#27;[2m[transferer] [     parallel-5]&amp#27;[0;39m &amp#27;[2m&amp#27;[0;39m&amp#27;[36mo.s.r2dbc.core.DefaultDatabaseClient    &amp#27;[0;39m &amp#27;[2m:&amp#27;[0;39m Executing SQL statement [SELECT event_type, COUNT(*) as count FROM outbox_events GROUP BY event_type]
&amp#27;[2m2025-08-17T16:47:03.375+01:00&amp#27;[0;39m &amp#27;[32mDEBUG&amp#27;[0;39m &amp#27;[35m26824&amp#27;[0;39m &amp#27;[2m---&amp#27;[0;39m &amp#27;[2m[transferer] [     parallel-5]&amp#27;[0;39m &amp#27;[2m&amp#27;[0;39m&amp#27;[36mio.r2dbc.h2.client.SessionClient        &amp#27;[0;39m &amp#27;[2m:&amp#27;[0;39m Request:  SELECT event_type, COUNT(*) as count FROM outbox_events GROUP BY event_type
&amp#27;[2m2025-08-17T16:47:03.375+01:00&amp#27;[0;39m &amp#27;[32mDEBUG&amp#27;[0;39m &amp#27;[35m26824&amp#27;[0;39m &amp#27;[2m---&amp#27;[0;39m &amp#27;[2m[transferer] [     parallel-5]&amp#27;[0;39m &amp#27;[2m&amp#27;[0;39m&amp#27;[36mio.r2dbc.h2.client.SessionClient        &amp#27;[0;39m &amp#27;[2m:&amp#27;[0;39m Response: org.h2.result.LocalResult@2fe2899c columns: 2 rows: 3 pos: -1
&amp#27;[2m2025-08-17T16:47:03.376+01:00&amp#27;[0;39m &amp#27;[32mDEBUG&amp#27;[0;39m &amp#27;[35m26824&amp#27;[0;39m &amp#27;[2m---&amp#27;[0;39m &amp#27;[2m[transferer] [     parallel-5]&amp#27;[0;39m &amp#27;[2m&amp#27;[0;39m&amp#27;[36mio.r2dbc.h2.client.SessionClient        &amp#27;[0;39m &amp#27;[2m:&amp#27;[0;39m Request:  SELECT CURRENT_TIMESTAMP
&amp#27;[2m2025-08-17T16:47:03.376+01:00&amp#27;[0;39m &amp#27;[32mDEBUG&amp#27;[0;39m &amp#27;[35m26824&amp#27;[0;39m &amp#27;[2m---&amp#27;[0;39m &amp#27;[2m[transferer] [     parallel-5]&amp#27;[0;39m &amp#27;[2m&amp#27;[0;39m&amp#27;[36mio.r2dbc.h2.client.SessionClient        &amp#27;[0;39m &amp#27;[2m:&amp#27;[0;39m Response: org.h2.result.LocalResult@1e07a3e3 columns: 1 rows: 1 pos: -1
&amp#27;[2m2025-08-17T16:47:03.376+01:00&amp#27;[0;39m &amp#27;[32mDEBUG&amp#27;[0;39m &amp#27;[35m26824&amp#27;[0;39m &amp#27;[2m---&amp#27;[0;39m &amp#27;[2m[transferer] [     parallel-5]&amp#27;[0;39m &amp#27;[2m&amp#27;[0;39m&amp#27;[36mo.s.r.c.R2dbcTransactionManager         &amp#27;[0;39m &amp#27;[2m:&amp#27;[0;39m Creating new transaction with name [com.transferer.payment.application.PaymentService.getPaymentsByAccount]: PROPAGATION_REQUIRED,ISOLATION_DEFAULT,readOnly
&amp#27;[2m2025-08-17T16:47:03.376+01:00&amp#27;[0;39m &amp#27;[32mDEBUG&amp#27;[0;39m &amp#27;[35m26824&amp#27;[0;39m &amp#27;[2m---&amp#27;[0;39m &amp#27;[2m[transferer] [     parallel-5]&amp#27;[0;39m &amp#27;[2m&amp#27;[0;39m&amp#27;[36mio.r2dbc.h2.client.SessionClient        &amp#27;[0;39m &amp#27;[2m:&amp#27;[0;39m Request:  SELECT 1
&amp#27;[2m2025-08-17T16:47:03.376+01:00&amp#27;[0;39m &amp#27;[32mDEBUG&amp#27;[0;39m &amp#27;[35m26824&amp#27;[0;39m &amp#27;[2m---&amp#27;[0;39m &amp#27;[2m[transferer] [     parallel-5]&amp#27;[0;39m &amp#27;[2m&amp#27;[0;39m&amp#27;[36mio.r2dbc.h2.client.SessionClient        &amp#27;[0;39m &amp#27;[2m:&amp#27;[0;39m Response: org.h2.result.LocalResult@74d8afbd columns: 1 rows: 1 pos: -1
&amp#27;[2m2025-08-17T16:47:03.376+01:00&amp#27;[0;39m &amp#27;[32mDEBUG&amp#27;[0;39m &amp#27;[35m26824&amp#27;[0;39m &amp#27;[2m---&amp#27;[0;39m &amp#27;[2m[transferer] [     parallel-5]&amp#27;[0;39m &amp#27;[2m&amp#27;[0;39m&amp#27;[36mo.s.r.c.R2dbcTransactionManager         &amp#27;[0;39m &amp#27;[2m:&amp#27;[0;39m Acquired Connection [PooledConnection[io.r2dbc.h2.H2Connection@4ac0ed65]] for R2DBC transaction
&amp#27;[2m2025-08-17T16:47:03.376+01:00&amp#27;[0;39m &amp#27;[32mDEBUG&amp#27;[0;39m &amp#27;[35m26824&amp#27;[0;39m &amp#27;[2m---&amp#27;[0;39m &amp#27;[2m[transferer] [     parallel-5]&amp#27;[0;39m &amp#27;[2m&amp#27;[0;39m&amp#27;[36mo.s.r.c.R2dbcTransactionManager         &amp#27;[0;39m &amp#27;[2m:&amp#27;[0;39m Starting R2DBC transaction on Connection [PooledConnection[io.r2dbc.h2.H2Connection@4ac0ed65]] using [ExtendedTransactionDefinition [transactionName='com.transferer.payment.application.PaymentService.getPaymentsByAccount', readOnly=true, isolationLevel=null, lockWaitTimeout=PT0S]]
&amp#27;[2m2025-08-17T16:47:03.376+01:00&amp#27;[0;39m &amp#27;[33m WARN&amp#27;[0;39m &amp#27;[35m26824&amp#27;[0;39m &amp#27;[2m---&amp#27;[0;39m &amp#27;[2m[transferer] [     parallel-5]&amp#27;[0;39m &amp#27;[2m&amp#27;[0;39m&amp#27;[36mio.r2dbc.h2.H2Connection                &amp#27;[0;39m &amp#27;[2m:&amp#27;[0;39m Option{name='readOnly', sensitive=false} + isn't supported in H2 at the transaction level. You must set it on conenction URL. See http://www.h2database.com/html/features.html#read_only
&amp#27;[2m2025-08-17T16:47:03.379+01:00&amp#27;[0;39m &amp#27;[32mDEBUG&amp#27;[0;39m &amp#27;[35m26824&amp#27;[0;39m &amp#27;[2m---&amp#27;[0;39m &amp#27;[2m[transferer] [     parallel-5]&amp#27;[0;39m &amp#27;[2m&amp#27;[0;39m&amp#27;[36mo.s.r2dbc.core.DefaultDatabaseClient    &amp#27;[0;39m &amp#27;[2m:&amp#27;[0;39m Executing SQL statement [SELECT * FROM payments WHERE sender_account_id = $1 OR recipient_account_id = $1]
&amp#27;[2m2025-08-17T16:47:03.380+01:00&amp#27;[0;39m &amp#27;[32mDEBUG&amp#27;[0;39m &amp#27;[35m26824&amp#27;[0;39m &amp#27;[2m---&amp#27;[0;39m &amp#27;[2m[transferer] [     parallel-5]&amp#27;[0;39m &amp#27;[2m&amp#27;[0;39m&amp#27;[36mio.r2dbc.h2.client.SessionClient        &amp#27;[0;39m &amp#27;[2m:&amp#27;[0;39m Request:  SELECT * FROM payments WHERE sender_account_id = $1 OR recipient_account_id = $1 {1: 'cbc1c2d6-fce7-4f3e-94f6-04e94159dfa1'}
&amp#27;[2m2025-08-17T16:47:03.380+01:00&amp#27;[0;39m &amp#27;[32mDEBUG&amp#27;[0;39m &amp#27;[35m26824&amp#27;[0;39m &amp#27;[2m---&amp#27;[0;39m &amp#27;[2m[transferer] [     parallel-5]&amp#27;[0;39m &amp#27;[2m&amp#27;[0;39m&amp#27;[36mio.r2dbc.h2.client.SessionClient        &amp#27;[0;39m &amp#27;[2m:&amp#27;[0;39m Response: org.h2.result.LocalResult@b482c72 columns: 12 rows: 1 pos: -1
&amp#27;[2m2025-08-17T16:47:03.381+01:00&amp#27;[0;39m &amp#27;[32mDEBUG&amp#27;[0;39m &amp#27;[35m26824&amp#27;[0;39m &amp#27;[2m---&amp#27;[0;39m &amp#27;[2m[transferer] [     parallel-5]&amp#27;[0;39m &amp#27;[2m&amp#27;[0;39m&amp#27;[36mo.s.r.c.R2dbcTransactionManager         &amp#27;[0;39m &amp#27;[2m:&amp#27;[0;39m Initiating transaction rollback
&amp#27;[2m2025-08-17T16:47:03.381+01:00&amp#27;[0;39m &amp#27;[32mDEBUG&amp#27;[0;39m &amp#27;[35m26824&amp#27;[0;39m &amp#27;[2m---&amp#27;[0;39m &amp#27;[2m[transferer] [     parallel-5]&amp#27;[0;39m &amp#27;[2m&amp#27;[0;39m&amp#27;[36mo.s.r.c.R2dbcTransactionManager         &amp#27;[0;39m &amp#27;[2m:&amp#27;[0;39m Rolling back R2DBC transaction on Connection [PooledConnection[io.r2dbc.h2.H2Connection@4ac0ed65]]
&amp#27;[2m2025-08-17T16:47:03.381+01:00&amp#27;[0;39m &amp#27;[32mDEBUG&amp#27;[0;39m &amp#27;[35m26824&amp#27;[0;39m &amp#27;[2m---&amp#27;[0;39m &amp#27;[2m[transferer] [     parallel-5]&amp#27;[0;39m &amp#27;[2m&amp#27;[0;39m&amp#27;[36mio.r2dbc.h2.client.SessionClient        &amp#27;[0;39m &amp#27;[2m:&amp#27;[0;39m Request:  ROLLBACK
&amp#27;[2m2025-08-17T16:47:03.381+01:00&amp#27;[0;39m &amp#27;[32mDEBUG&amp#27;[0;39m &amp#27;[35m26824&amp#27;[0;39m &amp#27;[2m---&amp#27;[0;39m &amp#27;[2m[transferer] [     parallel-5]&amp#27;[0;39m &amp#27;[2m&amp#27;[0;39m&amp#27;[36mo.s.r.c.R2dbcTransactionManager         &amp#27;[0;39m &amp#27;[2m:&amp#27;[0;39m Releasing R2DBC Connection [PooledConnection[io.r2dbc.h2.H2Connection@4ac0ed65]] after transaction
&amp#27;[2m2025-08-17T16:47:03.381+01:00&amp#27;[0;39m &amp#27;[32mDEBUG&amp#27;[0;39m &amp#27;[35m26824&amp#27;[0;39m &amp#27;[2m---&amp#27;[0;39m &amp#27;[2m[transferer] [     parallel-5]&amp#27;[0;39m &amp#27;[2m&amp#27;[0;39m&amp#27;[36mio.r2dbc.h2.client.SessionClient        &amp#27;[0;39m &amp#27;[2m:&amp#27;[0;39m Request:  SELECT CURRENT_TIMESTAMP
&amp#27;[2m2025-08-17T16:47:03.381+01:00&amp#27;[0;39m &amp#27;[32mDEBUG&amp#27;[0;39m &amp#27;[35m26824&amp#27;[0;39m &amp#27;[2m---&amp#27;[0;39m &amp#27;[2m[transferer] [     parallel-5]&amp#27;[0;39m &amp#27;[2m&amp#27;[0;39m&amp#27;[36mio.r2dbc.h2.client.SessionClient        &amp#27;[0;39m &amp#27;[2m:&amp#27;[0;39m Response: org.h2.result.LocalResult@69e573f7 columns: 1 rows: 1 pos: -1
&amp#27;[2m2025-08-17T16:47:03.381+01:00&amp#27;[0;39m &amp#27;[32mDEBUG&amp#27;[0;39m &amp#27;[35m26824&amp#27;[0;39m &amp#27;[2m---&amp#27;[0;39m &amp#27;[2m[transferer] [           main]&amp#27;[0;39m &amp#27;[2m&amp#27;[0;39m&amp#27;[36mio.r2dbc.h2.client.SessionClient        &amp#27;[0;39m &amp#27;[2m:&amp#27;[0;39m Request:  SELECT 1
&amp#27;[2m2025-08-17T16:47:03.381+01:00&amp#27;[0;39m &amp#27;[32mDEBUG&amp#27;[0;39m &amp#27;[35m26824&amp#27;[0;39m &amp#27;[2m---&amp#27;[0;39m &amp#27;[2m[transferer] [           main]&amp#27;[0;39m &amp#27;[2m&amp#27;[0;39m&amp#27;[36mio.r2dbc.h2.client.SessionClient        &amp#27;[0;39m &amp#27;[2m:&amp#27;[0;39m Response: org.h2.result.LocalResult@106802ea columns: 1 rows: 1 pos: -1
&amp#27;[2m2025-08-17T16:47:03.381+01:00&amp#27;[0;39m &amp#27;[32mDEBUG&amp#27;[0;39m &amp#27;[35m26824&amp#27;[0;39m &amp#27;[2m---&amp#27;[0;39m &amp#27;[2m[transferer] [           main]&amp#27;[0;39m &amp#27;[2m&amp#27;[0;39m&amp#27;[36mo.s.r2dbc.core.DefaultDatabaseClient    &amp#27;[0;39m &amp#27;[2m:&amp#27;[0;39m Executing SQL statement [DELETE FROM payments]
&amp#27;[2m2025-08-17T16:47:03.382+01:00&amp#27;[0;39m &amp#27;[32mDEBUG&amp#27;[0;39m &amp#27;[35m26824&amp#27;[0;39m &amp#27;[2m---&amp#27;[0;39m &amp#27;[2m[transferer] [           main]&amp#27;[0;39m &amp#27;[2m&amp#27;[0;39m&amp#27;[36mio.r2dbc.h2.client.SessionClient        &amp#27;[0;39m &amp#27;[2m:&amp#27;[0;39m Request:  DELETE FROM payments
&amp#27;[2m2025-08-17T16:47:03.382+01:00&amp#27;[0;39m &amp#27;[32mDEBUG&amp#27;[0;39m &amp#27;[35m26824&amp#27;[0;39m &amp#27;[2m---&amp#27;[0;39m &amp#27;[2m[transferer] [           main]&amp#27;[0;39m &amp#27;[2m&amp#27;[0;39m&amp#27;[36mio.r2dbc.h2.client.SessionClient        &amp#27;[0;39m &amp#27;[2m:&amp#27;[0;39m Request:  SELECT CURRENT_TIMESTAMP
&amp#27;[2m2025-08-17T16:47:03.382+01:00&amp#27;[0;39m &amp#27;[32mDEBUG&amp#27;[0;39m &amp#27;[35m26824&amp#27;[0;39m &amp#27;[2m---&amp#27;[0;39m &amp#27;[2m[transferer] [           main]&amp#27;[0;39m &amp#27;[2m&amp#27;[0;39m&amp#27;[36mio.r2dbc.h2.client.SessionClient        &amp#27;[0;39m &amp#27;[2m:&amp#27;[0;39m Response: org.h2.result.LocalResult@3d8bd881 columns: 1 rows: 1 pos: -1
&amp#27;[2m2025-08-17T16:47:03.382+01:00&amp#27;[0;39m &amp#27;[32mDEBUG&amp#27;[0;39m &amp#27;[35m26824&amp#27;[0;39m &amp#27;[2m---&amp#27;[0;39m &amp#27;[2m[transferer] [           main]&amp#27;[0;39m &amp#27;[2m&amp#27;[0;39m&amp#27;[36mio.r2dbc.h2.client.SessionClient        &amp#27;[0;39m &amp#27;[2m:&amp#27;[0;39m Request:  SELECT 1
&amp#27;[2m2025-08-17T16:47:03.382+01:00&amp#27;[0;39m &amp#27;[32mDEBUG&amp#27;[0;39m &amp#27;[35m26824&amp#27;[0;39m &amp#27;[2m---&amp#27;[0;39m &amp#27;[2m[transferer] [           main]&amp#27;[0;39m &amp#27;[2m&amp#27;[0;39m&amp#27;[36mio.r2dbc.h2.client.SessionClient        &amp#27;[0;39m &amp#27;[2m:&amp#27;[0;39m Response: org.h2.result.LocalResult@731ab49b columns: 1 rows: 1 pos: -1
&amp#27;[2m2025-08-17T16:47:03.382+01:00&amp#27;[0;39m &amp#27;[32mDEBUG&amp#27;[0;39m &amp#27;[35m26824&amp#27;[0;39m &amp#27;[2m---&amp#27;[0;39m &amp#27;[2m[transferer] [           main]&amp#27;[0;39m &amp#27;[2m&amp#27;[0;39m&amp#27;[36mo.s.r2dbc.core.DefaultDatabaseClient    &amp#27;[0;39m &amp#27;[2m:&amp#27;[0;39m Executing SQL statement [DELETE FROM transactions]
&amp#27;[2m2025-08-17T16:47:03.382+01:00&amp#27;[0;39m &amp#27;[32mDEBUG&amp#27;[0;39m &amp#27;[35m26824&amp#27;[0;39m &amp#27;[2m---&amp#27;[0;39m &amp#27;[2m[transferer] [           main]&amp#27;[0;39m &amp#27;[2m&amp#27;[0;39m&amp#27;[36mio.r2dbc.h2.client.SessionClient        &amp#27;[0;39m &amp#27;[2m:&amp#27;[0;39m Request:  DELETE FROM transactions
&amp#27;[2m2025-08-17T16:47:03.382+01:00&amp#27;[0;39m &amp#27;[32mDEBUG&amp#27;[0;39m &amp#27;[35m26824&amp#27;[0;39m &amp#27;[2m---&amp#27;[0;39m &amp#27;[2m[transferer] [           main]&amp#27;[0;39m &amp#27;[2m&amp#27;[0;39m&amp#27;[36mio.r2dbc.h2.client.SessionClient        &amp#27;[0;39m &amp#27;[2m:&amp#27;[0;39m Request:  SELECT CURRENT_TIMESTAMP
&amp#27;[2m2025-08-17T16:47:03.382+01:00&amp#27;[0;39m &amp#27;[32mDEBUG&amp#27;[0;39m &amp#27;[35m26824&amp#27;[0;39m &amp#27;[2m---&amp#27;[0;39m &amp#27;[2m[transferer] [           main]&amp#27;[0;39m &amp#27;[2m&amp#27;[0;39m&amp#27;[36mio.r2dbc.h2.client.SessionClient        &amp#27;[0;39m &amp#27;[2m:&amp#27;[0;39m Response: org.h2.result.LocalResult@2cdcfaa6 columns: 1 rows: 1 pos: -1
&amp#27;[2m2025-08-17T16:47:03.382+01:00&amp#27;[0;39m &amp#27;[32mDEBUG&amp#27;[0;39m &amp#27;[35m26824&amp#27;[0;39m &amp#27;[2m---&amp#27;[0;39m &amp#27;[2m[transferer] [           main]&amp#27;[0;39m &amp#27;[2m&amp#27;[0;39m&amp#27;[36mio.r2dbc.h2.client.SessionClient        &amp#27;[0;39m &amp#27;[2m:&amp#27;[0;39m Request:  SELECT 1
&amp#27;[2m2025-08-17T16:47:03.382+01:00&amp#27;[0;39m &amp#27;[32mDEBUG&amp#27;[0;39m &amp#27;[35m26824&amp#27;[0;39m &amp#27;[2m---&amp#27;[0;39m &amp#27;[2m[transferer] [           main]&amp#27;[0;39m &amp#27;[2m&amp#27;[0;39m&amp#27;[36mio.r2dbc.h2.client.SessionClient        &amp#27;[0;39m &amp#27;[2m:&amp#27;[0;39m Response: org.h2.result.LocalResult@4ff0706c columns: 1 rows: 1 pos: -1
&amp#27;[2m2025-08-17T16:47:03.382+01:00&amp#27;[0;39m &amp#27;[32mDEBUG&amp#27;[0;39m &amp#27;[35m26824&amp#27;[0;39m &amp#27;[2m---&amp#27;[0;39m &amp#27;[2m[transferer] [           main]&amp#27;[0;39m &amp#27;[2m&amp#27;[0;39m&amp#27;[36mo.s.r2dbc.core.DefaultDatabaseClient    &amp#27;[0;39m &amp#27;[2m:&amp#27;[0;39m Executing SQL statement [DELETE FROM accounts]
&amp#27;[2m2025-08-17T16:47:03.382+01:00&amp#27;[0;39m &amp#27;[32mDEBUG&amp#27;[0;39m &amp#27;[35m26824&amp#27;[0;39m &amp#27;[2m---&amp#27;[0;39m &amp#27;[2m[transferer] [           main]&amp#27;[0;39m &amp#27;[2m&amp#27;[0;39m&amp#27;[36mio.r2dbc.h2.client.SessionClient        &amp#27;[0;39m &amp#27;[2m:&amp#27;[0;39m Request:  DELETE FROM accounts
&amp#27;[2m2025-08-17T16:47:03.382+01:00&amp#27;[0;39m &amp#27;[32mDEBUG&amp#27;[0;39m &amp#27;[35m26824&amp#27;[0;39m &amp#27;[2m---&amp#27;[0;39m &amp#27;[2m[transferer] [           main]&amp#27;[0;39m &amp#27;[2m&amp#27;[0;39m&amp#27;[36mio.r2dbc.h2.client.SessionClient        &amp#27;[0;39m &amp#27;[2m:&amp#27;[0;39m Request:  SELECT CURRENT_TIMESTAMP
&amp#27;[2m2025-08-17T16:47:03.383+01:00&amp#27;[0;39m &amp#27;[32mDEBUG&amp#27;[0;39m &amp#27;[35m26824&amp#27;[0;39m &amp#27;[2m---&amp#27;[0;39m &amp#27;[2m[transferer] [           main]&amp#27;[0;39m &amp#27;[2m&amp#27;[0;39m&amp#27;[36mio.r2dbc.h2.client.SessionClient        &amp#27;[0;39m &amp#27;[2m:&amp#27;[0;39m Response: org.h2.result.LocalResult@66682e8f columns: 1 rows: 1 pos: -1
&amp#27;[2m2025-08-17T16:47:03.383+01:00&amp#27;[0;39m &amp#27;[32mDEBUG&amp#27;[0;39m &amp#27;[35m26824&amp#27;[0;39m &amp#27;[2m---&amp#27;[0;39m &amp#27;[2m[transferer] [           main]&amp#27;[0;39m &amp#27;[2m&amp#27;[0;39m&amp#27;[36mio.r2dbc.h2.client.SessionClient        &amp#27;[0;39m &amp#27;[2m:&amp#27;[0;39m Request:  SELECT 1
&amp#27;[2m2025-08-17T16:47:03.383+01:00&amp#27;[0;39m &amp#27;[32mDEBUG&amp#27;[0;39m &amp#27;[35m26824&amp#27;[0;39m &amp#27;[2m---&amp#27;[0;39m &amp#27;[2m[transferer] [           main]&amp#27;[0;39m &amp#27;[2m&amp#27;[0;39m&amp#27;[36mio.r2dbc.h2.client.SessionClient        &amp#27;[0;39m &amp#27;[2m:&amp#27;[0;39m Response: org.h2.result.LocalResult@2d2af12e columns: 1 rows: 1 pos: -1
&amp#27;[2m2025-08-17T16:47:03.383+01:00&amp#27;[0;39m &amp#27;[32mDEBUG&amp#27;[0;39m &amp#27;[35m26824&amp#27;[0;39m &amp#27;[2m---&amp#27;[0;39m &amp#27;[2m[transferer] [           main]&amp#27;[0;39m &amp#27;[2m&amp#27;[0;39m&amp#27;[36mo.s.r2dbc.core.DefaultDatabaseClient    &amp#27;[0;39m &amp#27;[2m:&amp#27;[0;39m Executing SQL statement [DELETE FROM outbox_events]
&amp#27;[2m2025-08-17T16:47:03.383+01:00&amp#27;[0;39m &amp#27;[32mDEBUG&amp#27;[0;39m &amp#27;[35m26824&amp#27;[0;39m &amp#27;[2m---&amp#27;[0;39m &amp#27;[2m[transferer] [           main]&amp#27;[0;39m &amp#27;[2m&amp#27;[0;39m&amp#27;[36mio.r2dbc.h2.client.SessionClient        &amp#27;[0;39m &amp#27;[2m:&amp#27;[0;39m Request:  DELETE FROM outbox_events
&amp#27;[2m2025-08-17T16:47:03.383+01:00&amp#27;[0;39m &amp#27;[32mDEBUG&amp#27;[0;39m &amp#27;[35m26824&amp#27;[0;39m &amp#27;[2m---&amp#27;[0;39m &amp#27;[2m[transferer] [           main]&amp#27;[0;39m &amp#27;[2m&amp#27;[0;39m&amp#27;[36mio.r2dbc.h2.client.SessionClient        &amp#27;[0;39m &amp#27;[2m:&amp#27;[0;39m Request:  SELECT CURRENT_TIMESTAMP
&amp#27;[2m2025-08-17T16:47:03.383+01:00&amp#27;[0;39m &amp#27;[32mDEBUG&amp#27;[0;39m &amp#27;[35m26824&amp#27;[0;39m &amp#27;[2m---&amp#27;[0;39m &amp#27;[2m[transferer] [           main]&amp#27;[0;39m &amp#27;[2m&amp#27;[0;39m&amp#27;[36mio.r2dbc.h2.client.SessionClient        &amp#27;[0;39m &amp#27;[2m:&amp#27;[0;39m Response: org.h2.result.LocalResult@4d0abb23 columns: 1 rows: 1 pos: -1
]]></system-out>
  </testcase>
  <testcase name="should_handle_payment_saga_progression" classname="com.transferer.payment.PaymentSagaDbIntegrationTest" time="0.481">
    <system-out><![CDATA[
  .   ____          _            __ _ _
 /\\ / ___'_ __ _ _(_)_ __  __ _ \ \ \ \
( ( )\___ | '_ | '_| | '_ \/ _` | \ \ \ \
 \\/  ___)| |_)| | | | | || (_| |  ) ) ) )
  '  |____| .__|_| |_|_| |_\__, | / / / /
 =========|_|==============|___/=/_/_/_/
&amp#27;[32m :: Spring Boot :: &amp#27;[39m              &amp#27;[2m (v3.2.0)&amp#27;[0;39m

&amp#27;[2m2025-08-17T16:47:03.393+01:00&amp#27;[0;39m &amp#27;[32m INFO&amp#27;[0;39m &amp#27;[35m26824&amp#27;[0;39m &amp#27;[2m---&amp#27;[0;39m &amp#27;[2m[transferer] [           main]&amp#27;[0;39m &amp#27;[2m&amp#27;[0;39m&amp#27;[36mc.t.p.PaymentSagaDbIntegrationTest      &amp#27;[0;39m &amp#27;[2m:&amp#27;[0;39m Starting PaymentSagaDbIntegrationTest using Java 24.0.2 with PID 26824 (started by bendrawer in /Users/bendrawer/transferer)
&amp#27;[2m2025-08-17T16:47:03.393+01:00&amp#27;[0;39m &amp#27;[32mDEBUG&amp#27;[0;39m &amp#27;[35m26824&amp#27;[0;39m &amp#27;[2m---&amp#27;[0;39m &amp#27;[2m[transferer] [           main]&amp#27;[0;39m &amp#27;[2m&amp#27;[0;39m&amp#27;[36mc.t.p.PaymentSagaDbIntegrationTest      &amp#27;[0;39m &amp#27;[2m:&amp#27;[0;39m Running with Spring Boot v3.2.0, Spring v6.1.1
&amp#27;[2m2025-08-17T16:47:03.393+01:00&amp#27;[0;39m &amp#27;[32m INFO&amp#27;[0;39m &amp#27;[35m26824&amp#27;[0;39m &amp#27;[2m---&amp#27;[0;39m &amp#27;[2m[transferer] [           main]&amp#27;[0;39m &amp#27;[2m&amp#27;[0;39m&amp#27;[36mc.t.p.PaymentSagaDbIntegrationTest      &amp#27;[0;39m &amp#27;[2m:&amp#27;[0;39m The following 1 profile is active: "test"
&amp#27;[2m2025-08-17T16:47:03.411+01:00&amp#27;[0;39m &amp#27;[32m INFO&amp#27;[0;39m &amp#27;[35m26824&amp#27;[0;39m &amp#27;[2m---&amp#27;[0;39m &amp#27;[2m[transferer] [           main]&amp#27;[0;39m &amp#27;[2m&amp#27;[0;39m&amp#27;[36m.s.d.r.c.RepositoryConfigurationDelegate&amp#27;[0;39m &amp#27;[2m:&amp#27;[0;39m Bootstrapping Spring Data R2DBC repositories in DEFAULT mode.
&amp#27;[2m2025-08-17T16:47:03.414+01:00&amp#27;[0;39m &amp#27;[32m INFO&amp#27;[0;39m &amp#27;[35m26824&amp#27;[0;39m &amp#27;[2m---&amp#27;[0;39m &amp#27;[2m[transferer] [           main]&amp#27;[0;39m &amp#27;[2m&amp#27;[0;39m&amp#27;[36m.s.d.r.c.RepositoryConfigurationDelegate&amp#27;[0;39m &amp#27;[2m:&amp#27;[0;39m Finished Spring Data repository scanning in 3 ms. Found 4 R2DBC repository interfaces.
&amp#27;[2m2025-08-17T16:47:03.436+01:00&amp#27;[0;39m &amp#27;[32mDEBUG&amp#27;[0;39m &amp#27;[35m26824&amp#27;[0;39m &amp#27;[2m---&amp#27;[0;39m &amp#27;[2m[transferer] [           main]&amp#27;[0;39m &amp#27;[2m&amp#27;[0;39m&amp#27;[36mc.t.shared.outbox.OutboxEventBus        &amp#27;[0;39m &amp#27;[2m:&amp#27;[0;39m Subscribed handler to event class: PaymentStepAdvancedEvent
&amp#27;[2m2025-08-17T16:47:03.436+01:00&amp#27;[0;39m &amp#27;[32mDEBUG&amp#27;[0;39m &amp#27;[35m26824&amp#27;[0;39m &amp#27;[2m---&amp#27;[0;39m &amp#27;[2m[transferer] [           main]&amp#27;[0;39m &amp#27;[2m&amp#27;[0;39m&amp#27;[36mc.t.shared.outbox.OutboxEventBus        &amp#27;[0;39m &amp#27;[2m:&amp#27;[0;39m Subscribed handler to event class: TransactionCreatedEvent
&amp#27;[2m2025-08-17T16:47:03.436+01:00&amp#27;[0;39m &amp#27;[32mDEBUG&amp#27;[0;39m &amp#27;[35m26824&amp#27;[0;39m &amp#27;[2m---&amp#27;[0;39m &amp#27;[2m[transferer] [           main]&amp#27;[0;39m &amp#27;[2m&amp#27;[0;39m&amp#27;[36mc.t.shared.outbox.OutboxEventBus        &amp#27;[0;39m &amp#27;[2m:&amp#27;[0;39m Subscribed handler to event class: AccountDebitedEvent
&amp#27;[2m2025-08-17T16:47:03.436+01:00&amp#27;[0;39m &amp#27;[32mDEBUG&amp#27;[0;39m &amp#27;[35m26824&amp#27;[0;39m &amp#27;[2m---&amp#27;[0;39m &amp#27;[2m[transferer] [           main]&amp#27;[0;39m &amp#27;[2m&amp#27;[0;39m&amp#27;[36mc.t.shared.outbox.OutboxEventBus        &amp#27;[0;39m &amp#27;[2m:&amp#27;[0;39m Subscribed handler to event class: AccountCreditedEvent
&amp#27;[2m2025-08-17T16:47:03.436+01:00&amp#27;[0;39m &amp#27;[32mDEBUG&amp#27;[0;39m &amp#27;[35m26824&amp#27;[0;39m &amp#27;[2m---&amp#27;[0;39m &amp#27;[2m[transferer] [           main]&amp#27;[0;39m &amp#27;[2m&amp#27;[0;39m&amp#27;[36mc.t.shared.outbox.OutboxEventBus        &amp#27;[0;39m &amp#27;[2m:&amp#27;[0;39m Subscribed handler to event class: TransactionCompletedEvent
&amp#27;[2m2025-08-17T16:47:03.436+01:00&amp#27;[0;39m &amp#27;[32mDEBUG&amp#27;[0;39m &amp#27;[35m26824&amp#27;[0;39m &amp#27;[2m---&amp#27;[0;39m &amp#27;[2m[transferer] [           main]&amp#27;[0;39m &amp#27;[2m&amp#27;[0;39m&amp#27;[36mc.t.shared.outbox.OutboxEventBus        &amp#27;[0;39m &amp#27;[2m:&amp#27;[0;39m Subscribed handler to event class: PaymentFailedEvent
&amp#27;[2m2025-08-17T16:47:03.438+01:00&amp#27;[0;39m &amp#27;[32mDEBUG&amp#27;[0;39m &amp#27;[35m26824&amp#27;[0;39m &amp#27;[2m---&amp#27;[0;39m &amp#27;[2m[transferer] [       single-1]&amp#27;[0;39m &amp#27;[2m&amp#27;[0;39m&amp#27;[36mio.r2dbc.h2.client.SessionClient        &amp#27;[0;39m &amp#27;[2m:&amp#27;[0;39m Request:  CALL H2VERSION()
&amp#27;[2m2025-08-17T16:47:03.438+01:00&amp#27;[0;39m &amp#27;[32mDEBUG&amp#27;[0;39m &amp#27;[35m26824&amp#27;[0;39m &amp#27;[2m---&amp#27;[0;39m &amp#27;[2m[transferer] [       single-1]&amp#27;[0;39m &amp#27;[2m&amp#27;[0;39m&amp#27;[36mio.r2dbc.h2.client.SessionClient        &amp#27;[0;39m &amp#27;[2m:&amp#27;[0;39m Response: org.h2.result.LocalResult@501ffe86 columns: 1 rows: 1 pos: -1
&amp#27;[2m2025-08-17T16:47:03.438+01:00&amp#27;[0;39m &amp#27;[32mDEBUG&amp#27;[0;39m &amp#27;[35m26824&amp#27;[0;39m &amp#27;[2m---&amp#27;[0;39m &amp#27;[2m[transferer] [       single-1]&amp#27;[0;39m &amp#27;[2m&amp#27;[0;39m&amp#27;[36mio.r2dbc.h2.client.SessionClient        &amp#27;[0;39m &amp#27;[2m:&amp#27;[0;39m Request:  SELECT 1
&amp#27;[2m2025-08-17T16:47:03.438+01:00&amp#27;[0;39m &amp#27;[32mDEBUG&amp#27;[0;39m &amp#27;[35m26824&amp#27;[0;39m &amp#27;[2m---&amp#27;[0;39m &amp#27;[2m[transferer] [       single-1]&amp#27;[0;39m &amp#27;[2m&amp#27;[0;39m&amp#27;[36mio.r2dbc.h2.client.SessionClient        &amp#27;[0;39m &amp#27;[2m:&amp#27;[0;39m Response: org.h2.result.LocalResult@63828776 columns: 1 rows: 1 pos: -1
&amp#27;[2m2025-08-17T16:47:03.438+01:00&amp#27;[0;39m &amp#27;[32mDEBUG&amp#27;[0;39m &amp#27;[35m26824&amp#27;[0;39m &amp#27;[2m---&amp#27;[0;39m &amp#27;[2m[transferer] [       single-1]&amp#27;[0;39m &amp#27;[2m&amp#27;[0;39m&amp#27;[36mo.s.r2dbc.connection.init.ScriptUtils   &amp#27;[0;39m &amp#27;[2m:&amp#27;[0;39m Executing SQL script from class path resource [test-schema.sql]
&amp#27;[2m2025-08-17T16:47:03.438+01:00&amp#27;[0;39m &amp#27;[32mDEBUG&amp#27;[0;39m &amp#27;[35m26824&amp#27;[0;39m &amp#27;[2m---&amp#27;[0;39m &amp#27;[2m[transferer] [       single-1]&amp#27;[0;39m &amp#27;[2m&amp#27;[0;39m&amp#27;[36mio.r2dbc.h2.client.SessionClient        &amp#27;[0;39m &amp#27;[2m:&amp#27;[0;39m Request:  CALL H2VERSION()
&amp#27;[2m2025-08-17T16:47:03.438+01:00&amp#27;[0;39m &amp#27;[32mDEBUG&amp#27;[0;39m &amp#27;[35m26824&amp#27;[0;39m &amp#27;[2m---&amp#27;[0;39m &amp#27;[2m[transferer] [       single-1]&amp#27;[0;39m &amp#27;[2m&amp#27;[0;39m&amp#27;[36mio.r2dbc.h2.client.SessionClient        &amp#27;[0;39m &amp#27;[2m:&amp#27;[0;39m Response: org.h2.result.LocalResult@753cc6dd columns: 1 rows: 1 pos: -1
&amp#27;[2m2025-08-17T16:47:03.439+01:00&amp#27;[0;39m &amp#27;[32mDEBUG&amp#27;[0;39m &amp#27;[35m26824&amp#27;[0;39m &amp#27;[2m---&amp#27;[0;39m &amp#27;[2m[transferer] [       single-1]&amp#27;[0;39m &amp#27;[2m&amp#27;[0;39m&amp#27;[36mio.r2dbc.h2.client.SessionClient        &amp#27;[0;39m &amp#27;[2m:&amp#27;[0;39m Request:  CALL H2VERSION()
&amp#27;[2m2025-08-17T16:47:03.439+01:00&amp#27;[0;39m &amp#27;[32mDEBUG&amp#27;[0;39m &amp#27;[35m26824&amp#27;[0;39m &amp#27;[2m---&amp#27;[0;39m &amp#27;[2m[transferer] [       single-1]&amp#27;[0;39m &amp#27;[2m&amp#27;[0;39m&amp#27;[36mio.r2dbc.h2.client.SessionClient        &amp#27;[0;39m &amp#27;[2m:&amp#27;[0;39m Response: org.h2.result.LocalResult@5a78fd32 columns: 1 rows: 1 pos: -1
&amp#27;[2m2025-08-17T16:47:03.439+01:00&amp#27;[0;39m &amp#27;[32mDEBUG&amp#27;[0;39m &amp#27;[35m26824&amp#27;[0;39m &amp#27;[2m---&amp#27;[0;39m &amp#27;[2m[transferer] [       single-1]&amp#27;[0;39m &amp#27;[2m&amp#27;[0;39m&amp#27;[36mio.r2dbc.h2.client.SessionClient        &amp#27;[0;39m &amp#27;[2m:&amp#27;[0;39m Request:  CALL H2VERSION()
&amp#27;[2m2025-08-17T16:47:03.439+01:00&amp#27;[0;39m &amp#27;[32mDEBUG&amp#27;[0;39m &amp#27;[35m26824&amp#27;[0;39m &amp#27;[2m---&amp#27;[0;39m &amp#27;[2m[transferer] [       single-1]&amp#27;[0;39m &amp#27;[2m&amp#27;[0;39m&amp#27;[36mio.r2dbc.h2.client.SessionClient        &amp#27;[0;39m &amp#27;[2m:&amp#27;[0;39m Response: org.h2.result.LocalResult@496c8714 columns: 1 rows: 1 pos: -1
&amp#27;[2m2025-08-17T16:47:03.439+01:00&amp#27;[0;39m &amp#27;[32mDEBUG&amp#27;[0;39m &amp#27;[35m26824&amp#27;[0;39m &amp#27;[2m---&amp#27;[0;39m &amp#27;[2m[transferer] [       single-1]&amp#27;[0;39m &amp#27;[2m&amp#27;[0;39m&amp#27;[36mio.r2dbc.h2.client.SessionClient        &amp#27;[0;39m &amp#27;[2m:&amp#27;[0;39m Request:  CALL H2VERSION()
&amp#27;[2m2025-08-17T16:47:03.439+01:00&amp#27;[0;39m &amp#27;[32mDEBUG&amp#27;[0;39m &amp#27;[35m26824&amp#27;[0;39m &amp#27;[2m---&amp#27;[0;39m &amp#27;[2m[transferer] [       single-1]&amp#27;[0;39m &amp#27;[2m&amp#27;[0;39m&amp#27;[36mio.r2dbc.h2.client.SessionClient        &amp#27;[0;39m &amp#27;[2m:&amp#27;[0;39m Response: org.h2.result.LocalResult@3ea21078 columns: 1 rows: 1 pos: -1
&amp#27;[2m2025-08-17T16:47:03.439+01:00&amp#27;[0;39m &amp#27;[32mDEBUG&amp#27;[0;39m &amp#27;[35m26824&amp#27;[0;39m &amp#27;[2m---&amp#27;[0;39m &amp#27;[2m[transferer] [       single-1]&amp#27;[0;39m &amp#27;[2m&amp#27;[0;39m&amp#27;[36mio.r2dbc.h2.client.SessionClient        &amp#27;[0;39m &amp#27;[2m:&amp#27;[0;39m Request:  CALL H2VERSION()
&amp#27;[2m2025-08-17T16:47:03.439+01:00&amp#27;[0;39m &amp#27;[32mDEBUG&amp#27;[0;39m &amp#27;[35m26824&amp#27;[0;39m &amp#27;[2m---&amp#27;[0;39m &amp#27;[2m[transferer] [       single-1]&amp#27;[0;39m &amp#27;[2m&amp#27;[0;39m&amp#27;[36mio.r2dbc.h2.client.SessionClient        &amp#27;[0;39m &amp#27;[2m:&amp#27;[0;39m Response: org.h2.result.LocalResult@2dbb235f columns: 1 rows: 1 pos: -1
&amp#27;[2m2025-08-17T16:47:03.439+01:00&amp#27;[0;39m &amp#27;[32mDEBUG&amp#27;[0;39m &amp#27;[35m26824&amp#27;[0;39m &amp#27;[2m---&amp#27;[0;39m &amp#27;[2m[transferer] [       Thread-2]&amp#27;[0;39m &amp#27;[2m&amp#27;[0;39m&amp#27;[36mio.r2dbc.h2.client.SessionClient        &amp#27;[0;39m &amp#27;[2m:&amp#27;[0;39m Request:  CREATE TABLE IF NOT EXISTS accounts ( id VARCHAR(255) PRIMARY KEY, account_number VARCHAR(20) UNIQUE NOT NULL, holder_name VARCHAR(255) NOT NULL, balance DECIMAL(19,2) NOT NULL DEFAULT 0.00, status VARCHAR(20) NOT NULL DEFAULT 'ACTIVE', created_at TIMESTAMP NOT NULL DEFAULT CURRENT_TIMESTAMP, updated_at TIMESTAMP NOT NULL DEFAULT CURRENT_TIMESTAMP )
&amp#27;[2m2025-08-17T16:47:03.439+01:00&amp#27;[0;39m &amp#27;[32mDEBUG&amp#27;[0;39m &amp#27;[35m26824&amp#27;[0;39m &amp#27;[2m---&amp#27;[0;39m &amp#27;[2m[transferer] [       single-1]&amp#27;[0;39m &amp#27;[2m&amp#27;[0;39m&amp#27;[36mio.r2dbc.h2.client.SessionClient        &amp#27;[0;39m &amp#27;[2m:&amp#27;[0;39m Request:  CALL H2VERSION()
&amp#27;[2m2025-08-17T16:47:03.439+01:00&amp#27;[0;39m &amp#27;[32mDEBUG&amp#27;[0;39m &amp#27;[35m26824&amp#27;[0;39m &amp#27;[2m---&amp#27;[0;39m &amp#27;[2m[transferer] [       single-1]&amp#27;[0;39m &amp#27;[2m&amp#27;[0;39m&amp#27;[36mio.r2dbc.h2.client.SessionClient        &amp#27;[0;39m &amp#27;[2m:&amp#27;[0;39m Response: org.h2.result.LocalResult@30b7cab7 columns: 1 rows: 1 pos: -1
&amp#27;[2m2025-08-17T16:47:03.439+01:00&amp#27;[0;39m &amp#27;[32mDEBUG&amp#27;[0;39m &amp#27;[35m26824&amp#27;[0;39m &amp#27;[2m---&amp#27;[0;39m &amp#27;[2m[transferer] [       Thread-2]&amp#27;[0;39m &amp#27;[2m&amp#27;[0;39m&amp#27;[36mo.s.r2dbc.connection.init.ScriptUtils   &amp#27;[0;39m &amp#27;[2m:&amp#27;[0;39m 0 returned as update count for SQL: CREATE TABLE IF NOT EXISTS accounts ( id VARCHAR(255) PRIMARY KEY, account_number VARCHAR(20) UNIQUE NOT NULL, holder_name VARCHAR(255) NOT NULL, balance DECIMAL(19,2) NOT NULL DEFAULT 0.00, status VARCHAR(20) NOT NULL DEFAULT 'ACTIVE', created_at TIMESTAMP NOT NULL DEFAULT CURRENT_TIMESTAMP, updated_at TIMESTAMP NOT NULL DEFAULT CURRENT_TIMESTAMP )
&amp#27;[2m2025-08-17T16:47:03.439+01:00&amp#27;[0;39m &amp#27;[32mDEBUG&amp#27;[0;39m &amp#27;[35m26824&amp#27;[0;39m &amp#27;[2m---&amp#27;[0;39m &amp#27;[2m[transferer] [       Thread-2]&amp#27;[0;39m &amp#27;[2m&amp#27;[0;39m&amp#27;[36mio.r2dbc.h2.client.SessionClient        &amp#27;[0;39m &amp#27;[2m:&amp#27;[0;39m Request:  CREATE INDEX IF NOT EXISTS idx_accounts_account_number ON accounts (account_number)
&amp#27;[2m2025-08-17T16:47:03.439+01:00&amp#27;[0;39m &amp#27;[32mDEBUG&amp#27;[0;39m &amp#27;[35m26824&amp#27;[0;39m &amp#27;[2m---&amp#27;[0;39m &amp#27;[2m[transferer] [       single-1]&amp#27;[0;39m &amp#27;[2m&amp#27;[0;39m&amp#27;[36mio.r2dbc.h2.client.SessionClient        &amp#27;[0;39m &amp#27;[2m:&amp#27;[0;39m Request:  CALL H2VERSION()
&amp#27;[2m2025-08-17T16:47:03.439+01:00&amp#27;[0;39m &amp#27;[32mDEBUG&amp#27;[0;39m &amp#27;[35m26824&amp#27;[0;39m &amp#27;[2m---&amp#27;[0;39m &amp#27;[2m[transferer] [       Thread-2]&amp#27;[0;39m &amp#27;[2m&amp#27;[0;39m&amp#27;[36mo.s.r2dbc.connection.init.ScriptUtils   &amp#27;[0;39m &amp#27;[2m:&amp#27;[0;39m 0 returned as update count for SQL: CREATE INDEX IF NOT EXISTS idx_accounts_account_number ON accounts (account_number)
&amp#27;[2m2025-08-17T16:47:03.439+01:00&amp#27;[0;39m &amp#27;[32mDEBUG&amp#27;[0;39m &amp#27;[35m26824&amp#27;[0;39m &amp#27;[2m---&amp#27;[0;39m &amp#27;[2m[transferer] [       single-1]&amp#27;[0;39m &amp#27;[2m&amp#27;[0;39m&amp#27;[36mio.r2dbc.h2.client.SessionClient        &amp#27;[0;39m &amp#27;[2m:&amp#27;[0;39m Response: org.h2.result.LocalResult@1d4ebf92 columns: 1 rows: 1 pos: -1
&amp#27;[2m2025-08-17T16:47:03.439+01:00&amp#27;[0;39m &amp#27;[32mDEBUG&amp#27;[0;39m &amp#27;[35m26824&amp#27;[0;39m &amp#27;[2m---&amp#27;[0;39m &amp#27;[2m[transferer] [       Thread-2]&amp#27;[0;39m &amp#27;[2m&amp#27;[0;39m&amp#27;[36mio.r2dbc.h2.client.SessionClient        &amp#27;[0;39m &amp#27;[2m:&amp#27;[0;39m Request:  CREATE INDEX IF NOT EXISTS idx_accounts_status ON accounts (status)
&amp#27;[2m2025-08-17T16:47:03.439+01:00&amp#27;[0;39m &amp#27;[32mDEBUG&amp#27;[0;39m &amp#27;[35m26824&amp#27;[0;39m &amp#27;[2m---&amp#27;[0;39m &amp#27;[2m[transferer] [       Thread-2]&amp#27;[0;39m &amp#27;[2m&amp#27;[0;39m&amp#27;[36mo.s.r2dbc.connection.init.ScriptUtils   &amp#27;[0;39m &amp#27;[2m:&amp#27;[0;39m 0 returned as update count for SQL: CREATE INDEX IF NOT EXISTS idx_accounts_status ON accounts (status)
&amp#27;[2m2025-08-17T16:47:03.439+01:00&amp#27;[0;39m &amp#27;[32mDEBUG&amp#27;[0;39m &amp#27;[35m26824&amp#27;[0;39m &amp#27;[2m---&amp#27;[0;39m &amp#27;[2m[transferer] [       single-1]&amp#27;[0;39m &amp#27;[2m&amp#27;[0;39m&amp#27;[36mio.r2dbc.h2.client.SessionClient        &amp#27;[0;39m &amp#27;[2m:&amp#27;[0;39m Request:  CALL H2VERSION()
&amp#27;[2m2025-08-17T16:47:03.439+01:00&amp#27;[0;39m &amp#27;[32mDEBUG&amp#27;[0;39m &amp#27;[35m26824&amp#27;[0;39m &amp#27;[2m---&amp#27;[0;39m &amp#27;[2m[transferer] [       single-1]&amp#27;[0;39m &amp#27;[2m&amp#27;[0;39m&amp#27;[36mio.r2dbc.h2.client.SessionClient        &amp#27;[0;39m &amp#27;[2m:&amp#27;[0;39m Response: org.h2.result.LocalResult@33c15d93 columns: 1 rows: 1 pos: -1
&amp#27;[2m2025-08-17T16:47:03.439+01:00&amp#27;[0;39m &amp#27;[32mDEBUG&amp#27;[0;39m &amp#27;[35m26824&amp#27;[0;39m &amp#27;[2m---&amp#27;[0;39m &amp#27;[2m[transferer] [       Thread-2]&amp#27;[0;39m &amp#27;[2m&amp#27;[0;39m&amp#27;[36mio.r2dbc.h2.client.SessionClient        &amp#27;[0;39m &amp#27;[2m:&amp#27;[0;39m Request:  CREATE TABLE IF NOT EXISTS transactions ( id VARCHAR(255) PRIMARY KEY, sender_account_id VARCHAR(255) NOT NULL, recipient_account_id VARCHAR(255) NOT NULL, amount DECIMAL(19,2) NOT NULL, status VARCHAR(20) NOT NULL DEFAULT 'PENDING', description TEXT, created_at TIMESTAMP NOT NULL DEFAULT CURRENT_TIMESTAMP, updated_at TIMESTAMP NOT NULL DEFAULT CURRENT_TIMESTAMP, completed_at TIMESTAMP NULL, CONSTRAINT fk_transactions_sender FOREIGN KEY (sender_account_id) REFERENCES accounts(id), CONSTRAINT fk_transactions_recipient FOREIGN KEY (recipient_account_id) REFERENCES accounts(id), CONSTRAINT chk_transactions_amount_positive CHECK (amount > 0), CONSTRAINT chk_transactions_different_accounts CHECK (sender_account_id != recipient_account_id) )
&amp#27;[2m2025-08-17T16:47:03.439+01:00&amp#27;[0;39m &amp#27;[32mDEBUG&amp#27;[0;39m &amp#27;[35m26824&amp#27;[0;39m &amp#27;[2m---&amp#27;[0;39m &amp#27;[2m[transferer] [       Thread-2]&amp#27;[0;39m &amp#27;[2m&amp#27;[0;39m&amp#27;[36mo.s.r2dbc.connection.init.ScriptUtils   &amp#27;[0;39m &amp#27;[2m:&amp#27;[0;39m 0 returned as update count for SQL: CREATE TABLE IF NOT EXISTS transactions ( id VARCHAR(255) PRIMARY KEY, sender_account_id VARCHAR(255) NOT NULL, recipient_account_id VARCHAR(255) NOT NULL, amount DECIMAL(19,2) NOT NULL, status VARCHAR(20) NOT NULL DEFAULT 'PENDING', description TEXT, created_at TIMESTAMP NOT NULL DEFAULT CURRENT_TIMESTAMP, updated_at TIMESTAMP NOT NULL DEFAULT CURRENT_TIMESTAMP, completed_at TIMESTAMP NULL, CONSTRAINT fk_transactions_sender FOREIGN KEY (sender_account_id) REFERENCES accounts(id), CONSTRAINT fk_transactions_recipient FOREIGN KEY (recipient_account_id) REFERENCES accounts(id), CONSTRAINT chk_transactions_amount_positive CHECK (amount > 0), CONSTRAINT chk_transactions_different_accounts CHECK (sender_account_id != recipient_account_id) )
&amp#27;[2m2025-08-17T16:47:03.439+01:00&amp#27;[0;39m &amp#27;[32mDEBUG&amp#27;[0;39m &amp#27;[35m26824&amp#27;[0;39m &amp#27;[2m---&amp#27;[0;39m &amp#27;[2m[transferer] [       Thread-2]&amp#27;[0;39m &amp#27;[2m&amp#27;[0;39m&amp#27;[36mio.r2dbc.h2.client.SessionClient        &amp#27;[0;39m &amp#27;[2m:&amp#27;[0;39m Request:  CREATE INDEX IF NOT EXISTS idx_transactions_sender_account_id ON transactions (sender_account_id)
&amp#27;[2m2025-08-17T16:47:03.439+01:00&amp#27;[0;39m &amp#27;[32mDEBUG&amp#27;[0;39m &amp#27;[35m26824&amp#27;[0;39m &amp#27;[2m---&amp#27;[0;39m &amp#27;[2m[transferer] [       Thread-2]&amp#27;[0;39m &amp#27;[2m&amp#27;[0;39m&amp#27;[36mo.s.r2dbc.connection.init.ScriptUtils   &amp#27;[0;39m &amp#27;[2m:&amp#27;[0;39m 0 returned as update count for SQL: CREATE INDEX IF NOT EXISTS idx_transactions_sender_account_id ON transactions (sender_account_id)
&amp#27;[2m2025-08-17T16:47:03.439+01:00&amp#27;[0;39m &amp#27;[32mDEBUG&amp#27;[0;39m &amp#27;[35m26824&amp#27;[0;39m &amp#27;[2m---&amp#27;[0;39m &amp#27;[2m[transferer] [       single-1]&amp#27;[0;39m &amp#27;[2m&amp#27;[0;39m&amp#27;[36mio.r2dbc.h2.client.SessionClient        &amp#27;[0;39m &amp#27;[2m:&amp#27;[0;39m Request:  CALL H2VERSION()
&amp#27;[2m2025-08-17T16:47:03.440+01:00&amp#27;[0;39m &amp#27;[32mDEBUG&amp#27;[0;39m &amp#27;[35m26824&amp#27;[0;39m &amp#27;[2m---&amp#27;[0;39m &amp#27;[2m[transferer] [       single-1]&amp#27;[0;39m &amp#27;[2m&amp#27;[0;39m&amp#27;[36mio.r2dbc.h2.client.SessionClient        &amp#27;[0;39m &amp#27;[2m:&amp#27;[0;39m Response: org.h2.result.LocalResult@4714216f columns: 1 rows: 1 pos: -1
&amp#27;[2m2025-08-17T16:47:03.440+01:00&amp#27;[0;39m &amp#27;[32mDEBUG&amp#27;[0;39m &amp#27;[35m26824&amp#27;[0;39m &amp#27;[2m---&amp#27;[0;39m &amp#27;[2m[transferer] [       Thread-2]&amp#27;[0;39m &amp#27;[2m&amp#27;[0;39m&amp#27;[36mio.r2dbc.h2.client.SessionClient        &amp#27;[0;39m &amp#27;[2m:&amp#27;[0;39m Request:  CREATE INDEX IF NOT EXISTS idx_transactions_recipient_account_id ON transactions (recipient_account_id)
&amp#27;[2m2025-08-17T16:47:03.440+01:00&amp#27;[0;39m &amp#27;[32mDEBUG&amp#27;[0;39m &amp#27;[35m26824&amp#27;[0;39m &amp#27;[2m---&amp#27;[0;39m &amp#27;[2m[transferer] [       Thread-2]&amp#27;[0;39m &amp#27;[2m&amp#27;[0;39m&amp#27;[36mo.s.r2dbc.connection.init.ScriptUtils   &amp#27;[0;39m &amp#27;[2m:&amp#27;[0;39m 0 returned as update count for SQL: CREATE INDEX IF NOT EXISTS idx_transactions_recipient_account_id ON transactions (recipient_account_id)
&amp#27;[2m2025-08-17T16:47:03.440+01:00&amp#27;[0;39m &amp#27;[32mDEBUG&amp#27;[0;39m &amp#27;[35m26824&amp#27;[0;39m &amp#27;[2m---&amp#27;[0;39m &amp#27;[2m[transferer] [       Thread-2]&amp#27;[0;39m &amp#27;[2m&amp#27;[0;39m&amp#27;[36mio.r2dbc.h2.client.SessionClient        &amp#27;[0;39m &amp#27;[2m:&amp#27;[0;39m Request:  CREATE INDEX IF NOT EXISTS idx_transactions_status ON transactions (status)
&amp#27;[2m2025-08-17T16:47:03.440+01:00&amp#27;[0;39m &amp#27;[32mDEBUG&amp#27;[0;39m &amp#27;[35m26824&amp#27;[0;39m &amp#27;[2m---&amp#27;[0;39m &amp#27;[2m[transferer] [       Thread-2]&amp#27;[0;39m &amp#27;[2m&amp#27;[0;39m&amp#27;[36mo.s.r2dbc.connection.init.ScriptUtils   &amp#27;[0;39m &amp#27;[2m:&amp#27;[0;39m 0 returned as update count for SQL: CREATE INDEX IF NOT EXISTS idx_transactions_status ON transactions (status)
&amp#27;[2m2025-08-17T16:47:03.440+01:00&amp#27;[0;39m &amp#27;[32mDEBUG&amp#27;[0;39m &amp#27;[35m26824&amp#27;[0;39m &amp#27;[2m---&amp#27;[0;39m &amp#27;[2m[transferer] [       Thread-2]&amp#27;[0;39m &amp#27;[2m&amp#27;[0;39m&amp#27;[36mio.r2dbc.h2.client.SessionClient        &amp#27;[0;39m &amp#27;[2m:&amp#27;[0;39m Request:  CREATE INDEX IF NOT EXISTS idx_transactions_created_at ON transactions (created_at)
&amp#27;[2m2025-08-17T16:47:03.440+01:00&amp#27;[0;39m &amp#27;[32mDEBUG&amp#27;[0;39m &amp#27;[35m26824&amp#27;[0;39m &amp#27;[2m---&amp#27;[0;39m &amp#27;[2m[transferer] [       Thread-2]&amp#27;[0;39m &amp#27;[2m&amp#27;[0;39m&amp#27;[36mo.s.r2dbc.connection.init.ScriptUtils   &amp#27;[0;39m &amp#27;[2m:&amp#27;[0;39m 0 returned as update count for SQL: CREATE INDEX IF NOT EXISTS idx_transactions_created_at ON transactions (created_at)
&amp#27;[2m2025-08-17T16:47:03.440+01:00&amp#27;[0;39m &amp#27;[32mDEBUG&amp#27;[0;39m &amp#27;[35m26824&amp#27;[0;39m &amp#27;[2m---&amp#27;[0;39m &amp#27;[2m[transferer] [       Thread-2]&amp#27;[0;39m &amp#27;[2m&amp#27;[0;39m&amp#27;[36mio.r2dbc.h2.client.SessionClient        &amp#27;[0;39m &amp#27;[2m:&amp#27;[0;39m Request:  CREATE TABLE IF NOT EXISTS payments ( id VARCHAR(255) PRIMARY KEY, transaction_id VARCHAR(255), sender_account_id VARCHAR(255) NOT NULL, recipient_account_id VARCHAR(255) NOT NULL, amount DECIMAL(19,2) NOT NULL, description TEXT, status VARCHAR(20) NOT NULL DEFAULT 'PENDING', current_step VARCHAR(50) NOT NULL DEFAULT 'INITIATED', failure_reason TEXT, created_at TIMESTAMP NOT NULL DEFAULT CURRENT_TIMESTAMP, updated_at TIMESTAMP NOT NULL DEFAULT CURRENT_TIMESTAMP, completed_at TIMESTAMP NULL, CONSTRAINT fk_payments_transaction FOREIGN KEY (transaction_id) REFERENCES transactions(id), CONSTRAINT fk_payments_sender FOREIGN KEY (sender_account_id) REFERENCES accounts(id), CONSTRAINT fk_payments_recipient FOREIGN KEY (recipient_account_id) REFERENCES accounts(id), CONSTRAINT chk_payments_amount_positive CHECK (amount > 0), CONSTRAINT chk_payments_different_accounts CHECK (sender_account_id != recipient_account_id) )
&amp#27;[2m2025-08-17T16:47:03.440+01:00&amp#27;[0;39m &amp#27;[32mDEBUG&amp#27;[0;39m &amp#27;[35m26824&amp#27;[0;39m &amp#27;[2m---&amp#27;[0;39m &amp#27;[2m[transferer] [       Thread-2]&amp#27;[0;39m &amp#27;[2m&amp#27;[0;39m&amp#27;[36mo.s.r2dbc.connection.init.ScriptUtils   &amp#27;[0;39m &amp#27;[2m:&amp#27;[0;39m 0 returned as update count for SQL: CREATE TABLE IF NOT EXISTS payments ( id VARCHAR(255) PRIMARY KEY, transaction_id VARCHAR(255), sender_account_id VARCHAR(255) NOT NULL, recipient_account_id VARCHAR(255) NOT NULL, amount DECIMAL(19,2) NOT NULL, description TEXT, status VARCHAR(20) NOT NULL DEFAULT 'PENDING', current_step VARCHAR(50) NOT NULL DEFAULT 'INITIATED', failure_reason TEXT, created_at TIMESTAMP NOT NULL DEFAULT CURRENT_TIMESTAMP, updated_at TIMESTAMP NOT NULL DEFAULT CURRENT_TIMESTAMP, completed_at TIMESTAMP NULL, CONSTRAINT fk_payments_transaction FOREIGN KEY (transaction_id) REFERENCES transactions(id), CONSTRAINT fk_payments_sender FOREIGN KEY (sender_account_id) REFERENCES accounts(id), CONSTRAINT fk_payments_recipient FOREIGN KEY (recipient_account_id) REFERENCES accounts(id), CONSTRAINT chk_payments_amount_positive CHECK (amount > 0), CONSTRAINT chk_payments_different_accounts CHECK (sender_account_id != recipient_account_id) )
&amp#27;[2m2025-08-17T16:47:03.440+01:00&amp#27;[0;39m &amp#27;[32mDEBUG&amp#27;[0;39m &amp#27;[35m26824&amp#27;[0;39m &amp#27;[2m---&amp#27;[0;39m &amp#27;[2m[transferer] [       Thread-2]&amp#27;[0;39m &amp#27;[2m&amp#27;[0;39m&amp#27;[36mio.r2dbc.h2.client.SessionClient        &amp#27;[0;39m &amp#27;[2m:&amp#27;[0;39m Request:  CREATE INDEX IF NOT EXISTS idx_payments_transaction_id ON payments (transaction_id)
&amp#27;[2m2025-08-17T16:47:03.440+01:00&amp#27;[0;39m &amp#27;[32mDEBUG&amp#27;[0;39m &amp#27;[35m26824&amp#27;[0;39m &amp#27;[2m---&amp#27;[0;39m &amp#27;[2m[transferer] [       Thread-2]&amp#27;[0;39m &amp#27;[2m&amp#27;[0;39m&amp#27;[36mo.s.r2dbc.connection.init.ScriptUtils   &amp#27;[0;39m &amp#27;[2m:&amp#27;[0;39m 0 returned as update count for SQL: CREATE INDEX IF NOT EXISTS idx_payments_transaction_id ON payments (transaction_id)
&amp#27;[2m2025-08-17T16:47:03.440+01:00&amp#27;[0;39m &amp#27;[32mDEBUG&amp#27;[0;39m &amp#27;[35m26824&amp#27;[0;39m &amp#27;[2m---&amp#27;[0;39m &amp#27;[2m[transferer] [       Thread-2]&amp#27;[0;39m &amp#27;[2m&amp#27;[0;39m&amp#27;[36mio.r2dbc.h2.client.SessionClient        &amp#27;[0;39m &amp#27;[2m:&amp#27;[0;39m Request:  CREATE INDEX IF NOT EXISTS idx_payments_sender_account_id ON payments (sender_account_id)
&amp#27;[2m2025-08-17T16:47:03.440+01:00&amp#27;[0;39m &amp#27;[32mDEBUG&amp#27;[0;39m &amp#27;[35m26824&amp#27;[0;39m &amp#27;[2m---&amp#27;[0;39m &amp#27;[2m[transferer] [       Thread-2]&amp#27;[0;39m &amp#27;[2m&amp#27;[0;39m&amp#27;[36mo.s.r2dbc.connection.init.ScriptUtils   &amp#27;[0;39m &amp#27;[2m:&amp#27;[0;39m 0 returned as update count for SQL: CREATE INDEX IF NOT EXISTS idx_payments_sender_account_id ON payments (sender_account_id)
&amp#27;[2m2025-08-17T16:47:03.440+01:00&amp#27;[0;39m &amp#27;[32mDEBUG&amp#27;[0;39m &amp#27;[35m26824&amp#27;[0;39m &amp#27;[2m---&amp#27;[0;39m &amp#27;[2m[transferer] [       Thread-2]&amp#27;[0;39m &amp#27;[2m&amp#27;[0;39m&amp#27;[36mio.r2dbc.h2.client.SessionClient        &amp#27;[0;39m &amp#27;[2m:&amp#27;[0;39m Request:  CREATE INDEX IF NOT EXISTS idx_payments_recipient_account_id ON payments (recipient_account_id)
&amp#27;[2m2025-08-17T16:47:03.440+01:00&amp#27;[0;39m &amp#27;[32mDEBUG&amp#27;[0;39m &amp#27;[35m26824&amp#27;[0;39m &amp#27;[2m---&amp#27;[0;39m &amp#27;[2m[transferer] [       Thread-2]&amp#27;[0;39m &amp#27;[2m&amp#27;[0;39m&amp#27;[36mo.s.r2dbc.connection.init.ScriptUtils   &amp#27;[0;39m &amp#27;[2m:&amp#27;[0;39m 0 returned as update count for SQL: CREATE INDEX IF NOT EXISTS idx_payments_recipient_account_id ON payments (recipient_account_id)
&amp#27;[2m2025-08-17T16:47:03.440+01:00&amp#27;[0;39m &amp#27;[32mDEBUG&amp#27;[0;39m &amp#27;[35m26824&amp#27;[0;39m &amp#27;[2m---&amp#27;[0;39m &amp#27;[2m[transferer] [       Thread-2]&amp#27;[0;39m &amp#27;[2m&amp#27;[0;39m&amp#27;[36mio.r2dbc.h2.client.SessionClient        &amp#27;[0;39m &amp#27;[2m:&amp#27;[0;39m Request:  CREATE INDEX IF NOT EXISTS idx_payments_status ON payments (status)
&amp#27;[2m2025-08-17T16:47:03.440+01:00&amp#27;[0;39m &amp#27;[32mDEBUG&amp#27;[0;39m &amp#27;[35m26824&amp#27;[0;39m &amp#27;[2m---&amp#27;[0;39m &amp#27;[2m[transferer] [       Thread-2]&amp#27;[0;39m &amp#27;[2m&amp#27;[0;39m&amp#27;[36mo.s.r2dbc.connection.init.ScriptUtils   &amp#27;[0;39m &amp#27;[2m:&amp#27;[0;39m 0 returned as update count for SQL: CREATE INDEX IF NOT EXISTS idx_payments_status ON payments (status)
&amp#27;[2m2025-08-17T16:47:03.440+01:00&amp#27;[0;39m &amp#27;[32mDEBUG&amp#27;[0;39m &amp#27;[35m26824&amp#27;[0;39m &amp#27;[2m---&amp#27;[0;39m &amp#27;[2m[transferer] [       Thread-2]&amp#27;[0;39m &amp#27;[2m&amp#27;[0;39m&amp#27;[36mio.r2dbc.h2.client.SessionClient        &amp#27;[0;39m &amp#27;[2m:&amp#27;[0;39m Request:  CREATE INDEX IF NOT EXISTS idx_payments_current_step ON payments (current_step)
&amp#27;[2m2025-08-17T16:47:03.440+01:00&amp#27;[0;39m &amp#27;[32mDEBUG&amp#27;[0;39m &amp#27;[35m26824&amp#27;[0;39m &amp#27;[2m---&amp#27;[0;39m &amp#27;[2m[transferer] [       Thread-2]&amp#27;[0;39m &amp#27;[2m&amp#27;[0;39m&amp#27;[36mo.s.r2dbc.connection.init.ScriptUtils   &amp#27;[0;39m &amp#27;[2m:&amp#27;[0;39m 0 returned as update count for SQL: CREATE INDEX IF NOT EXISTS idx_payments_current_step ON payments (current_step)
&amp#27;[2m2025-08-17T16:47:03.440+01:00&amp#27;[0;39m &amp#27;[32mDEBUG&amp#27;[0;39m &amp#27;[35m26824&amp#27;[0;39m &amp#27;[2m---&amp#27;[0;39m &amp#27;[2m[transferer] [       Thread-2]&amp#27;[0;39m &amp#27;[2m&amp#27;[0;39m&amp#27;[36mio.r2dbc.h2.client.SessionClient        &amp#27;[0;39m &amp#27;[2m:&amp#27;[0;39m Request:  CREATE INDEX IF NOT EXISTS idx_payments_created_at ON payments (created_at)
&amp#27;[2m2025-08-17T16:47:03.440+01:00&amp#27;[0;39m &amp#27;[32mDEBUG&amp#27;[0;39m &amp#27;[35m26824&amp#27;[0;39m &amp#27;[2m---&amp#27;[0;39m &amp#27;[2m[transferer] [       Thread-2]&amp#27;[0;39m &amp#27;[2m&amp#27;[0;39m&amp#27;[36mo.s.r2dbc.connection.init.ScriptUtils   &amp#27;[0;39m &amp#27;[2m:&amp#27;[0;39m 0 returned as update count for SQL: CREATE INDEX IF NOT EXISTS idx_payments_created_at ON payments (created_at)
&amp#27;[2m2025-08-17T16:47:03.440+01:00&amp#27;[0;39m &amp#27;[32mDEBUG&amp#27;[0;39m &amp#27;[35m26824&amp#27;[0;39m &amp#27;[2m---&amp#27;[0;39m &amp#27;[2m[transferer] [       Thread-2]&amp#27;[0;39m &amp#27;[2m&amp#27;[0;39m&amp#27;[36mio.r2dbc.h2.client.SessionClient        &amp#27;[0;39m &amp#27;[2m:&amp#27;[0;39m Request:  CREATE TABLE IF NOT EXISTS outbox_events ( id BIGINT AUTO_INCREMENT PRIMARY KEY, event_id VARCHAR(255) UNIQUE NOT NULL, event_type VARCHAR(255) NOT NULL, aggregate_id VARCHAR(255) NOT NULL, event_data CLOB NOT NULL, occurred_at TIMESTAMP NOT NULL, processed_at TIMESTAMP NULL, created_at TIMESTAMP NOT NULL DEFAULT CURRENT_TIMESTAMP )
&amp#27;[2m2025-08-17T16:47:03.440+01:00&amp#27;[0;39m &amp#27;[32mDEBUG&amp#27;[0;39m &amp#27;[35m26824&amp#27;[0;39m &amp#27;[2m---&amp#27;[0;39m &amp#27;[2m[transferer] [       Thread-2]&amp#27;[0;39m &amp#27;[2m&amp#27;[0;39m&amp#27;[36mo.s.r2dbc.connection.init.ScriptUtils   &amp#27;[0;39m &amp#27;[2m:&amp#27;[0;39m 0 returned as update count for SQL: CREATE TABLE IF NOT EXISTS outbox_events ( id BIGINT AUTO_INCREMENT PRIMARY KEY, event_id VARCHAR(255) UNIQUE NOT NULL, event_type VARCHAR(255) NOT NULL, aggregate_id VARCHAR(255) NOT NULL, event_data CLOB NOT NULL, occurred_at TIMESTAMP NOT NULL, processed_at TIMESTAMP NULL, created_at TIMESTAMP NOT NULL DEFAULT CURRENT_TIMESTAMP )
&amp#27;[2m2025-08-17T16:47:03.440+01:00&amp#27;[0;39m &amp#27;[32mDEBUG&amp#27;[0;39m &amp#27;[35m26824&amp#27;[0;39m &amp#27;[2m---&amp#27;[0;39m &amp#27;[2m[transferer] [       Thread-2]&amp#27;[0;39m &amp#27;[2m&amp#27;[0;39m&amp#27;[36mio.r2dbc.h2.client.SessionClient        &amp#27;[0;39m &amp#27;[2m:&amp#27;[0;39m Request:  CREATE INDEX IF NOT EXISTS idx_outbox_events_processed_at ON outbox_events (processed_at)
&amp#27;[2m2025-08-17T16:47:03.440+01:00&amp#27;[0;39m &amp#27;[32mDEBUG&amp#27;[0;39m &amp#27;[35m26824&amp#27;[0;39m &amp#27;[2m---&amp#27;[0;39m &amp#27;[2m[transferer] [       Thread-2]&amp#27;[0;39m &amp#27;[2m&amp#27;[0;39m&amp#27;[36mo.s.r2dbc.connection.init.ScriptUtils   &amp#27;[0;39m &amp#27;[2m:&amp#27;[0;39m 0 returned as update count for SQL: CREATE INDEX IF NOT EXISTS idx_outbox_events_processed_at ON outbox_events (processed_at)
&amp#27;[2m2025-08-17T16:47:03.440+01:00&amp#27;[0;39m &amp#27;[32mDEBUG&amp#27;[0;39m &amp#27;[35m26824&amp#27;[0;39m &amp#27;[2m---&amp#27;[0;39m &amp#27;[2m[transferer] [       Thread-2]&amp#27;[0;39m &amp#27;[2m&amp#27;[0;39m&amp#27;[36mio.r2dbc.h2.client.SessionClient        &amp#27;[0;39m &amp#27;[2m:&amp#27;[0;39m Request:  CREATE INDEX IF NOT EXISTS idx_outbox_events_event_type ON outbox_events (event_type)
&amp#27;[2m2025-08-17T16:47:03.440+01:00&amp#27;[0;39m &amp#27;[32mDEBUG&amp#27;[0;39m &amp#27;[35m26824&amp#27;[0;39m &amp#27;[2m---&amp#27;[0;39m &amp#27;[2m[transferer] [       Thread-2]&amp#27;[0;39m &amp#27;[2m&amp#27;[0;39m&amp#27;[36mo.s.r2dbc.connection.init.ScriptUtils   &amp#27;[0;39m &amp#27;[2m:&amp#27;[0;39m 0 returned as update count for SQL: CREATE INDEX IF NOT EXISTS idx_outbox_events_event_type ON outbox_events (event_type)
&amp#27;[2m2025-08-17T16:47:03.440+01:00&amp#27;[0;39m &amp#27;[32mDEBUG&amp#27;[0;39m &amp#27;[35m26824&amp#27;[0;39m &amp#27;[2m---&amp#27;[0;39m &amp#27;[2m[transferer] [       Thread-2]&amp#27;[0;39m &amp#27;[2m&amp#27;[0;39m&amp#27;[36mio.r2dbc.h2.client.SessionClient        &amp#27;[0;39m &amp#27;[2m:&amp#27;[0;39m Request:  CREATE INDEX IF NOT EXISTS idx_outbox_events_occurred_at ON outbox_events (occurred_at)
&amp#27;[2m2025-08-17T16:47:03.440+01:00&amp#27;[0;39m &amp#27;[32mDEBUG&amp#27;[0;39m &amp#27;[35m26824&amp#27;[0;39m &amp#27;[2m---&amp#27;[0;39m &amp#27;[2m[transferer] [       Thread-2]&amp#27;[0;39m &amp#27;[2m&amp#27;[0;39m&amp#27;[36mo.s.r2dbc.connection.init.ScriptUtils   &amp#27;[0;39m &amp#27;[2m:&amp#27;[0;39m 0 returned as update count for SQL: CREATE INDEX IF NOT EXISTS idx_outbox_events_occurred_at ON outbox_events (occurred_at)
&amp#27;[2m2025-08-17T16:47:03.440+01:00&amp#27;[0;39m &amp#27;[32mDEBUG&amp#27;[0;39m &amp#27;[35m26824&amp#27;[0;39m &amp#27;[2m---&amp#27;[0;39m &amp#27;[2m[transferer] [       Thread-2]&amp#27;[0;39m &amp#27;[2m&amp#27;[0;39m&amp#27;[36mo.s.r2dbc.connection.init.ScriptUtils   &amp#27;[0;39m &amp#27;[2m:&amp#27;[0;39m Executed SQL script from class path resource [test-schema.sql] in 2 ms.
&amp#27;[2m2025-08-17T16:47:03.440+01:00&amp#27;[0;39m &amp#27;[32mDEBUG&amp#27;[0;39m &amp#27;[35m26824&amp#27;[0;39m &amp#27;[2m---&amp#27;[0;39m &amp#27;[2m[transferer] [       Thread-2]&amp#27;[0;39m &amp#27;[2m&amp#27;[0;39m&amp#27;[36mio.r2dbc.h2.client.SessionClient        &amp#27;[0;39m &amp#27;[2m:&amp#27;[0;39m Request:  SELECT CURRENT_TIMESTAMP
&amp#27;[2m2025-08-17T16:47:03.440+01:00&amp#27;[0;39m &amp#27;[32mDEBUG&amp#27;[0;39m &amp#27;[35m26824&amp#27;[0;39m &amp#27;[2m---&amp#27;[0;39m &amp#27;[2m[transferer] [       Thread-2]&amp#27;[0;39m &amp#27;[2m&amp#27;[0;39m&amp#27;[36mio.r2dbc.h2.client.SessionClient        &amp#27;[0;39m &amp#27;[2m:&amp#27;[0;39m Response: org.h2.result.LocalResult@af33f09 columns: 1 rows: 1 pos: -1
&amp#27;[2m2025-08-17T16:47:03.442+01:00&amp#27;[0;39m &amp#27;[32m INFO&amp#27;[0;39m &amp#27;[35m26824&amp#27;[0;39m &amp#27;[2m---&amp#27;[0;39m &amp#27;[2m[transferer] [           main]&amp#27;[0;39m &amp#27;[2m&amp#27;[0;39m&amp#27;[36mc.t.p.PaymentSagaDbIntegrationTest      &amp#27;[0;39m &amp#27;[2m:&amp#27;[0;39m Started PaymentSagaDbIntegrationTest in 0.057 seconds (process running for 2.278)
&amp#27;[2m2025-08-17T16:47:03.443+01:00&amp#27;[0;39m &amp#27;[32mDEBUG&amp#27;[0;39m &amp#27;[35m26824&amp#27;[0;39m &amp#27;[2m---&amp#27;[0;39m &amp#27;[2m[transferer] [           main]&amp#27;[0;39m &amp#27;[2m&amp#27;[0;39m&amp#27;[36mo.s.r.c.R2dbcTransactionManager         &amp#27;[0;39m &amp#27;[2m:&amp#27;[0;39m Creating new transaction with name [com.transferer.account.application.AccountService.openAccount]: PROPAGATION_REQUIRED,ISOLATION_DEFAULT
&amp#27;[2m2025-08-17T16:47:03.443+01:00&amp#27;[0;39m &amp#27;[32mDEBUG&amp#27;[0;39m &amp#27;[35m26824&amp#27;[0;39m &amp#27;[2m---&amp#27;[0;39m &amp#27;[2m[transferer] [           main]&amp#27;[0;39m &amp#27;[2m&amp#27;[0;39m&amp#27;[36mio.r2dbc.h2.client.SessionClient        &amp#27;[0;39m &amp#27;[2m:&amp#27;[0;39m Request:  SELECT 1
&amp#27;[2m2025-08-17T16:47:03.443+01:00&amp#27;[0;39m &amp#27;[32mDEBUG&amp#27;[0;39m &amp#27;[35m26824&amp#27;[0;39m &amp#27;[2m---&amp#27;[0;39m &amp#27;[2m[transferer] [           main]&amp#27;[0;39m &amp#27;[2m&amp#27;[0;39m&amp#27;[36mio.r2dbc.h2.client.SessionClient        &amp#27;[0;39m &amp#27;[2m:&amp#27;[0;39m Response: org.h2.result.LocalResult@6843fdc4 columns: 1 rows: 1 pos: -1
&amp#27;[2m2025-08-17T16:47:03.443+01:00&amp#27;[0;39m &amp#27;[32mDEBUG&amp#27;[0;39m &amp#27;[35m26824&amp#27;[0;39m &amp#27;[2m---&amp#27;[0;39m &amp#27;[2m[transferer] [           main]&amp#27;[0;39m &amp#27;[2m&amp#27;[0;39m&amp#27;[36mo.s.r.c.R2dbcTransactionManager         &amp#27;[0;39m &amp#27;[2m:&amp#27;[0;39m Acquired Connection [PooledConnection[io.r2dbc.h2.H2Connection@147375b3]] for R2DBC transaction
&amp#27;[2m2025-08-17T16:47:03.443+01:00&amp#27;[0;39m &amp#27;[32mDEBUG&amp#27;[0;39m &amp#27;[35m26824&amp#27;[0;39m &amp#27;[2m---&amp#27;[0;39m &amp#27;[2m[transferer] [           main]&amp#27;[0;39m &amp#27;[2m&amp#27;[0;39m&amp#27;[36mo.s.r.c.R2dbcTransactionManager         &amp#27;[0;39m &amp#27;[2m:&amp#27;[0;39m Starting R2DBC transaction on Connection [PooledConnection[io.r2dbc.h2.H2Connection@147375b3]] using [ExtendedTransactionDefinition [transactionName='com.transferer.account.application.AccountService.openAccount', readOnly=false, isolationLevel=null, lockWaitTimeout=PT0S]]
&amp#27;[2m2025-08-17T16:47:03.443+01:00&amp#27;[0;39m &amp#27;[33m WARN&amp#27;[0;39m &amp#27;[35m26824&amp#27;[0;39m &amp#27;[2m---&amp#27;[0;39m &amp#27;[2m[transferer] [           main]&amp#27;[0;39m &amp#27;[2m&amp#27;[0;39m&amp#27;[36mio.r2dbc.h2.H2Connection                &amp#27;[0;39m &amp#27;[2m:&amp#27;[0;39m Option{name='readOnly', sensitive=false} + isn't supported in H2 at the transaction level. You must set it on conenction URL. See http://www.h2database.com/html/features.html#read_only
&amp#27;[2m2025-08-17T16:47:03.444+01:00&amp#27;[0;39m &amp#27;[32mDEBUG&amp#27;[0;39m &amp#27;[35m26824&amp#27;[0;39m &amp#27;[2m---&amp#27;[0;39m &amp#27;[2m[transferer] [           main]&amp#27;[0;39m &amp#27;[2m&amp#27;[0;39m&amp#27;[36mo.s.r2dbc.core.DefaultDatabaseClient    &amp#27;[0;39m &amp#27;[2m:&amp#27;[0;39m Executing SQL statement [SELECT accounts.ID FROM accounts WHERE accounts.account_number = $1 LIMIT 1]
&amp#27;[2m2025-08-17T16:47:03.444+01:00&amp#27;[0;39m &amp#27;[32mDEBUG&amp#27;[0;39m &amp#27;[35m26824&amp#27;[0;39m &amp#27;[2m---&amp#27;[0;39m &amp#27;[2m[transferer] [           main]&amp#27;[0;39m &amp#27;[2m&amp#27;[0;39m&amp#27;[36mio.r2dbc.h2.client.SessionClient        &amp#27;[0;39m &amp#27;[2m:&amp#27;[0;39m Request:  SELECT accounts.ID FROM accounts WHERE accounts.account_number = $1 LIMIT 1 {1: '0490111621'}
&amp#27;[2m2025-08-17T16:47:03.444+01:00&amp#27;[0;39m &amp#27;[32mDEBUG&amp#27;[0;39m &amp#27;[35m26824&amp#27;[0;39m &amp#27;[2m---&amp#27;[0;39m &amp#27;[2m[transferer] [           main]&amp#27;[0;39m &amp#27;[2m&amp#27;[0;39m&amp#27;[36mio.r2dbc.h2.client.SessionClient        &amp#27;[0;39m &amp#27;[2m:&amp#27;[0;39m Response: org.h2.result.LocalResult@119f072c columns: 1 rows: 0 pos: -1
&amp#27;[2m2025-08-17T16:47:03.444+01:00&amp#27;[0;39m &amp#27;[32mDEBUG&amp#27;[0;39m &amp#27;[35m26824&amp#27;[0;39m &amp#27;[2m---&amp#27;[0;39m &amp#27;[2m[transferer] [           main]&amp#27;[0;39m &amp#27;[2m&amp#27;[0;39m&amp#27;[36mo.s.r.c.R2dbcTransactionManager         &amp#27;[0;39m &amp#27;[2m:&amp#27;[0;39m Participating in existing transaction
&amp#27;[2m2025-08-17T16:47:03.445+01:00&amp#27;[0;39m &amp#27;[32mDEBUG&amp#27;[0;39m &amp#27;[35m26824&amp#27;[0;39m &amp#27;[2m---&amp#27;[0;39m &amp#27;[2m[transferer] [           main]&amp#27;[0;39m &amp#27;[2m&amp#27;[0;39m&amp#27;[36mo.s.r2dbc.core.DefaultDatabaseClient    &amp#27;[0;39m &amp#27;[2m:&amp#27;[0;39m Executing SQL statement [INSERT INTO accounts (ID, account_number, holder_name, balance, status, created_at, updated_at) VALUES ($1, $2, $3, $4, $5, $6, $7)]
&amp#27;[2m2025-08-17T16:47:03.445+01:00&amp#27;[0;39m &amp#27;[32mDEBUG&amp#27;[0;39m &amp#27;[35m26824&amp#27;[0;39m &amp#27;[2m---&amp#27;[0;39m &amp#27;[2m[transferer] [           main]&amp#27;[0;39m &amp#27;[2m&amp#27;[0;39m&amp#27;[36mio.r2dbc.h2.client.SessionClient        &amp#27;[0;39m &amp#27;[2m:&amp#27;[0;39m Request:  INSERT INTO accounts (ID, account_number, holder_name, balance, status, created_at, updated_at) VALUES ($1, $2, $3, $4, $5, $6, $7) {1: '83e2e174-8deb-4c8b-8458-12509f7ab697', 2: '0490111621', 3: 'John Doe', 4: 1000.00, 5: 'ACTIVE', 6: TIMESTAMP '2025-08-17 16:47:03.444661', 7: TIMESTAMP '2025-08-17 16:47:03.444663'}
&amp#27;[2m2025-08-17T16:47:03.446+01:00&amp#27;[0;39m &amp#27;[32mDEBUG&amp#27;[0;39m &amp#27;[35m26824&amp#27;[0;39m &amp#27;[2m---&amp#27;[0;39m &amp#27;[2m[transferer] [           main]&amp#27;[0;39m &amp#27;[2m&amp#27;[0;39m&amp#27;[36mo.s.r.c.R2dbcTransactionManager         &amp#27;[0;39m &amp#27;[2m:&amp#27;[0;39m Participating in existing transaction
&amp#27;[2m2025-08-17T16:47:03.447+01:00&amp#27;[0;39m &amp#27;[32mDEBUG&amp#27;[0;39m &amp#27;[35m26824&amp#27;[0;39m &amp#27;[2m---&amp#27;[0;39m &amp#27;[2m[transferer] [           main]&amp#27;[0;39m &amp#27;[2m&amp#27;[0;39m&amp#27;[36mo.s.r2dbc.core.DefaultDatabaseClient    &amp#27;[0;39m &amp#27;[2m:&amp#27;[0;39m Executing SQL statement [INSERT INTO outbox_events (event_id, event_type, aggregate_id, event_data, occurred_at, created_at) VALUES ($1, $2, $3, $4, $5, $6)]
&amp#27;[2m2025-08-17T16:47:03.448+01:00&amp#27;[0;39m &amp#27;[32mDEBUG&amp#27;[0;39m &amp#27;[35m26824&amp#27;[0;39m &amp#27;[2m---&amp#27;[0;39m &amp#27;[2m[transferer] [           main]&amp#27;[0;39m &amp#27;[2m&amp#27;[0;39m&amp#27;[36mio.r2dbc.h2.client.SessionClient        &amp#27;[0;39m &amp#27;[2m:&amp#27;[0;39m Request:  INSERT INTO outbox_events (event_id, event_type, aggregate_id, event_data, occurred_at, created_at) VALUES ($1, $2, $3, $4, $5, $6) {1: 'def5a1c7-a008-40f9-87ea-f14c454e6fc3', 2: 'ACCOUNT_OPENED', 3: '83e2e174-8deb-4c8b-8458-12509f7ab697', 4: '{"@class":"com.transferer.account.domain.events.body.AccountOpenedEventBody","accountId":{"value":"83e2e174-8deb-4c8b-8458-12509f7ab697"},"accountNumber":"0490111621","holderName":"John Doe","initialBalance":1000.00}', 5: TIMESTAMP WITH TIME ZONE '2025-08-17 15:47:03.444679+00', 6: TIMESTAMP WITH TIME ZONE '2025-08-17 15:47:03.446999+00'}
&amp#27;[2m2025-08-17T16:47:03.448+01:00&amp#27;[0;39m &amp#27;[32mDEBUG&amp#27;[0;39m &amp#27;[35m26824&amp#27;[0;39m &amp#27;[2m---&amp#27;[0;39m &amp#27;[2m[transferer] [           main]&amp#27;[0;39m &amp#27;[2m&amp#27;[0;39m&amp#27;[36mo.s.r.c.R2dbcTransactionManager         &amp#27;[0;39m &amp#27;[2m:&amp#27;[0;39m Initiating transaction commit
&amp#27;[2m2025-08-17T16:47:03.448+01:00&amp#27;[0;39m &amp#27;[32mDEBUG&amp#27;[0;39m &amp#27;[35m26824&amp#27;[0;39m &amp#27;[2m---&amp#27;[0;39m &amp#27;[2m[transferer] [           main]&amp#27;[0;39m &amp#27;[2m&amp#27;[0;39m&amp#27;[36mo.s.r.c.R2dbcTransactionManager         &amp#27;[0;39m &amp#27;[2m:&amp#27;[0;39m Committing R2DBC transaction on Connection [PooledConnection[io.r2dbc.h2.H2Connection@147375b3]]
&amp#27;[2m2025-08-17T16:47:03.448+01:00&amp#27;[0;39m &amp#27;[32mDEBUG&amp#27;[0;39m &amp#27;[35m26824&amp#27;[0;39m &amp#27;[2m---&amp#27;[0;39m &amp#27;[2m[transferer] [           main]&amp#27;[0;39m &amp#27;[2m&amp#27;[0;39m&amp#27;[36mio.r2dbc.h2.client.SessionClient        &amp#27;[0;39m &amp#27;[2m:&amp#27;[0;39m Request:  COMMIT
&amp#27;[2m2025-08-17T16:47:03.448+01:00&amp#27;[0;39m &amp#27;[32mDEBUG&amp#27;[0;39m &amp#27;[35m26824&amp#27;[0;39m &amp#27;[2m---&amp#27;[0;39m &amp#27;[2m[transferer] [           main]&amp#27;[0;39m &amp#27;[2m&amp#27;[0;39m&amp#27;[36mo.s.r.c.R2dbcTransactionManager         &amp#27;[0;39m &amp#27;[2m:&amp#27;[0;39m Releasing R2DBC Connection [PooledConnection[io.r2dbc.h2.H2Connection@147375b3]] after transaction
&amp#27;[2m2025-08-17T16:47:03.448+01:00&amp#27;[0;39m &amp#27;[32mDEBUG&amp#27;[0;39m &amp#27;[35m26824&amp#27;[0;39m &amp#27;[2m---&amp#27;[0;39m &amp#27;[2m[transferer] [           main]&amp#27;[0;39m &amp#27;[2m&amp#27;[0;39m&amp#27;[36mio.r2dbc.h2.client.SessionClient        &amp#27;[0;39m &amp#27;[2m:&amp#27;[0;39m Request:  SELECT CURRENT_TIMESTAMP
&amp#27;[2m2025-08-17T16:47:03.448+01:00&amp#27;[0;39m &amp#27;[32mDEBUG&amp#27;[0;39m &amp#27;[35m26824&amp#27;[0;39m &amp#27;[2m---&amp#27;[0;39m &amp#27;[2m[transferer] [           main]&amp#27;[0;39m &amp#27;[2m&amp#27;[0;39m&amp#27;[36mio.r2dbc.h2.client.SessionClient        &amp#27;[0;39m &amp#27;[2m:&amp#27;[0;39m Response: org.h2.result.LocalResult@11a67420 columns: 1 rows: 1 pos: -1
&amp#27;[2m2025-08-17T16:47:03.448+01:00&amp#27;[0;39m &amp#27;[32mDEBUG&amp#27;[0;39m &amp#27;[35m26824&amp#27;[0;39m &amp#27;[2m---&amp#27;[0;39m &amp#27;[2m[transferer] [           main]&amp#27;[0;39m &amp#27;[2m&amp#27;[0;39m&amp#27;[36mo.s.r.c.R2dbcTransactionManager         &amp#27;[0;39m &amp#27;[2m:&amp#27;[0;39m Creating new transaction with name [com.transferer.account.application.AccountService.openAccount]: PROPAGATION_REQUIRED,ISOLATION_DEFAULT
&amp#27;[2m2025-08-17T16:47:03.448+01:00&amp#27;[0;39m &amp#27;[32mDEBUG&amp#27;[0;39m &amp#27;[35m26824&amp#27;[0;39m &amp#27;[2m---&amp#27;[0;39m &amp#27;[2m[transferer] [           main]&amp#27;[0;39m &amp#27;[2m&amp#27;[0;39m&amp#27;[36mio.r2dbc.h2.client.SessionClient        &amp#27;[0;39m &amp#27;[2m:&amp#27;[0;39m Request:  SELECT 1
&amp#27;[2m2025-08-17T16:47:03.448+01:00&amp#27;[0;39m &amp#27;[32mDEBUG&amp#27;[0;39m &amp#27;[35m26824&amp#27;[0;39m &amp#27;[2m---&amp#27;[0;39m &amp#27;[2m[transferer] [           main]&amp#27;[0;39m &amp#27;[2m&amp#27;[0;39m&amp#27;[36mio.r2dbc.h2.client.SessionClient        &amp#27;[0;39m &amp#27;[2m:&amp#27;[0;39m Response: org.h2.result.LocalResult@663cf5d7 columns: 1 rows: 1 pos: -1
&amp#27;[2m2025-08-17T16:47:03.448+01:00&amp#27;[0;39m &amp#27;[32mDEBUG&amp#27;[0;39m &amp#27;[35m26824&amp#27;[0;39m &amp#27;[2m---&amp#27;[0;39m &amp#27;[2m[transferer] [           main]&amp#27;[0;39m &amp#27;[2m&amp#27;[0;39m&amp#27;[36mo.s.r.c.R2dbcTransactionManager         &amp#27;[0;39m &amp#27;[2m:&amp#27;[0;39m Acquired Connection [PooledConnection[io.r2dbc.h2.H2Connection@147375b3]] for R2DBC transaction
&amp#27;[2m2025-08-17T16:47:03.448+01:00&amp#27;[0;39m &amp#27;[32mDEBUG&amp#27;[0;39m &amp#27;[35m26824&amp#27;[0;39m &amp#27;[2m---&amp#27;[0;39m &amp#27;[2m[transferer] [           main]&amp#27;[0;39m &amp#27;[2m&amp#27;[0;39m&amp#27;[36mo.s.r.c.R2dbcTransactionManager         &amp#27;[0;39m &amp#27;[2m:&amp#27;[0;39m Starting R2DBC transaction on Connection [PooledConnection[io.r2dbc.h2.H2Connection@147375b3]] using [ExtendedTransactionDefinition [transactionName='com.transferer.account.application.AccountService.openAccount', readOnly=false, isolationLevel=null, lockWaitTimeout=PT0S]]
&amp#27;[2m2025-08-17T16:47:03.448+01:00&amp#27;[0;39m &amp#27;[33m WARN&amp#27;[0;39m &amp#27;[35m26824&amp#27;[0;39m &amp#27;[2m---&amp#27;[0;39m &amp#27;[2m[transferer] [           main]&amp#27;[0;39m &amp#27;[2m&amp#27;[0;39m&amp#27;[36mio.r2dbc.h2.H2Connection                &amp#27;[0;39m &amp#27;[2m:&amp#27;[0;39m Option{name='readOnly', sensitive=false} + isn't supported in H2 at the transaction level. You must set it on conenction URL. See http://www.h2database.com/html/features.html#read_only
&amp#27;[2m2025-08-17T16:47:03.449+01:00&amp#27;[0;39m &amp#27;[32mDEBUG&amp#27;[0;39m &amp#27;[35m26824&amp#27;[0;39m &amp#27;[2m---&amp#27;[0;39m &amp#27;[2m[transferer] [           main]&amp#27;[0;39m &amp#27;[2m&amp#27;[0;39m&amp#27;[36mo.s.r2dbc.core.DefaultDatabaseClient    &amp#27;[0;39m &amp#27;[2m:&amp#27;[0;39m Executing SQL statement [SELECT accounts.ID FROM accounts WHERE accounts.account_number = $1 LIMIT 1]
&amp#27;[2m2025-08-17T16:47:03.449+01:00&amp#27;[0;39m &amp#27;[32mDEBUG&amp#27;[0;39m &amp#27;[35m26824&amp#27;[0;39m &amp#27;[2m---&amp#27;[0;39m &amp#27;[2m[transferer] [           main]&amp#27;[0;39m &amp#27;[2m&amp#27;[0;39m&amp#27;[36mio.r2dbc.h2.client.SessionClient        &amp#27;[0;39m &amp#27;[2m:&amp#27;[0;39m Request:  SELECT accounts.ID FROM accounts WHERE accounts.account_number = $1 LIMIT 1 {1: '0388285678'}
&amp#27;[2m2025-08-17T16:47:03.449+01:00&amp#27;[0;39m &amp#27;[32mDEBUG&amp#27;[0;39m &amp#27;[35m26824&amp#27;[0;39m &amp#27;[2m---&amp#27;[0;39m &amp#27;[2m[transferer] [           main]&amp#27;[0;39m &amp#27;[2m&amp#27;[0;39m&amp#27;[36mio.r2dbc.h2.client.SessionClient        &amp#27;[0;39m &amp#27;[2m:&amp#27;[0;39m Response: org.h2.result.LocalResult@2b6ee447 columns: 1 rows: 0 pos: -1
&amp#27;[2m2025-08-17T16:47:03.449+01:00&amp#27;[0;39m &amp#27;[32mDEBUG&amp#27;[0;39m &amp#27;[35m26824&amp#27;[0;39m &amp#27;[2m---&amp#27;[0;39m &amp#27;[2m[transferer] [           main]&amp#27;[0;39m &amp#27;[2m&amp#27;[0;39m&amp#27;[36mo.s.r.c.R2dbcTransactionManager         &amp#27;[0;39m &amp#27;[2m:&amp#27;[0;39m Participating in existing transaction
&amp#27;[2m2025-08-17T16:47:03.449+01:00&amp#27;[0;39m &amp#27;[32mDEBUG&amp#27;[0;39m &amp#27;[35m26824&amp#27;[0;39m &amp#27;[2m---&amp#27;[0;39m &amp#27;[2m[transferer] [           main]&amp#27;[0;39m &amp#27;[2m&amp#27;[0;39m&amp#27;[36mo.s.r2dbc.core.DefaultDatabaseClient    &amp#27;[0;39m &amp#27;[2m:&amp#27;[0;39m Executing SQL statement [INSERT INTO accounts (ID, account_number, holder_name, balance, status, created_at, updated_at) VALUES ($1, $2, $3, $4, $5, $6, $7)]
&amp#27;[2m2025-08-17T16:47:03.449+01:00&amp#27;[0;39m &amp#27;[32mDEBUG&amp#27;[0;39m &amp#27;[35m26824&amp#27;[0;39m &amp#27;[2m---&amp#27;[0;39m &amp#27;[2m[transferer] [           main]&amp#27;[0;39m &amp#27;[2m&amp#27;[0;39m&amp#27;[36mio.r2dbc.h2.client.SessionClient        &amp#27;[0;39m &amp#27;[2m:&amp#27;[0;39m Request:  INSERT INTO accounts (ID, account_number, holder_name, balance, status, created_at, updated_at) VALUES ($1, $2, $3, $4, $5, $6, $7) {1: '757d6b30-454d-44c7-afc8-5be80bf5cf2f', 2: '0388285678', 3: 'Jane Smith', 4: 500.00, 5: 'ACTIVE', 6: TIMESTAMP '2025-08-17 16:47:03.449345', 7: TIMESTAMP '2025-08-17 16:47:03.449348'}
&amp#27;[2m2025-08-17T16:47:03.449+01:00&amp#27;[0;39m &amp#27;[32mDEBUG&amp#27;[0;39m &amp#27;[35m26824&amp#27;[0;39m &amp#27;[2m---&amp#27;[0;39m &amp#27;[2m[transferer] [           main]&amp#27;[0;39m &amp#27;[2m&amp#27;[0;39m&amp#27;[36mo.s.r.c.R2dbcTransactionManager         &amp#27;[0;39m &amp#27;[2m:&amp#27;[0;39m Participating in existing transaction
&amp#27;[2m2025-08-17T16:47:03.449+01:00&amp#27;[0;39m &amp#27;[32mDEBUG&amp#27;[0;39m &amp#27;[35m26824&amp#27;[0;39m &amp#27;[2m---&amp#27;[0;39m &amp#27;[2m[transferer] [           main]&amp#27;[0;39m &amp#27;[2m&amp#27;[0;39m&amp#27;[36mo.s.r2dbc.core.DefaultDatabaseClient    &amp#27;[0;39m &amp#27;[2m:&amp#27;[0;39m Executing SQL statement [INSERT INTO outbox_events (event_id, event_type, aggregate_id, event_data, occurred_at, created_at) VALUES ($1, $2, $3, $4, $5, $6)]
&amp#27;[2m2025-08-17T16:47:03.450+01:00&amp#27;[0;39m &amp#27;[32mDEBUG&amp#27;[0;39m &amp#27;[35m26824&amp#27;[0;39m &amp#27;[2m---&amp#27;[0;39m &amp#27;[2m[transferer] [           main]&amp#27;[0;39m &amp#27;[2m&amp#27;[0;39m&amp#27;[36mio.r2dbc.h2.client.SessionClient        &amp#27;[0;39m &amp#27;[2m:&amp#27;[0;39m Request:  INSERT INTO outbox_events (event_id, event_type, aggregate_id, event_data, occurred_at, created_at) VALUES ($1, $2, $3, $4, $5, $6) {1: '5f880595-2560-4fca-a42e-637e1c83e177', 2: 'ACCOUNT_OPENED', 3: '757d6b30-454d-44c7-afc8-5be80bf5cf2f', 4: '{"@class":"com.transferer.account.domain.events.body.AccountOpenedEventBody","accountId":{"value":"757d6b30-454d-44c7-afc8-5be80bf5cf2f"},"accountNumber":"0388285678","holderName":"Jane Smith","initialBalance":500.00}', 5: TIMESTAMP WITH TIME ZONE '2025-08-17 15:47:03.449353+00', 6: TIMESTAMP WITH TIME ZONE '2025-08-17 15:47:03.449845+00'}
&amp#27;[2m2025-08-17T16:47:03.450+01:00&amp#27;[0;39m &amp#27;[32mDEBUG&amp#27;[0;39m &amp#27;[35m26824&amp#27;[0;39m &amp#27;[2m---&amp#27;[0;39m &amp#27;[2m[transferer] [           main]&amp#27;[0;39m &amp#27;[2m&amp#27;[0;39m&amp#27;[36mo.s.r.c.R2dbcTransactionManager         &amp#27;[0;39m &amp#27;[2m:&amp#27;[0;39m Initiating transaction commit
&amp#27;[2m2025-08-17T16:47:03.450+01:00&amp#27;[0;39m &amp#27;[32mDEBUG&amp#27;[0;39m &amp#27;[35m26824&amp#27;[0;39m &amp#27;[2m---&amp#27;[0;39m &amp#27;[2m[transferer] [           main]&amp#27;[0;39m &amp#27;[2m&amp#27;[0;39m&amp#27;[36mo.s.r.c.R2dbcTransactionManager         &amp#27;[0;39m &amp#27;[2m:&amp#27;[0;39m Committing R2DBC transaction on Connection [PooledConnection[io.r2dbc.h2.H2Connection@147375b3]]
&amp#27;[2m2025-08-17T16:47:03.450+01:00&amp#27;[0;39m &amp#27;[32mDEBUG&amp#27;[0;39m &amp#27;[35m26824&amp#27;[0;39m &amp#27;[2m---&amp#27;[0;39m &amp#27;[2m[transferer] [           main]&amp#27;[0;39m &amp#27;[2m&amp#27;[0;39m&amp#27;[36mio.r2dbc.h2.client.SessionClient        &amp#27;[0;39m &amp#27;[2m:&amp#27;[0;39m Request:  COMMIT
&amp#27;[2m2025-08-17T16:47:03.450+01:00&amp#27;[0;39m &amp#27;[32mDEBUG&amp#27;[0;39m &amp#27;[35m26824&amp#27;[0;39m &amp#27;[2m---&amp#27;[0;39m &amp#27;[2m[transferer] [           main]&amp#27;[0;39m &amp#27;[2m&amp#27;[0;39m&amp#27;[36mo.s.r.c.R2dbcTransactionManager         &amp#27;[0;39m &amp#27;[2m:&amp#27;[0;39m Releasing R2DBC Connection [PooledConnection[io.r2dbc.h2.H2Connection@147375b3]] after transaction
&amp#27;[2m2025-08-17T16:47:03.450+01:00&amp#27;[0;39m &amp#27;[32mDEBUG&amp#27;[0;39m &amp#27;[35m26824&amp#27;[0;39m &amp#27;[2m---&amp#27;[0;39m &amp#27;[2m[transferer] [           main]&amp#27;[0;39m &amp#27;[2m&amp#27;[0;39m&amp#27;[36mio.r2dbc.h2.client.SessionClient        &amp#27;[0;39m &amp#27;[2m:&amp#27;[0;39m Request:  SELECT CURRENT_TIMESTAMP
&amp#27;[2m2025-08-17T16:47:03.450+01:00&amp#27;[0;39m &amp#27;[32mDEBUG&amp#27;[0;39m &amp#27;[35m26824&amp#27;[0;39m &amp#27;[2m---&amp#27;[0;39m &amp#27;[2m[transferer] [           main]&amp#27;[0;39m &amp#27;[2m&amp#27;[0;39m&amp#27;[36mio.r2dbc.h2.client.SessionClient        &amp#27;[0;39m &amp#27;[2m:&amp#27;[0;39m Response: org.h2.result.LocalResult@1554eaa4 columns: 1 rows: 1 pos: -1
&amp#27;[2m2025-08-17T16:47:03.451+01:00&amp#27;[0;39m &amp#27;[32mDEBUG&amp#27;[0;39m &amp#27;[35m26824&amp#27;[0;39m &amp#27;[2m---&amp#27;[0;39m &amp#27;[2m[transferer] [           main]&amp#27;[0;39m &amp#27;[2m&amp#27;[0;39m&amp#27;[36mo.s.r.c.R2dbcTransactionManager         &amp#27;[0;39m &amp#27;[2m:&amp#27;[0;39m Creating new transaction with name [com.transferer.payment.application.PaymentService.initiatePayment]: PROPAGATION_REQUIRED,ISOLATION_DEFAULT
&amp#27;[2m2025-08-17T16:47:03.451+01:00&amp#27;[0;39m &amp#27;[32mDEBUG&amp#27;[0;39m &amp#27;[35m26824&amp#27;[0;39m &amp#27;[2m---&amp#27;[0;39m &amp#27;[2m[transferer] [           main]&amp#27;[0;39m &amp#27;[2m&amp#27;[0;39m&amp#27;[36mio.r2dbc.h2.client.SessionClient        &amp#27;[0;39m &amp#27;[2m:&amp#27;[0;39m Request:  SELECT 1
&amp#27;[2m2025-08-17T16:47:03.451+01:00&amp#27;[0;39m &amp#27;[32mDEBUG&amp#27;[0;39m &amp#27;[35m26824&amp#27;[0;39m &amp#27;[2m---&amp#27;[0;39m &amp#27;[2m[transferer] [           main]&amp#27;[0;39m &amp#27;[2m&amp#27;[0;39m&amp#27;[36mio.r2dbc.h2.client.SessionClient        &amp#27;[0;39m &amp#27;[2m:&amp#27;[0;39m Response: org.h2.result.LocalResult@1253b822 columns: 1 rows: 1 pos: -1
&amp#27;[2m2025-08-17T16:47:03.451+01:00&amp#27;[0;39m &amp#27;[32mDEBUG&amp#27;[0;39m &amp#27;[35m26824&amp#27;[0;39m &amp#27;[2m---&amp#27;[0;39m &amp#27;[2m[transferer] [           main]&amp#27;[0;39m &amp#27;[2m&amp#27;[0;39m&amp#27;[36mo.s.r.c.R2dbcTransactionManager         &amp#27;[0;39m &amp#27;[2m:&amp#27;[0;39m Acquired Connection [PooledConnection[io.r2dbc.h2.H2Connection@147375b3]] for R2DBC transaction
&amp#27;[2m2025-08-17T16:47:03.451+01:00&amp#27;[0;39m &amp#27;[32mDEBUG&amp#27;[0;39m &amp#27;[35m26824&amp#27;[0;39m &amp#27;[2m---&amp#27;[0;39m &amp#27;[2m[transferer] [           main]&amp#27;[0;39m &amp#27;[2m&amp#27;[0;39m&amp#27;[36mo.s.r.c.R2dbcTransactionManager         &amp#27;[0;39m &amp#27;[2m:&amp#27;[0;39m Starting R2DBC transaction on Connection [PooledConnection[io.r2dbc.h2.H2Connection@147375b3]] using [ExtendedTransactionDefinition [transactionName='com.transferer.payment.application.PaymentService.initiatePayment', readOnly=false, isolationLevel=null, lockWaitTimeout=PT0S]]
&amp#27;[2m2025-08-17T16:47:03.451+01:00&amp#27;[0;39m &amp#27;[33m WARN&amp#27;[0;39m &amp#27;[35m26824&amp#27;[0;39m &amp#27;[2m---&amp#27;[0;39m &amp#27;[2m[transferer] [           main]&amp#27;[0;39m &amp#27;[2m&amp#27;[0;39m&amp#27;[36mio.r2dbc.h2.H2Connection                &amp#27;[0;39m &amp#27;[2m:&amp#27;[0;39m Option{name='readOnly', sensitive=false} + isn't supported in H2 at the transaction level. You must set it on conenction URL. See http://www.h2database.com/html/features.html#read_only
&amp#27;[2m2025-08-17T16:47:03.451+01:00&amp#27;[0;39m &amp#27;[32mDEBUG&amp#27;[0;39m &amp#27;[35m26824&amp#27;[0;39m &amp#27;[2m---&amp#27;[0;39m &amp#27;[2m[transferer] [           main]&amp#27;[0;39m &amp#27;[2m&amp#27;[0;39m&amp#27;[36mo.s.r.c.R2dbcTransactionManager         &amp#27;[0;39m &amp#27;[2m:&amp#27;[0;39m Participating in existing transaction
&amp#27;[2m2025-08-17T16:47:03.452+01:00&amp#27;[0;39m &amp#27;[32mDEBUG&amp#27;[0;39m &amp#27;[35m26824&amp#27;[0;39m &amp#27;[2m---&amp#27;[0;39m &amp#27;[2m[transferer] [           main]&amp#27;[0;39m &amp#27;[2m&amp#27;[0;39m&amp#27;[36mo.s.r2dbc.core.DefaultDatabaseClient    &amp#27;[0;39m &amp#27;[2m:&amp#27;[0;39m Executing SQL statement [INSERT INTO payments (ID, sender_account_id, recipient_account_id, amount, description, status, current_step, created_at, updated_at) VALUES ($1, $2, $3, $4, $5, $6, $7, $8, $9)]
&amp#27;[2m2025-08-17T16:47:03.452+01:00&amp#27;[0;39m &amp#27;[32mDEBUG&amp#27;[0;39m &amp#27;[35m26824&amp#27;[0;39m &amp#27;[2m---&amp#27;[0;39m &amp#27;[2m[transferer] [           main]&amp#27;[0;39m &amp#27;[2m&amp#27;[0;39m&amp#27;[36mio.r2dbc.h2.client.SessionClient        &amp#27;[0;39m &amp#27;[2m:&amp#27;[0;39m Request:  INSERT INTO payments (ID, sender_account_id, recipient_account_id, amount, description, status, current_step, created_at, updated_at) VALUES ($1, $2, $3, $4, $5, $6, $7, $8, $9) {1: 'b870d60b-5fbc-4401-a69b-2d355981e480', 2: '83e2e174-8deb-4c8b-8458-12509f7ab697', 3: '757d6b30-454d-44c7-afc8-5be80bf5cf2f', 4: 100.00, 5: 'Saga progression test', 6: 'PENDING', 7: 'INITIATED', 8: TIMESTAMP '2025-08-17 16:47:03.451273', 9: TIMESTAMP '2025-08-17 16:47:03.451275'}
&amp#27;[2m2025-08-17T16:47:03.452+01:00&amp#27;[0;39m &amp#27;[32mDEBUG&amp#27;[0;39m &amp#27;[35m26824&amp#27;[0;39m &amp#27;[2m---&amp#27;[0;39m &amp#27;[2m[transferer] [           main]&amp#27;[0;39m &amp#27;[2m&amp#27;[0;39m&amp#27;[36mo.s.r.c.R2dbcTransactionManager         &amp#27;[0;39m &amp#27;[2m:&amp#27;[0;39m Participating in existing transaction
&amp#27;[2m2025-08-17T16:47:03.453+01:00&amp#27;[0;39m &amp#27;[32mDEBUG&amp#27;[0;39m &amp#27;[35m26824&amp#27;[0;39m &amp#27;[2m---&amp#27;[0;39m &amp#27;[2m[transferer] [           main]&amp#27;[0;39m &amp#27;[2m&amp#27;[0;39m&amp#27;[36mo.s.r2dbc.core.DefaultDatabaseClient    &amp#27;[0;39m &amp#27;[2m:&amp#27;[0;39m Executing SQL statement [INSERT INTO outbox_events (event_id, event_type, aggregate_id, event_data, occurred_at, created_at) VALUES ($1, $2, $3, $4, $5, $6)]
&amp#27;[2m2025-08-17T16:47:03.453+01:00&amp#27;[0;39m &amp#27;[32mDEBUG&amp#27;[0;39m &amp#27;[35m26824&amp#27;[0;39m &amp#27;[2m---&amp#27;[0;39m &amp#27;[2m[transferer] [           main]&amp#27;[0;39m &amp#27;[2m&amp#27;[0;39m&amp#27;[36mio.r2dbc.h2.client.SessionClient        &amp#27;[0;39m &amp#27;[2m:&amp#27;[0;39m Request:  INSERT INTO outbox_events (event_id, event_type, aggregate_id, event_data, occurred_at, created_at) VALUES ($1, $2, $3, $4, $5, $6) {1: '21490ce2-70f5-42f5-8363-438889d55cb0', 2: 'PAYMENT_INITIATED', 3: 'b870d60b-5fbc-4401-a69b-2d355981e480', 4: '{"@class":"com.transferer.payment.domain.events.body.PaymentInitiatedEventBody","paymentId":{"value":"b870d60b-5fbc-4401-a69b-2d355981e480"},"senderAccountId":{"value":"83e2e174-8deb-4c8b-8458-12509f7ab697"},"recipientAccountId":{"value":"757d6b30-454d-44c7-afc8-5be80bf5cf2f"},"amount":100.00,"description":"Saga progression test"}', 5: TIMESTAMP WITH TIME ZONE '2025-08-17 15:47:03.45129+00', 6: TIMESTAMP WITH TIME ZONE '2025-08-17 15:47:03.453379+00'}
&amp#27;[2m2025-08-17T16:47:03.454+01:00&amp#27;[0;39m &amp#27;[32mDEBUG&amp#27;[0;39m &amp#27;[35m26824&amp#27;[0;39m &amp#27;[2m---&amp#27;[0;39m &amp#27;[2m[transferer] [           main]&amp#27;[0;39m &amp#27;[2m&amp#27;[0;39m&amp#27;[36mo.s.r2dbc.core.DefaultDatabaseClient    &amp#27;[0;39m &amp#27;[2m:&amp#27;[0;39m Executing SQL statement [INSERT INTO outbox_events (event_id, event_type, aggregate_id, event_data, occurred_at, created_at) VALUES ($1, $2, $3, $4, $5, $6)]
&amp#27;[2m2025-08-17T16:47:03.454+01:00&amp#27;[0;39m &amp#27;[32mDEBUG&amp#27;[0;39m &amp#27;[35m26824&amp#27;[0;39m &amp#27;[2m---&amp#27;[0;39m &amp#27;[2m[transferer] [           main]&amp#27;[0;39m &amp#27;[2m&amp#27;[0;39m&amp#27;[36mio.r2dbc.h2.client.SessionClient        &amp#27;[0;39m &amp#27;[2m:&amp#27;[0;39m Request:  INSERT INTO outbox_events (event_id, event_type, aggregate_id, event_data, occurred_at, created_at) VALUES ($1, $2, $3, $4, $5, $6) {1: '3bcd6fac-6949-4ba6-8fb5-a8801135112d', 2: 'PAYMENT_STEP_ADVANCED', 3: 'b870d60b-5fbc-4401-a69b-2d355981e480', 4: '{"@class":"com.transferer.payment.domain.events.body.PaymentStepAdvancedEventBody","paymentId":{"value":"b870d60b-5fbc-4401-a69b-2d355981e480"},"previousStep":{"empty":true,"present":false},"currentStep":"INITIATED"}', 5: TIMESTAMP WITH TIME ZONE '2025-08-17 15:47:03.451301+00', 6: TIMESTAMP WITH TIME ZONE '2025-08-17 15:47:03.454288+00'}
&amp#27;[2m2025-08-17T16:47:03.454+01:00&amp#27;[0;39m &amp#27;[32mDEBUG&amp#27;[0;39m &amp#27;[35m26824&amp#27;[0;39m &amp#27;[2m---&amp#27;[0;39m &amp#27;[2m[transferer] [           main]&amp#27;[0;39m &amp#27;[2m&amp#27;[0;39m&amp#27;[36mo.s.r.c.R2dbcTransactionManager         &amp#27;[0;39m &amp#27;[2m:&amp#27;[0;39m Initiating transaction commit
&amp#27;[2m2025-08-17T16:47:03.454+01:00&amp#27;[0;39m &amp#27;[32mDEBUG&amp#27;[0;39m &amp#27;[35m26824&amp#27;[0;39m &amp#27;[2m---&amp#27;[0;39m &amp#27;[2m[transferer] [           main]&amp#27;[0;39m &amp#27;[2m&amp#27;[0;39m&amp#27;[36mo.s.r.c.R2dbcTransactionManager         &amp#27;[0;39m &amp#27;[2m:&amp#27;[0;39m Committing R2DBC transaction on Connection [PooledConnection[io.r2dbc.h2.H2Connection@147375b3]]
&amp#27;[2m2025-08-17T16:47:03.454+01:00&amp#27;[0;39m &amp#27;[32mDEBUG&amp#27;[0;39m &amp#27;[35m26824&amp#27;[0;39m &amp#27;[2m---&amp#27;[0;39m &amp#27;[2m[transferer] [           main]&amp#27;[0;39m &amp#27;[2m&amp#27;[0;39m&amp#27;[36mio.r2dbc.h2.client.SessionClient        &amp#27;[0;39m &amp#27;[2m:&amp#27;[0;39m Request:  COMMIT
&amp#27;[2m2025-08-17T16:47:03.454+01:00&amp#27;[0;39m &amp#27;[32mDEBUG&amp#27;[0;39m &amp#27;[35m26824&amp#27;[0;39m &amp#27;[2m---&amp#27;[0;39m &amp#27;[2m[transferer] [           main]&amp#27;[0;39m &amp#27;[2m&amp#27;[0;39m&amp#27;[36mo.s.r.c.R2dbcTransactionManager         &amp#27;[0;39m &amp#27;[2m:&amp#27;[0;39m Releasing R2DBC Connection [PooledConnection[io.r2dbc.h2.H2Connection@147375b3]] after transaction
&amp#27;[2m2025-08-17T16:47:03.454+01:00&amp#27;[0;39m &amp#27;[32mDEBUG&amp#27;[0;39m &amp#27;[35m26824&amp#27;[0;39m &amp#27;[2m---&amp#27;[0;39m &amp#27;[2m[transferer] [           main]&amp#27;[0;39m &amp#27;[2m&amp#27;[0;39m&amp#27;[36mio.r2dbc.h2.client.SessionClient        &amp#27;[0;39m &amp#27;[2m:&amp#27;[0;39m Request:  SELECT CURRENT_TIMESTAMP
&amp#27;[2m2025-08-17T16:47:03.454+01:00&amp#27;[0;39m &amp#27;[32mDEBUG&amp#27;[0;39m &amp#27;[35m26824&amp#27;[0;39m &amp#27;[2m---&amp#27;[0;39m &amp#27;[2m[transferer] [           main]&amp#27;[0;39m &amp#27;[2m&amp#27;[0;39m&amp#27;[36mio.r2dbc.h2.client.SessionClient        &amp#27;[0;39m &amp#27;[2m:&amp#27;[0;39m Response: org.h2.result.LocalResult@5a8656a2 columns: 1 rows: 1 pos: -1
&amp#27;[2m2025-08-17T16:47:03.555+01:00&amp#27;[0;39m &amp#27;[32mDEBUG&amp#27;[0;39m &amp#27;[35m26824&amp#27;[0;39m &amp#27;[2m---&amp#27;[0;39m &amp#27;[2m[transferer] [     parallel-8]&amp#27;[0;39m &amp#27;[2m&amp#27;[0;39m&amp#27;[36mio.r2dbc.h2.client.SessionClient        &amp#27;[0;39m &amp#27;[2m:&amp#27;[0;39m Request:  SELECT 1
&amp#27;[2m2025-08-17T16:47:03.555+01:00&amp#27;[0;39m &amp#27;[32mDEBUG&amp#27;[0;39m &amp#27;[35m26824&amp#27;[0;39m &amp#27;[2m---&amp#27;[0;39m &amp#27;[2m[transferer] [     parallel-8]&amp#27;[0;39m &amp#27;[2m&amp#27;[0;39m&amp#27;[36mio.r2dbc.h2.client.SessionClient        &amp#27;[0;39m &amp#27;[2m:&amp#27;[0;39m Response: org.h2.result.LocalResult@32b73ba4 columns: 1 rows: 1 pos: -1
&amp#27;[2m2025-08-17T16:47:03.555+01:00&amp#27;[0;39m &amp#27;[32mDEBUG&amp#27;[0;39m &amp#27;[35m26824&amp#27;[0;39m &amp#27;[2m---&amp#27;[0;39m &amp#27;[2m[transferer] [     parallel-8]&amp#27;[0;39m &amp#27;[2m&amp#27;[0;39m&amp#27;[36mo.s.r2dbc.core.DefaultDatabaseClient    &amp#27;[0;39m &amp#27;[2m:&amp#27;[0;39m Executing SQL statement [SELECT event_type, COUNT(*) as count FROM outbox_events GROUP BY event_type]
&amp#27;[2m2025-08-17T16:47:03.555+01:00&amp#27;[0;39m &amp#27;[32mDEBUG&amp#27;[0;39m &amp#27;[35m26824&amp#27;[0;39m &amp#27;[2m---&amp#27;[0;39m &amp#27;[2m[transferer] [     parallel-8]&amp#27;[0;39m &amp#27;[2m&amp#27;[0;39m&amp#27;[36mio.r2dbc.h2.client.SessionClient        &amp#27;[0;39m &amp#27;[2m:&amp#27;[0;39m Request:  SELECT event_type, COUNT(*) as count FROM outbox_events GROUP BY event_type
&amp#27;[2m2025-08-17T16:47:03.555+01:00&amp#27;[0;39m &amp#27;[32mDEBUG&amp#27;[0;39m &amp#27;[35m26824&amp#27;[0;39m &amp#27;[2m---&amp#27;[0;39m &amp#27;[2m[transferer] [     parallel-8]&amp#27;[0;39m &amp#27;[2m&amp#27;[0;39m&amp#27;[36mio.r2dbc.h2.client.SessionClient        &amp#27;[0;39m &amp#27;[2m:&amp#27;[0;39m Response: org.h2.result.LocalResult@7d4dc9b9 columns: 2 rows: 3 pos: -1
&amp#27;[2m2025-08-17T16:47:03.555+01:00&amp#27;[0;39m &amp#27;[32mDEBUG&amp#27;[0;39m &amp#27;[35m26824&amp#27;[0;39m &amp#27;[2m---&amp#27;[0;39m &amp#27;[2m[transferer] [     parallel-8]&amp#27;[0;39m &amp#27;[2m&amp#27;[0;39m&amp#27;[36mio.r2dbc.h2.client.SessionClient        &amp#27;[0;39m &amp#27;[2m:&amp#27;[0;39m Request:  SELECT CURRENT_TIMESTAMP
&amp#27;[2m2025-08-17T16:47:03.556+01:00&amp#27;[0;39m &amp#27;[32mDEBUG&amp#27;[0;39m &amp#27;[35m26824&amp#27;[0;39m &amp#27;[2m---&amp#27;[0;39m &amp#27;[2m[transferer] [     parallel-8]&amp#27;[0;39m &amp#27;[2m&amp#27;[0;39m&amp#27;[36mio.r2dbc.h2.client.SessionClient        &amp#27;[0;39m &amp#27;[2m:&amp#27;[0;39m Response: org.h2.result.LocalResult@4cfa162b columns: 1 rows: 1 pos: -1
&amp#27;[2m2025-08-17T16:47:03.859+01:00&amp#27;[0;39m &amp#27;[32mDEBUG&amp#27;[0;39m &amp#27;[35m26824&amp#27;[0;39m &amp#27;[2m---&amp#27;[0;39m &amp#27;[2m[transferer] [     parallel-1]&amp#27;[0;39m &amp#27;[2m&amp#27;[0;39m&amp#27;[36mio.r2dbc.h2.client.SessionClient        &amp#27;[0;39m &amp#27;[2m:&amp#27;[0;39m Request:  SELECT 1
&amp#27;[2m2025-08-17T16:47:03.859+01:00&amp#27;[0;39m &amp#27;[32mDEBUG&amp#27;[0;39m &amp#27;[35m26824&amp#27;[0;39m &amp#27;[2m---&amp#27;[0;39m &amp#27;[2m[transferer] [     parallel-1]&amp#27;[0;39m &amp#27;[2m&amp#27;[0;39m&amp#27;[36mio.r2dbc.h2.client.SessionClient        &amp#27;[0;39m &amp#27;[2m:&amp#27;[0;39m Response: org.h2.result.LocalResult@17fcbbd9 columns: 1 rows: 1 pos: -1
&amp#27;[2m2025-08-17T16:47:03.859+01:00&amp#27;[0;39m &amp#27;[32mDEBUG&amp#27;[0;39m &amp#27;[35m26824&amp#27;[0;39m &amp#27;[2m---&amp#27;[0;39m &amp#27;[2m[transferer] [     parallel-1]&amp#27;[0;39m &amp#27;[2m&amp#27;[0;39m&amp#27;[36mo.s.r2dbc.core.DefaultDatabaseClient    &amp#27;[0;39m &amp#27;[2m:&amp#27;[0;39m Executing SQL statement [SELECT payments.* FROM payments WHERE payments.ID = $1 LIMIT 2]
&amp#27;[2m2025-08-17T16:47:03.860+01:00&amp#27;[0;39m &amp#27;[32mDEBUG&amp#27;[0;39m &amp#27;[35m26824&amp#27;[0;39m &amp#27;[2m---&amp#27;[0;39m &amp#27;[2m[transferer] [     parallel-1]&amp#27;[0;39m &amp#27;[2m&amp#27;[0;39m&amp#27;[36mio.r2dbc.h2.client.SessionClient        &amp#27;[0;39m &amp#27;[2m:&amp#27;[0;39m Request:  SELECT payments.* FROM payments WHERE payments.ID = $1 LIMIT 2 {1: 'b870d60b-5fbc-4401-a69b-2d355981e480'}
&amp#27;[2m2025-08-17T16:47:03.860+01:00&amp#27;[0;39m &amp#27;[32mDEBUG&amp#27;[0;39m &amp#27;[35m26824&amp#27;[0;39m &amp#27;[2m---&amp#27;[0;39m &amp#27;[2m[transferer] [     parallel-1]&amp#27;[0;39m &amp#27;[2m&amp#27;[0;39m&amp#27;[36mio.r2dbc.h2.client.SessionClient        &amp#27;[0;39m &amp#27;[2m:&amp#27;[0;39m Response: org.h2.result.LocalResult@13c33dfe columns: 12 rows: 1 pos: -1
&amp#27;[2m2025-08-17T16:47:03.861+01:00&amp#27;[0;39m &amp#27;[32mDEBUG&amp#27;[0;39m &amp#27;[35m26824&amp#27;[0;39m &amp#27;[2m---&amp#27;[0;39m &amp#27;[2m[transferer] [     parallel-1]&amp#27;[0;39m &amp#27;[2m&amp#27;[0;39m&amp#27;[36mio.r2dbc.h2.client.SessionClient        &amp#27;[0;39m &amp#27;[2m:&amp#27;[0;39m Request:  SELECT CURRENT_TIMESTAMP
&amp#27;[2m2025-08-17T16:47:03.861+01:00&amp#27;[0;39m &amp#27;[32mDEBUG&amp#27;[0;39m &amp#27;[35m26824&amp#27;[0;39m &amp#27;[2m---&amp#27;[0;39m &amp#27;[2m[transferer] [     parallel-1]&amp#27;[0;39m &amp#27;[2m&amp#27;[0;39m&amp#27;[36mio.r2dbc.h2.client.SessionClient        &amp#27;[0;39m &amp#27;[2m:&amp#27;[0;39m Response: org.h2.result.LocalResult@67dd4199 columns: 1 rows: 1 pos: -1
&amp#27;[2m2025-08-17T16:47:03.863+01:00&amp#27;[0;39m &amp#27;[32mDEBUG&amp#27;[0;39m &amp#27;[35m26824&amp#27;[0;39m &amp#27;[2m---&amp#27;[0;39m &amp#27;[2m[transferer] [           main]&amp#27;[0;39m &amp#27;[2m&amp#27;[0;39m&amp#27;[36mio.r2dbc.h2.client.SessionClient        &amp#27;[0;39m &amp#27;[2m:&amp#27;[0;39m Request:  SELECT 1
&amp#27;[2m2025-08-17T16:47:03.863+01:00&amp#27;[0;39m &amp#27;[32mDEBUG&amp#27;[0;39m &amp#27;[35m26824&amp#27;[0;39m &amp#27;[2m---&amp#27;[0;39m &amp#27;[2m[transferer] [           main]&amp#27;[0;39m &amp#27;[2m&amp#27;[0;39m&amp#27;[36mio.r2dbc.h2.client.SessionClient        &amp#27;[0;39m &amp#27;[2m:&amp#27;[0;39m Response: org.h2.result.LocalResult@52035328 columns: 1 rows: 1 pos: -1
&amp#27;[2m2025-08-17T16:47:03.863+01:00&amp#27;[0;39m &amp#27;[32mDEBUG&amp#27;[0;39m &amp#27;[35m26824&amp#27;[0;39m &amp#27;[2m---&amp#27;[0;39m &amp#27;[2m[transferer] [           main]&amp#27;[0;39m &amp#27;[2m&amp#27;[0;39m&amp#27;[36mo.s.r2dbc.core.DefaultDatabaseClient    &amp#27;[0;39m &amp#27;[2m:&amp#27;[0;39m Executing SQL statement [DELETE FROM payments]
&amp#27;[2m2025-08-17T16:47:03.863+01:00&amp#27;[0;39m &amp#27;[32mDEBUG&amp#27;[0;39m &amp#27;[35m26824&amp#27;[0;39m &amp#27;[2m---&amp#27;[0;39m &amp#27;[2m[transferer] [           main]&amp#27;[0;39m &amp#27;[2m&amp#27;[0;39m&amp#27;[36mio.r2dbc.h2.client.SessionClient        &amp#27;[0;39m &amp#27;[2m:&amp#27;[0;39m Request:  DELETE FROM payments
&amp#27;[2m2025-08-17T16:47:03.863+01:00&amp#27;[0;39m &amp#27;[32mDEBUG&amp#27;[0;39m &amp#27;[35m26824&amp#27;[0;39m &amp#27;[2m---&amp#27;[0;39m &amp#27;[2m[transferer] [           main]&amp#27;[0;39m &amp#27;[2m&amp#27;[0;39m&amp#27;[36mio.r2dbc.h2.client.SessionClient        &amp#27;[0;39m &amp#27;[2m:&amp#27;[0;39m Request:  SELECT CURRENT_TIMESTAMP
&amp#27;[2m2025-08-17T16:47:03.863+01:00&amp#27;[0;39m &amp#27;[32mDEBUG&amp#27;[0;39m &amp#27;[35m26824&amp#27;[0;39m &amp#27;[2m---&amp#27;[0;39m &amp#27;[2m[transferer] [           main]&amp#27;[0;39m &amp#27;[2m&amp#27;[0;39m&amp#27;[36mio.r2dbc.h2.client.SessionClient        &amp#27;[0;39m &amp#27;[2m:&amp#27;[0;39m Response: org.h2.result.LocalResult@54970127 columns: 1 rows: 1 pos: -1
&amp#27;[2m2025-08-17T16:47:03.863+01:00&amp#27;[0;39m &amp#27;[32mDEBUG&amp#27;[0;39m &amp#27;[35m26824&amp#27;[0;39m &amp#27;[2m---&amp#27;[0;39m &amp#27;[2m[transferer] [           main]&amp#27;[0;39m &amp#27;[2m&amp#27;[0;39m&amp#27;[36mio.r2dbc.h2.client.SessionClient        &amp#27;[0;39m &amp#27;[2m:&amp#27;[0;39m Request:  SELECT 1
&amp#27;[2m2025-08-17T16:47:03.863+01:00&amp#27;[0;39m &amp#27;[32mDEBUG&amp#27;[0;39m &amp#27;[35m26824&amp#27;[0;39m &amp#27;[2m---&amp#27;[0;39m &amp#27;[2m[transferer] [           main]&amp#27;[0;39m &amp#27;[2m&amp#27;[0;39m&amp#27;[36mio.r2dbc.h2.client.SessionClient        &amp#27;[0;39m &amp#27;[2m:&amp#27;[0;39m Response: org.h2.result.LocalResult@3c4c7e51 columns: 1 rows: 1 pos: -1
&amp#27;[2m2025-08-17T16:47:03.863+01:00&amp#27;[0;39m &amp#27;[32mDEBUG&amp#27;[0;39m &amp#27;[35m26824&amp#27;[0;39m &amp#27;[2m---&amp#27;[0;39m &amp#27;[2m[transferer] [           main]&amp#27;[0;39m &amp#27;[2m&amp#27;[0;39m&amp#27;[36mo.s.r2dbc.core.DefaultDatabaseClient    &amp#27;[0;39m &amp#27;[2m:&amp#27;[0;39m Executing SQL statement [DELETE FROM transactions]
&amp#27;[2m2025-08-17T16:47:03.864+01:00&amp#27;[0;39m &amp#27;[32mDEBUG&amp#27;[0;39m &amp#27;[35m26824&amp#27;[0;39m &amp#27;[2m---&amp#27;[0;39m &amp#27;[2m[transferer] [           main]&amp#27;[0;39m &amp#27;[2m&amp#27;[0;39m&amp#27;[36mio.r2dbc.h2.client.SessionClient        &amp#27;[0;39m &amp#27;[2m:&amp#27;[0;39m Request:  DELETE FROM transactions
&amp#27;[2m2025-08-17T16:47:03.864+01:00&amp#27;[0;39m &amp#27;[32mDEBUG&amp#27;[0;39m &amp#27;[35m26824&amp#27;[0;39m &amp#27;[2m---&amp#27;[0;39m &amp#27;[2m[transferer] [           main]&amp#27;[0;39m &amp#27;[2m&amp#27;[0;39m&amp#27;[36mio.r2dbc.h2.client.SessionClient        &amp#27;[0;39m &amp#27;[2m:&amp#27;[0;39m Request:  SELECT CURRENT_TIMESTAMP
&amp#27;[2m2025-08-17T16:47:03.864+01:00&amp#27;[0;39m &amp#27;[32mDEBUG&amp#27;[0;39m &amp#27;[35m26824&amp#27;[0;39m &amp#27;[2m---&amp#27;[0;39m &amp#27;[2m[transferer] [           main]&amp#27;[0;39m &amp#27;[2m&amp#27;[0;39m&amp#27;[36mio.r2dbc.h2.client.SessionClient        &amp#27;[0;39m &amp#27;[2m:&amp#27;[0;39m Response: org.h2.result.LocalResult@7891cf3 columns: 1 rows: 1 pos: -1
&amp#27;[2m2025-08-17T16:47:03.864+01:00&amp#27;[0;39m &amp#27;[32mDEBUG&amp#27;[0;39m &amp#27;[35m26824&amp#27;[0;39m &amp#27;[2m---&amp#27;[0;39m &amp#27;[2m[transferer] [           main]&amp#27;[0;39m &amp#27;[2m&amp#27;[0;39m&amp#27;[36mio.r2dbc.h2.client.SessionClient        &amp#27;[0;39m &amp#27;[2m:&amp#27;[0;39m Request:  SELECT 1
&amp#27;[2m2025-08-17T16:47:03.864+01:00&amp#27;[0;39m &amp#27;[32mDEBUG&amp#27;[0;39m &amp#27;[35m26824&amp#27;[0;39m &amp#27;[2m---&amp#27;[0;39m &amp#27;[2m[transferer] [           main]&amp#27;[0;39m &amp#27;[2m&amp#27;[0;39m&amp#27;[36mio.r2dbc.h2.client.SessionClient        &amp#27;[0;39m &amp#27;[2m:&amp#27;[0;39m Response: org.h2.result.LocalResult@6bfbab1c columns: 1 rows: 1 pos: -1
&amp#27;[2m2025-08-17T16:47:03.864+01:00&amp#27;[0;39m &amp#27;[32mDEBUG&amp#27;[0;39m &amp#27;[35m26824&amp#27;[0;39m &amp#27;[2m---&amp#27;[0;39m &amp#27;[2m[transferer] [           main]&amp#27;[0;39m &amp#27;[2m&amp#27;[0;39m&amp#27;[36mo.s.r2dbc.core.DefaultDatabaseClient    &amp#27;[0;39m &amp#27;[2m:&amp#27;[0;39m Executing SQL statement [DELETE FROM accounts]
&amp#27;[2m2025-08-17T16:47:03.864+01:00&amp#27;[0;39m &amp#27;[32mDEBUG&amp#27;[0;39m &amp#27;[35m26824&amp#27;[0;39m &amp#27;[2m---&amp#27;[0;39m &amp#27;[2m[transferer] [           main]&amp#27;[0;39m &amp#27;[2m&amp#27;[0;39m&amp#27;[36mio.r2dbc.h2.client.SessionClient        &amp#27;[0;39m &amp#27;[2m:&amp#27;[0;39m Request:  DELETE FROM accounts
&amp#27;[2m2025-08-17T16:47:03.864+01:00&amp#27;[0;39m &amp#27;[32mDEBUG&amp#27;[0;39m &amp#27;[35m26824&amp#27;[0;39m &amp#27;[2m---&amp#27;[0;39m &amp#27;[2m[transferer] [           main]&amp#27;[0;39m &amp#27;[2m&amp#27;[0;39m&amp#27;[36mio.r2dbc.h2.client.SessionClient        &amp#27;[0;39m &amp#27;[2m:&amp#27;[0;39m Request:  SELECT CURRENT_TIMESTAMP
&amp#27;[2m2025-08-17T16:47:03.864+01:00&amp#27;[0;39m &amp#27;[32mDEBUG&amp#27;[0;39m &amp#27;[35m26824&amp#27;[0;39m &amp#27;[2m---&amp#27;[0;39m &amp#27;[2m[transferer] [           main]&amp#27;[0;39m &amp#27;[2m&amp#27;[0;39m&amp#27;[36mio.r2dbc.h2.client.SessionClient        &amp#27;[0;39m &amp#27;[2m:&amp#27;[0;39m Response: org.h2.result.LocalResult@3700994c columns: 1 rows: 1 pos: -1
&amp#27;[2m2025-08-17T16:47:03.864+01:00&amp#27;[0;39m &amp#27;[32mDEBUG&amp#27;[0;39m &amp#27;[35m26824&amp#27;[0;39m &amp#27;[2m---&amp#27;[0;39m &amp#27;[2m[transferer] [           main]&amp#27;[0;39m &amp#27;[2m&amp#27;[0;39m&amp#27;[36mio.r2dbc.h2.client.SessionClient        &amp#27;[0;39m &amp#27;[2m:&amp#27;[0;39m Request:  SELECT 1
&amp#27;[2m2025-08-17T16:47:03.864+01:00&amp#27;[0;39m &amp#27;[32mDEBUG&amp#27;[0;39m &amp#27;[35m26824&amp#27;[0;39m &amp#27;[2m---&amp#27;[0;39m &amp#27;[2m[transferer] [           main]&amp#27;[0;39m &amp#27;[2m&amp#27;[0;39m&amp#27;[36mio.r2dbc.h2.client.SessionClient        &amp#27;[0;39m &amp#27;[2m:&amp#27;[0;39m Response: org.h2.result.LocalResult@78a165db columns: 1 rows: 1 pos: -1
&amp#27;[2m2025-08-17T16:47:03.864+01:00&amp#27;[0;39m &amp#27;[32mDEBUG&amp#27;[0;39m &amp#27;[35m26824&amp#27;[0;39m &amp#27;[2m---&amp#27;[0;39m &amp#27;[2m[transferer] [           main]&amp#27;[0;39m &amp#27;[2m&amp#27;[0;39m&amp#27;[36mo.s.r2dbc.core.DefaultDatabaseClient    &amp#27;[0;39m &amp#27;[2m:&amp#27;[0;39m Executing SQL statement [DELETE FROM outbox_events]
&amp#27;[2m2025-08-17T16:47:03.864+01:00&amp#27;[0;39m &amp#27;[32mDEBUG&amp#27;[0;39m &amp#27;[35m26824&amp#27;[0;39m &amp#27;[2m---&amp#27;[0;39m &amp#27;[2m[transferer] [           main]&amp#27;[0;39m &amp#27;[2m&amp#27;[0;39m&amp#27;[36mio.r2dbc.h2.client.SessionClient        &amp#27;[0;39m &amp#27;[2m:&amp#27;[0;39m Request:  DELETE FROM outbox_events
&amp#27;[2m2025-08-17T16:47:03.864+01:00&amp#27;[0;39m &amp#27;[32mDEBUG&amp#27;[0;39m &amp#27;[35m26824&amp#27;[0;39m &amp#27;[2m---&amp#27;[0;39m &amp#27;[2m[transferer] [           main]&amp#27;[0;39m &amp#27;[2m&amp#27;[0;39m&amp#27;[36mio.r2dbc.h2.client.SessionClient        &amp#27;[0;39m &amp#27;[2m:&amp#27;[0;39m Request:  SELECT CURRENT_TIMESTAMP
&amp#27;[2m2025-08-17T16:47:03.864+01:00&amp#27;[0;39m &amp#27;[32mDEBUG&amp#27;[0;39m &amp#27;[35m26824&amp#27;[0;39m &amp#27;[2m---&amp#27;[0;39m &amp#27;[2m[transferer] [           main]&amp#27;[0;39m &amp#27;[2m&amp#27;[0;39m&amp#27;[36mio.r2dbc.h2.client.SessionClient        &amp#27;[0;39m &amp#27;[2m:&amp#27;[0;39m Response: org.h2.result.LocalResult@2d3bb944 columns: 1 rows: 1 pos: -1
]]></system-out>
  </testcase>
  <testcase name="should_maintain_referential_integrity_between_payment_and_transaction" classname="com.transferer.payment.PaymentSagaDbIntegrationTest" time="0.476">
    <system-out><![CDATA[
  .   ____          _            __ _ _
 /\\ / ___'_ __ _ _(_)_ __  __ _ \ \ \ \
( ( )\___ | '_ | '_| | '_ \/ _` | \ \ \ \
 \\/  ___)| |_)| | | | | || (_| |  ) ) ) )
  '  |____| .__|_| |_|_| |_\__, | / / / /
 =========|_|==============|___/=/_/_/_/
&amp#27;[32m :: Spring Boot :: &amp#27;[39m              &amp#27;[2m (v3.2.0)&amp#27;[0;39m

&amp#27;[2m2025-08-17T16:47:03.877+01:00&amp#27;[0;39m &amp#27;[32m INFO&amp#27;[0;39m &amp#27;[35m26824&amp#27;[0;39m &amp#27;[2m---&amp#27;[0;39m &amp#27;[2m[transferer] [           main]&amp#27;[0;39m &amp#27;[2m&amp#27;[0;39m&amp#27;[36mc.t.p.PaymentSagaDbIntegrationTest      &amp#27;[0;39m &amp#27;[2m:&amp#27;[0;39m Starting PaymentSagaDbIntegrationTest using Java 24.0.2 with PID 26824 (started by bendrawer in /Users/bendrawer/transferer)
&amp#27;[2m2025-08-17T16:47:03.877+01:00&amp#27;[0;39m &amp#27;[32mDEBUG&amp#27;[0;39m &amp#27;[35m26824&amp#27;[0;39m &amp#27;[2m---&amp#27;[0;39m &amp#27;[2m[transferer] [           main]&amp#27;[0;39m &amp#27;[2m&amp#27;[0;39m&amp#27;[36mc.t.p.PaymentSagaDbIntegrationTest      &amp#27;[0;39m &amp#27;[2m:&amp#27;[0;39m Running with Spring Boot v3.2.0, Spring v6.1.1
&amp#27;[2m2025-08-17T16:47:03.877+01:00&amp#27;[0;39m &amp#27;[32m INFO&amp#27;[0;39m &amp#27;[35m26824&amp#27;[0;39m &amp#27;[2m---&amp#27;[0;39m &amp#27;[2m[transferer] [           main]&amp#27;[0;39m &amp#27;[2m&amp#27;[0;39m&amp#27;[36mc.t.p.PaymentSagaDbIntegrationTest      &amp#27;[0;39m &amp#27;[2m:&amp#27;[0;39m The following 1 profile is active: "test"
&amp#27;[2m2025-08-17T16:47:03.893+01:00&amp#27;[0;39m &amp#27;[32m INFO&amp#27;[0;39m &amp#27;[35m26824&amp#27;[0;39m &amp#27;[2m---&amp#27;[0;39m &amp#27;[2m[transferer] [           main]&amp#27;[0;39m &amp#27;[2m&amp#27;[0;39m&amp#27;[36m.s.d.r.c.RepositoryConfigurationDelegate&amp#27;[0;39m &amp#27;[2m:&amp#27;[0;39m Bootstrapping Spring Data R2DBC repositories in DEFAULT mode.
&amp#27;[2m2025-08-17T16:47:03.897+01:00&amp#27;[0;39m &amp#27;[32m INFO&amp#27;[0;39m &amp#27;[35m26824&amp#27;[0;39m &amp#27;[2m---&amp#27;[0;39m &amp#27;[2m[transferer] [           main]&amp#27;[0;39m &amp#27;[2m&amp#27;[0;39m&amp#27;[36m.s.d.r.c.RepositoryConfigurationDelegate&amp#27;[0;39m &amp#27;[2m:&amp#27;[0;39m Finished Spring Data repository scanning in 3 ms. Found 4 R2DBC repository interfaces.
&amp#27;[2m2025-08-17T16:47:03.916+01:00&amp#27;[0;39m &amp#27;[32mDEBUG&amp#27;[0;39m &amp#27;[35m26824&amp#27;[0;39m &amp#27;[2m---&amp#27;[0;39m &amp#27;[2m[transferer] [           main]&amp#27;[0;39m &amp#27;[2m&amp#27;[0;39m&amp#27;[36mc.t.shared.outbox.OutboxEventBus        &amp#27;[0;39m &amp#27;[2m:&amp#27;[0;39m Subscribed handler to event class: PaymentStepAdvancedEvent
&amp#27;[2m2025-08-17T16:47:03.916+01:00&amp#27;[0;39m &amp#27;[32mDEBUG&amp#27;[0;39m &amp#27;[35m26824&amp#27;[0;39m &amp#27;[2m---&amp#27;[0;39m &amp#27;[2m[transferer] [           main]&amp#27;[0;39m &amp#27;[2m&amp#27;[0;39m&amp#27;[36mc.t.shared.outbox.OutboxEventBus        &amp#27;[0;39m &amp#27;[2m:&amp#27;[0;39m Subscribed handler to event class: TransactionCreatedEvent
&amp#27;[2m2025-08-17T16:47:03.916+01:00&amp#27;[0;39m &amp#27;[32mDEBUG&amp#27;[0;39m &amp#27;[35m26824&amp#27;[0;39m &amp#27;[2m---&amp#27;[0;39m &amp#27;[2m[transferer] [           main]&amp#27;[0;39m &amp#27;[2m&amp#27;[0;39m&amp#27;[36mc.t.shared.outbox.OutboxEventBus        &amp#27;[0;39m &amp#27;[2m:&amp#27;[0;39m Subscribed handler to event class: AccountDebitedEvent
&amp#27;[2m2025-08-17T16:47:03.916+01:00&amp#27;[0;39m &amp#27;[32mDEBUG&amp#27;[0;39m &amp#27;[35m26824&amp#27;[0;39m &amp#27;[2m---&amp#27;[0;39m &amp#27;[2m[transferer] [           main]&amp#27;[0;39m &amp#27;[2m&amp#27;[0;39m&amp#27;[36mc.t.shared.outbox.OutboxEventBus        &amp#27;[0;39m &amp#27;[2m:&amp#27;[0;39m Subscribed handler to event class: AccountCreditedEvent
&amp#27;[2m2025-08-17T16:47:03.916+01:00&amp#27;[0;39m &amp#27;[32mDEBUG&amp#27;[0;39m &amp#27;[35m26824&amp#27;[0;39m &amp#27;[2m---&amp#27;[0;39m &amp#27;[2m[transferer] [           main]&amp#27;[0;39m &amp#27;[2m&amp#27;[0;39m&amp#27;[36mc.t.shared.outbox.OutboxEventBus        &amp#27;[0;39m &amp#27;[2m:&amp#27;[0;39m Subscribed handler to event class: TransactionCompletedEvent
&amp#27;[2m2025-08-17T16:47:03.916+01:00&amp#27;[0;39m &amp#27;[32mDEBUG&amp#27;[0;39m &amp#27;[35m26824&amp#27;[0;39m &amp#27;[2m---&amp#27;[0;39m &amp#27;[2m[transferer] [           main]&amp#27;[0;39m &amp#27;[2m&amp#27;[0;39m&amp#27;[36mc.t.shared.outbox.OutboxEventBus        &amp#27;[0;39m &amp#27;[2m:&amp#27;[0;39m Subscribed handler to event class: PaymentFailedEvent
&amp#27;[2m2025-08-17T16:47:03.918+01:00&amp#27;[0;39m &amp#27;[32mDEBUG&amp#27;[0;39m &amp#27;[35m26824&amp#27;[0;39m &amp#27;[2m---&amp#27;[0;39m &amp#27;[2m[transferer] [       single-1]&amp#27;[0;39m &amp#27;[2m&amp#27;[0;39m&amp#27;[36mio.r2dbc.h2.client.SessionClient        &amp#27;[0;39m &amp#27;[2m:&amp#27;[0;39m Request:  CALL H2VERSION()
&amp#27;[2m2025-08-17T16:47:03.918+01:00&amp#27;[0;39m &amp#27;[32mDEBUG&amp#27;[0;39m &amp#27;[35m26824&amp#27;[0;39m &amp#27;[2m---&amp#27;[0;39m &amp#27;[2m[transferer] [       single-1]&amp#27;[0;39m &amp#27;[2m&amp#27;[0;39m&amp#27;[36mio.r2dbc.h2.client.SessionClient        &amp#27;[0;39m &amp#27;[2m:&amp#27;[0;39m Response: org.h2.result.LocalResult@4978b948 columns: 1 rows: 1 pos: -1
&amp#27;[2m2025-08-17T16:47:03.918+01:00&amp#27;[0;39m &amp#27;[32mDEBUG&amp#27;[0;39m &amp#27;[35m26824&amp#27;[0;39m &amp#27;[2m---&amp#27;[0;39m &amp#27;[2m[transferer] [       single-1]&amp#27;[0;39m &amp#27;[2m&amp#27;[0;39m&amp#27;[36mio.r2dbc.h2.client.SessionClient        &amp#27;[0;39m &amp#27;[2m:&amp#27;[0;39m Request:  SELECT 1
&amp#27;[2m2025-08-17T16:47:03.919+01:00&amp#27;[0;39m &amp#27;[32mDEBUG&amp#27;[0;39m &amp#27;[35m26824&amp#27;[0;39m &amp#27;[2m---&amp#27;[0;39m &amp#27;[2m[transferer] [       single-1]&amp#27;[0;39m &amp#27;[2m&amp#27;[0;39m&amp#27;[36mio.r2dbc.h2.client.SessionClient        &amp#27;[0;39m &amp#27;[2m:&amp#27;[0;39m Response: org.h2.result.LocalResult@1836d1a8 columns: 1 rows: 1 pos: -1
&amp#27;[2m2025-08-17T16:47:03.919+01:00&amp#27;[0;39m &amp#27;[32mDEBUG&amp#27;[0;39m &amp#27;[35m26824&amp#27;[0;39m &amp#27;[2m---&amp#27;[0;39m &amp#27;[2m[transferer] [       single-1]&amp#27;[0;39m &amp#27;[2m&amp#27;[0;39m&amp#27;[36mo.s.r2dbc.connection.init.ScriptUtils   &amp#27;[0;39m &amp#27;[2m:&amp#27;[0;39m Executing SQL script from class path resource [test-schema.sql]
&amp#27;[2m2025-08-17T16:47:03.919+01:00&amp#27;[0;39m &amp#27;[32mDEBUG&amp#27;[0;39m &amp#27;[35m26824&amp#27;[0;39m &amp#27;[2m---&amp#27;[0;39m &amp#27;[2m[transferer] [       single-1]&amp#27;[0;39m &amp#27;[2m&amp#27;[0;39m&amp#27;[36mio.r2dbc.h2.client.SessionClient        &amp#27;[0;39m &amp#27;[2m:&amp#27;[0;39m Request:  CALL H2VERSION()
&amp#27;[2m2025-08-17T16:47:03.919+01:00&amp#27;[0;39m &amp#27;[32mDEBUG&amp#27;[0;39m &amp#27;[35m26824&amp#27;[0;39m &amp#27;[2m---&amp#27;[0;39m &amp#27;[2m[transferer] [       single-1]&amp#27;[0;39m &amp#27;[2m&amp#27;[0;39m&amp#27;[36mio.r2dbc.h2.client.SessionClient        &amp#27;[0;39m &amp#27;[2m:&amp#27;[0;39m Response: org.h2.result.LocalResult@7ecf9498 columns: 1 rows: 1 pos: -1
&amp#27;[2m2025-08-17T16:47:03.919+01:00&amp#27;[0;39m &amp#27;[32mDEBUG&amp#27;[0;39m &amp#27;[35m26824&amp#27;[0;39m &amp#27;[2m---&amp#27;[0;39m &amp#27;[2m[transferer] [       single-1]&amp#27;[0;39m &amp#27;[2m&amp#27;[0;39m&amp#27;[36mio.r2dbc.h2.client.SessionClient        &amp#27;[0;39m &amp#27;[2m:&amp#27;[0;39m Request:  CALL H2VERSION()
&amp#27;[2m2025-08-17T16:47:03.919+01:00&amp#27;[0;39m &amp#27;[32mDEBUG&amp#27;[0;39m &amp#27;[35m26824&amp#27;[0;39m &amp#27;[2m---&amp#27;[0;39m &amp#27;[2m[transferer] [       single-1]&amp#27;[0;39m &amp#27;[2m&amp#27;[0;39m&amp#27;[36mio.r2dbc.h2.client.SessionClient        &amp#27;[0;39m &amp#27;[2m:&amp#27;[0;39m Response: org.h2.result.LocalResult@7271c0f0 columns: 1 rows: 1 pos: -1
&amp#27;[2m2025-08-17T16:47:03.919+01:00&amp#27;[0;39m &amp#27;[32mDEBUG&amp#27;[0;39m &amp#27;[35m26824&amp#27;[0;39m &amp#27;[2m---&amp#27;[0;39m &amp#27;[2m[transferer] [       single-1]&amp#27;[0;39m &amp#27;[2m&amp#27;[0;39m&amp#27;[36mio.r2dbc.h2.client.SessionClient        &amp#27;[0;39m &amp#27;[2m:&amp#27;[0;39m Request:  CALL H2VERSION()
&amp#27;[2m2025-08-17T16:47:03.919+01:00&amp#27;[0;39m &amp#27;[32mDEBUG&amp#27;[0;39m &amp#27;[35m26824&amp#27;[0;39m &amp#27;[2m---&amp#27;[0;39m &amp#27;[2m[transferer] [       single-1]&amp#27;[0;39m &amp#27;[2m&amp#27;[0;39m&amp#27;[36mio.r2dbc.h2.client.SessionClient        &amp#27;[0;39m &amp#27;[2m:&amp#27;[0;39m Response: org.h2.result.LocalResult@6c98cde1 columns: 1 rows: 1 pos: -1
&amp#27;[2m2025-08-17T16:47:03.920+01:00&amp#27;[0;39m &amp#27;[32mDEBUG&amp#27;[0;39m &amp#27;[35m26824&amp#27;[0;39m &amp#27;[2m---&amp#27;[0;39m &amp#27;[2m[transferer] [       Thread-3]&amp#27;[0;39m &amp#27;[2m&amp#27;[0;39m&amp#27;[36mio.r2dbc.h2.client.SessionClient        &amp#27;[0;39m &amp#27;[2m:&amp#27;[0;39m Request:  CREATE TABLE IF NOT EXISTS accounts ( id VARCHAR(255) PRIMARY KEY, account_number VARCHAR(20) UNIQUE NOT NULL, holder_name VARCHAR(255) NOT NULL, balance DECIMAL(19,2) NOT NULL DEFAULT 0.00, status VARCHAR(20) NOT NULL DEFAULT 'ACTIVE', created_at TIMESTAMP NOT NULL DEFAULT CURRENT_TIMESTAMP, updated_at TIMESTAMP NOT NULL DEFAULT CURRENT_TIMESTAMP )
&amp#27;[2m2025-08-17T16:47:03.920+01:00&amp#27;[0;39m &amp#27;[32mDEBUG&amp#27;[0;39m &amp#27;[35m26824&amp#27;[0;39m &amp#27;[2m---&amp#27;[0;39m &amp#27;[2m[transferer] [       single-1]&amp#27;[0;39m &amp#27;[2m&amp#27;[0;39m&amp#27;[36mio.r2dbc.h2.client.SessionClient        &amp#27;[0;39m &amp#27;[2m:&amp#27;[0;39m Request:  CALL H2VERSION()
&amp#27;[2m2025-08-17T16:47:03.920+01:00&amp#27;[0;39m &amp#27;[32mDEBUG&amp#27;[0;39m &amp#27;[35m26824&amp#27;[0;39m &amp#27;[2m---&amp#27;[0;39m &amp#27;[2m[transferer] [       single-1]&amp#27;[0;39m &amp#27;[2m&amp#27;[0;39m&amp#27;[36mio.r2dbc.h2.client.SessionClient        &amp#27;[0;39m &amp#27;[2m:&amp#27;[0;39m Response: org.h2.result.LocalResult@6e71ffbe columns: 1 rows: 1 pos: -1
&amp#27;[2m2025-08-17T16:47:03.920+01:00&amp#27;[0;39m &amp#27;[32mDEBUG&amp#27;[0;39m &amp#27;[35m26824&amp#27;[0;39m &amp#27;[2m---&amp#27;[0;39m &amp#27;[2m[transferer] [       Thread-3]&amp#27;[0;39m &amp#27;[2m&amp#27;[0;39m&amp#27;[36mo.s.r2dbc.connection.init.ScriptUtils   &amp#27;[0;39m &amp#27;[2m:&amp#27;[0;39m 0 returned as update count for SQL: CREATE TABLE IF NOT EXISTS accounts ( id VARCHAR(255) PRIMARY KEY, account_number VARCHAR(20) UNIQUE NOT NULL, holder_name VARCHAR(255) NOT NULL, balance DECIMAL(19,2) NOT NULL DEFAULT 0.00, status VARCHAR(20) NOT NULL DEFAULT 'ACTIVE', created_at TIMESTAMP NOT NULL DEFAULT CURRENT_TIMESTAMP, updated_at TIMESTAMP NOT NULL DEFAULT CURRENT_TIMESTAMP )
&amp#27;[2m2025-08-17T16:47:03.920+01:00&amp#27;[0;39m &amp#27;[32mDEBUG&amp#27;[0;39m &amp#27;[35m26824&amp#27;[0;39m &amp#27;[2m---&amp#27;[0;39m &amp#27;[2m[transferer] [       Thread-3]&amp#27;[0;39m &amp#27;[2m&amp#27;[0;39m&amp#27;[36mio.r2dbc.h2.client.SessionClient        &amp#27;[0;39m &amp#27;[2m:&amp#27;[0;39m Request:  CREATE INDEX IF NOT EXISTS idx_accounts_account_number ON accounts (account_number)
&amp#27;[2m2025-08-17T16:47:03.920+01:00&amp#27;[0;39m &amp#27;[32mDEBUG&amp#27;[0;39m &amp#27;[35m26824&amp#27;[0;39m &amp#27;[2m---&amp#27;[0;39m &amp#27;[2m[transferer] [       Thread-3]&amp#27;[0;39m &amp#27;[2m&amp#27;[0;39m&amp#27;[36mo.s.r2dbc.connection.init.ScriptUtils   &amp#27;[0;39m &amp#27;[2m:&amp#27;[0;39m 0 returned as update count for SQL: CREATE INDEX IF NOT EXISTS idx_accounts_account_number ON accounts (account_number)
&amp#27;[2m2025-08-17T16:47:03.920+01:00&amp#27;[0;39m &amp#27;[32mDEBUG&amp#27;[0;39m &amp#27;[35m26824&amp#27;[0;39m &amp#27;[2m---&amp#27;[0;39m &amp#27;[2m[transferer] [       single-1]&amp#27;[0;39m &amp#27;[2m&amp#27;[0;39m&amp#27;[36mio.r2dbc.h2.client.SessionClient        &amp#27;[0;39m &amp#27;[2m:&amp#27;[0;39m Request:  CALL H2VERSION()
&amp#27;[2m2025-08-17T16:47:03.920+01:00&amp#27;[0;39m &amp#27;[32mDEBUG&amp#27;[0;39m &amp#27;[35m26824&amp#27;[0;39m &amp#27;[2m---&amp#27;[0;39m &amp#27;[2m[transferer] [       single-1]&amp#27;[0;39m &amp#27;[2m&amp#27;[0;39m&amp#27;[36mio.r2dbc.h2.client.SessionClient        &amp#27;[0;39m &amp#27;[2m:&amp#27;[0;39m Response: org.h2.result.LocalResult@127bd4c0 columns: 1 rows: 1 pos: -1
&amp#27;[2m2025-08-17T16:47:03.920+01:00&amp#27;[0;39m &amp#27;[32mDEBUG&amp#27;[0;39m &amp#27;[35m26824&amp#27;[0;39m &amp#27;[2m---&amp#27;[0;39m &amp#27;[2m[transferer] [       Thread-3]&amp#27;[0;39m &amp#27;[2m&amp#27;[0;39m&amp#27;[36mio.r2dbc.h2.client.SessionClient        &amp#27;[0;39m &amp#27;[2m:&amp#27;[0;39m Request:  CREATE INDEX IF NOT EXISTS idx_accounts_status ON accounts (status)
&amp#27;[2m2025-08-17T16:47:03.920+01:00&amp#27;[0;39m &amp#27;[32mDEBUG&amp#27;[0;39m &amp#27;[35m26824&amp#27;[0;39m &amp#27;[2m---&amp#27;[0;39m &amp#27;[2m[transferer] [       Thread-3]&amp#27;[0;39m &amp#27;[2m&amp#27;[0;39m&amp#27;[36mo.s.r2dbc.connection.init.ScriptUtils   &amp#27;[0;39m &amp#27;[2m:&amp#27;[0;39m 0 returned as update count for SQL: CREATE INDEX IF NOT EXISTS idx_accounts_status ON accounts (status)
&amp#27;[2m2025-08-17T16:47:03.920+01:00&amp#27;[0;39m &amp#27;[32mDEBUG&amp#27;[0;39m &amp#27;[35m26824&amp#27;[0;39m &amp#27;[2m---&amp#27;[0;39m &amp#27;[2m[transferer] [       single-1]&amp#27;[0;39m &amp#27;[2m&amp#27;[0;39m&amp#27;[36mio.r2dbc.h2.client.SessionClient        &amp#27;[0;39m &amp#27;[2m:&amp#27;[0;39m Request:  CALL H2VERSION()
&amp#27;[2m2025-08-17T16:47:03.920+01:00&amp#27;[0;39m &amp#27;[32mDEBUG&amp#27;[0;39m &amp#27;[35m26824&amp#27;[0;39m &amp#27;[2m---&amp#27;[0;39m &amp#27;[2m[transferer] [       Thread-3]&amp#27;[0;39m &amp#27;[2m&amp#27;[0;39m&amp#27;[36mio.r2dbc.h2.client.SessionClient        &amp#27;[0;39m &amp#27;[2m:&amp#27;[0;39m Request:  CREATE TABLE IF NOT EXISTS transactions ( id VARCHAR(255) PRIMARY KEY, sender_account_id VARCHAR(255) NOT NULL, recipient_account_id VARCHAR(255) NOT NULL, amount DECIMAL(19,2) NOT NULL, status VARCHAR(20) NOT NULL DEFAULT 'PENDING', description TEXT, created_at TIMESTAMP NOT NULL DEFAULT CURRENT_TIMESTAMP, updated_at TIMESTAMP NOT NULL DEFAULT CURRENT_TIMESTAMP, completed_at TIMESTAMP NULL, CONSTRAINT fk_transactions_sender FOREIGN KEY (sender_account_id) REFERENCES accounts(id), CONSTRAINT fk_transactions_recipient FOREIGN KEY (recipient_account_id) REFERENCES accounts(id), CONSTRAINT chk_transactions_amount_positive CHECK (amount > 0), CONSTRAINT chk_transactions_different_accounts CHECK (sender_account_id != recipient_account_id) )
&amp#27;[2m2025-08-17T16:47:03.920+01:00&amp#27;[0;39m &amp#27;[32mDEBUG&amp#27;[0;39m &amp#27;[35m26824&amp#27;[0;39m &amp#27;[2m---&amp#27;[0;39m &amp#27;[2m[transferer] [       single-1]&amp#27;[0;39m &amp#27;[2m&amp#27;[0;39m&amp#27;[36mio.r2dbc.h2.client.SessionClient        &amp#27;[0;39m &amp#27;[2m:&amp#27;[0;39m Response: org.h2.result.LocalResult@3fa700b1 columns: 1 rows: 1 pos: -1
&amp#27;[2m2025-08-17T16:47:03.920+01:00&amp#27;[0;39m &amp#27;[32mDEBUG&amp#27;[0;39m &amp#27;[35m26824&amp#27;[0;39m &amp#27;[2m---&amp#27;[0;39m &amp#27;[2m[transferer] [       Thread-3]&amp#27;[0;39m &amp#27;[2m&amp#27;[0;39m&amp#27;[36mo.s.r2dbc.connection.init.ScriptUtils   &amp#27;[0;39m &amp#27;[2m:&amp#27;[0;39m 0 returned as update count for SQL: CREATE TABLE IF NOT EXISTS transactions ( id VARCHAR(255) PRIMARY KEY, sender_account_id VARCHAR(255) NOT NULL, recipient_account_id VARCHAR(255) NOT NULL, amount DECIMAL(19,2) NOT NULL, status VARCHAR(20) NOT NULL DEFAULT 'PENDING', description TEXT, created_at TIMESTAMP NOT NULL DEFAULT CURRENT_TIMESTAMP, updated_at TIMESTAMP NOT NULL DEFAULT CURRENT_TIMESTAMP, completed_at TIMESTAMP NULL, CONSTRAINT fk_transactions_sender FOREIGN KEY (sender_account_id) REFERENCES accounts(id), CONSTRAINT fk_transactions_recipient FOREIGN KEY (recipient_account_id) REFERENCES accounts(id), CONSTRAINT chk_transactions_amount_positive CHECK (amount > 0), CONSTRAINT chk_transactions_different_accounts CHECK (sender_account_id != recipient_account_id) )
&amp#27;[2m2025-08-17T16:47:03.920+01:00&amp#27;[0;39m &amp#27;[32mDEBUG&amp#27;[0;39m &amp#27;[35m26824&amp#27;[0;39m &amp#27;[2m---&amp#27;[0;39m &amp#27;[2m[transferer] [       Thread-3]&amp#27;[0;39m &amp#27;[2m&amp#27;[0;39m&amp#27;[36mio.r2dbc.h2.client.SessionClient        &amp#27;[0;39m &amp#27;[2m:&amp#27;[0;39m Request:  CREATE INDEX IF NOT EXISTS idx_transactions_sender_account_id ON transactions (sender_account_id)
&amp#27;[2m2025-08-17T16:47:03.920+01:00&amp#27;[0;39m &amp#27;[32mDEBUG&amp#27;[0;39m &amp#27;[35m26824&amp#27;[0;39m &amp#27;[2m---&amp#27;[0;39m &amp#27;[2m[transferer] [       Thread-3]&amp#27;[0;39m &amp#27;[2m&amp#27;[0;39m&amp#27;[36mo.s.r2dbc.connection.init.ScriptUtils   &amp#27;[0;39m &amp#27;[2m:&amp#27;[0;39m 0 returned as update count for SQL: CREATE INDEX IF NOT EXISTS idx_transactions_sender_account_id ON transactions (sender_account_id)
&amp#27;[2m2025-08-17T16:47:03.920+01:00&amp#27;[0;39m &amp#27;[32mDEBUG&amp#27;[0;39m &amp#27;[35m26824&amp#27;[0;39m &amp#27;[2m---&amp#27;[0;39m &amp#27;[2m[transferer] [       single-1]&amp#27;[0;39m &amp#27;[2m&amp#27;[0;39m&amp#27;[36mio.r2dbc.h2.client.SessionClient        &amp#27;[0;39m &amp#27;[2m:&amp#27;[0;39m Request:  CALL H2VERSION()
&amp#27;[2m2025-08-17T16:47:03.920+01:00&amp#27;[0;39m &amp#27;[32mDEBUG&amp#27;[0;39m &amp#27;[35m26824&amp#27;[0;39m &amp#27;[2m---&amp#27;[0;39m &amp#27;[2m[transferer] [       single-1]&amp#27;[0;39m &amp#27;[2m&amp#27;[0;39m&amp#27;[36mio.r2dbc.h2.client.SessionClient        &amp#27;[0;39m &amp#27;[2m:&amp#27;[0;39m Response: org.h2.result.LocalResult@15fa3561 columns: 1 rows: 1 pos: -1
&amp#27;[2m2025-08-17T16:47:03.920+01:00&amp#27;[0;39m &amp#27;[32mDEBUG&amp#27;[0;39m &amp#27;[35m26824&amp#27;[0;39m &amp#27;[2m---&amp#27;[0;39m &amp#27;[2m[transferer] [       Thread-3]&amp#27;[0;39m &amp#27;[2m&amp#27;[0;39m&amp#27;[36mio.r2dbc.h2.client.SessionClient        &amp#27;[0;39m &amp#27;[2m:&amp#27;[0;39m Request:  CREATE INDEX IF NOT EXISTS idx_transactions_recipient_account_id ON transactions (recipient_account_id)
&amp#27;[2m2025-08-17T16:47:03.920+01:00&amp#27;[0;39m &amp#27;[32mDEBUG&amp#27;[0;39m &amp#27;[35m26824&amp#27;[0;39m &amp#27;[2m---&amp#27;[0;39m &amp#27;[2m[transferer] [       Thread-3]&amp#27;[0;39m &amp#27;[2m&amp#27;[0;39m&amp#27;[36mo.s.r2dbc.connection.init.ScriptUtils   &amp#27;[0;39m &amp#27;[2m:&amp#27;[0;39m 0 returned as update count for SQL: CREATE INDEX IF NOT EXISTS idx_transactions_recipient_account_id ON transactions (recipient_account_id)
&amp#27;[2m2025-08-17T16:47:03.920+01:00&amp#27;[0;39m &amp#27;[32mDEBUG&amp#27;[0;39m &amp#27;[35m26824&amp#27;[0;39m &amp#27;[2m---&amp#27;[0;39m &amp#27;[2m[transferer] [       Thread-3]&amp#27;[0;39m &amp#27;[2m&amp#27;[0;39m&amp#27;[36mio.r2dbc.h2.client.SessionClient        &amp#27;[0;39m &amp#27;[2m:&amp#27;[0;39m Request:  CREATE INDEX IF NOT EXISTS idx_transactions_status ON transactions (status)
&amp#27;[2m2025-08-17T16:47:03.920+01:00&amp#27;[0;39m &amp#27;[32mDEBUG&amp#27;[0;39m &amp#27;[35m26824&amp#27;[0;39m &amp#27;[2m---&amp#27;[0;39m &amp#27;[2m[transferer] [       Thread-3]&amp#27;[0;39m &amp#27;[2m&amp#27;[0;39m&amp#27;[36mo.s.r2dbc.connection.init.ScriptUtils   &amp#27;[0;39m &amp#27;[2m:&amp#27;[0;39m 0 returned as update count for SQL: CREATE INDEX IF NOT EXISTS idx_transactions_status ON transactions (status)
&amp#27;[2m2025-08-17T16:47:03.920+01:00&amp#27;[0;39m &amp#27;[32mDEBUG&amp#27;[0;39m &amp#27;[35m26824&amp#27;[0;39m &amp#27;[2m---&amp#27;[0;39m &amp#27;[2m[transferer] [       Thread-3]&amp#27;[0;39m &amp#27;[2m&amp#27;[0;39m&amp#27;[36mio.r2dbc.h2.client.SessionClient        &amp#27;[0;39m &amp#27;[2m:&amp#27;[0;39m Request:  CREATE INDEX IF NOT EXISTS idx_transactions_created_at ON transactions (created_at)
&amp#27;[2m2025-08-17T16:47:03.920+01:00&amp#27;[0;39m &amp#27;[32mDEBUG&amp#27;[0;39m &amp#27;[35m26824&amp#27;[0;39m &amp#27;[2m---&amp#27;[0;39m &amp#27;[2m[transferer] [       single-1]&amp#27;[0;39m &amp#27;[2m&amp#27;[0;39m&amp#27;[36mio.r2dbc.h2.client.SessionClient        &amp#27;[0;39m &amp#27;[2m:&amp#27;[0;39m Request:  CALL H2VERSION()
&amp#27;[2m2025-08-17T16:47:03.920+01:00&amp#27;[0;39m &amp#27;[32mDEBUG&amp#27;[0;39m &amp#27;[35m26824&amp#27;[0;39m &amp#27;[2m---&amp#27;[0;39m &amp#27;[2m[transferer] [       Thread-3]&amp#27;[0;39m &amp#27;[2m&amp#27;[0;39m&amp#27;[36mo.s.r2dbc.connection.init.ScriptUtils   &amp#27;[0;39m &amp#27;[2m:&amp#27;[0;39m 0 returned as update count for SQL: CREATE INDEX IF NOT EXISTS idx_transactions_created_at ON transactions (created_at)
&amp#27;[2m2025-08-17T16:47:03.920+01:00&amp#27;[0;39m &amp#27;[32mDEBUG&amp#27;[0;39m &amp#27;[35m26824&amp#27;[0;39m &amp#27;[2m---&amp#27;[0;39m &amp#27;[2m[transferer] [       single-1]&amp#27;[0;39m &amp#27;[2m&amp#27;[0;39m&amp#27;[36mio.r2dbc.h2.client.SessionClient        &amp#27;[0;39m &amp#27;[2m:&amp#27;[0;39m Response: org.h2.result.LocalResult@7417a46f columns: 1 rows: 1 pos: -1
&amp#27;[2m2025-08-17T16:47:03.920+01:00&amp#27;[0;39m &amp#27;[32mDEBUG&amp#27;[0;39m &amp#27;[35m26824&amp#27;[0;39m &amp#27;[2m---&amp#27;[0;39m &amp#27;[2m[transferer] [       Thread-3]&amp#27;[0;39m &amp#27;[2m&amp#27;[0;39m&amp#27;[36mio.r2dbc.h2.client.SessionClient        &amp#27;[0;39m &amp#27;[2m:&amp#27;[0;39m Request:  CREATE TABLE IF NOT EXISTS payments ( id VARCHAR(255) PRIMARY KEY, transaction_id VARCHAR(255), sender_account_id VARCHAR(255) NOT NULL, recipient_account_id VARCHAR(255) NOT NULL, amount DECIMAL(19,2) NOT NULL, description TEXT, status VARCHAR(20) NOT NULL DEFAULT 'PENDING', current_step VARCHAR(50) NOT NULL DEFAULT 'INITIATED', failure_reason TEXT, created_at TIMESTAMP NOT NULL DEFAULT CURRENT_TIMESTAMP, updated_at TIMESTAMP NOT NULL DEFAULT CURRENT_TIMESTAMP, completed_at TIMESTAMP NULL, CONSTRAINT fk_payments_transaction FOREIGN KEY (transaction_id) REFERENCES transactions(id), CONSTRAINT fk_payments_sender FOREIGN KEY (sender_account_id) REFERENCES accounts(id), CONSTRAINT fk_payments_recipient FOREIGN KEY (recipient_account_id) REFERENCES accounts(id), CONSTRAINT chk_payments_amount_positive CHECK (amount > 0), CONSTRAINT chk_payments_different_accounts CHECK (sender_account_id != recipient_account_id) )
&amp#27;[2m2025-08-17T16:47:03.920+01:00&amp#27;[0;39m &amp#27;[32mDEBUG&amp#27;[0;39m &amp#27;[35m26824&amp#27;[0;39m &amp#27;[2m---&amp#27;[0;39m &amp#27;[2m[transferer] [       single-1]&amp#27;[0;39m &amp#27;[2m&amp#27;[0;39m&amp#27;[36mio.r2dbc.h2.client.SessionClient        &amp#27;[0;39m &amp#27;[2m:&amp#27;[0;39m Request:  CALL H2VERSION()
&amp#27;[2m2025-08-17T16:47:03.920+01:00&amp#27;[0;39m &amp#27;[32mDEBUG&amp#27;[0;39m &amp#27;[35m26824&amp#27;[0;39m &amp#27;[2m---&amp#27;[0;39m &amp#27;[2m[transferer] [       single-1]&amp#27;[0;39m &amp#27;[2m&amp#27;[0;39m&amp#27;[36mio.r2dbc.h2.client.SessionClient        &amp#27;[0;39m &amp#27;[2m:&amp#27;[0;39m Response: org.h2.result.LocalResult@3886b3f9 columns: 1 rows: 1 pos: -1
&amp#27;[2m2025-08-17T16:47:03.920+01:00&amp#27;[0;39m &amp#27;[32mDEBUG&amp#27;[0;39m &amp#27;[35m26824&amp#27;[0;39m &amp#27;[2m---&amp#27;[0;39m &amp#27;[2m[transferer] [       Thread-3]&amp#27;[0;39m &amp#27;[2m&amp#27;[0;39m&amp#27;[36mo.s.r2dbc.connection.init.ScriptUtils   &amp#27;[0;39m &amp#27;[2m:&amp#27;[0;39m 0 returned as update count for SQL: CREATE TABLE IF NOT EXISTS payments ( id VARCHAR(255) PRIMARY KEY, transaction_id VARCHAR(255), sender_account_id VARCHAR(255) NOT NULL, recipient_account_id VARCHAR(255) NOT NULL, amount DECIMAL(19,2) NOT NULL, description TEXT, status VARCHAR(20) NOT NULL DEFAULT 'PENDING', current_step VARCHAR(50) NOT NULL DEFAULT 'INITIATED', failure_reason TEXT, created_at TIMESTAMP NOT NULL DEFAULT CURRENT_TIMESTAMP, updated_at TIMESTAMP NOT NULL DEFAULT CURRENT_TIMESTAMP, completed_at TIMESTAMP NULL, CONSTRAINT fk_payments_transaction FOREIGN KEY (transaction_id) REFERENCES transactions(id), CONSTRAINT fk_payments_sender FOREIGN KEY (sender_account_id) REFERENCES accounts(id), CONSTRAINT fk_payments_recipient FOREIGN KEY (recipient_account_id) REFERENCES accounts(id), CONSTRAINT chk_payments_amount_positive CHECK (amount > 0), CONSTRAINT chk_payments_different_accounts CHECK (sender_account_id != recipient_account_id) )
&amp#27;[2m2025-08-17T16:47:03.920+01:00&amp#27;[0;39m &amp#27;[32mDEBUG&amp#27;[0;39m &amp#27;[35m26824&amp#27;[0;39m &amp#27;[2m---&amp#27;[0;39m &amp#27;[2m[transferer] [       Thread-3]&amp#27;[0;39m &amp#27;[2m&amp#27;[0;39m&amp#27;[36mio.r2dbc.h2.client.SessionClient        &amp#27;[0;39m &amp#27;[2m:&amp#27;[0;39m Request:  CREATE INDEX IF NOT EXISTS idx_payments_transaction_id ON payments (transaction_id)
&amp#27;[2m2025-08-17T16:47:03.920+01:00&amp#27;[0;39m &amp#27;[32mDEBUG&amp#27;[0;39m &amp#27;[35m26824&amp#27;[0;39m &amp#27;[2m---&amp#27;[0;39m &amp#27;[2m[transferer] [       Thread-3]&amp#27;[0;39m &amp#27;[2m&amp#27;[0;39m&amp#27;[36mo.s.r2dbc.connection.init.ScriptUtils   &amp#27;[0;39m &amp#27;[2m:&amp#27;[0;39m 0 returned as update count for SQL: CREATE INDEX IF NOT EXISTS idx_payments_transaction_id ON payments (transaction_id)
&amp#27;[2m2025-08-17T16:47:03.920+01:00&amp#27;[0;39m &amp#27;[32mDEBUG&amp#27;[0;39m &amp#27;[35m26824&amp#27;[0;39m &amp#27;[2m---&amp#27;[0;39m &amp#27;[2m[transferer] [       Thread-3]&amp#27;[0;39m &amp#27;[2m&amp#27;[0;39m&amp#27;[36mio.r2dbc.h2.client.SessionClient        &amp#27;[0;39m &amp#27;[2m:&amp#27;[0;39m Request:  CREATE INDEX IF NOT EXISTS idx_payments_sender_account_id ON payments (sender_account_id)
&amp#27;[2m2025-08-17T16:47:03.920+01:00&amp#27;[0;39m &amp#27;[32mDEBUG&amp#27;[0;39m &amp#27;[35m26824&amp#27;[0;39m &amp#27;[2m---&amp#27;[0;39m &amp#27;[2m[transferer] [       Thread-3]&amp#27;[0;39m &amp#27;[2m&amp#27;[0;39m&amp#27;[36mo.s.r2dbc.connection.init.ScriptUtils   &amp#27;[0;39m &amp#27;[2m:&amp#27;[0;39m 0 returned as update count for SQL: CREATE INDEX IF NOT EXISTS idx_payments_sender_account_id ON payments (sender_account_id)
&amp#27;[2m2025-08-17T16:47:03.920+01:00&amp#27;[0;39m &amp#27;[32mDEBUG&amp#27;[0;39m &amp#27;[35m26824&amp#27;[0;39m &amp#27;[2m---&amp#27;[0;39m &amp#27;[2m[transferer] [       Thread-3]&amp#27;[0;39m &amp#27;[2m&amp#27;[0;39m&amp#27;[36mio.r2dbc.h2.client.SessionClient        &amp#27;[0;39m &amp#27;[2m:&amp#27;[0;39m Request:  CREATE INDEX IF NOT EXISTS idx_payments_recipient_account_id ON payments (recipient_account_id)
&amp#27;[2m2025-08-17T16:47:03.920+01:00&amp#27;[0;39m &amp#27;[32mDEBUG&amp#27;[0;39m &amp#27;[35m26824&amp#27;[0;39m &amp#27;[2m---&amp#27;[0;39m &amp#27;[2m[transferer] [       Thread-3]&amp#27;[0;39m &amp#27;[2m&amp#27;[0;39m&amp#27;[36mo.s.r2dbc.connection.init.ScriptUtils   &amp#27;[0;39m &amp#27;[2m:&amp#27;[0;39m 0 returned as update count for SQL: CREATE INDEX IF NOT EXISTS idx_payments_recipient_account_id ON payments (recipient_account_id)
&amp#27;[2m2025-08-17T16:47:03.921+01:00&amp#27;[0;39m &amp#27;[32mDEBUG&amp#27;[0;39m &amp#27;[35m26824&amp#27;[0;39m &amp#27;[2m---&amp#27;[0;39m &amp#27;[2m[transferer] [       Thread-3]&amp#27;[0;39m &amp#27;[2m&amp#27;[0;39m&amp#27;[36mio.r2dbc.h2.client.SessionClient        &amp#27;[0;39m &amp#27;[2m:&amp#27;[0;39m Request:  CREATE INDEX IF NOT EXISTS idx_payments_status ON payments (status)
&amp#27;[2m2025-08-17T16:47:03.921+01:00&amp#27;[0;39m &amp#27;[32mDEBUG&amp#27;[0;39m &amp#27;[35m26824&amp#27;[0;39m &amp#27;[2m---&amp#27;[0;39m &amp#27;[2m[transferer] [       Thread-3]&amp#27;[0;39m &amp#27;[2m&amp#27;[0;39m&amp#27;[36mo.s.r2dbc.connection.init.ScriptUtils   &amp#27;[0;39m &amp#27;[2m:&amp#27;[0;39m 0 returned as update count for SQL: CREATE INDEX IF NOT EXISTS idx_payments_status ON payments (status)
&amp#27;[2m2025-08-17T16:47:03.921+01:00&amp#27;[0;39m &amp#27;[32mDEBUG&amp#27;[0;39m &amp#27;[35m26824&amp#27;[0;39m &amp#27;[2m---&amp#27;[0;39m &amp#27;[2m[transferer] [       Thread-3]&amp#27;[0;39m &amp#27;[2m&amp#27;[0;39m&amp#27;[36mio.r2dbc.h2.client.SessionClient        &amp#27;[0;39m &amp#27;[2m:&amp#27;[0;39m Request:  CREATE INDEX IF NOT EXISTS idx_payments_current_step ON payments (current_step)
&amp#27;[2m2025-08-17T16:47:03.921+01:00&amp#27;[0;39m &amp#27;[32mDEBUG&amp#27;[0;39m &amp#27;[35m26824&amp#27;[0;39m &amp#27;[2m---&amp#27;[0;39m &amp#27;[2m[transferer] [       Thread-3]&amp#27;[0;39m &amp#27;[2m&amp#27;[0;39m&amp#27;[36mo.s.r2dbc.connection.init.ScriptUtils   &amp#27;[0;39m &amp#27;[2m:&amp#27;[0;39m 0 returned as update count for SQL: CREATE INDEX IF NOT EXISTS idx_payments_current_step ON payments (current_step)
&amp#27;[2m2025-08-17T16:47:03.921+01:00&amp#27;[0;39m &amp#27;[32mDEBUG&amp#27;[0;39m &amp#27;[35m26824&amp#27;[0;39m &amp#27;[2m---&amp#27;[0;39m &amp#27;[2m[transferer] [       Thread-3]&amp#27;[0;39m &amp#27;[2m&amp#27;[0;39m&amp#27;[36mio.r2dbc.h2.client.SessionClient        &amp#27;[0;39m &amp#27;[2m:&amp#27;[0;39m Request:  CREATE INDEX IF NOT EXISTS idx_payments_created_at ON payments (created_at)
&amp#27;[2m2025-08-17T16:47:03.921+01:00&amp#27;[0;39m &amp#27;[32mDEBUG&amp#27;[0;39m &amp#27;[35m26824&amp#27;[0;39m &amp#27;[2m---&amp#27;[0;39m &amp#27;[2m[transferer] [       Thread-3]&amp#27;[0;39m &amp#27;[2m&amp#27;[0;39m&amp#27;[36mo.s.r2dbc.connection.init.ScriptUtils   &amp#27;[0;39m &amp#27;[2m:&amp#27;[0;39m 0 returned as update count for SQL: CREATE INDEX IF NOT EXISTS idx_payments_created_at ON payments (created_at)
&amp#27;[2m2025-08-17T16:47:03.921+01:00&amp#27;[0;39m &amp#27;[32mDEBUG&amp#27;[0;39m &amp#27;[35m26824&amp#27;[0;39m &amp#27;[2m---&amp#27;[0;39m &amp#27;[2m[transferer] [       Thread-3]&amp#27;[0;39m &amp#27;[2m&amp#27;[0;39m&amp#27;[36mio.r2dbc.h2.client.SessionClient        &amp#27;[0;39m &amp#27;[2m:&amp#27;[0;39m Request:  CREATE TABLE IF NOT EXISTS outbox_events ( id BIGINT AUTO_INCREMENT PRIMARY KEY, event_id VARCHAR(255) UNIQUE NOT NULL, event_type VARCHAR(255) NOT NULL, aggregate_id VARCHAR(255) NOT NULL, event_data CLOB NOT NULL, occurred_at TIMESTAMP NOT NULL, processed_at TIMESTAMP NULL, created_at TIMESTAMP NOT NULL DEFAULT CURRENT_TIMESTAMP )
&amp#27;[2m2025-08-17T16:47:03.921+01:00&amp#27;[0;39m &amp#27;[32mDEBUG&amp#27;[0;39m &amp#27;[35m26824&amp#27;[0;39m &amp#27;[2m---&amp#27;[0;39m &amp#27;[2m[transferer] [       Thread-3]&amp#27;[0;39m &amp#27;[2m&amp#27;[0;39m&amp#27;[36mo.s.r2dbc.connection.init.ScriptUtils   &amp#27;[0;39m &amp#27;[2m:&amp#27;[0;39m 0 returned as update count for SQL: CREATE TABLE IF NOT EXISTS outbox_events ( id BIGINT AUTO_INCREMENT PRIMARY KEY, event_id VARCHAR(255) UNIQUE NOT NULL, event_type VARCHAR(255) NOT NULL, aggregate_id VARCHAR(255) NOT NULL, event_data CLOB NOT NULL, occurred_at TIMESTAMP NOT NULL, processed_at TIMESTAMP NULL, created_at TIMESTAMP NOT NULL DEFAULT CURRENT_TIMESTAMP )
&amp#27;[2m2025-08-17T16:47:03.921+01:00&amp#27;[0;39m &amp#27;[32mDEBUG&amp#27;[0;39m &amp#27;[35m26824&amp#27;[0;39m &amp#27;[2m---&amp#27;[0;39m &amp#27;[2m[transferer] [       Thread-3]&amp#27;[0;39m &amp#27;[2m&amp#27;[0;39m&amp#27;[36mio.r2dbc.h2.client.SessionClient        &amp#27;[0;39m &amp#27;[2m:&amp#27;[0;39m Request:  CREATE INDEX IF NOT EXISTS idx_outbox_events_processed_at ON outbox_events (processed_at)
&amp#27;[2m2025-08-17T16:47:03.921+01:00&amp#27;[0;39m &amp#27;[32mDEBUG&amp#27;[0;39m &amp#27;[35m26824&amp#27;[0;39m &amp#27;[2m---&amp#27;[0;39m &amp#27;[2m[transferer] [       Thread-3]&amp#27;[0;39m &amp#27;[2m&amp#27;[0;39m&amp#27;[36mo.s.r2dbc.connection.init.ScriptUtils   &amp#27;[0;39m &amp#27;[2m:&amp#27;[0;39m 0 returned as update count for SQL: CREATE INDEX IF NOT EXISTS idx_outbox_events_processed_at ON outbox_events (processed_at)
&amp#27;[2m2025-08-17T16:47:03.921+01:00&amp#27;[0;39m &amp#27;[32mDEBUG&amp#27;[0;39m &amp#27;[35m26824&amp#27;[0;39m &amp#27;[2m---&amp#27;[0;39m &amp#27;[2m[transferer] [       Thread-3]&amp#27;[0;39m &amp#27;[2m&amp#27;[0;39m&amp#27;[36mio.r2dbc.h2.client.SessionClient        &amp#27;[0;39m &amp#27;[2m:&amp#27;[0;39m Request:  CREATE INDEX IF NOT EXISTS idx_outbox_events_event_type ON outbox_events (event_type)
&amp#27;[2m2025-08-17T16:47:03.921+01:00&amp#27;[0;39m &amp#27;[32mDEBUG&amp#27;[0;39m &amp#27;[35m26824&amp#27;[0;39m &amp#27;[2m---&amp#27;[0;39m &amp#27;[2m[transferer] [       Thread-3]&amp#27;[0;39m &amp#27;[2m&amp#27;[0;39m&amp#27;[36mo.s.r2dbc.connection.init.ScriptUtils   &amp#27;[0;39m &amp#27;[2m:&amp#27;[0;39m 0 returned as update count for SQL: CREATE INDEX IF NOT EXISTS idx_outbox_events_event_type ON outbox_events (event_type)
&amp#27;[2m2025-08-17T16:47:03.921+01:00&amp#27;[0;39m &amp#27;[32mDEBUG&amp#27;[0;39m &amp#27;[35m26824&amp#27;[0;39m &amp#27;[2m---&amp#27;[0;39m &amp#27;[2m[transferer] [       Thread-3]&amp#27;[0;39m &amp#27;[2m&amp#27;[0;39m&amp#27;[36mio.r2dbc.h2.client.SessionClient        &amp#27;[0;39m &amp#27;[2m:&amp#27;[0;39m Request:  CREATE INDEX IF NOT EXISTS idx_outbox_events_occurred_at ON outbox_events (occurred_at)
&amp#27;[2m2025-08-17T16:47:03.921+01:00&amp#27;[0;39m &amp#27;[32mDEBUG&amp#27;[0;39m &amp#27;[35m26824&amp#27;[0;39m &amp#27;[2m---&amp#27;[0;39m &amp#27;[2m[transferer] [       Thread-3]&amp#27;[0;39m &amp#27;[2m&amp#27;[0;39m&amp#27;[36mo.s.r2dbc.connection.init.ScriptUtils   &amp#27;[0;39m &amp#27;[2m:&amp#27;[0;39m 0 returned as update count for SQL: CREATE INDEX IF NOT EXISTS idx_outbox_events_occurred_at ON outbox_events (occurred_at)
&amp#27;[2m2025-08-17T16:47:03.921+01:00&amp#27;[0;39m &amp#27;[32mDEBUG&amp#27;[0;39m &amp#27;[35m26824&amp#27;[0;39m &amp#27;[2m---&amp#27;[0;39m &amp#27;[2m[transferer] [       Thread-3]&amp#27;[0;39m &amp#27;[2m&amp#27;[0;39m&amp#27;[36mo.s.r2dbc.connection.init.ScriptUtils   &amp#27;[0;39m &amp#27;[2m:&amp#27;[0;39m Executed SQL script from class path resource [test-schema.sql] in 2 ms.
&amp#27;[2m2025-08-17T16:47:03.921+01:00&amp#27;[0;39m &amp#27;[32mDEBUG&amp#27;[0;39m &amp#27;[35m26824&amp#27;[0;39m &amp#27;[2m---&amp#27;[0;39m &amp#27;[2m[transferer] [       Thread-3]&amp#27;[0;39m &amp#27;[2m&amp#27;[0;39m&amp#27;[36mio.r2dbc.h2.client.SessionClient        &amp#27;[0;39m &amp#27;[2m:&amp#27;[0;39m Request:  SELECT CURRENT_TIMESTAMP
&amp#27;[2m2025-08-17T16:47:03.921+01:00&amp#27;[0;39m &amp#27;[32mDEBUG&amp#27;[0;39m &amp#27;[35m26824&amp#27;[0;39m &amp#27;[2m---&amp#27;[0;39m &amp#27;[2m[transferer] [       Thread-3]&amp#27;[0;39m &amp#27;[2m&amp#27;[0;39m&amp#27;[36mio.r2dbc.h2.client.SessionClient        &amp#27;[0;39m &amp#27;[2m:&amp#27;[0;39m Response: org.h2.result.LocalResult@7648e88 columns: 1 rows: 1 pos: -1
&amp#27;[2m2025-08-17T16:47:03.922+01:00&amp#27;[0;39m &amp#27;[32m INFO&amp#27;[0;39m &amp#27;[35m26824&amp#27;[0;39m &amp#27;[2m---&amp#27;[0;39m &amp#27;[2m[transferer] [           main]&amp#27;[0;39m &amp#27;[2m&amp#27;[0;39m&amp#27;[36mc.t.p.PaymentSagaDbIntegrationTest      &amp#27;[0;39m &amp#27;[2m:&amp#27;[0;39m Started PaymentSagaDbIntegrationTest in 0.055 seconds (process running for 2.759)
&amp#27;[2m2025-08-17T16:47:03.923+01:00&amp#27;[0;39m &amp#27;[32mDEBUG&amp#27;[0;39m &amp#27;[35m26824&amp#27;[0;39m &amp#27;[2m---&amp#27;[0;39m &amp#27;[2m[transferer] [           main]&amp#27;[0;39m &amp#27;[2m&amp#27;[0;39m&amp#27;[36mo.s.r.c.R2dbcTransactionManager         &amp#27;[0;39m &amp#27;[2m:&amp#27;[0;39m Creating new transaction with name [com.transferer.account.application.AccountService.openAccount]: PROPAGATION_REQUIRED,ISOLATION_DEFAULT
&amp#27;[2m2025-08-17T16:47:03.923+01:00&amp#27;[0;39m &amp#27;[32mDEBUG&amp#27;[0;39m &amp#27;[35m26824&amp#27;[0;39m &amp#27;[2m---&amp#27;[0;39m &amp#27;[2m[transferer] [           main]&amp#27;[0;39m &amp#27;[2m&amp#27;[0;39m&amp#27;[36mio.r2dbc.h2.client.SessionClient        &amp#27;[0;39m &amp#27;[2m:&amp#27;[0;39m Request:  SELECT 1
&amp#27;[2m2025-08-17T16:47:03.923+01:00&amp#27;[0;39m &amp#27;[32mDEBUG&amp#27;[0;39m &amp#27;[35m26824&amp#27;[0;39m &amp#27;[2m---&amp#27;[0;39m &amp#27;[2m[transferer] [           main]&amp#27;[0;39m &amp#27;[2m&amp#27;[0;39m&amp#27;[36mio.r2dbc.h2.client.SessionClient        &amp#27;[0;39m &amp#27;[2m:&amp#27;[0;39m Response: org.h2.result.LocalResult@18c60d81 columns: 1 rows: 1 pos: -1
&amp#27;[2m2025-08-17T16:47:03.923+01:00&amp#27;[0;39m &amp#27;[32mDEBUG&amp#27;[0;39m &amp#27;[35m26824&amp#27;[0;39m &amp#27;[2m---&amp#27;[0;39m &amp#27;[2m[transferer] [           main]&amp#27;[0;39m &amp#27;[2m&amp#27;[0;39m&amp#27;[36mo.s.r.c.R2dbcTransactionManager         &amp#27;[0;39m &amp#27;[2m:&amp#27;[0;39m Acquired Connection [PooledConnection[io.r2dbc.h2.H2Connection@602aeb87]] for R2DBC transaction
&amp#27;[2m2025-08-17T16:47:03.923+01:00&amp#27;[0;39m &amp#27;[32mDEBUG&amp#27;[0;39m &amp#27;[35m26824&amp#27;[0;39m &amp#27;[2m---&amp#27;[0;39m &amp#27;[2m[transferer] [           main]&amp#27;[0;39m &amp#27;[2m&amp#27;[0;39m&amp#27;[36mo.s.r.c.R2dbcTransactionManager         &amp#27;[0;39m &amp#27;[2m:&amp#27;[0;39m Starting R2DBC transaction on Connection [PooledConnection[io.r2dbc.h2.H2Connection@602aeb87]] using [ExtendedTransactionDefinition [transactionName='com.transferer.account.application.AccountService.openAccount', readOnly=false, isolationLevel=null, lockWaitTimeout=PT0S]]
&amp#27;[2m2025-08-17T16:47:03.923+01:00&amp#27;[0;39m &amp#27;[33m WARN&amp#27;[0;39m &amp#27;[35m26824&amp#27;[0;39m &amp#27;[2m---&amp#27;[0;39m &amp#27;[2m[transferer] [           main]&amp#27;[0;39m &amp#27;[2m&amp#27;[0;39m&amp#27;[36mio.r2dbc.h2.H2Connection                &amp#27;[0;39m &amp#27;[2m:&amp#27;[0;39m Option{name='readOnly', sensitive=false} + isn't supported in H2 at the transaction level. You must set it on conenction URL. See http://www.h2database.com/html/features.html#read_only
&amp#27;[2m2025-08-17T16:47:03.923+01:00&amp#27;[0;39m &amp#27;[32mDEBUG&amp#27;[0;39m &amp#27;[35m26824&amp#27;[0;39m &amp#27;[2m---&amp#27;[0;39m &amp#27;[2m[transferer] [           main]&amp#27;[0;39m &amp#27;[2m&amp#27;[0;39m&amp#27;[36mo.s.r2dbc.core.DefaultDatabaseClient    &amp#27;[0;39m &amp#27;[2m:&amp#27;[0;39m Executing SQL statement [SELECT accounts.ID FROM accounts WHERE accounts.account_number = $1 LIMIT 1]
&amp#27;[2m2025-08-17T16:47:03.924+01:00&amp#27;[0;39m &amp#27;[32mDEBUG&amp#27;[0;39m &amp#27;[35m26824&amp#27;[0;39m &amp#27;[2m---&amp#27;[0;39m &amp#27;[2m[transferer] [           main]&amp#27;[0;39m &amp#27;[2m&amp#27;[0;39m&amp#27;[36mio.r2dbc.h2.client.SessionClient        &amp#27;[0;39m &amp#27;[2m:&amp#27;[0;39m Request:  SELECT accounts.ID FROM accounts WHERE accounts.account_number = $1 LIMIT 1 {1: '0045893842'}
&amp#27;[2m2025-08-17T16:47:03.924+01:00&amp#27;[0;39m &amp#27;[32mDEBUG&amp#27;[0;39m &amp#27;[35m26824&amp#27;[0;39m &amp#27;[2m---&amp#27;[0;39m &amp#27;[2m[transferer] [           main]&amp#27;[0;39m &amp#27;[2m&amp#27;[0;39m&amp#27;[36mio.r2dbc.h2.client.SessionClient        &amp#27;[0;39m &amp#27;[2m:&amp#27;[0;39m Response: org.h2.result.LocalResult@7b58d678 columns: 1 rows: 0 pos: -1
&amp#27;[2m2025-08-17T16:47:03.924+01:00&amp#27;[0;39m &amp#27;[32mDEBUG&amp#27;[0;39m &amp#27;[35m26824&amp#27;[0;39m &amp#27;[2m---&amp#27;[0;39m &amp#27;[2m[transferer] [           main]&amp#27;[0;39m &amp#27;[2m&amp#27;[0;39m&amp#27;[36mo.s.r.c.R2dbcTransactionManager         &amp#27;[0;39m &amp#27;[2m:&amp#27;[0;39m Participating in existing transaction
&amp#27;[2m2025-08-17T16:47:03.925+01:00&amp#27;[0;39m &amp#27;[32mDEBUG&amp#27;[0;39m &amp#27;[35m26824&amp#27;[0;39m &amp#27;[2m---&amp#27;[0;39m &amp#27;[2m[transferer] [           main]&amp#27;[0;39m &amp#27;[2m&amp#27;[0;39m&amp#27;[36mo.s.r2dbc.core.DefaultDatabaseClient    &amp#27;[0;39m &amp#27;[2m:&amp#27;[0;39m Executing SQL statement [INSERT INTO accounts (ID, account_number, holder_name, balance, status, created_at, updated_at) VALUES ($1, $2, $3, $4, $5, $6, $7)]
&amp#27;[2m2025-08-17T16:47:03.925+01:00&amp#27;[0;39m &amp#27;[32mDEBUG&amp#27;[0;39m &amp#27;[35m26824&amp#27;[0;39m &amp#27;[2m---&amp#27;[0;39m &amp#27;[2m[transferer] [           main]&amp#27;[0;39m &amp#27;[2m&amp#27;[0;39m&amp#27;[36mio.r2dbc.h2.client.SessionClient        &amp#27;[0;39m &amp#27;[2m:&amp#27;[0;39m Request:  INSERT INTO accounts (ID, account_number, holder_name, balance, status, created_at, updated_at) VALUES ($1, $2, $3, $4, $5, $6, $7) {1: '87c30e21-3024-440a-822e-0dd810c39e2a', 2: '0045893842', 3: 'John Doe', 4: 1000.00, 5: 'ACTIVE', 6: TIMESTAMP '2025-08-17 16:47:03.924251', 7: TIMESTAMP '2025-08-17 16:47:03.924253'}
&amp#27;[2m2025-08-17T16:47:03.925+01:00&amp#27;[0;39m &amp#27;[32mDEBUG&amp#27;[0;39m &amp#27;[35m26824&amp#27;[0;39m &amp#27;[2m---&amp#27;[0;39m &amp#27;[2m[transferer] [           main]&amp#27;[0;39m &amp#27;[2m&amp#27;[0;39m&amp#27;[36mo.s.r.c.R2dbcTransactionManager         &amp#27;[0;39m &amp#27;[2m:&amp#27;[0;39m Participating in existing transaction
&amp#27;[2m2025-08-17T16:47:03.927+01:00&amp#27;[0;39m &amp#27;[32mDEBUG&amp#27;[0;39m &amp#27;[35m26824&amp#27;[0;39m &amp#27;[2m---&amp#27;[0;39m &amp#27;[2m[transferer] [           main]&amp#27;[0;39m &amp#27;[2m&amp#27;[0;39m&amp#27;[36mo.s.r2dbc.core.DefaultDatabaseClient    &amp#27;[0;39m &amp#27;[2m:&amp#27;[0;39m Executing SQL statement [INSERT INTO outbox_events (event_id, event_type, aggregate_id, event_data, occurred_at, created_at) VALUES ($1, $2, $3, $4, $5, $6)]
&amp#27;[2m2025-08-17T16:47:03.927+01:00&amp#27;[0;39m &amp#27;[32mDEBUG&amp#27;[0;39m &amp#27;[35m26824&amp#27;[0;39m &amp#27;[2m---&amp#27;[0;39m &amp#27;[2m[transferer] [           main]&amp#27;[0;39m &amp#27;[2m&amp#27;[0;39m&amp#27;[36mio.r2dbc.h2.client.SessionClient        &amp#27;[0;39m &amp#27;[2m:&amp#27;[0;39m Request:  INSERT INTO outbox_events (event_id, event_type, aggregate_id, event_data, occurred_at, created_at) VALUES ($1, $2, $3, $4, $5, $6) {1: '2c29c90d-2141-4267-94e2-9494e4e38622', 2: 'ACCOUNT_OPENED', 3: '87c30e21-3024-440a-822e-0dd810c39e2a', 4: '{"@class":"com.transferer.account.domain.events.body.AccountOpenedEventBody","accountId":{"value":"87c30e21-3024-440a-822e-0dd810c39e2a"},"accountNumber":"0045893842","holderName":"John Doe","initialBalance":1000.00}', 5: TIMESTAMP WITH TIME ZONE '2025-08-17 15:47:03.924258+00', 6: TIMESTAMP WITH TIME ZONE '2025-08-17 15:47:03.926441+00'}
&amp#27;[2m2025-08-17T16:47:03.927+01:00&amp#27;[0;39m &amp#27;[32mDEBUG&amp#27;[0;39m &amp#27;[35m26824&amp#27;[0;39m &amp#27;[2m---&amp#27;[0;39m &amp#27;[2m[transferer] [           main]&amp#27;[0;39m &amp#27;[2m&amp#27;[0;39m&amp#27;[36mo.s.r.c.R2dbcTransactionManager         &amp#27;[0;39m &amp#27;[2m:&amp#27;[0;39m Initiating transaction commit
&amp#27;[2m2025-08-17T16:47:03.927+01:00&amp#27;[0;39m &amp#27;[32mDEBUG&amp#27;[0;39m &amp#27;[35m26824&amp#27;[0;39m &amp#27;[2m---&amp#27;[0;39m &amp#27;[2m[transferer] [           main]&amp#27;[0;39m &amp#27;[2m&amp#27;[0;39m&amp#27;[36mo.s.r.c.R2dbcTransactionManager         &amp#27;[0;39m &amp#27;[2m:&amp#27;[0;39m Committing R2DBC transaction on Connection [PooledConnection[io.r2dbc.h2.H2Connection@602aeb87]]
&amp#27;[2m2025-08-17T16:47:03.927+01:00&amp#27;[0;39m &amp#27;[32mDEBUG&amp#27;[0;39m &amp#27;[35m26824&amp#27;[0;39m &amp#27;[2m---&amp#27;[0;39m &amp#27;[2m[transferer] [           main]&amp#27;[0;39m &amp#27;[2m&amp#27;[0;39m&amp#27;[36mio.r2dbc.h2.client.SessionClient        &amp#27;[0;39m &amp#27;[2m:&amp#27;[0;39m Request:  COMMIT
&amp#27;[2m2025-08-17T16:47:03.927+01:00&amp#27;[0;39m &amp#27;[32mDEBUG&amp#27;[0;39m &amp#27;[35m26824&amp#27;[0;39m &amp#27;[2m---&amp#27;[0;39m &amp#27;[2m[transferer] [           main]&amp#27;[0;39m &amp#27;[2m&amp#27;[0;39m&amp#27;[36mo.s.r.c.R2dbcTransactionManager         &amp#27;[0;39m &amp#27;[2m:&amp#27;[0;39m Releasing R2DBC Connection [PooledConnection[io.r2dbc.h2.H2Connection@602aeb87]] after transaction
&amp#27;[2m2025-08-17T16:47:03.927+01:00&amp#27;[0;39m &amp#27;[32mDEBUG&amp#27;[0;39m &amp#27;[35m26824&amp#27;[0;39m &amp#27;[2m---&amp#27;[0;39m &amp#27;[2m[transferer] [           main]&amp#27;[0;39m &amp#27;[2m&amp#27;[0;39m&amp#27;[36mio.r2dbc.h2.client.SessionClient        &amp#27;[0;39m &amp#27;[2m:&amp#27;[0;39m Request:  SELECT CURRENT_TIMESTAMP
&amp#27;[2m2025-08-17T16:47:03.927+01:00&amp#27;[0;39m &amp#27;[32mDEBUG&amp#27;[0;39m &amp#27;[35m26824&amp#27;[0;39m &amp#27;[2m---&amp#27;[0;39m &amp#27;[2m[transferer] [           main]&amp#27;[0;39m &amp#27;[2m&amp#27;[0;39m&amp#27;[36mio.r2dbc.h2.client.SessionClient        &amp#27;[0;39m &amp#27;[2m:&amp#27;[0;39m Response: org.h2.result.LocalResult@6e7f29d5 columns: 1 rows: 1 pos: -1
&amp#27;[2m2025-08-17T16:47:03.927+01:00&amp#27;[0;39m &amp#27;[32mDEBUG&amp#27;[0;39m &amp#27;[35m26824&amp#27;[0;39m &amp#27;[2m---&amp#27;[0;39m &amp#27;[2m[transferer] [           main]&amp#27;[0;39m &amp#27;[2m&amp#27;[0;39m&amp#27;[36mo.s.r.c.R2dbcTransactionManager         &amp#27;[0;39m &amp#27;[2m:&amp#27;[0;39m Creating new transaction with name [com.transferer.account.application.AccountService.openAccount]: PROPAGATION_REQUIRED,ISOLATION_DEFAULT
&amp#27;[2m2025-08-17T16:47:03.927+01:00&amp#27;[0;39m &amp#27;[32mDEBUG&amp#27;[0;39m &amp#27;[35m26824&amp#27;[0;39m &amp#27;[2m---&amp#27;[0;39m &amp#27;[2m[transferer] [           main]&amp#27;[0;39m &amp#27;[2m&amp#27;[0;39m&amp#27;[36mio.r2dbc.h2.client.SessionClient        &amp#27;[0;39m &amp#27;[2m:&amp#27;[0;39m Request:  SELECT 1
&amp#27;[2m2025-08-17T16:47:03.927+01:00&amp#27;[0;39m &amp#27;[32mDEBUG&amp#27;[0;39m &amp#27;[35m26824&amp#27;[0;39m &amp#27;[2m---&amp#27;[0;39m &amp#27;[2m[transferer] [           main]&amp#27;[0;39m &amp#27;[2m&amp#27;[0;39m&amp#27;[36mio.r2dbc.h2.client.SessionClient        &amp#27;[0;39m &amp#27;[2m:&amp#27;[0;39m Response: org.h2.result.LocalResult@27048db3 columns: 1 rows: 1 pos: -1
&amp#27;[2m2025-08-17T16:47:03.927+01:00&amp#27;[0;39m &amp#27;[32mDEBUG&amp#27;[0;39m &amp#27;[35m26824&amp#27;[0;39m &amp#27;[2m---&amp#27;[0;39m &amp#27;[2m[transferer] [           main]&amp#27;[0;39m &amp#27;[2m&amp#27;[0;39m&amp#27;[36mo.s.r.c.R2dbcTransactionManager         &amp#27;[0;39m &amp#27;[2m:&amp#27;[0;39m Acquired Connection [PooledConnection[io.r2dbc.h2.H2Connection@602aeb87]] for R2DBC transaction
&amp#27;[2m2025-08-17T16:47:03.927+01:00&amp#27;[0;39m &amp#27;[32mDEBUG&amp#27;[0;39m &amp#27;[35m26824&amp#27;[0;39m &amp#27;[2m---&amp#27;[0;39m &amp#27;[2m[transferer] [           main]&amp#27;[0;39m &amp#27;[2m&amp#27;[0;39m&amp#27;[36mo.s.r.c.R2dbcTransactionManager         &amp#27;[0;39m &amp#27;[2m:&amp#27;[0;39m Starting R2DBC transaction on Connection [PooledConnection[io.r2dbc.h2.H2Connection@602aeb87]] using [ExtendedTransactionDefinition [transactionName='com.transferer.account.application.AccountService.openAccount', readOnly=false, isolationLevel=null, lockWaitTimeout=PT0S]]
&amp#27;[2m2025-08-17T16:47:03.927+01:00&amp#27;[0;39m &amp#27;[33m WARN&amp#27;[0;39m &amp#27;[35m26824&amp#27;[0;39m &amp#27;[2m---&amp#27;[0;39m &amp#27;[2m[transferer] [           main]&amp#27;[0;39m &amp#27;[2m&amp#27;[0;39m&amp#27;[36mio.r2dbc.h2.H2Connection                &amp#27;[0;39m &amp#27;[2m:&amp#27;[0;39m Option{name='readOnly', sensitive=false} + isn't supported in H2 at the transaction level. You must set it on conenction URL. See http://www.h2database.com/html/features.html#read_only
&amp#27;[2m2025-08-17T16:47:03.928+01:00&amp#27;[0;39m &amp#27;[32mDEBUG&amp#27;[0;39m &amp#27;[35m26824&amp#27;[0;39m &amp#27;[2m---&amp#27;[0;39m &amp#27;[2m[transferer] [           main]&amp#27;[0;39m &amp#27;[2m&amp#27;[0;39m&amp#27;[36mo.s.r2dbc.core.DefaultDatabaseClient    &amp#27;[0;39m &amp#27;[2m:&amp#27;[0;39m Executing SQL statement [SELECT accounts.ID FROM accounts WHERE accounts.account_number = $1 LIMIT 1]
&amp#27;[2m2025-08-17T16:47:03.928+01:00&amp#27;[0;39m &amp#27;[32mDEBUG&amp#27;[0;39m &amp#27;[35m26824&amp#27;[0;39m &amp#27;[2m---&amp#27;[0;39m &amp#27;[2m[transferer] [           main]&amp#27;[0;39m &amp#27;[2m&amp#27;[0;39m&amp#27;[36mio.r2dbc.h2.client.SessionClient        &amp#27;[0;39m &amp#27;[2m:&amp#27;[0;39m Request:  SELECT accounts.ID FROM accounts WHERE accounts.account_number = $1 LIMIT 1 {1: '0903081717'}
&amp#27;[2m2025-08-17T16:47:03.928+01:00&amp#27;[0;39m &amp#27;[32mDEBUG&amp#27;[0;39m &amp#27;[35m26824&amp#27;[0;39m &amp#27;[2m---&amp#27;[0;39m &amp#27;[2m[transferer] [           main]&amp#27;[0;39m &amp#27;[2m&amp#27;[0;39m&amp#27;[36mio.r2dbc.h2.client.SessionClient        &amp#27;[0;39m &amp#27;[2m:&amp#27;[0;39m Response: org.h2.result.LocalResult@7bebad0d columns: 1 rows: 0 pos: -1
&amp#27;[2m2025-08-17T16:47:03.928+01:00&amp#27;[0;39m &amp#27;[32mDEBUG&amp#27;[0;39m &amp#27;[35m26824&amp#27;[0;39m &amp#27;[2m---&amp#27;[0;39m &amp#27;[2m[transferer] [           main]&amp#27;[0;39m &amp#27;[2m&amp#27;[0;39m&amp#27;[36mo.s.r.c.R2dbcTransactionManager         &amp#27;[0;39m &amp#27;[2m:&amp#27;[0;39m Participating in existing transaction
&amp#27;[2m2025-08-17T16:47:03.928+01:00&amp#27;[0;39m &amp#27;[32mDEBUG&amp#27;[0;39m &amp#27;[35m26824&amp#27;[0;39m &amp#27;[2m---&amp#27;[0;39m &amp#27;[2m[transferer] [           main]&amp#27;[0;39m &amp#27;[2m&amp#27;[0;39m&amp#27;[36mo.s.r2dbc.core.DefaultDatabaseClient    &amp#27;[0;39m &amp#27;[2m:&amp#27;[0;39m Executing SQL statement [INSERT INTO accounts (ID, account_number, holder_name, balance, status, created_at, updated_at) VALUES ($1, $2, $3, $4, $5, $6, $7)]
&amp#27;[2m2025-08-17T16:47:03.928+01:00&amp#27;[0;39m &amp#27;[32mDEBUG&amp#27;[0;39m &amp#27;[35m26824&amp#27;[0;39m &amp#27;[2m---&amp#27;[0;39m &amp#27;[2m[transferer] [           main]&amp#27;[0;39m &amp#27;[2m&amp#27;[0;39m&amp#27;[36mio.r2dbc.h2.client.SessionClient        &amp#27;[0;39m &amp#27;[2m:&amp#27;[0;39m Request:  INSERT INTO accounts (ID, account_number, holder_name, balance, status, created_at, updated_at) VALUES ($1, $2, $3, $4, $5, $6, $7) {1: '86899458-3a38-4b93-a5a8-e44087c9e87d', 2: '0903081717', 3: 'Jane Smith', 4: 500.00, 5: 'ACTIVE', 6: TIMESTAMP '2025-08-17 16:47:03.928355', 7: TIMESTAMP '2025-08-17 16:47:03.928357'}
&amp#27;[2m2025-08-17T16:47:03.928+01:00&amp#27;[0;39m &amp#27;[32mDEBUG&amp#27;[0;39m &amp#27;[35m26824&amp#27;[0;39m &amp#27;[2m---&amp#27;[0;39m &amp#27;[2m[transferer] [           main]&amp#27;[0;39m &amp#27;[2m&amp#27;[0;39m&amp#27;[36mo.s.r.c.R2dbcTransactionManager         &amp#27;[0;39m &amp#27;[2m:&amp#27;[0;39m Participating in existing transaction
&amp#27;[2m2025-08-17T16:47:03.928+01:00&amp#27;[0;39m &amp#27;[32mDEBUG&amp#27;[0;39m &amp#27;[35m26824&amp#27;[0;39m &amp#27;[2m---&amp#27;[0;39m &amp#27;[2m[transferer] [           main]&amp#27;[0;39m &amp#27;[2m&amp#27;[0;39m&amp#27;[36mo.s.r2dbc.core.DefaultDatabaseClient    &amp#27;[0;39m &amp#27;[2m:&amp#27;[0;39m Executing SQL statement [INSERT INTO outbox_events (event_id, event_type, aggregate_id, event_data, occurred_at, created_at) VALUES ($1, $2, $3, $4, $5, $6)]
&amp#27;[2m2025-08-17T16:47:03.929+01:00&amp#27;[0;39m &amp#27;[32mDEBUG&amp#27;[0;39m &amp#27;[35m26824&amp#27;[0;39m &amp#27;[2m---&amp#27;[0;39m &amp#27;[2m[transferer] [           main]&amp#27;[0;39m &amp#27;[2m&amp#27;[0;39m&amp#27;[36mio.r2dbc.h2.client.SessionClient        &amp#27;[0;39m &amp#27;[2m:&amp#27;[0;39m Request:  INSERT INTO outbox_events (event_id, event_type, aggregate_id, event_data, occurred_at, created_at) VALUES ($1, $2, $3, $4, $5, $6) {1: '2b747aac-4c2f-491a-b19d-64c935589ae8', 2: 'ACCOUNT_OPENED', 3: '86899458-3a38-4b93-a5a8-e44087c9e87d', 4: '{"@class":"com.transferer.account.domain.events.body.AccountOpenedEventBody","accountId":{"value":"86899458-3a38-4b93-a5a8-e44087c9e87d"},"accountNumber":"0903081717","holderName":"Jane Smith","initialBalance":500.00}', 5: TIMESTAMP WITH TIME ZONE '2025-08-17 15:47:03.92837+00', 6: TIMESTAMP WITH TIME ZONE '2025-08-17 15:47:03.928812+00'}
&amp#27;[2m2025-08-17T16:47:03.929+01:00&amp#27;[0;39m &amp#27;[32mDEBUG&amp#27;[0;39m &amp#27;[35m26824&amp#27;[0;39m &amp#27;[2m---&amp#27;[0;39m &amp#27;[2m[transferer] [           main]&amp#27;[0;39m &amp#27;[2m&amp#27;[0;39m&amp#27;[36mo.s.r.c.R2dbcTransactionManager         &amp#27;[0;39m &amp#27;[2m:&amp#27;[0;39m Initiating transaction commit
&amp#27;[2m2025-08-17T16:47:03.929+01:00&amp#27;[0;39m &amp#27;[32mDEBUG&amp#27;[0;39m &amp#27;[35m26824&amp#27;[0;39m &amp#27;[2m---&amp#27;[0;39m &amp#27;[2m[transferer] [           main]&amp#27;[0;39m &amp#27;[2m&amp#27;[0;39m&amp#27;[36mo.s.r.c.R2dbcTransactionManager         &amp#27;[0;39m &amp#27;[2m:&amp#27;[0;39m Committing R2DBC transaction on Connection [PooledConnection[io.r2dbc.h2.H2Connection@602aeb87]]
&amp#27;[2m2025-08-17T16:47:03.929+01:00&amp#27;[0;39m &amp#27;[32mDEBUG&amp#27;[0;39m &amp#27;[35m26824&amp#27;[0;39m &amp#27;[2m---&amp#27;[0;39m &amp#27;[2m[transferer] [           main]&amp#27;[0;39m &amp#27;[2m&amp#27;[0;39m&amp#27;[36mio.r2dbc.h2.client.SessionClient        &amp#27;[0;39m &amp#27;[2m:&amp#27;[0;39m Request:  COMMIT
&amp#27;[2m2025-08-17T16:47:03.929+01:00&amp#27;[0;39m &amp#27;[32mDEBUG&amp#27;[0;39m &amp#27;[35m26824&amp#27;[0;39m &amp#27;[2m---&amp#27;[0;39m &amp#27;[2m[transferer] [           main]&amp#27;[0;39m &amp#27;[2m&amp#27;[0;39m&amp#27;[36mo.s.r.c.R2dbcTransactionManager         &amp#27;[0;39m &amp#27;[2m:&amp#27;[0;39m Releasing R2DBC Connection [PooledConnection[io.r2dbc.h2.H2Connection@602aeb87]] after transaction
&amp#27;[2m2025-08-17T16:47:03.929+01:00&amp#27;[0;39m &amp#27;[32mDEBUG&amp#27;[0;39m &amp#27;[35m26824&amp#27;[0;39m &amp#27;[2m---&amp#27;[0;39m &amp#27;[2m[transferer] [           main]&amp#27;[0;39m &amp#27;[2m&amp#27;[0;39m&amp#27;[36mio.r2dbc.h2.client.SessionClient        &amp#27;[0;39m &amp#27;[2m:&amp#27;[0;39m Request:  SELECT CURRENT_TIMESTAMP
&amp#27;[2m2025-08-17T16:47:03.929+01:00&amp#27;[0;39m &amp#27;[32mDEBUG&amp#27;[0;39m &amp#27;[35m26824&amp#27;[0;39m &amp#27;[2m---&amp#27;[0;39m &amp#27;[2m[transferer] [           main]&amp#27;[0;39m &amp#27;[2m&amp#27;[0;39m&amp#27;[36mio.r2dbc.h2.client.SessionClient        &amp#27;[0;39m &amp#27;[2m:&amp#27;[0;39m Response: org.h2.result.LocalResult@33b2ba25 columns: 1 rows: 1 pos: -1
&amp#27;[2m2025-08-17T16:47:03.930+01:00&amp#27;[0;39m &amp#27;[32mDEBUG&amp#27;[0;39m &amp#27;[35m26824&amp#27;[0;39m &amp#27;[2m---&amp#27;[0;39m &amp#27;[2m[transferer] [           main]&amp#27;[0;39m &amp#27;[2m&amp#27;[0;39m&amp#27;[36mo.s.r.c.R2dbcTransactionManager         &amp#27;[0;39m &amp#27;[2m:&amp#27;[0;39m Creating new transaction with name [com.transferer.payment.application.PaymentService.initiatePayment]: PROPAGATION_REQUIRED,ISOLATION_DEFAULT
&amp#27;[2m2025-08-17T16:47:03.930+01:00&amp#27;[0;39m &amp#27;[32mDEBUG&amp#27;[0;39m &amp#27;[35m26824&amp#27;[0;39m &amp#27;[2m---&amp#27;[0;39m &amp#27;[2m[transferer] [           main]&amp#27;[0;39m &amp#27;[2m&amp#27;[0;39m&amp#27;[36mio.r2dbc.h2.client.SessionClient        &amp#27;[0;39m &amp#27;[2m:&amp#27;[0;39m Request:  SELECT 1
&amp#27;[2m2025-08-17T16:47:03.930+01:00&amp#27;[0;39m &amp#27;[32mDEBUG&amp#27;[0;39m &amp#27;[35m26824&amp#27;[0;39m &amp#27;[2m---&amp#27;[0;39m &amp#27;[2m[transferer] [           main]&amp#27;[0;39m &amp#27;[2m&amp#27;[0;39m&amp#27;[36mio.r2dbc.h2.client.SessionClient        &amp#27;[0;39m &amp#27;[2m:&amp#27;[0;39m Response: org.h2.result.LocalResult@36349e29 columns: 1 rows: 1 pos: -1
&amp#27;[2m2025-08-17T16:47:03.930+01:00&amp#27;[0;39m &amp#27;[32mDEBUG&amp#27;[0;39m &amp#27;[35m26824&amp#27;[0;39m &amp#27;[2m---&amp#27;[0;39m &amp#27;[2m[transferer] [           main]&amp#27;[0;39m &amp#27;[2m&amp#27;[0;39m&amp#27;[36mo.s.r.c.R2dbcTransactionManager         &amp#27;[0;39m &amp#27;[2m:&amp#27;[0;39m Acquired Connection [PooledConnection[io.r2dbc.h2.H2Connection@602aeb87]] for R2DBC transaction
&amp#27;[2m2025-08-17T16:47:03.930+01:00&amp#27;[0;39m &amp#27;[32mDEBUG&amp#27;[0;39m &amp#27;[35m26824&amp#27;[0;39m &amp#27;[2m---&amp#27;[0;39m &amp#27;[2m[transferer] [           main]&amp#27;[0;39m &amp#27;[2m&amp#27;[0;39m&amp#27;[36mo.s.r.c.R2dbcTransactionManager         &amp#27;[0;39m &amp#27;[2m:&amp#27;[0;39m Starting R2DBC transaction on Connection [PooledConnection[io.r2dbc.h2.H2Connection@602aeb87]] using [ExtendedTransactionDefinition [transactionName='com.transferer.payment.application.PaymentService.initiatePayment', readOnly=false, isolationLevel=null, lockWaitTimeout=PT0S]]
&amp#27;[2m2025-08-17T16:47:03.930+01:00&amp#27;[0;39m &amp#27;[33m WARN&amp#27;[0;39m &amp#27;[35m26824&amp#27;[0;39m &amp#27;[2m---&amp#27;[0;39m &amp#27;[2m[transferer] [           main]&amp#27;[0;39m &amp#27;[2m&amp#27;[0;39m&amp#27;[36mio.r2dbc.h2.H2Connection                &amp#27;[0;39m &amp#27;[2m:&amp#27;[0;39m Option{name='readOnly', sensitive=false} + isn't supported in H2 at the transaction level. You must set it on conenction URL. See http://www.h2database.com/html/features.html#read_only
&amp#27;[2m2025-08-17T16:47:03.930+01:00&amp#27;[0;39m &amp#27;[32mDEBUG&amp#27;[0;39m &amp#27;[35m26824&amp#27;[0;39m &amp#27;[2m---&amp#27;[0;39m &amp#27;[2m[transferer] [           main]&amp#27;[0;39m &amp#27;[2m&amp#27;[0;39m&amp#27;[36mo.s.r.c.R2dbcTransactionManager         &amp#27;[0;39m &amp#27;[2m:&amp#27;[0;39m Participating in existing transaction
&amp#27;[2m2025-08-17T16:47:03.931+01:00&amp#27;[0;39m &amp#27;[32mDEBUG&amp#27;[0;39m &amp#27;[35m26824&amp#27;[0;39m &amp#27;[2m---&amp#27;[0;39m &amp#27;[2m[transferer] [           main]&amp#27;[0;39m &amp#27;[2m&amp#27;[0;39m&amp#27;[36mo.s.r2dbc.core.DefaultDatabaseClient    &amp#27;[0;39m &amp#27;[2m:&amp#27;[0;39m Executing SQL statement [INSERT INTO payments (ID, sender_account_id, recipient_account_id, amount, description, status, current_step, created_at, updated_at) VALUES ($1, $2, $3, $4, $5, $6, $7, $8, $9)]
&amp#27;[2m2025-08-17T16:47:03.931+01:00&amp#27;[0;39m &amp#27;[32mDEBUG&amp#27;[0;39m &amp#27;[35m26824&amp#27;[0;39m &amp#27;[2m---&amp#27;[0;39m &amp#27;[2m[transferer] [           main]&amp#27;[0;39m &amp#27;[2m&amp#27;[0;39m&amp#27;[36mio.r2dbc.h2.client.SessionClient        &amp#27;[0;39m &amp#27;[2m:&amp#27;[0;39m Request:  INSERT INTO payments (ID, sender_account_id, recipient_account_id, amount, description, status, current_step, created_at, updated_at) VALUES ($1, $2, $3, $4, $5, $6, $7, $8, $9) {1: '8c257403-3340-4ee6-802c-0e337a830cee', 2: '87c30e21-3024-440a-822e-0dd810c39e2a', 3: '86899458-3a38-4b93-a5a8-e44087c9e87d', 4: 100.00, 5: 'Referential integrity test', 6: 'PENDING', 7: 'INITIATED', 8: TIMESTAMP '2025-08-17 16:47:03.930206', 9: TIMESTAMP '2025-08-17 16:47:03.930207'}
&amp#27;[2m2025-08-17T16:47:03.931+01:00&amp#27;[0;39m &amp#27;[32mDEBUG&amp#27;[0;39m &amp#27;[35m26824&amp#27;[0;39m &amp#27;[2m---&amp#27;[0;39m &amp#27;[2m[transferer] [           main]&amp#27;[0;39m &amp#27;[2m&amp#27;[0;39m&amp#27;[36mo.s.r.c.R2dbcTransactionManager         &amp#27;[0;39m &amp#27;[2m:&amp#27;[0;39m Participating in existing transaction
&amp#27;[2m2025-08-17T16:47:03.932+01:00&amp#27;[0;39m &amp#27;[32mDEBUG&amp#27;[0;39m &amp#27;[35m26824&amp#27;[0;39m &amp#27;[2m---&amp#27;[0;39m &amp#27;[2m[transferer] [           main]&amp#27;[0;39m &amp#27;[2m&amp#27;[0;39m&amp#27;[36mo.s.r2dbc.core.DefaultDatabaseClient    &amp#27;[0;39m &amp#27;[2m:&amp#27;[0;39m Executing SQL statement [INSERT INTO outbox_events (event_id, event_type, aggregate_id, event_data, occurred_at, created_at) VALUES ($1, $2, $3, $4, $5, $6)]
&amp#27;[2m2025-08-17T16:47:03.932+01:00&amp#27;[0;39m &amp#27;[32mDEBUG&amp#27;[0;39m &amp#27;[35m26824&amp#27;[0;39m &amp#27;[2m---&amp#27;[0;39m &amp#27;[2m[transferer] [           main]&amp#27;[0;39m &amp#27;[2m&amp#27;[0;39m&amp#27;[36mio.r2dbc.h2.client.SessionClient        &amp#27;[0;39m &amp#27;[2m:&amp#27;[0;39m Request:  INSERT INTO outbox_events (event_id, event_type, aggregate_id, event_data, occurred_at, created_at) VALUES ($1, $2, $3, $4, $5, $6) {1: '482ee876-a7f1-4b4b-81dc-ae29ccbe1f15', 2: 'PAYMENT_INITIATED', 3: '8c257403-3340-4ee6-802c-0e337a830cee', 4: '{"@class":"com.transferer.payment.domain.events.body.PaymentInitiatedEventBody","paymentId":{"value":"8c257403-3340-4ee6-802c-0e337a830cee"},"senderAccountId":{"value":"87c30e21-3024-440a-822e-0dd810c39e2a"},"recipientAccountId":{"value":"86899458-3a38-4b93-a5a8-e44087c9e87d"},"amount":100.00,"description":"Referential integrity test"}', 5: TIMESTAMP WITH TIME ZONE '2025-08-17 15:47:03.930224+00', 6: TIMESTAMP WITH TIME ZONE '2025-08-17 15:47:03.932034+00'}
&amp#27;[2m2025-08-17T16:47:03.933+01:00&amp#27;[0;39m &amp#27;[32mDEBUG&amp#27;[0;39m &amp#27;[35m26824&amp#27;[0;39m &amp#27;[2m---&amp#27;[0;39m &amp#27;[2m[transferer] [           main]&amp#27;[0;39m &amp#27;[2m&amp#27;[0;39m&amp#27;[36mo.s.r2dbc.core.DefaultDatabaseClient    &amp#27;[0;39m &amp#27;[2m:&amp#27;[0;39m Executing SQL statement [INSERT INTO outbox_events (event_id, event_type, aggregate_id, event_data, occurred_at, created_at) VALUES ($1, $2, $3, $4, $5, $6)]
&amp#27;[2m2025-08-17T16:47:03.933+01:00&amp#27;[0;39m &amp#27;[32mDEBUG&amp#27;[0;39m &amp#27;[35m26824&amp#27;[0;39m &amp#27;[2m---&amp#27;[0;39m &amp#27;[2m[transferer] [           main]&amp#27;[0;39m &amp#27;[2m&amp#27;[0;39m&amp#27;[36mio.r2dbc.h2.client.SessionClient        &amp#27;[0;39m &amp#27;[2m:&amp#27;[0;39m Request:  INSERT INTO outbox_events (event_id, event_type, aggregate_id, event_data, occurred_at, created_at) VALUES ($1, $2, $3, $4, $5, $6) {1: '736727e4-e160-4875-b4ae-12381e63c514', 2: 'PAYMENT_STEP_ADVANCED', 3: '8c257403-3340-4ee6-802c-0e337a830cee', 4: '{"@class":"com.transferer.payment.domain.events.body.PaymentStepAdvancedEventBody","paymentId":{"value":"8c257403-3340-4ee6-802c-0e337a830cee"},"previousStep":{"empty":true,"present":false},"currentStep":"INITIATED"}', 5: TIMESTAMP WITH TIME ZONE '2025-08-17 15:47:03.930226+00', 6: TIMESTAMP WITH TIME ZONE '2025-08-17 15:47:03.932936+00'}
&amp#27;[2m2025-08-17T16:47:03.933+01:00&amp#27;[0;39m &amp#27;[32mDEBUG&amp#27;[0;39m &amp#27;[35m26824&amp#27;[0;39m &amp#27;[2m---&amp#27;[0;39m &amp#27;[2m[transferer] [           main]&amp#27;[0;39m &amp#27;[2m&amp#27;[0;39m&amp#27;[36mo.s.r.c.R2dbcTransactionManager         &amp#27;[0;39m &amp#27;[2m:&amp#27;[0;39m Initiating transaction commit
&amp#27;[2m2025-08-17T16:47:03.933+01:00&amp#27;[0;39m &amp#27;[32mDEBUG&amp#27;[0;39m &amp#27;[35m26824&amp#27;[0;39m &amp#27;[2m---&amp#27;[0;39m &amp#27;[2m[transferer] [           main]&amp#27;[0;39m &amp#27;[2m&amp#27;[0;39m&amp#27;[36mo.s.r.c.R2dbcTransactionManager         &amp#27;[0;39m &amp#27;[2m:&amp#27;[0;39m Committing R2DBC transaction on Connection [PooledConnection[io.r2dbc.h2.H2Connection@602aeb87]]
&amp#27;[2m2025-08-17T16:47:03.933+01:00&amp#27;[0;39m &amp#27;[32mDEBUG&amp#27;[0;39m &amp#27;[35m26824&amp#27;[0;39m &amp#27;[2m---&amp#27;[0;39m &amp#27;[2m[transferer] [           main]&amp#27;[0;39m &amp#27;[2m&amp#27;[0;39m&amp#27;[36mio.r2dbc.h2.client.SessionClient        &amp#27;[0;39m &amp#27;[2m:&amp#27;[0;39m Request:  COMMIT
&amp#27;[2m2025-08-17T16:47:03.933+01:00&amp#27;[0;39m &amp#27;[32mDEBUG&amp#27;[0;39m &amp#27;[35m26824&amp#27;[0;39m &amp#27;[2m---&amp#27;[0;39m &amp#27;[2m[transferer] [           main]&amp#27;[0;39m &amp#27;[2m&amp#27;[0;39m&amp#27;[36mo.s.r.c.R2dbcTransactionManager         &amp#27;[0;39m &amp#27;[2m:&amp#27;[0;39m Releasing R2DBC Connection [PooledConnection[io.r2dbc.h2.H2Connection@602aeb87]] after transaction
&amp#27;[2m2025-08-17T16:47:03.933+01:00&amp#27;[0;39m &amp#27;[32mDEBUG&amp#27;[0;39m &amp#27;[35m26824&amp#27;[0;39m &amp#27;[2m---&amp#27;[0;39m &amp#27;[2m[transferer] [           main]&amp#27;[0;39m &amp#27;[2m&amp#27;[0;39m&amp#27;[36mio.r2dbc.h2.client.SessionClient        &amp#27;[0;39m &amp#27;[2m:&amp#27;[0;39m Request:  SELECT CURRENT_TIMESTAMP
&amp#27;[2m2025-08-17T16:47:03.933+01:00&amp#27;[0;39m &amp#27;[32mDEBUG&amp#27;[0;39m &amp#27;[35m26824&amp#27;[0;39m &amp#27;[2m---&amp#27;[0;39m &amp#27;[2m[transferer] [           main]&amp#27;[0;39m &amp#27;[2m&amp#27;[0;39m&amp#27;[36mio.r2dbc.h2.client.SessionClient        &amp#27;[0;39m &amp#27;[2m:&amp#27;[0;39m Response: org.h2.result.LocalResult@2fb70301 columns: 1 rows: 1 pos: -1
&amp#27;[2m2025-08-17T16:47:04.033+01:00&amp#27;[0;39m &amp#27;[32mDEBUG&amp#27;[0;39m &amp#27;[35m26824&amp#27;[0;39m &amp#27;[2m---&amp#27;[0;39m &amp#27;[2m[transferer] [     parallel-4]&amp#27;[0;39m &amp#27;[2m&amp#27;[0;39m&amp#27;[36mio.r2dbc.h2.client.SessionClient        &amp#27;[0;39m &amp#27;[2m:&amp#27;[0;39m Request:  SELECT 1
&amp#27;[2m2025-08-17T16:47:04.034+01:00&amp#27;[0;39m &amp#27;[32mDEBUG&amp#27;[0;39m &amp#27;[35m26824&amp#27;[0;39m &amp#27;[2m---&amp#27;[0;39m &amp#27;[2m[transferer] [     parallel-4]&amp#27;[0;39m &amp#27;[2m&amp#27;[0;39m&amp#27;[36mio.r2dbc.h2.client.SessionClient        &amp#27;[0;39m &amp#27;[2m:&amp#27;[0;39m Response: org.h2.result.LocalResult@671c9292 columns: 1 rows: 1 pos: -1
&amp#27;[2m2025-08-17T16:47:04.034+01:00&amp#27;[0;39m &amp#27;[32mDEBUG&amp#27;[0;39m &amp#27;[35m26824&amp#27;[0;39m &amp#27;[2m---&amp#27;[0;39m &amp#27;[2m[transferer] [     parallel-4]&amp#27;[0;39m &amp#27;[2m&amp#27;[0;39m&amp#27;[36mo.s.r2dbc.core.DefaultDatabaseClient    &amp#27;[0;39m &amp#27;[2m:&amp#27;[0;39m Executing SQL statement [SELECT event_type, COUNT(*) as count FROM outbox_events GROUP BY event_type]
&amp#27;[2m2025-08-17T16:47:04.034+01:00&amp#27;[0;39m &amp#27;[32mDEBUG&amp#27;[0;39m &amp#27;[35m26824&amp#27;[0;39m &amp#27;[2m---&amp#27;[0;39m &amp#27;[2m[transferer] [     parallel-4]&amp#27;[0;39m &amp#27;[2m&amp#27;[0;39m&amp#27;[36mio.r2dbc.h2.client.SessionClient        &amp#27;[0;39m &amp#27;[2m:&amp#27;[0;39m Request:  SELECT event_type, COUNT(*) as count FROM outbox_events GROUP BY event_type
&amp#27;[2m2025-08-17T16:47:04.034+01:00&amp#27;[0;39m &amp#27;[32mDEBUG&amp#27;[0;39m &amp#27;[35m26824&amp#27;[0;39m &amp#27;[2m---&amp#27;[0;39m &amp#27;[2m[transferer] [     parallel-4]&amp#27;[0;39m &amp#27;[2m&amp#27;[0;39m&amp#27;[36mio.r2dbc.h2.client.SessionClient        &amp#27;[0;39m &amp#27;[2m:&amp#27;[0;39m Response: org.h2.result.LocalResult@521c82a4 columns: 2 rows: 3 pos: -1
&amp#27;[2m2025-08-17T16:47:04.034+01:00&amp#27;[0;39m &amp#27;[32mDEBUG&amp#27;[0;39m &amp#27;[35m26824&amp#27;[0;39m &amp#27;[2m---&amp#27;[0;39m &amp#27;[2m[transferer] [     parallel-4]&amp#27;[0;39m &amp#27;[2m&amp#27;[0;39m&amp#27;[36mio.r2dbc.h2.client.SessionClient        &amp#27;[0;39m &amp#27;[2m:&amp#27;[0;39m Request:  SELECT CURRENT_TIMESTAMP
&amp#27;[2m2025-08-17T16:47:04.034+01:00&amp#27;[0;39m &amp#27;[32mDEBUG&amp#27;[0;39m &amp#27;[35m26824&amp#27;[0;39m &amp#27;[2m---&amp#27;[0;39m &amp#27;[2m[transferer] [     parallel-4]&amp#27;[0;39m &amp#27;[2m&amp#27;[0;39m&amp#27;[36mio.r2dbc.h2.client.SessionClient        &amp#27;[0;39m &amp#27;[2m:&amp#27;[0;39m Response: org.h2.result.LocalResult@474ff6d6 columns: 1 rows: 1 pos: -1
&amp#27;[2m2025-08-17T16:47:04.338+01:00&amp#27;[0;39m &amp#27;[32mDEBUG&amp#27;[0;39m &amp#27;[35m26824&amp#27;[0;39m &amp#27;[2m---&amp#27;[0;39m &amp#27;[2m[transferer] [     parallel-5]&amp#27;[0;39m &amp#27;[2m&amp#27;[0;39m&amp#27;[36mio.r2dbc.h2.client.SessionClient        &amp#27;[0;39m &amp#27;[2m:&amp#27;[0;39m Request:  SELECT 1
&amp#27;[2m2025-08-17T16:47:04.338+01:00&amp#27;[0;39m &amp#27;[32mDEBUG&amp#27;[0;39m &amp#27;[35m26824&amp#27;[0;39m &amp#27;[2m---&amp#27;[0;39m &amp#27;[2m[transferer] [     parallel-5]&amp#27;[0;39m &amp#27;[2m&amp#27;[0;39m&amp#27;[36mio.r2dbc.h2.client.SessionClient        &amp#27;[0;39m &amp#27;[2m:&amp#27;[0;39m Response: org.h2.result.LocalResult@30b0d958 columns: 1 rows: 1 pos: -1
&amp#27;[2m2025-08-17T16:47:04.338+01:00&amp#27;[0;39m &amp#27;[32mDEBUG&amp#27;[0;39m &amp#27;[35m26824&amp#27;[0;39m &amp#27;[2m---&amp#27;[0;39m &amp#27;[2m[transferer] [     parallel-5]&amp#27;[0;39m &amp#27;[2m&amp#27;[0;39m&amp#27;[36mo.s.r2dbc.core.DefaultDatabaseClient    &amp#27;[0;39m &amp#27;[2m:&amp#27;[0;39m Executing SQL statement [SELECT payments.* FROM payments WHERE payments.ID = $1 LIMIT 2]
&amp#27;[2m2025-08-17T16:47:04.339+01:00&amp#27;[0;39m &amp#27;[32mDEBUG&amp#27;[0;39m &amp#27;[35m26824&amp#27;[0;39m &amp#27;[2m---&amp#27;[0;39m &amp#27;[2m[transferer] [     parallel-5]&amp#27;[0;39m &amp#27;[2m&amp#27;[0;39m&amp#27;[36mio.r2dbc.h2.client.SessionClient        &amp#27;[0;39m &amp#27;[2m:&amp#27;[0;39m Request:  SELECT payments.* FROM payments WHERE payments.ID = $1 LIMIT 2 {1: '8c257403-3340-4ee6-802c-0e337a830cee'}
&amp#27;[2m2025-08-17T16:47:04.339+01:00&amp#27;[0;39m &amp#27;[32mDEBUG&amp#27;[0;39m &amp#27;[35m26824&amp#27;[0;39m &amp#27;[2m---&amp#27;[0;39m &amp#27;[2m[transferer] [     parallel-5]&amp#27;[0;39m &amp#27;[2m&amp#27;[0;39m&amp#27;[36mio.r2dbc.h2.client.SessionClient        &amp#27;[0;39m &amp#27;[2m:&amp#27;[0;39m Response: org.h2.result.LocalResult@72886e72 columns: 12 rows: 1 pos: -1
&amp#27;[2m2025-08-17T16:47:04.340+01:00&amp#27;[0;39m &amp#27;[32mDEBUG&amp#27;[0;39m &amp#27;[35m26824&amp#27;[0;39m &amp#27;[2m---&amp#27;[0;39m &amp#27;[2m[transferer] [     parallel-5]&amp#27;[0;39m &amp#27;[2m&amp#27;[0;39m&amp#27;[36mio.r2dbc.h2.client.SessionClient        &amp#27;[0;39m &amp#27;[2m:&amp#27;[0;39m Request:  SELECT CURRENT_TIMESTAMP
&amp#27;[2m2025-08-17T16:47:04.340+01:00&amp#27;[0;39m &amp#27;[32mDEBUG&amp#27;[0;39m &amp#27;[35m26824&amp#27;[0;39m &amp#27;[2m---&amp#27;[0;39m &amp#27;[2m[transferer] [     parallel-5]&amp#27;[0;39m &amp#27;[2m&amp#27;[0;39m&amp#27;[36mio.r2dbc.h2.client.SessionClient        &amp#27;[0;39m &amp#27;[2m:&amp#27;[0;39m Response: org.h2.result.LocalResult@d752611 columns: 1 rows: 1 pos: -1
&amp#27;[2m2025-08-17T16:47:04.340+01:00&amp#27;[0;39m &amp#27;[32mDEBUG&amp#27;[0;39m &amp#27;[35m26824&amp#27;[0;39m &amp#27;[2m---&amp#27;[0;39m &amp#27;[2m[transferer] [           main]&amp#27;[0;39m &amp#27;[2m&amp#27;[0;39m&amp#27;[36mio.r2dbc.h2.client.SessionClient        &amp#27;[0;39m &amp#27;[2m:&amp#27;[0;39m Request:  SELECT 1
&amp#27;[2m2025-08-17T16:47:04.340+01:00&amp#27;[0;39m &amp#27;[32mDEBUG&amp#27;[0;39m &amp#27;[35m26824&amp#27;[0;39m &amp#27;[2m---&amp#27;[0;39m &amp#27;[2m[transferer] [           main]&amp#27;[0;39m &amp#27;[2m&amp#27;[0;39m&amp#27;[36mio.r2dbc.h2.client.SessionClient        &amp#27;[0;39m &amp#27;[2m:&amp#27;[0;39m Response: org.h2.result.LocalResult@126f2eb8 columns: 1 rows: 1 pos: -1
&amp#27;[2m2025-08-17T16:47:04.340+01:00&amp#27;[0;39m &amp#27;[32mDEBUG&amp#27;[0;39m &amp#27;[35m26824&amp#27;[0;39m &amp#27;[2m---&amp#27;[0;39m &amp#27;[2m[transferer] [           main]&amp#27;[0;39m &amp#27;[2m&amp#27;[0;39m&amp#27;[36mo.s.r2dbc.core.DefaultDatabaseClient    &amp#27;[0;39m &amp#27;[2m:&amp#27;[0;39m Executing SQL statement [DELETE FROM payments]
&amp#27;[2m2025-08-17T16:47:04.340+01:00&amp#27;[0;39m &amp#27;[32mDEBUG&amp#27;[0;39m &amp#27;[35m26824&amp#27;[0;39m &amp#27;[2m---&amp#27;[0;39m &amp#27;[2m[transferer] [           main]&amp#27;[0;39m &amp#27;[2m&amp#27;[0;39m&amp#27;[36mio.r2dbc.h2.client.SessionClient        &amp#27;[0;39m &amp#27;[2m:&amp#27;[0;39m Request:  DELETE FROM payments
&amp#27;[2m2025-08-17T16:47:04.341+01:00&amp#27;[0;39m &amp#27;[32mDEBUG&amp#27;[0;39m &amp#27;[35m26824&amp#27;[0;39m &amp#27;[2m---&amp#27;[0;39m &amp#27;[2m[transferer] [           main]&amp#27;[0;39m &amp#27;[2m&amp#27;[0;39m&amp#27;[36mio.r2dbc.h2.client.SessionClient        &amp#27;[0;39m &amp#27;[2m:&amp#27;[0;39m Request:  SELECT CURRENT_TIMESTAMP
&amp#27;[2m2025-08-17T16:47:04.341+01:00&amp#27;[0;39m &amp#27;[32mDEBUG&amp#27;[0;39m &amp#27;[35m26824&amp#27;[0;39m &amp#27;[2m---&amp#27;[0;39m &amp#27;[2m[transferer] [           main]&amp#27;[0;39m &amp#27;[2m&amp#27;[0;39m&amp#27;[36mio.r2dbc.h2.client.SessionClient        &amp#27;[0;39m &amp#27;[2m:&amp#27;[0;39m Response: org.h2.result.LocalResult@1f1574c columns: 1 rows: 1 pos: -1
&amp#27;[2m2025-08-17T16:47:04.341+01:00&amp#27;[0;39m &amp#27;[32mDEBUG&amp#27;[0;39m &amp#27;[35m26824&amp#27;[0;39m &amp#27;[2m---&amp#27;[0;39m &amp#27;[2m[transferer] [           main]&amp#27;[0;39m &amp#27;[2m&amp#27;[0;39m&amp#27;[36mio.r2dbc.h2.client.SessionClient        &amp#27;[0;39m &amp#27;[2m:&amp#27;[0;39m Request:  SELECT 1
&amp#27;[2m2025-08-17T16:47:04.341+01:00&amp#27;[0;39m &amp#27;[32mDEBUG&amp#27;[0;39m &amp#27;[35m26824&amp#27;[0;39m &amp#27;[2m---&amp#27;[0;39m &amp#27;[2m[transferer] [           main]&amp#27;[0;39m &amp#27;[2m&amp#27;[0;39m&amp#27;[36mio.r2dbc.h2.client.SessionClient        &amp#27;[0;39m &amp#27;[2m:&amp#27;[0;39m Response: org.h2.result.LocalResult@16c9e378 columns: 1 rows: 1 pos: -1
&amp#27;[2m2025-08-17T16:47:04.341+01:00&amp#27;[0;39m &amp#27;[32mDEBUG&amp#27;[0;39m &amp#27;[35m26824&amp#27;[0;39m &amp#27;[2m---&amp#27;[0;39m &amp#27;[2m[transferer] [           main]&amp#27;[0;39m &amp#27;[2m&amp#27;[0;39m&amp#27;[36mo.s.r2dbc.core.DefaultDatabaseClient    &amp#27;[0;39m &amp#27;[2m:&amp#27;[0;39m Executing SQL statement [DELETE FROM transactions]
&amp#27;[2m2025-08-17T16:47:04.341+01:00&amp#27;[0;39m &amp#27;[32mDEBUG&amp#27;[0;39m &amp#27;[35m26824&amp#27;[0;39m &amp#27;[2m---&amp#27;[0;39m &amp#27;[2m[transferer] [           main]&amp#27;[0;39m &amp#27;[2m&amp#27;[0;39m&amp#27;[36mio.r2dbc.h2.client.SessionClient        &amp#27;[0;39m &amp#27;[2m:&amp#27;[0;39m Request:  DELETE FROM transactions
&amp#27;[2m2025-08-17T16:47:04.341+01:00&amp#27;[0;39m &amp#27;[32mDEBUG&amp#27;[0;39m &amp#27;[35m26824&amp#27;[0;39m &amp#27;[2m---&amp#27;[0;39m &amp#27;[2m[transferer] [           main]&amp#27;[0;39m &amp#27;[2m&amp#27;[0;39m&amp#27;[36mio.r2dbc.h2.client.SessionClient        &amp#27;[0;39m &amp#27;[2m:&amp#27;[0;39m Request:  SELECT CURRENT_TIMESTAMP
&amp#27;[2m2025-08-17T16:47:04.341+01:00&amp#27;[0;39m &amp#27;[32mDEBUG&amp#27;[0;39m &amp#27;[35m26824&amp#27;[0;39m &amp#27;[2m---&amp#27;[0;39m &amp#27;[2m[transferer] [           main]&amp#27;[0;39m &amp#27;[2m&amp#27;[0;39m&amp#27;[36mio.r2dbc.h2.client.SessionClient        &amp#27;[0;39m &amp#27;[2m:&amp#27;[0;39m Response: org.h2.result.LocalResult@b87ea8b columns: 1 rows: 1 pos: -1
&amp#27;[2m2025-08-17T16:47:04.341+01:00&amp#27;[0;39m &amp#27;[32mDEBUG&amp#27;[0;39m &amp#27;[35m26824&amp#27;[0;39m &amp#27;[2m---&amp#27;[0;39m &amp#27;[2m[transferer] [           main]&amp#27;[0;39m &amp#27;[2m&amp#27;[0;39m&amp#27;[36mio.r2dbc.h2.client.SessionClient        &amp#27;[0;39m &amp#27;[2m:&amp#27;[0;39m Request:  SELECT 1
&amp#27;[2m2025-08-17T16:47:04.341+01:00&amp#27;[0;39m &amp#27;[32mDEBUG&amp#27;[0;39m &amp#27;[35m26824&amp#27;[0;39m &amp#27;[2m---&amp#27;[0;39m &amp#27;[2m[transferer] [           main]&amp#27;[0;39m &amp#27;[2m&amp#27;[0;39m&amp#27;[36mio.r2dbc.h2.client.SessionClient        &amp#27;[0;39m &amp#27;[2m:&amp#27;[0;39m Response: org.h2.result.LocalResult@c79780 columns: 1 rows: 1 pos: -1
&amp#27;[2m2025-08-17T16:47:04.341+01:00&amp#27;[0;39m &amp#27;[32mDEBUG&amp#27;[0;39m &amp#27;[35m26824&amp#27;[0;39m &amp#27;[2m---&amp#27;[0;39m &amp#27;[2m[transferer] [           main]&amp#27;[0;39m &amp#27;[2m&amp#27;[0;39m&amp#27;[36mo.s.r2dbc.core.DefaultDatabaseClient    &amp#27;[0;39m &amp#27;[2m:&amp#27;[0;39m Executing SQL statement [DELETE FROM accounts]
&amp#27;[2m2025-08-17T16:47:04.341+01:00&amp#27;[0;39m &amp#27;[32mDEBUG&amp#27;[0;39m &amp#27;[35m26824&amp#27;[0;39m &amp#27;[2m---&amp#27;[0;39m &amp#27;[2m[transferer] [           main]&amp#27;[0;39m &amp#27;[2m&amp#27;[0;39m&amp#27;[36mio.r2dbc.h2.client.SessionClient        &amp#27;[0;39m &amp#27;[2m:&amp#27;[0;39m Request:  DELETE FROM accounts
&amp#27;[2m2025-08-17T16:47:04.341+01:00&amp#27;[0;39m &amp#27;[32mDEBUG&amp#27;[0;39m &amp#27;[35m26824&amp#27;[0;39m &amp#27;[2m---&amp#27;[0;39m &amp#27;[2m[transferer] [           main]&amp#27;[0;39m &amp#27;[2m&amp#27;[0;39m&amp#27;[36mio.r2dbc.h2.client.SessionClient        &amp#27;[0;39m &amp#27;[2m:&amp#27;[0;39m Request:  SELECT CURRENT_TIMESTAMP
&amp#27;[2m2025-08-17T16:47:04.341+01:00&amp#27;[0;39m &amp#27;[32mDEBUG&amp#27;[0;39m &amp#27;[35m26824&amp#27;[0;39m &amp#27;[2m---&amp#27;[0;39m &amp#27;[2m[transferer] [           main]&amp#27;[0;39m &amp#27;[2m&amp#27;[0;39m&amp#27;[36mio.r2dbc.h2.client.SessionClient        &amp#27;[0;39m &amp#27;[2m:&amp#27;[0;39m Response: org.h2.result.LocalResult@64e657b0 columns: 1 rows: 1 pos: -1
&amp#27;[2m2025-08-17T16:47:04.341+01:00&amp#27;[0;39m &amp#27;[32mDEBUG&amp#27;[0;39m &amp#27;[35m26824&amp#27;[0;39m &amp#27;[2m---&amp#27;[0;39m &amp#27;[2m[transferer] [           main]&amp#27;[0;39m &amp#27;[2m&amp#27;[0;39m&amp#27;[36mio.r2dbc.h2.client.SessionClient        &amp#27;[0;39m &amp#27;[2m:&amp#27;[0;39m Request:  SELECT 1
&amp#27;[2m2025-08-17T16:47:04.341+01:00&amp#27;[0;39m &amp#27;[32mDEBUG&amp#27;[0;39m &amp#27;[35m26824&amp#27;[0;39m &amp#27;[2m---&amp#27;[0;39m &amp#27;[2m[transferer] [           main]&amp#27;[0;39m &amp#27;[2m&amp#27;[0;39m&amp#27;[36mio.r2dbc.h2.client.SessionClient        &amp#27;[0;39m &amp#27;[2m:&amp#27;[0;39m Response: org.h2.result.LocalResult@50013a15 columns: 1 rows: 1 pos: -1
&amp#27;[2m2025-08-17T16:47:04.341+01:00&amp#27;[0;39m &amp#27;[32mDEBUG&amp#27;[0;39m &amp#27;[35m26824&amp#27;[0;39m &amp#27;[2m---&amp#27;[0;39m &amp#27;[2m[transferer] [           main]&amp#27;[0;39m &amp#27;[2m&amp#27;[0;39m&amp#27;[36mo.s.r2dbc.core.DefaultDatabaseClient    &amp#27;[0;39m &amp#27;[2m:&amp#27;[0;39m Executing SQL statement [DELETE FROM outbox_events]
&amp#27;[2m2025-08-17T16:47:04.341+01:00&amp#27;[0;39m &amp#27;[32mDEBUG&amp#27;[0;39m &amp#27;[35m26824&amp#27;[0;39m &amp#27;[2m---&amp#27;[0;39m &amp#27;[2m[transferer] [           main]&amp#27;[0;39m &amp#27;[2m&amp#27;[0;39m&amp#27;[36mio.r2dbc.h2.client.SessionClient        &amp#27;[0;39m &amp#27;[2m:&amp#27;[0;39m Request:  DELETE FROM outbox_events
&amp#27;[2m2025-08-17T16:47:04.342+01:00&amp#27;[0;39m &amp#27;[32mDEBUG&amp#27;[0;39m &amp#27;[35m26824&amp#27;[0;39m &amp#27;[2m---&amp#27;[0;39m &amp#27;[2m[transferer] [           main]&amp#27;[0;39m &amp#27;[2m&amp#27;[0;39m&amp#27;[36mio.r2dbc.h2.client.SessionClient        &amp#27;[0;39m &amp#27;[2m:&amp#27;[0;39m Request:  SELECT CURRENT_TIMESTAMP
&amp#27;[2m2025-08-17T16:47:04.342+01:00&amp#27;[0;39m &amp#27;[32mDEBUG&amp#27;[0;39m &amp#27;[35m26824&amp#27;[0;39m &amp#27;[2m---&amp#27;[0;39m &amp#27;[2m[transferer] [           main]&amp#27;[0;39m &amp#27;[2m&amp#27;[0;39m&amp#27;[36mio.r2dbc.h2.client.SessionClient        &amp#27;[0;39m &amp#27;[2m:&amp#27;[0;39m Response: org.h2.result.LocalResult@5606d537 columns: 1 rows: 1 pos: -1
]]></system-out>
  </testcase>
  <testcase name="should_handle_insufficient_funds_scenario" classname="com.transferer.payment.PaymentSagaDbIntegrationTest" time="0.171">
    <system-out><![CDATA[
  .   ____          _            __ _ _
 /\\ / ___'_ __ _ _(_)_ __  __ _ \ \ \ \
( ( )\___ | '_ | '_| | '_ \/ _` | \ \ \ \
 \\/  ___)| |_)| | | | | || (_| |  ) ) ) )
  '  |____| .__|_| |_|_| |_\__, | / / / /
 =========|_|==============|___/=/_/_/_/
&amp#27;[32m :: Spring Boot :: &amp#27;[39m              &amp#27;[2m (v3.2.0)&amp#27;[0;39m

&amp#27;[2m2025-08-17T16:47:04.351+01:00&amp#27;[0;39m &amp#27;[32m INFO&amp#27;[0;39m &amp#27;[35m26824&amp#27;[0;39m &amp#27;[2m---&amp#27;[0;39m &amp#27;[2m[transferer] [           main]&amp#27;[0;39m &amp#27;[2m&amp#27;[0;39m&amp#27;[36mc.t.p.PaymentSagaDbIntegrationTest      &amp#27;[0;39m &amp#27;[2m:&amp#27;[0;39m Starting PaymentSagaDbIntegrationTest using Java 24.0.2 with PID 26824 (started by bendrawer in /Users/bendrawer/transferer)
&amp#27;[2m2025-08-17T16:47:04.351+01:00&amp#27;[0;39m &amp#27;[32mDEBUG&amp#27;[0;39m &amp#27;[35m26824&amp#27;[0;39m &amp#27;[2m---&amp#27;[0;39m &amp#27;[2m[transferer] [           main]&amp#27;[0;39m &amp#27;[2m&amp#27;[0;39m&amp#27;[36mc.t.p.PaymentSagaDbIntegrationTest      &amp#27;[0;39m &amp#27;[2m:&amp#27;[0;39m Running with Spring Boot v3.2.0, Spring v6.1.1
&amp#27;[2m2025-08-17T16:47:04.351+01:00&amp#27;[0;39m &amp#27;[32m INFO&amp#27;[0;39m &amp#27;[35m26824&amp#27;[0;39m &amp#27;[2m---&amp#27;[0;39m &amp#27;[2m[transferer] [           main]&amp#27;[0;39m &amp#27;[2m&amp#27;[0;39m&amp#27;[36mc.t.p.PaymentSagaDbIntegrationTest      &amp#27;[0;39m &amp#27;[2m:&amp#27;[0;39m The following 1 profile is active: "test"
&amp#27;[2m2025-08-17T16:47:04.366+01:00&amp#27;[0;39m &amp#27;[32m INFO&amp#27;[0;39m &amp#27;[35m26824&amp#27;[0;39m &amp#27;[2m---&amp#27;[0;39m &amp#27;[2m[transferer] [           main]&amp#27;[0;39m &amp#27;[2m&amp#27;[0;39m&amp#27;[36m.s.d.r.c.RepositoryConfigurationDelegate&amp#27;[0;39m &amp#27;[2m:&amp#27;[0;39m Bootstrapping Spring Data R2DBC repositories in DEFAULT mode.
&amp#27;[2m2025-08-17T16:47:04.369+01:00&amp#27;[0;39m &amp#27;[32m INFO&amp#27;[0;39m &amp#27;[35m26824&amp#27;[0;39m &amp#27;[2m---&amp#27;[0;39m &amp#27;[2m[transferer] [           main]&amp#27;[0;39m &amp#27;[2m&amp#27;[0;39m&amp#27;[36m.s.d.r.c.RepositoryConfigurationDelegate&amp#27;[0;39m &amp#27;[2m:&amp#27;[0;39m Finished Spring Data repository scanning in 3 ms. Found 4 R2DBC repository interfaces.
&amp#27;[2m2025-08-17T16:47:04.389+01:00&amp#27;[0;39m &amp#27;[32mDEBUG&amp#27;[0;39m &amp#27;[35m26824&amp#27;[0;39m &amp#27;[2m---&amp#27;[0;39m &amp#27;[2m[transferer] [           main]&amp#27;[0;39m &amp#27;[2m&amp#27;[0;39m&amp#27;[36mc.t.shared.outbox.OutboxEventBus        &amp#27;[0;39m &amp#27;[2m:&amp#27;[0;39m Subscribed handler to event class: PaymentStepAdvancedEvent
&amp#27;[2m2025-08-17T16:47:04.389+01:00&amp#27;[0;39m &amp#27;[32mDEBUG&amp#27;[0;39m &amp#27;[35m26824&amp#27;[0;39m &amp#27;[2m---&amp#27;[0;39m &amp#27;[2m[transferer] [           main]&amp#27;[0;39m &amp#27;[2m&amp#27;[0;39m&amp#27;[36mc.t.shared.outbox.OutboxEventBus        &amp#27;[0;39m &amp#27;[2m:&amp#27;[0;39m Subscribed handler to event class: TransactionCreatedEvent
&amp#27;[2m2025-08-17T16:47:04.389+01:00&amp#27;[0;39m &amp#27;[32mDEBUG&amp#27;[0;39m &amp#27;[35m26824&amp#27;[0;39m &amp#27;[2m---&amp#27;[0;39m &amp#27;[2m[transferer] [           main]&amp#27;[0;39m &amp#27;[2m&amp#27;[0;39m&amp#27;[36mc.t.shared.outbox.OutboxEventBus        &amp#27;[0;39m &amp#27;[2m:&amp#27;[0;39m Subscribed handler to event class: AccountDebitedEvent
&amp#27;[2m2025-08-17T16:47:04.389+01:00&amp#27;[0;39m &amp#27;[32mDEBUG&amp#27;[0;39m &amp#27;[35m26824&amp#27;[0;39m &amp#27;[2m---&amp#27;[0;39m &amp#27;[2m[transferer] [           main]&amp#27;[0;39m &amp#27;[2m&amp#27;[0;39m&amp#27;[36mc.t.shared.outbox.OutboxEventBus        &amp#27;[0;39m &amp#27;[2m:&amp#27;[0;39m Subscribed handler to event class: AccountCreditedEvent
&amp#27;[2m2025-08-17T16:47:04.389+01:00&amp#27;[0;39m &amp#27;[32mDEBUG&amp#27;[0;39m &amp#27;[35m26824&amp#27;[0;39m &amp#27;[2m---&amp#27;[0;39m &amp#27;[2m[transferer] [           main]&amp#27;[0;39m &amp#27;[2m&amp#27;[0;39m&amp#27;[36mc.t.shared.outbox.OutboxEventBus        &amp#27;[0;39m &amp#27;[2m:&amp#27;[0;39m Subscribed handler to event class: TransactionCompletedEvent
&amp#27;[2m2025-08-17T16:47:04.389+01:00&amp#27;[0;39m &amp#27;[32mDEBUG&amp#27;[0;39m &amp#27;[35m26824&amp#27;[0;39m &amp#27;[2m---&amp#27;[0;39m &amp#27;[2m[transferer] [           main]&amp#27;[0;39m &amp#27;[2m&amp#27;[0;39m&amp#27;[36mc.t.shared.outbox.OutboxEventBus        &amp#27;[0;39m &amp#27;[2m:&amp#27;[0;39m Subscribed handler to event class: PaymentFailedEvent
&amp#27;[2m2025-08-17T16:47:04.391+01:00&amp#27;[0;39m &amp#27;[32mDEBUG&amp#27;[0;39m &amp#27;[35m26824&amp#27;[0;39m &amp#27;[2m---&amp#27;[0;39m &amp#27;[2m[transferer] [       single-1]&amp#27;[0;39m &amp#27;[2m&amp#27;[0;39m&amp#27;[36mio.r2dbc.h2.client.SessionClient        &amp#27;[0;39m &amp#27;[2m:&amp#27;[0;39m Request:  CALL H2VERSION()
&amp#27;[2m2025-08-17T16:47:04.391+01:00&amp#27;[0;39m &amp#27;[32mDEBUG&amp#27;[0;39m &amp#27;[35m26824&amp#27;[0;39m &amp#27;[2m---&amp#27;[0;39m &amp#27;[2m[transferer] [       single-1]&amp#27;[0;39m &amp#27;[2m&amp#27;[0;39m&amp#27;[36mio.r2dbc.h2.client.SessionClient        &amp#27;[0;39m &amp#27;[2m:&amp#27;[0;39m Response: org.h2.result.LocalResult@3f238ed0 columns: 1 rows: 1 pos: -1
&amp#27;[2m2025-08-17T16:47:04.391+01:00&amp#27;[0;39m &amp#27;[32mDEBUG&amp#27;[0;39m &amp#27;[35m26824&amp#27;[0;39m &amp#27;[2m---&amp#27;[0;39m &amp#27;[2m[transferer] [       single-1]&amp#27;[0;39m &amp#27;[2m&amp#27;[0;39m&amp#27;[36mio.r2dbc.h2.client.SessionClient        &amp#27;[0;39m &amp#27;[2m:&amp#27;[0;39m Request:  SELECT 1
&amp#27;[2m2025-08-17T16:47:04.391+01:00&amp#27;[0;39m &amp#27;[32mDEBUG&amp#27;[0;39m &amp#27;[35m26824&amp#27;[0;39m &amp#27;[2m---&amp#27;[0;39m &amp#27;[2m[transferer] [       single-1]&amp#27;[0;39m &amp#27;[2m&amp#27;[0;39m&amp#27;[36mio.r2dbc.h2.client.SessionClient        &amp#27;[0;39m &amp#27;[2m:&amp#27;[0;39m Response: org.h2.result.LocalResult@324b02bd columns: 1 rows: 1 pos: -1
&amp#27;[2m2025-08-17T16:47:04.391+01:00&amp#27;[0;39m &amp#27;[32mDEBUG&amp#27;[0;39m &amp#27;[35m26824&amp#27;[0;39m &amp#27;[2m---&amp#27;[0;39m &amp#27;[2m[transferer] [       single-1]&amp#27;[0;39m &amp#27;[2m&amp#27;[0;39m&amp#27;[36mo.s.r2dbc.connection.init.ScriptUtils   &amp#27;[0;39m &amp#27;[2m:&amp#27;[0;39m Executing SQL script from class path resource [test-schema.sql]
&amp#27;[2m2025-08-17T16:47:04.392+01:00&amp#27;[0;39m &amp#27;[32mDEBUG&amp#27;[0;39m &amp#27;[35m26824&amp#27;[0;39m &amp#27;[2m---&amp#27;[0;39m &amp#27;[2m[transferer] [       single-1]&amp#27;[0;39m &amp#27;[2m&amp#27;[0;39m&amp#27;[36mio.r2dbc.h2.client.SessionClient        &amp#27;[0;39m &amp#27;[2m:&amp#27;[0;39m Request:  CALL H2VERSION()
&amp#27;[2m2025-08-17T16:47:04.392+01:00&amp#27;[0;39m &amp#27;[32mDEBUG&amp#27;[0;39m &amp#27;[35m26824&amp#27;[0;39m &amp#27;[2m---&amp#27;[0;39m &amp#27;[2m[transferer] [       single-1]&amp#27;[0;39m &amp#27;[2m&amp#27;[0;39m&amp#27;[36mio.r2dbc.h2.client.SessionClient        &amp#27;[0;39m &amp#27;[2m:&amp#27;[0;39m Response: org.h2.result.LocalResult@3fdf7676 columns: 1 rows: 1 pos: -1
&amp#27;[2m2025-08-17T16:47:04.392+01:00&amp#27;[0;39m &amp#27;[32mDEBUG&amp#27;[0;39m &amp#27;[35m26824&amp#27;[0;39m &amp#27;[2m---&amp#27;[0;39m &amp#27;[2m[transferer] [       single-1]&amp#27;[0;39m &amp#27;[2m&amp#27;[0;39m&amp#27;[36mio.r2dbc.h2.client.SessionClient        &amp#27;[0;39m &amp#27;[2m:&amp#27;[0;39m Request:  CALL H2VERSION()
&amp#27;[2m2025-08-17T16:47:04.392+01:00&amp#27;[0;39m &amp#27;[32mDEBUG&amp#27;[0;39m &amp#27;[35m26824&amp#27;[0;39m &amp#27;[2m---&amp#27;[0;39m &amp#27;[2m[transferer] [       single-1]&amp#27;[0;39m &amp#27;[2m&amp#27;[0;39m&amp#27;[36mio.r2dbc.h2.client.SessionClient        &amp#27;[0;39m &amp#27;[2m:&amp#27;[0;39m Response: org.h2.result.LocalResult@1c292a53 columns: 1 rows: 1 pos: -1
&amp#27;[2m2025-08-17T16:47:04.392+01:00&amp#27;[0;39m &amp#27;[32mDEBUG&amp#27;[0;39m &amp#27;[35m26824&amp#27;[0;39m &amp#27;[2m---&amp#27;[0;39m &amp#27;[2m[transferer] [       single-1]&amp#27;[0;39m &amp#27;[2m&amp#27;[0;39m&amp#27;[36mio.r2dbc.h2.client.SessionClient        &amp#27;[0;39m &amp#27;[2m:&amp#27;[0;39m Request:  CALL H2VERSION()
&amp#27;[2m2025-08-17T16:47:04.392+01:00&amp#27;[0;39m &amp#27;[32mDEBUG&amp#27;[0;39m &amp#27;[35m26824&amp#27;[0;39m &amp#27;[2m---&amp#27;[0;39m &amp#27;[2m[transferer] [       single-1]&amp#27;[0;39m &amp#27;[2m&amp#27;[0;39m&amp#27;[36mio.r2dbc.h2.client.SessionClient        &amp#27;[0;39m &amp#27;[2m:&amp#27;[0;39m Response: org.h2.result.LocalResult@50f8110b columns: 1 rows: 1 pos: -1
&amp#27;[2m2025-08-17T16:47:04.392+01:00&amp#27;[0;39m &amp#27;[32mDEBUG&amp#27;[0;39m &amp#27;[35m26824&amp#27;[0;39m &amp#27;[2m---&amp#27;[0;39m &amp#27;[2m[transferer] [       single-1]&amp#27;[0;39m &amp#27;[2m&amp#27;[0;39m&amp#27;[36mio.r2dbc.h2.client.SessionClient        &amp#27;[0;39m &amp#27;[2m:&amp#27;[0;39m Request:  CALL H2VERSION()
&amp#27;[2m2025-08-17T16:47:04.392+01:00&amp#27;[0;39m &amp#27;[32mDEBUG&amp#27;[0;39m &amp#27;[35m26824&amp#27;[0;39m &amp#27;[2m---&amp#27;[0;39m &amp#27;[2m[transferer] [       single-1]&amp#27;[0;39m &amp#27;[2m&amp#27;[0;39m&amp#27;[36mio.r2dbc.h2.client.SessionClient        &amp#27;[0;39m &amp#27;[2m:&amp#27;[0;39m Response: org.h2.result.LocalResult@3a4cbf43 columns: 1 rows: 1 pos: -1
&amp#27;[2m2025-08-17T16:47:04.392+01:00&amp#27;[0;39m &amp#27;[32mDEBUG&amp#27;[0;39m &amp#27;[35m26824&amp#27;[0;39m &amp#27;[2m---&amp#27;[0;39m &amp#27;[2m[transferer] [       single-1]&amp#27;[0;39m &amp#27;[2m&amp#27;[0;39m&amp#27;[36mio.r2dbc.h2.client.SessionClient        &amp#27;[0;39m &amp#27;[2m:&amp#27;[0;39m Request:  CALL H2VERSION()
&amp#27;[2m2025-08-17T16:47:04.392+01:00&amp#27;[0;39m &amp#27;[32mDEBUG&amp#27;[0;39m &amp#27;[35m26824&amp#27;[0;39m &amp#27;[2m---&amp#27;[0;39m &amp#27;[2m[transferer] [       single-1]&amp#27;[0;39m &amp#27;[2m&amp#27;[0;39m&amp#27;[36mio.r2dbc.h2.client.SessionClient        &amp#27;[0;39m &amp#27;[2m:&amp#27;[0;39m Response: org.h2.result.LocalResult@7ee412ba columns: 1 rows: 1 pos: -1
&amp#27;[2m2025-08-17T16:47:04.392+01:00&amp#27;[0;39m &amp#27;[32mDEBUG&amp#27;[0;39m &amp#27;[35m26824&amp#27;[0;39m &amp#27;[2m---&amp#27;[0;39m &amp#27;[2m[transferer] [       Thread-2]&amp#27;[0;39m &amp#27;[2m&amp#27;[0;39m&amp#27;[36mio.r2dbc.h2.client.SessionClient        &amp#27;[0;39m &amp#27;[2m:&amp#27;[0;39m Request:  CREATE TABLE IF NOT EXISTS accounts ( id VARCHAR(255) PRIMARY KEY, account_number VARCHAR(20) UNIQUE NOT NULL, holder_name VARCHAR(255) NOT NULL, balance DECIMAL(19,2) NOT NULL DEFAULT 0.00, status VARCHAR(20) NOT NULL DEFAULT 'ACTIVE', created_at TIMESTAMP NOT NULL DEFAULT CURRENT_TIMESTAMP, updated_at TIMESTAMP NOT NULL DEFAULT CURRENT_TIMESTAMP )
&amp#27;[2m2025-08-17T16:47:04.392+01:00&amp#27;[0;39m &amp#27;[32mDEBUG&amp#27;[0;39m &amp#27;[35m26824&amp#27;[0;39m &amp#27;[2m---&amp#27;[0;39m &amp#27;[2m[transferer] [       single-1]&amp#27;[0;39m &amp#27;[2m&amp#27;[0;39m&amp#27;[36mio.r2dbc.h2.client.SessionClient        &amp#27;[0;39m &amp#27;[2m:&amp#27;[0;39m Request:  CALL H2VERSION()
&amp#27;[2m2025-08-17T16:47:04.392+01:00&amp#27;[0;39m &amp#27;[32mDEBUG&amp#27;[0;39m &amp#27;[35m26824&amp#27;[0;39m &amp#27;[2m---&amp#27;[0;39m &amp#27;[2m[transferer] [       single-1]&amp#27;[0;39m &amp#27;[2m&amp#27;[0;39m&amp#27;[36mio.r2dbc.h2.client.SessionClient        &amp#27;[0;39m &amp#27;[2m:&amp#27;[0;39m Response: org.h2.result.LocalResult@2b4ac487 columns: 1 rows: 1 pos: -1
&amp#27;[2m2025-08-17T16:47:04.392+01:00&amp#27;[0;39m &amp#27;[32mDEBUG&amp#27;[0;39m &amp#27;[35m26824&amp#27;[0;39m &amp#27;[2m---&amp#27;[0;39m &amp#27;[2m[transferer] [       Thread-2]&amp#27;[0;39m &amp#27;[2m&amp#27;[0;39m&amp#27;[36mo.s.r2dbc.connection.init.ScriptUtils   &amp#27;[0;39m &amp#27;[2m:&amp#27;[0;39m 0 returned as update count for SQL: CREATE TABLE IF NOT EXISTS accounts ( id VARCHAR(255) PRIMARY KEY, account_number VARCHAR(20) UNIQUE NOT NULL, holder_name VARCHAR(255) NOT NULL, balance DECIMAL(19,2) NOT NULL DEFAULT 0.00, status VARCHAR(20) NOT NULL DEFAULT 'ACTIVE', created_at TIMESTAMP NOT NULL DEFAULT CURRENT_TIMESTAMP, updated_at TIMESTAMP NOT NULL DEFAULT CURRENT_TIMESTAMP )
&amp#27;[2m2025-08-17T16:47:04.392+01:00&amp#27;[0;39m &amp#27;[32mDEBUG&amp#27;[0;39m &amp#27;[35m26824&amp#27;[0;39m &amp#27;[2m---&amp#27;[0;39m &amp#27;[2m[transferer] [       Thread-2]&amp#27;[0;39m &amp#27;[2m&amp#27;[0;39m&amp#27;[36mio.r2dbc.h2.client.SessionClient        &amp#27;[0;39m &amp#27;[2m:&amp#27;[0;39m Request:  CREATE INDEX IF NOT EXISTS idx_accounts_account_number ON accounts (account_number)
&amp#27;[2m2025-08-17T16:47:04.392+01:00&amp#27;[0;39m &amp#27;[32mDEBUG&amp#27;[0;39m &amp#27;[35m26824&amp#27;[0;39m &amp#27;[2m---&amp#27;[0;39m &amp#27;[2m[transferer] [       Thread-2]&amp#27;[0;39m &amp#27;[2m&amp#27;[0;39m&amp#27;[36mo.s.r2dbc.connection.init.ScriptUtils   &amp#27;[0;39m &amp#27;[2m:&amp#27;[0;39m 0 returned as update count for SQL: CREATE INDEX IF NOT EXISTS idx_accounts_account_number ON accounts (account_number)
&amp#27;[2m2025-08-17T16:47:04.392+01:00&amp#27;[0;39m &amp#27;[32mDEBUG&amp#27;[0;39m &amp#27;[35m26824&amp#27;[0;39m &amp#27;[2m---&amp#27;[0;39m &amp#27;[2m[transferer] [       single-1]&amp#27;[0;39m &amp#27;[2m&amp#27;[0;39m&amp#27;[36mio.r2dbc.h2.client.SessionClient        &amp#27;[0;39m &amp#27;[2m:&amp#27;[0;39m Request:  CALL H2VERSION()
&amp#27;[2m2025-08-17T16:47:04.392+01:00&amp#27;[0;39m &amp#27;[32mDEBUG&amp#27;[0;39m &amp#27;[35m26824&amp#27;[0;39m &amp#27;[2m---&amp#27;[0;39m &amp#27;[2m[transferer] [       Thread-2]&amp#27;[0;39m &amp#27;[2m&amp#27;[0;39m&amp#27;[36mio.r2dbc.h2.client.SessionClient        &amp#27;[0;39m &amp#27;[2m:&amp#27;[0;39m Request:  CREATE INDEX IF NOT EXISTS idx_accounts_status ON accounts (status)
&amp#27;[2m2025-08-17T16:47:04.392+01:00&amp#27;[0;39m &amp#27;[32mDEBUG&amp#27;[0;39m &amp#27;[35m26824&amp#27;[0;39m &amp#27;[2m---&amp#27;[0;39m &amp#27;[2m[transferer] [       single-1]&amp#27;[0;39m &amp#27;[2m&amp#27;[0;39m&amp#27;[36mio.r2dbc.h2.client.SessionClient        &amp#27;[0;39m &amp#27;[2m:&amp#27;[0;39m Response: org.h2.result.LocalResult@3b2af8ac columns: 1 rows: 1 pos: -1
&amp#27;[2m2025-08-17T16:47:04.392+01:00&amp#27;[0;39m &amp#27;[32mDEBUG&amp#27;[0;39m &amp#27;[35m26824&amp#27;[0;39m &amp#27;[2m---&amp#27;[0;39m &amp#27;[2m[transferer] [       Thread-2]&amp#27;[0;39m &amp#27;[2m&amp#27;[0;39m&amp#27;[36mo.s.r2dbc.connection.init.ScriptUtils   &amp#27;[0;39m &amp#27;[2m:&amp#27;[0;39m 0 returned as update count for SQL: CREATE INDEX IF NOT EXISTS idx_accounts_status ON accounts (status)
&amp#27;[2m2025-08-17T16:47:04.393+01:00&amp#27;[0;39m &amp#27;[32mDEBUG&amp#27;[0;39m &amp#27;[35m26824&amp#27;[0;39m &amp#27;[2m---&amp#27;[0;39m &amp#27;[2m[transferer] [       Thread-2]&amp#27;[0;39m &amp#27;[2m&amp#27;[0;39m&amp#27;[36mio.r2dbc.h2.client.SessionClient        &amp#27;[0;39m &amp#27;[2m:&amp#27;[0;39m Request:  CREATE TABLE IF NOT EXISTS transactions ( id VARCHAR(255) PRIMARY KEY, sender_account_id VARCHAR(255) NOT NULL, recipient_account_id VARCHAR(255) NOT NULL, amount DECIMAL(19,2) NOT NULL, status VARCHAR(20) NOT NULL DEFAULT 'PENDING', description TEXT, created_at TIMESTAMP NOT NULL DEFAULT CURRENT_TIMESTAMP, updated_at TIMESTAMP NOT NULL DEFAULT CURRENT_TIMESTAMP, completed_at TIMESTAMP NULL, CONSTRAINT fk_transactions_sender FOREIGN KEY (sender_account_id) REFERENCES accounts(id), CONSTRAINT fk_transactions_recipient FOREIGN KEY (recipient_account_id) REFERENCES accounts(id), CONSTRAINT chk_transactions_amount_positive CHECK (amount > 0), CONSTRAINT chk_transactions_different_accounts CHECK (sender_account_id != recipient_account_id) )
&amp#27;[2m2025-08-17T16:47:04.393+01:00&amp#27;[0;39m &amp#27;[32mDEBUG&amp#27;[0;39m &amp#27;[35m26824&amp#27;[0;39m &amp#27;[2m---&amp#27;[0;39m &amp#27;[2m[transferer] [       single-1]&amp#27;[0;39m &amp#27;[2m&amp#27;[0;39m&amp#27;[36mio.r2dbc.h2.client.SessionClient        &amp#27;[0;39m &amp#27;[2m:&amp#27;[0;39m Request:  CALL H2VERSION()
&amp#27;[2m2025-08-17T16:47:04.393+01:00&amp#27;[0;39m &amp#27;[32mDEBUG&amp#27;[0;39m &amp#27;[35m26824&amp#27;[0;39m &amp#27;[2m---&amp#27;[0;39m &amp#27;[2m[transferer] [       single-1]&amp#27;[0;39m &amp#27;[2m&amp#27;[0;39m&amp#27;[36mio.r2dbc.h2.client.SessionClient        &amp#27;[0;39m &amp#27;[2m:&amp#27;[0;39m Response: org.h2.result.LocalResult@64c3ee2d columns: 1 rows: 1 pos: -1
&amp#27;[2m2025-08-17T16:47:04.393+01:00&amp#27;[0;39m &amp#27;[32mDEBUG&amp#27;[0;39m &amp#27;[35m26824&amp#27;[0;39m &amp#27;[2m---&amp#27;[0;39m &amp#27;[2m[transferer] [       Thread-2]&amp#27;[0;39m &amp#27;[2m&amp#27;[0;39m&amp#27;[36mo.s.r2dbc.connection.init.ScriptUtils   &amp#27;[0;39m &amp#27;[2m:&amp#27;[0;39m 0 returned as update count for SQL: CREATE TABLE IF NOT EXISTS transactions ( id VARCHAR(255) PRIMARY KEY, sender_account_id VARCHAR(255) NOT NULL, recipient_account_id VARCHAR(255) NOT NULL, amount DECIMAL(19,2) NOT NULL, status VARCHAR(20) NOT NULL DEFAULT 'PENDING', description TEXT, created_at TIMESTAMP NOT NULL DEFAULT CURRENT_TIMESTAMP, updated_at TIMESTAMP NOT NULL DEFAULT CURRENT_TIMESTAMP, completed_at TIMESTAMP NULL, CONSTRAINT fk_transactions_sender FOREIGN KEY (sender_account_id) REFERENCES accounts(id), CONSTRAINT fk_transactions_recipient FOREIGN KEY (recipient_account_id) REFERENCES accounts(id), CONSTRAINT chk_transactions_amount_positive CHECK (amount > 0), CONSTRAINT chk_transactions_different_accounts CHECK (sender_account_id != recipient_account_id) )
&amp#27;[2m2025-08-17T16:47:04.393+01:00&amp#27;[0;39m &amp#27;[32mDEBUG&amp#27;[0;39m &amp#27;[35m26824&amp#27;[0;39m &amp#27;[2m---&amp#27;[0;39m &amp#27;[2m[transferer] [       Thread-2]&amp#27;[0;39m &amp#27;[2m&amp#27;[0;39m&amp#27;[36mio.r2dbc.h2.client.SessionClient        &amp#27;[0;39m &amp#27;[2m:&amp#27;[0;39m Request:  CREATE INDEX IF NOT EXISTS idx_transactions_sender_account_id ON transactions (sender_account_id)
&amp#27;[2m2025-08-17T16:47:04.393+01:00&amp#27;[0;39m &amp#27;[32mDEBUG&amp#27;[0;39m &amp#27;[35m26824&amp#27;[0;39m &amp#27;[2m---&amp#27;[0;39m &amp#27;[2m[transferer] [       Thread-2]&amp#27;[0;39m &amp#27;[2m&amp#27;[0;39m&amp#27;[36mo.s.r2dbc.connection.init.ScriptUtils   &amp#27;[0;39m &amp#27;[2m:&amp#27;[0;39m 0 returned as update count for SQL: CREATE INDEX IF NOT EXISTS idx_transactions_sender_account_id ON transactions (sender_account_id)
&amp#27;[2m2025-08-17T16:47:04.393+01:00&amp#27;[0;39m &amp#27;[32mDEBUG&amp#27;[0;39m &amp#27;[35m26824&amp#27;[0;39m &amp#27;[2m---&amp#27;[0;39m &amp#27;[2m[transferer] [       single-1]&amp#27;[0;39m &amp#27;[2m&amp#27;[0;39m&amp#27;[36mio.r2dbc.h2.client.SessionClient        &amp#27;[0;39m &amp#27;[2m:&amp#27;[0;39m Request:  CALL H2VERSION()
&amp#27;[2m2025-08-17T16:47:04.393+01:00&amp#27;[0;39m &amp#27;[32mDEBUG&amp#27;[0;39m &amp#27;[35m26824&amp#27;[0;39m &amp#27;[2m---&amp#27;[0;39m &amp#27;[2m[transferer] [       single-1]&amp#27;[0;39m &amp#27;[2m&amp#27;[0;39m&amp#27;[36mio.r2dbc.h2.client.SessionClient        &amp#27;[0;39m &amp#27;[2m:&amp#27;[0;39m Response: org.h2.result.LocalResult@3a6c51cd columns: 1 rows: 1 pos: -1
&amp#27;[2m2025-08-17T16:47:04.393+01:00&amp#27;[0;39m &amp#27;[32mDEBUG&amp#27;[0;39m &amp#27;[35m26824&amp#27;[0;39m &amp#27;[2m---&amp#27;[0;39m &amp#27;[2m[transferer] [       Thread-2]&amp#27;[0;39m &amp#27;[2m&amp#27;[0;39m&amp#27;[36mio.r2dbc.h2.client.SessionClient        &amp#27;[0;39m &amp#27;[2m:&amp#27;[0;39m Request:  CREATE INDEX IF NOT EXISTS idx_transactions_recipient_account_id ON transactions (recipient_account_id)
&amp#27;[2m2025-08-17T16:47:04.393+01:00&amp#27;[0;39m &amp#27;[32mDEBUG&amp#27;[0;39m &amp#27;[35m26824&amp#27;[0;39m &amp#27;[2m---&amp#27;[0;39m &amp#27;[2m[transferer] [       Thread-2]&amp#27;[0;39m &amp#27;[2m&amp#27;[0;39m&amp#27;[36mo.s.r2dbc.connection.init.ScriptUtils   &amp#27;[0;39m &amp#27;[2m:&amp#27;[0;39m 0 returned as update count for SQL: CREATE INDEX IF NOT EXISTS idx_transactions_recipient_account_id ON transactions (recipient_account_id)
&amp#27;[2m2025-08-17T16:47:04.393+01:00&amp#27;[0;39m &amp#27;[32mDEBUG&amp#27;[0;39m &amp#27;[35m26824&amp#27;[0;39m &amp#27;[2m---&amp#27;[0;39m &amp#27;[2m[transferer] [       Thread-2]&amp#27;[0;39m &amp#27;[2m&amp#27;[0;39m&amp#27;[36mio.r2dbc.h2.client.SessionClient        &amp#27;[0;39m &amp#27;[2m:&amp#27;[0;39m Request:  CREATE INDEX IF NOT EXISTS idx_transactions_status ON transactions (status)
&amp#27;[2m2025-08-17T16:47:04.393+01:00&amp#27;[0;39m &amp#27;[32mDEBUG&amp#27;[0;39m &amp#27;[35m26824&amp#27;[0;39m &amp#27;[2m---&amp#27;[0;39m &amp#27;[2m[transferer] [       Thread-2]&amp#27;[0;39m &amp#27;[2m&amp#27;[0;39m&amp#27;[36mo.s.r2dbc.connection.init.ScriptUtils   &amp#27;[0;39m &amp#27;[2m:&amp#27;[0;39m 0 returned as update count for SQL: CREATE INDEX IF NOT EXISTS idx_transactions_status ON transactions (status)
&amp#27;[2m2025-08-17T16:47:04.393+01:00&amp#27;[0;39m &amp#27;[32mDEBUG&amp#27;[0;39m &amp#27;[35m26824&amp#27;[0;39m &amp#27;[2m---&amp#27;[0;39m &amp#27;[2m[transferer] [       Thread-2]&amp#27;[0;39m &amp#27;[2m&amp#27;[0;39m&amp#27;[36mio.r2dbc.h2.client.SessionClient        &amp#27;[0;39m &amp#27;[2m:&amp#27;[0;39m Request:  CREATE INDEX IF NOT EXISTS idx_transactions_created_at ON transactions (created_at)
&amp#27;[2m2025-08-17T16:47:04.393+01:00&amp#27;[0;39m &amp#27;[32mDEBUG&amp#27;[0;39m &amp#27;[35m26824&amp#27;[0;39m &amp#27;[2m---&amp#27;[0;39m &amp#27;[2m[transferer] [       Thread-2]&amp#27;[0;39m &amp#27;[2m&amp#27;[0;39m&amp#27;[36mo.s.r2dbc.connection.init.ScriptUtils   &amp#27;[0;39m &amp#27;[2m:&amp#27;[0;39m 0 returned as update count for SQL: CREATE INDEX IF NOT EXISTS idx_transactions_created_at ON transactions (created_at)
&amp#27;[2m2025-08-17T16:47:04.393+01:00&amp#27;[0;39m &amp#27;[32mDEBUG&amp#27;[0;39m &amp#27;[35m26824&amp#27;[0;39m &amp#27;[2m---&amp#27;[0;39m &amp#27;[2m[transferer] [       Thread-2]&amp#27;[0;39m &amp#27;[2m&amp#27;[0;39m&amp#27;[36mio.r2dbc.h2.client.SessionClient        &amp#27;[0;39m &amp#27;[2m:&amp#27;[0;39m Request:  CREATE TABLE IF NOT EXISTS payments ( id VARCHAR(255) PRIMARY KEY, transaction_id VARCHAR(255), sender_account_id VARCHAR(255) NOT NULL, recipient_account_id VARCHAR(255) NOT NULL, amount DECIMAL(19,2) NOT NULL, description TEXT, status VARCHAR(20) NOT NULL DEFAULT 'PENDING', current_step VARCHAR(50) NOT NULL DEFAULT 'INITIATED', failure_reason TEXT, created_at TIMESTAMP NOT NULL DEFAULT CURRENT_TIMESTAMP, updated_at TIMESTAMP NOT NULL DEFAULT CURRENT_TIMESTAMP, completed_at TIMESTAMP NULL, CONSTRAINT fk_payments_transaction FOREIGN KEY (transaction_id) REFERENCES transactions(id), CONSTRAINT fk_payments_sender FOREIGN KEY (sender_account_id) REFERENCES accounts(id), CONSTRAINT fk_payments_recipient FOREIGN KEY (recipient_account_id) REFERENCES accounts(id), CONSTRAINT chk_payments_amount_positive CHECK (amount > 0), CONSTRAINT chk_payments_different_accounts CHECK (sender_account_id != recipient_account_id) )
&amp#27;[2m2025-08-17T16:47:04.393+01:00&amp#27;[0;39m &amp#27;[32mDEBUG&amp#27;[0;39m &amp#27;[35m26824&amp#27;[0;39m &amp#27;[2m---&amp#27;[0;39m &amp#27;[2m[transferer] [       Thread-2]&amp#27;[0;39m &amp#27;[2m&amp#27;[0;39m&amp#27;[36mo.s.r2dbc.connection.init.ScriptUtils   &amp#27;[0;39m &amp#27;[2m:&amp#27;[0;39m 0 returned as update count for SQL: CREATE TABLE IF NOT EXISTS payments ( id VARCHAR(255) PRIMARY KEY, transaction_id VARCHAR(255), sender_account_id VARCHAR(255) NOT NULL, recipient_account_id VARCHAR(255) NOT NULL, amount DECIMAL(19,2) NOT NULL, description TEXT, status VARCHAR(20) NOT NULL DEFAULT 'PENDING', current_step VARCHAR(50) NOT NULL DEFAULT 'INITIATED', failure_reason TEXT, created_at TIMESTAMP NOT NULL DEFAULT CURRENT_TIMESTAMP, updated_at TIMESTAMP NOT NULL DEFAULT CURRENT_TIMESTAMP, completed_at TIMESTAMP NULL, CONSTRAINT fk_payments_transaction FOREIGN KEY (transaction_id) REFERENCES transactions(id), CONSTRAINT fk_payments_sender FOREIGN KEY (sender_account_id) REFERENCES accounts(id), CONSTRAINT fk_payments_recipient FOREIGN KEY (recipient_account_id) REFERENCES accounts(id), CONSTRAINT chk_payments_amount_positive CHECK (amount > 0), CONSTRAINT chk_payments_different_accounts CHECK (sender_account_id != recipient_account_id) )
&amp#27;[2m2025-08-17T16:47:04.393+01:00&amp#27;[0;39m &amp#27;[32mDEBUG&amp#27;[0;39m &amp#27;[35m26824&amp#27;[0;39m &amp#27;[2m---&amp#27;[0;39m &amp#27;[2m[transferer] [       Thread-2]&amp#27;[0;39m &amp#27;[2m&amp#27;[0;39m&amp#27;[36mio.r2dbc.h2.client.SessionClient        &amp#27;[0;39m &amp#27;[2m:&amp#27;[0;39m Request:  CREATE INDEX IF NOT EXISTS idx_payments_transaction_id ON payments (transaction_id)
&amp#27;[2m2025-08-17T16:47:04.393+01:00&amp#27;[0;39m &amp#27;[32mDEBUG&amp#27;[0;39m &amp#27;[35m26824&amp#27;[0;39m &amp#27;[2m---&amp#27;[0;39m &amp#27;[2m[transferer] [       Thread-2]&amp#27;[0;39m &amp#27;[2m&amp#27;[0;39m&amp#27;[36mo.s.r2dbc.connection.init.ScriptUtils   &amp#27;[0;39m &amp#27;[2m:&amp#27;[0;39m 0 returned as update count for SQL: CREATE INDEX IF NOT EXISTS idx_payments_transaction_id ON payments (transaction_id)
&amp#27;[2m2025-08-17T16:47:04.393+01:00&amp#27;[0;39m &amp#27;[32mDEBUG&amp#27;[0;39m &amp#27;[35m26824&amp#27;[0;39m &amp#27;[2m---&amp#27;[0;39m &amp#27;[2m[transferer] [       Thread-2]&amp#27;[0;39m &amp#27;[2m&amp#27;[0;39m&amp#27;[36mio.r2dbc.h2.client.SessionClient        &amp#27;[0;39m &amp#27;[2m:&amp#27;[0;39m Request:  CREATE INDEX IF NOT EXISTS idx_payments_sender_account_id ON payments (sender_account_id)
&amp#27;[2m2025-08-17T16:47:04.393+01:00&amp#27;[0;39m &amp#27;[32mDEBUG&amp#27;[0;39m &amp#27;[35m26824&amp#27;[0;39m &amp#27;[2m---&amp#27;[0;39m &amp#27;[2m[transferer] [       Thread-2]&amp#27;[0;39m &amp#27;[2m&amp#27;[0;39m&amp#27;[36mo.s.r2dbc.connection.init.ScriptUtils   &amp#27;[0;39m &amp#27;[2m:&amp#27;[0;39m 0 returned as update count for SQL: CREATE INDEX IF NOT EXISTS idx_payments_sender_account_id ON payments (sender_account_id)
&amp#27;[2m2025-08-17T16:47:04.393+01:00&amp#27;[0;39m &amp#27;[32mDEBUG&amp#27;[0;39m &amp#27;[35m26824&amp#27;[0;39m &amp#27;[2m---&amp#27;[0;39m &amp#27;[2m[transferer] [       Thread-2]&amp#27;[0;39m &amp#27;[2m&amp#27;[0;39m&amp#27;[36mio.r2dbc.h2.client.SessionClient        &amp#27;[0;39m &amp#27;[2m:&amp#27;[0;39m Request:  CREATE INDEX IF NOT EXISTS idx_payments_recipient_account_id ON payments (recipient_account_id)
&amp#27;[2m2025-08-17T16:47:04.393+01:00&amp#27;[0;39m &amp#27;[32mDEBUG&amp#27;[0;39m &amp#27;[35m26824&amp#27;[0;39m &amp#27;[2m---&amp#27;[0;39m &amp#27;[2m[transferer] [       Thread-2]&amp#27;[0;39m &amp#27;[2m&amp#27;[0;39m&amp#27;[36mo.s.r2dbc.connection.init.ScriptUtils   &amp#27;[0;39m &amp#27;[2m:&amp#27;[0;39m 0 returned as update count for SQL: CREATE INDEX IF NOT EXISTS idx_payments_recipient_account_id ON payments (recipient_account_id)
&amp#27;[2m2025-08-17T16:47:04.393+01:00&amp#27;[0;39m &amp#27;[32mDEBUG&amp#27;[0;39m &amp#27;[35m26824&amp#27;[0;39m &amp#27;[2m---&amp#27;[0;39m &amp#27;[2m[transferer] [       Thread-2]&amp#27;[0;39m &amp#27;[2m&amp#27;[0;39m&amp#27;[36mio.r2dbc.h2.client.SessionClient        &amp#27;[0;39m &amp#27;[2m:&amp#27;[0;39m Request:  CREATE INDEX IF NOT EXISTS idx_payments_status ON payments (status)
&amp#27;[2m2025-08-17T16:47:04.393+01:00&amp#27;[0;39m &amp#27;[32mDEBUG&amp#27;[0;39m &amp#27;[35m26824&amp#27;[0;39m &amp#27;[2m---&amp#27;[0;39m &amp#27;[2m[transferer] [       Thread-2]&amp#27;[0;39m &amp#27;[2m&amp#27;[0;39m&amp#27;[36mo.s.r2dbc.connection.init.ScriptUtils   &amp#27;[0;39m &amp#27;[2m:&amp#27;[0;39m 0 returned as update count for SQL: CREATE INDEX IF NOT EXISTS idx_payments_status ON payments (status)
&amp#27;[2m2025-08-17T16:47:04.393+01:00&amp#27;[0;39m &amp#27;[32mDEBUG&amp#27;[0;39m &amp#27;[35m26824&amp#27;[0;39m &amp#27;[2m---&amp#27;[0;39m &amp#27;[2m[transferer] [       Thread-2]&amp#27;[0;39m &amp#27;[2m&amp#27;[0;39m&amp#27;[36mio.r2dbc.h2.client.SessionClient        &amp#27;[0;39m &amp#27;[2m:&amp#27;[0;39m Request:  CREATE INDEX IF NOT EXISTS idx_payments_current_step ON payments (current_step)
&amp#27;[2m2025-08-17T16:47:04.393+01:00&amp#27;[0;39m &amp#27;[32mDEBUG&amp#27;[0;39m &amp#27;[35m26824&amp#27;[0;39m &amp#27;[2m---&amp#27;[0;39m &amp#27;[2m[transferer] [       Thread-2]&amp#27;[0;39m &amp#27;[2m&amp#27;[0;39m&amp#27;[36mo.s.r2dbc.connection.init.ScriptUtils   &amp#27;[0;39m &amp#27;[2m:&amp#27;[0;39m 0 returned as update count for SQL: CREATE INDEX IF NOT EXISTS idx_payments_current_step ON payments (current_step)
&amp#27;[2m2025-08-17T16:47:04.393+01:00&amp#27;[0;39m &amp#27;[32mDEBUG&amp#27;[0;39m &amp#27;[35m26824&amp#27;[0;39m &amp#27;[2m---&amp#27;[0;39m &amp#27;[2m[transferer] [       Thread-2]&amp#27;[0;39m &amp#27;[2m&amp#27;[0;39m&amp#27;[36mio.r2dbc.h2.client.SessionClient        &amp#27;[0;39m &amp#27;[2m:&amp#27;[0;39m Request:  CREATE INDEX IF NOT EXISTS idx_payments_created_at ON payments (created_at)
&amp#27;[2m2025-08-17T16:47:04.393+01:00&amp#27;[0;39m &amp#27;[32mDEBUG&amp#27;[0;39m &amp#27;[35m26824&amp#27;[0;39m &amp#27;[2m---&amp#27;[0;39m &amp#27;[2m[transferer] [       Thread-2]&amp#27;[0;39m &amp#27;[2m&amp#27;[0;39m&amp#27;[36mo.s.r2dbc.connection.init.ScriptUtils   &amp#27;[0;39m &amp#27;[2m:&amp#27;[0;39m 0 returned as update count for SQL: CREATE INDEX IF NOT EXISTS idx_payments_created_at ON payments (created_at)
&amp#27;[2m2025-08-17T16:47:04.393+01:00&amp#27;[0;39m &amp#27;[32mDEBUG&amp#27;[0;39m &amp#27;[35m26824&amp#27;[0;39m &amp#27;[2m---&amp#27;[0;39m &amp#27;[2m[transferer] [       Thread-2]&amp#27;[0;39m &amp#27;[2m&amp#27;[0;39m&amp#27;[36mio.r2dbc.h2.client.SessionClient        &amp#27;[0;39m &amp#27;[2m:&amp#27;[0;39m Request:  CREATE TABLE IF NOT EXISTS outbox_events ( id BIGINT AUTO_INCREMENT PRIMARY KEY, event_id VARCHAR(255) UNIQUE NOT NULL, event_type VARCHAR(255) NOT NULL, aggregate_id VARCHAR(255) NOT NULL, event_data CLOB NOT NULL, occurred_at TIMESTAMP NOT NULL, processed_at TIMESTAMP NULL, created_at TIMESTAMP NOT NULL DEFAULT CURRENT_TIMESTAMP )
&amp#27;[2m2025-08-17T16:47:04.393+01:00&amp#27;[0;39m &amp#27;[32mDEBUG&amp#27;[0;39m &amp#27;[35m26824&amp#27;[0;39m &amp#27;[2m---&amp#27;[0;39m &amp#27;[2m[transferer] [       Thread-2]&amp#27;[0;39m &amp#27;[2m&amp#27;[0;39m&amp#27;[36mo.s.r2dbc.connection.init.ScriptUtils   &amp#27;[0;39m &amp#27;[2m:&amp#27;[0;39m 0 returned as update count for SQL: CREATE TABLE IF NOT EXISTS outbox_events ( id BIGINT AUTO_INCREMENT PRIMARY KEY, event_id VARCHAR(255) UNIQUE NOT NULL, event_type VARCHAR(255) NOT NULL, aggregate_id VARCHAR(255) NOT NULL, event_data CLOB NOT NULL, occurred_at TIMESTAMP NOT NULL, processed_at TIMESTAMP NULL, created_at TIMESTAMP NOT NULL DEFAULT CURRENT_TIMESTAMP )
&amp#27;[2m2025-08-17T16:47:04.393+01:00&amp#27;[0;39m &amp#27;[32mDEBUG&amp#27;[0;39m &amp#27;[35m26824&amp#27;[0;39m &amp#27;[2m---&amp#27;[0;39m &amp#27;[2m[transferer] [       Thread-2]&amp#27;[0;39m &amp#27;[2m&amp#27;[0;39m&amp#27;[36mio.r2dbc.h2.client.SessionClient        &amp#27;[0;39m &amp#27;[2m:&amp#27;[0;39m Request:  CREATE INDEX IF NOT EXISTS idx_outbox_events_processed_at ON outbox_events (processed_at)
&amp#27;[2m2025-08-17T16:47:04.393+01:00&amp#27;[0;39m &amp#27;[32mDEBUG&amp#27;[0;39m &amp#27;[35m26824&amp#27;[0;39m &amp#27;[2m---&amp#27;[0;39m &amp#27;[2m[transferer] [       Thread-2]&amp#27;[0;39m &amp#27;[2m&amp#27;[0;39m&amp#27;[36mo.s.r2dbc.connection.init.ScriptUtils   &amp#27;[0;39m &amp#27;[2m:&amp#27;[0;39m 0 returned as update count for SQL: CREATE INDEX IF NOT EXISTS idx_outbox_events_processed_at ON outbox_events (processed_at)
&amp#27;[2m2025-08-17T16:47:04.393+01:00&amp#27;[0;39m &amp#27;[32mDEBUG&amp#27;[0;39m &amp#27;[35m26824&amp#27;[0;39m &amp#27;[2m---&amp#27;[0;39m &amp#27;[2m[transferer] [       Thread-2]&amp#27;[0;39m &amp#27;[2m&amp#27;[0;39m&amp#27;[36mio.r2dbc.h2.client.SessionClient        &amp#27;[0;39m &amp#27;[2m:&amp#27;[0;39m Request:  CREATE INDEX IF NOT EXISTS idx_outbox_events_event_type ON outbox_events (event_type)
&amp#27;[2m2025-08-17T16:47:04.393+01:00&amp#27;[0;39m &amp#27;[32mDEBUG&amp#27;[0;39m &amp#27;[35m26824&amp#27;[0;39m &amp#27;[2m---&amp#27;[0;39m &amp#27;[2m[transferer] [       Thread-2]&amp#27;[0;39m &amp#27;[2m&amp#27;[0;39m&amp#27;[36mo.s.r2dbc.connection.init.ScriptUtils   &amp#27;[0;39m &amp#27;[2m:&amp#27;[0;39m 0 returned as update count for SQL: CREATE INDEX IF NOT EXISTS idx_outbox_events_event_type ON outbox_events (event_type)
&amp#27;[2m2025-08-17T16:47:04.393+01:00&amp#27;[0;39m &amp#27;[32mDEBUG&amp#27;[0;39m &amp#27;[35m26824&amp#27;[0;39m &amp#27;[2m---&amp#27;[0;39m &amp#27;[2m[transferer] [       Thread-2]&amp#27;[0;39m &amp#27;[2m&amp#27;[0;39m&amp#27;[36mio.r2dbc.h2.client.SessionClient        &amp#27;[0;39m &amp#27;[2m:&amp#27;[0;39m Request:  CREATE INDEX IF NOT EXISTS idx_outbox_events_occurred_at ON outbox_events (occurred_at)
&amp#27;[2m2025-08-17T16:47:04.393+01:00&amp#27;[0;39m &amp#27;[32mDEBUG&amp#27;[0;39m &amp#27;[35m26824&amp#27;[0;39m &amp#27;[2m---&amp#27;[0;39m &amp#27;[2m[transferer] [       Thread-2]&amp#27;[0;39m &amp#27;[2m&amp#27;[0;39m&amp#27;[36mo.s.r2dbc.connection.init.ScriptUtils   &amp#27;[0;39m &amp#27;[2m:&amp#27;[0;39m 0 returned as update count for SQL: CREATE INDEX IF NOT EXISTS idx_outbox_events_occurred_at ON outbox_events (occurred_at)
&amp#27;[2m2025-08-17T16:47:04.393+01:00&amp#27;[0;39m &amp#27;[32mDEBUG&amp#27;[0;39m &amp#27;[35m26824&amp#27;[0;39m &amp#27;[2m---&amp#27;[0;39m &amp#27;[2m[transferer] [       Thread-2]&amp#27;[0;39m &amp#27;[2m&amp#27;[0;39m&amp#27;[36mo.s.r2dbc.connection.init.ScriptUtils   &amp#27;[0;39m &amp#27;[2m:&amp#27;[0;39m Executed SQL script from class path resource [test-schema.sql] in 2 ms.
&amp#27;[2m2025-08-17T16:47:04.393+01:00&amp#27;[0;39m &amp#27;[32mDEBUG&amp#27;[0;39m &amp#27;[35m26824&amp#27;[0;39m &amp#27;[2m---&amp#27;[0;39m &amp#27;[2m[transferer] [       Thread-2]&amp#27;[0;39m &amp#27;[2m&amp#27;[0;39m&amp#27;[36mio.r2dbc.h2.client.SessionClient        &amp#27;[0;39m &amp#27;[2m:&amp#27;[0;39m Request:  SELECT CURRENT_TIMESTAMP
&amp#27;[2m2025-08-17T16:47:04.393+01:00&amp#27;[0;39m &amp#27;[32mDEBUG&amp#27;[0;39m &amp#27;[35m26824&amp#27;[0;39m &amp#27;[2m---&amp#27;[0;39m &amp#27;[2m[transferer] [       Thread-2]&amp#27;[0;39m &amp#27;[2m&amp#27;[0;39m&amp#27;[36mio.r2dbc.h2.client.SessionClient        &amp#27;[0;39m &amp#27;[2m:&amp#27;[0;39m Response: org.h2.result.LocalResult@5ec0e0e5 columns: 1 rows: 1 pos: -1
&amp#27;[2m2025-08-17T16:47:04.395+01:00&amp#27;[0;39m &amp#27;[32m INFO&amp#27;[0;39m &amp#27;[35m26824&amp#27;[0;39m &amp#27;[2m---&amp#27;[0;39m &amp#27;[2m[transferer] [           main]&amp#27;[0;39m &amp#27;[2m&amp#27;[0;39m&amp#27;[36mc.t.p.PaymentSagaDbIntegrationTest      &amp#27;[0;39m &amp#27;[2m:&amp#27;[0;39m Started PaymentSagaDbIntegrationTest in 0.051 seconds (process running for 3.231)
&amp#27;[2m2025-08-17T16:47:04.396+01:00&amp#27;[0;39m &amp#27;[32mDEBUG&amp#27;[0;39m &amp#27;[35m26824&amp#27;[0;39m &amp#27;[2m---&amp#27;[0;39m &amp#27;[2m[transferer] [           main]&amp#27;[0;39m &amp#27;[2m&amp#27;[0;39m&amp#27;[36mo.s.r.c.R2dbcTransactionManager         &amp#27;[0;39m &amp#27;[2m:&amp#27;[0;39m Creating new transaction with name [com.transferer.account.application.AccountService.openAccount]: PROPAGATION_REQUIRED,ISOLATION_DEFAULT
&amp#27;[2m2025-08-17T16:47:04.396+01:00&amp#27;[0;39m &amp#27;[32mDEBUG&amp#27;[0;39m &amp#27;[35m26824&amp#27;[0;39m &amp#27;[2m---&amp#27;[0;39m &amp#27;[2m[transferer] [           main]&amp#27;[0;39m &amp#27;[2m&amp#27;[0;39m&amp#27;[36mio.r2dbc.h2.client.SessionClient        &amp#27;[0;39m &amp#27;[2m:&amp#27;[0;39m Request:  SELECT 1
&amp#27;[2m2025-08-17T16:47:04.396+01:00&amp#27;[0;39m &amp#27;[32mDEBUG&amp#27;[0;39m &amp#27;[35m26824&amp#27;[0;39m &amp#27;[2m---&amp#27;[0;39m &amp#27;[2m[transferer] [           main]&amp#27;[0;39m &amp#27;[2m&amp#27;[0;39m&amp#27;[36mio.r2dbc.h2.client.SessionClient        &amp#27;[0;39m &amp#27;[2m:&amp#27;[0;39m Response: org.h2.result.LocalResult@446dacf9 columns: 1 rows: 1 pos: -1
&amp#27;[2m2025-08-17T16:47:04.396+01:00&amp#27;[0;39m &amp#27;[32mDEBUG&amp#27;[0;39m &amp#27;[35m26824&amp#27;[0;39m &amp#27;[2m---&amp#27;[0;39m &amp#27;[2m[transferer] [           main]&amp#27;[0;39m &amp#27;[2m&amp#27;[0;39m&amp#27;[36mo.s.r.c.R2dbcTransactionManager         &amp#27;[0;39m &amp#27;[2m:&amp#27;[0;39m Acquired Connection [PooledConnection[io.r2dbc.h2.H2Connection@13018f00]] for R2DBC transaction
&amp#27;[2m2025-08-17T16:47:04.396+01:00&amp#27;[0;39m &amp#27;[32mDEBUG&amp#27;[0;39m &amp#27;[35m26824&amp#27;[0;39m &amp#27;[2m---&amp#27;[0;39m &amp#27;[2m[transferer] [           main]&amp#27;[0;39m &amp#27;[2m&amp#27;[0;39m&amp#27;[36mo.s.r.c.R2dbcTransactionManager         &amp#27;[0;39m &amp#27;[2m:&amp#27;[0;39m Starting R2DBC transaction on Connection [PooledConnection[io.r2dbc.h2.H2Connection@13018f00]] using [ExtendedTransactionDefinition [transactionName='com.transferer.account.application.AccountService.openAccount', readOnly=false, isolationLevel=null, lockWaitTimeout=PT0S]]
&amp#27;[2m2025-08-17T16:47:04.396+01:00&amp#27;[0;39m &amp#27;[33m WARN&amp#27;[0;39m &amp#27;[35m26824&amp#27;[0;39m &amp#27;[2m---&amp#27;[0;39m &amp#27;[2m[transferer] [           main]&amp#27;[0;39m &amp#27;[2m&amp#27;[0;39m&amp#27;[36mio.r2dbc.h2.H2Connection                &amp#27;[0;39m &amp#27;[2m:&amp#27;[0;39m Option{name='readOnly', sensitive=false} + isn't supported in H2 at the transaction level. You must set it on conenction URL. See http://www.h2database.com/html/features.html#read_only
&amp#27;[2m2025-08-17T16:47:04.397+01:00&amp#27;[0;39m &amp#27;[32mDEBUG&amp#27;[0;39m &amp#27;[35m26824&amp#27;[0;39m &amp#27;[2m---&amp#27;[0;39m &amp#27;[2m[transferer] [           main]&amp#27;[0;39m &amp#27;[2m&amp#27;[0;39m&amp#27;[36mo.s.r2dbc.core.DefaultDatabaseClient    &amp#27;[0;39m &amp#27;[2m:&amp#27;[0;39m Executing SQL statement [SELECT accounts.ID FROM accounts WHERE accounts.account_number = $1 LIMIT 1]
&amp#27;[2m2025-08-17T16:47:04.397+01:00&amp#27;[0;39m &amp#27;[32mDEBUG&amp#27;[0;39m &amp#27;[35m26824&amp#27;[0;39m &amp#27;[2m---&amp#27;[0;39m &amp#27;[2m[transferer] [           main]&amp#27;[0;39m &amp#27;[2m&amp#27;[0;39m&amp#27;[36mio.r2dbc.h2.client.SessionClient        &amp#27;[0;39m &amp#27;[2m:&amp#27;[0;39m Request:  SELECT accounts.ID FROM accounts WHERE accounts.account_number = $1 LIMIT 1 {1: '0096597118'}
&amp#27;[2m2025-08-17T16:47:04.397+01:00&amp#27;[0;39m &amp#27;[32mDEBUG&amp#27;[0;39m &amp#27;[35m26824&amp#27;[0;39m &amp#27;[2m---&amp#27;[0;39m &amp#27;[2m[transferer] [           main]&amp#27;[0;39m &amp#27;[2m&amp#27;[0;39m&amp#27;[36mio.r2dbc.h2.client.SessionClient        &amp#27;[0;39m &amp#27;[2m:&amp#27;[0;39m Response: org.h2.result.LocalResult@2e1e7bc6 columns: 1 rows: 0 pos: -1
&amp#27;[2m2025-08-17T16:47:04.397+01:00&amp#27;[0;39m &amp#27;[32mDEBUG&amp#27;[0;39m &amp#27;[35m26824&amp#27;[0;39m &amp#27;[2m---&amp#27;[0;39m &amp#27;[2m[transferer] [           main]&amp#27;[0;39m &amp#27;[2m&amp#27;[0;39m&amp#27;[36mo.s.r.c.R2dbcTransactionManager         &amp#27;[0;39m &amp#27;[2m:&amp#27;[0;39m Participating in existing transaction
&amp#27;[2m2025-08-17T16:47:04.398+01:00&amp#27;[0;39m &amp#27;[32mDEBUG&amp#27;[0;39m &amp#27;[35m26824&amp#27;[0;39m &amp#27;[2m---&amp#27;[0;39m &amp#27;[2m[transferer] [           main]&amp#27;[0;39m &amp#27;[2m&amp#27;[0;39m&amp#27;[36mo.s.r2dbc.core.DefaultDatabaseClient    &amp#27;[0;39m &amp#27;[2m:&amp#27;[0;39m Executing SQL statement [INSERT INTO accounts (ID, account_number, holder_name, balance, status, created_at, updated_at) VALUES ($1, $2, $3, $4, $5, $6, $7)]
&amp#27;[2m2025-08-17T16:47:04.398+01:00&amp#27;[0;39m &amp#27;[32mDEBUG&amp#27;[0;39m &amp#27;[35m26824&amp#27;[0;39m &amp#27;[2m---&amp#27;[0;39m &amp#27;[2m[transferer] [           main]&amp#27;[0;39m &amp#27;[2m&amp#27;[0;39m&amp#27;[36mio.r2dbc.h2.client.SessionClient        &amp#27;[0;39m &amp#27;[2m:&amp#27;[0;39m Request:  INSERT INTO accounts (ID, account_number, holder_name, balance, status, created_at, updated_at) VALUES ($1, $2, $3, $4, $5, $6, $7) {1: '87020f20-b937-4009-9270-c455d2e15762', 2: '0096597118', 3: 'John Doe', 4: 1000.00, 5: 'ACTIVE', 6: TIMESTAMP '2025-08-17 16:47:04.39736', 7: TIMESTAMP '2025-08-17 16:47:04.397361'}
&amp#27;[2m2025-08-17T16:47:04.398+01:00&amp#27;[0;39m &amp#27;[32mDEBUG&amp#27;[0;39m &amp#27;[35m26824&amp#27;[0;39m &amp#27;[2m---&amp#27;[0;39m &amp#27;[2m[transferer] [           main]&amp#27;[0;39m &amp#27;[2m&amp#27;[0;39m&amp#27;[36mo.s.r.c.R2dbcTransactionManager         &amp#27;[0;39m &amp#27;[2m:&amp#27;[0;39m Participating in existing transaction
&amp#27;[2m2025-08-17T16:47:04.400+01:00&amp#27;[0;39m &amp#27;[32mDEBUG&amp#27;[0;39m &amp#27;[35m26824&amp#27;[0;39m &amp#27;[2m---&amp#27;[0;39m &amp#27;[2m[transferer] [           main]&amp#27;[0;39m &amp#27;[2m&amp#27;[0;39m&amp#27;[36mo.s.r2dbc.core.DefaultDatabaseClient    &amp#27;[0;39m &amp#27;[2m:&amp#27;[0;39m Executing SQL statement [INSERT INTO outbox_events (event_id, event_type, aggregate_id, event_data, occurred_at, created_at) VALUES ($1, $2, $3, $4, $5, $6)]
&amp#27;[2m2025-08-17T16:47:04.400+01:00&amp#27;[0;39m &amp#27;[32mDEBUG&amp#27;[0;39m &amp#27;[35m26824&amp#27;[0;39m &amp#27;[2m---&amp#27;[0;39m &amp#27;[2m[transferer] [           main]&amp#27;[0;39m &amp#27;[2m&amp#27;[0;39m&amp#27;[36mio.r2dbc.h2.client.SessionClient        &amp#27;[0;39m &amp#27;[2m:&amp#27;[0;39m Request:  INSERT INTO outbox_events (event_id, event_type, aggregate_id, event_data, occurred_at, created_at) VALUES ($1, $2, $3, $4, $5, $6) {1: '5b765f51-cb0b-4747-9943-5bc006748596', 2: 'ACCOUNT_OPENED', 3: '87020f20-b937-4009-9270-c455d2e15762', 4: '{"@class":"com.transferer.account.domain.events.body.AccountOpenedEventBody","accountId":{"value":"87020f20-b937-4009-9270-c455d2e15762"},"accountNumber":"0096597118","holderName":"John Doe","initialBalance":1000.00}', 5: TIMESTAMP WITH TIME ZONE '2025-08-17 15:47:04.397379+00', 6: TIMESTAMP WITH TIME ZONE '2025-08-17 15:47:04.399564+00'}
&amp#27;[2m2025-08-17T16:47:04.400+01:00&amp#27;[0;39m &amp#27;[32mDEBUG&amp#27;[0;39m &amp#27;[35m26824&amp#27;[0;39m &amp#27;[2m---&amp#27;[0;39m &amp#27;[2m[transferer] [           main]&amp#27;[0;39m &amp#27;[2m&amp#27;[0;39m&amp#27;[36mo.s.r.c.R2dbcTransactionManager         &amp#27;[0;39m &amp#27;[2m:&amp#27;[0;39m Initiating transaction commit
&amp#27;[2m2025-08-17T16:47:04.400+01:00&amp#27;[0;39m &amp#27;[32mDEBUG&amp#27;[0;39m &amp#27;[35m26824&amp#27;[0;39m &amp#27;[2m---&amp#27;[0;39m &amp#27;[2m[transferer] [           main]&amp#27;[0;39m &amp#27;[2m&amp#27;[0;39m&amp#27;[36mo.s.r.c.R2dbcTransactionManager         &amp#27;[0;39m &amp#27;[2m:&amp#27;[0;39m Committing R2DBC transaction on Connection [PooledConnection[io.r2dbc.h2.H2Connection@13018f00]]
&amp#27;[2m2025-08-17T16:47:04.400+01:00&amp#27;[0;39m &amp#27;[32mDEBUG&amp#27;[0;39m &amp#27;[35m26824&amp#27;[0;39m &amp#27;[2m---&amp#27;[0;39m &amp#27;[2m[transferer] [           main]&amp#27;[0;39m &amp#27;[2m&amp#27;[0;39m&amp#27;[36mio.r2dbc.h2.client.SessionClient        &amp#27;[0;39m &amp#27;[2m:&amp#27;[0;39m Request:  COMMIT
&amp#27;[2m2025-08-17T16:47:04.400+01:00&amp#27;[0;39m &amp#27;[32mDEBUG&amp#27;[0;39m &amp#27;[35m26824&amp#27;[0;39m &amp#27;[2m---&amp#27;[0;39m &amp#27;[2m[transferer] [           main]&amp#27;[0;39m &amp#27;[2m&amp#27;[0;39m&amp#27;[36mo.s.r.c.R2dbcTransactionManager         &amp#27;[0;39m &amp#27;[2m:&amp#27;[0;39m Releasing R2DBC Connection [PooledConnection[io.r2dbc.h2.H2Connection@13018f00]] after transaction
&amp#27;[2m2025-08-17T16:47:04.401+01:00&amp#27;[0;39m &amp#27;[32mDEBUG&amp#27;[0;39m &amp#27;[35m26824&amp#27;[0;39m &amp#27;[2m---&amp#27;[0;39m &amp#27;[2m[transferer] [           main]&amp#27;[0;39m &amp#27;[2m&amp#27;[0;39m&amp#27;[36mio.r2dbc.h2.client.SessionClient        &amp#27;[0;39m &amp#27;[2m:&amp#27;[0;39m Request:  SELECT CURRENT_TIMESTAMP
&amp#27;[2m2025-08-17T16:47:04.401+01:00&amp#27;[0;39m &amp#27;[32mDEBUG&amp#27;[0;39m &amp#27;[35m26824&amp#27;[0;39m &amp#27;[2m---&amp#27;[0;39m &amp#27;[2m[transferer] [           main]&amp#27;[0;39m &amp#27;[2m&amp#27;[0;39m&amp#27;[36mio.r2dbc.h2.client.SessionClient        &amp#27;[0;39m &amp#27;[2m:&amp#27;[0;39m Response: org.h2.result.LocalResult@50caeb4b columns: 1 rows: 1 pos: -1
&amp#27;[2m2025-08-17T16:47:04.401+01:00&amp#27;[0;39m &amp#27;[32mDEBUG&amp#27;[0;39m &amp#27;[35m26824&amp#27;[0;39m &amp#27;[2m---&amp#27;[0;39m &amp#27;[2m[transferer] [           main]&amp#27;[0;39m &amp#27;[2m&amp#27;[0;39m&amp#27;[36mo.s.r.c.R2dbcTransactionManager         &amp#27;[0;39m &amp#27;[2m:&amp#27;[0;39m Creating new transaction with name [com.transferer.account.application.AccountService.openAccount]: PROPAGATION_REQUIRED,ISOLATION_DEFAULT
&amp#27;[2m2025-08-17T16:47:04.401+01:00&amp#27;[0;39m &amp#27;[32mDEBUG&amp#27;[0;39m &amp#27;[35m26824&amp#27;[0;39m &amp#27;[2m---&amp#27;[0;39m &amp#27;[2m[transferer] [           main]&amp#27;[0;39m &amp#27;[2m&amp#27;[0;39m&amp#27;[36mio.r2dbc.h2.client.SessionClient        &amp#27;[0;39m &amp#27;[2m:&amp#27;[0;39m Request:  SELECT 1
&amp#27;[2m2025-08-17T16:47:04.401+01:00&amp#27;[0;39m &amp#27;[32mDEBUG&amp#27;[0;39m &amp#27;[35m26824&amp#27;[0;39m &amp#27;[2m---&amp#27;[0;39m &amp#27;[2m[transferer] [           main]&amp#27;[0;39m &amp#27;[2m&amp#27;[0;39m&amp#27;[36mio.r2dbc.h2.client.SessionClient        &amp#27;[0;39m &amp#27;[2m:&amp#27;[0;39m Response: org.h2.result.LocalResult@6fafbdac columns: 1 rows: 1 pos: -1
&amp#27;[2m2025-08-17T16:47:04.401+01:00&amp#27;[0;39m &amp#27;[32mDEBUG&amp#27;[0;39m &amp#27;[35m26824&amp#27;[0;39m &amp#27;[2m---&amp#27;[0;39m &amp#27;[2m[transferer] [           main]&amp#27;[0;39m &amp#27;[2m&amp#27;[0;39m&amp#27;[36mo.s.r.c.R2dbcTransactionManager         &amp#27;[0;39m &amp#27;[2m:&amp#27;[0;39m Acquired Connection [PooledConnection[io.r2dbc.h2.H2Connection@13018f00]] for R2DBC transaction
&amp#27;[2m2025-08-17T16:47:04.401+01:00&amp#27;[0;39m &amp#27;[32mDEBUG&amp#27;[0;39m &amp#27;[35m26824&amp#27;[0;39m &amp#27;[2m---&amp#27;[0;39m &amp#27;[2m[transferer] [           main]&amp#27;[0;39m &amp#27;[2m&amp#27;[0;39m&amp#27;[36mo.s.r.c.R2dbcTransactionManager         &amp#27;[0;39m &amp#27;[2m:&amp#27;[0;39m Starting R2DBC transaction on Connection [PooledConnection[io.r2dbc.h2.H2Connection@13018f00]] using [ExtendedTransactionDefinition [transactionName='com.transferer.account.application.AccountService.openAccount', readOnly=false, isolationLevel=null, lockWaitTimeout=PT0S]]
&amp#27;[2m2025-08-17T16:47:04.401+01:00&amp#27;[0;39m &amp#27;[33m WARN&amp#27;[0;39m &amp#27;[35m26824&amp#27;[0;39m &amp#27;[2m---&amp#27;[0;39m &amp#27;[2m[transferer] [           main]&amp#27;[0;39m &amp#27;[2m&amp#27;[0;39m&amp#27;[36mio.r2dbc.h2.H2Connection                &amp#27;[0;39m &amp#27;[2m:&amp#27;[0;39m Option{name='readOnly', sensitive=false} + isn't supported in H2 at the transaction level. You must set it on conenction URL. See http://www.h2database.com/html/features.html#read_only
&amp#27;[2m2025-08-17T16:47:04.401+01:00&amp#27;[0;39m &amp#27;[32mDEBUG&amp#27;[0;39m &amp#27;[35m26824&amp#27;[0;39m &amp#27;[2m---&amp#27;[0;39m &amp#27;[2m[transferer] [           main]&amp#27;[0;39m &amp#27;[2m&amp#27;[0;39m&amp#27;[36mo.s.r2dbc.core.DefaultDatabaseClient    &amp#27;[0;39m &amp#27;[2m:&amp#27;[0;39m Executing SQL statement [SELECT accounts.ID FROM accounts WHERE accounts.account_number = $1 LIMIT 1]
&amp#27;[2m2025-08-17T16:47:04.401+01:00&amp#27;[0;39m &amp#27;[32mDEBUG&amp#27;[0;39m &amp#27;[35m26824&amp#27;[0;39m &amp#27;[2m---&amp#27;[0;39m &amp#27;[2m[transferer] [           main]&amp#27;[0;39m &amp#27;[2m&amp#27;[0;39m&amp#27;[36mio.r2dbc.h2.client.SessionClient        &amp#27;[0;39m &amp#27;[2m:&amp#27;[0;39m Request:  SELECT accounts.ID FROM accounts WHERE accounts.account_number = $1 LIMIT 1 {1: '0578316208'}
&amp#27;[2m2025-08-17T16:47:04.401+01:00&amp#27;[0;39m &amp#27;[32mDEBUG&amp#27;[0;39m &amp#27;[35m26824&amp#27;[0;39m &amp#27;[2m---&amp#27;[0;39m &amp#27;[2m[transferer] [           main]&amp#27;[0;39m &amp#27;[2m&amp#27;[0;39m&amp#27;[36mio.r2dbc.h2.client.SessionClient        &amp#27;[0;39m &amp#27;[2m:&amp#27;[0;39m Response: org.h2.result.LocalResult@d271d6c columns: 1 rows: 0 pos: -1
&amp#27;[2m2025-08-17T16:47:04.401+01:00&amp#27;[0;39m &amp#27;[32mDEBUG&amp#27;[0;39m &amp#27;[35m26824&amp#27;[0;39m &amp#27;[2m---&amp#27;[0;39m &amp#27;[2m[transferer] [           main]&amp#27;[0;39m &amp#27;[2m&amp#27;[0;39m&amp#27;[36mo.s.r.c.R2dbcTransactionManager         &amp#27;[0;39m &amp#27;[2m:&amp#27;[0;39m Participating in existing transaction
&amp#27;[2m2025-08-17T16:47:04.401+01:00&amp#27;[0;39m &amp#27;[32mDEBUG&amp#27;[0;39m &amp#27;[35m26824&amp#27;[0;39m &amp#27;[2m---&amp#27;[0;39m &amp#27;[2m[transferer] [           main]&amp#27;[0;39m &amp#27;[2m&amp#27;[0;39m&amp#27;[36mo.s.r2dbc.core.DefaultDatabaseClient    &amp#27;[0;39m &amp#27;[2m:&amp#27;[0;39m Executing SQL statement [INSERT INTO accounts (ID, account_number, holder_name, balance, status, created_at, updated_at) VALUES ($1, $2, $3, $4, $5, $6, $7)]
&amp#27;[2m2025-08-17T16:47:04.401+01:00&amp#27;[0;39m &amp#27;[32mDEBUG&amp#27;[0;39m &amp#27;[35m26824&amp#27;[0;39m &amp#27;[2m---&amp#27;[0;39m &amp#27;[2m[transferer] [           main]&amp#27;[0;39m &amp#27;[2m&amp#27;[0;39m&amp#27;[36mio.r2dbc.h2.client.SessionClient        &amp#27;[0;39m &amp#27;[2m:&amp#27;[0;39m Request:  INSERT INTO accounts (ID, account_number, holder_name, balance, status, created_at, updated_at) VALUES ($1, $2, $3, $4, $5, $6, $7) {1: '9fb55058-17ee-47c8-bdef-cec8ba3938e2', 2: '0578316208', 3: 'Jane Smith', 4: 500.00, 5: 'ACTIVE', 6: TIMESTAMP '2025-08-17 16:47:04.401684', 7: TIMESTAMP '2025-08-17 16:47:04.401685'}
&amp#27;[2m2025-08-17T16:47:04.402+01:00&amp#27;[0;39m &amp#27;[32mDEBUG&amp#27;[0;39m &amp#27;[35m26824&amp#27;[0;39m &amp#27;[2m---&amp#27;[0;39m &amp#27;[2m[transferer] [           main]&amp#27;[0;39m &amp#27;[2m&amp#27;[0;39m&amp#27;[36mo.s.r.c.R2dbcTransactionManager         &amp#27;[0;39m &amp#27;[2m:&amp#27;[0;39m Participating in existing transaction
&amp#27;[2m2025-08-17T16:47:04.402+01:00&amp#27;[0;39m &amp#27;[32mDEBUG&amp#27;[0;39m &amp#27;[35m26824&amp#27;[0;39m &amp#27;[2m---&amp#27;[0;39m &amp#27;[2m[transferer] [           main]&amp#27;[0;39m &amp#27;[2m&amp#27;[0;39m&amp#27;[36mo.s.r2dbc.core.DefaultDatabaseClient    &amp#27;[0;39m &amp#27;[2m:&amp#27;[0;39m Executing SQL statement [INSERT INTO outbox_events (event_id, event_type, aggregate_id, event_data, occurred_at, created_at) VALUES ($1, $2, $3, $4, $5, $6)]
&amp#27;[2m2025-08-17T16:47:04.402+01:00&amp#27;[0;39m &amp#27;[32mDEBUG&amp#27;[0;39m &amp#27;[35m26824&amp#27;[0;39m &amp#27;[2m---&amp#27;[0;39m &amp#27;[2m[transferer] [           main]&amp#27;[0;39m &amp#27;[2m&amp#27;[0;39m&amp#27;[36mio.r2dbc.h2.client.SessionClient        &amp#27;[0;39m &amp#27;[2m:&amp#27;[0;39m Request:  INSERT INTO outbox_events (event_id, event_type, aggregate_id, event_data, occurred_at, created_at) VALUES ($1, $2, $3, $4, $5, $6) {1: '4f6aabed-f83f-4a51-a2ad-8617d4d1ce7e', 2: 'ACCOUNT_OPENED', 3: '9fb55058-17ee-47c8-bdef-cec8ba3938e2', 4: '{"@class":"com.transferer.account.domain.events.body.AccountOpenedEventBody","accountId":{"value":"9fb55058-17ee-47c8-bdef-cec8ba3938e2"},"accountNumber":"0578316208","holderName":"Jane Smith","initialBalance":500.00}', 5: TIMESTAMP WITH TIME ZONE '2025-08-17 15:47:04.401698+00', 6: TIMESTAMP WITH TIME ZONE '2025-08-17 15:47:04.402128+00'}
&amp#27;[2m2025-08-17T16:47:04.402+01:00&amp#27;[0;39m &amp#27;[32mDEBUG&amp#27;[0;39m &amp#27;[35m26824&amp#27;[0;39m &amp#27;[2m---&amp#27;[0;39m &amp#27;[2m[transferer] [           main]&amp#27;[0;39m &amp#27;[2m&amp#27;[0;39m&amp#27;[36mo.s.r.c.R2dbcTransactionManager         &amp#27;[0;39m &amp#27;[2m:&amp#27;[0;39m Initiating transaction commit
&amp#27;[2m2025-08-17T16:47:04.402+01:00&amp#27;[0;39m &amp#27;[32mDEBUG&amp#27;[0;39m &amp#27;[35m26824&amp#27;[0;39m &amp#27;[2m---&amp#27;[0;39m &amp#27;[2m[transferer] [           main]&amp#27;[0;39m &amp#27;[2m&amp#27;[0;39m&amp#27;[36mo.s.r.c.R2dbcTransactionManager         &amp#27;[0;39m &amp#27;[2m:&amp#27;[0;39m Committing R2DBC transaction on Connection [PooledConnection[io.r2dbc.h2.H2Connection@13018f00]]
&amp#27;[2m2025-08-17T16:47:04.402+01:00&amp#27;[0;39m &amp#27;[32mDEBUG&amp#27;[0;39m &amp#27;[35m26824&amp#27;[0;39m &amp#27;[2m---&amp#27;[0;39m &amp#27;[2m[transferer] [           main]&amp#27;[0;39m &amp#27;[2m&amp#27;[0;39m&amp#27;[36mio.r2dbc.h2.client.SessionClient        &amp#27;[0;39m &amp#27;[2m:&amp#27;[0;39m Request:  COMMIT
&amp#27;[2m2025-08-17T16:47:04.402+01:00&amp#27;[0;39m &amp#27;[32mDEBUG&amp#27;[0;39m &amp#27;[35m26824&amp#27;[0;39m &amp#27;[2m---&amp#27;[0;39m &amp#27;[2m[transferer] [           main]&amp#27;[0;39m &amp#27;[2m&amp#27;[0;39m&amp#27;[36mo.s.r.c.R2dbcTransactionManager         &amp#27;[0;39m &amp#27;[2m:&amp#27;[0;39m Releasing R2DBC Connection [PooledConnection[io.r2dbc.h2.H2Connection@13018f00]] after transaction
&amp#27;[2m2025-08-17T16:47:04.402+01:00&amp#27;[0;39m &amp#27;[32mDEBUG&amp#27;[0;39m &amp#27;[35m26824&amp#27;[0;39m &amp#27;[2m---&amp#27;[0;39m &amp#27;[2m[transferer] [           main]&amp#27;[0;39m &amp#27;[2m&amp#27;[0;39m&amp#27;[36mio.r2dbc.h2.client.SessionClient        &amp#27;[0;39m &amp#27;[2m:&amp#27;[0;39m Request:  SELECT CURRENT_TIMESTAMP
&amp#27;[2m2025-08-17T16:47:04.402+01:00&amp#27;[0;39m &amp#27;[32mDEBUG&amp#27;[0;39m &amp#27;[35m26824&amp#27;[0;39m &amp#27;[2m---&amp#27;[0;39m &amp#27;[2m[transferer] [           main]&amp#27;[0;39m &amp#27;[2m&amp#27;[0;39m&amp#27;[36mio.r2dbc.h2.client.SessionClient        &amp#27;[0;39m &amp#27;[2m:&amp#27;[0;39m Response: org.h2.result.LocalResult@161c9468 columns: 1 rows: 1 pos: -1
&amp#27;[2m2025-08-17T16:47:04.402+01:00&amp#27;[0;39m &amp#27;[32mDEBUG&amp#27;[0;39m &amp#27;[35m26824&amp#27;[0;39m &amp#27;[2m---&amp#27;[0;39m &amp#27;[2m[transferer] [           main]&amp#27;[0;39m &amp#27;[2m&amp#27;[0;39m&amp#27;[36mo.s.r.c.R2dbcTransactionManager         &amp#27;[0;39m &amp#27;[2m:&amp#27;[0;39m Creating new transaction with name [com.transferer.account.application.AccountService.openAccount]: PROPAGATION_REQUIRED,ISOLATION_DEFAULT
&amp#27;[2m2025-08-17T16:47:04.402+01:00&amp#27;[0;39m &amp#27;[32mDEBUG&amp#27;[0;39m &amp#27;[35m26824&amp#27;[0;39m &amp#27;[2m---&amp#27;[0;39m &amp#27;[2m[transferer] [           main]&amp#27;[0;39m &amp#27;[2m&amp#27;[0;39m&amp#27;[36mio.r2dbc.h2.client.SessionClient        &amp#27;[0;39m &amp#27;[2m:&amp#27;[0;39m Request:  SELECT 1
&amp#27;[2m2025-08-17T16:47:04.402+01:00&amp#27;[0;39m &amp#27;[32mDEBUG&amp#27;[0;39m &amp#27;[35m26824&amp#27;[0;39m &amp#27;[2m---&amp#27;[0;39m &amp#27;[2m[transferer] [           main]&amp#27;[0;39m &amp#27;[2m&amp#27;[0;39m&amp#27;[36mio.r2dbc.h2.client.SessionClient        &amp#27;[0;39m &amp#27;[2m:&amp#27;[0;39m Response: org.h2.result.LocalResult@629de8 columns: 1 rows: 1 pos: -1
&amp#27;[2m2025-08-17T16:47:04.402+01:00&amp#27;[0;39m &amp#27;[32mDEBUG&amp#27;[0;39m &amp#27;[35m26824&amp#27;[0;39m &amp#27;[2m---&amp#27;[0;39m &amp#27;[2m[transferer] [           main]&amp#27;[0;39m &amp#27;[2m&amp#27;[0;39m&amp#27;[36mo.s.r.c.R2dbcTransactionManager         &amp#27;[0;39m &amp#27;[2m:&amp#27;[0;39m Acquired Connection [PooledConnection[io.r2dbc.h2.H2Connection@13018f00]] for R2DBC transaction
&amp#27;[2m2025-08-17T16:47:04.402+01:00&amp#27;[0;39m &amp#27;[32mDEBUG&amp#27;[0;39m &amp#27;[35m26824&amp#27;[0;39m &amp#27;[2m---&amp#27;[0;39m &amp#27;[2m[transferer] [           main]&amp#27;[0;39m &amp#27;[2m&amp#27;[0;39m&amp#27;[36mo.s.r.c.R2dbcTransactionManager         &amp#27;[0;39m &amp#27;[2m:&amp#27;[0;39m Starting R2DBC transaction on Connection [PooledConnection[io.r2dbc.h2.H2Connection@13018f00]] using [ExtendedTransactionDefinition [transactionName='com.transferer.account.application.AccountService.openAccount', readOnly=false, isolationLevel=null, lockWaitTimeout=PT0S]]
&amp#27;[2m2025-08-17T16:47:04.402+01:00&amp#27;[0;39m &amp#27;[33m WARN&amp#27;[0;39m &amp#27;[35m26824&amp#27;[0;39m &amp#27;[2m---&amp#27;[0;39m &amp#27;[2m[transferer] [           main]&amp#27;[0;39m &amp#27;[2m&amp#27;[0;39m&amp#27;[36mio.r2dbc.h2.H2Connection                &amp#27;[0;39m &amp#27;[2m:&amp#27;[0;39m Option{name='readOnly', sensitive=false} + isn't supported in H2 at the transaction level. You must set it on conenction URL. See http://www.h2database.com/html/features.html#read_only
&amp#27;[2m2025-08-17T16:47:04.403+01:00&amp#27;[0;39m &amp#27;[32mDEBUG&amp#27;[0;39m &amp#27;[35m26824&amp#27;[0;39m &amp#27;[2m---&amp#27;[0;39m &amp#27;[2m[transferer] [           main]&amp#27;[0;39m &amp#27;[2m&amp#27;[0;39m&amp#27;[36mo.s.r2dbc.core.DefaultDatabaseClient    &amp#27;[0;39m &amp#27;[2m:&amp#27;[0;39m Executing SQL statement [SELECT accounts.ID FROM accounts WHERE accounts.account_number = $1 LIMIT 1]
&amp#27;[2m2025-08-17T16:47:04.403+01:00&amp#27;[0;39m &amp#27;[32mDEBUG&amp#27;[0;39m &amp#27;[35m26824&amp#27;[0;39m &amp#27;[2m---&amp#27;[0;39m &amp#27;[2m[transferer] [           main]&amp#27;[0;39m &amp#27;[2m&amp#27;[0;39m&amp#27;[36mio.r2dbc.h2.client.SessionClient        &amp#27;[0;39m &amp#27;[2m:&amp#27;[0;39m Request:  SELECT accounts.ID FROM accounts WHERE accounts.account_number = $1 LIMIT 1 {1: '0824423427'}
&amp#27;[2m2025-08-17T16:47:04.403+01:00&amp#27;[0;39m &amp#27;[32mDEBUG&amp#27;[0;39m &amp#27;[35m26824&amp#27;[0;39m &amp#27;[2m---&amp#27;[0;39m &amp#27;[2m[transferer] [           main]&amp#27;[0;39m &amp#27;[2m&amp#27;[0;39m&amp#27;[36mio.r2dbc.h2.client.SessionClient        &amp#27;[0;39m &amp#27;[2m:&amp#27;[0;39m Response: org.h2.result.LocalResult@1b6683c4 columns: 1 rows: 0 pos: -1
&amp#27;[2m2025-08-17T16:47:04.403+01:00&amp#27;[0;39m &amp#27;[32mDEBUG&amp#27;[0;39m &amp#27;[35m26824&amp#27;[0;39m &amp#27;[2m---&amp#27;[0;39m &amp#27;[2m[transferer] [           main]&amp#27;[0;39m &amp#27;[2m&amp#27;[0;39m&amp#27;[36mo.s.r.c.R2dbcTransactionManager         &amp#27;[0;39m &amp#27;[2m:&amp#27;[0;39m Participating in existing transaction
&amp#27;[2m2025-08-17T16:47:04.403+01:00&amp#27;[0;39m &amp#27;[32mDEBUG&amp#27;[0;39m &amp#27;[35m26824&amp#27;[0;39m &amp#27;[2m---&amp#27;[0;39m &amp#27;[2m[transferer] [           main]&amp#27;[0;39m &amp#27;[2m&amp#27;[0;39m&amp#27;[36mo.s.r2dbc.core.DefaultDatabaseClient    &amp#27;[0;39m &amp#27;[2m:&amp#27;[0;39m Executing SQL statement [INSERT INTO accounts (ID, account_number, holder_name, balance, status, created_at, updated_at) VALUES ($1, $2, $3, $4, $5, $6, $7)]
&amp#27;[2m2025-08-17T16:47:04.403+01:00&amp#27;[0;39m &amp#27;[32mDEBUG&amp#27;[0;39m &amp#27;[35m26824&amp#27;[0;39m &amp#27;[2m---&amp#27;[0;39m &amp#27;[2m[transferer] [           main]&amp#27;[0;39m &amp#27;[2m&amp#27;[0;39m&amp#27;[36mio.r2dbc.h2.client.SessionClient        &amp#27;[0;39m &amp#27;[2m:&amp#27;[0;39m Request:  INSERT INTO accounts (ID, account_number, holder_name, balance, status, created_at, updated_at) VALUES ($1, $2, $3, $4, $5, $6, $7) {1: '051a70bc-ec52-4a7a-9185-58738c3a83bf', 2: '0824423427', 3: 'Poor Sender', 4: 10.00, 5: 'ACTIVE', 6: TIMESTAMP '2025-08-17 16:47:04.403294', 7: TIMESTAMP '2025-08-17 16:47:04.403295'}
&amp#27;[2m2025-08-17T16:47:04.403+01:00&amp#27;[0;39m &amp#27;[32mDEBUG&amp#27;[0;39m &amp#27;[35m26824&amp#27;[0;39m &amp#27;[2m---&amp#27;[0;39m &amp#27;[2m[transferer] [           main]&amp#27;[0;39m &amp#27;[2m&amp#27;[0;39m&amp#27;[36mo.s.r.c.R2dbcTransactionManager         &amp#27;[0;39m &amp#27;[2m:&amp#27;[0;39m Participating in existing transaction
&amp#27;[2m2025-08-17T16:47:04.403+01:00&amp#27;[0;39m &amp#27;[32mDEBUG&amp#27;[0;39m &amp#27;[35m26824&amp#27;[0;39m &amp#27;[2m---&amp#27;[0;39m &amp#27;[2m[transferer] [           main]&amp#27;[0;39m &amp#27;[2m&amp#27;[0;39m&amp#27;[36mo.s.r2dbc.core.DefaultDatabaseClient    &amp#27;[0;39m &amp#27;[2m:&amp#27;[0;39m Executing SQL statement [INSERT INTO outbox_events (event_id, event_type, aggregate_id, event_data, occurred_at, created_at) VALUES ($1, $2, $3, $4, $5, $6)]
&amp#27;[2m2025-08-17T16:47:04.403+01:00&amp#27;[0;39m &amp#27;[32mDEBUG&amp#27;[0;39m &amp#27;[35m26824&amp#27;[0;39m &amp#27;[2m---&amp#27;[0;39m &amp#27;[2m[transferer] [           main]&amp#27;[0;39m &amp#27;[2m&amp#27;[0;39m&amp#27;[36mio.r2dbc.h2.client.SessionClient        &amp#27;[0;39m &amp#27;[2m:&amp#27;[0;39m Request:  INSERT INTO outbox_events (event_id, event_type, aggregate_id, event_data, occurred_at, created_at) VALUES ($1, $2, $3, $4, $5, $6) {1: '3195db24-c2ae-4041-8b21-eec3724d4f14', 2: 'ACCOUNT_OPENED', 3: '051a70bc-ec52-4a7a-9185-58738c3a83bf', 4: '{"@class":"com.transferer.account.domain.events.body.AccountOpenedEventBody","accountId":{"value":"051a70bc-ec52-4a7a-9185-58738c3a83bf"},"accountNumber":"0824423427","holderName":"Poor Sender","initialBalance":10.00}', 5: TIMESTAMP WITH TIME ZONE '2025-08-17 15:47:04.403312+00', 6: TIMESTAMP WITH TIME ZONE '2025-08-17 15:47:04.403706+00'}
&amp#27;[2m2025-08-17T16:47:04.404+01:00&amp#27;[0;39m &amp#27;[32mDEBUG&amp#27;[0;39m &amp#27;[35m26824&amp#27;[0;39m &amp#27;[2m---&amp#27;[0;39m &amp#27;[2m[transferer] [           main]&amp#27;[0;39m &amp#27;[2m&amp#27;[0;39m&amp#27;[36mo.s.r.c.R2dbcTransactionManager         &amp#27;[0;39m &amp#27;[2m:&amp#27;[0;39m Initiating transaction commit
&amp#27;[2m2025-08-17T16:47:04.404+01:00&amp#27;[0;39m &amp#27;[32mDEBUG&amp#27;[0;39m &amp#27;[35m26824&amp#27;[0;39m &amp#27;[2m---&amp#27;[0;39m &amp#27;[2m[transferer] [           main]&amp#27;[0;39m &amp#27;[2m&amp#27;[0;39m&amp#27;[36mo.s.r.c.R2dbcTransactionManager         &amp#27;[0;39m &amp#27;[2m:&amp#27;[0;39m Committing R2DBC transaction on Connection [PooledConnection[io.r2dbc.h2.H2Connection@13018f00]]
&amp#27;[2m2025-08-17T16:47:04.404+01:00&amp#27;[0;39m &amp#27;[32mDEBUG&amp#27;[0;39m &amp#27;[35m26824&amp#27;[0;39m &amp#27;[2m---&amp#27;[0;39m &amp#27;[2m[transferer] [           main]&amp#27;[0;39m &amp#27;[2m&amp#27;[0;39m&amp#27;[36mio.r2dbc.h2.client.SessionClient        &amp#27;[0;39m &amp#27;[2m:&amp#27;[0;39m Request:  COMMIT
&amp#27;[2m2025-08-17T16:47:04.404+01:00&amp#27;[0;39m &amp#27;[32mDEBUG&amp#27;[0;39m &amp#27;[35m26824&amp#27;[0;39m &amp#27;[2m---&amp#27;[0;39m &amp#27;[2m[transferer] [           main]&amp#27;[0;39m &amp#27;[2m&amp#27;[0;39m&amp#27;[36mo.s.r.c.R2dbcTransactionManager         &amp#27;[0;39m &amp#27;[2m:&amp#27;[0;39m Releasing R2DBC Connection [PooledConnection[io.r2dbc.h2.H2Connection@13018f00]] after transaction
&amp#27;[2m2025-08-17T16:47:04.404+01:00&amp#27;[0;39m &amp#27;[32mDEBUG&amp#27;[0;39m &amp#27;[35m26824&amp#27;[0;39m &amp#27;[2m---&amp#27;[0;39m &amp#27;[2m[transferer] [           main]&amp#27;[0;39m &amp#27;[2m&amp#27;[0;39m&amp#27;[36mio.r2dbc.h2.client.SessionClient        &amp#27;[0;39m &amp#27;[2m:&amp#27;[0;39m Request:  SELECT CURRENT_TIMESTAMP
&amp#27;[2m2025-08-17T16:47:04.404+01:00&amp#27;[0;39m &amp#27;[32mDEBUG&amp#27;[0;39m &amp#27;[35m26824&amp#27;[0;39m &amp#27;[2m---&amp#27;[0;39m &amp#27;[2m[transferer] [           main]&amp#27;[0;39m &amp#27;[2m&amp#27;[0;39m&amp#27;[36mio.r2dbc.h2.client.SessionClient        &amp#27;[0;39m &amp#27;[2m:&amp#27;[0;39m Response: org.h2.result.LocalResult@6d0bcf8c columns: 1 rows: 1 pos: -1
&amp#27;[2m2025-08-17T16:47:04.404+01:00&amp#27;[0;39m &amp#27;[32mDEBUG&amp#27;[0;39m &amp#27;[35m26824&amp#27;[0;39m &amp#27;[2m---&amp#27;[0;39m &amp#27;[2m[transferer] [           main]&amp#27;[0;39m &amp#27;[2m&amp#27;[0;39m&amp#27;[36mo.s.r.c.R2dbcTransactionManager         &amp#27;[0;39m &amp#27;[2m:&amp#27;[0;39m Creating new transaction with name [com.transferer.payment.application.PaymentService.initiatePayment]: PROPAGATION_REQUIRED,ISOLATION_DEFAULT
&amp#27;[2m2025-08-17T16:47:04.404+01:00&amp#27;[0;39m &amp#27;[32mDEBUG&amp#27;[0;39m &amp#27;[35m26824&amp#27;[0;39m &amp#27;[2m---&amp#27;[0;39m &amp#27;[2m[transferer] [           main]&amp#27;[0;39m &amp#27;[2m&amp#27;[0;39m&amp#27;[36mio.r2dbc.h2.client.SessionClient        &amp#27;[0;39m &amp#27;[2m:&amp#27;[0;39m Request:  SELECT 1
&amp#27;[2m2025-08-17T16:47:04.404+01:00&amp#27;[0;39m &amp#27;[32mDEBUG&amp#27;[0;39m &amp#27;[35m26824&amp#27;[0;39m &amp#27;[2m---&amp#27;[0;39m &amp#27;[2m[transferer] [           main]&amp#27;[0;39m &amp#27;[2m&amp#27;[0;39m&amp#27;[36mio.r2dbc.h2.client.SessionClient        &amp#27;[0;39m &amp#27;[2m:&amp#27;[0;39m Response: org.h2.result.LocalResult@34d72f06 columns: 1 rows: 1 pos: -1
&amp#27;[2m2025-08-17T16:47:04.404+01:00&amp#27;[0;39m &amp#27;[32mDEBUG&amp#27;[0;39m &amp#27;[35m26824&amp#27;[0;39m &amp#27;[2m---&amp#27;[0;39m &amp#27;[2m[transferer] [           main]&amp#27;[0;39m &amp#27;[2m&amp#27;[0;39m&amp#27;[36mo.s.r.c.R2dbcTransactionManager         &amp#27;[0;39m &amp#27;[2m:&amp#27;[0;39m Acquired Connection [PooledConnection[io.r2dbc.h2.H2Connection@13018f00]] for R2DBC transaction
&amp#27;[2m2025-08-17T16:47:04.404+01:00&amp#27;[0;39m &amp#27;[32mDEBUG&amp#27;[0;39m &amp#27;[35m26824&amp#27;[0;39m &amp#27;[2m---&amp#27;[0;39m &amp#27;[2m[transferer] [           main]&amp#27;[0;39m &amp#27;[2m&amp#27;[0;39m&amp#27;[36mo.s.r.c.R2dbcTransactionManager         &amp#27;[0;39m &amp#27;[2m:&amp#27;[0;39m Starting R2DBC transaction on Connection [PooledConnection[io.r2dbc.h2.H2Connection@13018f00]] using [ExtendedTransactionDefinition [transactionName='com.transferer.payment.application.PaymentService.initiatePayment', readOnly=false, isolationLevel=null, lockWaitTimeout=PT0S]]
&amp#27;[2m2025-08-17T16:47:04.404+01:00&amp#27;[0;39m &amp#27;[33m WARN&amp#27;[0;39m &amp#27;[35m26824&amp#27;[0;39m &amp#27;[2m---&amp#27;[0;39m &amp#27;[2m[transferer] [           main]&amp#27;[0;39m &amp#27;[2m&amp#27;[0;39m&amp#27;[36mio.r2dbc.h2.H2Connection                &amp#27;[0;39m &amp#27;[2m:&amp#27;[0;39m Option{name='readOnly', sensitive=false} + isn't supported in H2 at the transaction level. You must set it on conenction URL. See http://www.h2database.com/html/features.html#read_only
&amp#27;[2m2025-08-17T16:47:04.404+01:00&amp#27;[0;39m &amp#27;[32mDEBUG&amp#27;[0;39m &amp#27;[35m26824&amp#27;[0;39m &amp#27;[2m---&amp#27;[0;39m &amp#27;[2m[transferer] [           main]&amp#27;[0;39m &amp#27;[2m&amp#27;[0;39m&amp#27;[36mo.s.r.c.R2dbcTransactionManager         &amp#27;[0;39m &amp#27;[2m:&amp#27;[0;39m Participating in existing transaction
&amp#27;[2m2025-08-17T16:47:04.405+01:00&amp#27;[0;39m &amp#27;[32mDEBUG&amp#27;[0;39m &amp#27;[35m26824&amp#27;[0;39m &amp#27;[2m---&amp#27;[0;39m &amp#27;[2m[transferer] [           main]&amp#27;[0;39m &amp#27;[2m&amp#27;[0;39m&amp#27;[36mo.s.r2dbc.core.DefaultDatabaseClient    &amp#27;[0;39m &amp#27;[2m:&amp#27;[0;39m Executing SQL statement [INSERT INTO payments (ID, sender_account_id, recipient_account_id, amount, description, status, current_step, created_at, updated_at) VALUES ($1, $2, $3, $4, $5, $6, $7, $8, $9)]
&amp#27;[2m2025-08-17T16:47:04.405+01:00&amp#27;[0;39m &amp#27;[32mDEBUG&amp#27;[0;39m &amp#27;[35m26824&amp#27;[0;39m &amp#27;[2m---&amp#27;[0;39m &amp#27;[2m[transferer] [           main]&amp#27;[0;39m &amp#27;[2m&amp#27;[0;39m&amp#27;[36mio.r2dbc.h2.client.SessionClient        &amp#27;[0;39m &amp#27;[2m:&amp#27;[0;39m Request:  INSERT INTO payments (ID, sender_account_id, recipient_account_id, amount, description, status, current_step, created_at, updated_at) VALUES ($1, $2, $3, $4, $5, $6, $7, $8, $9) {1: '37596de6-c975-45de-b9df-afd4ff59504c', 2: '051a70bc-ec52-4a7a-9185-58738c3a83bf', 3: '9fb55058-17ee-47c8-bdef-cec8ba3938e2', 4: 1000.00, 5: 'Insufficient funds test', 6: 'PENDING', 7: 'INITIATED', 8: TIMESTAMP '2025-08-17 16:47:04.40476', 9: TIMESTAMP '2025-08-17 16:47:04.404762'}
&amp#27;[2m2025-08-17T16:47:04.406+01:00&amp#27;[0;39m &amp#27;[32mDEBUG&amp#27;[0;39m &amp#27;[35m26824&amp#27;[0;39m &amp#27;[2m---&amp#27;[0;39m &amp#27;[2m[transferer] [           main]&amp#27;[0;39m &amp#27;[2m&amp#27;[0;39m&amp#27;[36mo.s.r.c.R2dbcTransactionManager         &amp#27;[0;39m &amp#27;[2m:&amp#27;[0;39m Participating in existing transaction
&amp#27;[2m2025-08-17T16:47:04.406+01:00&amp#27;[0;39m &amp#27;[32mDEBUG&amp#27;[0;39m &amp#27;[35m26824&amp#27;[0;39m &amp#27;[2m---&amp#27;[0;39m &amp#27;[2m[transferer] [           main]&amp#27;[0;39m &amp#27;[2m&amp#27;[0;39m&amp#27;[36mo.s.r2dbc.core.DefaultDatabaseClient    &amp#27;[0;39m &amp#27;[2m:&amp#27;[0;39m Executing SQL statement [INSERT INTO outbox_events (event_id, event_type, aggregate_id, event_data, occurred_at, created_at) VALUES ($1, $2, $3, $4, $5, $6)]
&amp#27;[2m2025-08-17T16:47:04.406+01:00&amp#27;[0;39m &amp#27;[32mDEBUG&amp#27;[0;39m &amp#27;[35m26824&amp#27;[0;39m &amp#27;[2m---&amp#27;[0;39m &amp#27;[2m[transferer] [           main]&amp#27;[0;39m &amp#27;[2m&amp#27;[0;39m&amp#27;[36mio.r2dbc.h2.client.SessionClient        &amp#27;[0;39m &amp#27;[2m:&amp#27;[0;39m Request:  INSERT INTO outbox_events (event_id, event_type, aggregate_id, event_data, occurred_at, created_at) VALUES ($1, $2, $3, $4, $5, $6) {1: 'd674b760-740e-4392-bced-8db98c0c5681', 2: 'PAYMENT_INITIATED', 3: '37596de6-c975-45de-b9df-afd4ff59504c', 4: '{"@class":"com.transferer.payment.domain.events.body.PaymentInitiatedEventBody","paymentId":{"value":"37596de6-c975-45de-b9df-afd4ff59504c"},"senderAccountId":{"value":"051a70bc-ec52-4a7a-9185-58738c3a83bf"},"recipientAccountId":{"value":"9fb55058-17ee-47c8-bdef-cec8ba3938e2"},"amount":1000.00,"description":"Insufficient funds test"}', 5: TIMESTAMP WITH TIME ZONE '2025-08-17 15:47:04.404776+00', 6: TIMESTAMP WITH TIME ZONE '2025-08-17 15:47:04.40646+00'}
&amp#27;[2m2025-08-17T16:47:04.407+01:00&amp#27;[0;39m &amp#27;[32mDEBUG&amp#27;[0;39m &amp#27;[35m26824&amp#27;[0;39m &amp#27;[2m---&amp#27;[0;39m &amp#27;[2m[transferer] [           main]&amp#27;[0;39m &amp#27;[2m&amp#27;[0;39m&amp#27;[36mo.s.r2dbc.core.DefaultDatabaseClient    &amp#27;[0;39m &amp#27;[2m:&amp#27;[0;39m Executing SQL statement [INSERT INTO outbox_events (event_id, event_type, aggregate_id, event_data, occurred_at, created_at) VALUES ($1, $2, $3, $4, $5, $6)]
&amp#27;[2m2025-08-17T16:47:04.407+01:00&amp#27;[0;39m &amp#27;[32mDEBUG&amp#27;[0;39m &amp#27;[35m26824&amp#27;[0;39m &amp#27;[2m---&amp#27;[0;39m &amp#27;[2m[transferer] [           main]&amp#27;[0;39m &amp#27;[2m&amp#27;[0;39m&amp#27;[36mio.r2dbc.h2.client.SessionClient        &amp#27;[0;39m &amp#27;[2m:&amp#27;[0;39m Request:  INSERT INTO outbox_events (event_id, event_type, aggregate_id, event_data, occurred_at, created_at) VALUES ($1, $2, $3, $4, $5, $6) {1: '8e36dc1a-9c64-4e10-b2b1-8890dbd7e2f8', 2: 'PAYMENT_STEP_ADVANCED', 3: '37596de6-c975-45de-b9df-afd4ff59504c', 4: '{"@class":"com.transferer.payment.domain.events.body.PaymentStepAdvancedEventBody","paymentId":{"value":"37596de6-c975-45de-b9df-afd4ff59504c"},"previousStep":{"empty":true,"present":false},"currentStep":"INITIATED"}', 5: TIMESTAMP WITH TIME ZONE '2025-08-17 15:47:04.404787+00', 6: TIMESTAMP WITH TIME ZONE '2025-08-17 15:47:04.407307+00'}
&amp#27;[2m2025-08-17T16:47:04.407+01:00&amp#27;[0;39m &amp#27;[32mDEBUG&amp#27;[0;39m &amp#27;[35m26824&amp#27;[0;39m &amp#27;[2m---&amp#27;[0;39m &amp#27;[2m[transferer] [           main]&amp#27;[0;39m &amp#27;[2m&amp#27;[0;39m&amp#27;[36mo.s.r.c.R2dbcTransactionManager         &amp#27;[0;39m &amp#27;[2m:&amp#27;[0;39m Initiating transaction commit
&amp#27;[2m2025-08-17T16:47:04.407+01:00&amp#27;[0;39m &amp#27;[32mDEBUG&amp#27;[0;39m &amp#27;[35m26824&amp#27;[0;39m &amp#27;[2m---&amp#27;[0;39m &amp#27;[2m[transferer] [           main]&amp#27;[0;39m &amp#27;[2m&amp#27;[0;39m&amp#27;[36mo.s.r.c.R2dbcTransactionManager         &amp#27;[0;39m &amp#27;[2m:&amp#27;[0;39m Committing R2DBC transaction on Connection [PooledConnection[io.r2dbc.h2.H2Connection@13018f00]]
&amp#27;[2m2025-08-17T16:47:04.407+01:00&amp#27;[0;39m &amp#27;[32mDEBUG&amp#27;[0;39m &amp#27;[35m26824&amp#27;[0;39m &amp#27;[2m---&amp#27;[0;39m &amp#27;[2m[transferer] [           main]&amp#27;[0;39m &amp#27;[2m&amp#27;[0;39m&amp#27;[36mio.r2dbc.h2.client.SessionClient        &amp#27;[0;39m &amp#27;[2m:&amp#27;[0;39m Request:  COMMIT
&amp#27;[2m2025-08-17T16:47:04.407+01:00&amp#27;[0;39m &amp#27;[32mDEBUG&amp#27;[0;39m &amp#27;[35m26824&amp#27;[0;39m &amp#27;[2m---&amp#27;[0;39m &amp#27;[2m[transferer] [           main]&amp#27;[0;39m &amp#27;[2m&amp#27;[0;39m&amp#27;[36mo.s.r.c.R2dbcTransactionManager         &amp#27;[0;39m &amp#27;[2m:&amp#27;[0;39m Releasing R2DBC Connection [PooledConnection[io.r2dbc.h2.H2Connection@13018f00]] after transaction
&amp#27;[2m2025-08-17T16:47:04.407+01:00&amp#27;[0;39m &amp#27;[32mDEBUG&amp#27;[0;39m &amp#27;[35m26824&amp#27;[0;39m &amp#27;[2m---&amp#27;[0;39m &amp#27;[2m[transferer] [           main]&amp#27;[0;39m &amp#27;[2m&amp#27;[0;39m&amp#27;[36mio.r2dbc.h2.client.SessionClient        &amp#27;[0;39m &amp#27;[2m:&amp#27;[0;39m Request:  SELECT CURRENT_TIMESTAMP
&amp#27;[2m2025-08-17T16:47:04.407+01:00&amp#27;[0;39m &amp#27;[32mDEBUG&amp#27;[0;39m &amp#27;[35m26824&amp#27;[0;39m &amp#27;[2m---&amp#27;[0;39m &amp#27;[2m[transferer] [           main]&amp#27;[0;39m &amp#27;[2m&amp#27;[0;39m&amp#27;[36mio.r2dbc.h2.client.SessionClient        &amp#27;[0;39m &amp#27;[2m:&amp#27;[0;39m Response: org.h2.result.LocalResult@3a7dcfb7 columns: 1 rows: 1 pos: -1
&amp#27;[2m2025-08-17T16:47:04.511+01:00&amp#27;[0;39m &amp#27;[32mDEBUG&amp#27;[0;39m &amp#27;[35m26824&amp#27;[0;39m &amp#27;[2m---&amp#27;[0;39m &amp#27;[2m[transferer] [     parallel-8]&amp#27;[0;39m &amp#27;[2m&amp#27;[0;39m&amp#27;[36mio.r2dbc.h2.client.SessionClient        &amp#27;[0;39m &amp#27;[2m:&amp#27;[0;39m Request:  SELECT 1
&amp#27;[2m2025-08-17T16:47:04.511+01:00&amp#27;[0;39m &amp#27;[32mDEBUG&amp#27;[0;39m &amp#27;[35m26824&amp#27;[0;39m &amp#27;[2m---&amp#27;[0;39m &amp#27;[2m[transferer] [     parallel-8]&amp#27;[0;39m &amp#27;[2m&amp#27;[0;39m&amp#27;[36mio.r2dbc.h2.client.SessionClient        &amp#27;[0;39m &amp#27;[2m:&amp#27;[0;39m Response: org.h2.result.LocalResult@ef12690 columns: 1 rows: 1 pos: -1
&amp#27;[2m2025-08-17T16:47:04.512+01:00&amp#27;[0;39m &amp#27;[32mDEBUG&amp#27;[0;39m &amp#27;[35m26824&amp#27;[0;39m &amp#27;[2m---&amp#27;[0;39m &amp#27;[2m[transferer] [     parallel-8]&amp#27;[0;39m &amp#27;[2m&amp#27;[0;39m&amp#27;[36mo.s.r2dbc.core.DefaultDatabaseClient    &amp#27;[0;39m &amp#27;[2m:&amp#27;[0;39m Executing SQL statement [SELECT event_type, COUNT(*) as count FROM outbox_events GROUP BY event_type]
&amp#27;[2m2025-08-17T16:47:04.512+01:00&amp#27;[0;39m &amp#27;[32mDEBUG&amp#27;[0;39m &amp#27;[35m26824&amp#27;[0;39m &amp#27;[2m---&amp#27;[0;39m &amp#27;[2m[transferer] [     parallel-8]&amp#27;[0;39m &amp#27;[2m&amp#27;[0;39m&amp#27;[36mio.r2dbc.h2.client.SessionClient        &amp#27;[0;39m &amp#27;[2m:&amp#27;[0;39m Request:  SELECT event_type, COUNT(*) as count FROM outbox_events GROUP BY event_type
&amp#27;[2m2025-08-17T16:47:04.512+01:00&amp#27;[0;39m &amp#27;[32mDEBUG&amp#27;[0;39m &amp#27;[35m26824&amp#27;[0;39m &amp#27;[2m---&amp#27;[0;39m &amp#27;[2m[transferer] [     parallel-8]&amp#27;[0;39m &amp#27;[2m&amp#27;[0;39m&amp#27;[36mio.r2dbc.h2.client.SessionClient        &amp#27;[0;39m &amp#27;[2m:&amp#27;[0;39m Response: org.h2.result.LocalResult@12377f93 columns: 2 rows: 3 pos: -1
&amp#27;[2m2025-08-17T16:47:04.512+01:00&amp#27;[0;39m &amp#27;[32mDEBUG&amp#27;[0;39m &amp#27;[35m26824&amp#27;[0;39m &amp#27;[2m---&amp#27;[0;39m &amp#27;[2m[transferer] [     parallel-8]&amp#27;[0;39m &amp#27;[2m&amp#27;[0;39m&amp#27;[36mio.r2dbc.h2.client.SessionClient        &amp#27;[0;39m &amp#27;[2m:&amp#27;[0;39m Request:  SELECT CURRENT_TIMESTAMP
&amp#27;[2m2025-08-17T16:47:04.512+01:00&amp#27;[0;39m &amp#27;[32mDEBUG&amp#27;[0;39m &amp#27;[35m26824&amp#27;[0;39m &amp#27;[2m---&amp#27;[0;39m &amp#27;[2m[transferer] [     parallel-8]&amp#27;[0;39m &amp#27;[2m&amp#27;[0;39m&amp#27;[36mio.r2dbc.h2.client.SessionClient        &amp#27;[0;39m &amp#27;[2m:&amp#27;[0;39m Response: org.h2.result.LocalResult@192c4f2d columns: 1 rows: 1 pos: -1
&amp#27;[2m2025-08-17T16:47:04.512+01:00&amp#27;[0;39m &amp#27;[32mDEBUG&amp#27;[0;39m &amp#27;[35m26824&amp#27;[0;39m &amp#27;[2m---&amp#27;[0;39m &amp#27;[2m[transferer] [           main]&amp#27;[0;39m &amp#27;[2m&amp#27;[0;39m&amp#27;[36mio.r2dbc.h2.client.SessionClient        &amp#27;[0;39m &amp#27;[2m:&amp#27;[0;39m Request:  SELECT 1
&amp#27;[2m2025-08-17T16:47:04.512+01:00&amp#27;[0;39m &amp#27;[32mDEBUG&amp#27;[0;39m &amp#27;[35m26824&amp#27;[0;39m &amp#27;[2m---&amp#27;[0;39m &amp#27;[2m[transferer] [           main]&amp#27;[0;39m &amp#27;[2m&amp#27;[0;39m&amp#27;[36mio.r2dbc.h2.client.SessionClient        &amp#27;[0;39m &amp#27;[2m:&amp#27;[0;39m Response: org.h2.result.LocalResult@50b4e7b2 columns: 1 rows: 1 pos: -1
&amp#27;[2m2025-08-17T16:47:04.512+01:00&amp#27;[0;39m &amp#27;[32mDEBUG&amp#27;[0;39m &amp#27;[35m26824&amp#27;[0;39m &amp#27;[2m---&amp#27;[0;39m &amp#27;[2m[transferer] [           main]&amp#27;[0;39m &amp#27;[2m&amp#27;[0;39m&amp#27;[36mo.s.r2dbc.core.DefaultDatabaseClient    &amp#27;[0;39m &amp#27;[2m:&amp#27;[0;39m Executing SQL statement [DELETE FROM payments]
&amp#27;[2m2025-08-17T16:47:04.513+01:00&amp#27;[0;39m &amp#27;[32mDEBUG&amp#27;[0;39m &amp#27;[35m26824&amp#27;[0;39m &amp#27;[2m---&amp#27;[0;39m &amp#27;[2m[transferer] [           main]&amp#27;[0;39m &amp#27;[2m&amp#27;[0;39m&amp#27;[36mio.r2dbc.h2.client.SessionClient        &amp#27;[0;39m &amp#27;[2m:&amp#27;[0;39m Request:  DELETE FROM payments
&amp#27;[2m2025-08-17T16:47:04.513+01:00&amp#27;[0;39m &amp#27;[32mDEBUG&amp#27;[0;39m &amp#27;[35m26824&amp#27;[0;39m &amp#27;[2m---&amp#27;[0;39m &amp#27;[2m[transferer] [           main]&amp#27;[0;39m &amp#27;[2m&amp#27;[0;39m&amp#27;[36mio.r2dbc.h2.client.SessionClient        &amp#27;[0;39m &amp#27;[2m:&amp#27;[0;39m Request:  SELECT CURRENT_TIMESTAMP
&amp#27;[2m2025-08-17T16:47:04.513+01:00&amp#27;[0;39m &amp#27;[32mDEBUG&amp#27;[0;39m &amp#27;[35m26824&amp#27;[0;39m &amp#27;[2m---&amp#27;[0;39m &amp#27;[2m[transferer] [           main]&amp#27;[0;39m &amp#27;[2m&amp#27;[0;39m&amp#27;[36mio.r2dbc.h2.client.SessionClient        &amp#27;[0;39m &amp#27;[2m:&amp#27;[0;39m Response: org.h2.result.LocalResult@5274830e columns: 1 rows: 1 pos: -1
&amp#27;[2m2025-08-17T16:47:04.513+01:00&amp#27;[0;39m &amp#27;[32mDEBUG&amp#27;[0;39m &amp#27;[35m26824&amp#27;[0;39m &amp#27;[2m---&amp#27;[0;39m &amp#27;[2m[transferer] [           main]&amp#27;[0;39m &amp#27;[2m&amp#27;[0;39m&amp#27;[36mio.r2dbc.h2.client.SessionClient        &amp#27;[0;39m &amp#27;[2m:&amp#27;[0;39m Request:  SELECT 1
&amp#27;[2m2025-08-17T16:47:04.513+01:00&amp#27;[0;39m &amp#27;[32mDEBUG&amp#27;[0;39m &amp#27;[35m26824&amp#27;[0;39m &amp#27;[2m---&amp#27;[0;39m &amp#27;[2m[transferer] [           main]&amp#27;[0;39m &amp#27;[2m&amp#27;[0;39m&amp#27;[36mio.r2dbc.h2.client.SessionClient        &amp#27;[0;39m &amp#27;[2m:&amp#27;[0;39m Response: org.h2.result.LocalResult@6a0ee80 columns: 1 rows: 1 pos: -1
&amp#27;[2m2025-08-17T16:47:04.513+01:00&amp#27;[0;39m &amp#27;[32mDEBUG&amp#27;[0;39m &amp#27;[35m26824&amp#27;[0;39m &amp#27;[2m---&amp#27;[0;39m &amp#27;[2m[transferer] [           main]&amp#27;[0;39m &amp#27;[2m&amp#27;[0;39m&amp#27;[36mo.s.r2dbc.core.DefaultDatabaseClient    &amp#27;[0;39m &amp#27;[2m:&amp#27;[0;39m Executing SQL statement [DELETE FROM transactions]
&amp#27;[2m2025-08-17T16:47:04.513+01:00&amp#27;[0;39m &amp#27;[32mDEBUG&amp#27;[0;39m &amp#27;[35m26824&amp#27;[0;39m &amp#27;[2m---&amp#27;[0;39m &amp#27;[2m[transferer] [           main]&amp#27;[0;39m &amp#27;[2m&amp#27;[0;39m&amp#27;[36mio.r2dbc.h2.client.SessionClient        &amp#27;[0;39m &amp#27;[2m:&amp#27;[0;39m Request:  DELETE FROM transactions
&amp#27;[2m2025-08-17T16:47:04.513+01:00&amp#27;[0;39m &amp#27;[32mDEBUG&amp#27;[0;39m &amp#27;[35m26824&amp#27;[0;39m &amp#27;[2m---&amp#27;[0;39m &amp#27;[2m[transferer] [           main]&amp#27;[0;39m &amp#27;[2m&amp#27;[0;39m&amp#27;[36mio.r2dbc.h2.client.SessionClient        &amp#27;[0;39m &amp#27;[2m:&amp#27;[0;39m Request:  SELECT CURRENT_TIMESTAMP
&amp#27;[2m2025-08-17T16:47:04.513+01:00&amp#27;[0;39m &amp#27;[32mDEBUG&amp#27;[0;39m &amp#27;[35m26824&amp#27;[0;39m &amp#27;[2m---&amp#27;[0;39m &amp#27;[2m[transferer] [           main]&amp#27;[0;39m &amp#27;[2m&amp#27;[0;39m&amp#27;[36mio.r2dbc.h2.client.SessionClient        &amp#27;[0;39m &amp#27;[2m:&amp#27;[0;39m Response: org.h2.result.LocalResult@25c16cf7 columns: 1 rows: 1 pos: -1
&amp#27;[2m2025-08-17T16:47:04.513+01:00&amp#27;[0;39m &amp#27;[32mDEBUG&amp#27;[0;39m &amp#27;[35m26824&amp#27;[0;39m &amp#27;[2m---&amp#27;[0;39m &amp#27;[2m[transferer] [           main]&amp#27;[0;39m &amp#27;[2m&amp#27;[0;39m&amp#27;[36mio.r2dbc.h2.client.SessionClient        &amp#27;[0;39m &amp#27;[2m:&amp#27;[0;39m Request:  SELECT 1
&amp#27;[2m2025-08-17T16:47:04.513+01:00&amp#27;[0;39m &amp#27;[32mDEBUG&amp#27;[0;39m &amp#27;[35m26824&amp#27;[0;39m &amp#27;[2m---&amp#27;[0;39m &amp#27;[2m[transferer] [           main]&amp#27;[0;39m &amp#27;[2m&amp#27;[0;39m&amp#27;[36mio.r2dbc.h2.client.SessionClient        &amp#27;[0;39m &amp#27;[2m:&amp#27;[0;39m Response: org.h2.result.LocalResult@53dbe7b2 columns: 1 rows: 1 pos: -1
&amp#27;[2m2025-08-17T16:47:04.513+01:00&amp#27;[0;39m &amp#27;[32mDEBUG&amp#27;[0;39m &amp#27;[35m26824&amp#27;[0;39m &amp#27;[2m---&amp#27;[0;39m &amp#27;[2m[transferer] [           main]&amp#27;[0;39m &amp#27;[2m&amp#27;[0;39m&amp#27;[36mo.s.r2dbc.core.DefaultDatabaseClient    &amp#27;[0;39m &amp#27;[2m:&amp#27;[0;39m Executing SQL statement [DELETE FROM accounts]
&amp#27;[2m2025-08-17T16:47:04.513+01:00&amp#27;[0;39m &amp#27;[32mDEBUG&amp#27;[0;39m &amp#27;[35m26824&amp#27;[0;39m &amp#27;[2m---&amp#27;[0;39m &amp#27;[2m[transferer] [           main]&amp#27;[0;39m &amp#27;[2m&amp#27;[0;39m&amp#27;[36mio.r2dbc.h2.client.SessionClient        &amp#27;[0;39m &amp#27;[2m:&amp#27;[0;39m Request:  DELETE FROM accounts
&amp#27;[2m2025-08-17T16:47:04.513+01:00&amp#27;[0;39m &amp#27;[32mDEBUG&amp#27;[0;39m &amp#27;[35m26824&amp#27;[0;39m &amp#27;[2m---&amp#27;[0;39m &amp#27;[2m[transferer] [           main]&amp#27;[0;39m &amp#27;[2m&amp#27;[0;39m&amp#27;[36mio.r2dbc.h2.client.SessionClient        &amp#27;[0;39m &amp#27;[2m:&amp#27;[0;39m Request:  SELECT CURRENT_TIMESTAMP
&amp#27;[2m2025-08-17T16:47:04.513+01:00&amp#27;[0;39m &amp#27;[32mDEBUG&amp#27;[0;39m &amp#27;[35m26824&amp#27;[0;39m &amp#27;[2m---&amp#27;[0;39m &amp#27;[2m[transferer] [           main]&amp#27;[0;39m &amp#27;[2m&amp#27;[0;39m&amp#27;[36mio.r2dbc.h2.client.SessionClient        &amp#27;[0;39m &amp#27;[2m:&amp#27;[0;39m Response: org.h2.result.LocalResult@53551fef columns: 1 rows: 1 pos: -1
&amp#27;[2m2025-08-17T16:47:04.514+01:00&amp#27;[0;39m &amp#27;[32mDEBUG&amp#27;[0;39m &amp#27;[35m26824&amp#27;[0;39m &amp#27;[2m---&amp#27;[0;39m &amp#27;[2m[transferer] [           main]&amp#27;[0;39m &amp#27;[2m&amp#27;[0;39m&amp#27;[36mio.r2dbc.h2.client.SessionClient        &amp#27;[0;39m &amp#27;[2m:&amp#27;[0;39m Request:  SELECT 1
&amp#27;[2m2025-08-17T16:47:04.514+01:00&amp#27;[0;39m &amp#27;[32mDEBUG&amp#27;[0;39m &amp#27;[35m26824&amp#27;[0;39m &amp#27;[2m---&amp#27;[0;39m &amp#27;[2m[transferer] [           main]&amp#27;[0;39m &amp#27;[2m&amp#27;[0;39m&amp#27;[36mio.r2dbc.h2.client.SessionClient        &amp#27;[0;39m &amp#27;[2m:&amp#27;[0;39m Response: org.h2.result.LocalResult@7d5d77a6 columns: 1 rows: 1 pos: -1
&amp#27;[2m2025-08-17T16:47:04.514+01:00&amp#27;[0;39m &amp#27;[32mDEBUG&amp#27;[0;39m &amp#27;[35m26824&amp#27;[0;39m &amp#27;[2m---&amp#27;[0;39m &amp#27;[2m[transferer] [           main]&amp#27;[0;39m &amp#27;[2m&amp#27;[0;39m&amp#27;[36mo.s.r2dbc.core.DefaultDatabaseClient    &amp#27;[0;39m &amp#27;[2m:&amp#27;[0;39m Executing SQL statement [DELETE FROM outbox_events]
&amp#27;[2m2025-08-17T16:47:04.514+01:00&amp#27;[0;39m &amp#27;[32mDEBUG&amp#27;[0;39m &amp#27;[35m26824&amp#27;[0;39m &amp#27;[2m---&amp#27;[0;39m &amp#27;[2m[transferer] [           main]&amp#27;[0;39m &amp#27;[2m&amp#27;[0;39m&amp#27;[36mio.r2dbc.h2.client.SessionClient        &amp#27;[0;39m &amp#27;[2m:&amp#27;[0;39m Request:  DELETE FROM outbox_events
&amp#27;[2m2025-08-17T16:47:04.514+01:00&amp#27;[0;39m &amp#27;[32mDEBUG&amp#27;[0;39m &amp#27;[35m26824&amp#27;[0;39m &amp#27;[2m---&amp#27;[0;39m &amp#27;[2m[transferer] [           main]&amp#27;[0;39m &amp#27;[2m&amp#27;[0;39m&amp#27;[36mio.r2dbc.h2.client.SessionClient        &amp#27;[0;39m &amp#27;[2m:&amp#27;[0;39m Request:  SELECT CURRENT_TIMESTAMP
&amp#27;[2m2025-08-17T16:47:04.514+01:00&amp#27;[0;39m &amp#27;[32mDEBUG&amp#27;[0;39m &amp#27;[35m26824&amp#27;[0;39m &amp#27;[2m---&amp#27;[0;39m &amp#27;[2m[transferer] [           main]&amp#27;[0;39m &amp#27;[2m&amp#27;[0;39m&amp#27;[36mio.r2dbc.h2.client.SessionClient        &amp#27;[0;39m &amp#27;[2m:&amp#27;[0;39m Response: org.h2.result.LocalResult@55202ba6 columns: 1 rows: 1 pos: -1
]]></system-out>
  </testcase>
  <testcase name="should_handle_concurrent_payments_from_same_account" classname="com.transferer.payment.PaymentSagaDbIntegrationTest" time="0.17">
    <system-out><![CDATA[
  .   ____          _            __ _ _
 /\\ / ___'_ __ _ _(_)_ __  __ _ \ \ \ \
( ( )\___ | '_ | '_| | '_ \/ _` | \ \ \ \
 \\/  ___)| |_)| | | | | || (_| |  ) ) ) )
  '  |____| .__|_| |_|_| |_\__, | / / / /
 =========|_|==============|___/=/_/_/_/
&amp#27;[32m :: Spring Boot :: &amp#27;[39m              &amp#27;[2m (v3.2.0)&amp#27;[0;39m

&amp#27;[2m2025-08-17T16:47:04.522+01:00&amp#27;[0;39m &amp#27;[32m INFO&amp#27;[0;39m &amp#27;[35m26824&amp#27;[0;39m &amp#27;[2m---&amp#27;[0;39m &amp#27;[2m[transferer] [           main]&amp#27;[0;39m &amp#27;[2m&amp#27;[0;39m&amp#27;[36mc.t.p.PaymentSagaDbIntegrationTest      &amp#27;[0;39m &amp#27;[2m:&amp#27;[0;39m Starting PaymentSagaDbIntegrationTest using Java 24.0.2 with PID 26824 (started by bendrawer in /Users/bendrawer/transferer)
&amp#27;[2m2025-08-17T16:47:04.522+01:00&amp#27;[0;39m &amp#27;[32mDEBUG&amp#27;[0;39m &amp#27;[35m26824&amp#27;[0;39m &amp#27;[2m---&amp#27;[0;39m &amp#27;[2m[transferer] [           main]&amp#27;[0;39m &amp#27;[2m&amp#27;[0;39m&amp#27;[36mc.t.p.PaymentSagaDbIntegrationTest      &amp#27;[0;39m &amp#27;[2m:&amp#27;[0;39m Running with Spring Boot v3.2.0, Spring v6.1.1
&amp#27;[2m2025-08-17T16:47:04.522+01:00&amp#27;[0;39m &amp#27;[32m INFO&amp#27;[0;39m &amp#27;[35m26824&amp#27;[0;39m &amp#27;[2m---&amp#27;[0;39m &amp#27;[2m[transferer] [           main]&amp#27;[0;39m &amp#27;[2m&amp#27;[0;39m&amp#27;[36mc.t.p.PaymentSagaDbIntegrationTest      &amp#27;[0;39m &amp#27;[2m:&amp#27;[0;39m The following 1 profile is active: "test"
&amp#27;[2m2025-08-17T16:47:04.537+01:00&amp#27;[0;39m &amp#27;[32m INFO&amp#27;[0;39m &amp#27;[35m26824&amp#27;[0;39m &amp#27;[2m---&amp#27;[0;39m &amp#27;[2m[transferer] [           main]&amp#27;[0;39m &amp#27;[2m&amp#27;[0;39m&amp#27;[36m.s.d.r.c.RepositoryConfigurationDelegate&amp#27;[0;39m &amp#27;[2m:&amp#27;[0;39m Bootstrapping Spring Data R2DBC repositories in DEFAULT mode.
&amp#27;[2m2025-08-17T16:47:04.540+01:00&amp#27;[0;39m &amp#27;[32m INFO&amp#27;[0;39m &amp#27;[35m26824&amp#27;[0;39m &amp#27;[2m---&amp#27;[0;39m &amp#27;[2m[transferer] [           main]&amp#27;[0;39m &amp#27;[2m&amp#27;[0;39m&amp#27;[36m.s.d.r.c.RepositoryConfigurationDelegate&amp#27;[0;39m &amp#27;[2m:&amp#27;[0;39m Finished Spring Data repository scanning in 3 ms. Found 4 R2DBC repository interfaces.
&amp#27;[2m2025-08-17T16:47:04.558+01:00&amp#27;[0;39m &amp#27;[32mDEBUG&amp#27;[0;39m &amp#27;[35m26824&amp#27;[0;39m &amp#27;[2m---&amp#27;[0;39m &amp#27;[2m[transferer] [           main]&amp#27;[0;39m &amp#27;[2m&amp#27;[0;39m&amp#27;[36mc.t.shared.outbox.OutboxEventBus        &amp#27;[0;39m &amp#27;[2m:&amp#27;[0;39m Subscribed handler to event class: PaymentStepAdvancedEvent
&amp#27;[2m2025-08-17T16:47:04.558+01:00&amp#27;[0;39m &amp#27;[32mDEBUG&amp#27;[0;39m &amp#27;[35m26824&amp#27;[0;39m &amp#27;[2m---&amp#27;[0;39m &amp#27;[2m[transferer] [           main]&amp#27;[0;39m &amp#27;[2m&amp#27;[0;39m&amp#27;[36mc.t.shared.outbox.OutboxEventBus        &amp#27;[0;39m &amp#27;[2m:&amp#27;[0;39m Subscribed handler to event class: TransactionCreatedEvent
&amp#27;[2m2025-08-17T16:47:04.558+01:00&amp#27;[0;39m &amp#27;[32mDEBUG&amp#27;[0;39m &amp#27;[35m26824&amp#27;[0;39m &amp#27;[2m---&amp#27;[0;39m &amp#27;[2m[transferer] [           main]&amp#27;[0;39m &amp#27;[2m&amp#27;[0;39m&amp#27;[36mc.t.shared.outbox.OutboxEventBus        &amp#27;[0;39m &amp#27;[2m:&amp#27;[0;39m Subscribed handler to event class: AccountDebitedEvent
&amp#27;[2m2025-08-17T16:47:04.558+01:00&amp#27;[0;39m &amp#27;[32mDEBUG&amp#27;[0;39m &amp#27;[35m26824&amp#27;[0;39m &amp#27;[2m---&amp#27;[0;39m &amp#27;[2m[transferer] [           main]&amp#27;[0;39m &amp#27;[2m&amp#27;[0;39m&amp#27;[36mc.t.shared.outbox.OutboxEventBus        &amp#27;[0;39m &amp#27;[2m:&amp#27;[0;39m Subscribed handler to event class: AccountCreditedEvent
&amp#27;[2m2025-08-17T16:47:04.558+01:00&amp#27;[0;39m &amp#27;[32mDEBUG&amp#27;[0;39m &amp#27;[35m26824&amp#27;[0;39m &amp#27;[2m---&amp#27;[0;39m &amp#27;[2m[transferer] [           main]&amp#27;[0;39m &amp#27;[2m&amp#27;[0;39m&amp#27;[36mc.t.shared.outbox.OutboxEventBus        &amp#27;[0;39m &amp#27;[2m:&amp#27;[0;39m Subscribed handler to event class: TransactionCompletedEvent
&amp#27;[2m2025-08-17T16:47:04.558+01:00&amp#27;[0;39m &amp#27;[32mDEBUG&amp#27;[0;39m &amp#27;[35m26824&amp#27;[0;39m &amp#27;[2m---&amp#27;[0;39m &amp#27;[2m[transferer] [           main]&amp#27;[0;39m &amp#27;[2m&amp#27;[0;39m&amp#27;[36mc.t.shared.outbox.OutboxEventBus        &amp#27;[0;39m &amp#27;[2m:&amp#27;[0;39m Subscribed handler to event class: PaymentFailedEvent
&amp#27;[2m2025-08-17T16:47:04.560+01:00&amp#27;[0;39m &amp#27;[32mDEBUG&amp#27;[0;39m &amp#27;[35m26824&amp#27;[0;39m &amp#27;[2m---&amp#27;[0;39m &amp#27;[2m[transferer] [       single-1]&amp#27;[0;39m &amp#27;[2m&amp#27;[0;39m&amp#27;[36mio.r2dbc.h2.client.SessionClient        &amp#27;[0;39m &amp#27;[2m:&amp#27;[0;39m Request:  CALL H2VERSION()
&amp#27;[2m2025-08-17T16:47:04.560+01:00&amp#27;[0;39m &amp#27;[32mDEBUG&amp#27;[0;39m &amp#27;[35m26824&amp#27;[0;39m &amp#27;[2m---&amp#27;[0;39m &amp#27;[2m[transferer] [       single-1]&amp#27;[0;39m &amp#27;[2m&amp#27;[0;39m&amp#27;[36mio.r2dbc.h2.client.SessionClient        &amp#27;[0;39m &amp#27;[2m:&amp#27;[0;39m Response: org.h2.result.LocalResult@477fd4fb columns: 1 rows: 1 pos: -1
&amp#27;[2m2025-08-17T16:47:04.560+01:00&amp#27;[0;39m &amp#27;[32mDEBUG&amp#27;[0;39m &amp#27;[35m26824&amp#27;[0;39m &amp#27;[2m---&amp#27;[0;39m &amp#27;[2m[transferer] [       single-1]&amp#27;[0;39m &amp#27;[2m&amp#27;[0;39m&amp#27;[36mio.r2dbc.h2.client.SessionClient        &amp#27;[0;39m &amp#27;[2m:&amp#27;[0;39m Request:  SELECT 1
&amp#27;[2m2025-08-17T16:47:04.560+01:00&amp#27;[0;39m &amp#27;[32mDEBUG&amp#27;[0;39m &amp#27;[35m26824&amp#27;[0;39m &amp#27;[2m---&amp#27;[0;39m &amp#27;[2m[transferer] [       single-1]&amp#27;[0;39m &amp#27;[2m&amp#27;[0;39m&amp#27;[36mio.r2dbc.h2.client.SessionClient        &amp#27;[0;39m &amp#27;[2m:&amp#27;[0;39m Response: org.h2.result.LocalResult@50359af4 columns: 1 rows: 1 pos: -1
&amp#27;[2m2025-08-17T16:47:04.560+01:00&amp#27;[0;39m &amp#27;[32mDEBUG&amp#27;[0;39m &amp#27;[35m26824&amp#27;[0;39m &amp#27;[2m---&amp#27;[0;39m &amp#27;[2m[transferer] [       single-1]&amp#27;[0;39m &amp#27;[2m&amp#27;[0;39m&amp#27;[36mo.s.r2dbc.connection.init.ScriptUtils   &amp#27;[0;39m &amp#27;[2m:&amp#27;[0;39m Executing SQL script from class path resource [test-schema.sql]
&amp#27;[2m2025-08-17T16:47:04.560+01:00&amp#27;[0;39m &amp#27;[32mDEBUG&amp#27;[0;39m &amp#27;[35m26824&amp#27;[0;39m &amp#27;[2m---&amp#27;[0;39m &amp#27;[2m[transferer] [       single-1]&amp#27;[0;39m &amp#27;[2m&amp#27;[0;39m&amp#27;[36mio.r2dbc.h2.client.SessionClient        &amp#27;[0;39m &amp#27;[2m:&amp#27;[0;39m Request:  CALL H2VERSION()
&amp#27;[2m2025-08-17T16:47:04.561+01:00&amp#27;[0;39m &amp#27;[32mDEBUG&amp#27;[0;39m &amp#27;[35m26824&amp#27;[0;39m &amp#27;[2m---&amp#27;[0;39m &amp#27;[2m[transferer] [       single-1]&amp#27;[0;39m &amp#27;[2m&amp#27;[0;39m&amp#27;[36mio.r2dbc.h2.client.SessionClient        &amp#27;[0;39m &amp#27;[2m:&amp#27;[0;39m Response: org.h2.result.LocalResult@80f5b06 columns: 1 rows: 1 pos: -1
&amp#27;[2m2025-08-17T16:47:04.561+01:00&amp#27;[0;39m &amp#27;[32mDEBUG&amp#27;[0;39m &amp#27;[35m26824&amp#27;[0;39m &amp#27;[2m---&amp#27;[0;39m &amp#27;[2m[transferer] [       single-1]&amp#27;[0;39m &amp#27;[2m&amp#27;[0;39m&amp#27;[36mio.r2dbc.h2.client.SessionClient        &amp#27;[0;39m &amp#27;[2m:&amp#27;[0;39m Request:  CALL H2VERSION()
&amp#27;[2m2025-08-17T16:47:04.561+01:00&amp#27;[0;39m &amp#27;[32mDEBUG&amp#27;[0;39m &amp#27;[35m26824&amp#27;[0;39m &amp#27;[2m---&amp#27;[0;39m &amp#27;[2m[transferer] [       single-1]&amp#27;[0;39m &amp#27;[2m&amp#27;[0;39m&amp#27;[36mio.r2dbc.h2.client.SessionClient        &amp#27;[0;39m &amp#27;[2m:&amp#27;[0;39m Response: org.h2.result.LocalResult@31ee8ef0 columns: 1 rows: 1 pos: -1
&amp#27;[2m2025-08-17T16:47:04.561+01:00&amp#27;[0;39m &amp#27;[32mDEBUG&amp#27;[0;39m &amp#27;[35m26824&amp#27;[0;39m &amp#27;[2m---&amp#27;[0;39m &amp#27;[2m[transferer] [       single-1]&amp#27;[0;39m &amp#27;[2m&amp#27;[0;39m&amp#27;[36mio.r2dbc.h2.client.SessionClient        &amp#27;[0;39m &amp#27;[2m:&amp#27;[0;39m Request:  CALL H2VERSION()
&amp#27;[2m2025-08-17T16:47:04.561+01:00&amp#27;[0;39m &amp#27;[32mDEBUG&amp#27;[0;39m &amp#27;[35m26824&amp#27;[0;39m &amp#27;[2m---&amp#27;[0;39m &amp#27;[2m[transferer] [       single-1]&amp#27;[0;39m &amp#27;[2m&amp#27;[0;39m&amp#27;[36mio.r2dbc.h2.client.SessionClient        &amp#27;[0;39m &amp#27;[2m:&amp#27;[0;39m Response: org.h2.result.LocalResult@7f851656 columns: 1 rows: 1 pos: -1
&amp#27;[2m2025-08-17T16:47:04.561+01:00&amp#27;[0;39m &amp#27;[32mDEBUG&amp#27;[0;39m &amp#27;[35m26824&amp#27;[0;39m &amp#27;[2m---&amp#27;[0;39m &amp#27;[2m[transferer] [       single-1]&amp#27;[0;39m &amp#27;[2m&amp#27;[0;39m&amp#27;[36mio.r2dbc.h2.client.SessionClient        &amp#27;[0;39m &amp#27;[2m:&amp#27;[0;39m Request:  CALL H2VERSION()
&amp#27;[2m2025-08-17T16:47:04.561+01:00&amp#27;[0;39m &amp#27;[32mDEBUG&amp#27;[0;39m &amp#27;[35m26824&amp#27;[0;39m &amp#27;[2m---&amp#27;[0;39m &amp#27;[2m[transferer] [       single-1]&amp#27;[0;39m &amp#27;[2m&amp#27;[0;39m&amp#27;[36mio.r2dbc.h2.client.SessionClient        &amp#27;[0;39m &amp#27;[2m:&amp#27;[0;39m Response: org.h2.result.LocalResult@31bc168 columns: 1 rows: 1 pos: -1
&amp#27;[2m2025-08-17T16:47:04.561+01:00&amp#27;[0;39m &amp#27;[32mDEBUG&amp#27;[0;39m &amp#27;[35m26824&amp#27;[0;39m &amp#27;[2m---&amp#27;[0;39m &amp#27;[2m[transferer] [       Thread-3]&amp#27;[0;39m &amp#27;[2m&amp#27;[0;39m&amp#27;[36mio.r2dbc.h2.client.SessionClient        &amp#27;[0;39m &amp#27;[2m:&amp#27;[0;39m Request:  CREATE TABLE IF NOT EXISTS accounts ( id VARCHAR(255) PRIMARY KEY, account_number VARCHAR(20) UNIQUE NOT NULL, holder_name VARCHAR(255) NOT NULL, balance DECIMAL(19,2) NOT NULL DEFAULT 0.00, status VARCHAR(20) NOT NULL DEFAULT 'ACTIVE', created_at TIMESTAMP NOT NULL DEFAULT CURRENT_TIMESTAMP, updated_at TIMESTAMP NOT NULL DEFAULT CURRENT_TIMESTAMP )
&amp#27;[2m2025-08-17T16:47:04.561+01:00&amp#27;[0;39m &amp#27;[32mDEBUG&amp#27;[0;39m &amp#27;[35m26824&amp#27;[0;39m &amp#27;[2m---&amp#27;[0;39m &amp#27;[2m[transferer] [       single-1]&amp#27;[0;39m &amp#27;[2m&amp#27;[0;39m&amp#27;[36mio.r2dbc.h2.client.SessionClient        &amp#27;[0;39m &amp#27;[2m:&amp#27;[0;39m Request:  CALL H2VERSION()
&amp#27;[2m2025-08-17T16:47:04.561+01:00&amp#27;[0;39m &amp#27;[32mDEBUG&amp#27;[0;39m &amp#27;[35m26824&amp#27;[0;39m &amp#27;[2m---&amp#27;[0;39m &amp#27;[2m[transferer] [       single-1]&amp#27;[0;39m &amp#27;[2m&amp#27;[0;39m&amp#27;[36mio.r2dbc.h2.client.SessionClient        &amp#27;[0;39m &amp#27;[2m:&amp#27;[0;39m Response: org.h2.result.LocalResult@71be7d66 columns: 1 rows: 1 pos: -1
&amp#27;[2m2025-08-17T16:47:04.561+01:00&amp#27;[0;39m &amp#27;[32mDEBUG&amp#27;[0;39m &amp#27;[35m26824&amp#27;[0;39m &amp#27;[2m---&amp#27;[0;39m &amp#27;[2m[transferer] [       Thread-3]&amp#27;[0;39m &amp#27;[2m&amp#27;[0;39m&amp#27;[36mo.s.r2dbc.connection.init.ScriptUtils   &amp#27;[0;39m &amp#27;[2m:&amp#27;[0;39m 0 returned as update count for SQL: CREATE TABLE IF NOT EXISTS accounts ( id VARCHAR(255) PRIMARY KEY, account_number VARCHAR(20) UNIQUE NOT NULL, holder_name VARCHAR(255) NOT NULL, balance DECIMAL(19,2) NOT NULL DEFAULT 0.00, status VARCHAR(20) NOT NULL DEFAULT 'ACTIVE', created_at TIMESTAMP NOT NULL DEFAULT CURRENT_TIMESTAMP, updated_at TIMESTAMP NOT NULL DEFAULT CURRENT_TIMESTAMP )
&amp#27;[2m2025-08-17T16:47:04.561+01:00&amp#27;[0;39m &amp#27;[32mDEBUG&amp#27;[0;39m &amp#27;[35m26824&amp#27;[0;39m &amp#27;[2m---&amp#27;[0;39m &amp#27;[2m[transferer] [       Thread-3]&amp#27;[0;39m &amp#27;[2m&amp#27;[0;39m&amp#27;[36mio.r2dbc.h2.client.SessionClient        &amp#27;[0;39m &amp#27;[2m:&amp#27;[0;39m Request:  CREATE INDEX IF NOT EXISTS idx_accounts_account_number ON accounts (account_number)
&amp#27;[2m2025-08-17T16:47:04.561+01:00&amp#27;[0;39m &amp#27;[32mDEBUG&amp#27;[0;39m &amp#27;[35m26824&amp#27;[0;39m &amp#27;[2m---&amp#27;[0;39m &amp#27;[2m[transferer] [       Thread-3]&amp#27;[0;39m &amp#27;[2m&amp#27;[0;39m&amp#27;[36mo.s.r2dbc.connection.init.ScriptUtils   &amp#27;[0;39m &amp#27;[2m:&amp#27;[0;39m 0 returned as update count for SQL: CREATE INDEX IF NOT EXISTS idx_accounts_account_number ON accounts (account_number)
&amp#27;[2m2025-08-17T16:47:04.561+01:00&amp#27;[0;39m &amp#27;[32mDEBUG&amp#27;[0;39m &amp#27;[35m26824&amp#27;[0;39m &amp#27;[2m---&amp#27;[0;39m &amp#27;[2m[transferer] [       Thread-3]&amp#27;[0;39m &amp#27;[2m&amp#27;[0;39m&amp#27;[36mio.r2dbc.h2.client.SessionClient        &amp#27;[0;39m &amp#27;[2m:&amp#27;[0;39m Request:  CREATE INDEX IF NOT EXISTS idx_accounts_status ON accounts (status)
&amp#27;[2m2025-08-17T16:47:04.561+01:00&amp#27;[0;39m &amp#27;[32mDEBUG&amp#27;[0;39m &amp#27;[35m26824&amp#27;[0;39m &amp#27;[2m---&amp#27;[0;39m &amp#27;[2m[transferer] [       Thread-3]&amp#27;[0;39m &amp#27;[2m&amp#27;[0;39m&amp#27;[36mo.s.r2dbc.connection.init.ScriptUtils   &amp#27;[0;39m &amp#27;[2m:&amp#27;[0;39m 0 returned as update count for SQL: CREATE INDEX IF NOT EXISTS idx_accounts_status ON accounts (status)
&amp#27;[2m2025-08-17T16:47:04.561+01:00&amp#27;[0;39m &amp#27;[32mDEBUG&amp#27;[0;39m &amp#27;[35m26824&amp#27;[0;39m &amp#27;[2m---&amp#27;[0;39m &amp#27;[2m[transferer] [       Thread-3]&amp#27;[0;39m &amp#27;[2m&amp#27;[0;39m&amp#27;[36mio.r2dbc.h2.client.SessionClient        &amp#27;[0;39m &amp#27;[2m:&amp#27;[0;39m Request:  CREATE TABLE IF NOT EXISTS transactions ( id VARCHAR(255) PRIMARY KEY, sender_account_id VARCHAR(255) NOT NULL, recipient_account_id VARCHAR(255) NOT NULL, amount DECIMAL(19,2) NOT NULL, status VARCHAR(20) NOT NULL DEFAULT 'PENDING', description TEXT, created_at TIMESTAMP NOT NULL DEFAULT CURRENT_TIMESTAMP, updated_at TIMESTAMP NOT NULL DEFAULT CURRENT_TIMESTAMP, completed_at TIMESTAMP NULL, CONSTRAINT fk_transactions_sender FOREIGN KEY (sender_account_id) REFERENCES accounts(id), CONSTRAINT fk_transactions_recipient FOREIGN KEY (recipient_account_id) REFERENCES accounts(id), CONSTRAINT chk_transactions_amount_positive CHECK (amount > 0), CONSTRAINT chk_transactions_different_accounts CHECK (sender_account_id != recipient_account_id) )
&amp#27;[2m2025-08-17T16:47:04.561+01:00&amp#27;[0;39m &amp#27;[32mDEBUG&amp#27;[0;39m &amp#27;[35m26824&amp#27;[0;39m &amp#27;[2m---&amp#27;[0;39m &amp#27;[2m[transferer] [       Thread-3]&amp#27;[0;39m &amp#27;[2m&amp#27;[0;39m&amp#27;[36mo.s.r2dbc.connection.init.ScriptUtils   &amp#27;[0;39m &amp#27;[2m:&amp#27;[0;39m 0 returned as update count for SQL: CREATE TABLE IF NOT EXISTS transactions ( id VARCHAR(255) PRIMARY KEY, sender_account_id VARCHAR(255) NOT NULL, recipient_account_id VARCHAR(255) NOT NULL, amount DECIMAL(19,2) NOT NULL, status VARCHAR(20) NOT NULL DEFAULT 'PENDING', description TEXT, created_at TIMESTAMP NOT NULL DEFAULT CURRENT_TIMESTAMP, updated_at TIMESTAMP NOT NULL DEFAULT CURRENT_TIMESTAMP, completed_at TIMESTAMP NULL, CONSTRAINT fk_transactions_sender FOREIGN KEY (sender_account_id) REFERENCES accounts(id), CONSTRAINT fk_transactions_recipient FOREIGN KEY (recipient_account_id) REFERENCES accounts(id), CONSTRAINT chk_transactions_amount_positive CHECK (amount > 0), CONSTRAINT chk_transactions_different_accounts CHECK (sender_account_id != recipient_account_id) )
&amp#27;[2m2025-08-17T16:47:04.561+01:00&amp#27;[0;39m &amp#27;[32mDEBUG&amp#27;[0;39m &amp#27;[35m26824&amp#27;[0;39m &amp#27;[2m---&amp#27;[0;39m &amp#27;[2m[transferer] [       Thread-3]&amp#27;[0;39m &amp#27;[2m&amp#27;[0;39m&amp#27;[36mio.r2dbc.h2.client.SessionClient        &amp#27;[0;39m &amp#27;[2m:&amp#27;[0;39m Request:  CREATE INDEX IF NOT EXISTS idx_transactions_sender_account_id ON transactions (sender_account_id)
&amp#27;[2m2025-08-17T16:47:04.561+01:00&amp#27;[0;39m &amp#27;[32mDEBUG&amp#27;[0;39m &amp#27;[35m26824&amp#27;[0;39m &amp#27;[2m---&amp#27;[0;39m &amp#27;[2m[transferer] [       Thread-3]&amp#27;[0;39m &amp#27;[2m&amp#27;[0;39m&amp#27;[36mo.s.r2dbc.connection.init.ScriptUtils   &amp#27;[0;39m &amp#27;[2m:&amp#27;[0;39m 0 returned as update count for SQL: CREATE INDEX IF NOT EXISTS idx_transactions_sender_account_id ON transactions (sender_account_id)
&amp#27;[2m2025-08-17T16:47:04.561+01:00&amp#27;[0;39m &amp#27;[32mDEBUG&amp#27;[0;39m &amp#27;[35m26824&amp#27;[0;39m &amp#27;[2m---&amp#27;[0;39m &amp#27;[2m[transferer] [       single-1]&amp#27;[0;39m &amp#27;[2m&amp#27;[0;39m&amp#27;[36mio.r2dbc.h2.client.SessionClient        &amp#27;[0;39m &amp#27;[2m:&amp#27;[0;39m Request:  CALL H2VERSION()
&amp#27;[2m2025-08-17T16:47:04.562+01:00&amp#27;[0;39m &amp#27;[32mDEBUG&amp#27;[0;39m &amp#27;[35m26824&amp#27;[0;39m &amp#27;[2m---&amp#27;[0;39m &amp#27;[2m[transferer] [       Thread-3]&amp#27;[0;39m &amp#27;[2m&amp#27;[0;39m&amp#27;[36mio.r2dbc.h2.client.SessionClient        &amp#27;[0;39m &amp#27;[2m:&amp#27;[0;39m Request:  CREATE INDEX IF NOT EXISTS idx_transactions_recipient_account_id ON transactions (recipient_account_id)
&amp#27;[2m2025-08-17T16:47:04.562+01:00&amp#27;[0;39m &amp#27;[32mDEBUG&amp#27;[0;39m &amp#27;[35m26824&amp#27;[0;39m &amp#27;[2m---&amp#27;[0;39m &amp#27;[2m[transferer] [       Thread-3]&amp#27;[0;39m &amp#27;[2m&amp#27;[0;39m&amp#27;[36mo.s.r2dbc.connection.init.ScriptUtils   &amp#27;[0;39m &amp#27;[2m:&amp#27;[0;39m 0 returned as update count for SQL: CREATE INDEX IF NOT EXISTS idx_transactions_recipient_account_id ON transactions (recipient_account_id)
&amp#27;[2m2025-08-17T16:47:04.562+01:00&amp#27;[0;39m &amp#27;[32mDEBUG&amp#27;[0;39m &amp#27;[35m26824&amp#27;[0;39m &amp#27;[2m---&amp#27;[0;39m &amp#27;[2m[transferer] [       single-1]&amp#27;[0;39m &amp#27;[2m&amp#27;[0;39m&amp#27;[36mio.r2dbc.h2.client.SessionClient        &amp#27;[0;39m &amp#27;[2m:&amp#27;[0;39m Response: org.h2.result.LocalResult@3462e4af columns: 1 rows: 1 pos: -1
&amp#27;[2m2025-08-17T16:47:04.562+01:00&amp#27;[0;39m &amp#27;[32mDEBUG&amp#27;[0;39m &amp#27;[35m26824&amp#27;[0;39m &amp#27;[2m---&amp#27;[0;39m &amp#27;[2m[transferer] [       Thread-3]&amp#27;[0;39m &amp#27;[2m&amp#27;[0;39m&amp#27;[36mio.r2dbc.h2.client.SessionClient        &amp#27;[0;39m &amp#27;[2m:&amp#27;[0;39m Request:  CREATE INDEX IF NOT EXISTS idx_transactions_status ON transactions (status)
&amp#27;[2m2025-08-17T16:47:04.562+01:00&amp#27;[0;39m &amp#27;[32mDEBUG&amp#27;[0;39m &amp#27;[35m26824&amp#27;[0;39m &amp#27;[2m---&amp#27;[0;39m &amp#27;[2m[transferer] [       Thread-3]&amp#27;[0;39m &amp#27;[2m&amp#27;[0;39m&amp#27;[36mo.s.r2dbc.connection.init.ScriptUtils   &amp#27;[0;39m &amp#27;[2m:&amp#27;[0;39m 0 returned as update count for SQL: CREATE INDEX IF NOT EXISTS idx_transactions_status ON transactions (status)
&amp#27;[2m2025-08-17T16:47:04.562+01:00&amp#27;[0;39m &amp#27;[32mDEBUG&amp#27;[0;39m &amp#27;[35m26824&amp#27;[0;39m &amp#27;[2m---&amp#27;[0;39m &amp#27;[2m[transferer] [       Thread-3]&amp#27;[0;39m &amp#27;[2m&amp#27;[0;39m&amp#27;[36mio.r2dbc.h2.client.SessionClient        &amp#27;[0;39m &amp#27;[2m:&amp#27;[0;39m Request:  CREATE INDEX IF NOT EXISTS idx_transactions_created_at ON transactions (created_at)
&amp#27;[2m2025-08-17T16:47:04.562+01:00&amp#27;[0;39m &amp#27;[32mDEBUG&amp#27;[0;39m &amp#27;[35m26824&amp#27;[0;39m &amp#27;[2m---&amp#27;[0;39m &amp#27;[2m[transferer] [       Thread-3]&amp#27;[0;39m &amp#27;[2m&amp#27;[0;39m&amp#27;[36mo.s.r2dbc.connection.init.ScriptUtils   &amp#27;[0;39m &amp#27;[2m:&amp#27;[0;39m 0 returned as update count for SQL: CREATE INDEX IF NOT EXISTS idx_transactions_created_at ON transactions (created_at)
&amp#27;[2m2025-08-17T16:47:04.562+01:00&amp#27;[0;39m &amp#27;[32mDEBUG&amp#27;[0;39m &amp#27;[35m26824&amp#27;[0;39m &amp#27;[2m---&amp#27;[0;39m &amp#27;[2m[transferer] [       single-1]&amp#27;[0;39m &amp#27;[2m&amp#27;[0;39m&amp#27;[36mio.r2dbc.h2.client.SessionClient        &amp#27;[0;39m &amp#27;[2m:&amp#27;[0;39m Request:  CALL H2VERSION()
&amp#27;[2m2025-08-17T16:47:04.562+01:00&amp#27;[0;39m &amp#27;[32mDEBUG&amp#27;[0;39m &amp#27;[35m26824&amp#27;[0;39m &amp#27;[2m---&amp#27;[0;39m &amp#27;[2m[transferer] [       single-1]&amp#27;[0;39m &amp#27;[2m&amp#27;[0;39m&amp#27;[36mio.r2dbc.h2.client.SessionClient        &amp#27;[0;39m &amp#27;[2m:&amp#27;[0;39m Response: org.h2.result.LocalResult@630273d3 columns: 1 rows: 1 pos: -1
&amp#27;[2m2025-08-17T16:47:04.562+01:00&amp#27;[0;39m &amp#27;[32mDEBUG&amp#27;[0;39m &amp#27;[35m26824&amp#27;[0;39m &amp#27;[2m---&amp#27;[0;39m &amp#27;[2m[transferer] [       single-1]&amp#27;[0;39m &amp#27;[2m&amp#27;[0;39m&amp#27;[36mio.r2dbc.h2.client.SessionClient        &amp#27;[0;39m &amp#27;[2m:&amp#27;[0;39m Request:  CALL H2VERSION()
&amp#27;[2m2025-08-17T16:47:04.562+01:00&amp#27;[0;39m &amp#27;[32mDEBUG&amp#27;[0;39m &amp#27;[35m26824&amp#27;[0;39m &amp#27;[2m---&amp#27;[0;39m &amp#27;[2m[transferer] [       single-1]&amp#27;[0;39m &amp#27;[2m&amp#27;[0;39m&amp#27;[36mio.r2dbc.h2.client.SessionClient        &amp#27;[0;39m &amp#27;[2m:&amp#27;[0;39m Response: org.h2.result.LocalResult@3ecfee5a columns: 1 rows: 1 pos: -1
&amp#27;[2m2025-08-17T16:47:04.562+01:00&amp#27;[0;39m &amp#27;[32mDEBUG&amp#27;[0;39m &amp#27;[35m26824&amp#27;[0;39m &amp#27;[2m---&amp#27;[0;39m &amp#27;[2m[transferer] [       Thread-3]&amp#27;[0;39m &amp#27;[2m&amp#27;[0;39m&amp#27;[36mio.r2dbc.h2.client.SessionClient        &amp#27;[0;39m &amp#27;[2m:&amp#27;[0;39m Request:  CREATE TABLE IF NOT EXISTS payments ( id VARCHAR(255) PRIMARY KEY, transaction_id VARCHAR(255), sender_account_id VARCHAR(255) NOT NULL, recipient_account_id VARCHAR(255) NOT NULL, amount DECIMAL(19,2) NOT NULL, description TEXT, status VARCHAR(20) NOT NULL DEFAULT 'PENDING', current_step VARCHAR(50) NOT NULL DEFAULT 'INITIATED', failure_reason TEXT, created_at TIMESTAMP NOT NULL DEFAULT CURRENT_TIMESTAMP, updated_at TIMESTAMP NOT NULL DEFAULT CURRENT_TIMESTAMP, completed_at TIMESTAMP NULL, CONSTRAINT fk_payments_transaction FOREIGN KEY (transaction_id) REFERENCES transactions(id), CONSTRAINT fk_payments_sender FOREIGN KEY (sender_account_id) REFERENCES accounts(id), CONSTRAINT fk_payments_recipient FOREIGN KEY (recipient_account_id) REFERENCES accounts(id), CONSTRAINT chk_payments_amount_positive CHECK (amount > 0), CONSTRAINT chk_payments_different_accounts CHECK (sender_account_id != recipient_account_id) )
&amp#27;[2m2025-08-17T16:47:04.562+01:00&amp#27;[0;39m &amp#27;[32mDEBUG&amp#27;[0;39m &amp#27;[35m26824&amp#27;[0;39m &amp#27;[2m---&amp#27;[0;39m &amp#27;[2m[transferer] [       single-1]&amp#27;[0;39m &amp#27;[2m&amp#27;[0;39m&amp#27;[36mio.r2dbc.h2.client.SessionClient        &amp#27;[0;39m &amp#27;[2m:&amp#27;[0;39m Request:  CALL H2VERSION()
&amp#27;[2m2025-08-17T16:47:04.562+01:00&amp#27;[0;39m &amp#27;[32mDEBUG&amp#27;[0;39m &amp#27;[35m26824&amp#27;[0;39m &amp#27;[2m---&amp#27;[0;39m &amp#27;[2m[transferer] [       single-1]&amp#27;[0;39m &amp#27;[2m&amp#27;[0;39m&amp#27;[36mio.r2dbc.h2.client.SessionClient        &amp#27;[0;39m &amp#27;[2m:&amp#27;[0;39m Response: org.h2.result.LocalResult@3c18e1a8 columns: 1 rows: 1 pos: -1
&amp#27;[2m2025-08-17T16:47:04.562+01:00&amp#27;[0;39m &amp#27;[32mDEBUG&amp#27;[0;39m &amp#27;[35m26824&amp#27;[0;39m &amp#27;[2m---&amp#27;[0;39m &amp#27;[2m[transferer] [       Thread-3]&amp#27;[0;39m &amp#27;[2m&amp#27;[0;39m&amp#27;[36mo.s.r2dbc.connection.init.ScriptUtils   &amp#27;[0;39m &amp#27;[2m:&amp#27;[0;39m 0 returned as update count for SQL: CREATE TABLE IF NOT EXISTS payments ( id VARCHAR(255) PRIMARY KEY, transaction_id VARCHAR(255), sender_account_id VARCHAR(255) NOT NULL, recipient_account_id VARCHAR(255) NOT NULL, amount DECIMAL(19,2) NOT NULL, description TEXT, status VARCHAR(20) NOT NULL DEFAULT 'PENDING', current_step VARCHAR(50) NOT NULL DEFAULT 'INITIATED', failure_reason TEXT, created_at TIMESTAMP NOT NULL DEFAULT CURRENT_TIMESTAMP, updated_at TIMESTAMP NOT NULL DEFAULT CURRENT_TIMESTAMP, completed_at TIMESTAMP NULL, CONSTRAINT fk_payments_transaction FOREIGN KEY (transaction_id) REFERENCES transactions(id), CONSTRAINT fk_payments_sender FOREIGN KEY (sender_account_id) REFERENCES accounts(id), CONSTRAINT fk_payments_recipient FOREIGN KEY (recipient_account_id) REFERENCES accounts(id), CONSTRAINT chk_payments_amount_positive CHECK (amount > 0), CONSTRAINT chk_payments_different_accounts CHECK (sender_account_id != recipient_account_id) )
&amp#27;[2m2025-08-17T16:47:04.562+01:00&amp#27;[0;39m &amp#27;[32mDEBUG&amp#27;[0;39m &amp#27;[35m26824&amp#27;[0;39m &amp#27;[2m---&amp#27;[0;39m &amp#27;[2m[transferer] [       Thread-3]&amp#27;[0;39m &amp#27;[2m&amp#27;[0;39m&amp#27;[36mio.r2dbc.h2.client.SessionClient        &amp#27;[0;39m &amp#27;[2m:&amp#27;[0;39m Request:  CREATE INDEX IF NOT EXISTS idx_payments_transaction_id ON payments (transaction_id)
&amp#27;[2m2025-08-17T16:47:04.562+01:00&amp#27;[0;39m &amp#27;[32mDEBUG&amp#27;[0;39m &amp#27;[35m26824&amp#27;[0;39m &amp#27;[2m---&amp#27;[0;39m &amp#27;[2m[transferer] [       Thread-3]&amp#27;[0;39m &amp#27;[2m&amp#27;[0;39m&amp#27;[36mo.s.r2dbc.connection.init.ScriptUtils   &amp#27;[0;39m &amp#27;[2m:&amp#27;[0;39m 0 returned as update count for SQL: CREATE INDEX IF NOT EXISTS idx_payments_transaction_id ON payments (transaction_id)
&amp#27;[2m2025-08-17T16:47:04.562+01:00&amp#27;[0;39m &amp#27;[32mDEBUG&amp#27;[0;39m &amp#27;[35m26824&amp#27;[0;39m &amp#27;[2m---&amp#27;[0;39m &amp#27;[2m[transferer] [       Thread-3]&amp#27;[0;39m &amp#27;[2m&amp#27;[0;39m&amp#27;[36mio.r2dbc.h2.client.SessionClient        &amp#27;[0;39m &amp#27;[2m:&amp#27;[0;39m Request:  CREATE INDEX IF NOT EXISTS idx_payments_sender_account_id ON payments (sender_account_id)
&amp#27;[2m2025-08-17T16:47:04.562+01:00&amp#27;[0;39m &amp#27;[32mDEBUG&amp#27;[0;39m &amp#27;[35m26824&amp#27;[0;39m &amp#27;[2m---&amp#27;[0;39m &amp#27;[2m[transferer] [       Thread-3]&amp#27;[0;39m &amp#27;[2m&amp#27;[0;39m&amp#27;[36mo.s.r2dbc.connection.init.ScriptUtils   &amp#27;[0;39m &amp#27;[2m:&amp#27;[0;39m 0 returned as update count for SQL: CREATE INDEX IF NOT EXISTS idx_payments_sender_account_id ON payments (sender_account_id)
&amp#27;[2m2025-08-17T16:47:04.562+01:00&amp#27;[0;39m &amp#27;[32mDEBUG&amp#27;[0;39m &amp#27;[35m26824&amp#27;[0;39m &amp#27;[2m---&amp#27;[0;39m &amp#27;[2m[transferer] [       Thread-3]&amp#27;[0;39m &amp#27;[2m&amp#27;[0;39m&amp#27;[36mio.r2dbc.h2.client.SessionClient        &amp#27;[0;39m &amp#27;[2m:&amp#27;[0;39m Request:  CREATE INDEX IF NOT EXISTS idx_payments_recipient_account_id ON payments (recipient_account_id)
&amp#27;[2m2025-08-17T16:47:04.562+01:00&amp#27;[0;39m &amp#27;[32mDEBUG&amp#27;[0;39m &amp#27;[35m26824&amp#27;[0;39m &amp#27;[2m---&amp#27;[0;39m &amp#27;[2m[transferer] [       Thread-3]&amp#27;[0;39m &amp#27;[2m&amp#27;[0;39m&amp#27;[36mo.s.r2dbc.connection.init.ScriptUtils   &amp#27;[0;39m &amp#27;[2m:&amp#27;[0;39m 0 returned as update count for SQL: CREATE INDEX IF NOT EXISTS idx_payments_recipient_account_id ON payments (recipient_account_id)
&amp#27;[2m2025-08-17T16:47:04.562+01:00&amp#27;[0;39m &amp#27;[32mDEBUG&amp#27;[0;39m &amp#27;[35m26824&amp#27;[0;39m &amp#27;[2m---&amp#27;[0;39m &amp#27;[2m[transferer] [       Thread-3]&amp#27;[0;39m &amp#27;[2m&amp#27;[0;39m&amp#27;[36mio.r2dbc.h2.client.SessionClient        &amp#27;[0;39m &amp#27;[2m:&amp#27;[0;39m Request:  CREATE INDEX IF NOT EXISTS idx_payments_status ON payments (status)
&amp#27;[2m2025-08-17T16:47:04.562+01:00&amp#27;[0;39m &amp#27;[32mDEBUG&amp#27;[0;39m &amp#27;[35m26824&amp#27;[0;39m &amp#27;[2m---&amp#27;[0;39m &amp#27;[2m[transferer] [       Thread-3]&amp#27;[0;39m &amp#27;[2m&amp#27;[0;39m&amp#27;[36mo.s.r2dbc.connection.init.ScriptUtils   &amp#27;[0;39m &amp#27;[2m:&amp#27;[0;39m 0 returned as update count for SQL: CREATE INDEX IF NOT EXISTS idx_payments_status ON payments (status)
&amp#27;[2m2025-08-17T16:47:04.562+01:00&amp#27;[0;39m &amp#27;[32mDEBUG&amp#27;[0;39m &amp#27;[35m26824&amp#27;[0;39m &amp#27;[2m---&amp#27;[0;39m &amp#27;[2m[transferer] [       Thread-3]&amp#27;[0;39m &amp#27;[2m&amp#27;[0;39m&amp#27;[36mio.r2dbc.h2.client.SessionClient        &amp#27;[0;39m &amp#27;[2m:&amp#27;[0;39m Request:  CREATE INDEX IF NOT EXISTS idx_payments_current_step ON payments (current_step)
&amp#27;[2m2025-08-17T16:47:04.562+01:00&amp#27;[0;39m &amp#27;[32mDEBUG&amp#27;[0;39m &amp#27;[35m26824&amp#27;[0;39m &amp#27;[2m---&amp#27;[0;39m &amp#27;[2m[transferer] [       Thread-3]&amp#27;[0;39m &amp#27;[2m&amp#27;[0;39m&amp#27;[36mo.s.r2dbc.connection.init.ScriptUtils   &amp#27;[0;39m &amp#27;[2m:&amp#27;[0;39m 0 returned as update count for SQL: CREATE INDEX IF NOT EXISTS idx_payments_current_step ON payments (current_step)
&amp#27;[2m2025-08-17T16:47:04.562+01:00&amp#27;[0;39m &amp#27;[32mDEBUG&amp#27;[0;39m &amp#27;[35m26824&amp#27;[0;39m &amp#27;[2m---&amp#27;[0;39m &amp#27;[2m[transferer] [       Thread-3]&amp#27;[0;39m &amp#27;[2m&amp#27;[0;39m&amp#27;[36mio.r2dbc.h2.client.SessionClient        &amp#27;[0;39m &amp#27;[2m:&amp#27;[0;39m Request:  CREATE INDEX IF NOT EXISTS idx_payments_created_at ON payments (created_at)
&amp#27;[2m2025-08-17T16:47:04.562+01:00&amp#27;[0;39m &amp#27;[32mDEBUG&amp#27;[0;39m &amp#27;[35m26824&amp#27;[0;39m &amp#27;[2m---&amp#27;[0;39m &amp#27;[2m[transferer] [       Thread-3]&amp#27;[0;39m &amp#27;[2m&amp#27;[0;39m&amp#27;[36mo.s.r2dbc.connection.init.ScriptUtils   &amp#27;[0;39m &amp#27;[2m:&amp#27;[0;39m 0 returned as update count for SQL: CREATE INDEX IF NOT EXISTS idx_payments_created_at ON payments (created_at)
&amp#27;[2m2025-08-17T16:47:04.562+01:00&amp#27;[0;39m &amp#27;[32mDEBUG&amp#27;[0;39m &amp#27;[35m26824&amp#27;[0;39m &amp#27;[2m---&amp#27;[0;39m &amp#27;[2m[transferer] [       Thread-3]&amp#27;[0;39m &amp#27;[2m&amp#27;[0;39m&amp#27;[36mio.r2dbc.h2.client.SessionClient        &amp#27;[0;39m &amp#27;[2m:&amp#27;[0;39m Request:  CREATE TABLE IF NOT EXISTS outbox_events ( id BIGINT AUTO_INCREMENT PRIMARY KEY, event_id VARCHAR(255) UNIQUE NOT NULL, event_type VARCHAR(255) NOT NULL, aggregate_id VARCHAR(255) NOT NULL, event_data CLOB NOT NULL, occurred_at TIMESTAMP NOT NULL, processed_at TIMESTAMP NULL, created_at TIMESTAMP NOT NULL DEFAULT CURRENT_TIMESTAMP )
&amp#27;[2m2025-08-17T16:47:04.562+01:00&amp#27;[0;39m &amp#27;[32mDEBUG&amp#27;[0;39m &amp#27;[35m26824&amp#27;[0;39m &amp#27;[2m---&amp#27;[0;39m &amp#27;[2m[transferer] [       Thread-3]&amp#27;[0;39m &amp#27;[2m&amp#27;[0;39m&amp#27;[36mo.s.r2dbc.connection.init.ScriptUtils   &amp#27;[0;39m &amp#27;[2m:&amp#27;[0;39m 0 returned as update count for SQL: CREATE TABLE IF NOT EXISTS outbox_events ( id BIGINT AUTO_INCREMENT PRIMARY KEY, event_id VARCHAR(255) UNIQUE NOT NULL, event_type VARCHAR(255) NOT NULL, aggregate_id VARCHAR(255) NOT NULL, event_data CLOB NOT NULL, occurred_at TIMESTAMP NOT NULL, processed_at TIMESTAMP NULL, created_at TIMESTAMP NOT NULL DEFAULT CURRENT_TIMESTAMP )
&amp#27;[2m2025-08-17T16:47:04.563+01:00&amp#27;[0;39m &amp#27;[32mDEBUG&amp#27;[0;39m &amp#27;[35m26824&amp#27;[0;39m &amp#27;[2m---&amp#27;[0;39m &amp#27;[2m[transferer] [       Thread-3]&amp#27;[0;39m &amp#27;[2m&amp#27;[0;39m&amp#27;[36mio.r2dbc.h2.client.SessionClient        &amp#27;[0;39m &amp#27;[2m:&amp#27;[0;39m Request:  CREATE INDEX IF NOT EXISTS idx_outbox_events_processed_at ON outbox_events (processed_at)
&amp#27;[2m2025-08-17T16:47:04.563+01:00&amp#27;[0;39m &amp#27;[32mDEBUG&amp#27;[0;39m &amp#27;[35m26824&amp#27;[0;39m &amp#27;[2m---&amp#27;[0;39m &amp#27;[2m[transferer] [       Thread-3]&amp#27;[0;39m &amp#27;[2m&amp#27;[0;39m&amp#27;[36mo.s.r2dbc.connection.init.ScriptUtils   &amp#27;[0;39m &amp#27;[2m:&amp#27;[0;39m 0 returned as update count for SQL: CREATE INDEX IF NOT EXISTS idx_outbox_events_processed_at ON outbox_events (processed_at)
&amp#27;[2m2025-08-17T16:47:04.563+01:00&amp#27;[0;39m &amp#27;[32mDEBUG&amp#27;[0;39m &amp#27;[35m26824&amp#27;[0;39m &amp#27;[2m---&amp#27;[0;39m &amp#27;[2m[transferer] [       Thread-3]&amp#27;[0;39m &amp#27;[2m&amp#27;[0;39m&amp#27;[36mio.r2dbc.h2.client.SessionClient        &amp#27;[0;39m &amp#27;[2m:&amp#27;[0;39m Request:  CREATE INDEX IF NOT EXISTS idx_outbox_events_event_type ON outbox_events (event_type)
&amp#27;[2m2025-08-17T16:47:04.563+01:00&amp#27;[0;39m &amp#27;[32mDEBUG&amp#27;[0;39m &amp#27;[35m26824&amp#27;[0;39m &amp#27;[2m---&amp#27;[0;39m &amp#27;[2m[transferer] [       Thread-3]&amp#27;[0;39m &amp#27;[2m&amp#27;[0;39m&amp#27;[36mo.s.r2dbc.connection.init.ScriptUtils   &amp#27;[0;39m &amp#27;[2m:&amp#27;[0;39m 0 returned as update count for SQL: CREATE INDEX IF NOT EXISTS idx_outbox_events_event_type ON outbox_events (event_type)
&amp#27;[2m2025-08-17T16:47:04.563+01:00&amp#27;[0;39m &amp#27;[32mDEBUG&amp#27;[0;39m &amp#27;[35m26824&amp#27;[0;39m &amp#27;[2m---&amp#27;[0;39m &amp#27;[2m[transferer] [       Thread-3]&amp#27;[0;39m &amp#27;[2m&amp#27;[0;39m&amp#27;[36mio.r2dbc.h2.client.SessionClient        &amp#27;[0;39m &amp#27;[2m:&amp#27;[0;39m Request:  CREATE INDEX IF NOT EXISTS idx_outbox_events_occurred_at ON outbox_events (occurred_at)
&amp#27;[2m2025-08-17T16:47:04.563+01:00&amp#27;[0;39m &amp#27;[32mDEBUG&amp#27;[0;39m &amp#27;[35m26824&amp#27;[0;39m &amp#27;[2m---&amp#27;[0;39m &amp#27;[2m[transferer] [       Thread-3]&amp#27;[0;39m &amp#27;[2m&amp#27;[0;39m&amp#27;[36mo.s.r2dbc.connection.init.ScriptUtils   &amp#27;[0;39m &amp#27;[2m:&amp#27;[0;39m 0 returned as update count for SQL: CREATE INDEX IF NOT EXISTS idx_outbox_events_occurred_at ON outbox_events (occurred_at)
&amp#27;[2m2025-08-17T16:47:04.563+01:00&amp#27;[0;39m &amp#27;[32mDEBUG&amp#27;[0;39m &amp#27;[35m26824&amp#27;[0;39m &amp#27;[2m---&amp#27;[0;39m &amp#27;[2m[transferer] [       Thread-3]&amp#27;[0;39m &amp#27;[2m&amp#27;[0;39m&amp#27;[36mo.s.r2dbc.connection.init.ScriptUtils   &amp#27;[0;39m &amp#27;[2m:&amp#27;[0;39m Executed SQL script from class path resource [test-schema.sql] in 3 ms.
&amp#27;[2m2025-08-17T16:47:04.563+01:00&amp#27;[0;39m &amp#27;[32mDEBUG&amp#27;[0;39m &amp#27;[35m26824&amp#27;[0;39m &amp#27;[2m---&amp#27;[0;39m &amp#27;[2m[transferer] [       Thread-3]&amp#27;[0;39m &amp#27;[2m&amp#27;[0;39m&amp#27;[36mio.r2dbc.h2.client.SessionClient        &amp#27;[0;39m &amp#27;[2m:&amp#27;[0;39m Request:  SELECT CURRENT_TIMESTAMP
&amp#27;[2m2025-08-17T16:47:04.563+01:00&amp#27;[0;39m &amp#27;[32mDEBUG&amp#27;[0;39m &amp#27;[35m26824&amp#27;[0;39m &amp#27;[2m---&amp#27;[0;39m &amp#27;[2m[transferer] [       Thread-3]&amp#27;[0;39m &amp#27;[2m&amp#27;[0;39m&amp#27;[36mio.r2dbc.h2.client.SessionClient        &amp#27;[0;39m &amp#27;[2m:&amp#27;[0;39m Response: org.h2.result.LocalResult@46cc67ee columns: 1 rows: 1 pos: -1
&amp#27;[2m2025-08-17T16:47:04.564+01:00&amp#27;[0;39m &amp#27;[32m INFO&amp#27;[0;39m &amp#27;[35m26824&amp#27;[0;39m &amp#27;[2m---&amp#27;[0;39m &amp#27;[2m[transferer] [           main]&amp#27;[0;39m &amp#27;[2m&amp#27;[0;39m&amp#27;[36mc.t.p.PaymentSagaDbIntegrationTest      &amp#27;[0;39m &amp#27;[2m:&amp#27;[0;39m Started PaymentSagaDbIntegrationTest in 0.048 seconds (process running for 3.401)
&amp#27;[2m2025-08-17T16:47:04.565+01:00&amp#27;[0;39m &amp#27;[32mDEBUG&amp#27;[0;39m &amp#27;[35m26824&amp#27;[0;39m &amp#27;[2m---&amp#27;[0;39m &amp#27;[2m[transferer] [           main]&amp#27;[0;39m &amp#27;[2m&amp#27;[0;39m&amp#27;[36mo.s.r.c.R2dbcTransactionManager         &amp#27;[0;39m &amp#27;[2m:&amp#27;[0;39m Creating new transaction with name [com.transferer.account.application.AccountService.openAccount]: PROPAGATION_REQUIRED,ISOLATION_DEFAULT
&amp#27;[2m2025-08-17T16:47:04.565+01:00&amp#27;[0;39m &amp#27;[32mDEBUG&amp#27;[0;39m &amp#27;[35m26824&amp#27;[0;39m &amp#27;[2m---&amp#27;[0;39m &amp#27;[2m[transferer] [           main]&amp#27;[0;39m &amp#27;[2m&amp#27;[0;39m&amp#27;[36mio.r2dbc.h2.client.SessionClient        &amp#27;[0;39m &amp#27;[2m:&amp#27;[0;39m Request:  SELECT 1
&amp#27;[2m2025-08-17T16:47:04.565+01:00&amp#27;[0;39m &amp#27;[32mDEBUG&amp#27;[0;39m &amp#27;[35m26824&amp#27;[0;39m &amp#27;[2m---&amp#27;[0;39m &amp#27;[2m[transferer] [           main]&amp#27;[0;39m &amp#27;[2m&amp#27;[0;39m&amp#27;[36mio.r2dbc.h2.client.SessionClient        &amp#27;[0;39m &amp#27;[2m:&amp#27;[0;39m Response: org.h2.result.LocalResult@34e53c02 columns: 1 rows: 1 pos: -1
&amp#27;[2m2025-08-17T16:47:04.565+01:00&amp#27;[0;39m &amp#27;[32mDEBUG&amp#27;[0;39m &amp#27;[35m26824&amp#27;[0;39m &amp#27;[2m---&amp#27;[0;39m &amp#27;[2m[transferer] [           main]&amp#27;[0;39m &amp#27;[2m&amp#27;[0;39m&amp#27;[36mo.s.r.c.R2dbcTransactionManager         &amp#27;[0;39m &amp#27;[2m:&amp#27;[0;39m Acquired Connection [PooledConnection[io.r2dbc.h2.H2Connection@7135e8cd]] for R2DBC transaction
&amp#27;[2m2025-08-17T16:47:04.565+01:00&amp#27;[0;39m &amp#27;[32mDEBUG&amp#27;[0;39m &amp#27;[35m26824&amp#27;[0;39m &amp#27;[2m---&amp#27;[0;39m &amp#27;[2m[transferer] [           main]&amp#27;[0;39m &amp#27;[2m&amp#27;[0;39m&amp#27;[36mo.s.r.c.R2dbcTransactionManager         &amp#27;[0;39m &amp#27;[2m:&amp#27;[0;39m Starting R2DBC transaction on Connection [PooledConnection[io.r2dbc.h2.H2Connection@7135e8cd]] using [ExtendedTransactionDefinition [transactionName='com.transferer.account.application.AccountService.openAccount', readOnly=false, isolationLevel=null, lockWaitTimeout=PT0S]]
&amp#27;[2m2025-08-17T16:47:04.565+01:00&amp#27;[0;39m &amp#27;[33m WARN&amp#27;[0;39m &amp#27;[35m26824&amp#27;[0;39m &amp#27;[2m---&amp#27;[0;39m &amp#27;[2m[transferer] [           main]&amp#27;[0;39m &amp#27;[2m&amp#27;[0;39m&amp#27;[36mio.r2dbc.h2.H2Connection                &amp#27;[0;39m &amp#27;[2m:&amp#27;[0;39m Option{name='readOnly', sensitive=false} + isn't supported in H2 at the transaction level. You must set it on conenction URL. See http://www.h2database.com/html/features.html#read_only
&amp#27;[2m2025-08-17T16:47:04.566+01:00&amp#27;[0;39m &amp#27;[32mDEBUG&amp#27;[0;39m &amp#27;[35m26824&amp#27;[0;39m &amp#27;[2m---&amp#27;[0;39m &amp#27;[2m[transferer] [           main]&amp#27;[0;39m &amp#27;[2m&amp#27;[0;39m&amp#27;[36mo.s.r2dbc.core.DefaultDatabaseClient    &amp#27;[0;39m &amp#27;[2m:&amp#27;[0;39m Executing SQL statement [SELECT accounts.ID FROM accounts WHERE accounts.account_number = $1 LIMIT 1]
&amp#27;[2m2025-08-17T16:47:04.566+01:00&amp#27;[0;39m &amp#27;[32mDEBUG&amp#27;[0;39m &amp#27;[35m26824&amp#27;[0;39m &amp#27;[2m---&amp#27;[0;39m &amp#27;[2m[transferer] [           main]&amp#27;[0;39m &amp#27;[2m&amp#27;[0;39m&amp#27;[36mio.r2dbc.h2.client.SessionClient        &amp#27;[0;39m &amp#27;[2m:&amp#27;[0;39m Request:  SELECT accounts.ID FROM accounts WHERE accounts.account_number = $1 LIMIT 1 {1: '0485308642'}
&amp#27;[2m2025-08-17T16:47:04.566+01:00&amp#27;[0;39m &amp#27;[32mDEBUG&amp#27;[0;39m &amp#27;[35m26824&amp#27;[0;39m &amp#27;[2m---&amp#27;[0;39m &amp#27;[2m[transferer] [           main]&amp#27;[0;39m &amp#27;[2m&amp#27;[0;39m&amp#27;[36mio.r2dbc.h2.client.SessionClient        &amp#27;[0;39m &amp#27;[2m:&amp#27;[0;39m Response: org.h2.result.LocalResult@5527dbb0 columns: 1 rows: 0 pos: -1
&amp#27;[2m2025-08-17T16:47:04.566+01:00&amp#27;[0;39m &amp#27;[32mDEBUG&amp#27;[0;39m &amp#27;[35m26824&amp#27;[0;39m &amp#27;[2m---&amp#27;[0;39m &amp#27;[2m[transferer] [           main]&amp#27;[0;39m &amp#27;[2m&amp#27;[0;39m&amp#27;[36mo.s.r.c.R2dbcTransactionManager         &amp#27;[0;39m &amp#27;[2m:&amp#27;[0;39m Participating in existing transaction
&amp#27;[2m2025-08-17T16:47:04.567+01:00&amp#27;[0;39m &amp#27;[32mDEBUG&amp#27;[0;39m &amp#27;[35m26824&amp#27;[0;39m &amp#27;[2m---&amp#27;[0;39m &amp#27;[2m[transferer] [           main]&amp#27;[0;39m &amp#27;[2m&amp#27;[0;39m&amp#27;[36mo.s.r2dbc.core.DefaultDatabaseClient    &amp#27;[0;39m &amp#27;[2m:&amp#27;[0;39m Executing SQL statement [INSERT INTO accounts (ID, account_number, holder_name, balance, status, created_at, updated_at) VALUES ($1, $2, $3, $4, $5, $6, $7)]
&amp#27;[2m2025-08-17T16:47:04.567+01:00&amp#27;[0;39m &amp#27;[32mDEBUG&amp#27;[0;39m &amp#27;[35m26824&amp#27;[0;39m &amp#27;[2m---&amp#27;[0;39m &amp#27;[2m[transferer] [           main]&amp#27;[0;39m &amp#27;[2m&amp#27;[0;39m&amp#27;[36mio.r2dbc.h2.client.SessionClient        &amp#27;[0;39m &amp#27;[2m:&amp#27;[0;39m Request:  INSERT INTO accounts (ID, account_number, holder_name, balance, status, created_at, updated_at) VALUES ($1, $2, $3, $4, $5, $6, $7) {1: 'e25642f0-4dfa-42b6-b99a-4593c506ce03', 2: '0485308642', 3: 'John Doe', 4: 1000.00, 5: 'ACTIVE', 6: TIMESTAMP '2025-08-17 16:47:04.5663', 7: TIMESTAMP '2025-08-17 16:47:04.566302'}
&amp#27;[2m2025-08-17T16:47:04.567+01:00&amp#27;[0;39m &amp#27;[32mDEBUG&amp#27;[0;39m &amp#27;[35m26824&amp#27;[0;39m &amp#27;[2m---&amp#27;[0;39m &amp#27;[2m[transferer] [           main]&amp#27;[0;39m &amp#27;[2m&amp#27;[0;39m&amp#27;[36mo.s.r.c.R2dbcTransactionManager         &amp#27;[0;39m &amp#27;[2m:&amp#27;[0;39m Participating in existing transaction
&amp#27;[2m2025-08-17T16:47:04.569+01:00&amp#27;[0;39m &amp#27;[32mDEBUG&amp#27;[0;39m &amp#27;[35m26824&amp#27;[0;39m &amp#27;[2m---&amp#27;[0;39m &amp#27;[2m[transferer] [           main]&amp#27;[0;39m &amp#27;[2m&amp#27;[0;39m&amp#27;[36mo.s.r2dbc.core.DefaultDatabaseClient    &amp#27;[0;39m &amp#27;[2m:&amp#27;[0;39m Executing SQL statement [INSERT INTO outbox_events (event_id, event_type, aggregate_id, event_data, occurred_at, created_at) VALUES ($1, $2, $3, $4, $5, $6)]
&amp#27;[2m2025-08-17T16:47:04.569+01:00&amp#27;[0;39m &amp#27;[32mDEBUG&amp#27;[0;39m &amp#27;[35m26824&amp#27;[0;39m &amp#27;[2m---&amp#27;[0;39m &amp#27;[2m[transferer] [           main]&amp#27;[0;39m &amp#27;[2m&amp#27;[0;39m&amp#27;[36mio.r2dbc.h2.client.SessionClient        &amp#27;[0;39m &amp#27;[2m:&amp#27;[0;39m Request:  INSERT INTO outbox_events (event_id, event_type, aggregate_id, event_data, occurred_at, created_at) VALUES ($1, $2, $3, $4, $5, $6) {1: 'c89763b7-2442-486d-a836-edd6bc8e858e', 2: 'ACCOUNT_OPENED', 3: 'e25642f0-4dfa-42b6-b99a-4593c506ce03', 4: '{"@class":"com.transferer.account.domain.events.body.AccountOpenedEventBody","accountId":{"value":"e25642f0-4dfa-42b6-b99a-4593c506ce03"},"accountNumber":"0485308642","holderName":"John Doe","initialBalance":1000.00}', 5: TIMESTAMP WITH TIME ZONE '2025-08-17 15:47:04.566328+00', 6: TIMESTAMP WITH TIME ZONE '2025-08-17 15:47:04.568295+00'}
&amp#27;[2m2025-08-17T16:47:04.569+01:00&amp#27;[0;39m &amp#27;[32mDEBUG&amp#27;[0;39m &amp#27;[35m26824&amp#27;[0;39m &amp#27;[2m---&amp#27;[0;39m &amp#27;[2m[transferer] [           main]&amp#27;[0;39m &amp#27;[2m&amp#27;[0;39m&amp#27;[36mo.s.r.c.R2dbcTransactionManager         &amp#27;[0;39m &amp#27;[2m:&amp#27;[0;39m Initiating transaction commit
&amp#27;[2m2025-08-17T16:47:04.569+01:00&amp#27;[0;39m &amp#27;[32mDEBUG&amp#27;[0;39m &amp#27;[35m26824&amp#27;[0;39m &amp#27;[2m---&amp#27;[0;39m &amp#27;[2m[transferer] [           main]&amp#27;[0;39m &amp#27;[2m&amp#27;[0;39m&amp#27;[36mo.s.r.c.R2dbcTransactionManager         &amp#27;[0;39m &amp#27;[2m:&amp#27;[0;39m Committing R2DBC transaction on Connection [PooledConnection[io.r2dbc.h2.H2Connection@7135e8cd]]
&amp#27;[2m2025-08-17T16:47:04.569+01:00&amp#27;[0;39m &amp#27;[32mDEBUG&amp#27;[0;39m &amp#27;[35m26824&amp#27;[0;39m &amp#27;[2m---&amp#27;[0;39m &amp#27;[2m[transferer] [           main]&amp#27;[0;39m &amp#27;[2m&amp#27;[0;39m&amp#27;[36mio.r2dbc.h2.client.SessionClient        &amp#27;[0;39m &amp#27;[2m:&amp#27;[0;39m Request:  COMMIT
&amp#27;[2m2025-08-17T16:47:04.569+01:00&amp#27;[0;39m &amp#27;[32mDEBUG&amp#27;[0;39m &amp#27;[35m26824&amp#27;[0;39m &amp#27;[2m---&amp#27;[0;39m &amp#27;[2m[transferer] [           main]&amp#27;[0;39m &amp#27;[2m&amp#27;[0;39m&amp#27;[36mo.s.r.c.R2dbcTransactionManager         &amp#27;[0;39m &amp#27;[2m:&amp#27;[0;39m Releasing R2DBC Connection [PooledConnection[io.r2dbc.h2.H2Connection@7135e8cd]] after transaction
&amp#27;[2m2025-08-17T16:47:04.569+01:00&amp#27;[0;39m &amp#27;[32mDEBUG&amp#27;[0;39m &amp#27;[35m26824&amp#27;[0;39m &amp#27;[2m---&amp#27;[0;39m &amp#27;[2m[transferer] [           main]&amp#27;[0;39m &amp#27;[2m&amp#27;[0;39m&amp#27;[36mio.r2dbc.h2.client.SessionClient        &amp#27;[0;39m &amp#27;[2m:&amp#27;[0;39m Request:  SELECT CURRENT_TIMESTAMP
&amp#27;[2m2025-08-17T16:47:04.569+01:00&amp#27;[0;39m &amp#27;[32mDEBUG&amp#27;[0;39m &amp#27;[35m26824&amp#27;[0;39m &amp#27;[2m---&amp#27;[0;39m &amp#27;[2m[transferer] [           main]&amp#27;[0;39m &amp#27;[2m&amp#27;[0;39m&amp#27;[36mio.r2dbc.h2.client.SessionClient        &amp#27;[0;39m &amp#27;[2m:&amp#27;[0;39m Response: org.h2.result.LocalResult@2a79da3a columns: 1 rows: 1 pos: -1
&amp#27;[2m2025-08-17T16:47:04.569+01:00&amp#27;[0;39m &amp#27;[32mDEBUG&amp#27;[0;39m &amp#27;[35m26824&amp#27;[0;39m &amp#27;[2m---&amp#27;[0;39m &amp#27;[2m[transferer] [           main]&amp#27;[0;39m &amp#27;[2m&amp#27;[0;39m&amp#27;[36mo.s.r.c.R2dbcTransactionManager         &amp#27;[0;39m &amp#27;[2m:&amp#27;[0;39m Creating new transaction with name [com.transferer.account.application.AccountService.openAccount]: PROPAGATION_REQUIRED,ISOLATION_DEFAULT
&amp#27;[2m2025-08-17T16:47:04.569+01:00&amp#27;[0;39m &amp#27;[32mDEBUG&amp#27;[0;39m &amp#27;[35m26824&amp#27;[0;39m &amp#27;[2m---&amp#27;[0;39m &amp#27;[2m[transferer] [           main]&amp#27;[0;39m &amp#27;[2m&amp#27;[0;39m&amp#27;[36mio.r2dbc.h2.client.SessionClient        &amp#27;[0;39m &amp#27;[2m:&amp#27;[0;39m Request:  SELECT 1
&amp#27;[2m2025-08-17T16:47:04.569+01:00&amp#27;[0;39m &amp#27;[32mDEBUG&amp#27;[0;39m &amp#27;[35m26824&amp#27;[0;39m &amp#27;[2m---&amp#27;[0;39m &amp#27;[2m[transferer] [           main]&amp#27;[0;39m &amp#27;[2m&amp#27;[0;39m&amp#27;[36mio.r2dbc.h2.client.SessionClient        &amp#27;[0;39m &amp#27;[2m:&amp#27;[0;39m Response: org.h2.result.LocalResult@2a191f83 columns: 1 rows: 1 pos: -1
&amp#27;[2m2025-08-17T16:47:04.569+01:00&amp#27;[0;39m &amp#27;[32mDEBUG&amp#27;[0;39m &amp#27;[35m26824&amp#27;[0;39m &amp#27;[2m---&amp#27;[0;39m &amp#27;[2m[transferer] [           main]&amp#27;[0;39m &amp#27;[2m&amp#27;[0;39m&amp#27;[36mo.s.r.c.R2dbcTransactionManager         &amp#27;[0;39m &amp#27;[2m:&amp#27;[0;39m Acquired Connection [PooledConnection[io.r2dbc.h2.H2Connection@7135e8cd]] for R2DBC transaction
&amp#27;[2m2025-08-17T16:47:04.569+01:00&amp#27;[0;39m &amp#27;[32mDEBUG&amp#27;[0;39m &amp#27;[35m26824&amp#27;[0;39m &amp#27;[2m---&amp#27;[0;39m &amp#27;[2m[transferer] [           main]&amp#27;[0;39m &amp#27;[2m&amp#27;[0;39m&amp#27;[36mo.s.r.c.R2dbcTransactionManager         &amp#27;[0;39m &amp#27;[2m:&amp#27;[0;39m Starting R2DBC transaction on Connection [PooledConnection[io.r2dbc.h2.H2Connection@7135e8cd]] using [ExtendedTransactionDefinition [transactionName='com.transferer.account.application.AccountService.openAccount', readOnly=false, isolationLevel=null, lockWaitTimeout=PT0S]]
&amp#27;[2m2025-08-17T16:47:04.569+01:00&amp#27;[0;39m &amp#27;[33m WARN&amp#27;[0;39m &amp#27;[35m26824&amp#27;[0;39m &amp#27;[2m---&amp#27;[0;39m &amp#27;[2m[transferer] [           main]&amp#27;[0;39m &amp#27;[2m&amp#27;[0;39m&amp#27;[36mio.r2dbc.h2.H2Connection                &amp#27;[0;39m &amp#27;[2m:&amp#27;[0;39m Option{name='readOnly', sensitive=false} + isn't supported in H2 at the transaction level. You must set it on conenction URL. See http://www.h2database.com/html/features.html#read_only
&amp#27;[2m2025-08-17T16:47:04.570+01:00&amp#27;[0;39m &amp#27;[32mDEBUG&amp#27;[0;39m &amp#27;[35m26824&amp#27;[0;39m &amp#27;[2m---&amp#27;[0;39m &amp#27;[2m[transferer] [           main]&amp#27;[0;39m &amp#27;[2m&amp#27;[0;39m&amp#27;[36mo.s.r2dbc.core.DefaultDatabaseClient    &amp#27;[0;39m &amp#27;[2m:&amp#27;[0;39m Executing SQL statement [SELECT accounts.ID FROM accounts WHERE accounts.account_number = $1 LIMIT 1]
&amp#27;[2m2025-08-17T16:47:04.570+01:00&amp#27;[0;39m &amp#27;[32mDEBUG&amp#27;[0;39m &amp#27;[35m26824&amp#27;[0;39m &amp#27;[2m---&amp#27;[0;39m &amp#27;[2m[transferer] [           main]&amp#27;[0;39m &amp#27;[2m&amp#27;[0;39m&amp#27;[36mio.r2dbc.h2.client.SessionClient        &amp#27;[0;39m &amp#27;[2m:&amp#27;[0;39m Request:  SELECT accounts.ID FROM accounts WHERE accounts.account_number = $1 LIMIT 1 {1: '0631986034'}
&amp#27;[2m2025-08-17T16:47:04.570+01:00&amp#27;[0;39m &amp#27;[32mDEBUG&amp#27;[0;39m &amp#27;[35m26824&amp#27;[0;39m &amp#27;[2m---&amp#27;[0;39m &amp#27;[2m[transferer] [           main]&amp#27;[0;39m &amp#27;[2m&amp#27;[0;39m&amp#27;[36mio.r2dbc.h2.client.SessionClient        &amp#27;[0;39m &amp#27;[2m:&amp#27;[0;39m Response: org.h2.result.LocalResult@3adbd038 columns: 1 rows: 0 pos: -1
&amp#27;[2m2025-08-17T16:47:04.570+01:00&amp#27;[0;39m &amp#27;[32mDEBUG&amp#27;[0;39m &amp#27;[35m26824&amp#27;[0;39m &amp#27;[2m---&amp#27;[0;39m &amp#27;[2m[transferer] [           main]&amp#27;[0;39m &amp#27;[2m&amp#27;[0;39m&amp#27;[36mo.s.r.c.R2dbcTransactionManager         &amp#27;[0;39m &amp#27;[2m:&amp#27;[0;39m Participating in existing transaction
&amp#27;[2m2025-08-17T16:47:04.570+01:00&amp#27;[0;39m &amp#27;[32mDEBUG&amp#27;[0;39m &amp#27;[35m26824&amp#27;[0;39m &amp#27;[2m---&amp#27;[0;39m &amp#27;[2m[transferer] [           main]&amp#27;[0;39m &amp#27;[2m&amp#27;[0;39m&amp#27;[36mo.s.r2dbc.core.DefaultDatabaseClient    &amp#27;[0;39m &amp#27;[2m:&amp#27;[0;39m Executing SQL statement [INSERT INTO accounts (ID, account_number, holder_name, balance, status, created_at, updated_at) VALUES ($1, $2, $3, $4, $5, $6, $7)]
&amp#27;[2m2025-08-17T16:47:04.570+01:00&amp#27;[0;39m &amp#27;[32mDEBUG&amp#27;[0;39m &amp#27;[35m26824&amp#27;[0;39m &amp#27;[2m---&amp#27;[0;39m &amp#27;[2m[transferer] [           main]&amp#27;[0;39m &amp#27;[2m&amp#27;[0;39m&amp#27;[36mio.r2dbc.h2.client.SessionClient        &amp#27;[0;39m &amp#27;[2m:&amp#27;[0;39m Request:  INSERT INTO accounts (ID, account_number, holder_name, balance, status, created_at, updated_at) VALUES ($1, $2, $3, $4, $5, $6, $7) {1: 'e6c5ce2f-d8f2-4a09-baea-a8aff6c80a2b', 2: '0631986034', 3: 'Jane Smith', 4: 500.00, 5: 'ACTIVE', 6: TIMESTAMP '2025-08-17 16:47:04.570248', 7: TIMESTAMP '2025-08-17 16:47:04.570249'}
&amp#27;[2m2025-08-17T16:47:04.570+01:00&amp#27;[0;39m &amp#27;[32mDEBUG&amp#27;[0;39m &amp#27;[35m26824&amp#27;[0;39m &amp#27;[2m---&amp#27;[0;39m &amp#27;[2m[transferer] [           main]&amp#27;[0;39m &amp#27;[2m&amp#27;[0;39m&amp#27;[36mo.s.r.c.R2dbcTransactionManager         &amp#27;[0;39m &amp#27;[2m:&amp#27;[0;39m Participating in existing transaction
&amp#27;[2m2025-08-17T16:47:04.570+01:00&amp#27;[0;39m &amp#27;[32mDEBUG&amp#27;[0;39m &amp#27;[35m26824&amp#27;[0;39m &amp#27;[2m---&amp#27;[0;39m &amp#27;[2m[transferer] [           main]&amp#27;[0;39m &amp#27;[2m&amp#27;[0;39m&amp#27;[36mo.s.r2dbc.core.DefaultDatabaseClient    &amp#27;[0;39m &amp#27;[2m:&amp#27;[0;39m Executing SQL statement [INSERT INTO outbox_events (event_id, event_type, aggregate_id, event_data, occurred_at, created_at) VALUES ($1, $2, $3, $4, $5, $6)]
&amp#27;[2m2025-08-17T16:47:04.570+01:00&amp#27;[0;39m &amp#27;[32mDEBUG&amp#27;[0;39m &amp#27;[35m26824&amp#27;[0;39m &amp#27;[2m---&amp#27;[0;39m &amp#27;[2m[transferer] [           main]&amp#27;[0;39m &amp#27;[2m&amp#27;[0;39m&amp#27;[36mio.r2dbc.h2.client.SessionClient        &amp#27;[0;39m &amp#27;[2m:&amp#27;[0;39m Request:  INSERT INTO outbox_events (event_id, event_type, aggregate_id, event_data, occurred_at, created_at) VALUES ($1, $2, $3, $4, $5, $6) {1: '0b5858fe-c229-4b94-9a62-98a8dafa0138', 2: 'ACCOUNT_OPENED', 3: 'e6c5ce2f-d8f2-4a09-baea-a8aff6c80a2b', 4: '{"@class":"com.transferer.account.domain.events.body.AccountOpenedEventBody","accountId":{"value":"e6c5ce2f-d8f2-4a09-baea-a8aff6c80a2b"},"accountNumber":"0631986034","holderName":"Jane Smith","initialBalance":500.00}', 5: TIMESTAMP WITH TIME ZONE '2025-08-17 15:47:04.570262+00', 6: TIMESTAMP WITH TIME ZONE '2025-08-17 15:47:04.570692+00'}
&amp#27;[2m2025-08-17T16:47:04.571+01:00&amp#27;[0;39m &amp#27;[32mDEBUG&amp#27;[0;39m &amp#27;[35m26824&amp#27;[0;39m &amp#27;[2m---&amp#27;[0;39m &amp#27;[2m[transferer] [           main]&amp#27;[0;39m &amp#27;[2m&amp#27;[0;39m&amp#27;[36mo.s.r.c.R2dbcTransactionManager         &amp#27;[0;39m &amp#27;[2m:&amp#27;[0;39m Initiating transaction commit
&amp#27;[2m2025-08-17T16:47:04.571+01:00&amp#27;[0;39m &amp#27;[32mDEBUG&amp#27;[0;39m &amp#27;[35m26824&amp#27;[0;39m &amp#27;[2m---&amp#27;[0;39m &amp#27;[2m[transferer] [           main]&amp#27;[0;39m &amp#27;[2m&amp#27;[0;39m&amp#27;[36mo.s.r.c.R2dbcTransactionManager         &amp#27;[0;39m &amp#27;[2m:&amp#27;[0;39m Committing R2DBC transaction on Connection [PooledConnection[io.r2dbc.h2.H2Connection@7135e8cd]]
&amp#27;[2m2025-08-17T16:47:04.571+01:00&amp#27;[0;39m &amp#27;[32mDEBUG&amp#27;[0;39m &amp#27;[35m26824&amp#27;[0;39m &amp#27;[2m---&amp#27;[0;39m &amp#27;[2m[transferer] [           main]&amp#27;[0;39m &amp#27;[2m&amp#27;[0;39m&amp#27;[36mio.r2dbc.h2.client.SessionClient        &amp#27;[0;39m &amp#27;[2m:&amp#27;[0;39m Request:  COMMIT
&amp#27;[2m2025-08-17T16:47:04.571+01:00&amp#27;[0;39m &amp#27;[32mDEBUG&amp#27;[0;39m &amp#27;[35m26824&amp#27;[0;39m &amp#27;[2m---&amp#27;[0;39m &amp#27;[2m[transferer] [           main]&amp#27;[0;39m &amp#27;[2m&amp#27;[0;39m&amp#27;[36mo.s.r.c.R2dbcTransactionManager         &amp#27;[0;39m &amp#27;[2m:&amp#27;[0;39m Releasing R2DBC Connection [PooledConnection[io.r2dbc.h2.H2Connection@7135e8cd]] after transaction
&amp#27;[2m2025-08-17T16:47:04.571+01:00&amp#27;[0;39m &amp#27;[32mDEBUG&amp#27;[0;39m &amp#27;[35m26824&amp#27;[0;39m &amp#27;[2m---&amp#27;[0;39m &amp#27;[2m[transferer] [           main]&amp#27;[0;39m &amp#27;[2m&amp#27;[0;39m&amp#27;[36mio.r2dbc.h2.client.SessionClient        &amp#27;[0;39m &amp#27;[2m:&amp#27;[0;39m Request:  SELECT CURRENT_TIMESTAMP
&amp#27;[2m2025-08-17T16:47:04.571+01:00&amp#27;[0;39m &amp#27;[32mDEBUG&amp#27;[0;39m &amp#27;[35m26824&amp#27;[0;39m &amp#27;[2m---&amp#27;[0;39m &amp#27;[2m[transferer] [           main]&amp#27;[0;39m &amp#27;[2m&amp#27;[0;39m&amp#27;[36mio.r2dbc.h2.client.SessionClient        &amp#27;[0;39m &amp#27;[2m:&amp#27;[0;39m Response: org.h2.result.LocalResult@3a42145 columns: 1 rows: 1 pos: -1
&amp#27;[2m2025-08-17T16:47:04.571+01:00&amp#27;[0;39m &amp#27;[32mDEBUG&amp#27;[0;39m &amp#27;[35m26824&amp#27;[0;39m &amp#27;[2m---&amp#27;[0;39m &amp#27;[2m[transferer] [           main]&amp#27;[0;39m &amp#27;[2m&amp#27;[0;39m&amp#27;[36mo.s.r.c.R2dbcTransactionManager         &amp#27;[0;39m &amp#27;[2m:&amp#27;[0;39m Creating new transaction with name [com.transferer.account.application.AccountService.openAccount]: PROPAGATION_REQUIRED,ISOLATION_DEFAULT
&amp#27;[2m2025-08-17T16:47:04.571+01:00&amp#27;[0;39m &amp#27;[32mDEBUG&amp#27;[0;39m &amp#27;[35m26824&amp#27;[0;39m &amp#27;[2m---&amp#27;[0;39m &amp#27;[2m[transferer] [           main]&amp#27;[0;39m &amp#27;[2m&amp#27;[0;39m&amp#27;[36mio.r2dbc.h2.client.SessionClient        &amp#27;[0;39m &amp#27;[2m:&amp#27;[0;39m Request:  SELECT 1
&amp#27;[2m2025-08-17T16:47:04.571+01:00&amp#27;[0;39m &amp#27;[32mDEBUG&amp#27;[0;39m &amp#27;[35m26824&amp#27;[0;39m &amp#27;[2m---&amp#27;[0;39m &amp#27;[2m[transferer] [           main]&amp#27;[0;39m &amp#27;[2m&amp#27;[0;39m&amp#27;[36mio.r2dbc.h2.client.SessionClient        &amp#27;[0;39m &amp#27;[2m:&amp#27;[0;39m Response: org.h2.result.LocalResult@35e357b columns: 1 rows: 1 pos: -1
&amp#27;[2m2025-08-17T16:47:04.571+01:00&amp#27;[0;39m &amp#27;[32mDEBUG&amp#27;[0;39m &amp#27;[35m26824&amp#27;[0;39m &amp#27;[2m---&amp#27;[0;39m &amp#27;[2m[transferer] [           main]&amp#27;[0;39m &amp#27;[2m&amp#27;[0;39m&amp#27;[36mo.s.r.c.R2dbcTransactionManager         &amp#27;[0;39m &amp#27;[2m:&amp#27;[0;39m Acquired Connection [PooledConnection[io.r2dbc.h2.H2Connection@7135e8cd]] for R2DBC transaction
&amp#27;[2m2025-08-17T16:47:04.571+01:00&amp#27;[0;39m &amp#27;[32mDEBUG&amp#27;[0;39m &amp#27;[35m26824&amp#27;[0;39m &amp#27;[2m---&amp#27;[0;39m &amp#27;[2m[transferer] [           main]&amp#27;[0;39m &amp#27;[2m&amp#27;[0;39m&amp#27;[36mo.s.r.c.R2dbcTransactionManager         &amp#27;[0;39m &amp#27;[2m:&amp#27;[0;39m Starting R2DBC transaction on Connection [PooledConnection[io.r2dbc.h2.H2Connection@7135e8cd]] using [ExtendedTransactionDefinition [transactionName='com.transferer.account.application.AccountService.openAccount', readOnly=false, isolationLevel=null, lockWaitTimeout=PT0S]]
&amp#27;[2m2025-08-17T16:47:04.571+01:00&amp#27;[0;39m &amp#27;[33m WARN&amp#27;[0;39m &amp#27;[35m26824&amp#27;[0;39m &amp#27;[2m---&amp#27;[0;39m &amp#27;[2m[transferer] [           main]&amp#27;[0;39m &amp#27;[2m&amp#27;[0;39m&amp#27;[36mio.r2dbc.h2.H2Connection                &amp#27;[0;39m &amp#27;[2m:&amp#27;[0;39m Option{name='readOnly', sensitive=false} + isn't supported in H2 at the transaction level. You must set it on conenction URL. See http://www.h2database.com/html/features.html#read_only
&amp#27;[2m2025-08-17T16:47:04.571+01:00&amp#27;[0;39m &amp#27;[32mDEBUG&amp#27;[0;39m &amp#27;[35m26824&amp#27;[0;39m &amp#27;[2m---&amp#27;[0;39m &amp#27;[2m[transferer] [           main]&amp#27;[0;39m &amp#27;[2m&amp#27;[0;39m&amp#27;[36mo.s.r2dbc.core.DefaultDatabaseClient    &amp#27;[0;39m &amp#27;[2m:&amp#27;[0;39m Executing SQL statement [SELECT accounts.ID FROM accounts WHERE accounts.account_number = $1 LIMIT 1]
&amp#27;[2m2025-08-17T16:47:04.571+01:00&amp#27;[0;39m &amp#27;[32mDEBUG&amp#27;[0;39m &amp#27;[35m26824&amp#27;[0;39m &amp#27;[2m---&amp#27;[0;39m &amp#27;[2m[transferer] [           main]&amp#27;[0;39m &amp#27;[2m&amp#27;[0;39m&amp#27;[36mio.r2dbc.h2.client.SessionClient        &amp#27;[0;39m &amp#27;[2m:&amp#27;[0;39m Request:  SELECT accounts.ID FROM accounts WHERE accounts.account_number = $1 LIMIT 1 {1: '0156421001'}
&amp#27;[2m2025-08-17T16:47:04.571+01:00&amp#27;[0;39m &amp#27;[32mDEBUG&amp#27;[0;39m &amp#27;[35m26824&amp#27;[0;39m &amp#27;[2m---&amp#27;[0;39m &amp#27;[2m[transferer] [           main]&amp#27;[0;39m &amp#27;[2m&amp#27;[0;39m&amp#27;[36mio.r2dbc.h2.client.SessionClient        &amp#27;[0;39m &amp#27;[2m:&amp#27;[0;39m Response: org.h2.result.LocalResult@6055e899 columns: 1 rows: 0 pos: -1
&amp#27;[2m2025-08-17T16:47:04.571+01:00&amp#27;[0;39m &amp#27;[32mDEBUG&amp#27;[0;39m &amp#27;[35m26824&amp#27;[0;39m &amp#27;[2m---&amp#27;[0;39m &amp#27;[2m[transferer] [           main]&amp#27;[0;39m &amp#27;[2m&amp#27;[0;39m&amp#27;[36mo.s.r.c.R2dbcTransactionManager         &amp#27;[0;39m &amp#27;[2m:&amp#27;[0;39m Participating in existing transaction
&amp#27;[2m2025-08-17T16:47:04.572+01:00&amp#27;[0;39m &amp#27;[32mDEBUG&amp#27;[0;39m &amp#27;[35m26824&amp#27;[0;39m &amp#27;[2m---&amp#27;[0;39m &amp#27;[2m[transferer] [           main]&amp#27;[0;39m &amp#27;[2m&amp#27;[0;39m&amp#27;[36mo.s.r2dbc.core.DefaultDatabaseClient    &amp#27;[0;39m &amp#27;[2m:&amp#27;[0;39m Executing SQL statement [INSERT INTO accounts (ID, account_number, holder_name, balance, status, created_at, updated_at) VALUES ($1, $2, $3, $4, $5, $6, $7)]
&amp#27;[2m2025-08-17T16:47:04.572+01:00&amp#27;[0;39m &amp#27;[32mDEBUG&amp#27;[0;39m &amp#27;[35m26824&amp#27;[0;39m &amp#27;[2m---&amp#27;[0;39m &amp#27;[2m[transferer] [           main]&amp#27;[0;39m &amp#27;[2m&amp#27;[0;39m&amp#27;[36mio.r2dbc.h2.client.SessionClient        &amp#27;[0;39m &amp#27;[2m:&amp#27;[0;39m Request:  INSERT INTO accounts (ID, account_number, holder_name, balance, status, created_at, updated_at) VALUES ($1, $2, $3, $4, $5, $6, $7) {1: '1b605bd7-5ea1-43e2-9793-fb4a6c7ec69e', 2: '0156421001', 3: 'Other Recipient', 4: 0.00, 5: 'ACTIVE', 6: TIMESTAMP '2025-08-17 16:47:04.571938', 7: TIMESTAMP '2025-08-17 16:47:04.571939'}
&amp#27;[2m2025-08-17T16:47:04.572+01:00&amp#27;[0;39m &amp#27;[32mDEBUG&amp#27;[0;39m &amp#27;[35m26824&amp#27;[0;39m &amp#27;[2m---&amp#27;[0;39m &amp#27;[2m[transferer] [           main]&amp#27;[0;39m &amp#27;[2m&amp#27;[0;39m&amp#27;[36mo.s.r.c.R2dbcTransactionManager         &amp#27;[0;39m &amp#27;[2m:&amp#27;[0;39m Participating in existing transaction
&amp#27;[2m2025-08-17T16:47:04.572+01:00&amp#27;[0;39m &amp#27;[32mDEBUG&amp#27;[0;39m &amp#27;[35m26824&amp#27;[0;39m &amp#27;[2m---&amp#27;[0;39m &amp#27;[2m[transferer] [           main]&amp#27;[0;39m &amp#27;[2m&amp#27;[0;39m&amp#27;[36mo.s.r2dbc.core.DefaultDatabaseClient    &amp#27;[0;39m &amp#27;[2m:&amp#27;[0;39m Executing SQL statement [INSERT INTO outbox_events (event_id, event_type, aggregate_id, event_data, occurred_at, created_at) VALUES ($1, $2, $3, $4, $5, $6)]
&amp#27;[2m2025-08-17T16:47:04.572+01:00&amp#27;[0;39m &amp#27;[32mDEBUG&amp#27;[0;39m &amp#27;[35m26824&amp#27;[0;39m &amp#27;[2m---&amp#27;[0;39m &amp#27;[2m[transferer] [           main]&amp#27;[0;39m &amp#27;[2m&amp#27;[0;39m&amp#27;[36mio.r2dbc.h2.client.SessionClient        &amp#27;[0;39m &amp#27;[2m:&amp#27;[0;39m Request:  INSERT INTO outbox_events (event_id, event_type, aggregate_id, event_data, occurred_at, created_at) VALUES ($1, $2, $3, $4, $5, $6) {1: '3a04ce7e-b0db-4da3-9f31-6d57c657c4c5', 2: 'ACCOUNT_OPENED', 3: '1b605bd7-5ea1-43e2-9793-fb4a6c7ec69e', 4: '{"@class":"com.transferer.account.domain.events.body.AccountOpenedEventBody","accountId":{"value":"1b605bd7-5ea1-43e2-9793-fb4a6c7ec69e"},"accountNumber":"0156421001","holderName":"Other Recipient","initialBalance":0.00}', 5: TIMESTAMP WITH TIME ZONE '2025-08-17 15:47:04.571942+00', 6: TIMESTAMP WITH TIME ZONE '2025-08-17 15:47:04.572316+00'}
&amp#27;[2m2025-08-17T16:47:04.572+01:00&amp#27;[0;39m &amp#27;[32mDEBUG&amp#27;[0;39m &amp#27;[35m26824&amp#27;[0;39m &amp#27;[2m---&amp#27;[0;39m &amp#27;[2m[transferer] [           main]&amp#27;[0;39m &amp#27;[2m&amp#27;[0;39m&amp#27;[36mo.s.r.c.R2dbcTransactionManager         &amp#27;[0;39m &amp#27;[2m:&amp#27;[0;39m Initiating transaction commit
&amp#27;[2m2025-08-17T16:47:04.572+01:00&amp#27;[0;39m &amp#27;[32mDEBUG&amp#27;[0;39m &amp#27;[35m26824&amp#27;[0;39m &amp#27;[2m---&amp#27;[0;39m &amp#27;[2m[transferer] [           main]&amp#27;[0;39m &amp#27;[2m&amp#27;[0;39m&amp#27;[36mo.s.r.c.R2dbcTransactionManager         &amp#27;[0;39m &amp#27;[2m:&amp#27;[0;39m Committing R2DBC transaction on Connection [PooledConnection[io.r2dbc.h2.H2Connection@7135e8cd]]
&amp#27;[2m2025-08-17T16:47:04.572+01:00&amp#27;[0;39m &amp#27;[32mDEBUG&amp#27;[0;39m &amp#27;[35m26824&amp#27;[0;39m &amp#27;[2m---&amp#27;[0;39m &amp#27;[2m[transferer] [           main]&amp#27;[0;39m &amp#27;[2m&amp#27;[0;39m&amp#27;[36mio.r2dbc.h2.client.SessionClient        &amp#27;[0;39m &amp#27;[2m:&amp#27;[0;39m Request:  COMMIT
&amp#27;[2m2025-08-17T16:47:04.572+01:00&amp#27;[0;39m &amp#27;[32mDEBUG&amp#27;[0;39m &amp#27;[35m26824&amp#27;[0;39m &amp#27;[2m---&amp#27;[0;39m &amp#27;[2m[transferer] [           main]&amp#27;[0;39m &amp#27;[2m&amp#27;[0;39m&amp#27;[36mo.s.r.c.R2dbcTransactionManager         &amp#27;[0;39m &amp#27;[2m:&amp#27;[0;39m Releasing R2DBC Connection [PooledConnection[io.r2dbc.h2.H2Connection@7135e8cd]] after transaction
&amp#27;[2m2025-08-17T16:47:04.572+01:00&amp#27;[0;39m &amp#27;[32mDEBUG&amp#27;[0;39m &amp#27;[35m26824&amp#27;[0;39m &amp#27;[2m---&amp#27;[0;39m &amp#27;[2m[transferer] [           main]&amp#27;[0;39m &amp#27;[2m&amp#27;[0;39m&amp#27;[36mio.r2dbc.h2.client.SessionClient        &amp#27;[0;39m &amp#27;[2m:&amp#27;[0;39m Request:  SELECT CURRENT_TIMESTAMP
&amp#27;[2m2025-08-17T16:47:04.572+01:00&amp#27;[0;39m &amp#27;[32mDEBUG&amp#27;[0;39m &amp#27;[35m26824&amp#27;[0;39m &amp#27;[2m---&amp#27;[0;39m &amp#27;[2m[transferer] [           main]&amp#27;[0;39m &amp#27;[2m&amp#27;[0;39m&amp#27;[36mio.r2dbc.h2.client.SessionClient        &amp#27;[0;39m &amp#27;[2m:&amp#27;[0;39m Response: org.h2.result.LocalResult@3abdc11d columns: 1 rows: 1 pos: -1
&amp#27;[2m2025-08-17T16:47:04.573+01:00&amp#27;[0;39m &amp#27;[32mDEBUG&amp#27;[0;39m &amp#27;[35m26824&amp#27;[0;39m &amp#27;[2m---&amp#27;[0;39m &amp#27;[2m[transferer] [           main]&amp#27;[0;39m &amp#27;[2m&amp#27;[0;39m&amp#27;[36mo.s.r.c.R2dbcTransactionManager         &amp#27;[0;39m &amp#27;[2m:&amp#27;[0;39m Creating new transaction with name [com.transferer.payment.application.PaymentService.initiatePayment]: PROPAGATION_REQUIRED,ISOLATION_DEFAULT
&amp#27;[2m2025-08-17T16:47:04.573+01:00&amp#27;[0;39m &amp#27;[32mDEBUG&amp#27;[0;39m &amp#27;[35m26824&amp#27;[0;39m &amp#27;[2m---&amp#27;[0;39m &amp#27;[2m[transferer] [           main]&amp#27;[0;39m &amp#27;[2m&amp#27;[0;39m&amp#27;[36mio.r2dbc.h2.client.SessionClient        &amp#27;[0;39m &amp#27;[2m:&amp#27;[0;39m Request:  SELECT 1
&amp#27;[2m2025-08-17T16:47:04.573+01:00&amp#27;[0;39m &amp#27;[32mDEBUG&amp#27;[0;39m &amp#27;[35m26824&amp#27;[0;39m &amp#27;[2m---&amp#27;[0;39m &amp#27;[2m[transferer] [           main]&amp#27;[0;39m &amp#27;[2m&amp#27;[0;39m&amp#27;[36mio.r2dbc.h2.client.SessionClient        &amp#27;[0;39m &amp#27;[2m:&amp#27;[0;39m Response: org.h2.result.LocalResult@394331a8 columns: 1 rows: 1 pos: -1
&amp#27;[2m2025-08-17T16:47:04.573+01:00&amp#27;[0;39m &amp#27;[32mDEBUG&amp#27;[0;39m &amp#27;[35m26824&amp#27;[0;39m &amp#27;[2m---&amp#27;[0;39m &amp#27;[2m[transferer] [           main]&amp#27;[0;39m &amp#27;[2m&amp#27;[0;39m&amp#27;[36mo.s.r.c.R2dbcTransactionManager         &amp#27;[0;39m &amp#27;[2m:&amp#27;[0;39m Acquired Connection [PooledConnection[io.r2dbc.h2.H2Connection@7135e8cd]] for R2DBC transaction
&amp#27;[2m2025-08-17T16:47:04.573+01:00&amp#27;[0;39m &amp#27;[32mDEBUG&amp#27;[0;39m &amp#27;[35m26824&amp#27;[0;39m &amp#27;[2m---&amp#27;[0;39m &amp#27;[2m[transferer] [           main]&amp#27;[0;39m &amp#27;[2m&amp#27;[0;39m&amp#27;[36mo.s.r.c.R2dbcTransactionManager         &amp#27;[0;39m &amp#27;[2m:&amp#27;[0;39m Starting R2DBC transaction on Connection [PooledConnection[io.r2dbc.h2.H2Connection@7135e8cd]] using [ExtendedTransactionDefinition [transactionName='com.transferer.payment.application.PaymentService.initiatePayment', readOnly=false, isolationLevel=null, lockWaitTimeout=PT0S]]
&amp#27;[2m2025-08-17T16:47:04.573+01:00&amp#27;[0;39m &amp#27;[33m WARN&amp#27;[0;39m &amp#27;[35m26824&amp#27;[0;39m &amp#27;[2m---&amp#27;[0;39m &amp#27;[2m[transferer] [           main]&amp#27;[0;39m &amp#27;[2m&amp#27;[0;39m&amp#27;[36mio.r2dbc.h2.H2Connection                &amp#27;[0;39m &amp#27;[2m:&amp#27;[0;39m Option{name='readOnly', sensitive=false} + isn't supported in H2 at the transaction level. You must set it on conenction URL. See http://www.h2database.com/html/features.html#read_only
&amp#27;[2m2025-08-17T16:47:04.573+01:00&amp#27;[0;39m &amp#27;[32mDEBUG&amp#27;[0;39m &amp#27;[35m26824&amp#27;[0;39m &amp#27;[2m---&amp#27;[0;39m &amp#27;[2m[transferer] [           main]&amp#27;[0;39m &amp#27;[2m&amp#27;[0;39m&amp#27;[36mo.s.r.c.R2dbcTransactionManager         &amp#27;[0;39m &amp#27;[2m:&amp#27;[0;39m Participating in existing transaction
&amp#27;[2m2025-08-17T16:47:04.574+01:00&amp#27;[0;39m &amp#27;[32mDEBUG&amp#27;[0;39m &amp#27;[35m26824&amp#27;[0;39m &amp#27;[2m---&amp#27;[0;39m &amp#27;[2m[transferer] [           main]&amp#27;[0;39m &amp#27;[2m&amp#27;[0;39m&amp#27;[36mo.s.r2dbc.core.DefaultDatabaseClient    &amp#27;[0;39m &amp#27;[2m:&amp#27;[0;39m Executing SQL statement [INSERT INTO payments (ID, sender_account_id, recipient_account_id, amount, description, status, current_step, created_at, updated_at) VALUES ($1, $2, $3, $4, $5, $6, $7, $8, $9)]
&amp#27;[2m2025-08-17T16:47:04.574+01:00&amp#27;[0;39m &amp#27;[32mDEBUG&amp#27;[0;39m &amp#27;[35m26824&amp#27;[0;39m &amp#27;[2m---&amp#27;[0;39m &amp#27;[2m[transferer] [           main]&amp#27;[0;39m &amp#27;[2m&amp#27;[0;39m&amp#27;[36mio.r2dbc.h2.client.SessionClient        &amp#27;[0;39m &amp#27;[2m:&amp#27;[0;39m Request:  INSERT INTO payments (ID, sender_account_id, recipient_account_id, amount, description, status, current_step, created_at, updated_at) VALUES ($1, $2, $3, $4, $5, $6, $7, $8, $9) {1: 'c16241c0-7aa2-487d-87bf-a769e4d623bf', 2: 'e25642f0-4dfa-42b6-b99a-4593c506ce03', 3: 'e6c5ce2f-d8f2-4a09-baea-a8aff6c80a2b', 4: 50.00, 5: 'Concurrent payment 1', 6: 'PENDING', 7: 'INITIATED', 8: TIMESTAMP '2025-08-17 16:47:04.573695', 9: TIMESTAMP '2025-08-17 16:47:04.573696'}
&amp#27;[2m2025-08-17T16:47:04.575+01:00&amp#27;[0;39m &amp#27;[32mDEBUG&amp#27;[0;39m &amp#27;[35m26824&amp#27;[0;39m &amp#27;[2m---&amp#27;[0;39m &amp#27;[2m[transferer] [           main]&amp#27;[0;39m &amp#27;[2m&amp#27;[0;39m&amp#27;[36mo.s.r.c.R2dbcTransactionManager         &amp#27;[0;39m &amp#27;[2m:&amp#27;[0;39m Participating in existing transaction
&amp#27;[2m2025-08-17T16:47:04.575+01:00&amp#27;[0;39m &amp#27;[32mDEBUG&amp#27;[0;39m &amp#27;[35m26824&amp#27;[0;39m &amp#27;[2m---&amp#27;[0;39m &amp#27;[2m[transferer] [           main]&amp#27;[0;39m &amp#27;[2m&amp#27;[0;39m&amp#27;[36mo.s.r2dbc.core.DefaultDatabaseClient    &amp#27;[0;39m &amp#27;[2m:&amp#27;[0;39m Executing SQL statement [INSERT INTO outbox_events (event_id, event_type, aggregate_id, event_data, occurred_at, created_at) VALUES ($1, $2, $3, $4, $5, $6)]
&amp#27;[2m2025-08-17T16:47:04.575+01:00&amp#27;[0;39m &amp#27;[32mDEBUG&amp#27;[0;39m &amp#27;[35m26824&amp#27;[0;39m &amp#27;[2m---&amp#27;[0;39m &amp#27;[2m[transferer] [           main]&amp#27;[0;39m &amp#27;[2m&amp#27;[0;39m&amp#27;[36mio.r2dbc.h2.client.SessionClient        &amp#27;[0;39m &amp#27;[2m:&amp#27;[0;39m Request:  INSERT INTO outbox_events (event_id, event_type, aggregate_id, event_data, occurred_at, created_at) VALUES ($1, $2, $3, $4, $5, $6) {1: '7c2813f2-a867-4d6e-a99f-615e565a8608', 2: 'PAYMENT_INITIATED', 3: 'c16241c0-7aa2-487d-87bf-a769e4d623bf', 4: '{"@class":"com.transferer.payment.domain.events.body.PaymentInitiatedEventBody","paymentId":{"value":"c16241c0-7aa2-487d-87bf-a769e4d623bf"},"senderAccountId":{"value":"e25642f0-4dfa-42b6-b99a-4593c506ce03"},"recipientAccountId":{"value":"e6c5ce2f-d8f2-4a09-baea-a8aff6c80a2b"},"amount":50.00,"description":"Concurrent payment 1"}', 5: TIMESTAMP WITH TIME ZONE '2025-08-17 15:47:04.573709+00', 6: TIMESTAMP WITH TIME ZONE '2025-08-17 15:47:04.575576+00'}
&amp#27;[2m2025-08-17T16:47:04.576+01:00&amp#27;[0;39m &amp#27;[32mDEBUG&amp#27;[0;39m &amp#27;[35m26824&amp#27;[0;39m &amp#27;[2m---&amp#27;[0;39m &amp#27;[2m[transferer] [           main]&amp#27;[0;39m &amp#27;[2m&amp#27;[0;39m&amp#27;[36mo.s.r2dbc.core.DefaultDatabaseClient    &amp#27;[0;39m &amp#27;[2m:&amp#27;[0;39m Executing SQL statement [INSERT INTO outbox_events (event_id, event_type, aggregate_id, event_data, occurred_at, created_at) VALUES ($1, $2, $3, $4, $5, $6)]
&amp#27;[2m2025-08-17T16:47:04.576+01:00&amp#27;[0;39m &amp#27;[32mDEBUG&amp#27;[0;39m &amp#27;[35m26824&amp#27;[0;39m &amp#27;[2m---&amp#27;[0;39m &amp#27;[2m[transferer] [           main]&amp#27;[0;39m &amp#27;[2m&amp#27;[0;39m&amp#27;[36mio.r2dbc.h2.client.SessionClient        &amp#27;[0;39m &amp#27;[2m:&amp#27;[0;39m Request:  INSERT INTO outbox_events (event_id, event_type, aggregate_id, event_data, occurred_at, created_at) VALUES ($1, $2, $3, $4, $5, $6) {1: '0a53557d-891b-4996-964a-870b67ac7295', 2: 'PAYMENT_STEP_ADVANCED', 3: 'c16241c0-7aa2-487d-87bf-a769e4d623bf', 4: '{"@class":"com.transferer.payment.domain.events.body.PaymentStepAdvancedEventBody","paymentId":{"value":"c16241c0-7aa2-487d-87bf-a769e4d623bf"},"previousStep":{"empty":true,"present":false},"currentStep":"INITIATED"}', 5: TIMESTAMP WITH TIME ZONE '2025-08-17 15:47:04.57372+00', 6: TIMESTAMP WITH TIME ZONE '2025-08-17 15:47:04.576683+00'}
&amp#27;[2m2025-08-17T16:47:04.577+01:00&amp#27;[0;39m &amp#27;[32mDEBUG&amp#27;[0;39m &amp#27;[35m26824&amp#27;[0;39m &amp#27;[2m---&amp#27;[0;39m &amp#27;[2m[transferer] [           main]&amp#27;[0;39m &amp#27;[2m&amp#27;[0;39m&amp#27;[36mo.s.r.c.R2dbcTransactionManager         &amp#27;[0;39m &amp#27;[2m:&amp#27;[0;39m Initiating transaction commit
&amp#27;[2m2025-08-17T16:47:04.577+01:00&amp#27;[0;39m &amp#27;[32mDEBUG&amp#27;[0;39m &amp#27;[35m26824&amp#27;[0;39m &amp#27;[2m---&amp#27;[0;39m &amp#27;[2m[transferer] [           main]&amp#27;[0;39m &amp#27;[2m&amp#27;[0;39m&amp#27;[36mo.s.r.c.R2dbcTransactionManager         &amp#27;[0;39m &amp#27;[2m:&amp#27;[0;39m Committing R2DBC transaction on Connection [PooledConnection[io.r2dbc.h2.H2Connection@7135e8cd]]
&amp#27;[2m2025-08-17T16:47:04.577+01:00&amp#27;[0;39m &amp#27;[32mDEBUG&amp#27;[0;39m &amp#27;[35m26824&amp#27;[0;39m &amp#27;[2m---&amp#27;[0;39m &amp#27;[2m[transferer] [           main]&amp#27;[0;39m &amp#27;[2m&amp#27;[0;39m&amp#27;[36mio.r2dbc.h2.client.SessionClient        &amp#27;[0;39m &amp#27;[2m:&amp#27;[0;39m Request:  COMMIT
&amp#27;[2m2025-08-17T16:47:04.577+01:00&amp#27;[0;39m &amp#27;[32mDEBUG&amp#27;[0;39m &amp#27;[35m26824&amp#27;[0;39m &amp#27;[2m---&amp#27;[0;39m &amp#27;[2m[transferer] [           main]&amp#27;[0;39m &amp#27;[2m&amp#27;[0;39m&amp#27;[36mo.s.r.c.R2dbcTransactionManager         &amp#27;[0;39m &amp#27;[2m:&amp#27;[0;39m Releasing R2DBC Connection [PooledConnection[io.r2dbc.h2.H2Connection@7135e8cd]] after transaction
&amp#27;[2m2025-08-17T16:47:04.577+01:00&amp#27;[0;39m &amp#27;[32mDEBUG&amp#27;[0;39m &amp#27;[35m26824&amp#27;[0;39m &amp#27;[2m---&amp#27;[0;39m &amp#27;[2m[transferer] [           main]&amp#27;[0;39m &amp#27;[2m&amp#27;[0;39m&amp#27;[36mio.r2dbc.h2.client.SessionClient        &amp#27;[0;39m &amp#27;[2m:&amp#27;[0;39m Request:  SELECT CURRENT_TIMESTAMP
&amp#27;[2m2025-08-17T16:47:04.577+01:00&amp#27;[0;39m &amp#27;[32mDEBUG&amp#27;[0;39m &amp#27;[35m26824&amp#27;[0;39m &amp#27;[2m---&amp#27;[0;39m &amp#27;[2m[transferer] [           main]&amp#27;[0;39m &amp#27;[2m&amp#27;[0;39m&amp#27;[36mio.r2dbc.h2.client.SessionClient        &amp#27;[0;39m &amp#27;[2m:&amp#27;[0;39m Response: org.h2.result.LocalResult@642d34f1 columns: 1 rows: 1 pos: -1
&amp#27;[2m2025-08-17T16:47:04.577+01:00&amp#27;[0;39m &amp#27;[32mDEBUG&amp#27;[0;39m &amp#27;[35m26824&amp#27;[0;39m &amp#27;[2m---&amp#27;[0;39m &amp#27;[2m[transferer] [           main]&amp#27;[0;39m &amp#27;[2m&amp#27;[0;39m&amp#27;[36mo.s.r.c.R2dbcTransactionManager         &amp#27;[0;39m &amp#27;[2m:&amp#27;[0;39m Creating new transaction with name [com.transferer.payment.application.PaymentService.initiatePayment]: PROPAGATION_REQUIRED,ISOLATION_DEFAULT
&amp#27;[2m2025-08-17T16:47:04.577+01:00&amp#27;[0;39m &amp#27;[32mDEBUG&amp#27;[0;39m &amp#27;[35m26824&amp#27;[0;39m &amp#27;[2m---&amp#27;[0;39m &amp#27;[2m[transferer] [           main]&amp#27;[0;39m &amp#27;[2m&amp#27;[0;39m&amp#27;[36mio.r2dbc.h2.client.SessionClient        &amp#27;[0;39m &amp#27;[2m:&amp#27;[0;39m Request:  SELECT 1
&amp#27;[2m2025-08-17T16:47:04.577+01:00&amp#27;[0;39m &amp#27;[32mDEBUG&amp#27;[0;39m &amp#27;[35m26824&amp#27;[0;39m &amp#27;[2m---&amp#27;[0;39m &amp#27;[2m[transferer] [           main]&amp#27;[0;39m &amp#27;[2m&amp#27;[0;39m&amp#27;[36mio.r2dbc.h2.client.SessionClient        &amp#27;[0;39m &amp#27;[2m:&amp#27;[0;39m Response: org.h2.result.LocalResult@49b180c8 columns: 1 rows: 1 pos: -1
&amp#27;[2m2025-08-17T16:47:04.577+01:00&amp#27;[0;39m &amp#27;[32mDEBUG&amp#27;[0;39m &amp#27;[35m26824&amp#27;[0;39m &amp#27;[2m---&amp#27;[0;39m &amp#27;[2m[transferer] [           main]&amp#27;[0;39m &amp#27;[2m&amp#27;[0;39m&amp#27;[36mo.s.r.c.R2dbcTransactionManager         &amp#27;[0;39m &amp#27;[2m:&amp#27;[0;39m Acquired Connection [PooledConnection[io.r2dbc.h2.H2Connection@7135e8cd]] for R2DBC transaction
&amp#27;[2m2025-08-17T16:47:04.577+01:00&amp#27;[0;39m &amp#27;[32mDEBUG&amp#27;[0;39m &amp#27;[35m26824&amp#27;[0;39m &amp#27;[2m---&amp#27;[0;39m &amp#27;[2m[transferer] [           main]&amp#27;[0;39m &amp#27;[2m&amp#27;[0;39m&amp#27;[36mo.s.r.c.R2dbcTransactionManager         &amp#27;[0;39m &amp#27;[2m:&amp#27;[0;39m Starting R2DBC transaction on Connection [PooledConnection[io.r2dbc.h2.H2Connection@7135e8cd]] using [ExtendedTransactionDefinition [transactionName='com.transferer.payment.application.PaymentService.initiatePayment', readOnly=false, isolationLevel=null, lockWaitTimeout=PT0S]]
&amp#27;[2m2025-08-17T16:47:04.577+01:00&amp#27;[0;39m &amp#27;[33m WARN&amp#27;[0;39m &amp#27;[35m26824&amp#27;[0;39m &amp#27;[2m---&amp#27;[0;39m &amp#27;[2m[transferer] [           main]&amp#27;[0;39m &amp#27;[2m&amp#27;[0;39m&amp#27;[36mio.r2dbc.h2.H2Connection                &amp#27;[0;39m &amp#27;[2m:&amp#27;[0;39m Option{name='readOnly', sensitive=false} + isn't supported in H2 at the transaction level. You must set it on conenction URL. See http://www.h2database.com/html/features.html#read_only
&amp#27;[2m2025-08-17T16:47:04.577+01:00&amp#27;[0;39m &amp#27;[32mDEBUG&amp#27;[0;39m &amp#27;[35m26824&amp#27;[0;39m &amp#27;[2m---&amp#27;[0;39m &amp#27;[2m[transferer] [           main]&amp#27;[0;39m &amp#27;[2m&amp#27;[0;39m&amp#27;[36mo.s.r.c.R2dbcTransactionManager         &amp#27;[0;39m &amp#27;[2m:&amp#27;[0;39m Participating in existing transaction
&amp#27;[2m2025-08-17T16:47:04.577+01:00&amp#27;[0;39m &amp#27;[32mDEBUG&amp#27;[0;39m &amp#27;[35m26824&amp#27;[0;39m &amp#27;[2m---&amp#27;[0;39m &amp#27;[2m[transferer] [           main]&amp#27;[0;39m &amp#27;[2m&amp#27;[0;39m&amp#27;[36mo.s.r2dbc.core.DefaultDatabaseClient    &amp#27;[0;39m &amp#27;[2m:&amp#27;[0;39m Executing SQL statement [INSERT INTO payments (ID, sender_account_id, recipient_account_id, amount, description, status, current_step, created_at, updated_at) VALUES ($1, $2, $3, $4, $5, $6, $7, $8, $9)]
&amp#27;[2m2025-08-17T16:47:04.577+01:00&amp#27;[0;39m &amp#27;[32mDEBUG&amp#27;[0;39m &amp#27;[35m26824&amp#27;[0;39m &amp#27;[2m---&amp#27;[0;39m &amp#27;[2m[transferer] [           main]&amp#27;[0;39m &amp#27;[2m&amp#27;[0;39m&amp#27;[36mio.r2dbc.h2.client.SessionClient        &amp#27;[0;39m &amp#27;[2m:&amp#27;[0;39m Request:  INSERT INTO payments (ID, sender_account_id, recipient_account_id, amount, description, status, current_step, created_at, updated_at) VALUES ($1, $2, $3, $4, $5, $6, $7, $8, $9) {1: 'ef27e243-afc7-4193-aee0-e1deab0e8423', 2: 'e25642f0-4dfa-42b6-b99a-4593c506ce03', 3: '1b605bd7-5ea1-43e2-9793-fb4a6c7ec69e', 4: 50.00, 5: 'Concurrent payment 2', 6: 'PENDING', 7: 'INITIATED', 8: TIMESTAMP '2025-08-17 16:47:04.57761', 9: TIMESTAMP '2025-08-17 16:47:04.577611'}
&amp#27;[2m2025-08-17T16:47:04.578+01:00&amp#27;[0;39m &amp#27;[32mDEBUG&amp#27;[0;39m &amp#27;[35m26824&amp#27;[0;39m &amp#27;[2m---&amp#27;[0;39m &amp#27;[2m[transferer] [           main]&amp#27;[0;39m &amp#27;[2m&amp#27;[0;39m&amp#27;[36mo.s.r.c.R2dbcTransactionManager         &amp#27;[0;39m &amp#27;[2m:&amp#27;[0;39m Participating in existing transaction
&amp#27;[2m2025-08-17T16:47:04.578+01:00&amp#27;[0;39m &amp#27;[32mDEBUG&amp#27;[0;39m &amp#27;[35m26824&amp#27;[0;39m &amp#27;[2m---&amp#27;[0;39m &amp#27;[2m[transferer] [           main]&amp#27;[0;39m &amp#27;[2m&amp#27;[0;39m&amp#27;[36mo.s.r2dbc.core.DefaultDatabaseClient    &amp#27;[0;39m &amp#27;[2m:&amp#27;[0;39m Executing SQL statement [INSERT INTO outbox_events (event_id, event_type, aggregate_id, event_data, occurred_at, created_at) VALUES ($1, $2, $3, $4, $5, $6)]
&amp#27;[2m2025-08-17T16:47:04.578+01:00&amp#27;[0;39m &amp#27;[32mDEBUG&amp#27;[0;39m &amp#27;[35m26824&amp#27;[0;39m &amp#27;[2m---&amp#27;[0;39m &amp#27;[2m[transferer] [           main]&amp#27;[0;39m &amp#27;[2m&amp#27;[0;39m&amp#27;[36mio.r2dbc.h2.client.SessionClient        &amp#27;[0;39m &amp#27;[2m:&amp#27;[0;39m Request:  INSERT INTO outbox_events (event_id, event_type, aggregate_id, event_data, occurred_at, created_at) VALUES ($1, $2, $3, $4, $5, $6) {1: 'ff5c6585-10e9-434d-b3d6-41bc96f9d90c', 2: 'PAYMENT_INITIATED', 3: 'ef27e243-afc7-4193-aee0-e1deab0e8423', 4: '{"@class":"com.transferer.payment.domain.events.body.PaymentInitiatedEventBody","paymentId":{"value":"ef27e243-afc7-4193-aee0-e1deab0e8423"},"senderAccountId":{"value":"e25642f0-4dfa-42b6-b99a-4593c506ce03"},"recipientAccountId":{"value":"1b605bd7-5ea1-43e2-9793-fb4a6c7ec69e"},"amount":50.00,"description":"Concurrent payment 2"}', 5: TIMESTAMP WITH TIME ZONE '2025-08-17 15:47:04.577617+00', 6: TIMESTAMP WITH TIME ZONE '2025-08-17 15:47:04.578114+00'}
&amp#27;[2m2025-08-17T16:47:04.578+01:00&amp#27;[0;39m &amp#27;[32mDEBUG&amp#27;[0;39m &amp#27;[35m26824&amp#27;[0;39m &amp#27;[2m---&amp#27;[0;39m &amp#27;[2m[transferer] [           main]&amp#27;[0;39m &amp#27;[2m&amp#27;[0;39m&amp#27;[36mo.s.r2dbc.core.DefaultDatabaseClient    &amp#27;[0;39m &amp#27;[2m:&amp#27;[0;39m Executing SQL statement [INSERT INTO outbox_events (event_id, event_type, aggregate_id, event_data, occurred_at, created_at) VALUES ($1, $2, $3, $4, $5, $6)]
&amp#27;[2m2025-08-17T16:47:04.578+01:00&amp#27;[0;39m &amp#27;[32mDEBUG&amp#27;[0;39m &amp#27;[35m26824&amp#27;[0;39m &amp#27;[2m---&amp#27;[0;39m &amp#27;[2m[transferer] [           main]&amp#27;[0;39m &amp#27;[2m&amp#27;[0;39m&amp#27;[36mio.r2dbc.h2.client.SessionClient        &amp#27;[0;39m &amp#27;[2m:&amp#27;[0;39m Request:  INSERT INTO outbox_events (event_id, event_type, aggregate_id, event_data, occurred_at, created_at) VALUES ($1, $2, $3, $4, $5, $6) {1: '3034c665-60cd-417a-9a76-1f0c44a9bd13', 2: 'PAYMENT_STEP_ADVANCED', 3: 'ef27e243-afc7-4193-aee0-e1deab0e8423', 4: '{"@class":"com.transferer.payment.domain.events.body.PaymentStepAdvancedEventBody","paymentId":{"value":"ef27e243-afc7-4193-aee0-e1deab0e8423"},"previousStep":{"empty":true,"present":false},"currentStep":"INITIATED"}', 5: TIMESTAMP WITH TIME ZONE '2025-08-17 15:47:04.577628+00', 6: TIMESTAMP WITH TIME ZONE '2025-08-17 15:47:04.578462+00'}
&amp#27;[2m2025-08-17T16:47:04.578+01:00&amp#27;[0;39m &amp#27;[32mDEBUG&amp#27;[0;39m &amp#27;[35m26824&amp#27;[0;39m &amp#27;[2m---&amp#27;[0;39m &amp#27;[2m[transferer] [           main]&amp#27;[0;39m &amp#27;[2m&amp#27;[0;39m&amp#27;[36mo.s.r.c.R2dbcTransactionManager         &amp#27;[0;39m &amp#27;[2m:&amp#27;[0;39m Initiating transaction commit
&amp#27;[2m2025-08-17T16:47:04.578+01:00&amp#27;[0;39m &amp#27;[32mDEBUG&amp#27;[0;39m &amp#27;[35m26824&amp#27;[0;39m &amp#27;[2m---&amp#27;[0;39m &amp#27;[2m[transferer] [           main]&amp#27;[0;39m &amp#27;[2m&amp#27;[0;39m&amp#27;[36mo.s.r.c.R2dbcTransactionManager         &amp#27;[0;39m &amp#27;[2m:&amp#27;[0;39m Committing R2DBC transaction on Connection [PooledConnection[io.r2dbc.h2.H2Connection@7135e8cd]]
&amp#27;[2m2025-08-17T16:47:04.578+01:00&amp#27;[0;39m &amp#27;[32mDEBUG&amp#27;[0;39m &amp#27;[35m26824&amp#27;[0;39m &amp#27;[2m---&amp#27;[0;39m &amp#27;[2m[transferer] [           main]&amp#27;[0;39m &amp#27;[2m&amp#27;[0;39m&amp#27;[36mio.r2dbc.h2.client.SessionClient        &amp#27;[0;39m &amp#27;[2m:&amp#27;[0;39m Request:  COMMIT
&amp#27;[2m2025-08-17T16:47:04.578+01:00&amp#27;[0;39m &amp#27;[32mDEBUG&amp#27;[0;39m &amp#27;[35m26824&amp#27;[0;39m &amp#27;[2m---&amp#27;[0;39m &amp#27;[2m[transferer] [           main]&amp#27;[0;39m &amp#27;[2m&amp#27;[0;39m&amp#27;[36mo.s.r.c.R2dbcTransactionManager         &amp#27;[0;39m &amp#27;[2m:&amp#27;[0;39m Releasing R2DBC Connection [PooledConnection[io.r2dbc.h2.H2Connection@7135e8cd]] after transaction
&amp#27;[2m2025-08-17T16:47:04.578+01:00&amp#27;[0;39m &amp#27;[32mDEBUG&amp#27;[0;39m &amp#27;[35m26824&amp#27;[0;39m &amp#27;[2m---&amp#27;[0;39m &amp#27;[2m[transferer] [           main]&amp#27;[0;39m &amp#27;[2m&amp#27;[0;39m&amp#27;[36mio.r2dbc.h2.client.SessionClient        &amp#27;[0;39m &amp#27;[2m:&amp#27;[0;39m Request:  SELECT CURRENT_TIMESTAMP
&amp#27;[2m2025-08-17T16:47:04.578+01:00&amp#27;[0;39m &amp#27;[32mDEBUG&amp#27;[0;39m &amp#27;[35m26824&amp#27;[0;39m &amp#27;[2m---&amp#27;[0;39m &amp#27;[2m[transferer] [           main]&amp#27;[0;39m &amp#27;[2m&amp#27;[0;39m&amp#27;[36mio.r2dbc.h2.client.SessionClient        &amp#27;[0;39m &amp#27;[2m:&amp#27;[0;39m Response: org.h2.result.LocalResult@296a71df columns: 1 rows: 1 pos: -1
&amp#27;[2m2025-08-17T16:47:04.678+01:00&amp#27;[0;39m &amp#27;[32mDEBUG&amp#27;[0;39m &amp#27;[35m26824&amp#27;[0;39m &amp#27;[2m---&amp#27;[0;39m &amp#27;[2m[transferer] [     parallel-3]&amp#27;[0;39m &amp#27;[2m&amp#27;[0;39m&amp#27;[36mio.r2dbc.h2.client.SessionClient        &amp#27;[0;39m &amp#27;[2m:&amp#27;[0;39m Request:  SELECT 1
&amp#27;[2m2025-08-17T16:47:04.678+01:00&amp#27;[0;39m &amp#27;[32mDEBUG&amp#27;[0;39m &amp#27;[35m26824&amp#27;[0;39m &amp#27;[2m---&amp#27;[0;39m &amp#27;[2m[transferer] [     parallel-3]&amp#27;[0;39m &amp#27;[2m&amp#27;[0;39m&amp#27;[36mio.r2dbc.h2.client.SessionClient        &amp#27;[0;39m &amp#27;[2m:&amp#27;[0;39m Response: org.h2.result.LocalResult@3a996cd4 columns: 1 rows: 1 pos: -1
&amp#27;[2m2025-08-17T16:47:04.678+01:00&amp#27;[0;39m &amp#27;[32mDEBUG&amp#27;[0;39m &amp#27;[35m26824&amp#27;[0;39m &amp#27;[2m---&amp#27;[0;39m &amp#27;[2m[transferer] [     parallel-3]&amp#27;[0;39m &amp#27;[2m&amp#27;[0;39m&amp#27;[36mo.s.r2dbc.core.DefaultDatabaseClient    &amp#27;[0;39m &amp#27;[2m:&amp#27;[0;39m Executing SQL statement [SELECT event_type, COUNT(*) as count FROM outbox_events GROUP BY event_type]
&amp#27;[2m2025-08-17T16:47:04.679+01:00&amp#27;[0;39m &amp#27;[32mDEBUG&amp#27;[0;39m &amp#27;[35m26824&amp#27;[0;39m &amp#27;[2m---&amp#27;[0;39m &amp#27;[2m[transferer] [     parallel-3]&amp#27;[0;39m &amp#27;[2m&amp#27;[0;39m&amp#27;[36mio.r2dbc.h2.client.SessionClient        &amp#27;[0;39m &amp#27;[2m:&amp#27;[0;39m Request:  SELECT event_type, COUNT(*) as count FROM outbox_events GROUP BY event_type
&amp#27;[2m2025-08-17T16:47:04.679+01:00&amp#27;[0;39m &amp#27;[32mDEBUG&amp#27;[0;39m &amp#27;[35m26824&amp#27;[0;39m &amp#27;[2m---&amp#27;[0;39m &amp#27;[2m[transferer] [     parallel-3]&amp#27;[0;39m &amp#27;[2m&amp#27;[0;39m&amp#27;[36mio.r2dbc.h2.client.SessionClient        &amp#27;[0;39m &amp#27;[2m:&amp#27;[0;39m Response: org.h2.result.LocalResult@75639fcc columns: 2 rows: 3 pos: -1
&amp#27;[2m2025-08-17T16:47:04.679+01:00&amp#27;[0;39m &amp#27;[32mDEBUG&amp#27;[0;39m &amp#27;[35m26824&amp#27;[0;39m &amp#27;[2m---&amp#27;[0;39m &amp#27;[2m[transferer] [     parallel-3]&amp#27;[0;39m &amp#27;[2m&amp#27;[0;39m&amp#27;[36mio.r2dbc.h2.client.SessionClient        &amp#27;[0;39m &amp#27;[2m:&amp#27;[0;39m Request:  SELECT CURRENT_TIMESTAMP
&amp#27;[2m2025-08-17T16:47:04.679+01:00&amp#27;[0;39m &amp#27;[32mDEBUG&amp#27;[0;39m &amp#27;[35m26824&amp#27;[0;39m &amp#27;[2m---&amp#27;[0;39m &amp#27;[2m[transferer] [     parallel-3]&amp#27;[0;39m &amp#27;[2m&amp#27;[0;39m&amp#27;[36mio.r2dbc.h2.client.SessionClient        &amp#27;[0;39m &amp#27;[2m:&amp#27;[0;39m Response: org.h2.result.LocalResult@44dc6e2f columns: 1 rows: 1 pos: -1
&amp#27;[2m2025-08-17T16:47:04.682+01:00&amp#27;[0;39m &amp#27;[32mDEBUG&amp#27;[0;39m &amp#27;[35m26824&amp#27;[0;39m &amp#27;[2m---&amp#27;[0;39m &amp#27;[2m[transferer] [     parallel-5]&amp#27;[0;39m &amp#27;[2m&amp#27;[0;39m&amp#27;[36mio.r2dbc.h2.client.SessionClient        &amp#27;[0;39m &amp#27;[2m:&amp#27;[0;39m Request:  SELECT 1
&amp#27;[2m2025-08-17T16:47:04.682+01:00&amp#27;[0;39m &amp#27;[32mDEBUG&amp#27;[0;39m &amp#27;[35m26824&amp#27;[0;39m &amp#27;[2m---&amp#27;[0;39m &amp#27;[2m[transferer] [     parallel-5]&amp#27;[0;39m &amp#27;[2m&amp#27;[0;39m&amp#27;[36mio.r2dbc.h2.client.SessionClient        &amp#27;[0;39m &amp#27;[2m:&amp#27;[0;39m Response: org.h2.result.LocalResult@3cbf2233 columns: 1 rows: 1 pos: -1
&amp#27;[2m2025-08-17T16:47:04.682+01:00&amp#27;[0;39m &amp#27;[32mDEBUG&amp#27;[0;39m &amp#27;[35m26824&amp#27;[0;39m &amp#27;[2m---&amp#27;[0;39m &amp#27;[2m[transferer] [     parallel-5]&amp#27;[0;39m &amp#27;[2m&amp#27;[0;39m&amp#27;[36mo.s.r2dbc.core.DefaultDatabaseClient    &amp#27;[0;39m &amp#27;[2m:&amp#27;[0;39m Executing SQL statement [SELECT event_type, COUNT(*) as count FROM outbox_events GROUP BY event_type]
&amp#27;[2m2025-08-17T16:47:04.682+01:00&amp#27;[0;39m &amp#27;[32mDEBUG&amp#27;[0;39m &amp#27;[35m26824&amp#27;[0;39m &amp#27;[2m---&amp#27;[0;39m &amp#27;[2m[transferer] [     parallel-5]&amp#27;[0;39m &amp#27;[2m&amp#27;[0;39m&amp#27;[36mio.r2dbc.h2.client.SessionClient        &amp#27;[0;39m &amp#27;[2m:&amp#27;[0;39m Request:  SELECT event_type, COUNT(*) as count FROM outbox_events GROUP BY event_type
&amp#27;[2m2025-08-17T16:47:04.682+01:00&amp#27;[0;39m &amp#27;[32mDEBUG&amp#27;[0;39m &amp#27;[35m26824&amp#27;[0;39m &amp#27;[2m---&amp#27;[0;39m &amp#27;[2m[transferer] [     parallel-5]&amp#27;[0;39m &amp#27;[2m&amp#27;[0;39m&amp#27;[36mio.r2dbc.h2.client.SessionClient        &amp#27;[0;39m &amp#27;[2m:&amp#27;[0;39m Response: org.h2.result.LocalResult@4d61df96 columns: 2 rows: 3 pos: -1
&amp#27;[2m2025-08-17T16:47:04.682+01:00&amp#27;[0;39m &amp#27;[32mDEBUG&amp#27;[0;39m &amp#27;[35m26824&amp#27;[0;39m &amp#27;[2m---&amp#27;[0;39m &amp#27;[2m[transferer] [     parallel-5]&amp#27;[0;39m &amp#27;[2m&amp#27;[0;39m&amp#27;[36mio.r2dbc.h2.client.SessionClient        &amp#27;[0;39m &amp#27;[2m:&amp#27;[0;39m Request:  SELECT CURRENT_TIMESTAMP
&amp#27;[2m2025-08-17T16:47:04.682+01:00&amp#27;[0;39m &amp#27;[32mDEBUG&amp#27;[0;39m &amp#27;[35m26824&amp#27;[0;39m &amp#27;[2m---&amp#27;[0;39m &amp#27;[2m[transferer] [     parallel-5]&amp#27;[0;39m &amp#27;[2m&amp#27;[0;39m&amp#27;[36mio.r2dbc.h2.client.SessionClient        &amp#27;[0;39m &amp#27;[2m:&amp#27;[0;39m Response: org.h2.result.LocalResult@18d9784f columns: 1 rows: 1 pos: -1
&amp#27;[2m2025-08-17T16:47:04.683+01:00&amp#27;[0;39m &amp#27;[32mDEBUG&amp#27;[0;39m &amp#27;[35m26824&amp#27;[0;39m &amp#27;[2m---&amp#27;[0;39m &amp#27;[2m[transferer] [           main]&amp#27;[0;39m &amp#27;[2m&amp#27;[0;39m&amp#27;[36mio.r2dbc.h2.client.SessionClient        &amp#27;[0;39m &amp#27;[2m:&amp#27;[0;39m Request:  SELECT 1
&amp#27;[2m2025-08-17T16:47:04.683+01:00&amp#27;[0;39m &amp#27;[32mDEBUG&amp#27;[0;39m &amp#27;[35m26824&amp#27;[0;39m &amp#27;[2m---&amp#27;[0;39m &amp#27;[2m[transferer] [           main]&amp#27;[0;39m &amp#27;[2m&amp#27;[0;39m&amp#27;[36mio.r2dbc.h2.client.SessionClient        &amp#27;[0;39m &amp#27;[2m:&amp#27;[0;39m Response: org.h2.result.LocalResult@4db4431b columns: 1 rows: 1 pos: -1
&amp#27;[2m2025-08-17T16:47:04.683+01:00&amp#27;[0;39m &amp#27;[32mDEBUG&amp#27;[0;39m &amp#27;[35m26824&amp#27;[0;39m &amp#27;[2m---&amp#27;[0;39m &amp#27;[2m[transferer] [           main]&amp#27;[0;39m &amp#27;[2m&amp#27;[0;39m&amp#27;[36mo.s.r2dbc.core.DefaultDatabaseClient    &amp#27;[0;39m &amp#27;[2m:&amp#27;[0;39m Executing SQL statement [DELETE FROM payments]
&amp#27;[2m2025-08-17T16:47:04.683+01:00&amp#27;[0;39m &amp#27;[32mDEBUG&amp#27;[0;39m &amp#27;[35m26824&amp#27;[0;39m &amp#27;[2m---&amp#27;[0;39m &amp#27;[2m[transferer] [           main]&amp#27;[0;39m &amp#27;[2m&amp#27;[0;39m&amp#27;[36mio.r2dbc.h2.client.SessionClient        &amp#27;[0;39m &amp#27;[2m:&amp#27;[0;39m Request:  DELETE FROM payments
&amp#27;[2m2025-08-17T16:47:04.683+01:00&amp#27;[0;39m &amp#27;[32mDEBUG&amp#27;[0;39m &amp#27;[35m26824&amp#27;[0;39m &amp#27;[2m---&amp#27;[0;39m &amp#27;[2m[transferer] [           main]&amp#27;[0;39m &amp#27;[2m&amp#27;[0;39m&amp#27;[36mio.r2dbc.h2.client.SessionClient        &amp#27;[0;39m &amp#27;[2m:&amp#27;[0;39m Request:  SELECT CURRENT_TIMESTAMP
&amp#27;[2m2025-08-17T16:47:04.683+01:00&amp#27;[0;39m &amp#27;[32mDEBUG&amp#27;[0;39m &amp#27;[35m26824&amp#27;[0;39m &amp#27;[2m---&amp#27;[0;39m &amp#27;[2m[transferer] [           main]&amp#27;[0;39m &amp#27;[2m&amp#27;[0;39m&amp#27;[36mio.r2dbc.h2.client.SessionClient        &amp#27;[0;39m &amp#27;[2m:&amp#27;[0;39m Response: org.h2.result.LocalResult@ab94a32 columns: 1 rows: 1 pos: -1
&amp#27;[2m2025-08-17T16:47:04.683+01:00&amp#27;[0;39m &amp#27;[32mDEBUG&amp#27;[0;39m &amp#27;[35m26824&amp#27;[0;39m &amp#27;[2m---&amp#27;[0;39m &amp#27;[2m[transferer] [           main]&amp#27;[0;39m &amp#27;[2m&amp#27;[0;39m&amp#27;[36mio.r2dbc.h2.client.SessionClient        &amp#27;[0;39m &amp#27;[2m:&amp#27;[0;39m Request:  SELECT 1
&amp#27;[2m2025-08-17T16:47:04.683+01:00&amp#27;[0;39m &amp#27;[32mDEBUG&amp#27;[0;39m &amp#27;[35m26824&amp#27;[0;39m &amp#27;[2m---&amp#27;[0;39m &amp#27;[2m[transferer] [           main]&amp#27;[0;39m &amp#27;[2m&amp#27;[0;39m&amp#27;[36mio.r2dbc.h2.client.SessionClient        &amp#27;[0;39m &amp#27;[2m:&amp#27;[0;39m Response: org.h2.result.LocalResult@70273633 columns: 1 rows: 1 pos: -1
&amp#27;[2m2025-08-17T16:47:04.683+01:00&amp#27;[0;39m &amp#27;[32mDEBUG&amp#27;[0;39m &amp#27;[35m26824&amp#27;[0;39m &amp#27;[2m---&amp#27;[0;39m &amp#27;[2m[transferer] [           main]&amp#27;[0;39m &amp#27;[2m&amp#27;[0;39m&amp#27;[36mo.s.r2dbc.core.DefaultDatabaseClient    &amp#27;[0;39m &amp#27;[2m:&amp#27;[0;39m Executing SQL statement [DELETE FROM transactions]
&amp#27;[2m2025-08-17T16:47:04.683+01:00&amp#27;[0;39m &amp#27;[32mDEBUG&amp#27;[0;39m &amp#27;[35m26824&amp#27;[0;39m &amp#27;[2m---&amp#27;[0;39m &amp#27;[2m[transferer] [           main]&amp#27;[0;39m &amp#27;[2m&amp#27;[0;39m&amp#27;[36mio.r2dbc.h2.client.SessionClient        &amp#27;[0;39m &amp#27;[2m:&amp#27;[0;39m Request:  DELETE FROM transactions
&amp#27;[2m2025-08-17T16:47:04.683+01:00&amp#27;[0;39m &amp#27;[32mDEBUG&amp#27;[0;39m &amp#27;[35m26824&amp#27;[0;39m &amp#27;[2m---&amp#27;[0;39m &amp#27;[2m[transferer] [           main]&amp#27;[0;39m &amp#27;[2m&amp#27;[0;39m&amp#27;[36mio.r2dbc.h2.client.SessionClient        &amp#27;[0;39m &amp#27;[2m:&amp#27;[0;39m Request:  SELECT CURRENT_TIMESTAMP
&amp#27;[2m2025-08-17T16:47:04.683+01:00&amp#27;[0;39m &amp#27;[32mDEBUG&amp#27;[0;39m &amp#27;[35m26824&amp#27;[0;39m &amp#27;[2m---&amp#27;[0;39m &amp#27;[2m[transferer] [           main]&amp#27;[0;39m &amp#27;[2m&amp#27;[0;39m&amp#27;[36mio.r2dbc.h2.client.SessionClient        &amp#27;[0;39m &amp#27;[2m:&amp#27;[0;39m Response: org.h2.result.LocalResult@69dc7b24 columns: 1 rows: 1 pos: -1
&amp#27;[2m2025-08-17T16:47:04.683+01:00&amp#27;[0;39m &amp#27;[32mDEBUG&amp#27;[0;39m &amp#27;[35m26824&amp#27;[0;39m &amp#27;[2m---&amp#27;[0;39m &amp#27;[2m[transferer] [           main]&amp#27;[0;39m &amp#27;[2m&amp#27;[0;39m&amp#27;[36mio.r2dbc.h2.client.SessionClient        &amp#27;[0;39m &amp#27;[2m:&amp#27;[0;39m Request:  SELECT 1
&amp#27;[2m2025-08-17T16:47:04.683+01:00&amp#27;[0;39m &amp#27;[32mDEBUG&amp#27;[0;39m &amp#27;[35m26824&amp#27;[0;39m &amp#27;[2m---&amp#27;[0;39m &amp#27;[2m[transferer] [           main]&amp#27;[0;39m &amp#27;[2m&amp#27;[0;39m&amp#27;[36mio.r2dbc.h2.client.SessionClient        &amp#27;[0;39m &amp#27;[2m:&amp#27;[0;39m Response: org.h2.result.LocalResult@297454f7 columns: 1 rows: 1 pos: -1
&amp#27;[2m2025-08-17T16:47:04.684+01:00&amp#27;[0;39m &amp#27;[32mDEBUG&amp#27;[0;39m &amp#27;[35m26824&amp#27;[0;39m &amp#27;[2m---&amp#27;[0;39m &amp#27;[2m[transferer] [           main]&amp#27;[0;39m &amp#27;[2m&amp#27;[0;39m&amp#27;[36mo.s.r2dbc.core.DefaultDatabaseClient    &amp#27;[0;39m &amp#27;[2m:&amp#27;[0;39m Executing SQL statement [DELETE FROM accounts]
&amp#27;[2m2025-08-17T16:47:04.684+01:00&amp#27;[0;39m &amp#27;[32mDEBUG&amp#27;[0;39m &amp#27;[35m26824&amp#27;[0;39m &amp#27;[2m---&amp#27;[0;39m &amp#27;[2m[transferer] [           main]&amp#27;[0;39m &amp#27;[2m&amp#27;[0;39m&amp#27;[36mio.r2dbc.h2.client.SessionClient        &amp#27;[0;39m &amp#27;[2m:&amp#27;[0;39m Request:  DELETE FROM accounts
&amp#27;[2m2025-08-17T16:47:04.684+01:00&amp#27;[0;39m &amp#27;[32mDEBUG&amp#27;[0;39m &amp#27;[35m26824&amp#27;[0;39m &amp#27;[2m---&amp#27;[0;39m &amp#27;[2m[transferer] [           main]&amp#27;[0;39m &amp#27;[2m&amp#27;[0;39m&amp#27;[36mio.r2dbc.h2.client.SessionClient        &amp#27;[0;39m &amp#27;[2m:&amp#27;[0;39m Request:  SELECT CURRENT_TIMESTAMP
&amp#27;[2m2025-08-17T16:47:04.684+01:00&amp#27;[0;39m &amp#27;[32mDEBUG&amp#27;[0;39m &amp#27;[35m26824&amp#27;[0;39m &amp#27;[2m---&amp#27;[0;39m &amp#27;[2m[transferer] [           main]&amp#27;[0;39m &amp#27;[2m&amp#27;[0;39m&amp#27;[36mio.r2dbc.h2.client.SessionClient        &amp#27;[0;39m &amp#27;[2m:&amp#27;[0;39m Response: org.h2.result.LocalResult@5f8d4b51 columns: 1 rows: 1 pos: -1
&amp#27;[2m2025-08-17T16:47:04.684+01:00&amp#27;[0;39m &amp#27;[32mDEBUG&amp#27;[0;39m &amp#27;[35m26824&amp#27;[0;39m &amp#27;[2m---&amp#27;[0;39m &amp#27;[2m[transferer] [           main]&amp#27;[0;39m &amp#27;[2m&amp#27;[0;39m&amp#27;[36mio.r2dbc.h2.client.SessionClient        &amp#27;[0;39m &amp#27;[2m:&amp#27;[0;39m Request:  SELECT 1
&amp#27;[2m2025-08-17T16:47:04.684+01:00&amp#27;[0;39m &amp#27;[32mDEBUG&amp#27;[0;39m &amp#27;[35m26824&amp#27;[0;39m &amp#27;[2m---&amp#27;[0;39m &amp#27;[2m[transferer] [           main]&amp#27;[0;39m &amp#27;[2m&amp#27;[0;39m&amp#27;[36mio.r2dbc.h2.client.SessionClient        &amp#27;[0;39m &amp#27;[2m:&amp#27;[0;39m Response: org.h2.result.LocalResult@55821edf columns: 1 rows: 1 pos: -1
&amp#27;[2m2025-08-17T16:47:04.684+01:00&amp#27;[0;39m &amp#27;[32mDEBUG&amp#27;[0;39m &amp#27;[35m26824&amp#27;[0;39m &amp#27;[2m---&amp#27;[0;39m &amp#27;[2m[transferer] [           main]&amp#27;[0;39m &amp#27;[2m&amp#27;[0;39m&amp#27;[36mo.s.r2dbc.core.DefaultDatabaseClient    &amp#27;[0;39m &amp#27;[2m:&amp#27;[0;39m Executing SQL statement [DELETE FROM outbox_events]
&amp#27;[2m2025-08-17T16:47:04.684+01:00&amp#27;[0;39m &amp#27;[32mDEBUG&amp#27;[0;39m &amp#27;[35m26824&amp#27;[0;39m &amp#27;[2m---&amp#27;[0;39m &amp#27;[2m[transferer] [           main]&amp#27;[0;39m &amp#27;[2m&amp#27;[0;39m&amp#27;[36mio.r2dbc.h2.client.SessionClient        &amp#27;[0;39m &amp#27;[2m:&amp#27;[0;39m Request:  DELETE FROM outbox_events
&amp#27;[2m2025-08-17T16:47:04.684+01:00&amp#27;[0;39m &amp#27;[32mDEBUG&amp#27;[0;39m &amp#27;[35m26824&amp#27;[0;39m &amp#27;[2m---&amp#27;[0;39m &amp#27;[2m[transferer] [           main]&amp#27;[0;39m &amp#27;[2m&amp#27;[0;39m&amp#27;[36mio.r2dbc.h2.client.SessionClient        &amp#27;[0;39m &amp#27;[2m:&amp#27;[0;39m Request:  SELECT CURRENT_TIMESTAMP
&amp#27;[2m2025-08-17T16:47:04.684+01:00&amp#27;[0;39m &amp#27;[32mDEBUG&amp#27;[0;39m &amp#27;[35m26824&amp#27;[0;39m &amp#27;[2m---&amp#27;[0;39m &amp#27;[2m[transferer] [           main]&amp#27;[0;39m &amp#27;[2m&amp#27;[0;39m&amp#27;[36mio.r2dbc.h2.client.SessionClient        &amp#27;[0;39m &amp#27;[2m:&amp#27;[0;39m Response: org.h2.result.LocalResult@155318b5 columns: 1 rows: 1 pos: -1
]]></system-out>
  </testcase>
  <testcase name="should_initiate_payment_and_persist_to_database" classname="com.transferer.payment.PaymentSagaDbIntegrationTest" time="0.166">
    <system-out><![CDATA[
  .   ____          _            __ _ _
 /\\ / ___'_ __ _ _(_)_ __  __ _ \ \ \ \
( ( )\___ | '_ | '_| | '_ \/ _` | \ \ \ \
 \\/  ___)| |_)| | | | | || (_| |  ) ) ) )
  '  |____| .__|_| |_|_| |_\__, | / / / /
 =========|_|==============|___/=/_/_/_/
&amp#27;[32m :: Spring Boot :: &amp#27;[39m              &amp#27;[2m (v3.2.0)&amp#27;[0;39m

&amp#27;[2m2025-08-17T16:47:04.694+01:00&amp#27;[0;39m &amp#27;[32m INFO&amp#27;[0;39m &amp#27;[35m26824&amp#27;[0;39m &amp#27;[2m---&amp#27;[0;39m &amp#27;[2m[transferer] [           main]&amp#27;[0;39m &amp#27;[2m&amp#27;[0;39m&amp#27;[36mc.t.p.PaymentSagaDbIntegrationTest      &amp#27;[0;39m &amp#27;[2m:&amp#27;[0;39m Starting PaymentSagaDbIntegrationTest using Java 24.0.2 with PID 26824 (started by bendrawer in /Users/bendrawer/transferer)
&amp#27;[2m2025-08-17T16:47:04.694+01:00&amp#27;[0;39m &amp#27;[32mDEBUG&amp#27;[0;39m &amp#27;[35m26824&amp#27;[0;39m &amp#27;[2m---&amp#27;[0;39m &amp#27;[2m[transferer] [           main]&amp#27;[0;39m &amp#27;[2m&amp#27;[0;39m&amp#27;[36mc.t.p.PaymentSagaDbIntegrationTest      &amp#27;[0;39m &amp#27;[2m:&amp#27;[0;39m Running with Spring Boot v3.2.0, Spring v6.1.1
&amp#27;[2m2025-08-17T16:47:04.694+01:00&amp#27;[0;39m &amp#27;[32m INFO&amp#27;[0;39m &amp#27;[35m26824&amp#27;[0;39m &amp#27;[2m---&amp#27;[0;39m &amp#27;[2m[transferer] [           main]&amp#27;[0;39m &amp#27;[2m&amp#27;[0;39m&amp#27;[36mc.t.p.PaymentSagaDbIntegrationTest      &amp#27;[0;39m &amp#27;[2m:&amp#27;[0;39m The following 1 profile is active: "test"
&amp#27;[2m2025-08-17T16:47:04.709+01:00&amp#27;[0;39m &amp#27;[32m INFO&amp#27;[0;39m &amp#27;[35m26824&amp#27;[0;39m &amp#27;[2m---&amp#27;[0;39m &amp#27;[2m[transferer] [           main]&amp#27;[0;39m &amp#27;[2m&amp#27;[0;39m&amp#27;[36m.s.d.r.c.RepositoryConfigurationDelegate&amp#27;[0;39m &amp#27;[2m:&amp#27;[0;39m Bootstrapping Spring Data R2DBC repositories in DEFAULT mode.
&amp#27;[2m2025-08-17T16:47:04.712+01:00&amp#27;[0;39m &amp#27;[32m INFO&amp#27;[0;39m &amp#27;[35m26824&amp#27;[0;39m &amp#27;[2m---&amp#27;[0;39m &amp#27;[2m[transferer] [           main]&amp#27;[0;39m &amp#27;[2m&amp#27;[0;39m&amp#27;[36m.s.d.r.c.RepositoryConfigurationDelegate&amp#27;[0;39m &amp#27;[2m:&amp#27;[0;39m Finished Spring Data repository scanning in 3 ms. Found 4 R2DBC repository interfaces.
&amp#27;[2m2025-08-17T16:47:04.731+01:00&amp#27;[0;39m &amp#27;[32mDEBUG&amp#27;[0;39m &amp#27;[35m26824&amp#27;[0;39m &amp#27;[2m---&amp#27;[0;39m &amp#27;[2m[transferer] [           main]&amp#27;[0;39m &amp#27;[2m&amp#27;[0;39m&amp#27;[36mc.t.shared.outbox.OutboxEventBus        &amp#27;[0;39m &amp#27;[2m:&amp#27;[0;39m Subscribed handler to event class: PaymentStepAdvancedEvent
&amp#27;[2m2025-08-17T16:47:04.732+01:00&amp#27;[0;39m &amp#27;[32mDEBUG&amp#27;[0;39m &amp#27;[35m26824&amp#27;[0;39m &amp#27;[2m---&amp#27;[0;39m &amp#27;[2m[transferer] [           main]&amp#27;[0;39m &amp#27;[2m&amp#27;[0;39m&amp#27;[36mc.t.shared.outbox.OutboxEventBus        &amp#27;[0;39m &amp#27;[2m:&amp#27;[0;39m Subscribed handler to event class: TransactionCreatedEvent
&amp#27;[2m2025-08-17T16:47:04.732+01:00&amp#27;[0;39m &amp#27;[32mDEBUG&amp#27;[0;39m &amp#27;[35m26824&amp#27;[0;39m &amp#27;[2m---&amp#27;[0;39m &amp#27;[2m[transferer] [           main]&amp#27;[0;39m &amp#27;[2m&amp#27;[0;39m&amp#27;[36mc.t.shared.outbox.OutboxEventBus        &amp#27;[0;39m &amp#27;[2m:&amp#27;[0;39m Subscribed handler to event class: AccountDebitedEvent
&amp#27;[2m2025-08-17T16:47:04.732+01:00&amp#27;[0;39m &amp#27;[32mDEBUG&amp#27;[0;39m &amp#27;[35m26824&amp#27;[0;39m &amp#27;[2m---&amp#27;[0;39m &amp#27;[2m[transferer] [           main]&amp#27;[0;39m &amp#27;[2m&amp#27;[0;39m&amp#27;[36mc.t.shared.outbox.OutboxEventBus        &amp#27;[0;39m &amp#27;[2m:&amp#27;[0;39m Subscribed handler to event class: AccountCreditedEvent
&amp#27;[2m2025-08-17T16:47:04.732+01:00&amp#27;[0;39m &amp#27;[32mDEBUG&amp#27;[0;39m &amp#27;[35m26824&amp#27;[0;39m &amp#27;[2m---&amp#27;[0;39m &amp#27;[2m[transferer] [           main]&amp#27;[0;39m &amp#27;[2m&amp#27;[0;39m&amp#27;[36mc.t.shared.outbox.OutboxEventBus        &amp#27;[0;39m &amp#27;[2m:&amp#27;[0;39m Subscribed handler to event class: TransactionCompletedEvent
&amp#27;[2m2025-08-17T16:47:04.732+01:00&amp#27;[0;39m &amp#27;[32mDEBUG&amp#27;[0;39m &amp#27;[35m26824&amp#27;[0;39m &amp#27;[2m---&amp#27;[0;39m &amp#27;[2m[transferer] [           main]&amp#27;[0;39m &amp#27;[2m&amp#27;[0;39m&amp#27;[36mc.t.shared.outbox.OutboxEventBus        &amp#27;[0;39m &amp#27;[2m:&amp#27;[0;39m Subscribed handler to event class: PaymentFailedEvent
&amp#27;[2m2025-08-17T16:47:04.733+01:00&amp#27;[0;39m &amp#27;[32mDEBUG&amp#27;[0;39m &amp#27;[35m26824&amp#27;[0;39m &amp#27;[2m---&amp#27;[0;39m &amp#27;[2m[transferer] [       single-1]&amp#27;[0;39m &amp#27;[2m&amp#27;[0;39m&amp#27;[36mio.r2dbc.h2.client.SessionClient        &amp#27;[0;39m &amp#27;[2m:&amp#27;[0;39m Request:  CALL H2VERSION()
&amp#27;[2m2025-08-17T16:47:04.733+01:00&amp#27;[0;39m &amp#27;[32mDEBUG&amp#27;[0;39m &amp#27;[35m26824&amp#27;[0;39m &amp#27;[2m---&amp#27;[0;39m &amp#27;[2m[transferer] [       single-1]&amp#27;[0;39m &amp#27;[2m&amp#27;[0;39m&amp#27;[36mio.r2dbc.h2.client.SessionClient        &amp#27;[0;39m &amp#27;[2m:&amp#27;[0;39m Response: org.h2.result.LocalResult@1f7c3d18 columns: 1 rows: 1 pos: -1
&amp#27;[2m2025-08-17T16:47:04.733+01:00&amp#27;[0;39m &amp#27;[32mDEBUG&amp#27;[0;39m &amp#27;[35m26824&amp#27;[0;39m &amp#27;[2m---&amp#27;[0;39m &amp#27;[2m[transferer] [       single-1]&amp#27;[0;39m &amp#27;[2m&amp#27;[0;39m&amp#27;[36mio.r2dbc.h2.client.SessionClient        &amp#27;[0;39m &amp#27;[2m:&amp#27;[0;39m Request:  SELECT 1
&amp#27;[2m2025-08-17T16:47:04.733+01:00&amp#27;[0;39m &amp#27;[32mDEBUG&amp#27;[0;39m &amp#27;[35m26824&amp#27;[0;39m &amp#27;[2m---&amp#27;[0;39m &amp#27;[2m[transferer] [       single-1]&amp#27;[0;39m &amp#27;[2m&amp#27;[0;39m&amp#27;[36mio.r2dbc.h2.client.SessionClient        &amp#27;[0;39m &amp#27;[2m:&amp#27;[0;39m Response: org.h2.result.LocalResult@2eecc759 columns: 1 rows: 1 pos: -1
&amp#27;[2m2025-08-17T16:47:04.734+01:00&amp#27;[0;39m &amp#27;[32mDEBUG&amp#27;[0;39m &amp#27;[35m26824&amp#27;[0;39m &amp#27;[2m---&amp#27;[0;39m &amp#27;[2m[transferer] [       single-1]&amp#27;[0;39m &amp#27;[2m&amp#27;[0;39m&amp#27;[36mo.s.r2dbc.connection.init.ScriptUtils   &amp#27;[0;39m &amp#27;[2m:&amp#27;[0;39m Executing SQL script from class path resource [test-schema.sql]
&amp#27;[2m2025-08-17T16:47:04.734+01:00&amp#27;[0;39m &amp#27;[32mDEBUG&amp#27;[0;39m &amp#27;[35m26824&amp#27;[0;39m &amp#27;[2m---&amp#27;[0;39m &amp#27;[2m[transferer] [       single-1]&amp#27;[0;39m &amp#27;[2m&amp#27;[0;39m&amp#27;[36mio.r2dbc.h2.client.SessionClient        &amp#27;[0;39m &amp#27;[2m:&amp#27;[0;39m Request:  CALL H2VERSION()
&amp#27;[2m2025-08-17T16:47:04.734+01:00&amp#27;[0;39m &amp#27;[32mDEBUG&amp#27;[0;39m &amp#27;[35m26824&amp#27;[0;39m &amp#27;[2m---&amp#27;[0;39m &amp#27;[2m[transferer] [       single-1]&amp#27;[0;39m &amp#27;[2m&amp#27;[0;39m&amp#27;[36mio.r2dbc.h2.client.SessionClient        &amp#27;[0;39m &amp#27;[2m:&amp#27;[0;39m Response: org.h2.result.LocalResult@5502668d columns: 1 rows: 1 pos: -1
&amp#27;[2m2025-08-17T16:47:04.734+01:00&amp#27;[0;39m &amp#27;[32mDEBUG&amp#27;[0;39m &amp#27;[35m26824&amp#27;[0;39m &amp#27;[2m---&amp#27;[0;39m &amp#27;[2m[transferer] [       single-1]&amp#27;[0;39m &amp#27;[2m&amp#27;[0;39m&amp#27;[36mio.r2dbc.h2.client.SessionClient        &amp#27;[0;39m &amp#27;[2m:&amp#27;[0;39m Request:  CALL H2VERSION()
&amp#27;[2m2025-08-17T16:47:04.734+01:00&amp#27;[0;39m &amp#27;[32mDEBUG&amp#27;[0;39m &amp#27;[35m26824&amp#27;[0;39m &amp#27;[2m---&amp#27;[0;39m &amp#27;[2m[transferer] [       single-1]&amp#27;[0;39m &amp#27;[2m&amp#27;[0;39m&amp#27;[36mio.r2dbc.h2.client.SessionClient        &amp#27;[0;39m &amp#27;[2m:&amp#27;[0;39m Response: org.h2.result.LocalResult@2b6805c8 columns: 1 rows: 1 pos: -1
&amp#27;[2m2025-08-17T16:47:04.734+01:00&amp#27;[0;39m &amp#27;[32mDEBUG&amp#27;[0;39m &amp#27;[35m26824&amp#27;[0;39m &amp#27;[2m---&amp#27;[0;39m &amp#27;[2m[transferer] [       single-1]&amp#27;[0;39m &amp#27;[2m&amp#27;[0;39m&amp#27;[36mio.r2dbc.h2.client.SessionClient        &amp#27;[0;39m &amp#27;[2m:&amp#27;[0;39m Request:  CALL H2VERSION()
&amp#27;[2m2025-08-17T16:47:04.734+01:00&amp#27;[0;39m &amp#27;[32mDEBUG&amp#27;[0;39m &amp#27;[35m26824&amp#27;[0;39m &amp#27;[2m---&amp#27;[0;39m &amp#27;[2m[transferer] [       single-1]&amp#27;[0;39m &amp#27;[2m&amp#27;[0;39m&amp#27;[36mio.r2dbc.h2.client.SessionClient        &amp#27;[0;39m &amp#27;[2m:&amp#27;[0;39m Response: org.h2.result.LocalResult@465bff5b columns: 1 rows: 1 pos: -1
&amp#27;[2m2025-08-17T16:47:04.734+01:00&amp#27;[0;39m &amp#27;[32mDEBUG&amp#27;[0;39m &amp#27;[35m26824&amp#27;[0;39m &amp#27;[2m---&amp#27;[0;39m &amp#27;[2m[transferer] [       single-1]&amp#27;[0;39m &amp#27;[2m&amp#27;[0;39m&amp#27;[36mio.r2dbc.h2.client.SessionClient        &amp#27;[0;39m &amp#27;[2m:&amp#27;[0;39m Request:  CALL H2VERSION()
&amp#27;[2m2025-08-17T16:47:04.734+01:00&amp#27;[0;39m &amp#27;[32mDEBUG&amp#27;[0;39m &amp#27;[35m26824&amp#27;[0;39m &amp#27;[2m---&amp#27;[0;39m &amp#27;[2m[transferer] [       single-1]&amp#27;[0;39m &amp#27;[2m&amp#27;[0;39m&amp#27;[36mio.r2dbc.h2.client.SessionClient        &amp#27;[0;39m &amp#27;[2m:&amp#27;[0;39m Response: org.h2.result.LocalResult@e452ec6 columns: 1 rows: 1 pos: -1
&amp#27;[2m2025-08-17T16:47:04.734+01:00&amp#27;[0;39m &amp#27;[32mDEBUG&amp#27;[0;39m &amp#27;[35m26824&amp#27;[0;39m &amp#27;[2m---&amp#27;[0;39m &amp#27;[2m[transferer] [       single-1]&amp#27;[0;39m &amp#27;[2m&amp#27;[0;39m&amp#27;[36mio.r2dbc.h2.client.SessionClient        &amp#27;[0;39m &amp#27;[2m:&amp#27;[0;39m Request:  CALL H2VERSION()
&amp#27;[2m2025-08-17T16:47:04.734+01:00&amp#27;[0;39m &amp#27;[32mDEBUG&amp#27;[0;39m &amp#27;[35m26824&amp#27;[0;39m &amp#27;[2m---&amp#27;[0;39m &amp#27;[2m[transferer] [       single-1]&amp#27;[0;39m &amp#27;[2m&amp#27;[0;39m&amp#27;[36mio.r2dbc.h2.client.SessionClient        &amp#27;[0;39m &amp#27;[2m:&amp#27;[0;39m Response: org.h2.result.LocalResult@4835078d columns: 1 rows: 1 pos: -1
&amp#27;[2m2025-08-17T16:47:04.734+01:00&amp#27;[0;39m &amp#27;[32mDEBUG&amp#27;[0;39m &amp#27;[35m26824&amp#27;[0;39m &amp#27;[2m---&amp#27;[0;39m &amp#27;[2m[transferer] [       single-1]&amp#27;[0;39m &amp#27;[2m&amp#27;[0;39m&amp#27;[36mio.r2dbc.h2.client.SessionClient        &amp#27;[0;39m &amp#27;[2m:&amp#27;[0;39m Request:  CALL H2VERSION()
&amp#27;[2m2025-08-17T16:47:04.734+01:00&amp#27;[0;39m &amp#27;[32mDEBUG&amp#27;[0;39m &amp#27;[35m26824&amp#27;[0;39m &amp#27;[2m---&amp#27;[0;39m &amp#27;[2m[transferer] [       single-1]&amp#27;[0;39m &amp#27;[2m&amp#27;[0;39m&amp#27;[36mio.r2dbc.h2.client.SessionClient        &amp#27;[0;39m &amp#27;[2m:&amp#27;[0;39m Response: org.h2.result.LocalResult@23981d06 columns: 1 rows: 1 pos: -1
&amp#27;[2m2025-08-17T16:47:04.735+01:00&amp#27;[0;39m &amp#27;[32mDEBUG&amp#27;[0;39m &amp#27;[35m26824&amp#27;[0;39m &amp#27;[2m---&amp#27;[0;39m &amp#27;[2m[transferer] [       Thread-2]&amp#27;[0;39m &amp#27;[2m&amp#27;[0;39m&amp#27;[36mio.r2dbc.h2.client.SessionClient        &amp#27;[0;39m &amp#27;[2m:&amp#27;[0;39m Request:  CREATE TABLE IF NOT EXISTS accounts ( id VARCHAR(255) PRIMARY KEY, account_number VARCHAR(20) UNIQUE NOT NULL, holder_name VARCHAR(255) NOT NULL, balance DECIMAL(19,2) NOT NULL DEFAULT 0.00, status VARCHAR(20) NOT NULL DEFAULT 'ACTIVE', created_at TIMESTAMP NOT NULL DEFAULT CURRENT_TIMESTAMP, updated_at TIMESTAMP NOT NULL DEFAULT CURRENT_TIMESTAMP )
&amp#27;[2m2025-08-17T16:47:04.735+01:00&amp#27;[0;39m &amp#27;[32mDEBUG&amp#27;[0;39m &amp#27;[35m26824&amp#27;[0;39m &amp#27;[2m---&amp#27;[0;39m &amp#27;[2m[transferer] [       single-1]&amp#27;[0;39m &amp#27;[2m&amp#27;[0;39m&amp#27;[36mio.r2dbc.h2.client.SessionClient        &amp#27;[0;39m &amp#27;[2m:&amp#27;[0;39m Request:  CALL H2VERSION()
&amp#27;[2m2025-08-17T16:47:04.735+01:00&amp#27;[0;39m &amp#27;[32mDEBUG&amp#27;[0;39m &amp#27;[35m26824&amp#27;[0;39m &amp#27;[2m---&amp#27;[0;39m &amp#27;[2m[transferer] [       single-1]&amp#27;[0;39m &amp#27;[2m&amp#27;[0;39m&amp#27;[36mio.r2dbc.h2.client.SessionClient        &amp#27;[0;39m &amp#27;[2m:&amp#27;[0;39m Response: org.h2.result.LocalResult@3aa09f09 columns: 1 rows: 1 pos: -1
&amp#27;[2m2025-08-17T16:47:04.735+01:00&amp#27;[0;39m &amp#27;[32mDEBUG&amp#27;[0;39m &amp#27;[35m26824&amp#27;[0;39m &amp#27;[2m---&amp#27;[0;39m &amp#27;[2m[transferer] [       Thread-2]&amp#27;[0;39m &amp#27;[2m&amp#27;[0;39m&amp#27;[36mo.s.r2dbc.connection.init.ScriptUtils   &amp#27;[0;39m &amp#27;[2m:&amp#27;[0;39m 0 returned as update count for SQL: CREATE TABLE IF NOT EXISTS accounts ( id VARCHAR(255) PRIMARY KEY, account_number VARCHAR(20) UNIQUE NOT NULL, holder_name VARCHAR(255) NOT NULL, balance DECIMAL(19,2) NOT NULL DEFAULT 0.00, status VARCHAR(20) NOT NULL DEFAULT 'ACTIVE', created_at TIMESTAMP NOT NULL DEFAULT CURRENT_TIMESTAMP, updated_at TIMESTAMP NOT NULL DEFAULT CURRENT_TIMESTAMP )
&amp#27;[2m2025-08-17T16:47:04.735+01:00&amp#27;[0;39m &amp#27;[32mDEBUG&amp#27;[0;39m &amp#27;[35m26824&amp#27;[0;39m &amp#27;[2m---&amp#27;[0;39m &amp#27;[2m[transferer] [       Thread-2]&amp#27;[0;39m &amp#27;[2m&amp#27;[0;39m&amp#27;[36mio.r2dbc.h2.client.SessionClient        &amp#27;[0;39m &amp#27;[2m:&amp#27;[0;39m Request:  CREATE INDEX IF NOT EXISTS idx_accounts_account_number ON accounts (account_number)
&amp#27;[2m2025-08-17T16:47:04.735+01:00&amp#27;[0;39m &amp#27;[32mDEBUG&amp#27;[0;39m &amp#27;[35m26824&amp#27;[0;39m &amp#27;[2m---&amp#27;[0;39m &amp#27;[2m[transferer] [       single-1]&amp#27;[0;39m &amp#27;[2m&amp#27;[0;39m&amp#27;[36mio.r2dbc.h2.client.SessionClient        &amp#27;[0;39m &amp#27;[2m:&amp#27;[0;39m Request:  CALL H2VERSION()
&amp#27;[2m2025-08-17T16:47:04.735+01:00&amp#27;[0;39m &amp#27;[32mDEBUG&amp#27;[0;39m &amp#27;[35m26824&amp#27;[0;39m &amp#27;[2m---&amp#27;[0;39m &amp#27;[2m[transferer] [       Thread-2]&amp#27;[0;39m &amp#27;[2m&amp#27;[0;39m&amp#27;[36mo.s.r2dbc.connection.init.ScriptUtils   &amp#27;[0;39m &amp#27;[2m:&amp#27;[0;39m 0 returned as update count for SQL: CREATE INDEX IF NOT EXISTS idx_accounts_account_number ON accounts (account_number)
&amp#27;[2m2025-08-17T16:47:04.735+01:00&amp#27;[0;39m &amp#27;[32mDEBUG&amp#27;[0;39m &amp#27;[35m26824&amp#27;[0;39m &amp#27;[2m---&amp#27;[0;39m &amp#27;[2m[transferer] [       single-1]&amp#27;[0;39m &amp#27;[2m&amp#27;[0;39m&amp#27;[36mio.r2dbc.h2.client.SessionClient        &amp#27;[0;39m &amp#27;[2m:&amp#27;[0;39m Response: org.h2.result.LocalResult@1d34a585 columns: 1 rows: 1 pos: -1
&amp#27;[2m2025-08-17T16:47:04.735+01:00&amp#27;[0;39m &amp#27;[32mDEBUG&amp#27;[0;39m &amp#27;[35m26824&amp#27;[0;39m &amp#27;[2m---&amp#27;[0;39m &amp#27;[2m[transferer] [       Thread-2]&amp#27;[0;39m &amp#27;[2m&amp#27;[0;39m&amp#27;[36mio.r2dbc.h2.client.SessionClient        &amp#27;[0;39m &amp#27;[2m:&amp#27;[0;39m Request:  CREATE INDEX IF NOT EXISTS idx_accounts_status ON accounts (status)
&amp#27;[2m2025-08-17T16:47:04.735+01:00&amp#27;[0;39m &amp#27;[32mDEBUG&amp#27;[0;39m &amp#27;[35m26824&amp#27;[0;39m &amp#27;[2m---&amp#27;[0;39m &amp#27;[2m[transferer] [       Thread-2]&amp#27;[0;39m &amp#27;[2m&amp#27;[0;39m&amp#27;[36mo.s.r2dbc.connection.init.ScriptUtils   &amp#27;[0;39m &amp#27;[2m:&amp#27;[0;39m 0 returned as update count for SQL: CREATE INDEX IF NOT EXISTS idx_accounts_status ON accounts (status)
&amp#27;[2m2025-08-17T16:47:04.735+01:00&amp#27;[0;39m &amp#27;[32mDEBUG&amp#27;[0;39m &amp#27;[35m26824&amp#27;[0;39m &amp#27;[2m---&amp#27;[0;39m &amp#27;[2m[transferer] [       single-1]&amp#27;[0;39m &amp#27;[2m&amp#27;[0;39m&amp#27;[36mio.r2dbc.h2.client.SessionClient        &amp#27;[0;39m &amp#27;[2m:&amp#27;[0;39m Request:  CALL H2VERSION()
&amp#27;[2m2025-08-17T16:47:04.735+01:00&amp#27;[0;39m &amp#27;[32mDEBUG&amp#27;[0;39m &amp#27;[35m26824&amp#27;[0;39m &amp#27;[2m---&amp#27;[0;39m &amp#27;[2m[transferer] [       single-1]&amp#27;[0;39m &amp#27;[2m&amp#27;[0;39m&amp#27;[36mio.r2dbc.h2.client.SessionClient        &amp#27;[0;39m &amp#27;[2m:&amp#27;[0;39m Response: org.h2.result.LocalResult@7d5dc0c1 columns: 1 rows: 1 pos: -1
&amp#27;[2m2025-08-17T16:47:04.735+01:00&amp#27;[0;39m &amp#27;[32mDEBUG&amp#27;[0;39m &amp#27;[35m26824&amp#27;[0;39m &amp#27;[2m---&amp#27;[0;39m &amp#27;[2m[transferer] [       Thread-2]&amp#27;[0;39m &amp#27;[2m&amp#27;[0;39m&amp#27;[36mio.r2dbc.h2.client.SessionClient        &amp#27;[0;39m &amp#27;[2m:&amp#27;[0;39m Request:  CREATE TABLE IF NOT EXISTS transactions ( id VARCHAR(255) PRIMARY KEY, sender_account_id VARCHAR(255) NOT NULL, recipient_account_id VARCHAR(255) NOT NULL, amount DECIMAL(19,2) NOT NULL, status VARCHAR(20) NOT NULL DEFAULT 'PENDING', description TEXT, created_at TIMESTAMP NOT NULL DEFAULT CURRENT_TIMESTAMP, updated_at TIMESTAMP NOT NULL DEFAULT CURRENT_TIMESTAMP, completed_at TIMESTAMP NULL, CONSTRAINT fk_transactions_sender FOREIGN KEY (sender_account_id) REFERENCES accounts(id), CONSTRAINT fk_transactions_recipient FOREIGN KEY (recipient_account_id) REFERENCES accounts(id), CONSTRAINT chk_transactions_amount_positive CHECK (amount > 0), CONSTRAINT chk_transactions_different_accounts CHECK (sender_account_id != recipient_account_id) )
&amp#27;[2m2025-08-17T16:47:04.735+01:00&amp#27;[0;39m &amp#27;[32mDEBUG&amp#27;[0;39m &amp#27;[35m26824&amp#27;[0;39m &amp#27;[2m---&amp#27;[0;39m &amp#27;[2m[transferer] [       Thread-2]&amp#27;[0;39m &amp#27;[2m&amp#27;[0;39m&amp#27;[36mo.s.r2dbc.connection.init.ScriptUtils   &amp#27;[0;39m &amp#27;[2m:&amp#27;[0;39m 0 returned as update count for SQL: CREATE TABLE IF NOT EXISTS transactions ( id VARCHAR(255) PRIMARY KEY, sender_account_id VARCHAR(255) NOT NULL, recipient_account_id VARCHAR(255) NOT NULL, amount DECIMAL(19,2) NOT NULL, status VARCHAR(20) NOT NULL DEFAULT 'PENDING', description TEXT, created_at TIMESTAMP NOT NULL DEFAULT CURRENT_TIMESTAMP, updated_at TIMESTAMP NOT NULL DEFAULT CURRENT_TIMESTAMP, completed_at TIMESTAMP NULL, CONSTRAINT fk_transactions_sender FOREIGN KEY (sender_account_id) REFERENCES accounts(id), CONSTRAINT fk_transactions_recipient FOREIGN KEY (recipient_account_id) REFERENCES accounts(id), CONSTRAINT chk_transactions_amount_positive CHECK (amount > 0), CONSTRAINT chk_transactions_different_accounts CHECK (sender_account_id != recipient_account_id) )
&amp#27;[2m2025-08-17T16:47:04.735+01:00&amp#27;[0;39m &amp#27;[32mDEBUG&amp#27;[0;39m &amp#27;[35m26824&amp#27;[0;39m &amp#27;[2m---&amp#27;[0;39m &amp#27;[2m[transferer] [       Thread-2]&amp#27;[0;39m &amp#27;[2m&amp#27;[0;39m&amp#27;[36mio.r2dbc.h2.client.SessionClient        &amp#27;[0;39m &amp#27;[2m:&amp#27;[0;39m Request:  CREATE INDEX IF NOT EXISTS idx_transactions_sender_account_id ON transactions (sender_account_id)
&amp#27;[2m2025-08-17T16:47:04.735+01:00&amp#27;[0;39m &amp#27;[32mDEBUG&amp#27;[0;39m &amp#27;[35m26824&amp#27;[0;39m &amp#27;[2m---&amp#27;[0;39m &amp#27;[2m[transferer] [       Thread-2]&amp#27;[0;39m &amp#27;[2m&amp#27;[0;39m&amp#27;[36mo.s.r2dbc.connection.init.ScriptUtils   &amp#27;[0;39m &amp#27;[2m:&amp#27;[0;39m 0 returned as update count for SQL: CREATE INDEX IF NOT EXISTS idx_transactions_sender_account_id ON transactions (sender_account_id)
&amp#27;[2m2025-08-17T16:47:04.735+01:00&amp#27;[0;39m &amp#27;[32mDEBUG&amp#27;[0;39m &amp#27;[35m26824&amp#27;[0;39m &amp#27;[2m---&amp#27;[0;39m &amp#27;[2m[transferer] [       Thread-2]&amp#27;[0;39m &amp#27;[2m&amp#27;[0;39m&amp#27;[36mio.r2dbc.h2.client.SessionClient        &amp#27;[0;39m &amp#27;[2m:&amp#27;[0;39m Request:  CREATE INDEX IF NOT EXISTS idx_transactions_recipient_account_id ON transactions (recipient_account_id)
&amp#27;[2m2025-08-17T16:47:04.735+01:00&amp#27;[0;39m &amp#27;[32mDEBUG&amp#27;[0;39m &amp#27;[35m26824&amp#27;[0;39m &amp#27;[2m---&amp#27;[0;39m &amp#27;[2m[transferer] [       Thread-2]&amp#27;[0;39m &amp#27;[2m&amp#27;[0;39m&amp#27;[36mo.s.r2dbc.connection.init.ScriptUtils   &amp#27;[0;39m &amp#27;[2m:&amp#27;[0;39m 0 returned as update count for SQL: CREATE INDEX IF NOT EXISTS idx_transactions_recipient_account_id ON transactions (recipient_account_id)
&amp#27;[2m2025-08-17T16:47:04.735+01:00&amp#27;[0;39m &amp#27;[32mDEBUG&amp#27;[0;39m &amp#27;[35m26824&amp#27;[0;39m &amp#27;[2m---&amp#27;[0;39m &amp#27;[2m[transferer] [       Thread-2]&amp#27;[0;39m &amp#27;[2m&amp#27;[0;39m&amp#27;[36mio.r2dbc.h2.client.SessionClient        &amp#27;[0;39m &amp#27;[2m:&amp#27;[0;39m Request:  CREATE INDEX IF NOT EXISTS idx_transactions_status ON transactions (status)
&amp#27;[2m2025-08-17T16:47:04.735+01:00&amp#27;[0;39m &amp#27;[32mDEBUG&amp#27;[0;39m &amp#27;[35m26824&amp#27;[0;39m &amp#27;[2m---&amp#27;[0;39m &amp#27;[2m[transferer] [       Thread-2]&amp#27;[0;39m &amp#27;[2m&amp#27;[0;39m&amp#27;[36mo.s.r2dbc.connection.init.ScriptUtils   &amp#27;[0;39m &amp#27;[2m:&amp#27;[0;39m 0 returned as update count for SQL: CREATE INDEX IF NOT EXISTS idx_transactions_status ON transactions (status)
&amp#27;[2m2025-08-17T16:47:04.735+01:00&amp#27;[0;39m &amp#27;[32mDEBUG&amp#27;[0;39m &amp#27;[35m26824&amp#27;[0;39m &amp#27;[2m---&amp#27;[0;39m &amp#27;[2m[transferer] [       Thread-2]&amp#27;[0;39m &amp#27;[2m&amp#27;[0;39m&amp#27;[36mio.r2dbc.h2.client.SessionClient        &amp#27;[0;39m &amp#27;[2m:&amp#27;[0;39m Request:  CREATE INDEX IF NOT EXISTS idx_transactions_created_at ON transactions (created_at)
&amp#27;[2m2025-08-17T16:47:04.735+01:00&amp#27;[0;39m &amp#27;[32mDEBUG&amp#27;[0;39m &amp#27;[35m26824&amp#27;[0;39m &amp#27;[2m---&amp#27;[0;39m &amp#27;[2m[transferer] [       Thread-2]&amp#27;[0;39m &amp#27;[2m&amp#27;[0;39m&amp#27;[36mo.s.r2dbc.connection.init.ScriptUtils   &amp#27;[0;39m &amp#27;[2m:&amp#27;[0;39m 0 returned as update count for SQL: CREATE INDEX IF NOT EXISTS idx_transactions_created_at ON transactions (created_at)
&amp#27;[2m2025-08-17T16:47:04.735+01:00&amp#27;[0;39m &amp#27;[32mDEBUG&amp#27;[0;39m &amp#27;[35m26824&amp#27;[0;39m &amp#27;[2m---&amp#27;[0;39m &amp#27;[2m[transferer] [       Thread-2]&amp#27;[0;39m &amp#27;[2m&amp#27;[0;39m&amp#27;[36mio.r2dbc.h2.client.SessionClient        &amp#27;[0;39m &amp#27;[2m:&amp#27;[0;39m Request:  CREATE TABLE IF NOT EXISTS payments ( id VARCHAR(255) PRIMARY KEY, transaction_id VARCHAR(255), sender_account_id VARCHAR(255) NOT NULL, recipient_account_id VARCHAR(255) NOT NULL, amount DECIMAL(19,2) NOT NULL, description TEXT, status VARCHAR(20) NOT NULL DEFAULT 'PENDING', current_step VARCHAR(50) NOT NULL DEFAULT 'INITIATED', failure_reason TEXT, created_at TIMESTAMP NOT NULL DEFAULT CURRENT_TIMESTAMP, updated_at TIMESTAMP NOT NULL DEFAULT CURRENT_TIMESTAMP, completed_at TIMESTAMP NULL, CONSTRAINT fk_payments_transaction FOREIGN KEY (transaction_id) REFERENCES transactions(id), CONSTRAINT fk_payments_sender FOREIGN KEY (sender_account_id) REFERENCES accounts(id), CONSTRAINT fk_payments_recipient FOREIGN KEY (recipient_account_id) REFERENCES accounts(id), CONSTRAINT chk_payments_amount_positive CHECK (amount > 0), CONSTRAINT chk_payments_different_accounts CHECK (sender_account_id != recipient_account_id) )
&amp#27;[2m2025-08-17T16:47:04.735+01:00&amp#27;[0;39m &amp#27;[32mDEBUG&amp#27;[0;39m &amp#27;[35m26824&amp#27;[0;39m &amp#27;[2m---&amp#27;[0;39m &amp#27;[2m[transferer] [       Thread-2]&amp#27;[0;39m &amp#27;[2m&amp#27;[0;39m&amp#27;[36mo.s.r2dbc.connection.init.ScriptUtils   &amp#27;[0;39m &amp#27;[2m:&amp#27;[0;39m 0 returned as update count for SQL: CREATE TABLE IF NOT EXISTS payments ( id VARCHAR(255) PRIMARY KEY, transaction_id VARCHAR(255), sender_account_id VARCHAR(255) NOT NULL, recipient_account_id VARCHAR(255) NOT NULL, amount DECIMAL(19,2) NOT NULL, description TEXT, status VARCHAR(20) NOT NULL DEFAULT 'PENDING', current_step VARCHAR(50) NOT NULL DEFAULT 'INITIATED', failure_reason TEXT, created_at TIMESTAMP NOT NULL DEFAULT CURRENT_TIMESTAMP, updated_at TIMESTAMP NOT NULL DEFAULT CURRENT_TIMESTAMP, completed_at TIMESTAMP NULL, CONSTRAINT fk_payments_transaction FOREIGN KEY (transaction_id) REFERENCES transactions(id), CONSTRAINT fk_payments_sender FOREIGN KEY (sender_account_id) REFERENCES accounts(id), CONSTRAINT fk_payments_recipient FOREIGN KEY (recipient_account_id) REFERENCES accounts(id), CONSTRAINT chk_payments_amount_positive CHECK (amount > 0), CONSTRAINT chk_payments_different_accounts CHECK (sender_account_id != recipient_account_id) )
&amp#27;[2m2025-08-17T16:47:04.735+01:00&amp#27;[0;39m &amp#27;[32mDEBUG&amp#27;[0;39m &amp#27;[35m26824&amp#27;[0;39m &amp#27;[2m---&amp#27;[0;39m &amp#27;[2m[transferer] [       Thread-2]&amp#27;[0;39m &amp#27;[2m&amp#27;[0;39m&amp#27;[36mio.r2dbc.h2.client.SessionClient        &amp#27;[0;39m &amp#27;[2m:&amp#27;[0;39m Request:  CREATE INDEX IF NOT EXISTS idx_payments_transaction_id ON payments (transaction_id)
&amp#27;[2m2025-08-17T16:47:04.735+01:00&amp#27;[0;39m &amp#27;[32mDEBUG&amp#27;[0;39m &amp#27;[35m26824&amp#27;[0;39m &amp#27;[2m---&amp#27;[0;39m &amp#27;[2m[transferer] [       Thread-2]&amp#27;[0;39m &amp#27;[2m&amp#27;[0;39m&amp#27;[36mo.s.r2dbc.connection.init.ScriptUtils   &amp#27;[0;39m &amp#27;[2m:&amp#27;[0;39m 0 returned as update count for SQL: CREATE INDEX IF NOT EXISTS idx_payments_transaction_id ON payments (transaction_id)
&amp#27;[2m2025-08-17T16:47:04.735+01:00&amp#27;[0;39m &amp#27;[32mDEBUG&amp#27;[0;39m &amp#27;[35m26824&amp#27;[0;39m &amp#27;[2m---&amp#27;[0;39m &amp#27;[2m[transferer] [       Thread-2]&amp#27;[0;39m &amp#27;[2m&amp#27;[0;39m&amp#27;[36mio.r2dbc.h2.client.SessionClient        &amp#27;[0;39m &amp#27;[2m:&amp#27;[0;39m Request:  CREATE INDEX IF NOT EXISTS idx_payments_sender_account_id ON payments (sender_account_id)
&amp#27;[2m2025-08-17T16:47:04.735+01:00&amp#27;[0;39m &amp#27;[32mDEBUG&amp#27;[0;39m &amp#27;[35m26824&amp#27;[0;39m &amp#27;[2m---&amp#27;[0;39m &amp#27;[2m[transferer] [       Thread-2]&amp#27;[0;39m &amp#27;[2m&amp#27;[0;39m&amp#27;[36mo.s.r2dbc.connection.init.ScriptUtils   &amp#27;[0;39m &amp#27;[2m:&amp#27;[0;39m 0 returned as update count for SQL: CREATE INDEX IF NOT EXISTS idx_payments_sender_account_id ON payments (sender_account_id)
&amp#27;[2m2025-08-17T16:47:04.735+01:00&amp#27;[0;39m &amp#27;[32mDEBUG&amp#27;[0;39m &amp#27;[35m26824&amp#27;[0;39m &amp#27;[2m---&amp#27;[0;39m &amp#27;[2m[transferer] [       Thread-2]&amp#27;[0;39m &amp#27;[2m&amp#27;[0;39m&amp#27;[36mio.r2dbc.h2.client.SessionClient        &amp#27;[0;39m &amp#27;[2m:&amp#27;[0;39m Request:  CREATE INDEX IF NOT EXISTS idx_payments_recipient_account_id ON payments (recipient_account_id)
&amp#27;[2m2025-08-17T16:47:04.735+01:00&amp#27;[0;39m &amp#27;[32mDEBUG&amp#27;[0;39m &amp#27;[35m26824&amp#27;[0;39m &amp#27;[2m---&amp#27;[0;39m &amp#27;[2m[transferer] [       Thread-2]&amp#27;[0;39m &amp#27;[2m&amp#27;[0;39m&amp#27;[36mo.s.r2dbc.connection.init.ScriptUtils   &amp#27;[0;39m &amp#27;[2m:&amp#27;[0;39m 0 returned as update count for SQL: CREATE INDEX IF NOT EXISTS idx_payments_recipient_account_id ON payments (recipient_account_id)
&amp#27;[2m2025-08-17T16:47:04.735+01:00&amp#27;[0;39m &amp#27;[32mDEBUG&amp#27;[0;39m &amp#27;[35m26824&amp#27;[0;39m &amp#27;[2m---&amp#27;[0;39m &amp#27;[2m[transferer] [       Thread-2]&amp#27;[0;39m &amp#27;[2m&amp#27;[0;39m&amp#27;[36mio.r2dbc.h2.client.SessionClient        &amp#27;[0;39m &amp#27;[2m:&amp#27;[0;39m Request:  CREATE INDEX IF NOT EXISTS idx_payments_status ON payments (status)
&amp#27;[2m2025-08-17T16:47:04.735+01:00&amp#27;[0;39m &amp#27;[32mDEBUG&amp#27;[0;39m &amp#27;[35m26824&amp#27;[0;39m &amp#27;[2m---&amp#27;[0;39m &amp#27;[2m[transferer] [       Thread-2]&amp#27;[0;39m &amp#27;[2m&amp#27;[0;39m&amp#27;[36mo.s.r2dbc.connection.init.ScriptUtils   &amp#27;[0;39m &amp#27;[2m:&amp#27;[0;39m 0 returned as update count for SQL: CREATE INDEX IF NOT EXISTS idx_payments_status ON payments (status)
&amp#27;[2m2025-08-17T16:47:04.735+01:00&amp#27;[0;39m &amp#27;[32mDEBUG&amp#27;[0;39m &amp#27;[35m26824&amp#27;[0;39m &amp#27;[2m---&amp#27;[0;39m &amp#27;[2m[transferer] [       Thread-2]&amp#27;[0;39m &amp#27;[2m&amp#27;[0;39m&amp#27;[36mio.r2dbc.h2.client.SessionClient        &amp#27;[0;39m &amp#27;[2m:&amp#27;[0;39m Request:  CREATE INDEX IF NOT EXISTS idx_payments_current_step ON payments (current_step)
&amp#27;[2m2025-08-17T16:47:04.735+01:00&amp#27;[0;39m &amp#27;[32mDEBUG&amp#27;[0;39m &amp#27;[35m26824&amp#27;[0;39m &amp#27;[2m---&amp#27;[0;39m &amp#27;[2m[transferer] [       Thread-2]&amp#27;[0;39m &amp#27;[2m&amp#27;[0;39m&amp#27;[36mo.s.r2dbc.connection.init.ScriptUtils   &amp#27;[0;39m &amp#27;[2m:&amp#27;[0;39m 0 returned as update count for SQL: CREATE INDEX IF NOT EXISTS idx_payments_current_step ON payments (current_step)
&amp#27;[2m2025-08-17T16:47:04.735+01:00&amp#27;[0;39m &amp#27;[32mDEBUG&amp#27;[0;39m &amp#27;[35m26824&amp#27;[0;39m &amp#27;[2m---&amp#27;[0;39m &amp#27;[2m[transferer] [       Thread-2]&amp#27;[0;39m &amp#27;[2m&amp#27;[0;39m&amp#27;[36mio.r2dbc.h2.client.SessionClient        &amp#27;[0;39m &amp#27;[2m:&amp#27;[0;39m Request:  CREATE INDEX IF NOT EXISTS idx_payments_created_at ON payments (created_at)
&amp#27;[2m2025-08-17T16:47:04.735+01:00&amp#27;[0;39m &amp#27;[32mDEBUG&amp#27;[0;39m &amp#27;[35m26824&amp#27;[0;39m &amp#27;[2m---&amp#27;[0;39m &amp#27;[2m[transferer] [       Thread-2]&amp#27;[0;39m &amp#27;[2m&amp#27;[0;39m&amp#27;[36mo.s.r2dbc.connection.init.ScriptUtils   &amp#27;[0;39m &amp#27;[2m:&amp#27;[0;39m 0 returned as update count for SQL: CREATE INDEX IF NOT EXISTS idx_payments_created_at ON payments (created_at)
&amp#27;[2m2025-08-17T16:47:04.735+01:00&amp#27;[0;39m &amp#27;[32mDEBUG&amp#27;[0;39m &amp#27;[35m26824&amp#27;[0;39m &amp#27;[2m---&amp#27;[0;39m &amp#27;[2m[transferer] [       Thread-2]&amp#27;[0;39m &amp#27;[2m&amp#27;[0;39m&amp#27;[36mio.r2dbc.h2.client.SessionClient        &amp#27;[0;39m &amp#27;[2m:&amp#27;[0;39m Request:  CREATE TABLE IF NOT EXISTS outbox_events ( id BIGINT AUTO_INCREMENT PRIMARY KEY, event_id VARCHAR(255) UNIQUE NOT NULL, event_type VARCHAR(255) NOT NULL, aggregate_id VARCHAR(255) NOT NULL, event_data CLOB NOT NULL, occurred_at TIMESTAMP NOT NULL, processed_at TIMESTAMP NULL, created_at TIMESTAMP NOT NULL DEFAULT CURRENT_TIMESTAMP )
&amp#27;[2m2025-08-17T16:47:04.735+01:00&amp#27;[0;39m &amp#27;[32mDEBUG&amp#27;[0;39m &amp#27;[35m26824&amp#27;[0;39m &amp#27;[2m---&amp#27;[0;39m &amp#27;[2m[transferer] [       Thread-2]&amp#27;[0;39m &amp#27;[2m&amp#27;[0;39m&amp#27;[36mo.s.r2dbc.connection.init.ScriptUtils   &amp#27;[0;39m &amp#27;[2m:&amp#27;[0;39m 0 returned as update count for SQL: CREATE TABLE IF NOT EXISTS outbox_events ( id BIGINT AUTO_INCREMENT PRIMARY KEY, event_id VARCHAR(255) UNIQUE NOT NULL, event_type VARCHAR(255) NOT NULL, aggregate_id VARCHAR(255) NOT NULL, event_data CLOB NOT NULL, occurred_at TIMESTAMP NOT NULL, processed_at TIMESTAMP NULL, created_at TIMESTAMP NOT NULL DEFAULT CURRENT_TIMESTAMP )
&amp#27;[2m2025-08-17T16:47:04.735+01:00&amp#27;[0;39m &amp#27;[32mDEBUG&amp#27;[0;39m &amp#27;[35m26824&amp#27;[0;39m &amp#27;[2m---&amp#27;[0;39m &amp#27;[2m[transferer] [       Thread-2]&amp#27;[0;39m &amp#27;[2m&amp#27;[0;39m&amp#27;[36mio.r2dbc.h2.client.SessionClient        &amp#27;[0;39m &amp#27;[2m:&amp#27;[0;39m Request:  CREATE INDEX IF NOT EXISTS idx_outbox_events_processed_at ON outbox_events (processed_at)
&amp#27;[2m2025-08-17T16:47:04.735+01:00&amp#27;[0;39m &amp#27;[32mDEBUG&amp#27;[0;39m &amp#27;[35m26824&amp#27;[0;39m &amp#27;[2m---&amp#27;[0;39m &amp#27;[2m[transferer] [       Thread-2]&amp#27;[0;39m &amp#27;[2m&amp#27;[0;39m&amp#27;[36mo.s.r2dbc.connection.init.ScriptUtils   &amp#27;[0;39m &amp#27;[2m:&amp#27;[0;39m 0 returned as update count for SQL: CREATE INDEX IF NOT EXISTS idx_outbox_events_processed_at ON outbox_events (processed_at)
&amp#27;[2m2025-08-17T16:47:04.735+01:00&amp#27;[0;39m &amp#27;[32mDEBUG&amp#27;[0;39m &amp#27;[35m26824&amp#27;[0;39m &amp#27;[2m---&amp#27;[0;39m &amp#27;[2m[transferer] [       Thread-2]&amp#27;[0;39m &amp#27;[2m&amp#27;[0;39m&amp#27;[36mio.r2dbc.h2.client.SessionClient        &amp#27;[0;39m &amp#27;[2m:&amp#27;[0;39m Request:  CREATE INDEX IF NOT EXISTS idx_outbox_events_event_type ON outbox_events (event_type)
&amp#27;[2m2025-08-17T16:47:04.735+01:00&amp#27;[0;39m &amp#27;[32mDEBUG&amp#27;[0;39m &amp#27;[35m26824&amp#27;[0;39m &amp#27;[2m---&amp#27;[0;39m &amp#27;[2m[transferer] [       Thread-2]&amp#27;[0;39m &amp#27;[2m&amp#27;[0;39m&amp#27;[36mo.s.r2dbc.connection.init.ScriptUtils   &amp#27;[0;39m &amp#27;[2m:&amp#27;[0;39m 0 returned as update count for SQL: CREATE INDEX IF NOT EXISTS idx_outbox_events_event_type ON outbox_events (event_type)
&amp#27;[2m2025-08-17T16:47:04.735+01:00&amp#27;[0;39m &amp#27;[32mDEBUG&amp#27;[0;39m &amp#27;[35m26824&amp#27;[0;39m &amp#27;[2m---&amp#27;[0;39m &amp#27;[2m[transferer] [       Thread-2]&amp#27;[0;39m &amp#27;[2m&amp#27;[0;39m&amp#27;[36mio.r2dbc.h2.client.SessionClient        &amp#27;[0;39m &amp#27;[2m:&amp#27;[0;39m Request:  CREATE INDEX IF NOT EXISTS idx_outbox_events_occurred_at ON outbox_events (occurred_at)
&amp#27;[2m2025-08-17T16:47:04.735+01:00&amp#27;[0;39m &amp#27;[32mDEBUG&amp#27;[0;39m &amp#27;[35m26824&amp#27;[0;39m &amp#27;[2m---&amp#27;[0;39m &amp#27;[2m[transferer] [       Thread-2]&amp#27;[0;39m &amp#27;[2m&amp#27;[0;39m&amp#27;[36mo.s.r2dbc.connection.init.ScriptUtils   &amp#27;[0;39m &amp#27;[2m:&amp#27;[0;39m 0 returned as update count for SQL: CREATE INDEX IF NOT EXISTS idx_outbox_events_occurred_at ON outbox_events (occurred_at)
&amp#27;[2m2025-08-17T16:47:04.735+01:00&amp#27;[0;39m &amp#27;[32mDEBUG&amp#27;[0;39m &amp#27;[35m26824&amp#27;[0;39m &amp#27;[2m---&amp#27;[0;39m &amp#27;[2m[transferer] [       Thread-2]&amp#27;[0;39m &amp#27;[2m&amp#27;[0;39m&amp#27;[36mo.s.r2dbc.connection.init.ScriptUtils   &amp#27;[0;39m &amp#27;[2m:&amp#27;[0;39m Executed SQL script from class path resource [test-schema.sql] in 1 ms.
&amp#27;[2m2025-08-17T16:47:04.736+01:00&amp#27;[0;39m &amp#27;[32mDEBUG&amp#27;[0;39m &amp#27;[35m26824&amp#27;[0;39m &amp#27;[2m---&amp#27;[0;39m &amp#27;[2m[transferer] [       Thread-2]&amp#27;[0;39m &amp#27;[2m&amp#27;[0;39m&amp#27;[36mio.r2dbc.h2.client.SessionClient        &amp#27;[0;39m &amp#27;[2m:&amp#27;[0;39m Request:  SELECT CURRENT_TIMESTAMP
&amp#27;[2m2025-08-17T16:47:04.736+01:00&amp#27;[0;39m &amp#27;[32mDEBUG&amp#27;[0;39m &amp#27;[35m26824&amp#27;[0;39m &amp#27;[2m---&amp#27;[0;39m &amp#27;[2m[transferer] [       Thread-2]&amp#27;[0;39m &amp#27;[2m&amp#27;[0;39m&amp#27;[36mio.r2dbc.h2.client.SessionClient        &amp#27;[0;39m &amp#27;[2m:&amp#27;[0;39m Response: org.h2.result.LocalResult@786d3de4 columns: 1 rows: 1 pos: -1
&amp#27;[2m2025-08-17T16:47:04.737+01:00&amp#27;[0;39m &amp#27;[32m INFO&amp#27;[0;39m &amp#27;[35m26824&amp#27;[0;39m &amp#27;[2m---&amp#27;[0;39m &amp#27;[2m[transferer] [           main]&amp#27;[0;39m &amp#27;[2m&amp#27;[0;39m&amp#27;[36mc.t.p.PaymentSagaDbIntegrationTest      &amp#27;[0;39m &amp#27;[2m:&amp#27;[0;39m Started PaymentSagaDbIntegrationTest in 0.05 seconds (process running for 3.573)
&amp#27;[2m2025-08-17T16:47:04.737+01:00&amp#27;[0;39m &amp#27;[32mDEBUG&amp#27;[0;39m &amp#27;[35m26824&amp#27;[0;39m &amp#27;[2m---&amp#27;[0;39m &amp#27;[2m[transferer] [           main]&amp#27;[0;39m &amp#27;[2m&amp#27;[0;39m&amp#27;[36mo.s.r.c.R2dbcTransactionManager         &amp#27;[0;39m &amp#27;[2m:&amp#27;[0;39m Creating new transaction with name [com.transferer.account.application.AccountService.openAccount]: PROPAGATION_REQUIRED,ISOLATION_DEFAULT
&amp#27;[2m2025-08-17T16:47:04.737+01:00&amp#27;[0;39m &amp#27;[32mDEBUG&amp#27;[0;39m &amp#27;[35m26824&amp#27;[0;39m &amp#27;[2m---&amp#27;[0;39m &amp#27;[2m[transferer] [           main]&amp#27;[0;39m &amp#27;[2m&amp#27;[0;39m&amp#27;[36mio.r2dbc.h2.client.SessionClient        &amp#27;[0;39m &amp#27;[2m:&amp#27;[0;39m Request:  SELECT 1
&amp#27;[2m2025-08-17T16:47:04.737+01:00&amp#27;[0;39m &amp#27;[32mDEBUG&amp#27;[0;39m &amp#27;[35m26824&amp#27;[0;39m &amp#27;[2m---&amp#27;[0;39m &amp#27;[2m[transferer] [           main]&amp#27;[0;39m &amp#27;[2m&amp#27;[0;39m&amp#27;[36mio.r2dbc.h2.client.SessionClient        &amp#27;[0;39m &amp#27;[2m:&amp#27;[0;39m Response: org.h2.result.LocalResult@796e2187 columns: 1 rows: 1 pos: -1
&amp#27;[2m2025-08-17T16:47:04.738+01:00&amp#27;[0;39m &amp#27;[32mDEBUG&amp#27;[0;39m &amp#27;[35m26824&amp#27;[0;39m &amp#27;[2m---&amp#27;[0;39m &amp#27;[2m[transferer] [           main]&amp#27;[0;39m &amp#27;[2m&amp#27;[0;39m&amp#27;[36mo.s.r.c.R2dbcTransactionManager         &amp#27;[0;39m &amp#27;[2m:&amp#27;[0;39m Acquired Connection [PooledConnection[io.r2dbc.h2.H2Connection@632d1b1b]] for R2DBC transaction
&amp#27;[2m2025-08-17T16:47:04.738+01:00&amp#27;[0;39m &amp#27;[32mDEBUG&amp#27;[0;39m &amp#27;[35m26824&amp#27;[0;39m &amp#27;[2m---&amp#27;[0;39m &amp#27;[2m[transferer] [           main]&amp#27;[0;39m &amp#27;[2m&amp#27;[0;39m&amp#27;[36mo.s.r.c.R2dbcTransactionManager         &amp#27;[0;39m &amp#27;[2m:&amp#27;[0;39m Starting R2DBC transaction on Connection [PooledConnection[io.r2dbc.h2.H2Connection@632d1b1b]] using [ExtendedTransactionDefinition [transactionName='com.transferer.account.application.AccountService.openAccount', readOnly=false, isolationLevel=null, lockWaitTimeout=PT0S]]
&amp#27;[2m2025-08-17T16:47:04.738+01:00&amp#27;[0;39m &amp#27;[33m WARN&amp#27;[0;39m &amp#27;[35m26824&amp#27;[0;39m &amp#27;[2m---&amp#27;[0;39m &amp#27;[2m[transferer] [           main]&amp#27;[0;39m &amp#27;[2m&amp#27;[0;39m&amp#27;[36mio.r2dbc.h2.H2Connection                &amp#27;[0;39m &amp#27;[2m:&amp#27;[0;39m Option{name='readOnly', sensitive=false} + isn't supported in H2 at the transaction level. You must set it on conenction URL. See http://www.h2database.com/html/features.html#read_only
&amp#27;[2m2025-08-17T16:47:04.738+01:00&amp#27;[0;39m &amp#27;[32mDEBUG&amp#27;[0;39m &amp#27;[35m26824&amp#27;[0;39m &amp#27;[2m---&amp#27;[0;39m &amp#27;[2m[transferer] [           main]&amp#27;[0;39m &amp#27;[2m&amp#27;[0;39m&amp#27;[36mo.s.r2dbc.core.DefaultDatabaseClient    &amp#27;[0;39m &amp#27;[2m:&amp#27;[0;39m Executing SQL statement [SELECT accounts.ID FROM accounts WHERE accounts.account_number = $1 LIMIT 1]
&amp#27;[2m2025-08-17T16:47:04.738+01:00&amp#27;[0;39m &amp#27;[32mDEBUG&amp#27;[0;39m &amp#27;[35m26824&amp#27;[0;39m &amp#27;[2m---&amp#27;[0;39m &amp#27;[2m[transferer] [           main]&amp#27;[0;39m &amp#27;[2m&amp#27;[0;39m&amp#27;[36mio.r2dbc.h2.client.SessionClient        &amp#27;[0;39m &amp#27;[2m:&amp#27;[0;39m Request:  SELECT accounts.ID FROM accounts WHERE accounts.account_number = $1 LIMIT 1 {1: '0975767027'}
&amp#27;[2m2025-08-17T16:47:04.738+01:00&amp#27;[0;39m &amp#27;[32mDEBUG&amp#27;[0;39m &amp#27;[35m26824&amp#27;[0;39m &amp#27;[2m---&amp#27;[0;39m &amp#27;[2m[transferer] [           main]&amp#27;[0;39m &amp#27;[2m&amp#27;[0;39m&amp#27;[36mio.r2dbc.h2.client.SessionClient        &amp#27;[0;39m &amp#27;[2m:&amp#27;[0;39m Response: org.h2.result.LocalResult@4027edeb columns: 1 rows: 0 pos: -1
&amp#27;[2m2025-08-17T16:47:04.738+01:00&amp#27;[0;39m &amp#27;[32mDEBUG&amp#27;[0;39m &amp#27;[35m26824&amp#27;[0;39m &amp#27;[2m---&amp#27;[0;39m &amp#27;[2m[transferer] [           main]&amp#27;[0;39m &amp#27;[2m&amp#27;[0;39m&amp#27;[36mo.s.r.c.R2dbcTransactionManager         &amp#27;[0;39m &amp#27;[2m:&amp#27;[0;39m Participating in existing transaction
&amp#27;[2m2025-08-17T16:47:04.739+01:00&amp#27;[0;39m &amp#27;[32mDEBUG&amp#27;[0;39m &amp#27;[35m26824&amp#27;[0;39m &amp#27;[2m---&amp#27;[0;39m &amp#27;[2m[transferer] [           main]&amp#27;[0;39m &amp#27;[2m&amp#27;[0;39m&amp#27;[36mo.s.r2dbc.core.DefaultDatabaseClient    &amp#27;[0;39m &amp#27;[2m:&amp#27;[0;39m Executing SQL statement [INSERT INTO accounts (ID, account_number, holder_name, balance, status, created_at, updated_at) VALUES ($1, $2, $3, $4, $5, $6, $7)]
&amp#27;[2m2025-08-17T16:47:04.739+01:00&amp#27;[0;39m &amp#27;[32mDEBUG&amp#27;[0;39m &amp#27;[35m26824&amp#27;[0;39m &amp#27;[2m---&amp#27;[0;39m &amp#27;[2m[transferer] [           main]&amp#27;[0;39m &amp#27;[2m&amp#27;[0;39m&amp#27;[36mio.r2dbc.h2.client.SessionClient        &amp#27;[0;39m &amp#27;[2m:&amp#27;[0;39m Request:  INSERT INTO accounts (ID, account_number, holder_name, balance, status, created_at, updated_at) VALUES ($1, $2, $3, $4, $5, $6, $7) {1: 'afe7cd32-7a0d-4767-b558-e13dd0c6d6c7', 2: '0975767027', 3: 'John Doe', 4: 1000.00, 5: 'ACTIVE', 6: TIMESTAMP '2025-08-17 16:47:04.738769', 7: TIMESTAMP '2025-08-17 16:47:04.738771'}
&amp#27;[2m2025-08-17T16:47:04.740+01:00&amp#27;[0;39m &amp#27;[32mDEBUG&amp#27;[0;39m &amp#27;[35m26824&amp#27;[0;39m &amp#27;[2m---&amp#27;[0;39m &amp#27;[2m[transferer] [           main]&amp#27;[0;39m &amp#27;[2m&amp#27;[0;39m&amp#27;[36mo.s.r.c.R2dbcTransactionManager         &amp#27;[0;39m &amp#27;[2m:&amp#27;[0;39m Participating in existing transaction
&amp#27;[2m2025-08-17T16:47:04.741+01:00&amp#27;[0;39m &amp#27;[32mDEBUG&amp#27;[0;39m &amp#27;[35m26824&amp#27;[0;39m &amp#27;[2m---&amp#27;[0;39m &amp#27;[2m[transferer] [           main]&amp#27;[0;39m &amp#27;[2m&amp#27;[0;39m&amp#27;[36mo.s.r2dbc.core.DefaultDatabaseClient    &amp#27;[0;39m &amp#27;[2m:&amp#27;[0;39m Executing SQL statement [INSERT INTO outbox_events (event_id, event_type, aggregate_id, event_data, occurred_at, created_at) VALUES ($1, $2, $3, $4, $5, $6)]
&amp#27;[2m2025-08-17T16:47:04.741+01:00&amp#27;[0;39m &amp#27;[32mDEBUG&amp#27;[0;39m &amp#27;[35m26824&amp#27;[0;39m &amp#27;[2m---&amp#27;[0;39m &amp#27;[2m[transferer] [           main]&amp#27;[0;39m &amp#27;[2m&amp#27;[0;39m&amp#27;[36mio.r2dbc.h2.client.SessionClient        &amp#27;[0;39m &amp#27;[2m:&amp#27;[0;39m Request:  INSERT INTO outbox_events (event_id, event_type, aggregate_id, event_data, occurred_at, created_at) VALUES ($1, $2, $3, $4, $5, $6) {1: '07726ede-9f7f-4b4f-bd8d-10a0a266337a', 2: 'ACCOUNT_OPENED', 3: 'afe7cd32-7a0d-4767-b558-e13dd0c6d6c7', 4: '{"@class":"com.transferer.account.domain.events.body.AccountOpenedEventBody","accountId":{"value":"afe7cd32-7a0d-4767-b558-e13dd0c6d6c7"},"accountNumber":"0975767027","holderName":"John Doe","initialBalance":1000.00}', 5: TIMESTAMP WITH TIME ZONE '2025-08-17 15:47:04.738794+00', 6: TIMESTAMP WITH TIME ZONE '2025-08-17 15:47:04.740766+00'}
&amp#27;[2m2025-08-17T16:47:04.741+01:00&amp#27;[0;39m &amp#27;[32mDEBUG&amp#27;[0;39m &amp#27;[35m26824&amp#27;[0;39m &amp#27;[2m---&amp#27;[0;39m &amp#27;[2m[transferer] [           main]&amp#27;[0;39m &amp#27;[2m&amp#27;[0;39m&amp#27;[36mo.s.r.c.R2dbcTransactionManager         &amp#27;[0;39m &amp#27;[2m:&amp#27;[0;39m Initiating transaction commit
&amp#27;[2m2025-08-17T16:47:04.741+01:00&amp#27;[0;39m &amp#27;[32mDEBUG&amp#27;[0;39m &amp#27;[35m26824&amp#27;[0;39m &amp#27;[2m---&amp#27;[0;39m &amp#27;[2m[transferer] [           main]&amp#27;[0;39m &amp#27;[2m&amp#27;[0;39m&amp#27;[36mo.s.r.c.R2dbcTransactionManager         &amp#27;[0;39m &amp#27;[2m:&amp#27;[0;39m Committing R2DBC transaction on Connection [PooledConnection[io.r2dbc.h2.H2Connection@632d1b1b]]
&amp#27;[2m2025-08-17T16:47:04.741+01:00&amp#27;[0;39m &amp#27;[32mDEBUG&amp#27;[0;39m &amp#27;[35m26824&amp#27;[0;39m &amp#27;[2m---&amp#27;[0;39m &amp#27;[2m[transferer] [           main]&amp#27;[0;39m &amp#27;[2m&amp#27;[0;39m&amp#27;[36mio.r2dbc.h2.client.SessionClient        &amp#27;[0;39m &amp#27;[2m:&amp#27;[0;39m Request:  COMMIT
&amp#27;[2m2025-08-17T16:47:04.742+01:00&amp#27;[0;39m &amp#27;[32mDEBUG&amp#27;[0;39m &amp#27;[35m26824&amp#27;[0;39m &amp#27;[2m---&amp#27;[0;39m &amp#27;[2m[transferer] [           main]&amp#27;[0;39m &amp#27;[2m&amp#27;[0;39m&amp#27;[36mo.s.r.c.R2dbcTransactionManager         &amp#27;[0;39m &amp#27;[2m:&amp#27;[0;39m Releasing R2DBC Connection [PooledConnection[io.r2dbc.h2.H2Connection@632d1b1b]] after transaction
&amp#27;[2m2025-08-17T16:47:04.742+01:00&amp#27;[0;39m &amp#27;[32mDEBUG&amp#27;[0;39m &amp#27;[35m26824&amp#27;[0;39m &amp#27;[2m---&amp#27;[0;39m &amp#27;[2m[transferer] [           main]&amp#27;[0;39m &amp#27;[2m&amp#27;[0;39m&amp#27;[36mio.r2dbc.h2.client.SessionClient        &amp#27;[0;39m &amp#27;[2m:&amp#27;[0;39m Request:  SELECT CURRENT_TIMESTAMP
&amp#27;[2m2025-08-17T16:47:04.742+01:00&amp#27;[0;39m &amp#27;[32mDEBUG&amp#27;[0;39m &amp#27;[35m26824&amp#27;[0;39m &amp#27;[2m---&amp#27;[0;39m &amp#27;[2m[transferer] [           main]&amp#27;[0;39m &amp#27;[2m&amp#27;[0;39m&amp#27;[36mio.r2dbc.h2.client.SessionClient        &amp#27;[0;39m &amp#27;[2m:&amp#27;[0;39m Response: org.h2.result.LocalResult@712c9bcf columns: 1 rows: 1 pos: -1
&amp#27;[2m2025-08-17T16:47:04.742+01:00&amp#27;[0;39m &amp#27;[32mDEBUG&amp#27;[0;39m &amp#27;[35m26824&amp#27;[0;39m &amp#27;[2m---&amp#27;[0;39m &amp#27;[2m[transferer] [           main]&amp#27;[0;39m &amp#27;[2m&amp#27;[0;39m&amp#27;[36mo.s.r.c.R2dbcTransactionManager         &amp#27;[0;39m &amp#27;[2m:&amp#27;[0;39m Creating new transaction with name [com.transferer.account.application.AccountService.openAccount]: PROPAGATION_REQUIRED,ISOLATION_DEFAULT
&amp#27;[2m2025-08-17T16:47:04.742+01:00&amp#27;[0;39m &amp#27;[32mDEBUG&amp#27;[0;39m &amp#27;[35m26824&amp#27;[0;39m &amp#27;[2m---&amp#27;[0;39m &amp#27;[2m[transferer] [           main]&amp#27;[0;39m &amp#27;[2m&amp#27;[0;39m&amp#27;[36mio.r2dbc.h2.client.SessionClient        &amp#27;[0;39m &amp#27;[2m:&amp#27;[0;39m Request:  SELECT 1
&amp#27;[2m2025-08-17T16:47:04.742+01:00&amp#27;[0;39m &amp#27;[32mDEBUG&amp#27;[0;39m &amp#27;[35m26824&amp#27;[0;39m &amp#27;[2m---&amp#27;[0;39m &amp#27;[2m[transferer] [           main]&amp#27;[0;39m &amp#27;[2m&amp#27;[0;39m&amp#27;[36mio.r2dbc.h2.client.SessionClient        &amp#27;[0;39m &amp#27;[2m:&amp#27;[0;39m Response: org.h2.result.LocalResult@3c34c491 columns: 1 rows: 1 pos: -1
&amp#27;[2m2025-08-17T16:47:04.742+01:00&amp#27;[0;39m &amp#27;[32mDEBUG&amp#27;[0;39m &amp#27;[35m26824&amp#27;[0;39m &amp#27;[2m---&amp#27;[0;39m &amp#27;[2m[transferer] [           main]&amp#27;[0;39m &amp#27;[2m&amp#27;[0;39m&amp#27;[36mo.s.r.c.R2dbcTransactionManager         &amp#27;[0;39m &amp#27;[2m:&amp#27;[0;39m Acquired Connection [PooledConnection[io.r2dbc.h2.H2Connection@632d1b1b]] for R2DBC transaction
&amp#27;[2m2025-08-17T16:47:04.742+01:00&amp#27;[0;39m &amp#27;[32mDEBUG&amp#27;[0;39m &amp#27;[35m26824&amp#27;[0;39m &amp#27;[2m---&amp#27;[0;39m &amp#27;[2m[transferer] [           main]&amp#27;[0;39m &amp#27;[2m&amp#27;[0;39m&amp#27;[36mo.s.r.c.R2dbcTransactionManager         &amp#27;[0;39m &amp#27;[2m:&amp#27;[0;39m Starting R2DBC transaction on Connection [PooledConnection[io.r2dbc.h2.H2Connection@632d1b1b]] using [ExtendedTransactionDefinition [transactionName='com.transferer.account.application.AccountService.openAccount', readOnly=false, isolationLevel=null, lockWaitTimeout=PT0S]]
&amp#27;[2m2025-08-17T16:47:04.742+01:00&amp#27;[0;39m &amp#27;[33m WARN&amp#27;[0;39m &amp#27;[35m26824&amp#27;[0;39m &amp#27;[2m---&amp#27;[0;39m &amp#27;[2m[transferer] [           main]&amp#27;[0;39m &amp#27;[2m&amp#27;[0;39m&amp#27;[36mio.r2dbc.h2.H2Connection                &amp#27;[0;39m &amp#27;[2m:&amp#27;[0;39m Option{name='readOnly', sensitive=false} + isn't supported in H2 at the transaction level. You must set it on conenction URL. See http://www.h2database.com/html/features.html#read_only
&amp#27;[2m2025-08-17T16:47:04.742+01:00&amp#27;[0;39m &amp#27;[32mDEBUG&amp#27;[0;39m &amp#27;[35m26824&amp#27;[0;39m &amp#27;[2m---&amp#27;[0;39m &amp#27;[2m[transferer] [           main]&amp#27;[0;39m &amp#27;[2m&amp#27;[0;39m&amp#27;[36mo.s.r2dbc.core.DefaultDatabaseClient    &amp#27;[0;39m &amp#27;[2m:&amp#27;[0;39m Executing SQL statement [SELECT accounts.ID FROM accounts WHERE accounts.account_number = $1 LIMIT 1]
&amp#27;[2m2025-08-17T16:47:04.742+01:00&amp#27;[0;39m &amp#27;[32mDEBUG&amp#27;[0;39m &amp#27;[35m26824&amp#27;[0;39m &amp#27;[2m---&amp#27;[0;39m &amp#27;[2m[transferer] [           main]&amp#27;[0;39m &amp#27;[2m&amp#27;[0;39m&amp#27;[36mio.r2dbc.h2.client.SessionClient        &amp#27;[0;39m &amp#27;[2m:&amp#27;[0;39m Request:  SELECT accounts.ID FROM accounts WHERE accounts.account_number = $1 LIMIT 1 {1: '0203047823'}
&amp#27;[2m2025-08-17T16:47:04.742+01:00&amp#27;[0;39m &amp#27;[32mDEBUG&amp#27;[0;39m &amp#27;[35m26824&amp#27;[0;39m &amp#27;[2m---&amp#27;[0;39m &amp#27;[2m[transferer] [           main]&amp#27;[0;39m &amp#27;[2m&amp#27;[0;39m&amp#27;[36mio.r2dbc.h2.client.SessionClient        &amp#27;[0;39m &amp#27;[2m:&amp#27;[0;39m Response: org.h2.result.LocalResult@7f958d4a columns: 1 rows: 0 pos: -1
&amp#27;[2m2025-08-17T16:47:04.742+01:00&amp#27;[0;39m &amp#27;[32mDEBUG&amp#27;[0;39m &amp#27;[35m26824&amp#27;[0;39m &amp#27;[2m---&amp#27;[0;39m &amp#27;[2m[transferer] [           main]&amp#27;[0;39m &amp#27;[2m&amp#27;[0;39m&amp#27;[36mo.s.r.c.R2dbcTransactionManager         &amp#27;[0;39m &amp#27;[2m:&amp#27;[0;39m Participating in existing transaction
&amp#27;[2m2025-08-17T16:47:04.742+01:00&amp#27;[0;39m &amp#27;[32mDEBUG&amp#27;[0;39m &amp#27;[35m26824&amp#27;[0;39m &amp#27;[2m---&amp#27;[0;39m &amp#27;[2m[transferer] [           main]&amp#27;[0;39m &amp#27;[2m&amp#27;[0;39m&amp#27;[36mo.s.r2dbc.core.DefaultDatabaseClient    &amp#27;[0;39m &amp#27;[2m:&amp#27;[0;39m Executing SQL statement [INSERT INTO accounts (ID, account_number, holder_name, balance, status, created_at, updated_at) VALUES ($1, $2, $3, $4, $5, $6, $7)]
&amp#27;[2m2025-08-17T16:47:04.742+01:00&amp#27;[0;39m &amp#27;[32mDEBUG&amp#27;[0;39m &amp#27;[35m26824&amp#27;[0;39m &amp#27;[2m---&amp#27;[0;39m &amp#27;[2m[transferer] [           main]&amp#27;[0;39m &amp#27;[2m&amp#27;[0;39m&amp#27;[36mio.r2dbc.h2.client.SessionClient        &amp#27;[0;39m &amp#27;[2m:&amp#27;[0;39m Request:  INSERT INTO accounts (ID, account_number, holder_name, balance, status, created_at, updated_at) VALUES ($1, $2, $3, $4, $5, $6, $7) {1: '0bc14c59-7677-4197-a80c-5d421f54a296', 2: '0203047823', 3: 'Jane Smith', 4: 500.00, 5: 'ACTIVE', 6: TIMESTAMP '2025-08-17 16:47:04.74278', 7: TIMESTAMP '2025-08-17 16:47:04.742781'}
&amp#27;[2m2025-08-17T16:47:04.743+01:00&amp#27;[0;39m &amp#27;[32mDEBUG&amp#27;[0;39m &amp#27;[35m26824&amp#27;[0;39m &amp#27;[2m---&amp#27;[0;39m &amp#27;[2m[transferer] [           main]&amp#27;[0;39m &amp#27;[2m&amp#27;[0;39m&amp#27;[36mo.s.r.c.R2dbcTransactionManager         &amp#27;[0;39m &amp#27;[2m:&amp#27;[0;39m Participating in existing transaction
&amp#27;[2m2025-08-17T16:47:04.743+01:00&amp#27;[0;39m &amp#27;[32mDEBUG&amp#27;[0;39m &amp#27;[35m26824&amp#27;[0;39m &amp#27;[2m---&amp#27;[0;39m &amp#27;[2m[transferer] [           main]&amp#27;[0;39m &amp#27;[2m&amp#27;[0;39m&amp#27;[36mo.s.r2dbc.core.DefaultDatabaseClient    &amp#27;[0;39m &amp#27;[2m:&amp#27;[0;39m Executing SQL statement [INSERT INTO outbox_events (event_id, event_type, aggregate_id, event_data, occurred_at, created_at) VALUES ($1, $2, $3, $4, $5, $6)]
&amp#27;[2m2025-08-17T16:47:04.743+01:00&amp#27;[0;39m &amp#27;[32mDEBUG&amp#27;[0;39m &amp#27;[35m26824&amp#27;[0;39m &amp#27;[2m---&amp#27;[0;39m &amp#27;[2m[transferer] [           main]&amp#27;[0;39m &amp#27;[2m&amp#27;[0;39m&amp#27;[36mio.r2dbc.h2.client.SessionClient        &amp#27;[0;39m &amp#27;[2m:&amp#27;[0;39m Request:  INSERT INTO outbox_events (event_id, event_type, aggregate_id, event_data, occurred_at, created_at) VALUES ($1, $2, $3, $4, $5, $6) {1: '7b942f45-55be-42fd-b1fe-a0c972a2b27e', 2: 'ACCOUNT_OPENED', 3: '0bc14c59-7677-4197-a80c-5d421f54a296', 4: '{"@class":"com.transferer.account.domain.events.body.AccountOpenedEventBody","accountId":{"value":"0bc14c59-7677-4197-a80c-5d421f54a296"},"accountNumber":"0203047823","holderName":"Jane Smith","initialBalance":500.00}', 5: TIMESTAMP WITH TIME ZONE '2025-08-17 15:47:04.742785+00', 6: TIMESTAMP WITH TIME ZONE '2025-08-17 15:47:04.74324+00'}
&amp#27;[2m2025-08-17T16:47:04.743+01:00&amp#27;[0;39m &amp#27;[32mDEBUG&amp#27;[0;39m &amp#27;[35m26824&amp#27;[0;39m &amp#27;[2m---&amp#27;[0;39m &amp#27;[2m[transferer] [           main]&amp#27;[0;39m &amp#27;[2m&amp#27;[0;39m&amp#27;[36mo.s.r.c.R2dbcTransactionManager         &amp#27;[0;39m &amp#27;[2m:&amp#27;[0;39m Initiating transaction commit
&amp#27;[2m2025-08-17T16:47:04.743+01:00&amp#27;[0;39m &amp#27;[32mDEBUG&amp#27;[0;39m &amp#27;[35m26824&amp#27;[0;39m &amp#27;[2m---&amp#27;[0;39m &amp#27;[2m[transferer] [           main]&amp#27;[0;39m &amp#27;[2m&amp#27;[0;39m&amp#27;[36mo.s.r.c.R2dbcTransactionManager         &amp#27;[0;39m &amp#27;[2m:&amp#27;[0;39m Committing R2DBC transaction on Connection [PooledConnection[io.r2dbc.h2.H2Connection@632d1b1b]]
&amp#27;[2m2025-08-17T16:47:04.743+01:00&amp#27;[0;39m &amp#27;[32mDEBUG&amp#27;[0;39m &amp#27;[35m26824&amp#27;[0;39m &amp#27;[2m---&amp#27;[0;39m &amp#27;[2m[transferer] [           main]&amp#27;[0;39m &amp#27;[2m&amp#27;[0;39m&amp#27;[36mio.r2dbc.h2.client.SessionClient        &amp#27;[0;39m &amp#27;[2m:&amp#27;[0;39m Request:  COMMIT
&amp#27;[2m2025-08-17T16:47:04.743+01:00&amp#27;[0;39m &amp#27;[32mDEBUG&amp#27;[0;39m &amp#27;[35m26824&amp#27;[0;39m &amp#27;[2m---&amp#27;[0;39m &amp#27;[2m[transferer] [           main]&amp#27;[0;39m &amp#27;[2m&amp#27;[0;39m&amp#27;[36mo.s.r.c.R2dbcTransactionManager         &amp#27;[0;39m &amp#27;[2m:&amp#27;[0;39m Releasing R2DBC Connection [PooledConnection[io.r2dbc.h2.H2Connection@632d1b1b]] after transaction
&amp#27;[2m2025-08-17T16:47:04.743+01:00&amp#27;[0;39m &amp#27;[32mDEBUG&amp#27;[0;39m &amp#27;[35m26824&amp#27;[0;39m &amp#27;[2m---&amp#27;[0;39m &amp#27;[2m[transferer] [           main]&amp#27;[0;39m &amp#27;[2m&amp#27;[0;39m&amp#27;[36mio.r2dbc.h2.client.SessionClient        &amp#27;[0;39m &amp#27;[2m:&amp#27;[0;39m Request:  SELECT CURRENT_TIMESTAMP
&amp#27;[2m2025-08-17T16:47:04.743+01:00&amp#27;[0;39m &amp#27;[32mDEBUG&amp#27;[0;39m &amp#27;[35m26824&amp#27;[0;39m &amp#27;[2m---&amp#27;[0;39m &amp#27;[2m[transferer] [           main]&amp#27;[0;39m &amp#27;[2m&amp#27;[0;39m&amp#27;[36mio.r2dbc.h2.client.SessionClient        &amp#27;[0;39m &amp#27;[2m:&amp#27;[0;39m Response: org.h2.result.LocalResult@6b529d42 columns: 1 rows: 1 pos: -1
&amp#27;[2m2025-08-17T16:47:04.744+01:00&amp#27;[0;39m &amp#27;[32mDEBUG&amp#27;[0;39m &amp#27;[35m26824&amp#27;[0;39m &amp#27;[2m---&amp#27;[0;39m &amp#27;[2m[transferer] [           main]&amp#27;[0;39m &amp#27;[2m&amp#27;[0;39m&amp#27;[36mo.s.r.c.R2dbcTransactionManager         &amp#27;[0;39m &amp#27;[2m:&amp#27;[0;39m Creating new transaction with name [com.transferer.payment.application.PaymentService.initiatePayment]: PROPAGATION_REQUIRED,ISOLATION_DEFAULT
&amp#27;[2m2025-08-17T16:47:04.744+01:00&amp#27;[0;39m &amp#27;[32mDEBUG&amp#27;[0;39m &amp#27;[35m26824&amp#27;[0;39m &amp#27;[2m---&amp#27;[0;39m &amp#27;[2m[transferer] [           main]&amp#27;[0;39m &amp#27;[2m&amp#27;[0;39m&amp#27;[36mio.r2dbc.h2.client.SessionClient        &amp#27;[0;39m &amp#27;[2m:&amp#27;[0;39m Request:  SELECT 1
&amp#27;[2m2025-08-17T16:47:04.744+01:00&amp#27;[0;39m &amp#27;[32mDEBUG&amp#27;[0;39m &amp#27;[35m26824&amp#27;[0;39m &amp#27;[2m---&amp#27;[0;39m &amp#27;[2m[transferer] [           main]&amp#27;[0;39m &amp#27;[2m&amp#27;[0;39m&amp#27;[36mio.r2dbc.h2.client.SessionClient        &amp#27;[0;39m &amp#27;[2m:&amp#27;[0;39m Response: org.h2.result.LocalResult@3c04ddda columns: 1 rows: 1 pos: -1
&amp#27;[2m2025-08-17T16:47:04.744+01:00&amp#27;[0;39m &amp#27;[32mDEBUG&amp#27;[0;39m &amp#27;[35m26824&amp#27;[0;39m &amp#27;[2m---&amp#27;[0;39m &amp#27;[2m[transferer] [           main]&amp#27;[0;39m &amp#27;[2m&amp#27;[0;39m&amp#27;[36mo.s.r.c.R2dbcTransactionManager         &amp#27;[0;39m &amp#27;[2m:&amp#27;[0;39m Acquired Connection [PooledConnection[io.r2dbc.h2.H2Connection@632d1b1b]] for R2DBC transaction
&amp#27;[2m2025-08-17T16:47:04.744+01:00&amp#27;[0;39m &amp#27;[32mDEBUG&amp#27;[0;39m &amp#27;[35m26824&amp#27;[0;39m &amp#27;[2m---&amp#27;[0;39m &amp#27;[2m[transferer] [           main]&amp#27;[0;39m &amp#27;[2m&amp#27;[0;39m&amp#27;[36mo.s.r.c.R2dbcTransactionManager         &amp#27;[0;39m &amp#27;[2m:&amp#27;[0;39m Starting R2DBC transaction on Connection [PooledConnection[io.r2dbc.h2.H2Connection@632d1b1b]] using [ExtendedTransactionDefinition [transactionName='com.transferer.payment.application.PaymentService.initiatePayment', readOnly=false, isolationLevel=null, lockWaitTimeout=PT0S]]
&amp#27;[2m2025-08-17T16:47:04.744+01:00&amp#27;[0;39m &amp#27;[33m WARN&amp#27;[0;39m &amp#27;[35m26824&amp#27;[0;39m &amp#27;[2m---&amp#27;[0;39m &amp#27;[2m[transferer] [           main]&amp#27;[0;39m &amp#27;[2m&amp#27;[0;39m&amp#27;[36mio.r2dbc.h2.H2Connection                &amp#27;[0;39m &amp#27;[2m:&amp#27;[0;39m Option{name='readOnly', sensitive=false} + isn't supported in H2 at the transaction level. You must set it on conenction URL. See http://www.h2database.com/html/features.html#read_only
&amp#27;[2m2025-08-17T16:47:04.744+01:00&amp#27;[0;39m &amp#27;[32mDEBUG&amp#27;[0;39m &amp#27;[35m26824&amp#27;[0;39m &amp#27;[2m---&amp#27;[0;39m &amp#27;[2m[transferer] [           main]&amp#27;[0;39m &amp#27;[2m&amp#27;[0;39m&amp#27;[36mo.s.r.c.R2dbcTransactionManager         &amp#27;[0;39m &amp#27;[2m:&amp#27;[0;39m Participating in existing transaction
&amp#27;[2m2025-08-17T16:47:04.745+01:00&amp#27;[0;39m &amp#27;[32mDEBUG&amp#27;[0;39m &amp#27;[35m26824&amp#27;[0;39m &amp#27;[2m---&amp#27;[0;39m &amp#27;[2m[transferer] [           main]&amp#27;[0;39m &amp#27;[2m&amp#27;[0;39m&amp#27;[36mo.s.r2dbc.core.DefaultDatabaseClient    &amp#27;[0;39m &amp#27;[2m:&amp#27;[0;39m Executing SQL statement [INSERT INTO payments (ID, sender_account_id, recipient_account_id, amount, description, status, current_step, created_at, updated_at) VALUES ($1, $2, $3, $4, $5, $6, $7, $8, $9)]
&amp#27;[2m2025-08-17T16:47:04.745+01:00&amp#27;[0;39m &amp#27;[32mDEBUG&amp#27;[0;39m &amp#27;[35m26824&amp#27;[0;39m &amp#27;[2m---&amp#27;[0;39m &amp#27;[2m[transferer] [           main]&amp#27;[0;39m &amp#27;[2m&amp#27;[0;39m&amp#27;[36mio.r2dbc.h2.client.SessionClient        &amp#27;[0;39m &amp#27;[2m:&amp#27;[0;39m Request:  INSERT INTO payments (ID, sender_account_id, recipient_account_id, amount, description, status, current_step, created_at, updated_at) VALUES ($1, $2, $3, $4, $5, $6, $7, $8, $9) {1: 'e3e3e1f2-37b1-447a-8476-8c5a95146bbd', 2: 'afe7cd32-7a0d-4767-b558-e13dd0c6d6c7', 3: '0bc14c59-7677-4197-a80c-5d421f54a296', 4: 100.00, 5: 'Database integration test', 6: 'PENDING', 7: 'INITIATED', 8: TIMESTAMP '2025-08-17 16:47:04.744471', 9: TIMESTAMP '2025-08-17 16:47:04.744473'}
&amp#27;[2m2025-08-17T16:47:04.745+01:00&amp#27;[0;39m &amp#27;[32mDEBUG&amp#27;[0;39m &amp#27;[35m26824&amp#27;[0;39m &amp#27;[2m---&amp#27;[0;39m &amp#27;[2m[transferer] [           main]&amp#27;[0;39m &amp#27;[2m&amp#27;[0;39m&amp#27;[36mo.s.r.c.R2dbcTransactionManager         &amp#27;[0;39m &amp#27;[2m:&amp#27;[0;39m Participating in existing transaction
&amp#27;[2m2025-08-17T16:47:04.746+01:00&amp#27;[0;39m &amp#27;[32mDEBUG&amp#27;[0;39m &amp#27;[35m26824&amp#27;[0;39m &amp#27;[2m---&amp#27;[0;39m &amp#27;[2m[transferer] [           main]&amp#27;[0;39m &amp#27;[2m&amp#27;[0;39m&amp#27;[36mo.s.r2dbc.core.DefaultDatabaseClient    &amp#27;[0;39m &amp#27;[2m:&amp#27;[0;39m Executing SQL statement [INSERT INTO outbox_events (event_id, event_type, aggregate_id, event_data, occurred_at, created_at) VALUES ($1, $2, $3, $4, $5, $6)]
&amp#27;[2m2025-08-17T16:47:04.746+01:00&amp#27;[0;39m &amp#27;[32mDEBUG&amp#27;[0;39m &amp#27;[35m26824&amp#27;[0;39m &amp#27;[2m---&amp#27;[0;39m &amp#27;[2m[transferer] [           main]&amp#27;[0;39m &amp#27;[2m&amp#27;[0;39m&amp#27;[36mio.r2dbc.h2.client.SessionClient        &amp#27;[0;39m &amp#27;[2m:&amp#27;[0;39m Request:  INSERT INTO outbox_events (event_id, event_type, aggregate_id, event_data, occurred_at, created_at) VALUES ($1, $2, $3, $4, $5, $6) {1: '059e2e95-8c63-450f-9861-4c935cdde2ba', 2: 'PAYMENT_INITIATED', 3: 'e3e3e1f2-37b1-447a-8476-8c5a95146bbd', 4: '{"@class":"com.transferer.payment.domain.events.body.PaymentInitiatedEventBody","paymentId":{"value":"e3e3e1f2-37b1-447a-8476-8c5a95146bbd"},"senderAccountId":{"value":"afe7cd32-7a0d-4767-b558-e13dd0c6d6c7"},"recipientAccountId":{"value":"0bc14c59-7677-4197-a80c-5d421f54a296"},"amount":100.00,"description":"Database integration test"}', 5: TIMESTAMP WITH TIME ZONE '2025-08-17 15:47:04.744488+00', 6: TIMESTAMP WITH TIME ZONE '2025-08-17 15:47:04.746163+00'}
&amp#27;[2m2025-08-17T16:47:04.746+01:00&amp#27;[0;39m &amp#27;[32mDEBUG&amp#27;[0;39m &amp#27;[35m26824&amp#27;[0;39m &amp#27;[2m---&amp#27;[0;39m &amp#27;[2m[transferer] [           main]&amp#27;[0;39m &amp#27;[2m&amp#27;[0;39m&amp#27;[36mo.s.r2dbc.core.DefaultDatabaseClient    &amp#27;[0;39m &amp#27;[2m:&amp#27;[0;39m Executing SQL statement [INSERT INTO outbox_events (event_id, event_type, aggregate_id, event_data, occurred_at, created_at) VALUES ($1, $2, $3, $4, $5, $6)]
&amp#27;[2m2025-08-17T16:47:04.747+01:00&amp#27;[0;39m &amp#27;[32mDEBUG&amp#27;[0;39m &amp#27;[35m26824&amp#27;[0;39m &amp#27;[2m---&amp#27;[0;39m &amp#27;[2m[transferer] [           main]&amp#27;[0;39m &amp#27;[2m&amp#27;[0;39m&amp#27;[36mio.r2dbc.h2.client.SessionClient        &amp#27;[0;39m &amp#27;[2m:&amp#27;[0;39m Request:  INSERT INTO outbox_events (event_id, event_type, aggregate_id, event_data, occurred_at, created_at) VALUES ($1, $2, $3, $4, $5, $6) {1: 'fc677ff2-0142-44ed-ace0-ab7b1438e672', 2: 'PAYMENT_STEP_ADVANCED', 3: 'e3e3e1f2-37b1-447a-8476-8c5a95146bbd', 4: '{"@class":"com.transferer.payment.domain.events.body.PaymentStepAdvancedEventBody","paymentId":{"value":"e3e3e1f2-37b1-447a-8476-8c5a95146bbd"},"previousStep":{"empty":true,"present":false},"currentStep":"INITIATED"}', 5: TIMESTAMP WITH TIME ZONE '2025-08-17 15:47:04.7445+00', 6: TIMESTAMP WITH TIME ZONE '2025-08-17 15:47:04.74686+00'}
&amp#27;[2m2025-08-17T16:47:04.747+01:00&amp#27;[0;39m &amp#27;[32mDEBUG&amp#27;[0;39m &amp#27;[35m26824&amp#27;[0;39m &amp#27;[2m---&amp#27;[0;39m &amp#27;[2m[transferer] [           main]&amp#27;[0;39m &amp#27;[2m&amp#27;[0;39m&amp#27;[36mo.s.r.c.R2dbcTransactionManager         &amp#27;[0;39m &amp#27;[2m:&amp#27;[0;39m Initiating transaction commit
&amp#27;[2m2025-08-17T16:47:04.747+01:00&amp#27;[0;39m &amp#27;[32mDEBUG&amp#27;[0;39m &amp#27;[35m26824&amp#27;[0;39m &amp#27;[2m---&amp#27;[0;39m &amp#27;[2m[transferer] [           main]&amp#27;[0;39m &amp#27;[2m&amp#27;[0;39m&amp#27;[36mo.s.r.c.R2dbcTransactionManager         &amp#27;[0;39m &amp#27;[2m:&amp#27;[0;39m Committing R2DBC transaction on Connection [PooledConnection[io.r2dbc.h2.H2Connection@632d1b1b]]
&amp#27;[2m2025-08-17T16:47:04.747+01:00&amp#27;[0;39m &amp#27;[32mDEBUG&amp#27;[0;39m &amp#27;[35m26824&amp#27;[0;39m &amp#27;[2m---&amp#27;[0;39m &amp#27;[2m[transferer] [           main]&amp#27;[0;39m &amp#27;[2m&amp#27;[0;39m&amp#27;[36mio.r2dbc.h2.client.SessionClient        &amp#27;[0;39m &amp#27;[2m:&amp#27;[0;39m Request:  COMMIT
&amp#27;[2m2025-08-17T16:47:04.747+01:00&amp#27;[0;39m &amp#27;[32mDEBUG&amp#27;[0;39m &amp#27;[35m26824&amp#27;[0;39m &amp#27;[2m---&amp#27;[0;39m &amp#27;[2m[transferer] [           main]&amp#27;[0;39m &amp#27;[2m&amp#27;[0;39m&amp#27;[36mo.s.r.c.R2dbcTransactionManager         &amp#27;[0;39m &amp#27;[2m:&amp#27;[0;39m Releasing R2DBC Connection [PooledConnection[io.r2dbc.h2.H2Connection@632d1b1b]] after transaction
&amp#27;[2m2025-08-17T16:47:04.747+01:00&amp#27;[0;39m &amp#27;[32mDEBUG&amp#27;[0;39m &amp#27;[35m26824&amp#27;[0;39m &amp#27;[2m---&amp#27;[0;39m &amp#27;[2m[transferer] [           main]&amp#27;[0;39m &amp#27;[2m&amp#27;[0;39m&amp#27;[36mio.r2dbc.h2.client.SessionClient        &amp#27;[0;39m &amp#27;[2m:&amp#27;[0;39m Request:  SELECT CURRENT_TIMESTAMP
&amp#27;[2m2025-08-17T16:47:04.747+01:00&amp#27;[0;39m &amp#27;[32mDEBUG&amp#27;[0;39m &amp#27;[35m26824&amp#27;[0;39m &amp#27;[2m---&amp#27;[0;39m &amp#27;[2m[transferer] [           main]&amp#27;[0;39m &amp#27;[2m&amp#27;[0;39m&amp#27;[36mio.r2dbc.h2.client.SessionClient        &amp#27;[0;39m &amp#27;[2m:&amp#27;[0;39m Response: org.h2.result.LocalResult@578c99ac columns: 1 rows: 1 pos: -1
&amp#27;[2m2025-08-17T16:47:04.848+01:00&amp#27;[0;39m &amp#27;[32mDEBUG&amp#27;[0;39m &amp#27;[35m26824&amp#27;[0;39m &amp#27;[2m---&amp#27;[0;39m &amp#27;[2m[transferer] [     parallel-8]&amp#27;[0;39m &amp#27;[2m&amp#27;[0;39m&amp#27;[36mio.r2dbc.h2.client.SessionClient        &amp#27;[0;39m &amp#27;[2m:&amp#27;[0;39m Request:  SELECT 1
&amp#27;[2m2025-08-17T16:47:04.848+01:00&amp#27;[0;39m &amp#27;[32mDEBUG&amp#27;[0;39m &amp#27;[35m26824&amp#27;[0;39m &amp#27;[2m---&amp#27;[0;39m &amp#27;[2m[transferer] [     parallel-8]&amp#27;[0;39m &amp#27;[2m&amp#27;[0;39m&amp#27;[36mio.r2dbc.h2.client.SessionClient        &amp#27;[0;39m &amp#27;[2m:&amp#27;[0;39m Response: org.h2.result.LocalResult@14184e09 columns: 1 rows: 1 pos: -1
&amp#27;[2m2025-08-17T16:47:04.849+01:00&amp#27;[0;39m &amp#27;[32mDEBUG&amp#27;[0;39m &amp#27;[35m26824&amp#27;[0;39m &amp#27;[2m---&amp#27;[0;39m &amp#27;[2m[transferer] [     parallel-8]&amp#27;[0;39m &amp#27;[2m&amp#27;[0;39m&amp#27;[36mo.s.r2dbc.core.DefaultDatabaseClient    &amp#27;[0;39m &amp#27;[2m:&amp#27;[0;39m Executing SQL statement [SELECT event_type, COUNT(*) as count FROM outbox_events GROUP BY event_type]
&amp#27;[2m2025-08-17T16:47:04.849+01:00&amp#27;[0;39m &amp#27;[32mDEBUG&amp#27;[0;39m &amp#27;[35m26824&amp#27;[0;39m &amp#27;[2m---&amp#27;[0;39m &amp#27;[2m[transferer] [     parallel-8]&amp#27;[0;39m &amp#27;[2m&amp#27;[0;39m&amp#27;[36mio.r2dbc.h2.client.SessionClient        &amp#27;[0;39m &amp#27;[2m:&amp#27;[0;39m Request:  SELECT event_type, COUNT(*) as count FROM outbox_events GROUP BY event_type
&amp#27;[2m2025-08-17T16:47:04.849+01:00&amp#27;[0;39m &amp#27;[32mDEBUG&amp#27;[0;39m &amp#27;[35m26824&amp#27;[0;39m &amp#27;[2m---&amp#27;[0;39m &amp#27;[2m[transferer] [     parallel-8]&amp#27;[0;39m &amp#27;[2m&amp#27;[0;39m&amp#27;[36mio.r2dbc.h2.client.SessionClient        &amp#27;[0;39m &amp#27;[2m:&amp#27;[0;39m Response: org.h2.result.LocalResult@7beb91b6 columns: 2 rows: 3 pos: -1
&amp#27;[2m2025-08-17T16:47:04.849+01:00&amp#27;[0;39m &amp#27;[32mDEBUG&amp#27;[0;39m &amp#27;[35m26824&amp#27;[0;39m &amp#27;[2m---&amp#27;[0;39m &amp#27;[2m[transferer] [     parallel-8]&amp#27;[0;39m &amp#27;[2m&amp#27;[0;39m&amp#27;[36mio.r2dbc.h2.client.SessionClient        &amp#27;[0;39m &amp#27;[2m:&amp#27;[0;39m Request:  SELECT CURRENT_TIMESTAMP
&amp#27;[2m2025-08-17T16:47:04.849+01:00&amp#27;[0;39m &amp#27;[32mDEBUG&amp#27;[0;39m &amp#27;[35m26824&amp#27;[0;39m &amp#27;[2m---&amp#27;[0;39m &amp#27;[2m[transferer] [     parallel-8]&amp#27;[0;39m &amp#27;[2m&amp#27;[0;39m&amp#27;[36mio.r2dbc.h2.client.SessionClient        &amp#27;[0;39m &amp#27;[2m:&amp#27;[0;39m Response: org.h2.result.LocalResult@43c60800 columns: 1 rows: 1 pos: -1
&amp#27;[2m2025-08-17T16:47:04.849+01:00&amp#27;[0;39m &amp#27;[32mDEBUG&amp#27;[0;39m &amp#27;[35m26824&amp#27;[0;39m &amp#27;[2m---&amp#27;[0;39m &amp#27;[2m[transferer] [           main]&amp#27;[0;39m &amp#27;[2m&amp#27;[0;39m&amp#27;[36mio.r2dbc.h2.client.SessionClient        &amp#27;[0;39m &amp#27;[2m:&amp#27;[0;39m Request:  SELECT 1
&amp#27;[2m2025-08-17T16:47:04.849+01:00&amp#27;[0;39m &amp#27;[32mDEBUG&amp#27;[0;39m &amp#27;[35m26824&amp#27;[0;39m &amp#27;[2m---&amp#27;[0;39m &amp#27;[2m[transferer] [           main]&amp#27;[0;39m &amp#27;[2m&amp#27;[0;39m&amp#27;[36mio.r2dbc.h2.client.SessionClient        &amp#27;[0;39m &amp#27;[2m:&amp#27;[0;39m Response: org.h2.result.LocalResult@6ca30886 columns: 1 rows: 1 pos: -1
&amp#27;[2m2025-08-17T16:47:04.849+01:00&amp#27;[0;39m &amp#27;[32mDEBUG&amp#27;[0;39m &amp#27;[35m26824&amp#27;[0;39m &amp#27;[2m---&amp#27;[0;39m &amp#27;[2m[transferer] [           main]&amp#27;[0;39m &amp#27;[2m&amp#27;[0;39m&amp#27;[36mo.s.r2dbc.core.DefaultDatabaseClient    &amp#27;[0;39m &amp#27;[2m:&amp#27;[0;39m Executing SQL statement [DELETE FROM payments]
&amp#27;[2m2025-08-17T16:47:04.849+01:00&amp#27;[0;39m &amp#27;[32mDEBUG&amp#27;[0;39m &amp#27;[35m26824&amp#27;[0;39m &amp#27;[2m---&amp#27;[0;39m &amp#27;[2m[transferer] [           main]&amp#27;[0;39m &amp#27;[2m&amp#27;[0;39m&amp#27;[36mio.r2dbc.h2.client.SessionClient        &amp#27;[0;39m &amp#27;[2m:&amp#27;[0;39m Request:  DELETE FROM payments
&amp#27;[2m2025-08-17T16:47:04.850+01:00&amp#27;[0;39m &amp#27;[32mDEBUG&amp#27;[0;39m &amp#27;[35m26824&amp#27;[0;39m &amp#27;[2m---&amp#27;[0;39m &amp#27;[2m[transferer] [           main]&amp#27;[0;39m &amp#27;[2m&amp#27;[0;39m&amp#27;[36mio.r2dbc.h2.client.SessionClient        &amp#27;[0;39m &amp#27;[2m:&amp#27;[0;39m Request:  SELECT CURRENT_TIMESTAMP
&amp#27;[2m2025-08-17T16:47:04.850+01:00&amp#27;[0;39m &amp#27;[32mDEBUG&amp#27;[0;39m &amp#27;[35m26824&amp#27;[0;39m &amp#27;[2m---&amp#27;[0;39m &amp#27;[2m[transferer] [           main]&amp#27;[0;39m &amp#27;[2m&amp#27;[0;39m&amp#27;[36mio.r2dbc.h2.client.SessionClient        &amp#27;[0;39m &amp#27;[2m:&amp#27;[0;39m Response: org.h2.result.LocalResult@eee26bd columns: 1 rows: 1 pos: -1
&amp#27;[2m2025-08-17T16:47:04.850+01:00&amp#27;[0;39m &amp#27;[32mDEBUG&amp#27;[0;39m &amp#27;[35m26824&amp#27;[0;39m &amp#27;[2m---&amp#27;[0;39m &amp#27;[2m[transferer] [           main]&amp#27;[0;39m &amp#27;[2m&amp#27;[0;39m&amp#27;[36mio.r2dbc.h2.client.SessionClient        &amp#27;[0;39m &amp#27;[2m:&amp#27;[0;39m Request:  SELECT 1
&amp#27;[2m2025-08-17T16:47:04.850+01:00&amp#27;[0;39m &amp#27;[32mDEBUG&amp#27;[0;39m &amp#27;[35m26824&amp#27;[0;39m &amp#27;[2m---&amp#27;[0;39m &amp#27;[2m[transferer] [           main]&amp#27;[0;39m &amp#27;[2m&amp#27;[0;39m&amp#27;[36mio.r2dbc.h2.client.SessionClient        &amp#27;[0;39m &amp#27;[2m:&amp#27;[0;39m Response: org.h2.result.LocalResult@3d1c8f35 columns: 1 rows: 1 pos: -1
&amp#27;[2m2025-08-17T16:47:04.850+01:00&amp#27;[0;39m &amp#27;[32mDEBUG&amp#27;[0;39m &amp#27;[35m26824&amp#27;[0;39m &amp#27;[2m---&amp#27;[0;39m &amp#27;[2m[transferer] [           main]&amp#27;[0;39m &amp#27;[2m&amp#27;[0;39m&amp#27;[36mo.s.r2dbc.core.DefaultDatabaseClient    &amp#27;[0;39m &amp#27;[2m:&amp#27;[0;39m Executing SQL statement [DELETE FROM transactions]
&amp#27;[2m2025-08-17T16:47:04.850+01:00&amp#27;[0;39m &amp#27;[32mDEBUG&amp#27;[0;39m &amp#27;[35m26824&amp#27;[0;39m &amp#27;[2m---&amp#27;[0;39m &amp#27;[2m[transferer] [           main]&amp#27;[0;39m &amp#27;[2m&amp#27;[0;39m&amp#27;[36mio.r2dbc.h2.client.SessionClient        &amp#27;[0;39m &amp#27;[2m:&amp#27;[0;39m Request:  DELETE FROM transactions
&amp#27;[2m2025-08-17T16:47:04.850+01:00&amp#27;[0;39m &amp#27;[32mDEBUG&amp#27;[0;39m &amp#27;[35m26824&amp#27;[0;39m &amp#27;[2m---&amp#27;[0;39m &amp#27;[2m[transferer] [           main]&amp#27;[0;39m &amp#27;[2m&amp#27;[0;39m&amp#27;[36mio.r2dbc.h2.client.SessionClient        &amp#27;[0;39m &amp#27;[2m:&amp#27;[0;39m Request:  SELECT CURRENT_TIMESTAMP
&amp#27;[2m2025-08-17T16:47:04.850+01:00&amp#27;[0;39m &amp#27;[32mDEBUG&amp#27;[0;39m &amp#27;[35m26824&amp#27;[0;39m &amp#27;[2m---&amp#27;[0;39m &amp#27;[2m[transferer] [           main]&amp#27;[0;39m &amp#27;[2m&amp#27;[0;39m&amp#27;[36mio.r2dbc.h2.client.SessionClient        &amp#27;[0;39m &amp#27;[2m:&amp#27;[0;39m Response: org.h2.result.LocalResult@39451d92 columns: 1 rows: 1 pos: -1
&amp#27;[2m2025-08-17T16:47:04.850+01:00&amp#27;[0;39m &amp#27;[32mDEBUG&amp#27;[0;39m &amp#27;[35m26824&amp#27;[0;39m &amp#27;[2m---&amp#27;[0;39m &amp#27;[2m[transferer] [           main]&amp#27;[0;39m &amp#27;[2m&amp#27;[0;39m&amp#27;[36mio.r2dbc.h2.client.SessionClient        &amp#27;[0;39m &amp#27;[2m:&amp#27;[0;39m Request:  SELECT 1
&amp#27;[2m2025-08-17T16:47:04.850+01:00&amp#27;[0;39m &amp#27;[32mDEBUG&amp#27;[0;39m &amp#27;[35m26824&amp#27;[0;39m &amp#27;[2m---&amp#27;[0;39m &amp#27;[2m[transferer] [           main]&amp#27;[0;39m &amp#27;[2m&amp#27;[0;39m&amp#27;[36mio.r2dbc.h2.client.SessionClient        &amp#27;[0;39m &amp#27;[2m:&amp#27;[0;39m Response: org.h2.result.LocalResult@46610fc9 columns: 1 rows: 1 pos: -1
&amp#27;[2m2025-08-17T16:47:04.850+01:00&amp#27;[0;39m &amp#27;[32mDEBUG&amp#27;[0;39m &amp#27;[35m26824&amp#27;[0;39m &amp#27;[2m---&amp#27;[0;39m &amp#27;[2m[transferer] [           main]&amp#27;[0;39m &amp#27;[2m&amp#27;[0;39m&amp#27;[36mo.s.r2dbc.core.DefaultDatabaseClient    &amp#27;[0;39m &amp#27;[2m:&amp#27;[0;39m Executing SQL statement [DELETE FROM accounts]
&amp#27;[2m2025-08-17T16:47:04.850+01:00&amp#27;[0;39m &amp#27;[32mDEBUG&amp#27;[0;39m &amp#27;[35m26824&amp#27;[0;39m &amp#27;[2m---&amp#27;[0;39m &amp#27;[2m[transferer] [           main]&amp#27;[0;39m &amp#27;[2m&amp#27;[0;39m&amp#27;[36mio.r2dbc.h2.client.SessionClient        &amp#27;[0;39m &amp#27;[2m:&amp#27;[0;39m Request:  DELETE FROM accounts
&amp#27;[2m2025-08-17T16:47:04.850+01:00&amp#27;[0;39m &amp#27;[32mDEBUG&amp#27;[0;39m &amp#27;[35m26824&amp#27;[0;39m &amp#27;[2m---&amp#27;[0;39m &amp#27;[2m[transferer] [           main]&amp#27;[0;39m &amp#27;[2m&amp#27;[0;39m&amp#27;[36mio.r2dbc.h2.client.SessionClient        &amp#27;[0;39m &amp#27;[2m:&amp#27;[0;39m Request:  SELECT CURRENT_TIMESTAMP
&amp#27;[2m2025-08-17T16:47:04.850+01:00&amp#27;[0;39m &amp#27;[32mDEBUG&amp#27;[0;39m &amp#27;[35m26824&amp#27;[0;39m &amp#27;[2m---&amp#27;[0;39m &amp#27;[2m[transferer] [           main]&amp#27;[0;39m &amp#27;[2m&amp#27;[0;39m&amp#27;[36mio.r2dbc.h2.client.SessionClient        &amp#27;[0;39m &amp#27;[2m:&amp#27;[0;39m Response: org.h2.result.LocalResult@2cd877d3 columns: 1 rows: 1 pos: -1
&amp#27;[2m2025-08-17T16:47:04.850+01:00&amp#27;[0;39m &amp#27;[32mDEBUG&amp#27;[0;39m &amp#27;[35m26824&amp#27;[0;39m &amp#27;[2m---&amp#27;[0;39m &amp#27;[2m[transferer] [           main]&amp#27;[0;39m &amp#27;[2m&amp#27;[0;39m&amp#27;[36mio.r2dbc.h2.client.SessionClient        &amp#27;[0;39m &amp#27;[2m:&amp#27;[0;39m Request:  SELECT 1
&amp#27;[2m2025-08-17T16:47:04.850+01:00&amp#27;[0;39m &amp#27;[32mDEBUG&amp#27;[0;39m &amp#27;[35m26824&amp#27;[0;39m &amp#27;[2m---&amp#27;[0;39m &amp#27;[2m[transferer] [           main]&amp#27;[0;39m &amp#27;[2m&amp#27;[0;39m&amp#27;[36mio.r2dbc.h2.client.SessionClient        &amp#27;[0;39m &amp#27;[2m:&amp#27;[0;39m Response: org.h2.result.LocalResult@3d605657 columns: 1 rows: 1 pos: -1
&amp#27;[2m2025-08-17T16:47:04.850+01:00&amp#27;[0;39m &amp#27;[32mDEBUG&amp#27;[0;39m &amp#27;[35m26824&amp#27;[0;39m &amp#27;[2m---&amp#27;[0;39m &amp#27;[2m[transferer] [           main]&amp#27;[0;39m &amp#27;[2m&amp#27;[0;39m&amp#27;[36mo.s.r2dbc.core.DefaultDatabaseClient    &amp#27;[0;39m &amp#27;[2m:&amp#27;[0;39m Executing SQL statement [DELETE FROM outbox_events]
&amp#27;[2m2025-08-17T16:47:04.850+01:00&amp#27;[0;39m &amp#27;[32mDEBUG&amp#27;[0;39m &amp#27;[35m26824&amp#27;[0;39m &amp#27;[2m---&amp#27;[0;39m &amp#27;[2m[transferer] [           main]&amp#27;[0;39m &amp#27;[2m&amp#27;[0;39m&amp#27;[36mio.r2dbc.h2.client.SessionClient        &amp#27;[0;39m &amp#27;[2m:&amp#27;[0;39m Request:  DELETE FROM outbox_events
&amp#27;[2m2025-08-17T16:47:04.851+01:00&amp#27;[0;39m &amp#27;[32mDEBUG&amp#27;[0;39m &amp#27;[35m26824&amp#27;[0;39m &amp#27;[2m---&amp#27;[0;39m &amp#27;[2m[transferer] [           main]&amp#27;[0;39m &amp#27;[2m&amp#27;[0;39m&amp#27;[36mio.r2dbc.h2.client.SessionClient        &amp#27;[0;39m &amp#27;[2m:&amp#27;[0;39m Request:  SELECT CURRENT_TIMESTAMP
&amp#27;[2m2025-08-17T16:47:04.851+01:00&amp#27;[0;39m &amp#27;[32mDEBUG&amp#27;[0;39m &amp#27;[35m26824&amp#27;[0;39m &amp#27;[2m---&amp#27;[0;39m &amp#27;[2m[transferer] [           main]&amp#27;[0;39m &amp#27;[2m&amp#27;[0;39m&amp#27;[36mio.r2dbc.h2.client.SessionClient        &amp#27;[0;39m &amp#27;[2m:&amp#27;[0;39m Response: org.h2.result.LocalResult@6318ff9 columns: 1 rows: 1 pos: -1
]]></system-out>
  </testcase>
</testsuite>