<?xml version="1.0" encoding="UTF-8"?>
<testsuite xmlns:xsi="http://www.w3.org/2001/XMLSchema-instance" xsi:noNamespaceSchemaLocation="https://maven.apache.org/surefire/maven-surefire-plugin/xsd/surefire-test-report-3.0.xsd" version="3.0" name="com.transferer.payment.PaymentSagaIntegrationTest" time="4.88" tests="1" errors="0" skipped="0" failures="1">
  <properties>
    <property name="java.specification.version" value="24"/>
    <property name="sun.jnu.encoding" value="UTF-8"/>
    <property name="java.class.path" value="/Users/bendrawer/transferer/target/test-classes:/Users/bendrawer/transferer/target/classes:/Users/bendrawer/.m2/repository/org/springframework/boot/spring-boot-starter-webflux/3.2.0/spring-boot-starter-webflux-3.2.0.jar:/Users/bendrawer/.m2/repository/org/springframework/boot/spring-boot-starter/3.2.0/spring-boot-starter-3.2.0.jar:/Users/bendrawer/.m2/repository/org/springframework/boot/spring-boot/3.2.0/spring-boot-3.2.0.jar:/Users/bendrawer/.m2/repository/org/springframework/boot/spring-boot-starter-logging/3.2.0/spring-boot-starter-logging-3.2.0.jar:/Users/bendrawer/.m2/repository/ch/qos/logback/logback-classic/1.4.11/logback-classic-1.4.11.jar:/Users/bendrawer/.m2/repository/ch/qos/logback/logback-core/1.4.11/logback-core-1.4.11.jar:/Users/bendrawer/.m2/repository/org/apache/logging/log4j/log4j-to-slf4j/2.21.1/log4j-to-slf4j-2.21.1.jar:/Users/bendrawer/.m2/repository/org/apache/logging/log4j/log4j-api/2.21.1/log4j-api-2.21.1.jar:/Users/bendrawer/.m2/repository/org/slf4j/jul-to-slf4j/2.0.9/jul-to-slf4j-2.0.9.jar:/Users/bendrawer/.m2/repository/jakarta/annotation/jakarta.annotation-api/2.1.1/jakarta.annotation-api-2.1.1.jar:/Users/bendrawer/.m2/repository/org/yaml/snakeyaml/2.2/snakeyaml-2.2.jar:/Users/bendrawer/.m2/repository/org/springframework/boot/spring-boot-starter-json/3.2.0/spring-boot-starter-json-3.2.0.jar:/Users/bendrawer/.m2/repository/com/fasterxml/jackson/core/jackson-databind/2.15.3/jackson-databind-2.15.3.jar:/Users/bendrawer/.m2/repository/com/fasterxml/jackson/core/jackson-annotations/2.15.3/jackson-annotations-2.15.3.jar:/Users/bendrawer/.m2/repository/com/fasterxml/jackson/core/jackson-core/2.15.3/jackson-core-2.15.3.jar:/Users/bendrawer/.m2/repository/com/fasterxml/jackson/datatype/jackson-datatype-jdk8/2.15.3/jackson-datatype-jdk8-2.15.3.jar:/Users/bendrawer/.m2/repository/com/fasterxml/jackson/datatype/jackson-datatype-jsr310/2.15.3/jackson-datatype-jsr310-2.15.3.jar:/Users/bendrawer/.m2/repository/com/fasterxml/jackson/module/jackson-module-parameter-names/2.15.3/jackson-module-parameter-names-2.15.3.jar:/Users/bendrawer/.m2/repository/org/springframework/boot/spring-boot-starter-reactor-netty/3.2.0/spring-boot-starter-reactor-netty-3.2.0.jar:/Users/bendrawer/.m2/repository/io/projectreactor/netty/reactor-netty-http/1.1.13/reactor-netty-http-1.1.13.jar:/Users/bendrawer/.m2/repository/io/netty/netty-codec-http/4.1.101.Final/netty-codec-http-4.1.101.Final.jar:/Users/bendrawer/.m2/repository/io/netty/netty-codec-http2/4.1.101.Final/netty-codec-http2-4.1.101.Final.jar:/Users/bendrawer/.m2/repository/org/springframework/spring-web/6.1.1/spring-web-6.1.1.jar:/Users/bendrawer/.m2/repository/org/springframework/spring-beans/6.1.1/spring-beans-6.1.1.jar:/Users/bendrawer/.m2/repository/io/micrometer/micrometer-observation/1.12.0/micrometer-observation-1.12.0.jar:/Users/bendrawer/.m2/repository/io/micrometer/micrometer-commons/1.12.0/micrometer-commons-1.12.0.jar:/Users/bendrawer/.m2/repository/org/springframework/spring-webflux/6.1.1/spring-webflux-6.1.1.jar:/Users/bendrawer/.m2/repository/org/springframework/boot/spring-boot-starter-data-r2dbc/3.2.0/spring-boot-starter-data-r2dbc-3.2.0.jar:/Users/bendrawer/.m2/repository/org/springframework/data/spring-data-r2dbc/3.2.0/spring-data-r2dbc-3.2.0.jar:/Users/bendrawer/.m2/repository/org/springframework/data/spring-data-relational/3.2.0/spring-data-relational-3.2.0.jar:/Users/bendrawer/.m2/repository/com/github/jsqlparser/jsqlparser/4.6/jsqlparser-4.6.jar:/Users/bendrawer/.m2/repository/org/springframework/data/spring-data-commons/3.2.0/spring-data-commons-3.2.0.jar:/Users/bendrawer/.m2/repository/org/springframework/spring-tx/6.1.1/spring-tx-6.1.1.jar:/Users/bendrawer/.m2/repository/org/springframework/spring-context/6.1.1/spring-context-6.1.1.jar:/Users/bendrawer/.m2/repository/org/springframework/spring-aop/6.1.1/spring-aop-6.1.1.jar:/Users/bendrawer/.m2/repository/org/springframework/spring-expression/6.1.1/spring-expression-6.1.1.jar:/Users/bendrawer/.m2/repository/org/springframework/spring-jdbc/6.1.1/spring-jdbc-6.1.1.jar:/Users/bendrawer/.m2/repository/org/springframework/spring-r2dbc/6.1.1/spring-r2dbc-6.1.1.jar:/Users/bendrawer/.m2/repository/org/slf4j/slf4j-api/2.0.9/slf4j-api-2.0.9.jar:/Users/bendrawer/.m2/repository/io/r2dbc/r2dbc-spi/1.0.0.RELEASE/r2dbc-spi-1.0.0.RELEASE.jar:/Users/bendrawer/.m2/repository/org/reactivestreams/reactive-streams/1.0.4/reactive-streams-1.0.4.jar:/Users/bendrawer/.m2/repository/io/r2dbc/r2dbc-pool/1.0.1.RELEASE/r2dbc-pool-1.0.1.RELEASE.jar:/Users/bendrawer/.m2/repository/io/projectreactor/addons/reactor-pool/1.0.3/reactor-pool-1.0.3.jar:/Users/bendrawer/.m2/repository/org/springframework/boot/spring-boot-starter-validation/3.2.0/spring-boot-starter-validation-3.2.0.jar:/Users/bendrawer/.m2/repository/org/apache/tomcat/embed/tomcat-embed-el/10.1.16/tomcat-embed-el-10.1.16.jar:/Users/bendrawer/.m2/repository/org/hibernate/validator/hibernate-validator/8.0.1.Final/hibernate-validator-8.0.1.Final.jar:/Users/bendrawer/.m2/repository/jakarta/validation/jakarta.validation-api/3.0.2/jakarta.validation-api-3.0.2.jar:/Users/bendrawer/.m2/repository/org/jboss/logging/jboss-logging/3.5.3.Final/jboss-logging-3.5.3.Final.jar:/Users/bendrawer/.m2/repository/com/fasterxml/classmate/1.6.0/classmate-1.6.0.jar:/Users/bendrawer/.m2/repository/io/r2dbc/r2dbc-h2/1.0.0.RELEASE/r2dbc-h2-1.0.0.RELEASE.jar:/Users/bendrawer/.m2/repository/com/h2database/h2/2.2.224/h2-2.2.224.jar:/Users/bendrawer/.m2/repository/io/projectreactor/reactor-core/3.6.0/reactor-core-3.6.0.jar:/Users/bendrawer/.m2/repository/org/postgresql/r2dbc-postgresql/1.0.2.RELEASE/r2dbc-postgresql-1.0.2.RELEASE.jar:/Users/bendrawer/.m2/repository/com/ongres/scram/client/2.1/client-2.1.jar:/Users/bendrawer/.m2/repository/com/ongres/scram/common/2.1/common-2.1.jar:/Users/bendrawer/.m2/repository/com/ongres/stringprep/saslprep/1.1/saslprep-1.1.jar:/Users/bendrawer/.m2/repository/com/ongres/stringprep/stringprep/1.1/stringprep-1.1.jar:/Users/bendrawer/.m2/repository/io/projectreactor/netty/reactor-netty-core/1.1.13/reactor-netty-core-1.1.13.jar:/Users/bendrawer/.m2/repository/io/netty/netty-handler/4.1.101.Final/netty-handler-4.1.101.Final.jar:/Users/bendrawer/.m2/repository/io/netty/netty-common/4.1.101.Final/netty-common-4.1.101.Final.jar:/Users/bendrawer/.m2/repository/io/netty/netty-resolver/4.1.101.Final/netty-resolver-4.1.101.Final.jar:/Users/bendrawer/.m2/repository/io/netty/netty-buffer/4.1.101.Final/netty-buffer-4.1.101.Final.jar:/Users/bendrawer/.m2/repository/io/netty/netty-transport/4.1.101.Final/netty-transport-4.1.101.Final.jar:/Users/bendrawer/.m2/repository/io/netty/netty-transport-native-unix-common/4.1.101.Final/netty-transport-native-unix-common-4.1.101.Final.jar:/Users/bendrawer/.m2/repository/io/netty/netty-codec/4.1.101.Final/netty-codec-4.1.101.Final.jar:/Users/bendrawer/.m2/repository/io/netty/netty-handler-proxy/4.1.101.Final/netty-handler-proxy-4.1.101.Final.jar:/Users/bendrawer/.m2/repository/io/netty/netty-codec-socks/4.1.101.Final/netty-codec-socks-4.1.101.Final.jar:/Users/bendrawer/.m2/repository/io/netty/netty-resolver-dns/4.1.101.Final/netty-resolver-dns-4.1.101.Final.jar:/Users/bendrawer/.m2/repository/io/netty/netty-codec-dns/4.1.101.Final/netty-codec-dns-4.1.101.Final.jar:/Users/bendrawer/.m2/repository/io/netty/netty-resolver-dns-native-macos/4.1.101.Final/netty-resolver-dns-native-macos-4.1.101.Final-osx-x86_64.jar:/Users/bendrawer/.m2/repository/io/netty/netty-resolver-dns-classes-macos/4.1.101.Final/netty-resolver-dns-classes-macos-4.1.101.Final.jar:/Users/bendrawer/.m2/repository/io/netty/netty-transport-native-epoll/4.1.101.Final/netty-transport-native-epoll-4.1.101.Final-linux-x86_64.jar:/Users/bendrawer/.m2/repository/io/netty/netty-transport-classes-epoll/4.1.101.Final/netty-transport-classes-epoll-4.1.101.Final.jar:/Users/bendrawer/.m2/repository/org/springframework/boot/spring-boot-starter-test/3.2.0/spring-boot-starter-test-3.2.0.jar:/Users/bendrawer/.m2/repository/org/springframework/boot/spring-boot-test/3.2.0/spring-boot-test-3.2.0.jar:/Users/bendrawer/.m2/repository/org/springframework/boot/spring-boot-test-autoconfigure/3.2.0/spring-boot-test-autoconfigure-3.2.0.jar:/Users/bendrawer/.m2/repository/com/jayway/jsonpath/json-path/2.8.0/json-path-2.8.0.jar:/Users/bendrawer/.m2/repository/jakarta/xml/bind/jakarta.xml.bind-api/4.0.1/jakarta.xml.bind-api-4.0.1.jar:/Users/bendrawer/.m2/repository/jakarta/activation/jakarta.activation-api/2.1.2/jakarta.activation-api-2.1.2.jar:/Users/bendrawer/.m2/repository/net/minidev/json-smart/2.5.0/json-smart-2.5.0.jar:/Users/bendrawer/.m2/repository/net/minidev/accessors-smart/2.5.0/accessors-smart-2.5.0.jar:/Users/bendrawer/.m2/repository/org/ow2/asm/asm/9.3/asm-9.3.jar:/Users/bendrawer/.m2/repository/org/assertj/assertj-core/3.24.2/assertj-core-3.24.2.jar:/Users/bendrawer/.m2/repository/net/bytebuddy/byte-buddy/1.14.10/byte-buddy-1.14.10.jar:/Users/bendrawer/.m2/repository/org/awaitility/awaitility/4.2.0/awaitility-4.2.0.jar:/Users/bendrawer/.m2/repository/org/hamcrest/hamcrest/2.2/hamcrest-2.2.jar:/Users/bendrawer/.m2/repository/org/junit/jupiter/junit-jupiter/5.10.1/junit-jupiter-5.10.1.jar:/Users/bendrawer/.m2/repository/org/junit/jupiter/junit-jupiter-params/5.10.1/junit-jupiter-params-5.10.1.jar:/Users/bendrawer/.m2/repository/org/junit/jupiter/junit-jupiter-engine/5.10.1/junit-jupiter-engine-5.10.1.jar:/Users/bendrawer/.m2/repository/org/junit/platform/junit-platform-engine/1.10.1/junit-platform-engine-1.10.1.jar:/Users/bendrawer/.m2/repository/org/mockito/mockito-core/5.7.0/mockito-core-5.7.0.jar:/Users/bendrawer/.m2/repository/net/bytebuddy/byte-buddy-agent/1.14.10/byte-buddy-agent-1.14.10.jar:/Users/bendrawer/.m2/repository/org/objenesis/objenesis/3.3/objenesis-3.3.jar:/Users/bendrawer/.m2/repository/org/mockito/mockito-junit-jupiter/5.7.0/mockito-junit-jupiter-5.7.0.jar:/Users/bendrawer/.m2/repository/org/skyscreamer/jsonassert/1.5.1/jsonassert-1.5.1.jar:/Users/bendrawer/.m2/repository/com/vaadin/external/google/android-json/0.0.20131108.vaadin1/android-json-0.0.20131108.vaadin1.jar:/Users/bendrawer/.m2/repository/org/springframework/spring-core/6.1.1/spring-core-6.1.1.jar:/Users/bendrawer/.m2/repository/org/springframework/spring-jcl/6.1.1/spring-jcl-6.1.1.jar:/Users/bendrawer/.m2/repository/org/springframework/spring-test/6.1.1/spring-test-6.1.1.jar:/Users/bendrawer/.m2/repository/org/xmlunit/xmlunit-core/2.9.1/xmlunit-core-2.9.1.jar:/Users/bendrawer/.m2/repository/io/projectreactor/reactor-test/3.6.0/reactor-test-3.6.0.jar:/Users/bendrawer/.m2/repository/org/springframework/boot/spring-boot-testcontainers/3.2.0/spring-boot-testcontainers-3.2.0.jar:/Users/bendrawer/.m2/repository/org/springframework/boot/spring-boot-autoconfigure/3.2.0/spring-boot-autoconfigure-3.2.0.jar:/Users/bendrawer/.m2/repository/org/testcontainers/testcontainers/1.19.3/testcontainers-1.19.3.jar:/Users/bendrawer/.m2/repository/junit/junit/4.13.2/junit-4.13.2.jar:/Users/bendrawer/.m2/repository/org/hamcrest/hamcrest-core/2.2/hamcrest-core-2.2.jar:/Users/bendrawer/.m2/repository/org/apache/commons/commons-compress/1.24.0/commons-compress-1.24.0.jar:/Users/bendrawer/.m2/repository/org/rnorth/duct-tape/duct-tape/1.0.8/duct-tape-1.0.8.jar:/Users/bendrawer/.m2/repository/org/jetbrains/annotations/17.0.0/annotations-17.0.0.jar:/Users/bendrawer/.m2/repository/com/github/docker-java/docker-java-api/3.3.4/docker-java-api-3.3.4.jar:/Users/bendrawer/.m2/repository/com/github/docker-java/docker-java-transport-zerodep/3.3.4/docker-java-transport-zerodep-3.3.4.jar:/Users/bendrawer/.m2/repository/com/github/docker-java/docker-java-transport/3.3.4/docker-java-transport-3.3.4.jar:/Users/bendrawer/.m2/repository/net/java/dev/jna/jna/5.13.0/jna-5.13.0.jar:/Users/bendrawer/.m2/repository/org/testcontainers/r2dbc/1.19.3/r2dbc-1.19.3.jar:/Users/bendrawer/.m2/repository/org/testcontainers/postgresql/1.19.3/postgresql-1.19.3.jar:/Users/bendrawer/.m2/repository/org/testcontainers/jdbc/1.19.3/jdbc-1.19.3.jar:/Users/bendrawer/.m2/repository/org/testcontainers/database-commons/1.19.3/database-commons-1.19.3.jar:/Users/bendrawer/.m2/repository/org/testcontainers/junit-jupiter/1.19.3/junit-jupiter-1.19.3.jar:/Users/bendrawer/.m2/repository/org/junit/jupiter/junit-jupiter-api/5.10.1/junit-jupiter-api-5.10.1.jar:/Users/bendrawer/.m2/repository/org/opentest4j/opentest4j/1.3.0/opentest4j-1.3.0.jar:/Users/bendrawer/.m2/repository/org/junit/platform/junit-platform-commons/1.10.1/junit-platform-commons-1.10.1.jar:/Users/bendrawer/.m2/repository/org/apiguardian/apiguardian-api/1.1.2/apiguardian-api-1.1.2.jar:"/>
    <property name="java.vm.vendor" value="Homebrew"/>
    <property name="sun.arch.data.model" value="64"/>
    <property name="java.vendor.url" value="https://github.com/Homebrew/homebrew-core/issues"/>
    <property name="user.timezone" value="Europe/London"/>
    <property name="org.jboss.logging.provider" value="slf4j"/>
    <property name="os.name" value="Mac OS X"/>
    <property name="java.vm.specification.version" value="24"/>
    <property name="sun.java.launcher" value="SUN_STANDARD"/>
    <property name="user.country" value="GB"/>
    <property name="sun.boot.library.path" value="/opt/homebrew/Cellar/openjdk/24.0.2/libexec/openjdk.jdk/Contents/Home/lib"/>
    <property name="sun.java.command" value="/Users/bendrawer/transferer/target/surefire/surefirebooter-20250817202014570_3.jar /Users/bendrawer/transferer/target/surefire 2025-08-17T20-20-14_528-jvmRun1 surefire-20250817202014570_1tmp surefire_0-20250817202014570_2tmp"/>
    <property name="http.nonProxyHosts" value="local|*.local|169.254/16|*.169.254/16"/>
    <property name="jdk.debug" value="release"/>
    <property name="test" value="PaymentSagaIntegrationTest#should_verify_account_balances_during_rollback_scenario"/>
    <property name="surefire.test.class.path" value="/Users/bendrawer/transferer/target/test-classes:/Users/bendrawer/transferer/target/classes:/Users/bendrawer/.m2/repository/org/springframework/boot/spring-boot-starter-webflux/3.2.0/spring-boot-starter-webflux-3.2.0.jar:/Users/bendrawer/.m2/repository/org/springframework/boot/spring-boot-starter/3.2.0/spring-boot-starter-3.2.0.jar:/Users/bendrawer/.m2/repository/org/springframework/boot/spring-boot/3.2.0/spring-boot-3.2.0.jar:/Users/bendrawer/.m2/repository/org/springframework/boot/spring-boot-starter-logging/3.2.0/spring-boot-starter-logging-3.2.0.jar:/Users/bendrawer/.m2/repository/ch/qos/logback/logback-classic/1.4.11/logback-classic-1.4.11.jar:/Users/bendrawer/.m2/repository/ch/qos/logback/logback-core/1.4.11/logback-core-1.4.11.jar:/Users/bendrawer/.m2/repository/org/apache/logging/log4j/log4j-to-slf4j/2.21.1/log4j-to-slf4j-2.21.1.jar:/Users/bendrawer/.m2/repository/org/apache/logging/log4j/log4j-api/2.21.1/log4j-api-2.21.1.jar:/Users/bendrawer/.m2/repository/org/slf4j/jul-to-slf4j/2.0.9/jul-to-slf4j-2.0.9.jar:/Users/bendrawer/.m2/repository/jakarta/annotation/jakarta.annotation-api/2.1.1/jakarta.annotation-api-2.1.1.jar:/Users/bendrawer/.m2/repository/org/yaml/snakeyaml/2.2/snakeyaml-2.2.jar:/Users/bendrawer/.m2/repository/org/springframework/boot/spring-boot-starter-json/3.2.0/spring-boot-starter-json-3.2.0.jar:/Users/bendrawer/.m2/repository/com/fasterxml/jackson/core/jackson-databind/2.15.3/jackson-databind-2.15.3.jar:/Users/bendrawer/.m2/repository/com/fasterxml/jackson/core/jackson-annotations/2.15.3/jackson-annotations-2.15.3.jar:/Users/bendrawer/.m2/repository/com/fasterxml/jackson/core/jackson-core/2.15.3/jackson-core-2.15.3.jar:/Users/bendrawer/.m2/repository/com/fasterxml/jackson/datatype/jackson-datatype-jdk8/2.15.3/jackson-datatype-jdk8-2.15.3.jar:/Users/bendrawer/.m2/repository/com/fasterxml/jackson/datatype/jackson-datatype-jsr310/2.15.3/jackson-datatype-jsr310-2.15.3.jar:/Users/bendrawer/.m2/repository/com/fasterxml/jackson/module/jackson-module-parameter-names/2.15.3/jackson-module-parameter-names-2.15.3.jar:/Users/bendrawer/.m2/repository/org/springframework/boot/spring-boot-starter-reactor-netty/3.2.0/spring-boot-starter-reactor-netty-3.2.0.jar:/Users/bendrawer/.m2/repository/io/projectreactor/netty/reactor-netty-http/1.1.13/reactor-netty-http-1.1.13.jar:/Users/bendrawer/.m2/repository/io/netty/netty-codec-http/4.1.101.Final/netty-codec-http-4.1.101.Final.jar:/Users/bendrawer/.m2/repository/io/netty/netty-codec-http2/4.1.101.Final/netty-codec-http2-4.1.101.Final.jar:/Users/bendrawer/.m2/repository/org/springframework/spring-web/6.1.1/spring-web-6.1.1.jar:/Users/bendrawer/.m2/repository/org/springframework/spring-beans/6.1.1/spring-beans-6.1.1.jar:/Users/bendrawer/.m2/repository/io/micrometer/micrometer-observation/1.12.0/micrometer-observation-1.12.0.jar:/Users/bendrawer/.m2/repository/io/micrometer/micrometer-commons/1.12.0/micrometer-commons-1.12.0.jar:/Users/bendrawer/.m2/repository/org/springframework/spring-webflux/6.1.1/spring-webflux-6.1.1.jar:/Users/bendrawer/.m2/repository/org/springframework/boot/spring-boot-starter-data-r2dbc/3.2.0/spring-boot-starter-data-r2dbc-3.2.0.jar:/Users/bendrawer/.m2/repository/org/springframework/data/spring-data-r2dbc/3.2.0/spring-data-r2dbc-3.2.0.jar:/Users/bendrawer/.m2/repository/org/springframework/data/spring-data-relational/3.2.0/spring-data-relational-3.2.0.jar:/Users/bendrawer/.m2/repository/com/github/jsqlparser/jsqlparser/4.6/jsqlparser-4.6.jar:/Users/bendrawer/.m2/repository/org/springframework/data/spring-data-commons/3.2.0/spring-data-commons-3.2.0.jar:/Users/bendrawer/.m2/repository/org/springframework/spring-tx/6.1.1/spring-tx-6.1.1.jar:/Users/bendrawer/.m2/repository/org/springframework/spring-context/6.1.1/spring-context-6.1.1.jar:/Users/bendrawer/.m2/repository/org/springframework/spring-aop/6.1.1/spring-aop-6.1.1.jar:/Users/bendrawer/.m2/repository/org/springframework/spring-expression/6.1.1/spring-expression-6.1.1.jar:/Users/bendrawer/.m2/repository/org/springframework/spring-jdbc/6.1.1/spring-jdbc-6.1.1.jar:/Users/bendrawer/.m2/repository/org/springframework/spring-r2dbc/6.1.1/spring-r2dbc-6.1.1.jar:/Users/bendrawer/.m2/repository/org/slf4j/slf4j-api/2.0.9/slf4j-api-2.0.9.jar:/Users/bendrawer/.m2/repository/io/r2dbc/r2dbc-spi/1.0.0.RELEASE/r2dbc-spi-1.0.0.RELEASE.jar:/Users/bendrawer/.m2/repository/org/reactivestreams/reactive-streams/1.0.4/reactive-streams-1.0.4.jar:/Users/bendrawer/.m2/repository/io/r2dbc/r2dbc-pool/1.0.1.RELEASE/r2dbc-pool-1.0.1.RELEASE.jar:/Users/bendrawer/.m2/repository/io/projectreactor/addons/reactor-pool/1.0.3/reactor-pool-1.0.3.jar:/Users/bendrawer/.m2/repository/org/springframework/boot/spring-boot-starter-validation/3.2.0/spring-boot-starter-validation-3.2.0.jar:/Users/bendrawer/.m2/repository/org/apache/tomcat/embed/tomcat-embed-el/10.1.16/tomcat-embed-el-10.1.16.jar:/Users/bendrawer/.m2/repository/org/hibernate/validator/hibernate-validator/8.0.1.Final/hibernate-validator-8.0.1.Final.jar:/Users/bendrawer/.m2/repository/jakarta/validation/jakarta.validation-api/3.0.2/jakarta.validation-api-3.0.2.jar:/Users/bendrawer/.m2/repository/org/jboss/logging/jboss-logging/3.5.3.Final/jboss-logging-3.5.3.Final.jar:/Users/bendrawer/.m2/repository/com/fasterxml/classmate/1.6.0/classmate-1.6.0.jar:/Users/bendrawer/.m2/repository/io/r2dbc/r2dbc-h2/1.0.0.RELEASE/r2dbc-h2-1.0.0.RELEASE.jar:/Users/bendrawer/.m2/repository/com/h2database/h2/2.2.224/h2-2.2.224.jar:/Users/bendrawer/.m2/repository/io/projectreactor/reactor-core/3.6.0/reactor-core-3.6.0.jar:/Users/bendrawer/.m2/repository/org/postgresql/r2dbc-postgresql/1.0.2.RELEASE/r2dbc-postgresql-1.0.2.RELEASE.jar:/Users/bendrawer/.m2/repository/com/ongres/scram/client/2.1/client-2.1.jar:/Users/bendrawer/.m2/repository/com/ongres/scram/common/2.1/common-2.1.jar:/Users/bendrawer/.m2/repository/com/ongres/stringprep/saslprep/1.1/saslprep-1.1.jar:/Users/bendrawer/.m2/repository/com/ongres/stringprep/stringprep/1.1/stringprep-1.1.jar:/Users/bendrawer/.m2/repository/io/projectreactor/netty/reactor-netty-core/1.1.13/reactor-netty-core-1.1.13.jar:/Users/bendrawer/.m2/repository/io/netty/netty-handler/4.1.101.Final/netty-handler-4.1.101.Final.jar:/Users/bendrawer/.m2/repository/io/netty/netty-common/4.1.101.Final/netty-common-4.1.101.Final.jar:/Users/bendrawer/.m2/repository/io/netty/netty-resolver/4.1.101.Final/netty-resolver-4.1.101.Final.jar:/Users/bendrawer/.m2/repository/io/netty/netty-buffer/4.1.101.Final/netty-buffer-4.1.101.Final.jar:/Users/bendrawer/.m2/repository/io/netty/netty-transport/4.1.101.Final/netty-transport-4.1.101.Final.jar:/Users/bendrawer/.m2/repository/io/netty/netty-transport-native-unix-common/4.1.101.Final/netty-transport-native-unix-common-4.1.101.Final.jar:/Users/bendrawer/.m2/repository/io/netty/netty-codec/4.1.101.Final/netty-codec-4.1.101.Final.jar:/Users/bendrawer/.m2/repository/io/netty/netty-handler-proxy/4.1.101.Final/netty-handler-proxy-4.1.101.Final.jar:/Users/bendrawer/.m2/repository/io/netty/netty-codec-socks/4.1.101.Final/netty-codec-socks-4.1.101.Final.jar:/Users/bendrawer/.m2/repository/io/netty/netty-resolver-dns/4.1.101.Final/netty-resolver-dns-4.1.101.Final.jar:/Users/bendrawer/.m2/repository/io/netty/netty-codec-dns/4.1.101.Final/netty-codec-dns-4.1.101.Final.jar:/Users/bendrawer/.m2/repository/io/netty/netty-resolver-dns-native-macos/4.1.101.Final/netty-resolver-dns-native-macos-4.1.101.Final-osx-x86_64.jar:/Users/bendrawer/.m2/repository/io/netty/netty-resolver-dns-classes-macos/4.1.101.Final/netty-resolver-dns-classes-macos-4.1.101.Final.jar:/Users/bendrawer/.m2/repository/io/netty/netty-transport-native-epoll/4.1.101.Final/netty-transport-native-epoll-4.1.101.Final-linux-x86_64.jar:/Users/bendrawer/.m2/repository/io/netty/netty-transport-classes-epoll/4.1.101.Final/netty-transport-classes-epoll-4.1.101.Final.jar:/Users/bendrawer/.m2/repository/org/springframework/boot/spring-boot-starter-test/3.2.0/spring-boot-starter-test-3.2.0.jar:/Users/bendrawer/.m2/repository/org/springframework/boot/spring-boot-test/3.2.0/spring-boot-test-3.2.0.jar:/Users/bendrawer/.m2/repository/org/springframework/boot/spring-boot-test-autoconfigure/3.2.0/spring-boot-test-autoconfigure-3.2.0.jar:/Users/bendrawer/.m2/repository/com/jayway/jsonpath/json-path/2.8.0/json-path-2.8.0.jar:/Users/bendrawer/.m2/repository/jakarta/xml/bind/jakarta.xml.bind-api/4.0.1/jakarta.xml.bind-api-4.0.1.jar:/Users/bendrawer/.m2/repository/jakarta/activation/jakarta.activation-api/2.1.2/jakarta.activation-api-2.1.2.jar:/Users/bendrawer/.m2/repository/net/minidev/json-smart/2.5.0/json-smart-2.5.0.jar:/Users/bendrawer/.m2/repository/net/minidev/accessors-smart/2.5.0/accessors-smart-2.5.0.jar:/Users/bendrawer/.m2/repository/org/ow2/asm/asm/9.3/asm-9.3.jar:/Users/bendrawer/.m2/repository/org/assertj/assertj-core/3.24.2/assertj-core-3.24.2.jar:/Users/bendrawer/.m2/repository/net/bytebuddy/byte-buddy/1.14.10/byte-buddy-1.14.10.jar:/Users/bendrawer/.m2/repository/org/awaitility/awaitility/4.2.0/awaitility-4.2.0.jar:/Users/bendrawer/.m2/repository/org/hamcrest/hamcrest/2.2/hamcrest-2.2.jar:/Users/bendrawer/.m2/repository/org/junit/jupiter/junit-jupiter/5.10.1/junit-jupiter-5.10.1.jar:/Users/bendrawer/.m2/repository/org/junit/jupiter/junit-jupiter-params/5.10.1/junit-jupiter-params-5.10.1.jar:/Users/bendrawer/.m2/repository/org/junit/jupiter/junit-jupiter-engine/5.10.1/junit-jupiter-engine-5.10.1.jar:/Users/bendrawer/.m2/repository/org/junit/platform/junit-platform-engine/1.10.1/junit-platform-engine-1.10.1.jar:/Users/bendrawer/.m2/repository/org/mockito/mockito-core/5.7.0/mockito-core-5.7.0.jar:/Users/bendrawer/.m2/repository/net/bytebuddy/byte-buddy-agent/1.14.10/byte-buddy-agent-1.14.10.jar:/Users/bendrawer/.m2/repository/org/objenesis/objenesis/3.3/objenesis-3.3.jar:/Users/bendrawer/.m2/repository/org/mockito/mockito-junit-jupiter/5.7.0/mockito-junit-jupiter-5.7.0.jar:/Users/bendrawer/.m2/repository/org/skyscreamer/jsonassert/1.5.1/jsonassert-1.5.1.jar:/Users/bendrawer/.m2/repository/com/vaadin/external/google/android-json/0.0.20131108.vaadin1/android-json-0.0.20131108.vaadin1.jar:/Users/bendrawer/.m2/repository/org/springframework/spring-core/6.1.1/spring-core-6.1.1.jar:/Users/bendrawer/.m2/repository/org/springframework/spring-jcl/6.1.1/spring-jcl-6.1.1.jar:/Users/bendrawer/.m2/repository/org/springframework/spring-test/6.1.1/spring-test-6.1.1.jar:/Users/bendrawer/.m2/repository/org/xmlunit/xmlunit-core/2.9.1/xmlunit-core-2.9.1.jar:/Users/bendrawer/.m2/repository/io/projectreactor/reactor-test/3.6.0/reactor-test-3.6.0.jar:/Users/bendrawer/.m2/repository/org/springframework/boot/spring-boot-testcontainers/3.2.0/spring-boot-testcontainers-3.2.0.jar:/Users/bendrawer/.m2/repository/org/springframework/boot/spring-boot-autoconfigure/3.2.0/spring-boot-autoconfigure-3.2.0.jar:/Users/bendrawer/.m2/repository/org/testcontainers/testcontainers/1.19.3/testcontainers-1.19.3.jar:/Users/bendrawer/.m2/repository/junit/junit/4.13.2/junit-4.13.2.jar:/Users/bendrawer/.m2/repository/org/hamcrest/hamcrest-core/2.2/hamcrest-core-2.2.jar:/Users/bendrawer/.m2/repository/org/apache/commons/commons-compress/1.24.0/commons-compress-1.24.0.jar:/Users/bendrawer/.m2/repository/org/rnorth/duct-tape/duct-tape/1.0.8/duct-tape-1.0.8.jar:/Users/bendrawer/.m2/repository/org/jetbrains/annotations/17.0.0/annotations-17.0.0.jar:/Users/bendrawer/.m2/repository/com/github/docker-java/docker-java-api/3.3.4/docker-java-api-3.3.4.jar:/Users/bendrawer/.m2/repository/com/github/docker-java/docker-java-transport-zerodep/3.3.4/docker-java-transport-zerodep-3.3.4.jar:/Users/bendrawer/.m2/repository/com/github/docker-java/docker-java-transport/3.3.4/docker-java-transport-3.3.4.jar:/Users/bendrawer/.m2/repository/net/java/dev/jna/jna/5.13.0/jna-5.13.0.jar:/Users/bendrawer/.m2/repository/org/testcontainers/r2dbc/1.19.3/r2dbc-1.19.3.jar:/Users/bendrawer/.m2/repository/org/testcontainers/postgresql/1.19.3/postgresql-1.19.3.jar:/Users/bendrawer/.m2/repository/org/testcontainers/jdbc/1.19.3/jdbc-1.19.3.jar:/Users/bendrawer/.m2/repository/org/testcontainers/database-commons/1.19.3/database-commons-1.19.3.jar:/Users/bendrawer/.m2/repository/org/testcontainers/junit-jupiter/1.19.3/junit-jupiter-1.19.3.jar:/Users/bendrawer/.m2/repository/org/junit/jupiter/junit-jupiter-api/5.10.1/junit-jupiter-api-5.10.1.jar:/Users/bendrawer/.m2/repository/org/opentest4j/opentest4j/1.3.0/opentest4j-1.3.0.jar:/Users/bendrawer/.m2/repository/org/junit/platform/junit-platform-commons/1.10.1/junit-platform-commons-1.10.1.jar:/Users/bendrawer/.m2/repository/org/apiguardian/apiguardian-api/1.1.2/apiguardian-api-1.1.2.jar:"/>
    <property name="sun.cpu.endian" value="little"/>
    <property name="user.home" value="/Users/bendrawer"/>
    <property name="user.language" value="en"/>
    <property name="java.specification.vendor" value="Oracle Corporation"/>
    <property name="java.version.date" value="2025-07-15"/>
    <property name="java.home" value="/opt/homebrew/Cellar/openjdk/24.0.2/libexec/openjdk.jdk/Contents/Home"/>
    <property name="file.separator" value="/"/>
    <property name="basedir" value="/Users/bendrawer/transferer"/>
    <property name="java.vm.compressedOopsMode" value="Zero based"/>
    <property name="line.separator" value="&#10;"/>
    <property name="java.vm.specification.vendor" value="Oracle Corporation"/>
    <property name="java.specification.name" value="Java Platform API Specification"/>
    <property name="FILE_LOG_CHARSET" value="UTF-8"/>
    <property name="java.awt.headless" value="true"/>
    <property name="apple.awt.application.name" value="ForkedBooter"/>
    <property name="surefire.real.class.path" value="/Users/bendrawer/transferer/target/surefire/surefirebooter-20250817202014570_3.jar"/>
    <property name="sun.management.compiler" value="HotSpot 64-Bit Tiered Compilers"/>
    <property name="ftp.nonProxyHosts" value="local|*.local|169.254/16|*.169.254/16"/>
    <property name="java.runtime.version" value="24.0.2"/>
    <property name="user.name" value="bendrawer"/>
    <property name="stdout.encoding" value="UTF-8"/>
    <property name="path.separator" value=":"/>
    <property name="os.version" value="15.6"/>
    <property name="java.runtime.name" value="OpenJDK Runtime Environment"/>
    <property name="file.encoding" value="UTF-8"/>
    <property name="java.vm.name" value="OpenJDK 64-Bit Server VM"/>
    <property name="java.vendor.version" value="Homebrew"/>
    <property name="localRepository" value="/Users/bendrawer/.m2/repository"/>
    <property name="java.vendor.url.bug" value="https://github.com/Homebrew/homebrew-core/issues"/>
    <property name="java.io.tmpdir" value="/var/folders/3x/5pt9nvc57kz67stjhxkyhdfw0000gn/T/"/>
    <property name="java.version" value="24.0.2"/>
    <property name="user.dir" value="/Users/bendrawer/transferer"/>
    <property name="os.arch" value="aarch64"/>
    <property name="java.vm.specification.name" value="Java Virtual Machine Specification"/>
    <property name="PID" value="32373"/>
    <property name="CONSOLE_LOG_CHARSET" value="UTF-8"/>
    <property name="native.encoding" value="UTF-8"/>
    <property name="java.library.path" value="/Users/bendrawer/Library/Java/Extensions:/Library/Java/Extensions:/Network/Library/Java/Extensions:/System/Library/Java/Extensions:/usr/lib/java:."/>
    <property name="java.vm.info" value="mixed mode, sharing"/>
    <property name="stderr.encoding" value="UTF-8"/>
    <property name="java.vendor" value="Homebrew"/>
    <property name="java.vm.version" value="24.0.2"/>
    <property name="sun.io.unicode.encoding" value="UnicodeBig"/>
    <property name="socksNonProxyHosts" value="local|*.local|169.254/16|*.169.254/16"/>
    <property name="java.class.version" value="68.0"/>
    <property name="LOGGED_APPLICATION_NAME" value="[transferer] "/>
  </properties>
  <testcase name="should_verify_account_balances_during_rollback_scenario" classname="com.transferer.payment.PaymentSagaIntegrationTest" time="4.087">
    <failure message="expectation &quot;assertNext&quot; failed (expected: onNext(); actual: onError(java.util.concurrent.TimeoutException: Did not observe any item or terminal signal within 3000ms in &apos;ignoreThen&apos; (and no fallback has been configured)))" type="java.lang.AssertionError"><![CDATA[java.lang.AssertionError: expectation "assertNext" failed (expected: onNext(); actual: onError(java.util.concurrent.TimeoutException: Did not observe any item or terminal signal within 3000ms in 'ignoreThen' (and no fallback has been configured)))
	at reactor.test.MessageFormatter.assertionError(MessageFormatter.java:115)
	at reactor.test.MessageFormatter.failPrefix(MessageFormatter.java:104)
	at reactor.test.MessageFormatter.fail(MessageFormatter.java:73)
	at reactor.test.MessageFormatter.failOptional(MessageFormatter.java:88)
	at reactor.test.DefaultStepVerifierBuilder.lambda$consumeNextWith$1(DefaultStepVerifierBuilder.java:276)
	at reactor.test.DefaultStepVerifierBuilder$SignalEvent.test(DefaultStepVerifierBuilder.java:2289)
	at reactor.test.DefaultStepVerifierBuilder$DefaultVerifySubscriber.onSignal(DefaultStepVerifierBuilder.java:1529)
	at reactor.test.DefaultStepVerifierBuilder$DefaultVerifySubscriber.onExpectation(DefaultStepVerifierBuilder.java:1477)
	at reactor.test.DefaultStepVerifierBuilder$DefaultVerifySubscriber.onError(DefaultStepVerifierBuilder.java:1129)
	at reactor.core.publisher.MonoFlatMap$FlatMapMain.secondError(MonoFlatMap.java:241)
	at reactor.core.publisher.MonoFlatMap$FlatMapInner.onError(MonoFlatMap.java:315)
	at reactor.core.publisher.MonoIgnoreThen$ThenIgnoreMain.onError(MonoIgnoreThen.java:279)
	at reactor.core.publisher.SerializedSubscriber.onError(SerializedSubscriber.java:124)
	at reactor.core.publisher.FluxTimeout$TimeoutMainSubscriber.handleTimeout(FluxTimeout.java:296)
	at reactor.core.publisher.FluxTimeout$TimeoutMainSubscriber.doTimeout(FluxTimeout.java:281)
	at reactor.core.publisher.FluxTimeout$TimeoutTimeoutSubscriber.onNext(FluxTimeout.java:420)
	at reactor.core.publisher.FluxOnErrorReturn$ReturnSubscriber.onNext(FluxOnErrorReturn.java:162)
	at reactor.core.publisher.MonoDelay$MonoDelayRunnable.propagateDelay(MonoDelay.java:270)
	at reactor.core.publisher.MonoDelay$MonoDelayRunnable.run(MonoDelay.java:285)
	at reactor.core.scheduler.SchedulerTask.call(SchedulerTask.java:68)
	at reactor.core.scheduler.SchedulerTask.call(SchedulerTask.java:28)
	at java.base/java.util.concurrent.FutureTask.run(FutureTask.java:328)
	at java.base/java.util.concurrent.ScheduledThreadPoolExecutor$ScheduledFutureTask.run(ScheduledThreadPoolExecutor.java:309)
	at java.base/java.util.concurrent.ThreadPoolExecutor.runWorker(ThreadPoolExecutor.java:1095)
	at java.base/java.util.concurrent.ThreadPoolExecutor$Worker.run(ThreadPoolExecutor.java:619)
	at java.base/java.lang.Thread.run(Thread.java:1447)
	Suppressed: java.util.concurrent.TimeoutException: Did not observe any item or terminal signal within 3000ms in 'ignoreThen' (and no fallback has been configured)
		... 13 more
]]></failure>
    <system-out><![CDATA[20:20:14.861 [main] INFO org.springframework.test.context.support.AnnotationConfigContextLoaderUtils -- Could not detect default configuration classes for test class [com.transferer.payment.PaymentSagaIntegrationTest]: PaymentSagaIntegrationTest does not declare any static, non-private, non-final, nested classes annotated with @Configuration.
20:20:14.918 [main] INFO org.springframework.boot.test.context.SpringBootTestContextBootstrapper -- Found @SpringBootConfiguration com.transferer.TransfererApplication for test class com.transferer.payment.PaymentSagaIntegrationTest

  .   ____          _            __ _ _
 /\\ / ___'_ __ _ _(_)_ __  __ _ \ \ \ \
( ( )\___ | '_ | '_| | '_ \/ _` | \ \ \ \
 \\/  ___)| |_)| | | | | || (_| |  ) ) ) )
  '  |____| .__|_| |_|_| |_\__, | / / / /
 =========|_|==============|___/=/_/_/_/
&amp#27;[32m :: Spring Boot :: &amp#27;[39m              &amp#27;[2m (v3.2.0)&amp#27;[0;39m

&amp#27;[2m2025-08-17T20:20:15.054+01:00&amp#27;[0;39m &amp#27;[32m INFO&amp#27;[0;39m &amp#27;[35m32373&amp#27;[0;39m &amp#27;[2m---&amp#27;[0;39m &amp#27;[2m[transferer] [           main]&amp#27;[0;39m &amp#27;[2m&amp#27;[0;39m&amp#27;[36mc.t.payment.PaymentSagaIntegrationTest  &amp#27;[0;39m &amp#27;[2m:&amp#27;[0;39m Starting PaymentSagaIntegrationTest using Java 24.0.2 with PID 32373 (started by bendrawer in /Users/bendrawer/transferer)
&amp#27;[2m2025-08-17T20:20:15.054+01:00&amp#27;[0;39m &amp#27;[32mDEBUG&amp#27;[0;39m &amp#27;[35m32373&amp#27;[0;39m &amp#27;[2m---&amp#27;[0;39m &amp#27;[2m[transferer] [           main]&amp#27;[0;39m &amp#27;[2m&amp#27;[0;39m&amp#27;[36mc.t.payment.PaymentSagaIntegrationTest  &amp#27;[0;39m &amp#27;[2m:&amp#27;[0;39m Running with Spring Boot v3.2.0, Spring v6.1.1
&amp#27;[2m2025-08-17T20:20:15.055+01:00&amp#27;[0;39m &amp#27;[32m INFO&amp#27;[0;39m &amp#27;[35m32373&amp#27;[0;39m &amp#27;[2m---&amp#27;[0;39m &amp#27;[2m[transferer] [           main]&amp#27;[0;39m &amp#27;[2m&amp#27;[0;39m&amp#27;[36mc.t.payment.PaymentSagaIntegrationTest  &amp#27;[0;39m &amp#27;[2m:&amp#27;[0;39m The following 1 profile is active: "test"
&amp#27;[2m2025-08-17T20:20:15.183+01:00&amp#27;[0;39m &amp#27;[32m INFO&amp#27;[0;39m &amp#27;[35m32373&amp#27;[0;39m &amp#27;[2m---&amp#27;[0;39m &amp#27;[2m[transferer] [           main]&amp#27;[0;39m &amp#27;[2m&amp#27;[0;39m&amp#27;[36m.s.d.r.c.RepositoryConfigurationDelegate&amp#27;[0;39m &amp#27;[2m:&amp#27;[0;39m Bootstrapping Spring Data R2DBC repositories in DEFAULT mode.
&amp#27;[2m2025-08-17T20:20:15.236+01:00&amp#27;[0;39m &amp#27;[32m INFO&amp#27;[0;39m &amp#27;[35m32373&amp#27;[0;39m &amp#27;[2m---&amp#27;[0;39m &amp#27;[2m[transferer] [           main]&amp#27;[0;39m &amp#27;[2m&amp#27;[0;39m&amp#27;[36m.s.d.r.c.RepositoryConfigurationDelegate&amp#27;[0;39m &amp#27;[2m:&amp#27;[0;39m Finished Spring Data repository scanning in 51 ms. Found 4 R2DBC repository interfaces.
&amp#27;[2m2025-08-17T20:20:15.463+01:00&amp#27;[0;39m &amp#27;[32mDEBUG&amp#27;[0;39m &amp#27;[35m32373&amp#27;[0;39m &amp#27;[2m---&amp#27;[0;39m &amp#27;[2m[transferer] [           main]&amp#27;[0;39m &amp#27;[2m&amp#27;[0;39m&amp#27;[36mc.t.shared.outbox.OutboxEventBus        &amp#27;[0;39m &amp#27;[2m:&amp#27;[0;39m Subscribed handler to event class: PaymentStepAdvancedEvent
&amp#27;[2m2025-08-17T20:20:15.463+01:00&amp#27;[0;39m &amp#27;[32mDEBUG&amp#27;[0;39m &amp#27;[35m32373&amp#27;[0;39m &amp#27;[2m---&amp#27;[0;39m &amp#27;[2m[transferer] [           main]&amp#27;[0;39m &amp#27;[2m&amp#27;[0;39m&amp#27;[36mc.t.shared.outbox.OutboxEventBus        &amp#27;[0;39m &amp#27;[2m:&amp#27;[0;39m Subscribed handler to event class: TransactionCreatedEvent
&amp#27;[2m2025-08-17T20:20:15.463+01:00&amp#27;[0;39m &amp#27;[32mDEBUG&amp#27;[0;39m &amp#27;[35m32373&amp#27;[0;39m &amp#27;[2m---&amp#27;[0;39m &amp#27;[2m[transferer] [           main]&amp#27;[0;39m &amp#27;[2m&amp#27;[0;39m&amp#27;[36mc.t.shared.outbox.OutboxEventBus        &amp#27;[0;39m &amp#27;[2m:&amp#27;[0;39m Subscribed handler to event class: AccountDebitedEvent
&amp#27;[2m2025-08-17T20:20:15.463+01:00&amp#27;[0;39m &amp#27;[32mDEBUG&amp#27;[0;39m &amp#27;[35m32373&amp#27;[0;39m &amp#27;[2m---&amp#27;[0;39m &amp#27;[2m[transferer] [           main]&amp#27;[0;39m &amp#27;[2m&amp#27;[0;39m&amp#27;[36mc.t.shared.outbox.OutboxEventBus        &amp#27;[0;39m &amp#27;[2m:&amp#27;[0;39m Subscribed handler to event class: AccountCreditedEvent
&amp#27;[2m2025-08-17T20:20:15.463+01:00&amp#27;[0;39m &amp#27;[32mDEBUG&amp#27;[0;39m &amp#27;[35m32373&amp#27;[0;39m &amp#27;[2m---&amp#27;[0;39m &amp#27;[2m[transferer] [           main]&amp#27;[0;39m &amp#27;[2m&amp#27;[0;39m&amp#27;[36mc.t.shared.outbox.OutboxEventBus        &amp#27;[0;39m &amp#27;[2m:&amp#27;[0;39m Subscribed handler to event class: TransactionCompletedEvent
&amp#27;[2m2025-08-17T20:20:15.463+01:00&amp#27;[0;39m &amp#27;[32mDEBUG&amp#27;[0;39m &amp#27;[35m32373&amp#27;[0;39m &amp#27;[2m---&amp#27;[0;39m &amp#27;[2m[transferer] [           main]&amp#27;[0;39m &amp#27;[2m&amp#27;[0;39m&amp#27;[36mc.t.shared.outbox.OutboxEventBus        &amp#27;[0;39m &amp#27;[2m:&amp#27;[0;39m Subscribed handler to event class: PaymentFailedEvent
&amp#27;[2m2025-08-17T20:20:15.558+01:00&amp#27;[0;39m &amp#27;[32mDEBUG&amp#27;[0;39m &amp#27;[35m32373&amp#27;[0;39m &amp#27;[2m---&amp#27;[0;39m &amp#27;[2m[transferer] [       single-1]&amp#27;[0;39m &amp#27;[2m&amp#27;[0;39m&amp#27;[36mio.r2dbc.h2.client.SessionClient        &amp#27;[0;39m &amp#27;[2m:&amp#27;[0;39m Request:  CALL H2VERSION()
&amp#27;[2m2025-08-17T20:20:15.559+01:00&amp#27;[0;39m &amp#27;[32mDEBUG&amp#27;[0;39m &amp#27;[35m32373&amp#27;[0;39m &amp#27;[2m---&amp#27;[0;39m &amp#27;[2m[transferer] [       single-1]&amp#27;[0;39m &amp#27;[2m&amp#27;[0;39m&amp#27;[36mio.r2dbc.h2.client.SessionClient        &amp#27;[0;39m &amp#27;[2m:&amp#27;[0;39m Response: org.h2.result.LocalResult@3b3bde16 columns: 1 rows: 1 pos: -1
&amp#27;[2m2025-08-17T20:20:15.563+01:00&amp#27;[0;39m &amp#27;[32mDEBUG&amp#27;[0;39m &amp#27;[35m32373&amp#27;[0;39m &amp#27;[2m---&amp#27;[0;39m &amp#27;[2m[transferer] [       single-1]&amp#27;[0;39m &amp#27;[2m&amp#27;[0;39m&amp#27;[36mio.r2dbc.h2.client.SessionClient        &amp#27;[0;39m &amp#27;[2m:&amp#27;[0;39m Request:  SELECT 1
&amp#27;[2m2025-08-17T20:20:15.564+01:00&amp#27;[0;39m &amp#27;[32mDEBUG&amp#27;[0;39m &amp#27;[35m32373&amp#27;[0;39m &amp#27;[2m---&amp#27;[0;39m &amp#27;[2m[transferer] [       single-1]&amp#27;[0;39m &amp#27;[2m&amp#27;[0;39m&amp#27;[36mio.r2dbc.h2.client.SessionClient        &amp#27;[0;39m &amp#27;[2m:&amp#27;[0;39m Response: org.h2.result.LocalResult@6970f5e7 columns: 1 rows: 1 pos: -1
&amp#27;[2m2025-08-17T20:20:15.566+01:00&amp#27;[0;39m &amp#27;[32mDEBUG&amp#27;[0;39m &amp#27;[35m32373&amp#27;[0;39m &amp#27;[2m---&amp#27;[0;39m &amp#27;[2m[transferer] [       single-1]&amp#27;[0;39m &amp#27;[2m&amp#27;[0;39m&amp#27;[36mo.s.r2dbc.connection.init.ScriptUtils   &amp#27;[0;39m &amp#27;[2m:&amp#27;[0;39m Executing SQL script from class path resource [test-schema.sql]
&amp#27;[2m2025-08-17T20:20:15.575+01:00&amp#27;[0;39m &amp#27;[32mDEBUG&amp#27;[0;39m &amp#27;[35m32373&amp#27;[0;39m &amp#27;[2m---&amp#27;[0;39m &amp#27;[2m[transferer] [       single-1]&amp#27;[0;39m &amp#27;[2m&amp#27;[0;39m&amp#27;[36mio.r2dbc.h2.client.SessionClient        &amp#27;[0;39m &amp#27;[2m:&amp#27;[0;39m Request:  CALL H2VERSION()
&amp#27;[2m2025-08-17T20:20:15.576+01:00&amp#27;[0;39m &amp#27;[32mDEBUG&amp#27;[0;39m &amp#27;[35m32373&amp#27;[0;39m &amp#27;[2m---&amp#27;[0;39m &amp#27;[2m[transferer] [       single-1]&amp#27;[0;39m &amp#27;[2m&amp#27;[0;39m&amp#27;[36mio.r2dbc.h2.client.SessionClient        &amp#27;[0;39m &amp#27;[2m:&amp#27;[0;39m Response: org.h2.result.LocalResult@5a7b0c84 columns: 1 rows: 1 pos: -1
&amp#27;[2m2025-08-17T20:20:15.576+01:00&amp#27;[0;39m &amp#27;[32mDEBUG&amp#27;[0;39m &amp#27;[35m32373&amp#27;[0;39m &amp#27;[2m---&amp#27;[0;39m &amp#27;[2m[transferer] [       single-1]&amp#27;[0;39m &amp#27;[2m&amp#27;[0;39m&amp#27;[36mio.r2dbc.h2.client.SessionClient        &amp#27;[0;39m &amp#27;[2m:&amp#27;[0;39m Request:  CALL H2VERSION()
&amp#27;[2m2025-08-17T20:20:15.576+01:00&amp#27;[0;39m &amp#27;[32mDEBUG&amp#27;[0;39m &amp#27;[35m32373&amp#27;[0;39m &amp#27;[2m---&amp#27;[0;39m &amp#27;[2m[transferer] [       single-1]&amp#27;[0;39m &amp#27;[2m&amp#27;[0;39m&amp#27;[36mio.r2dbc.h2.client.SessionClient        &amp#27;[0;39m &amp#27;[2m:&amp#27;[0;39m Response: org.h2.result.LocalResult@31a08dce columns: 1 rows: 1 pos: -1
&amp#27;[2m2025-08-17T20:20:15.577+01:00&amp#27;[0;39m &amp#27;[32mDEBUG&amp#27;[0;39m &amp#27;[35m32373&amp#27;[0;39m &amp#27;[2m---&amp#27;[0;39m &amp#27;[2m[transferer] [       single-1]&amp#27;[0;39m &amp#27;[2m&amp#27;[0;39m&amp#27;[36mio.r2dbc.h2.client.SessionClient        &amp#27;[0;39m &amp#27;[2m:&amp#27;[0;39m Request:  CALL H2VERSION()
&amp#27;[2m2025-08-17T20:20:15.577+01:00&amp#27;[0;39m &amp#27;[32mDEBUG&amp#27;[0;39m &amp#27;[35m32373&amp#27;[0;39m &amp#27;[2m---&amp#27;[0;39m &amp#27;[2m[transferer] [       single-1]&amp#27;[0;39m &amp#27;[2m&amp#27;[0;39m&amp#27;[36mio.r2dbc.h2.client.SessionClient        &amp#27;[0;39m &amp#27;[2m:&amp#27;[0;39m Response: org.h2.result.LocalResult@4f65a8e1 columns: 1 rows: 1 pos: -1
&amp#27;[2m2025-08-17T20:20:15.577+01:00&amp#27;[0;39m &amp#27;[32mDEBUG&amp#27;[0;39m &amp#27;[35m32373&amp#27;[0;39m &amp#27;[2m---&amp#27;[0;39m &amp#27;[2m[transferer] [       single-1]&amp#27;[0;39m &amp#27;[2m&amp#27;[0;39m&amp#27;[36mio.r2dbc.h2.client.SessionClient        &amp#27;[0;39m &amp#27;[2m:&amp#27;[0;39m Request:  CALL H2VERSION()
&amp#27;[2m2025-08-17T20:20:15.577+01:00&amp#27;[0;39m &amp#27;[32mDEBUG&amp#27;[0;39m &amp#27;[35m32373&amp#27;[0;39m &amp#27;[2m---&amp#27;[0;39m &amp#27;[2m[transferer] [       single-1]&amp#27;[0;39m &amp#27;[2m&amp#27;[0;39m&amp#27;[36mio.r2dbc.h2.client.SessionClient        &amp#27;[0;39m &amp#27;[2m:&amp#27;[0;39m Response: org.h2.result.LocalResult@2a91f42f columns: 1 rows: 1 pos: -1
&amp#27;[2m2025-08-17T20:20:15.578+01:00&amp#27;[0;39m &amp#27;[32mDEBUG&amp#27;[0;39m &amp#27;[35m32373&amp#27;[0;39m &amp#27;[2m---&amp#27;[0;39m &amp#27;[2m[transferer] [       single-1]&amp#27;[0;39m &amp#27;[2m&amp#27;[0;39m&amp#27;[36mio.r2dbc.h2.client.SessionClient        &amp#27;[0;39m &amp#27;[2m:&amp#27;[0;39m Request:  CALL H2VERSION()
&amp#27;[2m2025-08-17T20:20:15.578+01:00&amp#27;[0;39m &amp#27;[32mDEBUG&amp#27;[0;39m &amp#27;[35m32373&amp#27;[0;39m &amp#27;[2m---&amp#27;[0;39m &amp#27;[2m[transferer] [       single-1]&amp#27;[0;39m &amp#27;[2m&amp#27;[0;39m&amp#27;[36mio.r2dbc.h2.client.SessionClient        &amp#27;[0;39m &amp#27;[2m:&amp#27;[0;39m Response: org.h2.result.LocalResult@288cd2d5 columns: 1 rows: 1 pos: -1
&amp#27;[2m2025-08-17T20:20:15.578+01:00&amp#27;[0;39m &amp#27;[32mDEBUG&amp#27;[0;39m &amp#27;[35m32373&amp#27;[0;39m &amp#27;[2m---&amp#27;[0;39m &amp#27;[2m[transferer] [       single-1]&amp#27;[0;39m &amp#27;[2m&amp#27;[0;39m&amp#27;[36mio.r2dbc.h2.client.SessionClient        &amp#27;[0;39m &amp#27;[2m:&amp#27;[0;39m Request:  CALL H2VERSION()
&amp#27;[2m2025-08-17T20:20:15.578+01:00&amp#27;[0;39m &amp#27;[32mDEBUG&amp#27;[0;39m &amp#27;[35m32373&amp#27;[0;39m &amp#27;[2m---&amp#27;[0;39m &amp#27;[2m[transferer] [       single-1]&amp#27;[0;39m &amp#27;[2m&amp#27;[0;39m&amp#27;[36mio.r2dbc.h2.client.SessionClient        &amp#27;[0;39m &amp#27;[2m:&amp#27;[0;39m Response: org.h2.result.LocalResult@1df7f4f7 columns: 1 rows: 1 pos: -1
&amp#27;[2m2025-08-17T20:20:15.579+01:00&amp#27;[0;39m &amp#27;[32mDEBUG&amp#27;[0;39m &amp#27;[35m32373&amp#27;[0;39m &amp#27;[2m---&amp#27;[0;39m &amp#27;[2m[transferer] [       single-1]&amp#27;[0;39m &amp#27;[2m&amp#27;[0;39m&amp#27;[36mio.r2dbc.h2.client.SessionClient        &amp#27;[0;39m &amp#27;[2m:&amp#27;[0;39m Request:  CALL H2VERSION()
&amp#27;[2m2025-08-17T20:20:15.579+01:00&amp#27;[0;39m &amp#27;[32mDEBUG&amp#27;[0;39m &amp#27;[35m32373&amp#27;[0;39m &amp#27;[2m---&amp#27;[0;39m &amp#27;[2m[transferer] [       single-1]&amp#27;[0;39m &amp#27;[2m&amp#27;[0;39m&amp#27;[36mio.r2dbc.h2.client.SessionClient        &amp#27;[0;39m &amp#27;[2m:&amp#27;[0;39m Response: org.h2.result.LocalResult@7fb77508 columns: 1 rows: 1 pos: -1
&amp#27;[2m2025-08-17T20:20:15.579+01:00&amp#27;[0;39m &amp#27;[32mDEBUG&amp#27;[0;39m &amp#27;[35m32373&amp#27;[0;39m &amp#27;[2m---&amp#27;[0;39m &amp#27;[2m[transferer] [       single-1]&amp#27;[0;39m &amp#27;[2m&amp#27;[0;39m&amp#27;[36mio.r2dbc.h2.client.SessionClient        &amp#27;[0;39m &amp#27;[2m:&amp#27;[0;39m Request:  CALL H2VERSION()
&amp#27;[2m2025-08-17T20:20:15.579+01:00&amp#27;[0;39m &amp#27;[32mDEBUG&amp#27;[0;39m &amp#27;[35m32373&amp#27;[0;39m &amp#27;[2m---&amp#27;[0;39m &amp#27;[2m[transferer] [       single-1]&amp#27;[0;39m &amp#27;[2m&amp#27;[0;39m&amp#27;[36mio.r2dbc.h2.client.SessionClient        &amp#27;[0;39m &amp#27;[2m:&amp#27;[0;39m Response: org.h2.result.LocalResult@5aa2c65d columns: 1 rows: 1 pos: -1
&amp#27;[2m2025-08-17T20:20:15.579+01:00&amp#27;[0;39m &amp#27;[32mDEBUG&amp#27;[0;39m &amp#27;[35m32373&amp#27;[0;39m &amp#27;[2m---&amp#27;[0;39m &amp#27;[2m[transferer] [       single-1]&amp#27;[0;39m &amp#27;[2m&amp#27;[0;39m&amp#27;[36mio.r2dbc.h2.client.SessionClient        &amp#27;[0;39m &amp#27;[2m:&amp#27;[0;39m Request:  CALL H2VERSION()
&amp#27;[2m2025-08-17T20:20:15.579+01:00&amp#27;[0;39m &amp#27;[32mDEBUG&amp#27;[0;39m &amp#27;[35m32373&amp#27;[0;39m &amp#27;[2m---&amp#27;[0;39m &amp#27;[2m[transferer] [       single-1]&amp#27;[0;39m &amp#27;[2m&amp#27;[0;39m&amp#27;[36mio.r2dbc.h2.client.SessionClient        &amp#27;[0;39m &amp#27;[2m:&amp#27;[0;39m Response: org.h2.result.LocalResult@1476ada6 columns: 1 rows: 1 pos: -1
&amp#27;[2m2025-08-17T20:20:15.580+01:00&amp#27;[0;39m &amp#27;[32mDEBUG&amp#27;[0;39m &amp#27;[35m32373&amp#27;[0;39m &amp#27;[2m---&amp#27;[0;39m &amp#27;[2m[transferer] [       Thread-3]&amp#27;[0;39m &amp#27;[2m&amp#27;[0;39m&amp#27;[36mio.r2dbc.h2.client.SessionClient        &amp#27;[0;39m &amp#27;[2m:&amp#27;[0;39m Request:  CREATE TABLE IF NOT EXISTS accounts ( id VARCHAR(255) PRIMARY KEY, account_number VARCHAR(20) UNIQUE NOT NULL, holder_name VARCHAR(255) NOT NULL, balance DECIMAL(19,2) NOT NULL DEFAULT 0.00, status VARCHAR(20) NOT NULL DEFAULT 'ACTIVE', created_at TIMESTAMP NOT NULL DEFAULT CURRENT_TIMESTAMP, updated_at TIMESTAMP NOT NULL DEFAULT CURRENT_TIMESTAMP )
&amp#27;[2m2025-08-17T20:20:15.581+01:00&amp#27;[0;39m &amp#27;[32mDEBUG&amp#27;[0;39m &amp#27;[35m32373&amp#27;[0;39m &amp#27;[2m---&amp#27;[0;39m &amp#27;[2m[transferer] [       Thread-3]&amp#27;[0;39m &amp#27;[2m&amp#27;[0;39m&amp#27;[36mo.s.r2dbc.connection.init.ScriptUtils   &amp#27;[0;39m &amp#27;[2m:&amp#27;[0;39m 0 returned as update count for SQL: CREATE TABLE IF NOT EXISTS accounts ( id VARCHAR(255) PRIMARY KEY, account_number VARCHAR(20) UNIQUE NOT NULL, holder_name VARCHAR(255) NOT NULL, balance DECIMAL(19,2) NOT NULL DEFAULT 0.00, status VARCHAR(20) NOT NULL DEFAULT 'ACTIVE', created_at TIMESTAMP NOT NULL DEFAULT CURRENT_TIMESTAMP, updated_at TIMESTAMP NOT NULL DEFAULT CURRENT_TIMESTAMP )
&amp#27;[2m2025-08-17T20:20:15.581+01:00&amp#27;[0;39m &amp#27;[32mDEBUG&amp#27;[0;39m &amp#27;[35m32373&amp#27;[0;39m &amp#27;[2m---&amp#27;[0;39m &amp#27;[2m[transferer] [       Thread-3]&amp#27;[0;39m &amp#27;[2m&amp#27;[0;39m&amp#27;[36mio.r2dbc.h2.client.SessionClient        &amp#27;[0;39m &amp#27;[2m:&amp#27;[0;39m Request:  CREATE INDEX IF NOT EXISTS idx_accounts_account_number ON accounts (account_number)
&amp#27;[2m2025-08-17T20:20:15.581+01:00&amp#27;[0;39m &amp#27;[32mDEBUG&amp#27;[0;39m &amp#27;[35m32373&amp#27;[0;39m &amp#27;[2m---&amp#27;[0;39m &amp#27;[2m[transferer] [       Thread-3]&amp#27;[0;39m &amp#27;[2m&amp#27;[0;39m&amp#27;[36mo.s.r2dbc.connection.init.ScriptUtils   &amp#27;[0;39m &amp#27;[2m:&amp#27;[0;39m 0 returned as update count for SQL: CREATE INDEX IF NOT EXISTS idx_accounts_account_number ON accounts (account_number)
&amp#27;[2m2025-08-17T20:20:15.582+01:00&amp#27;[0;39m &amp#27;[32mDEBUG&amp#27;[0;39m &amp#27;[35m32373&amp#27;[0;39m &amp#27;[2m---&amp#27;[0;39m &amp#27;[2m[transferer] [       Thread-3]&amp#27;[0;39m &amp#27;[2m&amp#27;[0;39m&amp#27;[36mio.r2dbc.h2.client.SessionClient        &amp#27;[0;39m &amp#27;[2m:&amp#27;[0;39m Request:  CREATE INDEX IF NOT EXISTS idx_accounts_status ON accounts (status)
&amp#27;[2m2025-08-17T20:20:15.582+01:00&amp#27;[0;39m &amp#27;[32mDEBUG&amp#27;[0;39m &amp#27;[35m32373&amp#27;[0;39m &amp#27;[2m---&amp#27;[0;39m &amp#27;[2m[transferer] [       Thread-3]&amp#27;[0;39m &amp#27;[2m&amp#27;[0;39m&amp#27;[36mo.s.r2dbc.connection.init.ScriptUtils   &amp#27;[0;39m &amp#27;[2m:&amp#27;[0;39m 0 returned as update count for SQL: CREATE INDEX IF NOT EXISTS idx_accounts_status ON accounts (status)
&amp#27;[2m2025-08-17T20:20:15.582+01:00&amp#27;[0;39m &amp#27;[32mDEBUG&amp#27;[0;39m &amp#27;[35m32373&amp#27;[0;39m &amp#27;[2m---&amp#27;[0;39m &amp#27;[2m[transferer] [       Thread-3]&amp#27;[0;39m &amp#27;[2m&amp#27;[0;39m&amp#27;[36mio.r2dbc.h2.client.SessionClient        &amp#27;[0;39m &amp#27;[2m:&amp#27;[0;39m Request:  CREATE TABLE IF NOT EXISTS transactions ( id VARCHAR(255) PRIMARY KEY, sender_account_id VARCHAR(255) NOT NULL, recipient_account_id VARCHAR(255) NOT NULL, amount DECIMAL(19,2) NOT NULL, status VARCHAR(20) NOT NULL DEFAULT 'PENDING', description TEXT, created_at TIMESTAMP NOT NULL DEFAULT CURRENT_TIMESTAMP, updated_at TIMESTAMP NOT NULL DEFAULT CURRENT_TIMESTAMP, completed_at TIMESTAMP NULL, CONSTRAINT fk_transactions_sender FOREIGN KEY (sender_account_id) REFERENCES accounts(id), CONSTRAINT fk_transactions_recipient FOREIGN KEY (recipient_account_id) REFERENCES accounts(id), CONSTRAINT chk_transactions_amount_positive CHECK (amount > 0), CONSTRAINT chk_transactions_different_accounts CHECK (sender_account_id != recipient_account_id) )
&amp#27;[2m2025-08-17T20:20:15.585+01:00&amp#27;[0;39m &amp#27;[32mDEBUG&amp#27;[0;39m &amp#27;[35m32373&amp#27;[0;39m &amp#27;[2m---&amp#27;[0;39m &amp#27;[2m[transferer] [       Thread-3]&amp#27;[0;39m &amp#27;[2m&amp#27;[0;39m&amp#27;[36mo.s.r2dbc.connection.init.ScriptUtils   &amp#27;[0;39m &amp#27;[2m:&amp#27;[0;39m 0 returned as update count for SQL: CREATE TABLE IF NOT EXISTS transactions ( id VARCHAR(255) PRIMARY KEY, sender_account_id VARCHAR(255) NOT NULL, recipient_account_id VARCHAR(255) NOT NULL, amount DECIMAL(19,2) NOT NULL, status VARCHAR(20) NOT NULL DEFAULT 'PENDING', description TEXT, created_at TIMESTAMP NOT NULL DEFAULT CURRENT_TIMESTAMP, updated_at TIMESTAMP NOT NULL DEFAULT CURRENT_TIMESTAMP, completed_at TIMESTAMP NULL, CONSTRAINT fk_transactions_sender FOREIGN KEY (sender_account_id) REFERENCES accounts(id), CONSTRAINT fk_transactions_recipient FOREIGN KEY (recipient_account_id) REFERENCES accounts(id), CONSTRAINT chk_transactions_amount_positive CHECK (amount > 0), CONSTRAINT chk_transactions_different_accounts CHECK (sender_account_id != recipient_account_id) )
&amp#27;[2m2025-08-17T20:20:15.585+01:00&amp#27;[0;39m &amp#27;[32mDEBUG&amp#27;[0;39m &amp#27;[35m32373&amp#27;[0;39m &amp#27;[2m---&amp#27;[0;39m &amp#27;[2m[transferer] [       Thread-3]&amp#27;[0;39m &amp#27;[2m&amp#27;[0;39m&amp#27;[36mio.r2dbc.h2.client.SessionClient        &amp#27;[0;39m &amp#27;[2m:&amp#27;[0;39m Request:  CREATE INDEX IF NOT EXISTS idx_transactions_sender_account_id ON transactions (sender_account_id)
&amp#27;[2m2025-08-17T20:20:15.585+01:00&amp#27;[0;39m &amp#27;[32mDEBUG&amp#27;[0;39m &amp#27;[35m32373&amp#27;[0;39m &amp#27;[2m---&amp#27;[0;39m &amp#27;[2m[transferer] [       Thread-3]&amp#27;[0;39m &amp#27;[2m&amp#27;[0;39m&amp#27;[36mo.s.r2dbc.connection.init.ScriptUtils   &amp#27;[0;39m &amp#27;[2m:&amp#27;[0;39m 0 returned as update count for SQL: CREATE INDEX IF NOT EXISTS idx_transactions_sender_account_id ON transactions (sender_account_id)
&amp#27;[2m2025-08-17T20:20:15.586+01:00&amp#27;[0;39m &amp#27;[32mDEBUG&amp#27;[0;39m &amp#27;[35m32373&amp#27;[0;39m &amp#27;[2m---&amp#27;[0;39m &amp#27;[2m[transferer] [       Thread-3]&amp#27;[0;39m &amp#27;[2m&amp#27;[0;39m&amp#27;[36mio.r2dbc.h2.client.SessionClient        &amp#27;[0;39m &amp#27;[2m:&amp#27;[0;39m Request:  CREATE INDEX IF NOT EXISTS idx_transactions_recipient_account_id ON transactions (recipient_account_id)
&amp#27;[2m2025-08-17T20:20:15.586+01:00&amp#27;[0;39m &amp#27;[32mDEBUG&amp#27;[0;39m &amp#27;[35m32373&amp#27;[0;39m &amp#27;[2m---&amp#27;[0;39m &amp#27;[2m[transferer] [       Thread-3]&amp#27;[0;39m &amp#27;[2m&amp#27;[0;39m&amp#27;[36mo.s.r2dbc.connection.init.ScriptUtils   &amp#27;[0;39m &amp#27;[2m:&amp#27;[0;39m 0 returned as update count for SQL: CREATE INDEX IF NOT EXISTS idx_transactions_recipient_account_id ON transactions (recipient_account_id)
&amp#27;[2m2025-08-17T20:20:15.586+01:00&amp#27;[0;39m &amp#27;[32mDEBUG&amp#27;[0;39m &amp#27;[35m32373&amp#27;[0;39m &amp#27;[2m---&amp#27;[0;39m &amp#27;[2m[transferer] [       Thread-3]&amp#27;[0;39m &amp#27;[2m&amp#27;[0;39m&amp#27;[36mio.r2dbc.h2.client.SessionClient        &amp#27;[0;39m &amp#27;[2m:&amp#27;[0;39m Request:  CREATE INDEX IF NOT EXISTS idx_transactions_status ON transactions (status)
&amp#27;[2m2025-08-17T20:20:15.586+01:00&amp#27;[0;39m &amp#27;[32mDEBUG&amp#27;[0;39m &amp#27;[35m32373&amp#27;[0;39m &amp#27;[2m---&amp#27;[0;39m &amp#27;[2m[transferer] [       Thread-3]&amp#27;[0;39m &amp#27;[2m&amp#27;[0;39m&amp#27;[36mo.s.r2dbc.connection.init.ScriptUtils   &amp#27;[0;39m &amp#27;[2m:&amp#27;[0;39m 0 returned as update count for SQL: CREATE INDEX IF NOT EXISTS idx_transactions_status ON transactions (status)
&amp#27;[2m2025-08-17T20:20:15.586+01:00&amp#27;[0;39m &amp#27;[32mDEBUG&amp#27;[0;39m &amp#27;[35m32373&amp#27;[0;39m &amp#27;[2m---&amp#27;[0;39m &amp#27;[2m[transferer] [       Thread-3]&amp#27;[0;39m &amp#27;[2m&amp#27;[0;39m&amp#27;[36mio.r2dbc.h2.client.SessionClient        &amp#27;[0;39m &amp#27;[2m:&amp#27;[0;39m Request:  CREATE INDEX IF NOT EXISTS idx_transactions_created_at ON transactions (created_at)
&amp#27;[2m2025-08-17T20:20:15.586+01:00&amp#27;[0;39m &amp#27;[32mDEBUG&amp#27;[0;39m &amp#27;[35m32373&amp#27;[0;39m &amp#27;[2m---&amp#27;[0;39m &amp#27;[2m[transferer] [       Thread-3]&amp#27;[0;39m &amp#27;[2m&amp#27;[0;39m&amp#27;[36mo.s.r2dbc.connection.init.ScriptUtils   &amp#27;[0;39m &amp#27;[2m:&amp#27;[0;39m 0 returned as update count for SQL: CREATE INDEX IF NOT EXISTS idx_transactions_created_at ON transactions (created_at)
&amp#27;[2m2025-08-17T20:20:15.587+01:00&amp#27;[0;39m &amp#27;[32mDEBUG&amp#27;[0;39m &amp#27;[35m32373&amp#27;[0;39m &amp#27;[2m---&amp#27;[0;39m &amp#27;[2m[transferer] [       Thread-3]&amp#27;[0;39m &amp#27;[2m&amp#27;[0;39m&amp#27;[36mio.r2dbc.h2.client.SessionClient        &amp#27;[0;39m &amp#27;[2m:&amp#27;[0;39m Request:  CREATE TABLE IF NOT EXISTS payments ( id VARCHAR(255) PRIMARY KEY, transaction_id VARCHAR(255), sender_account_id VARCHAR(255) NOT NULL, recipient_account_id VARCHAR(255) NOT NULL, amount DECIMAL(19,2) NOT NULL, description TEXT, status VARCHAR(20) NOT NULL DEFAULT 'PENDING', current_step VARCHAR(50) NOT NULL DEFAULT 'INITIATED', failure_reason TEXT, created_at TIMESTAMP NOT NULL DEFAULT CURRENT_TIMESTAMP, updated_at TIMESTAMP NOT NULL DEFAULT CURRENT_TIMESTAMP, completed_at TIMESTAMP NULL, CONSTRAINT fk_payments_transaction FOREIGN KEY (transaction_id) REFERENCES transactions(id), CONSTRAINT fk_payments_sender FOREIGN KEY (sender_account_id) REFERENCES accounts(id), CONSTRAINT fk_payments_recipient FOREIGN KEY (recipient_account_id) REFERENCES accounts(id), CONSTRAINT chk_payments_amount_positive CHECK (amount > 0), CONSTRAINT chk_payments_different_accounts CHECK (sender_account_id != recipient_account_id) )
&amp#27;[2m2025-08-17T20:20:15.589+01:00&amp#27;[0;39m &amp#27;[32mDEBUG&amp#27;[0;39m &amp#27;[35m32373&amp#27;[0;39m &amp#27;[2m---&amp#27;[0;39m &amp#27;[2m[transferer] [       Thread-3]&amp#27;[0;39m &amp#27;[2m&amp#27;[0;39m&amp#27;[36mo.s.r2dbc.connection.init.ScriptUtils   &amp#27;[0;39m &amp#27;[2m:&amp#27;[0;39m 0 returned as update count for SQL: CREATE TABLE IF NOT EXISTS payments ( id VARCHAR(255) PRIMARY KEY, transaction_id VARCHAR(255), sender_account_id VARCHAR(255) NOT NULL, recipient_account_id VARCHAR(255) NOT NULL, amount DECIMAL(19,2) NOT NULL, description TEXT, status VARCHAR(20) NOT NULL DEFAULT 'PENDING', current_step VARCHAR(50) NOT NULL DEFAULT 'INITIATED', failure_reason TEXT, created_at TIMESTAMP NOT NULL DEFAULT CURRENT_TIMESTAMP, updated_at TIMESTAMP NOT NULL DEFAULT CURRENT_TIMESTAMP, completed_at TIMESTAMP NULL, CONSTRAINT fk_payments_transaction FOREIGN KEY (transaction_id) REFERENCES transactions(id), CONSTRAINT fk_payments_sender FOREIGN KEY (sender_account_id) REFERENCES accounts(id), CONSTRAINT fk_payments_recipient FOREIGN KEY (recipient_account_id) REFERENCES accounts(id), CONSTRAINT chk_payments_amount_positive CHECK (amount > 0), CONSTRAINT chk_payments_different_accounts CHECK (sender_account_id != recipient_account_id) )
&amp#27;[2m2025-08-17T20:20:15.589+01:00&amp#27;[0;39m &amp#27;[32mDEBUG&amp#27;[0;39m &amp#27;[35m32373&amp#27;[0;39m &amp#27;[2m---&amp#27;[0;39m &amp#27;[2m[transferer] [       Thread-3]&amp#27;[0;39m &amp#27;[2m&amp#27;[0;39m&amp#27;[36mio.r2dbc.h2.client.SessionClient        &amp#27;[0;39m &amp#27;[2m:&amp#27;[0;39m Request:  CREATE INDEX IF NOT EXISTS idx_payments_transaction_id ON payments (transaction_id)
&amp#27;[2m2025-08-17T20:20:15.590+01:00&amp#27;[0;39m &amp#27;[32mDEBUG&amp#27;[0;39m &amp#27;[35m32373&amp#27;[0;39m &amp#27;[2m---&amp#27;[0;39m &amp#27;[2m[transferer] [       Thread-3]&amp#27;[0;39m &amp#27;[2m&amp#27;[0;39m&amp#27;[36mo.s.r2dbc.connection.init.ScriptUtils   &amp#27;[0;39m &amp#27;[2m:&amp#27;[0;39m 0 returned as update count for SQL: CREATE INDEX IF NOT EXISTS idx_payments_transaction_id ON payments (transaction_id)
&amp#27;[2m2025-08-17T20:20:15.590+01:00&amp#27;[0;39m &amp#27;[32mDEBUG&amp#27;[0;39m &amp#27;[35m32373&amp#27;[0;39m &amp#27;[2m---&amp#27;[0;39m &amp#27;[2m[transferer] [       Thread-3]&amp#27;[0;39m &amp#27;[2m&amp#27;[0;39m&amp#27;[36mio.r2dbc.h2.client.SessionClient        &amp#27;[0;39m &amp#27;[2m:&amp#27;[0;39m Request:  CREATE INDEX IF NOT EXISTS idx_payments_sender_account_id ON payments (sender_account_id)
&amp#27;[2m2025-08-17T20:20:15.590+01:00&amp#27;[0;39m &amp#27;[32mDEBUG&amp#27;[0;39m &amp#27;[35m32373&amp#27;[0;39m &amp#27;[2m---&amp#27;[0;39m &amp#27;[2m[transferer] [       Thread-3]&amp#27;[0;39m &amp#27;[2m&amp#27;[0;39m&amp#27;[36mo.s.r2dbc.connection.init.ScriptUtils   &amp#27;[0;39m &amp#27;[2m:&amp#27;[0;39m 0 returned as update count for SQL: CREATE INDEX IF NOT EXISTS idx_payments_sender_account_id ON payments (sender_account_id)
&amp#27;[2m2025-08-17T20:20:15.590+01:00&amp#27;[0;39m &amp#27;[32mDEBUG&amp#27;[0;39m &amp#27;[35m32373&amp#27;[0;39m &amp#27;[2m---&amp#27;[0;39m &amp#27;[2m[transferer] [       Thread-3]&amp#27;[0;39m &amp#27;[2m&amp#27;[0;39m&amp#27;[36mio.r2dbc.h2.client.SessionClient        &amp#27;[0;39m &amp#27;[2m:&amp#27;[0;39m Request:  CREATE INDEX IF NOT EXISTS idx_payments_recipient_account_id ON payments (recipient_account_id)
&amp#27;[2m2025-08-17T20:20:15.590+01:00&amp#27;[0;39m &amp#27;[32mDEBUG&amp#27;[0;39m &amp#27;[35m32373&amp#27;[0;39m &amp#27;[2m---&amp#27;[0;39m &amp#27;[2m[transferer] [       Thread-3]&amp#27;[0;39m &amp#27;[2m&amp#27;[0;39m&amp#27;[36mo.s.r2dbc.connection.init.ScriptUtils   &amp#27;[0;39m &amp#27;[2m:&amp#27;[0;39m 0 returned as update count for SQL: CREATE INDEX IF NOT EXISTS idx_payments_recipient_account_id ON payments (recipient_account_id)
&amp#27;[2m2025-08-17T20:20:15.590+01:00&amp#27;[0;39m &amp#27;[32mDEBUG&amp#27;[0;39m &amp#27;[35m32373&amp#27;[0;39m &amp#27;[2m---&amp#27;[0;39m &amp#27;[2m[transferer] [       Thread-3]&amp#27;[0;39m &amp#27;[2m&amp#27;[0;39m&amp#27;[36mio.r2dbc.h2.client.SessionClient        &amp#27;[0;39m &amp#27;[2m:&amp#27;[0;39m Request:  CREATE INDEX IF NOT EXISTS idx_payments_status ON payments (status)
&amp#27;[2m2025-08-17T20:20:15.591+01:00&amp#27;[0;39m &amp#27;[32mDEBUG&amp#27;[0;39m &amp#27;[35m32373&amp#27;[0;39m &amp#27;[2m---&amp#27;[0;39m &amp#27;[2m[transferer] [       Thread-3]&amp#27;[0;39m &amp#27;[2m&amp#27;[0;39m&amp#27;[36mo.s.r2dbc.connection.init.ScriptUtils   &amp#27;[0;39m &amp#27;[2m:&amp#27;[0;39m 0 returned as update count for SQL: CREATE INDEX IF NOT EXISTS idx_payments_status ON payments (status)
&amp#27;[2m2025-08-17T20:20:15.591+01:00&amp#27;[0;39m &amp#27;[32mDEBUG&amp#27;[0;39m &amp#27;[35m32373&amp#27;[0;39m &amp#27;[2m---&amp#27;[0;39m &amp#27;[2m[transferer] [       Thread-3]&amp#27;[0;39m &amp#27;[2m&amp#27;[0;39m&amp#27;[36mio.r2dbc.h2.client.SessionClient        &amp#27;[0;39m &amp#27;[2m:&amp#27;[0;39m Request:  CREATE INDEX IF NOT EXISTS idx_payments_current_step ON payments (current_step)
&amp#27;[2m2025-08-17T20:20:15.591+01:00&amp#27;[0;39m &amp#27;[32mDEBUG&amp#27;[0;39m &amp#27;[35m32373&amp#27;[0;39m &amp#27;[2m---&amp#27;[0;39m &amp#27;[2m[transferer] [       Thread-3]&amp#27;[0;39m &amp#27;[2m&amp#27;[0;39m&amp#27;[36mo.s.r2dbc.connection.init.ScriptUtils   &amp#27;[0;39m &amp#27;[2m:&amp#27;[0;39m 0 returned as update count for SQL: CREATE INDEX IF NOT EXISTS idx_payments_current_step ON payments (current_step)
&amp#27;[2m2025-08-17T20:20:15.591+01:00&amp#27;[0;39m &amp#27;[32mDEBUG&amp#27;[0;39m &amp#27;[35m32373&amp#27;[0;39m &amp#27;[2m---&amp#27;[0;39m &amp#27;[2m[transferer] [       Thread-3]&amp#27;[0;39m &amp#27;[2m&amp#27;[0;39m&amp#27;[36mio.r2dbc.h2.client.SessionClient        &amp#27;[0;39m &amp#27;[2m:&amp#27;[0;39m Request:  CREATE INDEX IF NOT EXISTS idx_payments_created_at ON payments (created_at)
&amp#27;[2m2025-08-17T20:20:15.591+01:00&amp#27;[0;39m &amp#27;[32mDEBUG&amp#27;[0;39m &amp#27;[35m32373&amp#27;[0;39m &amp#27;[2m---&amp#27;[0;39m &amp#27;[2m[transferer] [       Thread-3]&amp#27;[0;39m &amp#27;[2m&amp#27;[0;39m&amp#27;[36mo.s.r2dbc.connection.init.ScriptUtils   &amp#27;[0;39m &amp#27;[2m:&amp#27;[0;39m 0 returned as update count for SQL: CREATE INDEX IF NOT EXISTS idx_payments_created_at ON payments (created_at)
&amp#27;[2m2025-08-17T20:20:15.592+01:00&amp#27;[0;39m &amp#27;[32mDEBUG&amp#27;[0;39m &amp#27;[35m32373&amp#27;[0;39m &amp#27;[2m---&amp#27;[0;39m &amp#27;[2m[transferer] [       Thread-3]&amp#27;[0;39m &amp#27;[2m&amp#27;[0;39m&amp#27;[36mio.r2dbc.h2.client.SessionClient        &amp#27;[0;39m &amp#27;[2m:&amp#27;[0;39m Request:  CREATE TABLE IF NOT EXISTS outbox_events ( id BIGINT AUTO_INCREMENT PRIMARY KEY, event_id VARCHAR(255) UNIQUE NOT NULL, event_type VARCHAR(255) NOT NULL, aggregate_id VARCHAR(255) NOT NULL, event_data CLOB NOT NULL, occurred_at TIMESTAMP NOT NULL, processed_at TIMESTAMP NULL, created_at TIMESTAMP NOT NULL DEFAULT CURRENT_TIMESTAMP )
&amp#27;[2m2025-08-17T20:20:15.593+01:00&amp#27;[0;39m &amp#27;[32mDEBUG&amp#27;[0;39m &amp#27;[35m32373&amp#27;[0;39m &amp#27;[2m---&amp#27;[0;39m &amp#27;[2m[transferer] [       Thread-3]&amp#27;[0;39m &amp#27;[2m&amp#27;[0;39m&amp#27;[36mo.s.r2dbc.connection.init.ScriptUtils   &amp#27;[0;39m &amp#27;[2m:&amp#27;[0;39m 0 returned as update count for SQL: CREATE TABLE IF NOT EXISTS outbox_events ( id BIGINT AUTO_INCREMENT PRIMARY KEY, event_id VARCHAR(255) UNIQUE NOT NULL, event_type VARCHAR(255) NOT NULL, aggregate_id VARCHAR(255) NOT NULL, event_data CLOB NOT NULL, occurred_at TIMESTAMP NOT NULL, processed_at TIMESTAMP NULL, created_at TIMESTAMP NOT NULL DEFAULT CURRENT_TIMESTAMP )
&amp#27;[2m2025-08-17T20:20:15.593+01:00&amp#27;[0;39m &amp#27;[32mDEBUG&amp#27;[0;39m &amp#27;[35m32373&amp#27;[0;39m &amp#27;[2m---&amp#27;[0;39m &amp#27;[2m[transferer] [       Thread-3]&amp#27;[0;39m &amp#27;[2m&amp#27;[0;39m&amp#27;[36mio.r2dbc.h2.client.SessionClient        &amp#27;[0;39m &amp#27;[2m:&amp#27;[0;39m Request:  CREATE INDEX IF NOT EXISTS idx_outbox_events_processed_at ON outbox_events (processed_at)
&amp#27;[2m2025-08-17T20:20:15.593+01:00&amp#27;[0;39m &amp#27;[32mDEBUG&amp#27;[0;39m &amp#27;[35m32373&amp#27;[0;39m &amp#27;[2m---&amp#27;[0;39m &amp#27;[2m[transferer] [       Thread-3]&amp#27;[0;39m &amp#27;[2m&amp#27;[0;39m&amp#27;[36mo.s.r2dbc.connection.init.ScriptUtils   &amp#27;[0;39m &amp#27;[2m:&amp#27;[0;39m 0 returned as update count for SQL: CREATE INDEX IF NOT EXISTS idx_outbox_events_processed_at ON outbox_events (processed_at)
&amp#27;[2m2025-08-17T20:20:15.593+01:00&amp#27;[0;39m &amp#27;[32mDEBUG&amp#27;[0;39m &amp#27;[35m32373&amp#27;[0;39m &amp#27;[2m---&amp#27;[0;39m &amp#27;[2m[transferer] [       Thread-3]&amp#27;[0;39m &amp#27;[2m&amp#27;[0;39m&amp#27;[36mio.r2dbc.h2.client.SessionClient        &amp#27;[0;39m &amp#27;[2m:&amp#27;[0;39m Request:  CREATE INDEX IF NOT EXISTS idx_outbox_events_event_type ON outbox_events (event_type)
&amp#27;[2m2025-08-17T20:20:15.594+01:00&amp#27;[0;39m &amp#27;[32mDEBUG&amp#27;[0;39m &amp#27;[35m32373&amp#27;[0;39m &amp#27;[2m---&amp#27;[0;39m &amp#27;[2m[transferer] [       Thread-3]&amp#27;[0;39m &amp#27;[2m&amp#27;[0;39m&amp#27;[36mo.s.r2dbc.connection.init.ScriptUtils   &amp#27;[0;39m &amp#27;[2m:&amp#27;[0;39m 0 returned as update count for SQL: CREATE INDEX IF NOT EXISTS idx_outbox_events_event_type ON outbox_events (event_type)
&amp#27;[2m2025-08-17T20:20:15.594+01:00&amp#27;[0;39m &amp#27;[32mDEBUG&amp#27;[0;39m &amp#27;[35m32373&amp#27;[0;39m &amp#27;[2m---&amp#27;[0;39m &amp#27;[2m[transferer] [       Thread-3]&amp#27;[0;39m &amp#27;[2m&amp#27;[0;39m&amp#27;[36mio.r2dbc.h2.client.SessionClient        &amp#27;[0;39m &amp#27;[2m:&amp#27;[0;39m Request:  CREATE INDEX IF NOT EXISTS idx_outbox_events_occurred_at ON outbox_events (occurred_at)
&amp#27;[2m2025-08-17T20:20:15.594+01:00&amp#27;[0;39m &amp#27;[32mDEBUG&amp#27;[0;39m &amp#27;[35m32373&amp#27;[0;39m &amp#27;[2m---&amp#27;[0;39m &amp#27;[2m[transferer] [       Thread-3]&amp#27;[0;39m &amp#27;[2m&amp#27;[0;39m&amp#27;[36mo.s.r2dbc.connection.init.ScriptUtils   &amp#27;[0;39m &amp#27;[2m:&amp#27;[0;39m 0 returned as update count for SQL: CREATE INDEX IF NOT EXISTS idx_outbox_events_occurred_at ON outbox_events (occurred_at)
&amp#27;[2m2025-08-17T20:20:15.595+01:00&amp#27;[0;39m &amp#27;[32mDEBUG&amp#27;[0;39m &amp#27;[35m32373&amp#27;[0;39m &amp#27;[2m---&amp#27;[0;39m &amp#27;[2m[transferer] [       Thread-3]&amp#27;[0;39m &amp#27;[2m&amp#27;[0;39m&amp#27;[36mo.s.r2dbc.connection.init.ScriptUtils   &amp#27;[0;39m &amp#27;[2m:&amp#27;[0;39m Executed SQL script from class path resource [test-schema.sql] in 28 ms.
&amp#27;[2m2025-08-17T20:20:15.596+01:00&amp#27;[0;39m &amp#27;[32mDEBUG&amp#27;[0;39m &amp#27;[35m32373&amp#27;[0;39m &amp#27;[2m---&amp#27;[0;39m &amp#27;[2m[transferer] [       Thread-3]&amp#27;[0;39m &amp#27;[2m&amp#27;[0;39m&amp#27;[36mio.r2dbc.h2.client.SessionClient        &amp#27;[0;39m &amp#27;[2m:&amp#27;[0;39m Request:  SELECT CURRENT_TIMESTAMP
&amp#27;[2m2025-08-17T20:20:15.596+01:00&amp#27;[0;39m &amp#27;[32mDEBUG&amp#27;[0;39m &amp#27;[35m32373&amp#27;[0;39m &amp#27;[2m---&amp#27;[0;39m &amp#27;[2m[transferer] [       Thread-3]&amp#27;[0;39m &amp#27;[2m&amp#27;[0;39m&amp#27;[36mio.r2dbc.h2.client.SessionClient        &amp#27;[0;39m &amp#27;[2m:&amp#27;[0;39m Response: org.h2.result.LocalResult@7678157a columns: 1 rows: 1 pos: -1
&amp#27;[2m2025-08-17T20:20:15.602+01:00&amp#27;[0;39m &amp#27;[32m INFO&amp#27;[0;39m &amp#27;[35m32373&amp#27;[0;39m &amp#27;[2m---&amp#27;[0;39m &amp#27;[2m[transferer] [           main]&amp#27;[0;39m &amp#27;[2m&amp#27;[0;39m&amp#27;[36mc.t.payment.PaymentSagaIntegrationTest  &amp#27;[0;39m &amp#27;[2m:&amp#27;[0;39m Started PaymentSagaIntegrationTest in 0.666 seconds (process running for 0.994)

  .   ____          _            __ _ _
 /\\ / ___'_ __ _ _(_)_ __  __ _ \ \ \ \
( ( )\___ | '_ | '_| | '_ \/ _` | \ \ \ \
 \\/  ___)| |_)| | | | | || (_| |  ) ) ) )
  '  |____| .__|_| |_|_| |_\__, | / / / /
 =========|_|==============|___/=/_/_/_/
&amp#27;[32m :: Spring Boot :: &amp#27;[39m              &amp#27;[2m (v3.2.0)&amp#27;[0;39m

&amp#27;[2m2025-08-17T20:20:15.622+01:00&amp#27;[0;39m &amp#27;[32m INFO&amp#27;[0;39m &amp#27;[35m32373&amp#27;[0;39m &amp#27;[2m---&amp#27;[0;39m &amp#27;[2m[transferer] [           main]&amp#27;[0;39m &amp#27;[2m&amp#27;[0;39m&amp#27;[36mc.t.payment.PaymentSagaIntegrationTest  &amp#27;[0;39m &amp#27;[2m:&amp#27;[0;39m Starting PaymentSagaIntegrationTest using Java 24.0.2 with PID 32373 (started by bendrawer in /Users/bendrawer/transferer)
&amp#27;[2m2025-08-17T20:20:15.622+01:00&amp#27;[0;39m &amp#27;[32mDEBUG&amp#27;[0;39m &amp#27;[35m32373&amp#27;[0;39m &amp#27;[2m---&amp#27;[0;39m &amp#27;[2m[transferer] [           main]&amp#27;[0;39m &amp#27;[2m&amp#27;[0;39m&amp#27;[36mc.t.payment.PaymentSagaIntegrationTest  &amp#27;[0;39m &amp#27;[2m:&amp#27;[0;39m Running with Spring Boot v3.2.0, Spring v6.1.1
&amp#27;[2m2025-08-17T20:20:15.622+01:00&amp#27;[0;39m &amp#27;[32m INFO&amp#27;[0;39m &amp#27;[35m32373&amp#27;[0;39m &amp#27;[2m---&amp#27;[0;39m &amp#27;[2m[transferer] [           main]&amp#27;[0;39m &amp#27;[2m&amp#27;[0;39m&amp#27;[36mc.t.payment.PaymentSagaIntegrationTest  &amp#27;[0;39m &amp#27;[2m:&amp#27;[0;39m The following 1 profile is active: "test"
&amp#27;[2m2025-08-17T20:20:15.651+01:00&amp#27;[0;39m &amp#27;[32m INFO&amp#27;[0;39m &amp#27;[35m32373&amp#27;[0;39m &amp#27;[2m---&amp#27;[0;39m &amp#27;[2m[transferer] [           main]&amp#27;[0;39m &amp#27;[2m&amp#27;[0;39m&amp#27;[36m.s.d.r.c.RepositoryConfigurationDelegate&amp#27;[0;39m &amp#27;[2m:&amp#27;[0;39m Bootstrapping Spring Data R2DBC repositories in DEFAULT mode.
&amp#27;[2m2025-08-17T20:20:15.657+01:00&amp#27;[0;39m &amp#27;[32m INFO&amp#27;[0;39m &amp#27;[35m32373&amp#27;[0;39m &amp#27;[2m---&amp#27;[0;39m &amp#27;[2m[transferer] [           main]&amp#27;[0;39m &amp#27;[2m&amp#27;[0;39m&amp#27;[36m.s.d.r.c.RepositoryConfigurationDelegate&amp#27;[0;39m &amp#27;[2m:&amp#27;[0;39m Finished Spring Data repository scanning in 5 ms. Found 4 R2DBC repository interfaces.
&amp#27;[2m2025-08-17T20:20:15.696+01:00&amp#27;[0;39m &amp#27;[32mDEBUG&amp#27;[0;39m &amp#27;[35m32373&amp#27;[0;39m &amp#27;[2m---&amp#27;[0;39m &amp#27;[2m[transferer] [           main]&amp#27;[0;39m &amp#27;[2m&amp#27;[0;39m&amp#27;[36mc.t.shared.outbox.OutboxEventBus        &amp#27;[0;39m &amp#27;[2m:&amp#27;[0;39m Subscribed handler to event class: PaymentStepAdvancedEvent
&amp#27;[2m2025-08-17T20:20:15.696+01:00&amp#27;[0;39m &amp#27;[32mDEBUG&amp#27;[0;39m &amp#27;[35m32373&amp#27;[0;39m &amp#27;[2m---&amp#27;[0;39m &amp#27;[2m[transferer] [           main]&amp#27;[0;39m &amp#27;[2m&amp#27;[0;39m&amp#27;[36mc.t.shared.outbox.OutboxEventBus        &amp#27;[0;39m &amp#27;[2m:&amp#27;[0;39m Subscribed handler to event class: TransactionCreatedEvent
&amp#27;[2m2025-08-17T20:20:15.696+01:00&amp#27;[0;39m &amp#27;[32mDEBUG&amp#27;[0;39m &amp#27;[35m32373&amp#27;[0;39m &amp#27;[2m---&amp#27;[0;39m &amp#27;[2m[transferer] [           main]&amp#27;[0;39m &amp#27;[2m&amp#27;[0;39m&amp#27;[36mc.t.shared.outbox.OutboxEventBus        &amp#27;[0;39m &amp#27;[2m:&amp#27;[0;39m Subscribed handler to event class: AccountDebitedEvent
&amp#27;[2m2025-08-17T20:20:15.696+01:00&amp#27;[0;39m &amp#27;[32mDEBUG&amp#27;[0;39m &amp#27;[35m32373&amp#27;[0;39m &amp#27;[2m---&amp#27;[0;39m &amp#27;[2m[transferer] [           main]&amp#27;[0;39m &amp#27;[2m&amp#27;[0;39m&amp#27;[36mc.t.shared.outbox.OutboxEventBus        &amp#27;[0;39m &amp#27;[2m:&amp#27;[0;39m Subscribed handler to event class: AccountCreditedEvent
&amp#27;[2m2025-08-17T20:20:15.696+01:00&amp#27;[0;39m &amp#27;[32mDEBUG&amp#27;[0;39m &amp#27;[35m32373&amp#27;[0;39m &amp#27;[2m---&amp#27;[0;39m &amp#27;[2m[transferer] [           main]&amp#27;[0;39m &amp#27;[2m&amp#27;[0;39m&amp#27;[36mc.t.shared.outbox.OutboxEventBus        &amp#27;[0;39m &amp#27;[2m:&amp#27;[0;39m Subscribed handler to event class: TransactionCompletedEvent
&amp#27;[2m2025-08-17T20:20:15.696+01:00&amp#27;[0;39m &amp#27;[32mDEBUG&amp#27;[0;39m &amp#27;[35m32373&amp#27;[0;39m &amp#27;[2m---&amp#27;[0;39m &amp#27;[2m[transferer] [           main]&amp#27;[0;39m &amp#27;[2m&amp#27;[0;39m&amp#27;[36mc.t.shared.outbox.OutboxEventBus        &amp#27;[0;39m &amp#27;[2m:&amp#27;[0;39m Subscribed handler to event class: PaymentFailedEvent
&amp#27;[2m2025-08-17T20:20:15.699+01:00&amp#27;[0;39m &amp#27;[32mDEBUG&amp#27;[0;39m &amp#27;[35m32373&amp#27;[0;39m &amp#27;[2m---&amp#27;[0;39m &amp#27;[2m[transferer] [       single-1]&amp#27;[0;39m &amp#27;[2m&amp#27;[0;39m&amp#27;[36mio.r2dbc.h2.client.SessionClient        &amp#27;[0;39m &amp#27;[2m:&amp#27;[0;39m Request:  CALL H2VERSION()
&amp#27;[2m2025-08-17T20:20:15.699+01:00&amp#27;[0;39m &amp#27;[32mDEBUG&amp#27;[0;39m &amp#27;[35m32373&amp#27;[0;39m &amp#27;[2m---&amp#27;[0;39m &amp#27;[2m[transferer] [       single-1]&amp#27;[0;39m &amp#27;[2m&amp#27;[0;39m&amp#27;[36mio.r2dbc.h2.client.SessionClient        &amp#27;[0;39m &amp#27;[2m:&amp#27;[0;39m Response: org.h2.result.LocalResult@3684a393 columns: 1 rows: 1 pos: -1
&amp#27;[2m2025-08-17T20:20:15.700+01:00&amp#27;[0;39m &amp#27;[32mDEBUG&amp#27;[0;39m &amp#27;[35m32373&amp#27;[0;39m &amp#27;[2m---&amp#27;[0;39m &amp#27;[2m[transferer] [       single-1]&amp#27;[0;39m &amp#27;[2m&amp#27;[0;39m&amp#27;[36mio.r2dbc.h2.client.SessionClient        &amp#27;[0;39m &amp#27;[2m:&amp#27;[0;39m Request:  SELECT 1
&amp#27;[2m2025-08-17T20:20:15.700+01:00&amp#27;[0;39m &amp#27;[32mDEBUG&amp#27;[0;39m &amp#27;[35m32373&amp#27;[0;39m &amp#27;[2m---&amp#27;[0;39m &amp#27;[2m[transferer] [       single-1]&amp#27;[0;39m &amp#27;[2m&amp#27;[0;39m&amp#27;[36mio.r2dbc.h2.client.SessionClient        &amp#27;[0;39m &amp#27;[2m:&amp#27;[0;39m Response: org.h2.result.LocalResult@3e832f46 columns: 1 rows: 1 pos: -1
&amp#27;[2m2025-08-17T20:20:15.700+01:00&amp#27;[0;39m &amp#27;[32mDEBUG&amp#27;[0;39m &amp#27;[35m32373&amp#27;[0;39m &amp#27;[2m---&amp#27;[0;39m &amp#27;[2m[transferer] [       single-1]&amp#27;[0;39m &amp#27;[2m&amp#27;[0;39m&amp#27;[36mo.s.r2dbc.connection.init.ScriptUtils   &amp#27;[0;39m &amp#27;[2m:&amp#27;[0;39m Executing SQL script from class path resource [test-schema.sql]
&amp#27;[2m2025-08-17T20:20:15.700+01:00&amp#27;[0;39m &amp#27;[32mDEBUG&amp#27;[0;39m &amp#27;[35m32373&amp#27;[0;39m &amp#27;[2m---&amp#27;[0;39m &amp#27;[2m[transferer] [       single-1]&amp#27;[0;39m &amp#27;[2m&amp#27;[0;39m&amp#27;[36mio.r2dbc.h2.client.SessionClient        &amp#27;[0;39m &amp#27;[2m:&amp#27;[0;39m Request:  CALL H2VERSION()
&amp#27;[2m2025-08-17T20:20:15.700+01:00&amp#27;[0;39m &amp#27;[32mDEBUG&amp#27;[0;39m &amp#27;[35m32373&amp#27;[0;39m &amp#27;[2m---&amp#27;[0;39m &amp#27;[2m[transferer] [       single-1]&amp#27;[0;39m &amp#27;[2m&amp#27;[0;39m&amp#27;[36mio.r2dbc.h2.client.SessionClient        &amp#27;[0;39m &amp#27;[2m:&amp#27;[0;39m Response: org.h2.result.LocalResult@1fb9bead columns: 1 rows: 1 pos: -1
&amp#27;[2m2025-08-17T20:20:15.701+01:00&amp#27;[0;39m &amp#27;[32mDEBUG&amp#27;[0;39m &amp#27;[35m32373&amp#27;[0;39m &amp#27;[2m---&amp#27;[0;39m &amp#27;[2m[transferer] [       single-1]&amp#27;[0;39m &amp#27;[2m&amp#27;[0;39m&amp#27;[36mio.r2dbc.h2.client.SessionClient        &amp#27;[0;39m &amp#27;[2m:&amp#27;[0;39m Request:  CALL H2VERSION()
&amp#27;[2m2025-08-17T20:20:15.701+01:00&amp#27;[0;39m &amp#27;[32mDEBUG&amp#27;[0;39m &amp#27;[35m32373&amp#27;[0;39m &amp#27;[2m---&amp#27;[0;39m &amp#27;[2m[transferer] [       single-1]&amp#27;[0;39m &amp#27;[2m&amp#27;[0;39m&amp#27;[36mio.r2dbc.h2.client.SessionClient        &amp#27;[0;39m &amp#27;[2m:&amp#27;[0;39m Response: org.h2.result.LocalResult@c320ef2 columns: 1 rows: 1 pos: -1
&amp#27;[2m2025-08-17T20:20:15.701+01:00&amp#27;[0;39m &amp#27;[32mDEBUG&amp#27;[0;39m &amp#27;[35m32373&amp#27;[0;39m &amp#27;[2m---&amp#27;[0;39m &amp#27;[2m[transferer] [       Thread-2]&amp#27;[0;39m &amp#27;[2m&amp#27;[0;39m&amp#27;[36mio.r2dbc.h2.client.SessionClient        &amp#27;[0;39m &amp#27;[2m:&amp#27;[0;39m Request:  CREATE TABLE IF NOT EXISTS accounts ( id VARCHAR(255) PRIMARY KEY, account_number VARCHAR(20) UNIQUE NOT NULL, holder_name VARCHAR(255) NOT NULL, balance DECIMAL(19,2) NOT NULL DEFAULT 0.00, status VARCHAR(20) NOT NULL DEFAULT 'ACTIVE', created_at TIMESTAMP NOT NULL DEFAULT CURRENT_TIMESTAMP, updated_at TIMESTAMP NOT NULL DEFAULT CURRENT_TIMESTAMP )
&amp#27;[2m2025-08-17T20:20:15.701+01:00&amp#27;[0;39m &amp#27;[32mDEBUG&amp#27;[0;39m &amp#27;[35m32373&amp#27;[0;39m &amp#27;[2m---&amp#27;[0;39m &amp#27;[2m[transferer] [       single-1]&amp#27;[0;39m &amp#27;[2m&amp#27;[0;39m&amp#27;[36mio.r2dbc.h2.client.SessionClient        &amp#27;[0;39m &amp#27;[2m:&amp#27;[0;39m Request:  CALL H2VERSION()
&amp#27;[2m2025-08-17T20:20:15.701+01:00&amp#27;[0;39m &amp#27;[32mDEBUG&amp#27;[0;39m &amp#27;[35m32373&amp#27;[0;39m &amp#27;[2m---&amp#27;[0;39m &amp#27;[2m[transferer] [       single-1]&amp#27;[0;39m &amp#27;[2m&amp#27;[0;39m&amp#27;[36mio.r2dbc.h2.client.SessionClient        &amp#27;[0;39m &amp#27;[2m:&amp#27;[0;39m Response: org.h2.result.LocalResult@2184475 columns: 1 rows: 1 pos: -1
&amp#27;[2m2025-08-17T20:20:15.701+01:00&amp#27;[0;39m &amp#27;[32mDEBUG&amp#27;[0;39m &amp#27;[35m32373&amp#27;[0;39m &amp#27;[2m---&amp#27;[0;39m &amp#27;[2m[transferer] [       Thread-2]&amp#27;[0;39m &amp#27;[2m&amp#27;[0;39m&amp#27;[36mo.s.r2dbc.connection.init.ScriptUtils   &amp#27;[0;39m &amp#27;[2m:&amp#27;[0;39m 0 returned as update count for SQL: CREATE TABLE IF NOT EXISTS accounts ( id VARCHAR(255) PRIMARY KEY, account_number VARCHAR(20) UNIQUE NOT NULL, holder_name VARCHAR(255) NOT NULL, balance DECIMAL(19,2) NOT NULL DEFAULT 0.00, status VARCHAR(20) NOT NULL DEFAULT 'ACTIVE', created_at TIMESTAMP NOT NULL DEFAULT CURRENT_TIMESTAMP, updated_at TIMESTAMP NOT NULL DEFAULT CURRENT_TIMESTAMP )
&amp#27;[2m2025-08-17T20:20:15.701+01:00&amp#27;[0;39m &amp#27;[32mDEBUG&amp#27;[0;39m &amp#27;[35m32373&amp#27;[0;39m &amp#27;[2m---&amp#27;[0;39m &amp#27;[2m[transferer] [       Thread-2]&amp#27;[0;39m &amp#27;[2m&amp#27;[0;39m&amp#27;[36mio.r2dbc.h2.client.SessionClient        &amp#27;[0;39m &amp#27;[2m:&amp#27;[0;39m Request:  CREATE INDEX IF NOT EXISTS idx_accounts_account_number ON accounts (account_number)
&amp#27;[2m2025-08-17T20:20:15.701+01:00&amp#27;[0;39m &amp#27;[32mDEBUG&amp#27;[0;39m &amp#27;[35m32373&amp#27;[0;39m &amp#27;[2m---&amp#27;[0;39m &amp#27;[2m[transferer] [       Thread-2]&amp#27;[0;39m &amp#27;[2m&amp#27;[0;39m&amp#27;[36mo.s.r2dbc.connection.init.ScriptUtils   &amp#27;[0;39m &amp#27;[2m:&amp#27;[0;39m 0 returned as update count for SQL: CREATE INDEX IF NOT EXISTS idx_accounts_account_number ON accounts (account_number)
&amp#27;[2m2025-08-17T20:20:15.701+01:00&amp#27;[0;39m &amp#27;[32mDEBUG&amp#27;[0;39m &amp#27;[35m32373&amp#27;[0;39m &amp#27;[2m---&amp#27;[0;39m &amp#27;[2m[transferer] [       single-1]&amp#27;[0;39m &amp#27;[2m&amp#27;[0;39m&amp#27;[36mio.r2dbc.h2.client.SessionClient        &amp#27;[0;39m &amp#27;[2m:&amp#27;[0;39m Request:  CALL H2VERSION()
&amp#27;[2m2025-08-17T20:20:15.701+01:00&amp#27;[0;39m &amp#27;[32mDEBUG&amp#27;[0;39m &amp#27;[35m32373&amp#27;[0;39m &amp#27;[2m---&amp#27;[0;39m &amp#27;[2m[transferer] [       Thread-2]&amp#27;[0;39m &amp#27;[2m&amp#27;[0;39m&amp#27;[36mio.r2dbc.h2.client.SessionClient        &amp#27;[0;39m &amp#27;[2m:&amp#27;[0;39m Request:  CREATE INDEX IF NOT EXISTS idx_accounts_status ON accounts (status)
&amp#27;[2m2025-08-17T20:20:15.701+01:00&amp#27;[0;39m &amp#27;[32mDEBUG&amp#27;[0;39m &amp#27;[35m32373&amp#27;[0;39m &amp#27;[2m---&amp#27;[0;39m &amp#27;[2m[transferer] [       single-1]&amp#27;[0;39m &amp#27;[2m&amp#27;[0;39m&amp#27;[36mio.r2dbc.h2.client.SessionClient        &amp#27;[0;39m &amp#27;[2m:&amp#27;[0;39m Response: org.h2.result.LocalResult@2546b26f columns: 1 rows: 1 pos: -1
&amp#27;[2m2025-08-17T20:20:15.701+01:00&amp#27;[0;39m &amp#27;[32mDEBUG&amp#27;[0;39m &amp#27;[35m32373&amp#27;[0;39m &amp#27;[2m---&amp#27;[0;39m &amp#27;[2m[transferer] [       Thread-2]&amp#27;[0;39m &amp#27;[2m&amp#27;[0;39m&amp#27;[36mo.s.r2dbc.connection.init.ScriptUtils   &amp#27;[0;39m &amp#27;[2m:&amp#27;[0;39m 0 returned as update count for SQL: CREATE INDEX IF NOT EXISTS idx_accounts_status ON accounts (status)
&amp#27;[2m2025-08-17T20:20:15.702+01:00&amp#27;[0;39m &amp#27;[32mDEBUG&amp#27;[0;39m &amp#27;[35m32373&amp#27;[0;39m &amp#27;[2m---&amp#27;[0;39m &amp#27;[2m[transferer] [       Thread-2]&amp#27;[0;39m &amp#27;[2m&amp#27;[0;39m&amp#27;[36mio.r2dbc.h2.client.SessionClient        &amp#27;[0;39m &amp#27;[2m:&amp#27;[0;39m Request:  CREATE TABLE IF NOT EXISTS transactions ( id VARCHAR(255) PRIMARY KEY, sender_account_id VARCHAR(255) NOT NULL, recipient_account_id VARCHAR(255) NOT NULL, amount DECIMAL(19,2) NOT NULL, status VARCHAR(20) NOT NULL DEFAULT 'PENDING', description TEXT, created_at TIMESTAMP NOT NULL DEFAULT CURRENT_TIMESTAMP, updated_at TIMESTAMP NOT NULL DEFAULT CURRENT_TIMESTAMP, completed_at TIMESTAMP NULL, CONSTRAINT fk_transactions_sender FOREIGN KEY (sender_account_id) REFERENCES accounts(id), CONSTRAINT fk_transactions_recipient FOREIGN KEY (recipient_account_id) REFERENCES accounts(id), CONSTRAINT chk_transactions_amount_positive CHECK (amount > 0), CONSTRAINT chk_transactions_different_accounts CHECK (sender_account_id != recipient_account_id) )
&amp#27;[2m2025-08-17T20:20:15.702+01:00&amp#27;[0;39m &amp#27;[32mDEBUG&amp#27;[0;39m &amp#27;[35m32373&amp#27;[0;39m &amp#27;[2m---&amp#27;[0;39m &amp#27;[2m[transferer] [       single-1]&amp#27;[0;39m &amp#27;[2m&amp#27;[0;39m&amp#27;[36mio.r2dbc.h2.client.SessionClient        &amp#27;[0;39m &amp#27;[2m:&amp#27;[0;39m Request:  CALL H2VERSION()
&amp#27;[2m2025-08-17T20:20:15.702+01:00&amp#27;[0;39m &amp#27;[32mDEBUG&amp#27;[0;39m &amp#27;[35m32373&amp#27;[0;39m &amp#27;[2m---&amp#27;[0;39m &amp#27;[2m[transferer] [       single-1]&amp#27;[0;39m &amp#27;[2m&amp#27;[0;39m&amp#27;[36mio.r2dbc.h2.client.SessionClient        &amp#27;[0;39m &amp#27;[2m:&amp#27;[0;39m Response: org.h2.result.LocalResult@77582cbc columns: 1 rows: 1 pos: -1
&amp#27;[2m2025-08-17T20:20:15.702+01:00&amp#27;[0;39m &amp#27;[32mDEBUG&amp#27;[0;39m &amp#27;[35m32373&amp#27;[0;39m &amp#27;[2m---&amp#27;[0;39m &amp#27;[2m[transferer] [       Thread-2]&amp#27;[0;39m &amp#27;[2m&amp#27;[0;39m&amp#27;[36mo.s.r2dbc.connection.init.ScriptUtils   &amp#27;[0;39m &amp#27;[2m:&amp#27;[0;39m 0 returned as update count for SQL: CREATE TABLE IF NOT EXISTS transactions ( id VARCHAR(255) PRIMARY KEY, sender_account_id VARCHAR(255) NOT NULL, recipient_account_id VARCHAR(255) NOT NULL, amount DECIMAL(19,2) NOT NULL, status VARCHAR(20) NOT NULL DEFAULT 'PENDING', description TEXT, created_at TIMESTAMP NOT NULL DEFAULT CURRENT_TIMESTAMP, updated_at TIMESTAMP NOT NULL DEFAULT CURRENT_TIMESTAMP, completed_at TIMESTAMP NULL, CONSTRAINT fk_transactions_sender FOREIGN KEY (sender_account_id) REFERENCES accounts(id), CONSTRAINT fk_transactions_recipient FOREIGN KEY (recipient_account_id) REFERENCES accounts(id), CONSTRAINT chk_transactions_amount_positive CHECK (amount > 0), CONSTRAINT chk_transactions_different_accounts CHECK (sender_account_id != recipient_account_id) )
&amp#27;[2m2025-08-17T20:20:15.702+01:00&amp#27;[0;39m &amp#27;[32mDEBUG&amp#27;[0;39m &amp#27;[35m32373&amp#27;[0;39m &amp#27;[2m---&amp#27;[0;39m &amp#27;[2m[transferer] [       Thread-2]&amp#27;[0;39m &amp#27;[2m&amp#27;[0;39m&amp#27;[36mio.r2dbc.h2.client.SessionClient        &amp#27;[0;39m &amp#27;[2m:&amp#27;[0;39m Request:  CREATE INDEX IF NOT EXISTS idx_transactions_sender_account_id ON transactions (sender_account_id)
&amp#27;[2m2025-08-17T20:20:15.702+01:00&amp#27;[0;39m &amp#27;[32mDEBUG&amp#27;[0;39m &amp#27;[35m32373&amp#27;[0;39m &amp#27;[2m---&amp#27;[0;39m &amp#27;[2m[transferer] [       single-1]&amp#27;[0;39m &amp#27;[2m&amp#27;[0;39m&amp#27;[36mio.r2dbc.h2.client.SessionClient        &amp#27;[0;39m &amp#27;[2m:&amp#27;[0;39m Request:  CALL H2VERSION()
&amp#27;[2m2025-08-17T20:20:15.702+01:00&amp#27;[0;39m &amp#27;[32mDEBUG&amp#27;[0;39m &amp#27;[35m32373&amp#27;[0;39m &amp#27;[2m---&amp#27;[0;39m &amp#27;[2m[transferer] [       single-1]&amp#27;[0;39m &amp#27;[2m&amp#27;[0;39m&amp#27;[36mio.r2dbc.h2.client.SessionClient        &amp#27;[0;39m &amp#27;[2m:&amp#27;[0;39m Response: org.h2.result.LocalResult@6b01f93b columns: 1 rows: 1 pos: -1
&amp#27;[2m2025-08-17T20:20:15.702+01:00&amp#27;[0;39m &amp#27;[32mDEBUG&amp#27;[0;39m &amp#27;[35m32373&amp#27;[0;39m &amp#27;[2m---&amp#27;[0;39m &amp#27;[2m[transferer] [       Thread-2]&amp#27;[0;39m &amp#27;[2m&amp#27;[0;39m&amp#27;[36mo.s.r2dbc.connection.init.ScriptUtils   &amp#27;[0;39m &amp#27;[2m:&amp#27;[0;39m 0 returned as update count for SQL: CREATE INDEX IF NOT EXISTS idx_transactions_sender_account_id ON transactions (sender_account_id)
&amp#27;[2m2025-08-17T20:20:15.702+01:00&amp#27;[0;39m &amp#27;[32mDEBUG&amp#27;[0;39m &amp#27;[35m32373&amp#27;[0;39m &amp#27;[2m---&amp#27;[0;39m &amp#27;[2m[transferer] [       Thread-2]&amp#27;[0;39m &amp#27;[2m&amp#27;[0;39m&amp#27;[36mio.r2dbc.h2.client.SessionClient        &amp#27;[0;39m &amp#27;[2m:&amp#27;[0;39m Request:  CREATE INDEX IF NOT EXISTS idx_transactions_recipient_account_id ON transactions (recipient_account_id)
&amp#27;[2m2025-08-17T20:20:15.702+01:00&amp#27;[0;39m &amp#27;[32mDEBUG&amp#27;[0;39m &amp#27;[35m32373&amp#27;[0;39m &amp#27;[2m---&amp#27;[0;39m &amp#27;[2m[transferer] [       single-1]&amp#27;[0;39m &amp#27;[2m&amp#27;[0;39m&amp#27;[36mio.r2dbc.h2.client.SessionClient        &amp#27;[0;39m &amp#27;[2m:&amp#27;[0;39m Request:  CALL H2VERSION()
&amp#27;[2m2025-08-17T20:20:15.702+01:00&amp#27;[0;39m &amp#27;[32mDEBUG&amp#27;[0;39m &amp#27;[35m32373&amp#27;[0;39m &amp#27;[2m---&amp#27;[0;39m &amp#27;[2m[transferer] [       Thread-2]&amp#27;[0;39m &amp#27;[2m&amp#27;[0;39m&amp#27;[36mo.s.r2dbc.connection.init.ScriptUtils   &amp#27;[0;39m &amp#27;[2m:&amp#27;[0;39m 0 returned as update count for SQL: CREATE INDEX IF NOT EXISTS idx_transactions_recipient_account_id ON transactions (recipient_account_id)
&amp#27;[2m2025-08-17T20:20:15.702+01:00&amp#27;[0;39m &amp#27;[32mDEBUG&amp#27;[0;39m &amp#27;[35m32373&amp#27;[0;39m &amp#27;[2m---&amp#27;[0;39m &amp#27;[2m[transferer] [       single-1]&amp#27;[0;39m &amp#27;[2m&amp#27;[0;39m&amp#27;[36mio.r2dbc.h2.client.SessionClient        &amp#27;[0;39m &amp#27;[2m:&amp#27;[0;39m Response: org.h2.result.LocalResult@2b7a23c2 columns: 1 rows: 1 pos: -1
&amp#27;[2m2025-08-17T20:20:15.702+01:00&amp#27;[0;39m &amp#27;[32mDEBUG&amp#27;[0;39m &amp#27;[35m32373&amp#27;[0;39m &amp#27;[2m---&amp#27;[0;39m &amp#27;[2m[transferer] [       Thread-2]&amp#27;[0;39m &amp#27;[2m&amp#27;[0;39m&amp#27;[36mio.r2dbc.h2.client.SessionClient        &amp#27;[0;39m &amp#27;[2m:&amp#27;[0;39m Request:  CREATE INDEX IF NOT EXISTS idx_transactions_status ON transactions (status)
&amp#27;[2m2025-08-17T20:20:15.702+01:00&amp#27;[0;39m &amp#27;[32mDEBUG&amp#27;[0;39m &amp#27;[35m32373&amp#27;[0;39m &amp#27;[2m---&amp#27;[0;39m &amp#27;[2m[transferer] [       Thread-2]&amp#27;[0;39m &amp#27;[2m&amp#27;[0;39m&amp#27;[36mo.s.r2dbc.connection.init.ScriptUtils   &amp#27;[0;39m &amp#27;[2m:&amp#27;[0;39m 0 returned as update count for SQL: CREATE INDEX IF NOT EXISTS idx_transactions_status ON transactions (status)
&amp#27;[2m2025-08-17T20:20:15.703+01:00&amp#27;[0;39m &amp#27;[32mDEBUG&amp#27;[0;39m &amp#27;[35m32373&amp#27;[0;39m &amp#27;[2m---&amp#27;[0;39m &amp#27;[2m[transferer] [       single-1]&amp#27;[0;39m &amp#27;[2m&amp#27;[0;39m&amp#27;[36mio.r2dbc.h2.client.SessionClient        &amp#27;[0;39m &amp#27;[2m:&amp#27;[0;39m Request:  CALL H2VERSION()
&amp#27;[2m2025-08-17T20:20:15.703+01:00&amp#27;[0;39m &amp#27;[32mDEBUG&amp#27;[0;39m &amp#27;[35m32373&amp#27;[0;39m &amp#27;[2m---&amp#27;[0;39m &amp#27;[2m[transferer] [       Thread-2]&amp#27;[0;39m &amp#27;[2m&amp#27;[0;39m&amp#27;[36mio.r2dbc.h2.client.SessionClient        &amp#27;[0;39m &amp#27;[2m:&amp#27;[0;39m Request:  CREATE INDEX IF NOT EXISTS idx_transactions_created_at ON transactions (created_at)
&amp#27;[2m2025-08-17T20:20:15.703+01:00&amp#27;[0;39m &amp#27;[32mDEBUG&amp#27;[0;39m &amp#27;[35m32373&amp#27;[0;39m &amp#27;[2m---&amp#27;[0;39m &amp#27;[2m[transferer] [       single-1]&amp#27;[0;39m &amp#27;[2m&amp#27;[0;39m&amp#27;[36mio.r2dbc.h2.client.SessionClient        &amp#27;[0;39m &amp#27;[2m:&amp#27;[0;39m Response: org.h2.result.LocalResult@3bbf3908 columns: 1 rows: 1 pos: -1
&amp#27;[2m2025-08-17T20:20:15.703+01:00&amp#27;[0;39m &amp#27;[32mDEBUG&amp#27;[0;39m &amp#27;[35m32373&amp#27;[0;39m &amp#27;[2m---&amp#27;[0;39m &amp#27;[2m[transferer] [       Thread-2]&amp#27;[0;39m &amp#27;[2m&amp#27;[0;39m&amp#27;[36mo.s.r2dbc.connection.init.ScriptUtils   &amp#27;[0;39m &amp#27;[2m:&amp#27;[0;39m 0 returned as update count for SQL: CREATE INDEX IF NOT EXISTS idx_transactions_created_at ON transactions (created_at)
&amp#27;[2m2025-08-17T20:20:15.703+01:00&amp#27;[0;39m &amp#27;[32mDEBUG&amp#27;[0;39m &amp#27;[35m32373&amp#27;[0;39m &amp#27;[2m---&amp#27;[0;39m &amp#27;[2m[transferer] [       Thread-2]&amp#27;[0;39m &amp#27;[2m&amp#27;[0;39m&amp#27;[36mio.r2dbc.h2.client.SessionClient        &amp#27;[0;39m &amp#27;[2m:&amp#27;[0;39m Request:  CREATE TABLE IF NOT EXISTS payments ( id VARCHAR(255) PRIMARY KEY, transaction_id VARCHAR(255), sender_account_id VARCHAR(255) NOT NULL, recipient_account_id VARCHAR(255) NOT NULL, amount DECIMAL(19,2) NOT NULL, description TEXT, status VARCHAR(20) NOT NULL DEFAULT 'PENDING', current_step VARCHAR(50) NOT NULL DEFAULT 'INITIATED', failure_reason TEXT, created_at TIMESTAMP NOT NULL DEFAULT CURRENT_TIMESTAMP, updated_at TIMESTAMP NOT NULL DEFAULT CURRENT_TIMESTAMP, completed_at TIMESTAMP NULL, CONSTRAINT fk_payments_transaction FOREIGN KEY (transaction_id) REFERENCES transactions(id), CONSTRAINT fk_payments_sender FOREIGN KEY (sender_account_id) REFERENCES accounts(id), CONSTRAINT fk_payments_recipient FOREIGN KEY (recipient_account_id) REFERENCES accounts(id), CONSTRAINT chk_payments_amount_positive CHECK (amount > 0), CONSTRAINT chk_payments_different_accounts CHECK (sender_account_id != recipient_account_id) )
&amp#27;[2m2025-08-17T20:20:15.703+01:00&amp#27;[0;39m &amp#27;[32mDEBUG&amp#27;[0;39m &amp#27;[35m32373&amp#27;[0;39m &amp#27;[2m---&amp#27;[0;39m &amp#27;[2m[transferer] [       single-1]&amp#27;[0;39m &amp#27;[2m&amp#27;[0;39m&amp#27;[36mio.r2dbc.h2.client.SessionClient        &amp#27;[0;39m &amp#27;[2m:&amp#27;[0;39m Request:  CALL H2VERSION()
&amp#27;[2m2025-08-17T20:20:15.703+01:00&amp#27;[0;39m &amp#27;[32mDEBUG&amp#27;[0;39m &amp#27;[35m32373&amp#27;[0;39m &amp#27;[2m---&amp#27;[0;39m &amp#27;[2m[transferer] [       single-1]&amp#27;[0;39m &amp#27;[2m&amp#27;[0;39m&amp#27;[36mio.r2dbc.h2.client.SessionClient        &amp#27;[0;39m &amp#27;[2m:&amp#27;[0;39m Response: org.h2.result.LocalResult@d34cf0f columns: 1 rows: 1 pos: -1
&amp#27;[2m2025-08-17T20:20:15.703+01:00&amp#27;[0;39m &amp#27;[32mDEBUG&amp#27;[0;39m &amp#27;[35m32373&amp#27;[0;39m &amp#27;[2m---&amp#27;[0;39m &amp#27;[2m[transferer] [       Thread-2]&amp#27;[0;39m &amp#27;[2m&amp#27;[0;39m&amp#27;[36mo.s.r2dbc.connection.init.ScriptUtils   &amp#27;[0;39m &amp#27;[2m:&amp#27;[0;39m 0 returned as update count for SQL: CREATE TABLE IF NOT EXISTS payments ( id VARCHAR(255) PRIMARY KEY, transaction_id VARCHAR(255), sender_account_id VARCHAR(255) NOT NULL, recipient_account_id VARCHAR(255) NOT NULL, amount DECIMAL(19,2) NOT NULL, description TEXT, status VARCHAR(20) NOT NULL DEFAULT 'PENDING', current_step VARCHAR(50) NOT NULL DEFAULT 'INITIATED', failure_reason TEXT, created_at TIMESTAMP NOT NULL DEFAULT CURRENT_TIMESTAMP, updated_at TIMESTAMP NOT NULL DEFAULT CURRENT_TIMESTAMP, completed_at TIMESTAMP NULL, CONSTRAINT fk_payments_transaction FOREIGN KEY (transaction_id) REFERENCES transactions(id), CONSTRAINT fk_payments_sender FOREIGN KEY (sender_account_id) REFERENCES accounts(id), CONSTRAINT fk_payments_recipient FOREIGN KEY (recipient_account_id) REFERENCES accounts(id), CONSTRAINT chk_payments_amount_positive CHECK (amount > 0), CONSTRAINT chk_payments_different_accounts CHECK (sender_account_id != recipient_account_id) )
&amp#27;[2m2025-08-17T20:20:15.703+01:00&amp#27;[0;39m &amp#27;[32mDEBUG&amp#27;[0;39m &amp#27;[35m32373&amp#27;[0;39m &amp#27;[2m---&amp#27;[0;39m &amp#27;[2m[transferer] [       Thread-2]&amp#27;[0;39m &amp#27;[2m&amp#27;[0;39m&amp#27;[36mio.r2dbc.h2.client.SessionClient        &amp#27;[0;39m &amp#27;[2m:&amp#27;[0;39m Request:  CREATE INDEX IF NOT EXISTS idx_payments_transaction_id ON payments (transaction_id)
&amp#27;[2m2025-08-17T20:20:15.703+01:00&amp#27;[0;39m &amp#27;[32mDEBUG&amp#27;[0;39m &amp#27;[35m32373&amp#27;[0;39m &amp#27;[2m---&amp#27;[0;39m &amp#27;[2m[transferer] [       Thread-2]&amp#27;[0;39m &amp#27;[2m&amp#27;[0;39m&amp#27;[36mo.s.r2dbc.connection.init.ScriptUtils   &amp#27;[0;39m &amp#27;[2m:&amp#27;[0;39m 0 returned as update count for SQL: CREATE INDEX IF NOT EXISTS idx_payments_transaction_id ON payments (transaction_id)
&amp#27;[2m2025-08-17T20:20:15.703+01:00&amp#27;[0;39m &amp#27;[32mDEBUG&amp#27;[0;39m &amp#27;[35m32373&amp#27;[0;39m &amp#27;[2m---&amp#27;[0;39m &amp#27;[2m[transferer] [       Thread-2]&amp#27;[0;39m &amp#27;[2m&amp#27;[0;39m&amp#27;[36mio.r2dbc.h2.client.SessionClient        &amp#27;[0;39m &amp#27;[2m:&amp#27;[0;39m Request:  CREATE INDEX IF NOT EXISTS idx_payments_sender_account_id ON payments (sender_account_id)
&amp#27;[2m2025-08-17T20:20:15.703+01:00&amp#27;[0;39m &amp#27;[32mDEBUG&amp#27;[0;39m &amp#27;[35m32373&amp#27;[0;39m &amp#27;[2m---&amp#27;[0;39m &amp#27;[2m[transferer] [       Thread-2]&amp#27;[0;39m &amp#27;[2m&amp#27;[0;39m&amp#27;[36mo.s.r2dbc.connection.init.ScriptUtils   &amp#27;[0;39m &amp#27;[2m:&amp#27;[0;39m 0 returned as update count for SQL: CREATE INDEX IF NOT EXISTS idx_payments_sender_account_id ON payments (sender_account_id)
&amp#27;[2m2025-08-17T20:20:15.703+01:00&amp#27;[0;39m &amp#27;[32mDEBUG&amp#27;[0;39m &amp#27;[35m32373&amp#27;[0;39m &amp#27;[2m---&amp#27;[0;39m &amp#27;[2m[transferer] [       Thread-2]&amp#27;[0;39m &amp#27;[2m&amp#27;[0;39m&amp#27;[36mio.r2dbc.h2.client.SessionClient        &amp#27;[0;39m &amp#27;[2m:&amp#27;[0;39m Request:  CREATE INDEX IF NOT EXISTS idx_payments_recipient_account_id ON payments (recipient_account_id)
&amp#27;[2m2025-08-17T20:20:15.703+01:00&amp#27;[0;39m &amp#27;[32mDEBUG&amp#27;[0;39m &amp#27;[35m32373&amp#27;[0;39m &amp#27;[2m---&amp#27;[0;39m &amp#27;[2m[transferer] [       Thread-2]&amp#27;[0;39m &amp#27;[2m&amp#27;[0;39m&amp#27;[36mo.s.r2dbc.connection.init.ScriptUtils   &amp#27;[0;39m &amp#27;[2m:&amp#27;[0;39m 0 returned as update count for SQL: CREATE INDEX IF NOT EXISTS idx_payments_recipient_account_id ON payments (recipient_account_id)
&amp#27;[2m2025-08-17T20:20:15.704+01:00&amp#27;[0;39m &amp#27;[32mDEBUG&amp#27;[0;39m &amp#27;[35m32373&amp#27;[0;39m &amp#27;[2m---&amp#27;[0;39m &amp#27;[2m[transferer] [       Thread-2]&amp#27;[0;39m &amp#27;[2m&amp#27;[0;39m&amp#27;[36mio.r2dbc.h2.client.SessionClient        &amp#27;[0;39m &amp#27;[2m:&amp#27;[0;39m Request:  CREATE INDEX IF NOT EXISTS idx_payments_status ON payments (status)
&amp#27;[2m2025-08-17T20:20:15.704+01:00&amp#27;[0;39m &amp#27;[32mDEBUG&amp#27;[0;39m &amp#27;[35m32373&amp#27;[0;39m &amp#27;[2m---&amp#27;[0;39m &amp#27;[2m[transferer] [       Thread-2]&amp#27;[0;39m &amp#27;[2m&amp#27;[0;39m&amp#27;[36mo.s.r2dbc.connection.init.ScriptUtils   &amp#27;[0;39m &amp#27;[2m:&amp#27;[0;39m 0 returned as update count for SQL: CREATE INDEX IF NOT EXISTS idx_payments_status ON payments (status)
&amp#27;[2m2025-08-17T20:20:15.704+01:00&amp#27;[0;39m &amp#27;[32mDEBUG&amp#27;[0;39m &amp#27;[35m32373&amp#27;[0;39m &amp#27;[2m---&amp#27;[0;39m &amp#27;[2m[transferer] [       Thread-2]&amp#27;[0;39m &amp#27;[2m&amp#27;[0;39m&amp#27;[36mio.r2dbc.h2.client.SessionClient        &amp#27;[0;39m &amp#27;[2m:&amp#27;[0;39m Request:  CREATE INDEX IF NOT EXISTS idx_payments_current_step ON payments (current_step)
&amp#27;[2m2025-08-17T20:20:15.704+01:00&amp#27;[0;39m &amp#27;[32mDEBUG&amp#27;[0;39m &amp#27;[35m32373&amp#27;[0;39m &amp#27;[2m---&amp#27;[0;39m &amp#27;[2m[transferer] [       Thread-2]&amp#27;[0;39m &amp#27;[2m&amp#27;[0;39m&amp#27;[36mo.s.r2dbc.connection.init.ScriptUtils   &amp#27;[0;39m &amp#27;[2m:&amp#27;[0;39m 0 returned as update count for SQL: CREATE INDEX IF NOT EXISTS idx_payments_current_step ON payments (current_step)
&amp#27;[2m2025-08-17T20:20:15.704+01:00&amp#27;[0;39m &amp#27;[32mDEBUG&amp#27;[0;39m &amp#27;[35m32373&amp#27;[0;39m &amp#27;[2m---&amp#27;[0;39m &amp#27;[2m[transferer] [       Thread-2]&amp#27;[0;39m &amp#27;[2m&amp#27;[0;39m&amp#27;[36mio.r2dbc.h2.client.SessionClient        &amp#27;[0;39m &amp#27;[2m:&amp#27;[0;39m Request:  CREATE INDEX IF NOT EXISTS idx_payments_created_at ON payments (created_at)
&amp#27;[2m2025-08-17T20:20:15.704+01:00&amp#27;[0;39m &amp#27;[32mDEBUG&amp#27;[0;39m &amp#27;[35m32373&amp#27;[0;39m &amp#27;[2m---&amp#27;[0;39m &amp#27;[2m[transferer] [       Thread-2]&amp#27;[0;39m &amp#27;[2m&amp#27;[0;39m&amp#27;[36mo.s.r2dbc.connection.init.ScriptUtils   &amp#27;[0;39m &amp#27;[2m:&amp#27;[0;39m 0 returned as update count for SQL: CREATE INDEX IF NOT EXISTS idx_payments_created_at ON payments (created_at)
&amp#27;[2m2025-08-17T20:20:15.704+01:00&amp#27;[0;39m &amp#27;[32mDEBUG&amp#27;[0;39m &amp#27;[35m32373&amp#27;[0;39m &amp#27;[2m---&amp#27;[0;39m &amp#27;[2m[transferer] [       Thread-2]&amp#27;[0;39m &amp#27;[2m&amp#27;[0;39m&amp#27;[36mio.r2dbc.h2.client.SessionClient        &amp#27;[0;39m &amp#27;[2m:&amp#27;[0;39m Request:  CREATE TABLE IF NOT EXISTS outbox_events ( id BIGINT AUTO_INCREMENT PRIMARY KEY, event_id VARCHAR(255) UNIQUE NOT NULL, event_type VARCHAR(255) NOT NULL, aggregate_id VARCHAR(255) NOT NULL, event_data CLOB NOT NULL, occurred_at TIMESTAMP NOT NULL, processed_at TIMESTAMP NULL, created_at TIMESTAMP NOT NULL DEFAULT CURRENT_TIMESTAMP )
&amp#27;[2m2025-08-17T20:20:15.704+01:00&amp#27;[0;39m &amp#27;[32mDEBUG&amp#27;[0;39m &amp#27;[35m32373&amp#27;[0;39m &amp#27;[2m---&amp#27;[0;39m &amp#27;[2m[transferer] [       Thread-2]&amp#27;[0;39m &amp#27;[2m&amp#27;[0;39m&amp#27;[36mo.s.r2dbc.connection.init.ScriptUtils   &amp#27;[0;39m &amp#27;[2m:&amp#27;[0;39m 0 returned as update count for SQL: CREATE TABLE IF NOT EXISTS outbox_events ( id BIGINT AUTO_INCREMENT PRIMARY KEY, event_id VARCHAR(255) UNIQUE NOT NULL, event_type VARCHAR(255) NOT NULL, aggregate_id VARCHAR(255) NOT NULL, event_data CLOB NOT NULL, occurred_at TIMESTAMP NOT NULL, processed_at TIMESTAMP NULL, created_at TIMESTAMP NOT NULL DEFAULT CURRENT_TIMESTAMP )
&amp#27;[2m2025-08-17T20:20:15.704+01:00&amp#27;[0;39m &amp#27;[32mDEBUG&amp#27;[0;39m &amp#27;[35m32373&amp#27;[0;39m &amp#27;[2m---&amp#27;[0;39m &amp#27;[2m[transferer] [       Thread-2]&amp#27;[0;39m &amp#27;[2m&amp#27;[0;39m&amp#27;[36mio.r2dbc.h2.client.SessionClient        &amp#27;[0;39m &amp#27;[2m:&amp#27;[0;39m Request:  CREATE INDEX IF NOT EXISTS idx_outbox_events_processed_at ON outbox_events (processed_at)
&amp#27;[2m2025-08-17T20:20:15.704+01:00&amp#27;[0;39m &amp#27;[32mDEBUG&amp#27;[0;39m &amp#27;[35m32373&amp#27;[0;39m &amp#27;[2m---&amp#27;[0;39m &amp#27;[2m[transferer] [       Thread-2]&amp#27;[0;39m &amp#27;[2m&amp#27;[0;39m&amp#27;[36mo.s.r2dbc.connection.init.ScriptUtils   &amp#27;[0;39m &amp#27;[2m:&amp#27;[0;39m 0 returned as update count for SQL: CREATE INDEX IF NOT EXISTS idx_outbox_events_processed_at ON outbox_events (processed_at)
&amp#27;[2m2025-08-17T20:20:15.704+01:00&amp#27;[0;39m &amp#27;[32mDEBUG&amp#27;[0;39m &amp#27;[35m32373&amp#27;[0;39m &amp#27;[2m---&amp#27;[0;39m &amp#27;[2m[transferer] [       Thread-2]&amp#27;[0;39m &amp#27;[2m&amp#27;[0;39m&amp#27;[36mio.r2dbc.h2.client.SessionClient        &amp#27;[0;39m &amp#27;[2m:&amp#27;[0;39m Request:  CREATE INDEX IF NOT EXISTS idx_outbox_events_event_type ON outbox_events (event_type)
&amp#27;[2m2025-08-17T20:20:15.704+01:00&amp#27;[0;39m &amp#27;[32mDEBUG&amp#27;[0;39m &amp#27;[35m32373&amp#27;[0;39m &amp#27;[2m---&amp#27;[0;39m &amp#27;[2m[transferer] [       Thread-2]&amp#27;[0;39m &amp#27;[2m&amp#27;[0;39m&amp#27;[36mo.s.r2dbc.connection.init.ScriptUtils   &amp#27;[0;39m &amp#27;[2m:&amp#27;[0;39m 0 returned as update count for SQL: CREATE INDEX IF NOT EXISTS idx_outbox_events_event_type ON outbox_events (event_type)
&amp#27;[2m2025-08-17T20:20:15.704+01:00&amp#27;[0;39m &amp#27;[32mDEBUG&amp#27;[0;39m &amp#27;[35m32373&amp#27;[0;39m &amp#27;[2m---&amp#27;[0;39m &amp#27;[2m[transferer] [       Thread-2]&amp#27;[0;39m &amp#27;[2m&amp#27;[0;39m&amp#27;[36mio.r2dbc.h2.client.SessionClient        &amp#27;[0;39m &amp#27;[2m:&amp#27;[0;39m Request:  CREATE INDEX IF NOT EXISTS idx_outbox_events_occurred_at ON outbox_events (occurred_at)
&amp#27;[2m2025-08-17T20:20:15.704+01:00&amp#27;[0;39m &amp#27;[32mDEBUG&amp#27;[0;39m &amp#27;[35m32373&amp#27;[0;39m &amp#27;[2m---&amp#27;[0;39m &amp#27;[2m[transferer] [       Thread-2]&amp#27;[0;39m &amp#27;[2m&amp#27;[0;39m&amp#27;[36mo.s.r2dbc.connection.init.ScriptUtils   &amp#27;[0;39m &amp#27;[2m:&amp#27;[0;39m 0 returned as update count for SQL: CREATE INDEX IF NOT EXISTS idx_outbox_events_occurred_at ON outbox_events (occurred_at)
&amp#27;[2m2025-08-17T20:20:15.704+01:00&amp#27;[0;39m &amp#27;[32mDEBUG&amp#27;[0;39m &amp#27;[35m32373&amp#27;[0;39m &amp#27;[2m---&amp#27;[0;39m &amp#27;[2m[transferer] [       Thread-2]&amp#27;[0;39m &amp#27;[2m&amp#27;[0;39m&amp#27;[36mo.s.r2dbc.connection.init.ScriptUtils   &amp#27;[0;39m &amp#27;[2m:&amp#27;[0;39m Executed SQL script from class path resource [test-schema.sql] in 4 ms.
&amp#27;[2m2025-08-17T20:20:15.705+01:00&amp#27;[0;39m &amp#27;[32mDEBUG&amp#27;[0;39m &amp#27;[35m32373&amp#27;[0;39m &amp#27;[2m---&amp#27;[0;39m &amp#27;[2m[transferer] [       Thread-2]&amp#27;[0;39m &amp#27;[2m&amp#27;[0;39m&amp#27;[36mio.r2dbc.h2.client.SessionClient        &amp#27;[0;39m &amp#27;[2m:&amp#27;[0;39m Request:  SELECT CURRENT_TIMESTAMP
&amp#27;[2m2025-08-17T20:20:15.705+01:00&amp#27;[0;39m &amp#27;[32mDEBUG&amp#27;[0;39m &amp#27;[35m32373&amp#27;[0;39m &amp#27;[2m---&amp#27;[0;39m &amp#27;[2m[transferer] [       Thread-2]&amp#27;[0;39m &amp#27;[2m&amp#27;[0;39m&amp#27;[36mio.r2dbc.h2.client.SessionClient        &amp#27;[0;39m &amp#27;[2m:&amp#27;[0;39m Response: org.h2.result.LocalResult@1631e435 columns: 1 rows: 1 pos: -1
&amp#27;[2m2025-08-17T20:20:15.706+01:00&amp#27;[0;39m &amp#27;[32m INFO&amp#27;[0;39m &amp#27;[35m32373&amp#27;[0;39m &amp#27;[2m---&amp#27;[0;39m &amp#27;[2m[transferer] [           main]&amp#27;[0;39m &amp#27;[2m&amp#27;[0;39m&amp#27;[36mc.t.payment.PaymentSagaIntegrationTest  &amp#27;[0;39m &amp#27;[2m:&amp#27;[0;39m Started PaymentSagaIntegrationTest in 0.095 seconds (process running for 1.099)
&amp#27;[2m2025-08-17T20:20:15.970+01:00&amp#27;[0;39m &amp#27;[32mDEBUG&amp#27;[0;39m &amp#27;[35m32373&amp#27;[0;39m &amp#27;[2m---&amp#27;[0;39m &amp#27;[2m[transferer] [           main]&amp#27;[0;39m &amp#27;[2m&amp#27;[0;39m&amp#27;[36mo.s.r.c.R2dbcTransactionManager         &amp#27;[0;39m &amp#27;[2m:&amp#27;[0;39m Creating new transaction with name [com.transferer.account.application.AccountService.openAccount]: PROPAGATION_REQUIRED,ISOLATION_DEFAULT
&amp#27;[2m2025-08-17T20:20:15.971+01:00&amp#27;[0;39m &amp#27;[32mDEBUG&amp#27;[0;39m &amp#27;[35m32373&amp#27;[0;39m &amp#27;[2m---&amp#27;[0;39m &amp#27;[2m[transferer] [           main]&amp#27;[0;39m &amp#27;[2m&amp#27;[0;39m&amp#27;[36mio.r2dbc.h2.client.SessionClient        &amp#27;[0;39m &amp#27;[2m:&amp#27;[0;39m Request:  SELECT 1
&amp#27;[2m2025-08-17T20:20:15.971+01:00&amp#27;[0;39m &amp#27;[32mDEBUG&amp#27;[0;39m &amp#27;[35m32373&amp#27;[0;39m &amp#27;[2m---&amp#27;[0;39m &amp#27;[2m[transferer] [           main]&amp#27;[0;39m &amp#27;[2m&amp#27;[0;39m&amp#27;[36mio.r2dbc.h2.client.SessionClient        &amp#27;[0;39m &amp#27;[2m:&amp#27;[0;39m Response: org.h2.result.LocalResult@4b6b5352 columns: 1 rows: 1 pos: -1
&amp#27;[2m2025-08-17T20:20:15.971+01:00&amp#27;[0;39m &amp#27;[32mDEBUG&amp#27;[0;39m &amp#27;[35m32373&amp#27;[0;39m &amp#27;[2m---&amp#27;[0;39m &amp#27;[2m[transferer] [           main]&amp#27;[0;39m &amp#27;[2m&amp#27;[0;39m&amp#27;[36mo.s.r.c.R2dbcTransactionManager         &amp#27;[0;39m &amp#27;[2m:&amp#27;[0;39m Acquired Connection [PooledConnection[io.r2dbc.h2.H2Connection@1d6713dd]] for R2DBC transaction
&amp#27;[2m2025-08-17T20:20:15.972+01:00&amp#27;[0;39m &amp#27;[32mDEBUG&amp#27;[0;39m &amp#27;[35m32373&amp#27;[0;39m &amp#27;[2m---&amp#27;[0;39m &amp#27;[2m[transferer] [           main]&amp#27;[0;39m &amp#27;[2m&amp#27;[0;39m&amp#27;[36mo.s.r.c.R2dbcTransactionManager         &amp#27;[0;39m &amp#27;[2m:&amp#27;[0;39m Starting R2DBC transaction on Connection [PooledConnection[io.r2dbc.h2.H2Connection@1d6713dd]] using [ExtendedTransactionDefinition [transactionName='com.transferer.account.application.AccountService.openAccount', readOnly=false, isolationLevel=null, lockWaitTimeout=PT0S]]
&amp#27;[2m2025-08-17T20:20:15.972+01:00&amp#27;[0;39m &amp#27;[33m WARN&amp#27;[0;39m &amp#27;[35m32373&amp#27;[0;39m &amp#27;[2m---&amp#27;[0;39m &amp#27;[2m[transferer] [           main]&amp#27;[0;39m &amp#27;[2m&amp#27;[0;39m&amp#27;[36mio.r2dbc.h2.H2Connection                &amp#27;[0;39m &amp#27;[2m:&amp#27;[0;39m Option{name='readOnly', sensitive=false} + isn't supported in H2 at the transaction level. You must set it on conenction URL. See http://www.h2database.com/html/features.html#read_only
&amp#27;[2m2025-08-17T20:20:15.986+01:00&amp#27;[0;39m &amp#27;[32mDEBUG&amp#27;[0;39m &amp#27;[35m32373&amp#27;[0;39m &amp#27;[2m---&amp#27;[0;39m &amp#27;[2m[transferer] [           main]&amp#27;[0;39m &amp#27;[2m&amp#27;[0;39m&amp#27;[36mo.s.r2dbc.core.DefaultDatabaseClient    &amp#27;[0;39m &amp#27;[2m:&amp#27;[0;39m Executing SQL statement [SELECT accounts.ID FROM accounts WHERE accounts.account_number = $1 LIMIT 1]
&amp#27;[2m2025-08-17T20:20:15.988+01:00&amp#27;[0;39m &amp#27;[32mDEBUG&amp#27;[0;39m &amp#27;[35m32373&amp#27;[0;39m &amp#27;[2m---&amp#27;[0;39m &amp#27;[2m[transferer] [           main]&amp#27;[0;39m &amp#27;[2m&amp#27;[0;39m&amp#27;[36mio.r2dbc.h2.client.SessionClient        &amp#27;[0;39m &amp#27;[2m:&amp#27;[0;39m Request:  SELECT accounts.ID FROM accounts WHERE accounts.account_number = $1 LIMIT 1 {1: '0755941408'}
&amp#27;[2m2025-08-17T20:20:15.988+01:00&amp#27;[0;39m &amp#27;[32mDEBUG&amp#27;[0;39m &amp#27;[35m32373&amp#27;[0;39m &amp#27;[2m---&amp#27;[0;39m &amp#27;[2m[transferer] [           main]&amp#27;[0;39m &amp#27;[2m&amp#27;[0;39m&amp#27;[36mio.r2dbc.h2.client.SessionClient        &amp#27;[0;39m &amp#27;[2m:&amp#27;[0;39m Response: org.h2.result.LocalResult@4b508371 columns: 1 rows: 0 pos: -1
&amp#27;[2m2025-08-17T20:20:15.992+01:00&amp#27;[0;39m &amp#27;[32mDEBUG&amp#27;[0;39m &amp#27;[35m32373&amp#27;[0;39m &amp#27;[2m---&amp#27;[0;39m &amp#27;[2m[transferer] [           main]&amp#27;[0;39m &amp#27;[2m&amp#27;[0;39m&amp#27;[36mo.s.r.c.R2dbcTransactionManager         &amp#27;[0;39m &amp#27;[2m:&amp#27;[0;39m Participating in existing transaction
&amp#27;[2m2025-08-17T20:20:15.998+01:00&amp#27;[0;39m &amp#27;[32mDEBUG&amp#27;[0;39m &amp#27;[35m32373&amp#27;[0;39m &amp#27;[2m---&amp#27;[0;39m &amp#27;[2m[transferer] [           main]&amp#27;[0;39m &amp#27;[2m&amp#27;[0;39m&amp#27;[36mo.s.r2dbc.core.DefaultDatabaseClient    &amp#27;[0;39m &amp#27;[2m:&amp#27;[0;39m Executing SQL statement [INSERT INTO accounts (ID, account_number, holder_name, balance, status, created_at, updated_at) VALUES ($1, $2, $3, $4, $5, $6, $7)]
&amp#27;[2m2025-08-17T20:20:15.999+01:00&amp#27;[0;39m &amp#27;[32mDEBUG&amp#27;[0;39m &amp#27;[35m32373&amp#27;[0;39m &amp#27;[2m---&amp#27;[0;39m &amp#27;[2m[transferer] [           main]&amp#27;[0;39m &amp#27;[2m&amp#27;[0;39m&amp#27;[36mio.r2dbc.h2.client.SessionClient        &amp#27;[0;39m &amp#27;[2m:&amp#27;[0;39m Request:  INSERT INTO accounts (ID, account_number, holder_name, balance, status, created_at, updated_at) VALUES ($1, $2, $3, $4, $5, $6, $7) {1: '1b2655a0-6185-44ef-b192-895247234cc4', 2: '0755941408', 3: 'John Doe', 4: 1000.00, 5: 'ACTIVE', 6: TIMESTAMP '2025-08-17 20:20:15.989434', 7: TIMESTAMP '2025-08-17 20:20:15.98944'}
&amp#27;[2m2025-08-17T20:20:16.000+01:00&amp#27;[0;39m &amp#27;[32mDEBUG&amp#27;[0;39m &amp#27;[35m32373&amp#27;[0;39m &amp#27;[2m---&amp#27;[0;39m &amp#27;[2m[transferer] [           main]&amp#27;[0;39m &amp#27;[2m&amp#27;[0;39m&amp#27;[36mo.s.r.c.R2dbcTransactionManager         &amp#27;[0;39m &amp#27;[2m:&amp#27;[0;39m Participating in existing transaction
&amp#27;[2m2025-08-17T20:20:16.016+01:00&amp#27;[0;39m &amp#27;[32mDEBUG&amp#27;[0;39m &amp#27;[35m32373&amp#27;[0;39m &amp#27;[2m---&amp#27;[0;39m &amp#27;[2m[transferer] [           main]&amp#27;[0;39m &amp#27;[2m&amp#27;[0;39m&amp#27;[36mo.s.r2dbc.core.DefaultDatabaseClient    &amp#27;[0;39m &amp#27;[2m:&amp#27;[0;39m Executing SQL statement [INSERT INTO outbox_events (event_id, event_type, aggregate_id, event_data, occurred_at, created_at) VALUES ($1, $2, $3, $4, $5, $6)]
&amp#27;[2m2025-08-17T20:20:16.016+01:00&amp#27;[0;39m &amp#27;[32mDEBUG&amp#27;[0;39m &amp#27;[35m32373&amp#27;[0;39m &amp#27;[2m---&amp#27;[0;39m &amp#27;[2m[transferer] [           main]&amp#27;[0;39m &amp#27;[2m&amp#27;[0;39m&amp#27;[36mio.r2dbc.h2.client.SessionClient        &amp#27;[0;39m &amp#27;[2m:&amp#27;[0;39m Request:  INSERT INTO outbox_events (event_id, event_type, aggregate_id, event_data, occurred_at, created_at) VALUES ($1, $2, $3, $4, $5, $6) {1: 'dd272cd0-99b4-4fca-a434-49364a05e186', 2: 'ACCOUNT_OPENED', 3: '1b2655a0-6185-44ef-b192-895247234cc4', 4: '{"@class":"com.transferer.account.domain.events.body.AccountOpenedEventBody","accountId":{"value":"1b2655a0-6185-44ef-b192-895247234cc4"},"accountNumber":"0755941408","holderName":"John Doe","initialBalance":1000.00}', 5: TIMESTAMP WITH TIME ZONE '2025-08-17 19:20:15.989719+00', 6: TIMESTAMP WITH TIME ZONE '2025-08-17 19:20:16.014757+00'}
&amp#27;[2m2025-08-17T20:20:16.024+01:00&amp#27;[0;39m &amp#27;[32mDEBUG&amp#27;[0;39m &amp#27;[35m32373&amp#27;[0;39m &amp#27;[2m---&amp#27;[0;39m &amp#27;[2m[transferer] [           main]&amp#27;[0;39m &amp#27;[2m&amp#27;[0;39m&amp#27;[36mo.s.r.c.R2dbcTransactionManager         &amp#27;[0;39m &amp#27;[2m:&amp#27;[0;39m Initiating transaction commit
&amp#27;[2m2025-08-17T20:20:16.024+01:00&amp#27;[0;39m &amp#27;[32mDEBUG&amp#27;[0;39m &amp#27;[35m32373&amp#27;[0;39m &amp#27;[2m---&amp#27;[0;39m &amp#27;[2m[transferer] [           main]&amp#27;[0;39m &amp#27;[2m&amp#27;[0;39m&amp#27;[36mo.s.r.c.R2dbcTransactionManager         &amp#27;[0;39m &amp#27;[2m:&amp#27;[0;39m Committing R2DBC transaction on Connection [PooledConnection[io.r2dbc.h2.H2Connection@1d6713dd]]
&amp#27;[2m2025-08-17T20:20:16.024+01:00&amp#27;[0;39m &amp#27;[32mDEBUG&amp#27;[0;39m &amp#27;[35m32373&amp#27;[0;39m &amp#27;[2m---&amp#27;[0;39m &amp#27;[2m[transferer] [           main]&amp#27;[0;39m &amp#27;[2m&amp#27;[0;39m&amp#27;[36mio.r2dbc.h2.client.SessionClient        &amp#27;[0;39m &amp#27;[2m:&amp#27;[0;39m Request:  COMMIT
&amp#27;[2m2025-08-17T20:20:16.024+01:00&amp#27;[0;39m &amp#27;[32mDEBUG&amp#27;[0;39m &amp#27;[35m32373&amp#27;[0;39m &amp#27;[2m---&amp#27;[0;39m &amp#27;[2m[transferer] [           main]&amp#27;[0;39m &amp#27;[2m&amp#27;[0;39m&amp#27;[36mo.s.r.c.R2dbcTransactionManager         &amp#27;[0;39m &amp#27;[2m:&amp#27;[0;39m Releasing R2DBC Connection [PooledConnection[io.r2dbc.h2.H2Connection@1d6713dd]] after transaction
&amp#27;[2m2025-08-17T20:20:16.025+01:00&amp#27;[0;39m &amp#27;[32mDEBUG&amp#27;[0;39m &amp#27;[35m32373&amp#27;[0;39m &amp#27;[2m---&amp#27;[0;39m &amp#27;[2m[transferer] [           main]&amp#27;[0;39m &amp#27;[2m&amp#27;[0;39m&amp#27;[36mio.r2dbc.h2.client.SessionClient        &amp#27;[0;39m &amp#27;[2m:&amp#27;[0;39m Request:  SELECT CURRENT_TIMESTAMP
&amp#27;[2m2025-08-17T20:20:16.025+01:00&amp#27;[0;39m &amp#27;[32mDEBUG&amp#27;[0;39m &amp#27;[35m32373&amp#27;[0;39m &amp#27;[2m---&amp#27;[0;39m &amp#27;[2m[transferer] [           main]&amp#27;[0;39m &amp#27;[2m&amp#27;[0;39m&amp#27;[36mio.r2dbc.h2.client.SessionClient        &amp#27;[0;39m &amp#27;[2m:&amp#27;[0;39m Response: org.h2.result.LocalResult@14292d71 columns: 1 rows: 1 pos: -1
&amp#27;[2m2025-08-17T20:20:16.025+01:00&amp#27;[0;39m &amp#27;[32mDEBUG&amp#27;[0;39m &amp#27;[35m32373&amp#27;[0;39m &amp#27;[2m---&amp#27;[0;39m &amp#27;[2m[transferer] [           main]&amp#27;[0;39m &amp#27;[2m&amp#27;[0;39m&amp#27;[36mo.s.r.c.R2dbcTransactionManager         &amp#27;[0;39m &amp#27;[2m:&amp#27;[0;39m Creating new transaction with name [com.transferer.account.application.AccountService.openAccount]: PROPAGATION_REQUIRED,ISOLATION_DEFAULT
&amp#27;[2m2025-08-17T20:20:16.025+01:00&amp#27;[0;39m &amp#27;[32mDEBUG&amp#27;[0;39m &amp#27;[35m32373&amp#27;[0;39m &amp#27;[2m---&amp#27;[0;39m &amp#27;[2m[transferer] [           main]&amp#27;[0;39m &amp#27;[2m&amp#27;[0;39m&amp#27;[36mio.r2dbc.h2.client.SessionClient        &amp#27;[0;39m &amp#27;[2m:&amp#27;[0;39m Request:  SELECT 1
&amp#27;[2m2025-08-17T20:20:16.025+01:00&amp#27;[0;39m &amp#27;[32mDEBUG&amp#27;[0;39m &amp#27;[35m32373&amp#27;[0;39m &amp#27;[2m---&amp#27;[0;39m &amp#27;[2m[transferer] [           main]&amp#27;[0;39m &amp#27;[2m&amp#27;[0;39m&amp#27;[36mio.r2dbc.h2.client.SessionClient        &amp#27;[0;39m &amp#27;[2m:&amp#27;[0;39m Response: org.h2.result.LocalResult@48e74764 columns: 1 rows: 1 pos: -1
&amp#27;[2m2025-08-17T20:20:16.025+01:00&amp#27;[0;39m &amp#27;[32mDEBUG&amp#27;[0;39m &amp#27;[35m32373&amp#27;[0;39m &amp#27;[2m---&amp#27;[0;39m &amp#27;[2m[transferer] [           main]&amp#27;[0;39m &amp#27;[2m&amp#27;[0;39m&amp#27;[36mo.s.r.c.R2dbcTransactionManager         &amp#27;[0;39m &amp#27;[2m:&amp#27;[0;39m Acquired Connection [PooledConnection[io.r2dbc.h2.H2Connection@1d6713dd]] for R2DBC transaction
&amp#27;[2m2025-08-17T20:20:16.025+01:00&amp#27;[0;39m &amp#27;[32mDEBUG&amp#27;[0;39m &amp#27;[35m32373&amp#27;[0;39m &amp#27;[2m---&amp#27;[0;39m &amp#27;[2m[transferer] [           main]&amp#27;[0;39m &amp#27;[2m&amp#27;[0;39m&amp#27;[36mo.s.r.c.R2dbcTransactionManager         &amp#27;[0;39m &amp#27;[2m:&amp#27;[0;39m Starting R2DBC transaction on Connection [PooledConnection[io.r2dbc.h2.H2Connection@1d6713dd]] using [ExtendedTransactionDefinition [transactionName='com.transferer.account.application.AccountService.openAccount', readOnly=false, isolationLevel=null, lockWaitTimeout=PT0S]]
&amp#27;[2m2025-08-17T20:20:16.025+01:00&amp#27;[0;39m &amp#27;[33m WARN&amp#27;[0;39m &amp#27;[35m32373&amp#27;[0;39m &amp#27;[2m---&amp#27;[0;39m &amp#27;[2m[transferer] [           main]&amp#27;[0;39m &amp#27;[2m&amp#27;[0;39m&amp#27;[36mio.r2dbc.h2.H2Connection                &amp#27;[0;39m &amp#27;[2m:&amp#27;[0;39m Option{name='readOnly', sensitive=false} + isn't supported in H2 at the transaction level. You must set it on conenction URL. See http://www.h2database.com/html/features.html#read_only
&amp#27;[2m2025-08-17T20:20:16.026+01:00&amp#27;[0;39m &amp#27;[32mDEBUG&amp#27;[0;39m &amp#27;[35m32373&amp#27;[0;39m &amp#27;[2m---&amp#27;[0;39m &amp#27;[2m[transferer] [           main]&amp#27;[0;39m &amp#27;[2m&amp#27;[0;39m&amp#27;[36mo.s.r2dbc.core.DefaultDatabaseClient    &amp#27;[0;39m &amp#27;[2m:&amp#27;[0;39m Executing SQL statement [SELECT accounts.ID FROM accounts WHERE accounts.account_number = $1 LIMIT 1]
&amp#27;[2m2025-08-17T20:20:16.026+01:00&amp#27;[0;39m &amp#27;[32mDEBUG&amp#27;[0;39m &amp#27;[35m32373&amp#27;[0;39m &amp#27;[2m---&amp#27;[0;39m &amp#27;[2m[transferer] [           main]&amp#27;[0;39m &amp#27;[2m&amp#27;[0;39m&amp#27;[36mio.r2dbc.h2.client.SessionClient        &amp#27;[0;39m &amp#27;[2m:&amp#27;[0;39m Request:  SELECT accounts.ID FROM accounts WHERE accounts.account_number = $1 LIMIT 1 {1: '0186185742'}
&amp#27;[2m2025-08-17T20:20:16.026+01:00&amp#27;[0;39m &amp#27;[32mDEBUG&amp#27;[0;39m &amp#27;[35m32373&amp#27;[0;39m &amp#27;[2m---&amp#27;[0;39m &amp#27;[2m[transferer] [           main]&amp#27;[0;39m &amp#27;[2m&amp#27;[0;39m&amp#27;[36mio.r2dbc.h2.client.SessionClient        &amp#27;[0;39m &amp#27;[2m:&amp#27;[0;39m Response: org.h2.result.LocalResult@7a3643e3 columns: 1 rows: 0 pos: -1
&amp#27;[2m2025-08-17T20:20:16.026+01:00&amp#27;[0;39m &amp#27;[32mDEBUG&amp#27;[0;39m &amp#27;[35m32373&amp#27;[0;39m &amp#27;[2m---&amp#27;[0;39m &amp#27;[2m[transferer] [           main]&amp#27;[0;39m &amp#27;[2m&amp#27;[0;39m&amp#27;[36mo.s.r.c.R2dbcTransactionManager         &amp#27;[0;39m &amp#27;[2m:&amp#27;[0;39m Participating in existing transaction
&amp#27;[2m2025-08-17T20:20:16.027+01:00&amp#27;[0;39m &amp#27;[32mDEBUG&amp#27;[0;39m &amp#27;[35m32373&amp#27;[0;39m &amp#27;[2m---&amp#27;[0;39m &amp#27;[2m[transferer] [           main]&amp#27;[0;39m &amp#27;[2m&amp#27;[0;39m&amp#27;[36mo.s.r2dbc.core.DefaultDatabaseClient    &amp#27;[0;39m &amp#27;[2m:&amp#27;[0;39m Executing SQL statement [INSERT INTO accounts (ID, account_number, holder_name, balance, status, created_at, updated_at) VALUES ($1, $2, $3, $4, $5, $6, $7)]
&amp#27;[2m2025-08-17T20:20:16.027+01:00&amp#27;[0;39m &amp#27;[32mDEBUG&amp#27;[0;39m &amp#27;[35m32373&amp#27;[0;39m &amp#27;[2m---&amp#27;[0;39m &amp#27;[2m[transferer] [           main]&amp#27;[0;39m &amp#27;[2m&amp#27;[0;39m&amp#27;[36mio.r2dbc.h2.client.SessionClient        &amp#27;[0;39m &amp#27;[2m:&amp#27;[0;39m Request:  INSERT INTO accounts (ID, account_number, holder_name, balance, status, created_at, updated_at) VALUES ($1, $2, $3, $4, $5, $6, $7) {1: '4e491ed5-8f8b-4018-8e62-eaa455d7ca6f', 2: '0186185742', 3: 'Jane Smith', 4: 500.00, 5: 'ACTIVE', 6: TIMESTAMP '2025-08-17 20:20:16.026738', 7: TIMESTAMP '2025-08-17 20:20:16.026744'}
&amp#27;[2m2025-08-17T20:20:16.027+01:00&amp#27;[0;39m &amp#27;[32mDEBUG&amp#27;[0;39m &amp#27;[35m32373&amp#27;[0;39m &amp#27;[2m---&amp#27;[0;39m &amp#27;[2m[transferer] [           main]&amp#27;[0;39m &amp#27;[2m&amp#27;[0;39m&amp#27;[36mo.s.r.c.R2dbcTransactionManager         &amp#27;[0;39m &amp#27;[2m:&amp#27;[0;39m Participating in existing transaction
&amp#27;[2m2025-08-17T20:20:16.028+01:00&amp#27;[0;39m &amp#27;[32mDEBUG&amp#27;[0;39m &amp#27;[35m32373&amp#27;[0;39m &amp#27;[2m---&amp#27;[0;39m &amp#27;[2m[transferer] [           main]&amp#27;[0;39m &amp#27;[2m&amp#27;[0;39m&amp#27;[36mo.s.r2dbc.core.DefaultDatabaseClient    &amp#27;[0;39m &amp#27;[2m:&amp#27;[0;39m Executing SQL statement [INSERT INTO outbox_events (event_id, event_type, aggregate_id, event_data, occurred_at, created_at) VALUES ($1, $2, $3, $4, $5, $6)]
&amp#27;[2m2025-08-17T20:20:16.028+01:00&amp#27;[0;39m &amp#27;[32mDEBUG&amp#27;[0;39m &amp#27;[35m32373&amp#27;[0;39m &amp#27;[2m---&amp#27;[0;39m &amp#27;[2m[transferer] [           main]&amp#27;[0;39m &amp#27;[2m&amp#27;[0;39m&amp#27;[36mio.r2dbc.h2.client.SessionClient        &amp#27;[0;39m &amp#27;[2m:&amp#27;[0;39m Request:  INSERT INTO outbox_events (event_id, event_type, aggregate_id, event_data, occurred_at, created_at) VALUES ($1, $2, $3, $4, $5, $6) {1: '85ea4b0b-11e7-42ae-a072-2f4e13d77e2a', 2: 'ACCOUNT_OPENED', 3: '4e491ed5-8f8b-4018-8e62-eaa455d7ca6f', 4: '{"@class":"com.transferer.account.domain.events.body.AccountOpenedEventBody","accountId":{"value":"4e491ed5-8f8b-4018-8e62-eaa455d7ca6f"},"accountNumber":"0186185742","holderName":"Jane Smith","initialBalance":500.00}', 5: TIMESTAMP WITH TIME ZONE '2025-08-17 19:20:16.026802+00', 6: TIMESTAMP WITH TIME ZONE '2025-08-17 19:20:16.027938+00'}
&amp#27;[2m2025-08-17T20:20:16.028+01:00&amp#27;[0;39m &amp#27;[32mDEBUG&amp#27;[0;39m &amp#27;[35m32373&amp#27;[0;39m &amp#27;[2m---&amp#27;[0;39m &amp#27;[2m[transferer] [           main]&amp#27;[0;39m &amp#27;[2m&amp#27;[0;39m&amp#27;[36mo.s.r.c.R2dbcTransactionManager         &amp#27;[0;39m &amp#27;[2m:&amp#27;[0;39m Initiating transaction commit
&amp#27;[2m2025-08-17T20:20:16.028+01:00&amp#27;[0;39m &amp#27;[32mDEBUG&amp#27;[0;39m &amp#27;[35m32373&amp#27;[0;39m &amp#27;[2m---&amp#27;[0;39m &amp#27;[2m[transferer] [           main]&amp#27;[0;39m &amp#27;[2m&amp#27;[0;39m&amp#27;[36mo.s.r.c.R2dbcTransactionManager         &amp#27;[0;39m &amp#27;[2m:&amp#27;[0;39m Committing R2DBC transaction on Connection [PooledConnection[io.r2dbc.h2.H2Connection@1d6713dd]]
&amp#27;[2m2025-08-17T20:20:16.028+01:00&amp#27;[0;39m &amp#27;[32mDEBUG&amp#27;[0;39m &amp#27;[35m32373&amp#27;[0;39m &amp#27;[2m---&amp#27;[0;39m &amp#27;[2m[transferer] [           main]&amp#27;[0;39m &amp#27;[2m&amp#27;[0;39m&amp#27;[36mio.r2dbc.h2.client.SessionClient        &amp#27;[0;39m &amp#27;[2m:&amp#27;[0;39m Request:  COMMIT
&amp#27;[2m2025-08-17T20:20:16.028+01:00&amp#27;[0;39m &amp#27;[32mDEBUG&amp#27;[0;39m &amp#27;[35m32373&amp#27;[0;39m &amp#27;[2m---&amp#27;[0;39m &amp#27;[2m[transferer] [           main]&amp#27;[0;39m &amp#27;[2m&amp#27;[0;39m&amp#27;[36mo.s.r.c.R2dbcTransactionManager         &amp#27;[0;39m &amp#27;[2m:&amp#27;[0;39m Releasing R2DBC Connection [PooledConnection[io.r2dbc.h2.H2Connection@1d6713dd]] after transaction
&amp#27;[2m2025-08-17T20:20:16.028+01:00&amp#27;[0;39m &amp#27;[32mDEBUG&amp#27;[0;39m &amp#27;[35m32373&amp#27;[0;39m &amp#27;[2m---&amp#27;[0;39m &amp#27;[2m[transferer] [           main]&amp#27;[0;39m &amp#27;[2m&amp#27;[0;39m&amp#27;[36mio.r2dbc.h2.client.SessionClient        &amp#27;[0;39m &amp#27;[2m:&amp#27;[0;39m Request:  SELECT CURRENT_TIMESTAMP
&amp#27;[2m2025-08-17T20:20:16.029+01:00&amp#27;[0;39m &amp#27;[32mDEBUG&amp#27;[0;39m &amp#27;[35m32373&amp#27;[0;39m &amp#27;[2m---&amp#27;[0;39m &amp#27;[2m[transferer] [           main]&amp#27;[0;39m &amp#27;[2m&amp#27;[0;39m&amp#27;[36mio.r2dbc.h2.client.SessionClient        &amp#27;[0;39m &amp#27;[2m:&amp#27;[0;39m Response: org.h2.result.LocalResult@48b2dbc4 columns: 1 rows: 1 pos: -1
&amp#27;[2m2025-08-17T20:20:16.034+01:00&amp#27;[0;39m &amp#27;[32mDEBUG&amp#27;[0;39m &amp#27;[35m32373&amp#27;[0;39m &amp#27;[2m---&amp#27;[0;39m &amp#27;[2m[transferer] [           main]&amp#27;[0;39m &amp#27;[2m&amp#27;[0;39m&amp#27;[36mo.s.r.c.R2dbcTransactionManager         &amp#27;[0;39m &amp#27;[2m:&amp#27;[0;39m Creating new transaction with name [com.transferer.payment.application.PaymentService.initiatePayment]: PROPAGATION_REQUIRED,ISOLATION_DEFAULT
&amp#27;[2m2025-08-17T20:20:16.034+01:00&amp#27;[0;39m &amp#27;[32mDEBUG&amp#27;[0;39m &amp#27;[35m32373&amp#27;[0;39m &amp#27;[2m---&amp#27;[0;39m &amp#27;[2m[transferer] [           main]&amp#27;[0;39m &amp#27;[2m&amp#27;[0;39m&amp#27;[36mio.r2dbc.h2.client.SessionClient        &amp#27;[0;39m &amp#27;[2m:&amp#27;[0;39m Request:  SELECT 1
&amp#27;[2m2025-08-17T20:20:16.034+01:00&amp#27;[0;39m &amp#27;[32mDEBUG&amp#27;[0;39m &amp#27;[35m32373&amp#27;[0;39m &amp#27;[2m---&amp#27;[0;39m &amp#27;[2m[transferer] [           main]&amp#27;[0;39m &amp#27;[2m&amp#27;[0;39m&amp#27;[36mio.r2dbc.h2.client.SessionClient        &amp#27;[0;39m &amp#27;[2m:&amp#27;[0;39m Response: org.h2.result.LocalResult@4fa5cc73 columns: 1 rows: 1 pos: -1
&amp#27;[2m2025-08-17T20:20:16.034+01:00&amp#27;[0;39m &amp#27;[32mDEBUG&amp#27;[0;39m &amp#27;[35m32373&amp#27;[0;39m &amp#27;[2m---&amp#27;[0;39m &amp#27;[2m[transferer] [           main]&amp#27;[0;39m &amp#27;[2m&amp#27;[0;39m&amp#27;[36mo.s.r.c.R2dbcTransactionManager         &amp#27;[0;39m &amp#27;[2m:&amp#27;[0;39m Acquired Connection [PooledConnection[io.r2dbc.h2.H2Connection@1d6713dd]] for R2DBC transaction
&amp#27;[2m2025-08-17T20:20:16.034+01:00&amp#27;[0;39m &amp#27;[32mDEBUG&amp#27;[0;39m &amp#27;[35m32373&amp#27;[0;39m &amp#27;[2m---&amp#27;[0;39m &amp#27;[2m[transferer] [           main]&amp#27;[0;39m &amp#27;[2m&amp#27;[0;39m&amp#27;[36mo.s.r.c.R2dbcTransactionManager         &amp#27;[0;39m &amp#27;[2m:&amp#27;[0;39m Starting R2DBC transaction on Connection [PooledConnection[io.r2dbc.h2.H2Connection@1d6713dd]] using [ExtendedTransactionDefinition [transactionName='com.transferer.payment.application.PaymentService.initiatePayment', readOnly=false, isolationLevel=null, lockWaitTimeout=PT0S]]
&amp#27;[2m2025-08-17T20:20:16.034+01:00&amp#27;[0;39m &amp#27;[33m WARN&amp#27;[0;39m &amp#27;[35m32373&amp#27;[0;39m &amp#27;[2m---&amp#27;[0;39m &amp#27;[2m[transferer] [           main]&amp#27;[0;39m &amp#27;[2m&amp#27;[0;39m&amp#27;[36mio.r2dbc.h2.H2Connection                &amp#27;[0;39m &amp#27;[2m:&amp#27;[0;39m Option{name='readOnly', sensitive=false} + isn't supported in H2 at the transaction level. You must set it on conenction URL. See http://www.h2database.com/html/features.html#read_only
&amp#27;[2m2025-08-17T20:20:16.036+01:00&amp#27;[0;39m &amp#27;[32mDEBUG&amp#27;[0;39m &amp#27;[35m32373&amp#27;[0;39m &amp#27;[2m---&amp#27;[0;39m &amp#27;[2m[transferer] [           main]&amp#27;[0;39m &amp#27;[2m&amp#27;[0;39m&amp#27;[36mo.s.r.c.R2dbcTransactionManager         &amp#27;[0;39m &amp#27;[2m:&amp#27;[0;39m Participating in existing transaction
&amp#27;[2m2025-08-17T20:20:16.037+01:00&amp#27;[0;39m &amp#27;[32mDEBUG&amp#27;[0;39m &amp#27;[35m32373&amp#27;[0;39m &amp#27;[2m---&amp#27;[0;39m &amp#27;[2m[transferer] [           main]&amp#27;[0;39m &amp#27;[2m&amp#27;[0;39m&amp#27;[36mo.s.r2dbc.core.DefaultDatabaseClient    &amp#27;[0;39m &amp#27;[2m:&amp#27;[0;39m Executing SQL statement [INSERT INTO payments (ID, sender_account_id, recipient_account_id, amount, description, status, current_step, created_at, updated_at) VALUES ($1, $2, $3, $4, $5, $6, $7, $8, $9)]
&amp#27;[2m2025-08-17T20:20:16.037+01:00&amp#27;[0;39m &amp#27;[32mDEBUG&amp#27;[0;39m &amp#27;[35m32373&amp#27;[0;39m &amp#27;[2m---&amp#27;[0;39m &amp#27;[2m[transferer] [           main]&amp#27;[0;39m &amp#27;[2m&amp#27;[0;39m&amp#27;[36mio.r2dbc.h2.client.SessionClient        &amp#27;[0;39m &amp#27;[2m:&amp#27;[0;39m Request:  INSERT INTO payments (ID, sender_account_id, recipient_account_id, amount, description, status, current_step, created_at, updated_at) VALUES ($1, $2, $3, $4, $5, $6, $7, $8, $9) {1: '49da19dd-8d62-4383-9c2c-ea316b744bdb', 2: '1b2655a0-6185-44ef-b192-895247234cc4', 3: '4e491ed5-8f8b-4018-8e62-eaa455d7ca6f', 4: 100.00, 5: 'Rollback balance verification test', 6: 'PENDING', 7: 'INITIATED', 8: TIMESTAMP '2025-08-17 20:20:16.035348', 9: TIMESTAMP '2025-08-17 20:20:16.035354'}
&amp#27;[2m2025-08-17T20:20:16.038+01:00&amp#27;[0;39m &amp#27;[32mDEBUG&amp#27;[0;39m &amp#27;[35m32373&amp#27;[0;39m &amp#27;[2m---&amp#27;[0;39m &amp#27;[2m[transferer] [           main]&amp#27;[0;39m &amp#27;[2m&amp#27;[0;39m&amp#27;[36mo.s.r.c.R2dbcTransactionManager         &amp#27;[0;39m &amp#27;[2m:&amp#27;[0;39m Participating in existing transaction
&amp#27;[2m2025-08-17T20:20:16.039+01:00&amp#27;[0;39m &amp#27;[32mDEBUG&amp#27;[0;39m &amp#27;[35m32373&amp#27;[0;39m &amp#27;[2m---&amp#27;[0;39m &amp#27;[2m[transferer] [           main]&amp#27;[0;39m &amp#27;[2m&amp#27;[0;39m&amp#27;[36mo.s.r2dbc.core.DefaultDatabaseClient    &amp#27;[0;39m &amp#27;[2m:&amp#27;[0;39m Executing SQL statement [INSERT INTO outbox_events (event_id, event_type, aggregate_id, event_data, occurred_at, created_at) VALUES ($1, $2, $3, $4, $5, $6)]
&amp#27;[2m2025-08-17T20:20:16.039+01:00&amp#27;[0;39m &amp#27;[32mDEBUG&amp#27;[0;39m &amp#27;[35m32373&amp#27;[0;39m &amp#27;[2m---&amp#27;[0;39m &amp#27;[2m[transferer] [           main]&amp#27;[0;39m &amp#27;[2m&amp#27;[0;39m&amp#27;[36mio.r2dbc.h2.client.SessionClient        &amp#27;[0;39m &amp#27;[2m:&amp#27;[0;39m Request:  INSERT INTO outbox_events (event_id, event_type, aggregate_id, event_data, occurred_at, created_at) VALUES ($1, $2, $3, $4, $5, $6) {1: '98926f06-6bd8-4a9d-9dd8-a75501a501ae', 2: 'PAYMENT_INITIATED', 3: '49da19dd-8d62-4383-9c2c-ea316b744bdb', 4: '{"@class":"com.transferer.payment.domain.events.body.PaymentInitiatedEventBody","paymentId":{"value":"49da19dd-8d62-4383-9c2c-ea316b744bdb"},"senderAccountId":{"value":"1b2655a0-6185-44ef-b192-895247234cc4"},"recipientAccountId":{"value":"4e491ed5-8f8b-4018-8e62-eaa455d7ca6f"},"amount":100.00,"description":"Rollback balance verification test"}', 5: TIMESTAMP WITH TIME ZONE '2025-08-17 19:20:16.035631+00', 6: TIMESTAMP WITH TIME ZONE '2025-08-17 19:20:16.03907+00'}
&amp#27;[2m2025-08-17T20:20:16.042+01:00&amp#27;[0;39m &amp#27;[32mDEBUG&amp#27;[0;39m &amp#27;[35m32373&amp#27;[0;39m &amp#27;[2m---&amp#27;[0;39m &amp#27;[2m[transferer] [           main]&amp#27;[0;39m &amp#27;[2m&amp#27;[0;39m&amp#27;[36mo.s.r2dbc.core.DefaultDatabaseClient    &amp#27;[0;39m &amp#27;[2m:&amp#27;[0;39m Executing SQL statement [INSERT INTO outbox_events (event_id, event_type, aggregate_id, event_data, occurred_at, created_at) VALUES ($1, $2, $3, $4, $5, $6)]
&amp#27;[2m2025-08-17T20:20:16.042+01:00&amp#27;[0;39m &amp#27;[32mDEBUG&amp#27;[0;39m &amp#27;[35m32373&amp#27;[0;39m &amp#27;[2m---&amp#27;[0;39m &amp#27;[2m[transferer] [           main]&amp#27;[0;39m &amp#27;[2m&amp#27;[0;39m&amp#27;[36mio.r2dbc.h2.client.SessionClient        &amp#27;[0;39m &amp#27;[2m:&amp#27;[0;39m Request:  INSERT INTO outbox_events (event_id, event_type, aggregate_id, event_data, occurred_at, created_at) VALUES ($1, $2, $3, $4, $5, $6) {1: '076bc032-55d7-45c1-afdf-28fca352c14f', 2: 'PAYMENT_STEP_ADVANCED', 3: '49da19dd-8d62-4383-9c2c-ea316b744bdb', 4: '{"@class":"com.transferer.payment.domain.events.body.PaymentStepAdvancedEventBody","paymentId":{"value":"49da19dd-8d62-4383-9c2c-ea316b744bdb"},"previousStep":{"empty":true,"present":false},"currentStep":"INITIATED"}', 5: TIMESTAMP WITH TIME ZONE '2025-08-17 19:20:16.035691+00', 6: TIMESTAMP WITH TIME ZONE '2025-08-17 19:20:16.042415+00'}
&amp#27;[2m2025-08-17T20:20:16.043+01:00&amp#27;[0;39m &amp#27;[32mDEBUG&amp#27;[0;39m &amp#27;[35m32373&amp#27;[0;39m &amp#27;[2m---&amp#27;[0;39m &amp#27;[2m[transferer] [           main]&amp#27;[0;39m &amp#27;[2m&amp#27;[0;39m&amp#27;[36mo.s.r.c.R2dbcTransactionManager         &amp#27;[0;39m &amp#27;[2m:&amp#27;[0;39m Initiating transaction commit
&amp#27;[2m2025-08-17T20:20:16.043+01:00&amp#27;[0;39m &amp#27;[32mDEBUG&amp#27;[0;39m &amp#27;[35m32373&amp#27;[0;39m &amp#27;[2m---&amp#27;[0;39m &amp#27;[2m[transferer] [           main]&amp#27;[0;39m &amp#27;[2m&amp#27;[0;39m&amp#27;[36mo.s.r.c.R2dbcTransactionManager         &amp#27;[0;39m &amp#27;[2m:&amp#27;[0;39m Committing R2DBC transaction on Connection [PooledConnection[io.r2dbc.h2.H2Connection@1d6713dd]]
&amp#27;[2m2025-08-17T20:20:16.043+01:00&amp#27;[0;39m &amp#27;[32mDEBUG&amp#27;[0;39m &amp#27;[35m32373&amp#27;[0;39m &amp#27;[2m---&amp#27;[0;39m &amp#27;[2m[transferer] [           main]&amp#27;[0;39m &amp#27;[2m&amp#27;[0;39m&amp#27;[36mio.r2dbc.h2.client.SessionClient        &amp#27;[0;39m &amp#27;[2m:&amp#27;[0;39m Request:  COMMIT
&amp#27;[2m2025-08-17T20:20:16.043+01:00&amp#27;[0;39m &amp#27;[32mDEBUG&amp#27;[0;39m &amp#27;[35m32373&amp#27;[0;39m &amp#27;[2m---&amp#27;[0;39m &amp#27;[2m[transferer] [           main]&amp#27;[0;39m &amp#27;[2m&amp#27;[0;39m&amp#27;[36mo.s.r.c.R2dbcTransactionManager         &amp#27;[0;39m &amp#27;[2m:&amp#27;[0;39m Releasing R2DBC Connection [PooledConnection[io.r2dbc.h2.H2Connection@1d6713dd]] after transaction
&amp#27;[2m2025-08-17T20:20:16.043+01:00&amp#27;[0;39m &amp#27;[32mDEBUG&amp#27;[0;39m &amp#27;[35m32373&amp#27;[0;39m &amp#27;[2m---&amp#27;[0;39m &amp#27;[2m[transferer] [           main]&amp#27;[0;39m &amp#27;[2m&amp#27;[0;39m&amp#27;[36mio.r2dbc.h2.client.SessionClient        &amp#27;[0;39m &amp#27;[2m:&amp#27;[0;39m Request:  SELECT CURRENT_TIMESTAMP
&amp#27;[2m2025-08-17T20:20:16.043+01:00&amp#27;[0;39m &amp#27;[32mDEBUG&amp#27;[0;39m &amp#27;[35m32373&amp#27;[0;39m &amp#27;[2m---&amp#27;[0;39m &amp#27;[2m[transferer] [           main]&amp#27;[0;39m &amp#27;[2m&amp#27;[0;39m&amp#27;[36mio.r2dbc.h2.client.SessionClient        &amp#27;[0;39m &amp#27;[2m:&amp#27;[0;39m Response: org.h2.result.LocalResult@4bf8b77 columns: 1 rows: 1 pos: -1
&amp#27;[2m2025-08-17T20:20:16.146+01:00&amp#27;[0;39m &amp#27;[32mDEBUG&amp#27;[0;39m &amp#27;[35m32373&amp#27;[0;39m &amp#27;[2m---&amp#27;[0;39m &amp#27;[2m[transferer] [     parallel-4]&amp#27;[0;39m &amp#27;[2m&amp#27;[0;39m&amp#27;[36mio.r2dbc.h2.client.SessionClient        &amp#27;[0;39m &amp#27;[2m:&amp#27;[0;39m Request:  SELECT 1
&amp#27;[2m2025-08-17T20:20:16.146+01:00&amp#27;[0;39m &amp#27;[32mDEBUG&amp#27;[0;39m &amp#27;[35m32373&amp#27;[0;39m &amp#27;[2m---&amp#27;[0;39m &amp#27;[2m[transferer] [     parallel-4]&amp#27;[0;39m &amp#27;[2m&amp#27;[0;39m&amp#27;[36mio.r2dbc.h2.client.SessionClient        &amp#27;[0;39m &amp#27;[2m:&amp#27;[0;39m Response: org.h2.result.LocalResult@5f8be115 columns: 1 rows: 1 pos: -1
&amp#27;[2m2025-08-17T20:20:16.147+01:00&amp#27;[0;39m &amp#27;[32mDEBUG&amp#27;[0;39m &amp#27;[35m32373&amp#27;[0;39m &amp#27;[2m---&amp#27;[0;39m &amp#27;[2m[transferer] [     parallel-4]&amp#27;[0;39m &amp#27;[2m&amp#27;[0;39m&amp#27;[36mo.s.r2dbc.core.DefaultDatabaseClient    &amp#27;[0;39m &amp#27;[2m:&amp#27;[0;39m Executing SQL statement [SELECT event_type, COUNT(*) as count FROM outbox_events GROUP BY event_type]
&amp#27;[2m2025-08-17T20:20:16.148+01:00&amp#27;[0;39m &amp#27;[32mDEBUG&amp#27;[0;39m &amp#27;[35m32373&amp#27;[0;39m &amp#27;[2m---&amp#27;[0;39m &amp#27;[2m[transferer] [     parallel-4]&amp#27;[0;39m &amp#27;[2m&amp#27;[0;39m&amp#27;[36mio.r2dbc.h2.client.SessionClient        &amp#27;[0;39m &amp#27;[2m:&amp#27;[0;39m Request:  SELECT event_type, COUNT(*) as count FROM outbox_events GROUP BY event_type
&amp#27;[2m2025-08-17T20:20:16.149+01:00&amp#27;[0;39m &amp#27;[32mDEBUG&amp#27;[0;39m &amp#27;[35m32373&amp#27;[0;39m &amp#27;[2m---&amp#27;[0;39m &amp#27;[2m[transferer] [     parallel-4]&amp#27;[0;39m &amp#27;[2m&amp#27;[0;39m&amp#27;[36mio.r2dbc.h2.client.SessionClient        &amp#27;[0;39m &amp#27;[2m:&amp#27;[0;39m Response: org.h2.result.LocalResult@4dc7d678 columns: 2 rows: 3 pos: -1
&amp#27;[2m2025-08-17T20:20:16.149+01:00&amp#27;[0;39m &amp#27;[32mDEBUG&amp#27;[0;39m &amp#27;[35m32373&amp#27;[0;39m &amp#27;[2m---&amp#27;[0;39m &amp#27;[2m[transferer] [     parallel-4]&amp#27;[0;39m &amp#27;[2m&amp#27;[0;39m&amp#27;[36mio.r2dbc.h2.client.SessionClient        &amp#27;[0;39m &amp#27;[2m:&amp#27;[0;39m Request:  SELECT CURRENT_TIMESTAMP
&amp#27;[2m2025-08-17T20:20:16.149+01:00&amp#27;[0;39m &amp#27;[32mDEBUG&amp#27;[0;39m &amp#27;[35m32373&amp#27;[0;39m &amp#27;[2m---&amp#27;[0;39m &amp#27;[2m[transferer] [     parallel-4]&amp#27;[0;39m &amp#27;[2m&amp#27;[0;39m&amp#27;[36mio.r2dbc.h2.client.SessionClient        &amp#27;[0;39m &amp#27;[2m:&amp#27;[0;39m Response: org.h2.result.LocalResult@2a9a695d columns: 1 rows: 1 pos: -1
&amp#27;[2m2025-08-17T20:20:16.150+01:00&amp#27;[0;39m &amp#27;[32mDEBUG&amp#27;[0;39m &amp#27;[35m32373&amp#27;[0;39m &amp#27;[2m---&amp#27;[0;39m &amp#27;[2m[transferer] [     parallel-4]&amp#27;[0;39m &amp#27;[2m&amp#27;[0;39m&amp#27;[36mio.r2dbc.h2.client.SessionClient        &amp#27;[0;39m &amp#27;[2m:&amp#27;[0;39m Request:  SELECT 1
&amp#27;[2m2025-08-17T20:20:16.150+01:00&amp#27;[0;39m &amp#27;[32mDEBUG&amp#27;[0;39m &amp#27;[35m32373&amp#27;[0;39m &amp#27;[2m---&amp#27;[0;39m &amp#27;[2m[transferer] [     parallel-4]&amp#27;[0;39m &amp#27;[2m&amp#27;[0;39m&amp#27;[36mio.r2dbc.h2.client.SessionClient        &amp#27;[0;39m &amp#27;[2m:&amp#27;[0;39m Response: org.h2.result.LocalResult@6a6a544e columns: 1 rows: 1 pos: -1
&amp#27;[2m2025-08-17T20:20:16.150+01:00&amp#27;[0;39m &amp#27;[32mDEBUG&amp#27;[0;39m &amp#27;[35m32373&amp#27;[0;39m &amp#27;[2m---&amp#27;[0;39m &amp#27;[2m[transferer] [     parallel-4]&amp#27;[0;39m &amp#27;[2m&amp#27;[0;39m&amp#27;[36mo.s.r2dbc.core.DefaultDatabaseClient    &amp#27;[0;39m &amp#27;[2m:&amp#27;[0;39m Executing SQL statement [SELECT payments.* FROM payments WHERE payments.ID = $1 LIMIT 2]
&amp#27;[2m2025-08-17T20:20:16.150+01:00&amp#27;[0;39m &amp#27;[32mDEBUG&amp#27;[0;39m &amp#27;[35m32373&amp#27;[0;39m &amp#27;[2m---&amp#27;[0;39m &amp#27;[2m[transferer] [     parallel-4]&amp#27;[0;39m &amp#27;[2m&amp#27;[0;39m&amp#27;[36mio.r2dbc.h2.client.SessionClient        &amp#27;[0;39m &amp#27;[2m:&amp#27;[0;39m Request:  SELECT payments.* FROM payments WHERE payments.ID = $1 LIMIT 2 {1: '49da19dd-8d62-4383-9c2c-ea316b744bdb'}
&amp#27;[2m2025-08-17T20:20:16.150+01:00&amp#27;[0;39m &amp#27;[32mDEBUG&amp#27;[0;39m &amp#27;[35m32373&amp#27;[0;39m &amp#27;[2m---&amp#27;[0;39m &amp#27;[2m[transferer] [     parallel-4]&amp#27;[0;39m &amp#27;[2m&amp#27;[0;39m&amp#27;[36mio.r2dbc.h2.client.SessionClient        &amp#27;[0;39m &amp#27;[2m:&amp#27;[0;39m Response: org.h2.result.LocalResult@48c25d23 columns: 12 rows: 1 pos: -1
&amp#27;[2m2025-08-17T20:20:16.153+01:00&amp#27;[0;39m &amp#27;[32mDEBUG&amp#27;[0;39m &amp#27;[35m32373&amp#27;[0;39m &amp#27;[2m---&amp#27;[0;39m &amp#27;[2m[transferer] [     parallel-4]&amp#27;[0;39m &amp#27;[2m&amp#27;[0;39m&amp#27;[36mio.r2dbc.h2.client.SessionClient        &amp#27;[0;39m &amp#27;[2m:&amp#27;[0;39m Request:  SELECT CURRENT_TIMESTAMP
&amp#27;[2m2025-08-17T20:20:16.153+01:00&amp#27;[0;39m &amp#27;[32mDEBUG&amp#27;[0;39m &amp#27;[35m32373&amp#27;[0;39m &amp#27;[2m---&amp#27;[0;39m &amp#27;[2m[transferer] [     parallel-4]&amp#27;[0;39m &amp#27;[2m&amp#27;[0;39m&amp#27;[36mio.r2dbc.h2.client.SessionClient        &amp#27;[0;39m &amp#27;[2m:&amp#27;[0;39m Response: org.h2.result.LocalResult@6b51c2ae columns: 1 rows: 1 pos: -1
&amp#27;[2m2025-08-17T20:20:16.168+01:00&amp#27;[0;39m &amp#27;[32mDEBUG&amp#27;[0;39m &amp#27;[35m32373&amp#27;[0;39m &amp#27;[2m---&amp#27;[0;39m &amp#27;[2m[transferer] [     parallel-4]&amp#27;[0;39m &amp#27;[2m&amp#27;[0;39m&amp#27;[36mio.r2dbc.h2.client.SessionClient        &amp#27;[0;39m &amp#27;[2m:&amp#27;[0;39m Request:  SELECT 1
&amp#27;[2m2025-08-17T20:20:16.168+01:00&amp#27;[0;39m &amp#27;[32mDEBUG&amp#27;[0;39m &amp#27;[35m32373&amp#27;[0;39m &amp#27;[2m---&amp#27;[0;39m &amp#27;[2m[transferer] [     parallel-4]&amp#27;[0;39m &amp#27;[2m&amp#27;[0;39m&amp#27;[36mio.r2dbc.h2.client.SessionClient        &amp#27;[0;39m &amp#27;[2m:&amp#27;[0;39m Response: org.h2.result.LocalResult@31860e4c columns: 1 rows: 1 pos: -1
&amp#27;[2m2025-08-17T20:20:16.169+01:00&amp#27;[0;39m &amp#27;[32mDEBUG&amp#27;[0;39m &amp#27;[35m32373&amp#27;[0;39m &amp#27;[2m---&amp#27;[0;39m &amp#27;[2m[transferer] [     parallel-4]&amp#27;[0;39m &amp#27;[2m&amp#27;[0;39m&amp#27;[36mo.s.r2dbc.core.DefaultDatabaseClient    &amp#27;[0;39m &amp#27;[2m:&amp#27;[0;39m Executing SQL statement [SELECT accounts.* FROM accounts WHERE accounts.ID = $1 LIMIT 2]
&amp#27;[2m2025-08-17T20:20:16.169+01:00&amp#27;[0;39m &amp#27;[32mDEBUG&amp#27;[0;39m &amp#27;[35m32373&amp#27;[0;39m &amp#27;[2m---&amp#27;[0;39m &amp#27;[2m[transferer] [     parallel-4]&amp#27;[0;39m &amp#27;[2m&amp#27;[0;39m&amp#27;[36mio.r2dbc.h2.client.SessionClient        &amp#27;[0;39m &amp#27;[2m:&amp#27;[0;39m Request:  SELECT accounts.* FROM accounts WHERE accounts.ID = $1 LIMIT 2 {1: '1b2655a0-6185-44ef-b192-895247234cc4'}
&amp#27;[2m2025-08-17T20:20:16.169+01:00&amp#27;[0;39m &amp#27;[32mDEBUG&amp#27;[0;39m &amp#27;[35m32373&amp#27;[0;39m &amp#27;[2m---&amp#27;[0;39m &amp#27;[2m[transferer] [     parallel-4]&amp#27;[0;39m &amp#27;[2m&amp#27;[0;39m&amp#27;[36mio.r2dbc.h2.client.SessionClient        &amp#27;[0;39m &amp#27;[2m:&amp#27;[0;39m Response: org.h2.result.LocalResult@475cc501 columns: 7 rows: 1 pos: -1
&amp#27;[2m2025-08-17T20:20:16.170+01:00&amp#27;[0;39m &amp#27;[32mDEBUG&amp#27;[0;39m &amp#27;[35m32373&amp#27;[0;39m &amp#27;[2m---&amp#27;[0;39m &amp#27;[2m[transferer] [     parallel-4]&amp#27;[0;39m &amp#27;[2m&amp#27;[0;39m&amp#27;[36mio.r2dbc.h2.client.SessionClient        &amp#27;[0;39m &amp#27;[2m:&amp#27;[0;39m Request:  SELECT CURRENT_TIMESTAMP
&amp#27;[2m2025-08-17T20:20:16.170+01:00&amp#27;[0;39m &amp#27;[32mDEBUG&amp#27;[0;39m &amp#27;[35m32373&amp#27;[0;39m &amp#27;[2m---&amp#27;[0;39m &amp#27;[2m[transferer] [     parallel-4]&amp#27;[0;39m &amp#27;[2m&amp#27;[0;39m&amp#27;[36mio.r2dbc.h2.client.SessionClient        &amp#27;[0;39m &amp#27;[2m:&amp#27;[0;39m Response: org.h2.result.LocalResult@4ddeff78 columns: 1 rows: 1 pos: -1
&amp#27;[2m2025-08-17T20:20:16.170+01:00&amp#27;[0;39m &amp#27;[32mDEBUG&amp#27;[0;39m &amp#27;[35m32373&amp#27;[0;39m &amp#27;[2m---&amp#27;[0;39m &amp#27;[2m[transferer] [     parallel-4]&amp#27;[0;39m &amp#27;[2m&amp#27;[0;39m&amp#27;[36mio.r2dbc.h2.client.SessionClient        &amp#27;[0;39m &amp#27;[2m:&amp#27;[0;39m Request:  SELECT 1
&amp#27;[2m2025-08-17T20:20:16.170+01:00&amp#27;[0;39m &amp#27;[32mDEBUG&amp#27;[0;39m &amp#27;[35m32373&amp#27;[0;39m &amp#27;[2m---&amp#27;[0;39m &amp#27;[2m[transferer] [     parallel-4]&amp#27;[0;39m &amp#27;[2m&amp#27;[0;39m&amp#27;[36mio.r2dbc.h2.client.SessionClient        &amp#27;[0;39m &amp#27;[2m:&amp#27;[0;39m Response: org.h2.result.LocalResult@21e9b1ce columns: 1 rows: 1 pos: -1
&amp#27;[2m2025-08-17T20:20:16.170+01:00&amp#27;[0;39m &amp#27;[32mDEBUG&amp#27;[0;39m &amp#27;[35m32373&amp#27;[0;39m &amp#27;[2m---&amp#27;[0;39m &amp#27;[2m[transferer] [     parallel-4]&amp#27;[0;39m &amp#27;[2m&amp#27;[0;39m&amp#27;[36mo.s.r2dbc.core.DefaultDatabaseClient    &amp#27;[0;39m &amp#27;[2m:&amp#27;[0;39m Executing SQL statement [SELECT accounts.* FROM accounts WHERE accounts.ID = $1 LIMIT 2]
&amp#27;[2m2025-08-17T20:20:16.170+01:00&amp#27;[0;39m &amp#27;[32mDEBUG&amp#27;[0;39m &amp#27;[35m32373&amp#27;[0;39m &amp#27;[2m---&amp#27;[0;39m &amp#27;[2m[transferer] [     parallel-4]&amp#27;[0;39m &amp#27;[2m&amp#27;[0;39m&amp#27;[36mio.r2dbc.h2.client.SessionClient        &amp#27;[0;39m &amp#27;[2m:&amp#27;[0;39m Request:  SELECT accounts.* FROM accounts WHERE accounts.ID = $1 LIMIT 2 {1: '4e491ed5-8f8b-4018-8e62-eaa455d7ca6f'}
&amp#27;[2m2025-08-17T20:20:16.170+01:00&amp#27;[0;39m &amp#27;[32mDEBUG&amp#27;[0;39m &amp#27;[35m32373&amp#27;[0;39m &amp#27;[2m---&amp#27;[0;39m &amp#27;[2m[transferer] [     parallel-4]&amp#27;[0;39m &amp#27;[2m&amp#27;[0;39m&amp#27;[36mio.r2dbc.h2.client.SessionClient        &amp#27;[0;39m &amp#27;[2m:&amp#27;[0;39m Response: org.h2.result.LocalResult@3ae93247 columns: 7 rows: 1 pos: -1
&amp#27;[2m2025-08-17T20:20:16.171+01:00&amp#27;[0;39m &amp#27;[32mDEBUG&amp#27;[0;39m &amp#27;[35m32373&amp#27;[0;39m &amp#27;[2m---&amp#27;[0;39m &amp#27;[2m[transferer] [     parallel-4]&amp#27;[0;39m &amp#27;[2m&amp#27;[0;39m&amp#27;[36mio.r2dbc.h2.client.SessionClient        &amp#27;[0;39m &amp#27;[2m:&amp#27;[0;39m Request:  SELECT CURRENT_TIMESTAMP
&amp#27;[2m2025-08-17T20:20:16.171+01:00&amp#27;[0;39m &amp#27;[32mDEBUG&amp#27;[0;39m &amp#27;[35m32373&amp#27;[0;39m &amp#27;[2m---&amp#27;[0;39m &amp#27;[2m[transferer] [     parallel-4]&amp#27;[0;39m &amp#27;[2m&amp#27;[0;39m&amp#27;[36mio.r2dbc.h2.client.SessionClient        &amp#27;[0;39m &amp#27;[2m:&amp#27;[0;39m Response: org.h2.result.LocalResult@36121f8a columns: 1 rows: 1 pos: -1
&amp#27;[2m2025-08-17T20:20:16.172+01:00&amp#27;[0;39m &amp#27;[32mDEBUG&amp#27;[0;39m &amp#27;[35m32373&amp#27;[0;39m &amp#27;[2m---&amp#27;[0;39m &amp#27;[2m[transferer] [     parallel-4]&amp#27;[0;39m &amp#27;[2m&amp#27;[0;39m&amp#27;[36mio.r2dbc.h2.client.SessionClient        &amp#27;[0;39m &amp#27;[2m:&amp#27;[0;39m Request:  SELECT 1
&amp#27;[2m2025-08-17T20:20:16.172+01:00&amp#27;[0;39m &amp#27;[32mDEBUG&amp#27;[0;39m &amp#27;[35m32373&amp#27;[0;39m &amp#27;[2m---&amp#27;[0;39m &amp#27;[2m[transferer] [     parallel-4]&amp#27;[0;39m &amp#27;[2m&amp#27;[0;39m&amp#27;[36mio.r2dbc.h2.client.SessionClient        &amp#27;[0;39m &amp#27;[2m:&amp#27;[0;39m Response: org.h2.result.LocalResult@264fdc46 columns: 1 rows: 1 pos: -1
&amp#27;[2m2025-08-17T20:20:16.172+01:00&amp#27;[0;39m &amp#27;[32mDEBUG&amp#27;[0;39m &amp#27;[35m32373&amp#27;[0;39m &amp#27;[2m---&amp#27;[0;39m &amp#27;[2m[transferer] [     parallel-4]&amp#27;[0;39m &amp#27;[2m&amp#27;[0;39m&amp#27;[36mo.s.r2dbc.core.DefaultDatabaseClient    &amp#27;[0;39m &amp#27;[2m:&amp#27;[0;39m Executing SQL statement [SELECT payments.* FROM payments WHERE payments.ID = $1 LIMIT 2]
&amp#27;[2m2025-08-17T20:20:16.172+01:00&amp#27;[0;39m &amp#27;[32mDEBUG&amp#27;[0;39m &amp#27;[35m32373&amp#27;[0;39m &amp#27;[2m---&amp#27;[0;39m &amp#27;[2m[transferer] [     parallel-4]&amp#27;[0;39m &amp#27;[2m&amp#27;[0;39m&amp#27;[36mio.r2dbc.h2.client.SessionClient        &amp#27;[0;39m &amp#27;[2m:&amp#27;[0;39m Request:  SELECT payments.* FROM payments WHERE payments.ID = $1 LIMIT 2 {1: '49da19dd-8d62-4383-9c2c-ea316b744bdb'}
&amp#27;[2m2025-08-17T20:20:16.172+01:00&amp#27;[0;39m &amp#27;[32mDEBUG&amp#27;[0;39m &amp#27;[35m32373&amp#27;[0;39m &amp#27;[2m---&amp#27;[0;39m &amp#27;[2m[transferer] [     parallel-4]&amp#27;[0;39m &amp#27;[2m&amp#27;[0;39m&amp#27;[36mio.r2dbc.h2.client.SessionClient        &amp#27;[0;39m &amp#27;[2m:&amp#27;[0;39m Response: org.h2.result.LocalResult@1e7b7e31 columns: 12 rows: 1 pos: -1
&amp#27;[2m2025-08-17T20:20:16.173+01:00&amp#27;[0;39m &amp#27;[32mDEBUG&amp#27;[0;39m &amp#27;[35m32373&amp#27;[0;39m &amp#27;[2m---&amp#27;[0;39m &amp#27;[2m[transferer] [     parallel-4]&amp#27;[0;39m &amp#27;[2m&amp#27;[0;39m&amp#27;[36mio.r2dbc.h2.client.SessionClient        &amp#27;[0;39m &amp#27;[2m:&amp#27;[0;39m Request:  SELECT CURRENT_TIMESTAMP
&amp#27;[2m2025-08-17T20:20:16.173+01:00&amp#27;[0;39m &amp#27;[32mDEBUG&amp#27;[0;39m &amp#27;[35m32373&amp#27;[0;39m &amp#27;[2m---&amp#27;[0;39m &amp#27;[2m[transferer] [     parallel-4]&amp#27;[0;39m &amp#27;[2m&amp#27;[0;39m&amp#27;[36mio.r2dbc.h2.client.SessionClient        &amp#27;[0;39m &amp#27;[2m:&amp#27;[0;39m Response: org.h2.result.LocalResult@459486a8 columns: 1 rows: 1 pos: -1
&amp#27;[2m2025-08-17T20:20:16.678+01:00&amp#27;[0;39m &amp#27;[32mDEBUG&amp#27;[0;39m &amp#27;[35m32373&amp#27;[0;39m &amp#27;[2m---&amp#27;[0;39m &amp#27;[2m[transferer] [     parallel-5]&amp#27;[0;39m &amp#27;[2m&amp#27;[0;39m&amp#27;[36mio.r2dbc.h2.client.SessionClient        &amp#27;[0;39m &amp#27;[2m:&amp#27;[0;39m Request:  SELECT 1
&amp#27;[2m2025-08-17T20:20:16.678+01:00&amp#27;[0;39m &amp#27;[32mDEBUG&amp#27;[0;39m &amp#27;[35m32373&amp#27;[0;39m &amp#27;[2m---&amp#27;[0;39m &amp#27;[2m[transferer] [     parallel-5]&amp#27;[0;39m &amp#27;[2m&amp#27;[0;39m&amp#27;[36mio.r2dbc.h2.client.SessionClient        &amp#27;[0;39m &amp#27;[2m:&amp#27;[0;39m Response: org.h2.result.LocalResult@5b2cbf15 columns: 1 rows: 1 pos: -1
&amp#27;[2m2025-08-17T20:20:16.679+01:00&amp#27;[0;39m &amp#27;[32mDEBUG&amp#27;[0;39m &amp#27;[35m32373&amp#27;[0;39m &amp#27;[2m---&amp#27;[0;39m &amp#27;[2m[transferer] [     parallel-5]&amp#27;[0;39m &amp#27;[2m&amp#27;[0;39m&amp#27;[36mo.s.r2dbc.core.DefaultDatabaseClient    &amp#27;[0;39m &amp#27;[2m:&amp#27;[0;39m Executing SQL statement [SELECT payments.* FROM payments WHERE payments.ID = $1 LIMIT 2]
&amp#27;[2m2025-08-17T20:20:16.679+01:00&amp#27;[0;39m &amp#27;[32mDEBUG&amp#27;[0;39m &amp#27;[35m32373&amp#27;[0;39m &amp#27;[2m---&amp#27;[0;39m &amp#27;[2m[transferer] [     parallel-5]&amp#27;[0;39m &amp#27;[2m&amp#27;[0;39m&amp#27;[36mio.r2dbc.h2.client.SessionClient        &amp#27;[0;39m &amp#27;[2m:&amp#27;[0;39m Request:  SELECT payments.* FROM payments WHERE payments.ID = $1 LIMIT 2 {1: '49da19dd-8d62-4383-9c2c-ea316b744bdb'}
&amp#27;[2m2025-08-17T20:20:16.679+01:00&amp#27;[0;39m &amp#27;[32mDEBUG&amp#27;[0;39m &amp#27;[35m32373&amp#27;[0;39m &amp#27;[2m---&amp#27;[0;39m &amp#27;[2m[transferer] [     parallel-5]&amp#27;[0;39m &amp#27;[2m&amp#27;[0;39m&amp#27;[36mio.r2dbc.h2.client.SessionClient        &amp#27;[0;39m &amp#27;[2m:&amp#27;[0;39m Response: org.h2.result.LocalResult@55eb4a00 columns: 12 rows: 1 pos: -1
&amp#27;[2m2025-08-17T20:20:16.679+01:00&amp#27;[0;39m &amp#27;[32mDEBUG&amp#27;[0;39m &amp#27;[35m32373&amp#27;[0;39m &amp#27;[2m---&amp#27;[0;39m &amp#27;[2m[transferer] [     parallel-5]&amp#27;[0;39m &amp#27;[2m&amp#27;[0;39m&amp#27;[36mio.r2dbc.h2.client.SessionClient        &amp#27;[0;39m &amp#27;[2m:&amp#27;[0;39m Request:  SELECT CURRENT_TIMESTAMP
&amp#27;[2m2025-08-17T20:20:16.679+01:00&amp#27;[0;39m &amp#27;[32mDEBUG&amp#27;[0;39m &amp#27;[35m32373&amp#27;[0;39m &amp#27;[2m---&amp#27;[0;39m &amp#27;[2m[transferer] [     parallel-5]&amp#27;[0;39m &amp#27;[2m&amp#27;[0;39m&amp#27;[36mio.r2dbc.h2.client.SessionClient        &amp#27;[0;39m &amp#27;[2m:&amp#27;[0;39m Response: org.h2.result.LocalResult@14d6403b columns: 1 rows: 1 pos: -1
&amp#27;[2m2025-08-17T20:20:16.785+01:00&amp#27;[0;39m &amp#27;[32mDEBUG&amp#27;[0;39m &amp#27;[35m32373&amp#27;[0;39m &amp#27;[2m---&amp#27;[0;39m &amp#27;[2m[transferer] [     parallel-7]&amp#27;[0;39m &amp#27;[2m&amp#27;[0;39m&amp#27;[36mio.r2dbc.h2.client.SessionClient        &amp#27;[0;39m &amp#27;[2m:&amp#27;[0;39m Request:  SELECT 1
&amp#27;[2m2025-08-17T20:20:16.786+01:00&amp#27;[0;39m &amp#27;[32mDEBUG&amp#27;[0;39m &amp#27;[35m32373&amp#27;[0;39m &amp#27;[2m---&amp#27;[0;39m &amp#27;[2m[transferer] [     parallel-7]&amp#27;[0;39m &amp#27;[2m&amp#27;[0;39m&amp#27;[36mio.r2dbc.h2.client.SessionClient        &amp#27;[0;39m &amp#27;[2m:&amp#27;[0;39m Response: org.h2.result.LocalResult@27f8a1ad columns: 1 rows: 1 pos: -1
&amp#27;[2m2025-08-17T20:20:16.786+01:00&amp#27;[0;39m &amp#27;[32mDEBUG&amp#27;[0;39m &amp#27;[35m32373&amp#27;[0;39m &amp#27;[2m---&amp#27;[0;39m &amp#27;[2m[transferer] [     parallel-7]&amp#27;[0;39m &amp#27;[2m&amp#27;[0;39m&amp#27;[36mo.s.r2dbc.core.DefaultDatabaseClient    &amp#27;[0;39m &amp#27;[2m:&amp#27;[0;39m Executing SQL statement [SELECT event_type, COUNT(*) as count FROM outbox_events GROUP BY event_type]
&amp#27;[2m2025-08-17T20:20:16.786+01:00&amp#27;[0;39m &amp#27;[32mDEBUG&amp#27;[0;39m &amp#27;[35m32373&amp#27;[0;39m &amp#27;[2m---&amp#27;[0;39m &amp#27;[2m[transferer] [     parallel-7]&amp#27;[0;39m &amp#27;[2m&amp#27;[0;39m&amp#27;[36mio.r2dbc.h2.client.SessionClient        &amp#27;[0;39m &amp#27;[2m:&amp#27;[0;39m Request:  SELECT event_type, COUNT(*) as count FROM outbox_events GROUP BY event_type
&amp#27;[2m2025-08-17T20:20:16.786+01:00&amp#27;[0;39m &amp#27;[32mDEBUG&amp#27;[0;39m &amp#27;[35m32373&amp#27;[0;39m &amp#27;[2m---&amp#27;[0;39m &amp#27;[2m[transferer] [     parallel-7]&amp#27;[0;39m &amp#27;[2m&amp#27;[0;39m&amp#27;[36mio.r2dbc.h2.client.SessionClient        &amp#27;[0;39m &amp#27;[2m:&amp#27;[0;39m Response: org.h2.result.LocalResult@293f4b22 columns: 2 rows: 3 pos: -1
&amp#27;[2m2025-08-17T20:20:16.786+01:00&amp#27;[0;39m &amp#27;[32mDEBUG&amp#27;[0;39m &amp#27;[35m32373&amp#27;[0;39m &amp#27;[2m---&amp#27;[0;39m &amp#27;[2m[transferer] [     parallel-7]&amp#27;[0;39m &amp#27;[2m&amp#27;[0;39m&amp#27;[36mio.r2dbc.h2.client.SessionClient        &amp#27;[0;39m &amp#27;[2m:&amp#27;[0;39m Request:  SELECT CURRENT_TIMESTAMP
&amp#27;[2m2025-08-17T20:20:16.786+01:00&amp#27;[0;39m &amp#27;[32mDEBUG&amp#27;[0;39m &amp#27;[35m32373&amp#27;[0;39m &amp#27;[2m---&amp#27;[0;39m &amp#27;[2m[transferer] [     parallel-7]&amp#27;[0;39m &amp#27;[2m&amp#27;[0;39m&amp#27;[36mio.r2dbc.h2.client.SessionClient        &amp#27;[0;39m &amp#27;[2m:&amp#27;[0;39m Response: org.h2.result.LocalResult@68024119 columns: 1 rows: 1 pos: -1
&amp#27;[2m2025-08-17T20:20:16.839+01:00&amp#27;[0;39m &amp#27;[32mDEBUG&amp#27;[0;39m &amp#27;[35m32373&amp#27;[0;39m &amp#27;[2m---&amp#27;[0;39m &amp#27;[2m[transferer] [     parallel-8]&amp#27;[0;39m &amp#27;[2m&amp#27;[0;39m&amp#27;[36mio.r2dbc.h2.client.SessionClient        &amp#27;[0;39m &amp#27;[2m:&amp#27;[0;39m Request:  SELECT 1
&amp#27;[2m2025-08-17T20:20:16.839+01:00&amp#27;[0;39m &amp#27;[32mDEBUG&amp#27;[0;39m &amp#27;[35m32373&amp#27;[0;39m &amp#27;[2m---&amp#27;[0;39m &amp#27;[2m[transferer] [     parallel-8]&amp#27;[0;39m &amp#27;[2m&amp#27;[0;39m&amp#27;[36mio.r2dbc.h2.client.SessionClient        &amp#27;[0;39m &amp#27;[2m:&amp#27;[0;39m Response: org.h2.result.LocalResult@1125b2e8 columns: 1 rows: 1 pos: -1
&amp#27;[2m2025-08-17T20:20:16.839+01:00&amp#27;[0;39m &amp#27;[32mDEBUG&amp#27;[0;39m &amp#27;[35m32373&amp#27;[0;39m &amp#27;[2m---&amp#27;[0;39m &amp#27;[2m[transferer] [     parallel-8]&amp#27;[0;39m &amp#27;[2m&amp#27;[0;39m&amp#27;[36mo.s.r2dbc.core.DefaultDatabaseClient    &amp#27;[0;39m &amp#27;[2m:&amp#27;[0;39m Executing SQL statement [SELECT event_type, COUNT(*) as count FROM outbox_events GROUP BY event_type]
&amp#27;[2m2025-08-17T20:20:16.839+01:00&amp#27;[0;39m &amp#27;[32mDEBUG&amp#27;[0;39m &amp#27;[35m32373&amp#27;[0;39m &amp#27;[2m---&amp#27;[0;39m &amp#27;[2m[transferer] [     parallel-8]&amp#27;[0;39m &amp#27;[2m&amp#27;[0;39m&amp#27;[36mio.r2dbc.h2.client.SessionClient        &amp#27;[0;39m &amp#27;[2m:&amp#27;[0;39m Request:  SELECT event_type, COUNT(*) as count FROM outbox_events GROUP BY event_type
&amp#27;[2m2025-08-17T20:20:16.839+01:00&amp#27;[0;39m &amp#27;[32mDEBUG&amp#27;[0;39m &amp#27;[35m32373&amp#27;[0;39m &amp#27;[2m---&amp#27;[0;39m &amp#27;[2m[transferer] [     parallel-8]&amp#27;[0;39m &amp#27;[2m&amp#27;[0;39m&amp#27;[36mio.r2dbc.h2.client.SessionClient        &amp#27;[0;39m &amp#27;[2m:&amp#27;[0;39m Response: org.h2.result.LocalResult@1fe25ebc columns: 2 rows: 3 pos: -1
&amp#27;[2m2025-08-17T20:20:16.840+01:00&amp#27;[0;39m &amp#27;[32mDEBUG&amp#27;[0;39m &amp#27;[35m32373&amp#27;[0;39m &amp#27;[2m---&amp#27;[0;39m &amp#27;[2m[transferer] [     parallel-8]&amp#27;[0;39m &amp#27;[2m&amp#27;[0;39m&amp#27;[36mio.r2dbc.h2.client.SessionClient        &amp#27;[0;39m &amp#27;[2m:&amp#27;[0;39m Request:  SELECT CURRENT_TIMESTAMP
&amp#27;[2m2025-08-17T20:20:16.840+01:00&amp#27;[0;39m &amp#27;[32mDEBUG&amp#27;[0;39m &amp#27;[35m32373&amp#27;[0;39m &amp#27;[2m---&amp#27;[0;39m &amp#27;[2m[transferer] [     parallel-8]&amp#27;[0;39m &amp#27;[2m&amp#27;[0;39m&amp#27;[36mio.r2dbc.h2.client.SessionClient        &amp#27;[0;39m &amp#27;[2m:&amp#27;[0;39m Response: org.h2.result.LocalResult@5edf5487 columns: 1 rows: 1 pos: -1
&amp#27;[2m2025-08-17T20:20:16.895+01:00&amp#27;[0;39m &amp#27;[32mDEBUG&amp#27;[0;39m &amp#27;[35m32373&amp#27;[0;39m &amp#27;[2m---&amp#27;[0;39m &amp#27;[2m[transferer] [     parallel-1]&amp#27;[0;39m &amp#27;[2m&amp#27;[0;39m&amp#27;[36mio.r2dbc.h2.client.SessionClient        &amp#27;[0;39m &amp#27;[2m:&amp#27;[0;39m Request:  SELECT 1
&amp#27;[2m2025-08-17T20:20:16.895+01:00&amp#27;[0;39m &amp#27;[32mDEBUG&amp#27;[0;39m &amp#27;[35m32373&amp#27;[0;39m &amp#27;[2m---&amp#27;[0;39m &amp#27;[2m[transferer] [     parallel-1]&amp#27;[0;39m &amp#27;[2m&amp#27;[0;39m&amp#27;[36mio.r2dbc.h2.client.SessionClient        &amp#27;[0;39m &amp#27;[2m:&amp#27;[0;39m Response: org.h2.result.LocalResult@46784aed columns: 1 rows: 1 pos: -1
&amp#27;[2m2025-08-17T20:20:16.895+01:00&amp#27;[0;39m &amp#27;[32mDEBUG&amp#27;[0;39m &amp#27;[35m32373&amp#27;[0;39m &amp#27;[2m---&amp#27;[0;39m &amp#27;[2m[transferer] [     parallel-1]&amp#27;[0;39m &amp#27;[2m&amp#27;[0;39m&amp#27;[36mo.s.r2dbc.core.DefaultDatabaseClient    &amp#27;[0;39m &amp#27;[2m:&amp#27;[0;39m Executing SQL statement [SELECT event_type, COUNT(*) as count FROM outbox_events GROUP BY event_type]
&amp#27;[2m2025-08-17T20:20:16.895+01:00&amp#27;[0;39m &amp#27;[32mDEBUG&amp#27;[0;39m &amp#27;[35m32373&amp#27;[0;39m &amp#27;[2m---&amp#27;[0;39m &amp#27;[2m[transferer] [     parallel-1]&amp#27;[0;39m &amp#27;[2m&amp#27;[0;39m&amp#27;[36mio.r2dbc.h2.client.SessionClient        &amp#27;[0;39m &amp#27;[2m:&amp#27;[0;39m Request:  SELECT event_type, COUNT(*) as count FROM outbox_events GROUP BY event_type
&amp#27;[2m2025-08-17T20:20:16.895+01:00&amp#27;[0;39m &amp#27;[32mDEBUG&amp#27;[0;39m &amp#27;[35m32373&amp#27;[0;39m &amp#27;[2m---&amp#27;[0;39m &amp#27;[2m[transferer] [     parallel-1]&amp#27;[0;39m &amp#27;[2m&amp#27;[0;39m&amp#27;[36mio.r2dbc.h2.client.SessionClient        &amp#27;[0;39m &amp#27;[2m:&amp#27;[0;39m Response: org.h2.result.LocalResult@48bfbc52 columns: 2 rows: 3 pos: -1
&amp#27;[2m2025-08-17T20:20:16.895+01:00&amp#27;[0;39m &amp#27;[32mDEBUG&amp#27;[0;39m &amp#27;[35m32373&amp#27;[0;39m &amp#27;[2m---&amp#27;[0;39m &amp#27;[2m[transferer] [     parallel-1]&amp#27;[0;39m &amp#27;[2m&amp#27;[0;39m&amp#27;[36mio.r2dbc.h2.client.SessionClient        &amp#27;[0;39m &amp#27;[2m:&amp#27;[0;39m Request:  SELECT CURRENT_TIMESTAMP
&amp#27;[2m2025-08-17T20:20:16.895+01:00&amp#27;[0;39m &amp#27;[32mDEBUG&amp#27;[0;39m &amp#27;[35m32373&amp#27;[0;39m &amp#27;[2m---&amp#27;[0;39m &amp#27;[2m[transferer] [     parallel-1]&amp#27;[0;39m &amp#27;[2m&amp#27;[0;39m&amp#27;[36mio.r2dbc.h2.client.SessionClient        &amp#27;[0;39m &amp#27;[2m:&amp#27;[0;39m Response: org.h2.result.LocalResult@982b669 columns: 1 rows: 1 pos: -1
&amp#27;[2m2025-08-17T20:20:16.945+01:00&amp#27;[0;39m &amp#27;[32mDEBUG&amp#27;[0;39m &amp#27;[35m32373&amp#27;[0;39m &amp#27;[2m---&amp#27;[0;39m &amp#27;[2m[transferer] [     parallel-2]&amp#27;[0;39m &amp#27;[2m&amp#27;[0;39m&amp#27;[36mio.r2dbc.h2.client.SessionClient        &amp#27;[0;39m &amp#27;[2m:&amp#27;[0;39m Request:  SELECT 1
&amp#27;[2m2025-08-17T20:20:16.945+01:00&amp#27;[0;39m &amp#27;[32mDEBUG&amp#27;[0;39m &amp#27;[35m32373&amp#27;[0;39m &amp#27;[2m---&amp#27;[0;39m &amp#27;[2m[transferer] [     parallel-2]&amp#27;[0;39m &amp#27;[2m&amp#27;[0;39m&amp#27;[36mio.r2dbc.h2.client.SessionClient        &amp#27;[0;39m &amp#27;[2m:&amp#27;[0;39m Response: org.h2.result.LocalResult@33665803 columns: 1 rows: 1 pos: -1
&amp#27;[2m2025-08-17T20:20:16.946+01:00&amp#27;[0;39m &amp#27;[32mDEBUG&amp#27;[0;39m &amp#27;[35m32373&amp#27;[0;39m &amp#27;[2m---&amp#27;[0;39m &amp#27;[2m[transferer] [     parallel-2]&amp#27;[0;39m &amp#27;[2m&amp#27;[0;39m&amp#27;[36mo.s.r2dbc.core.DefaultDatabaseClient    &amp#27;[0;39m &amp#27;[2m:&amp#27;[0;39m Executing SQL statement [SELECT event_type, COUNT(*) as count FROM outbox_events GROUP BY event_type]
&amp#27;[2m2025-08-17T20:20:16.946+01:00&amp#27;[0;39m &amp#27;[32mDEBUG&amp#27;[0;39m &amp#27;[35m32373&amp#27;[0;39m &amp#27;[2m---&amp#27;[0;39m &amp#27;[2m[transferer] [     parallel-2]&amp#27;[0;39m &amp#27;[2m&amp#27;[0;39m&amp#27;[36mio.r2dbc.h2.client.SessionClient        &amp#27;[0;39m &amp#27;[2m:&amp#27;[0;39m Request:  SELECT event_type, COUNT(*) as count FROM outbox_events GROUP BY event_type
&amp#27;[2m2025-08-17T20:20:16.946+01:00&amp#27;[0;39m &amp#27;[32mDEBUG&amp#27;[0;39m &amp#27;[35m32373&amp#27;[0;39m &amp#27;[2m---&amp#27;[0;39m &amp#27;[2m[transferer] [     parallel-2]&amp#27;[0;39m &amp#27;[2m&amp#27;[0;39m&amp#27;[36mio.r2dbc.h2.client.SessionClient        &amp#27;[0;39m &amp#27;[2m:&amp#27;[0;39m Response: org.h2.result.LocalResult@3da1a01f columns: 2 rows: 3 pos: -1
&amp#27;[2m2025-08-17T20:20:16.946+01:00&amp#27;[0;39m &amp#27;[32mDEBUG&amp#27;[0;39m &amp#27;[35m32373&amp#27;[0;39m &amp#27;[2m---&amp#27;[0;39m &amp#27;[2m[transferer] [     parallel-2]&amp#27;[0;39m &amp#27;[2m&amp#27;[0;39m&amp#27;[36mio.r2dbc.h2.client.SessionClient        &amp#27;[0;39m &amp#27;[2m:&amp#27;[0;39m Request:  SELECT CURRENT_TIMESTAMP
&amp#27;[2m2025-08-17T20:20:16.946+01:00&amp#27;[0;39m &amp#27;[32mDEBUG&amp#27;[0;39m &amp#27;[35m32373&amp#27;[0;39m &amp#27;[2m---&amp#27;[0;39m &amp#27;[2m[transferer] [     parallel-2]&amp#27;[0;39m &amp#27;[2m&amp#27;[0;39m&amp#27;[36mio.r2dbc.h2.client.SessionClient        &amp#27;[0;39m &amp#27;[2m:&amp#27;[0;39m Response: org.h2.result.LocalResult@7c9caa24 columns: 1 rows: 1 pos: -1
&amp#27;[2m2025-08-17T20:20:16.999+01:00&amp#27;[0;39m &amp#27;[32mDEBUG&amp#27;[0;39m &amp#27;[35m32373&amp#27;[0;39m &amp#27;[2m---&amp#27;[0;39m &amp#27;[2m[transferer] [     parallel-3]&amp#27;[0;39m &amp#27;[2m&amp#27;[0;39m&amp#27;[36mio.r2dbc.h2.client.SessionClient        &amp#27;[0;39m &amp#27;[2m:&amp#27;[0;39m Request:  SELECT 1
&amp#27;[2m2025-08-17T20:20:16.999+01:00&amp#27;[0;39m &amp#27;[32mDEBUG&amp#27;[0;39m &amp#27;[35m32373&amp#27;[0;39m &amp#27;[2m---&amp#27;[0;39m &amp#27;[2m[transferer] [     parallel-3]&amp#27;[0;39m &amp#27;[2m&amp#27;[0;39m&amp#27;[36mio.r2dbc.h2.client.SessionClient        &amp#27;[0;39m &amp#27;[2m:&amp#27;[0;39m Response: org.h2.result.LocalResult@21e213dc columns: 1 rows: 1 pos: -1
&amp#27;[2m2025-08-17T20:20:16.999+01:00&amp#27;[0;39m &amp#27;[32mDEBUG&amp#27;[0;39m &amp#27;[35m32373&amp#27;[0;39m &amp#27;[2m---&amp#27;[0;39m &amp#27;[2m[transferer] [     parallel-3]&amp#27;[0;39m &amp#27;[2m&amp#27;[0;39m&amp#27;[36mo.s.r2dbc.core.DefaultDatabaseClient    &amp#27;[0;39m &amp#27;[2m:&amp#27;[0;39m Executing SQL statement [SELECT event_type, COUNT(*) as count FROM outbox_events GROUP BY event_type]
&amp#27;[2m2025-08-17T20:20:16.999+01:00&amp#27;[0;39m &amp#27;[32mDEBUG&amp#27;[0;39m &amp#27;[35m32373&amp#27;[0;39m &amp#27;[2m---&amp#27;[0;39m &amp#27;[2m[transferer] [     parallel-3]&amp#27;[0;39m &amp#27;[2m&amp#27;[0;39m&amp#27;[36mio.r2dbc.h2.client.SessionClient        &amp#27;[0;39m &amp#27;[2m:&amp#27;[0;39m Request:  SELECT event_type, COUNT(*) as count FROM outbox_events GROUP BY event_type
&amp#27;[2m2025-08-17T20:20:16.999+01:00&amp#27;[0;39m &amp#27;[32mDEBUG&amp#27;[0;39m &amp#27;[35m32373&amp#27;[0;39m &amp#27;[2m---&amp#27;[0;39m &amp#27;[2m[transferer] [     parallel-3]&amp#27;[0;39m &amp#27;[2m&amp#27;[0;39m&amp#27;[36mio.r2dbc.h2.client.SessionClient        &amp#27;[0;39m &amp#27;[2m:&amp#27;[0;39m Response: org.h2.result.LocalResult@2f25f990 columns: 2 rows: 3 pos: -1
&amp#27;[2m2025-08-17T20:20:16.999+01:00&amp#27;[0;39m &amp#27;[32mDEBUG&amp#27;[0;39m &amp#27;[35m32373&amp#27;[0;39m &amp#27;[2m---&amp#27;[0;39m &amp#27;[2m[transferer] [     parallel-3]&amp#27;[0;39m &amp#27;[2m&amp#27;[0;39m&amp#27;[36mio.r2dbc.h2.client.SessionClient        &amp#27;[0;39m &amp#27;[2m:&amp#27;[0;39m Request:  SELECT CURRENT_TIMESTAMP
&amp#27;[2m2025-08-17T20:20:16.999+01:00&amp#27;[0;39m &amp#27;[32mDEBUG&amp#27;[0;39m &amp#27;[35m32373&amp#27;[0;39m &amp#27;[2m---&amp#27;[0;39m &amp#27;[2m[transferer] [     parallel-3]&amp#27;[0;39m &amp#27;[2m&amp#27;[0;39m&amp#27;[36mio.r2dbc.h2.client.SessionClient        &amp#27;[0;39m &amp#27;[2m:&amp#27;[0;39m Response: org.h2.result.LocalResult@6e18f3ab columns: 1 rows: 1 pos: -1
&amp#27;[2m2025-08-17T20:20:17.050+01:00&amp#27;[0;39m &amp#27;[32mDEBUG&amp#27;[0;39m &amp#27;[35m32373&amp#27;[0;39m &amp#27;[2m---&amp#27;[0;39m &amp#27;[2m[transferer] [     parallel-4]&amp#27;[0;39m &amp#27;[2m&amp#27;[0;39m&amp#27;[36mio.r2dbc.h2.client.SessionClient        &amp#27;[0;39m &amp#27;[2m:&amp#27;[0;39m Request:  SELECT 1
&amp#27;[2m2025-08-17T20:20:17.050+01:00&amp#27;[0;39m &amp#27;[32mDEBUG&amp#27;[0;39m &amp#27;[35m32373&amp#27;[0;39m &amp#27;[2m---&amp#27;[0;39m &amp#27;[2m[transferer] [     parallel-4]&amp#27;[0;39m &amp#27;[2m&amp#27;[0;39m&amp#27;[36mio.r2dbc.h2.client.SessionClient        &amp#27;[0;39m &amp#27;[2m:&amp#27;[0;39m Response: org.h2.result.LocalResult@50ab3eaf columns: 1 rows: 1 pos: -1
&amp#27;[2m2025-08-17T20:20:17.050+01:00&amp#27;[0;39m &amp#27;[32mDEBUG&amp#27;[0;39m &amp#27;[35m32373&amp#27;[0;39m &amp#27;[2m---&amp#27;[0;39m &amp#27;[2m[transferer] [     parallel-4]&amp#27;[0;39m &amp#27;[2m&amp#27;[0;39m&amp#27;[36mo.s.r2dbc.core.DefaultDatabaseClient    &amp#27;[0;39m &amp#27;[2m:&amp#27;[0;39m Executing SQL statement [SELECT event_type, COUNT(*) as count FROM outbox_events GROUP BY event_type]
&amp#27;[2m2025-08-17T20:20:17.050+01:00&amp#27;[0;39m &amp#27;[32mDEBUG&amp#27;[0;39m &amp#27;[35m32373&amp#27;[0;39m &amp#27;[2m---&amp#27;[0;39m &amp#27;[2m[transferer] [     parallel-4]&amp#27;[0;39m &amp#27;[2m&amp#27;[0;39m&amp#27;[36mio.r2dbc.h2.client.SessionClient        &amp#27;[0;39m &amp#27;[2m:&amp#27;[0;39m Request:  SELECT event_type, COUNT(*) as count FROM outbox_events GROUP BY event_type
&amp#27;[2m2025-08-17T20:20:17.050+01:00&amp#27;[0;39m &amp#27;[32mDEBUG&amp#27;[0;39m &amp#27;[35m32373&amp#27;[0;39m &amp#27;[2m---&amp#27;[0;39m &amp#27;[2m[transferer] [     parallel-4]&amp#27;[0;39m &amp#27;[2m&amp#27;[0;39m&amp#27;[36mio.r2dbc.h2.client.SessionClient        &amp#27;[0;39m &amp#27;[2m:&amp#27;[0;39m Response: org.h2.result.LocalResult@31eb43d4 columns: 2 rows: 3 pos: -1
&amp#27;[2m2025-08-17T20:20:17.051+01:00&amp#27;[0;39m &amp#27;[32mDEBUG&amp#27;[0;39m &amp#27;[35m32373&amp#27;[0;39m &amp#27;[2m---&amp#27;[0;39m &amp#27;[2m[transferer] [     parallel-4]&amp#27;[0;39m &amp#27;[2m&amp#27;[0;39m&amp#27;[36mio.r2dbc.h2.client.SessionClient        &amp#27;[0;39m &amp#27;[2m:&amp#27;[0;39m Request:  SELECT CURRENT_TIMESTAMP
&amp#27;[2m2025-08-17T20:20:17.051+01:00&amp#27;[0;39m &amp#27;[32mDEBUG&amp#27;[0;39m &amp#27;[35m32373&amp#27;[0;39m &amp#27;[2m---&amp#27;[0;39m &amp#27;[2m[transferer] [     parallel-4]&amp#27;[0;39m &amp#27;[2m&amp#27;[0;39m&amp#27;[36mio.r2dbc.h2.client.SessionClient        &amp#27;[0;39m &amp#27;[2m:&amp#27;[0;39m Response: org.h2.result.LocalResult@f61d279 columns: 1 rows: 1 pos: -1
&amp#27;[2m2025-08-17T20:20:17.101+01:00&amp#27;[0;39m &amp#27;[32mDEBUG&amp#27;[0;39m &amp#27;[35m32373&amp#27;[0;39m &amp#27;[2m---&amp#27;[0;39m &amp#27;[2m[transferer] [     parallel-5]&amp#27;[0;39m &amp#27;[2m&amp#27;[0;39m&amp#27;[36mio.r2dbc.h2.client.SessionClient        &amp#27;[0;39m &amp#27;[2m:&amp#27;[0;39m Request:  SELECT 1
&amp#27;[2m2025-08-17T20:20:17.101+01:00&amp#27;[0;39m &amp#27;[32mDEBUG&amp#27;[0;39m &amp#27;[35m32373&amp#27;[0;39m &amp#27;[2m---&amp#27;[0;39m &amp#27;[2m[transferer] [     parallel-5]&amp#27;[0;39m &amp#27;[2m&amp#27;[0;39m&amp#27;[36mio.r2dbc.h2.client.SessionClient        &amp#27;[0;39m &amp#27;[2m:&amp#27;[0;39m Response: org.h2.result.LocalResult@5cc52e2a columns: 1 rows: 1 pos: -1
&amp#27;[2m2025-08-17T20:20:17.101+01:00&amp#27;[0;39m &amp#27;[32mDEBUG&amp#27;[0;39m &amp#27;[35m32373&amp#27;[0;39m &amp#27;[2m---&amp#27;[0;39m &amp#27;[2m[transferer] [     parallel-5]&amp#27;[0;39m &amp#27;[2m&amp#27;[0;39m&amp#27;[36mo.s.r2dbc.core.DefaultDatabaseClient    &amp#27;[0;39m &amp#27;[2m:&amp#27;[0;39m Executing SQL statement [SELECT event_type, COUNT(*) as count FROM outbox_events GROUP BY event_type]
&amp#27;[2m2025-08-17T20:20:17.102+01:00&amp#27;[0;39m &amp#27;[32mDEBUG&amp#27;[0;39m &amp#27;[35m32373&amp#27;[0;39m &amp#27;[2m---&amp#27;[0;39m &amp#27;[2m[transferer] [     parallel-5]&amp#27;[0;39m &amp#27;[2m&amp#27;[0;39m&amp#27;[36mio.r2dbc.h2.client.SessionClient        &amp#27;[0;39m &amp#27;[2m:&amp#27;[0;39m Request:  SELECT event_type, COUNT(*) as count FROM outbox_events GROUP BY event_type
&amp#27;[2m2025-08-17T20:20:17.102+01:00&amp#27;[0;39m &amp#27;[32mDEBUG&amp#27;[0;39m &amp#27;[35m32373&amp#27;[0;39m &amp#27;[2m---&amp#27;[0;39m &amp#27;[2m[transferer] [     parallel-5]&amp#27;[0;39m &amp#27;[2m&amp#27;[0;39m&amp#27;[36mio.r2dbc.h2.client.SessionClient        &amp#27;[0;39m &amp#27;[2m:&amp#27;[0;39m Response: org.h2.result.LocalResult@490cb36e columns: 2 rows: 3 pos: -1
&amp#27;[2m2025-08-17T20:20:17.102+01:00&amp#27;[0;39m &amp#27;[32mDEBUG&amp#27;[0;39m &amp#27;[35m32373&amp#27;[0;39m &amp#27;[2m---&amp#27;[0;39m &amp#27;[2m[transferer] [     parallel-5]&amp#27;[0;39m &amp#27;[2m&amp#27;[0;39m&amp#27;[36mio.r2dbc.h2.client.SessionClient        &amp#27;[0;39m &amp#27;[2m:&amp#27;[0;39m Request:  SELECT CURRENT_TIMESTAMP
&amp#27;[2m2025-08-17T20:20:17.102+01:00&amp#27;[0;39m &amp#27;[32mDEBUG&amp#27;[0;39m &amp#27;[35m32373&amp#27;[0;39m &amp#27;[2m---&amp#27;[0;39m &amp#27;[2m[transferer] [     parallel-5]&amp#27;[0;39m &amp#27;[2m&amp#27;[0;39m&amp#27;[36mio.r2dbc.h2.client.SessionClient        &amp#27;[0;39m &amp#27;[2m:&amp#27;[0;39m Response: org.h2.result.LocalResult@7ef17072 columns: 1 rows: 1 pos: -1
&amp#27;[2m2025-08-17T20:20:17.152+01:00&amp#27;[0;39m &amp#27;[32mDEBUG&amp#27;[0;39m &amp#27;[35m32373&amp#27;[0;39m &amp#27;[2m---&amp#27;[0;39m &amp#27;[2m[transferer] [     parallel-6]&amp#27;[0;39m &amp#27;[2m&amp#27;[0;39m&amp#27;[36mio.r2dbc.h2.client.SessionClient        &amp#27;[0;39m &amp#27;[2m:&amp#27;[0;39m Request:  SELECT 1
&amp#27;[2m2025-08-17T20:20:17.153+01:00&amp#27;[0;39m &amp#27;[32mDEBUG&amp#27;[0;39m &amp#27;[35m32373&amp#27;[0;39m &amp#27;[2m---&amp#27;[0;39m &amp#27;[2m[transferer] [     parallel-6]&amp#27;[0;39m &amp#27;[2m&amp#27;[0;39m&amp#27;[36mio.r2dbc.h2.client.SessionClient        &amp#27;[0;39m &amp#27;[2m:&amp#27;[0;39m Response: org.h2.result.LocalResult@6a14acd2 columns: 1 rows: 1 pos: -1
&amp#27;[2m2025-08-17T20:20:17.153+01:00&amp#27;[0;39m &amp#27;[32mDEBUG&amp#27;[0;39m &amp#27;[35m32373&amp#27;[0;39m &amp#27;[2m---&amp#27;[0;39m &amp#27;[2m[transferer] [     parallel-6]&amp#27;[0;39m &amp#27;[2m&amp#27;[0;39m&amp#27;[36mo.s.r2dbc.core.DefaultDatabaseClient    &amp#27;[0;39m &amp#27;[2m:&amp#27;[0;39m Executing SQL statement [SELECT event_type, COUNT(*) as count FROM outbox_events GROUP BY event_type]
&amp#27;[2m2025-08-17T20:20:17.153+01:00&amp#27;[0;39m &amp#27;[32mDEBUG&amp#27;[0;39m &amp#27;[35m32373&amp#27;[0;39m &amp#27;[2m---&amp#27;[0;39m &amp#27;[2m[transferer] [     parallel-6]&amp#27;[0;39m &amp#27;[2m&amp#27;[0;39m&amp#27;[36mio.r2dbc.h2.client.SessionClient        &amp#27;[0;39m &amp#27;[2m:&amp#27;[0;39m Request:  SELECT event_type, COUNT(*) as count FROM outbox_events GROUP BY event_type
&amp#27;[2m2025-08-17T20:20:17.153+01:00&amp#27;[0;39m &amp#27;[32mDEBUG&amp#27;[0;39m &amp#27;[35m32373&amp#27;[0;39m &amp#27;[2m---&amp#27;[0;39m &amp#27;[2m[transferer] [     parallel-6]&amp#27;[0;39m &amp#27;[2m&amp#27;[0;39m&amp#27;[36mio.r2dbc.h2.client.SessionClient        &amp#27;[0;39m &amp#27;[2m:&amp#27;[0;39m Response: org.h2.result.LocalResult@64d34fe0 columns: 2 rows: 3 pos: -1
&amp#27;[2m2025-08-17T20:20:17.153+01:00&amp#27;[0;39m &amp#27;[32mDEBUG&amp#27;[0;39m &amp#27;[35m32373&amp#27;[0;39m &amp#27;[2m---&amp#27;[0;39m &amp#27;[2m[transferer] [     parallel-6]&amp#27;[0;39m &amp#27;[2m&amp#27;[0;39m&amp#27;[36mio.r2dbc.h2.client.SessionClient        &amp#27;[0;39m &amp#27;[2m:&amp#27;[0;39m Request:  SELECT CURRENT_TIMESTAMP
&amp#27;[2m2025-08-17T20:20:17.153+01:00&amp#27;[0;39m &amp#27;[32mDEBUG&amp#27;[0;39m &amp#27;[35m32373&amp#27;[0;39m &amp#27;[2m---&amp#27;[0;39m &amp#27;[2m[transferer] [     parallel-6]&amp#27;[0;39m &amp#27;[2m&amp#27;[0;39m&amp#27;[36mio.r2dbc.h2.client.SessionClient        &amp#27;[0;39m &amp#27;[2m:&amp#27;[0;39m Response: org.h2.result.LocalResult@25ee45db columns: 1 rows: 1 pos: -1
&amp#27;[2m2025-08-17T20:20:17.203+01:00&amp#27;[0;39m &amp#27;[32mDEBUG&amp#27;[0;39m &amp#27;[35m32373&amp#27;[0;39m &amp#27;[2m---&amp#27;[0;39m &amp#27;[2m[transferer] [     parallel-7]&amp#27;[0;39m &amp#27;[2m&amp#27;[0;39m&amp#27;[36mio.r2dbc.h2.client.SessionClient        &amp#27;[0;39m &amp#27;[2m:&amp#27;[0;39m Request:  SELECT 1
&amp#27;[2m2025-08-17T20:20:17.204+01:00&amp#27;[0;39m &amp#27;[32mDEBUG&amp#27;[0;39m &amp#27;[35m32373&amp#27;[0;39m &amp#27;[2m---&amp#27;[0;39m &amp#27;[2m[transferer] [     parallel-7]&amp#27;[0;39m &amp#27;[2m&amp#27;[0;39m&amp#27;[36mio.r2dbc.h2.client.SessionClient        &amp#27;[0;39m &amp#27;[2m:&amp#27;[0;39m Response: org.h2.result.LocalResult@59204c56 columns: 1 rows: 1 pos: -1
&amp#27;[2m2025-08-17T20:20:17.204+01:00&amp#27;[0;39m &amp#27;[32mDEBUG&amp#27;[0;39m &amp#27;[35m32373&amp#27;[0;39m &amp#27;[2m---&amp#27;[0;39m &amp#27;[2m[transferer] [     parallel-7]&amp#27;[0;39m &amp#27;[2m&amp#27;[0;39m&amp#27;[36mo.s.r2dbc.core.DefaultDatabaseClient    &amp#27;[0;39m &amp#27;[2m:&amp#27;[0;39m Executing SQL statement [SELECT event_type, COUNT(*) as count FROM outbox_events GROUP BY event_type]
&amp#27;[2m2025-08-17T20:20:17.204+01:00&amp#27;[0;39m &amp#27;[32mDEBUG&amp#27;[0;39m &amp#27;[35m32373&amp#27;[0;39m &amp#27;[2m---&amp#27;[0;39m &amp#27;[2m[transferer] [     parallel-7]&amp#27;[0;39m &amp#27;[2m&amp#27;[0;39m&amp#27;[36mio.r2dbc.h2.client.SessionClient        &amp#27;[0;39m &amp#27;[2m:&amp#27;[0;39m Request:  SELECT event_type, COUNT(*) as count FROM outbox_events GROUP BY event_type
&amp#27;[2m2025-08-17T20:20:17.204+01:00&amp#27;[0;39m &amp#27;[32mDEBUG&amp#27;[0;39m &amp#27;[35m32373&amp#27;[0;39m &amp#27;[2m---&amp#27;[0;39m &amp#27;[2m[transferer] [     parallel-7]&amp#27;[0;39m &amp#27;[2m&amp#27;[0;39m&amp#27;[36mio.r2dbc.h2.client.SessionClient        &amp#27;[0;39m &amp#27;[2m:&amp#27;[0;39m Response: org.h2.result.LocalResult@725d238d columns: 2 rows: 3 pos: -1
&amp#27;[2m2025-08-17T20:20:17.204+01:00&amp#27;[0;39m &amp#27;[32mDEBUG&amp#27;[0;39m &amp#27;[35m32373&amp#27;[0;39m &amp#27;[2m---&amp#27;[0;39m &amp#27;[2m[transferer] [     parallel-7]&amp#27;[0;39m &amp#27;[2m&amp#27;[0;39m&amp#27;[36mio.r2dbc.h2.client.SessionClient        &amp#27;[0;39m &amp#27;[2m:&amp#27;[0;39m Request:  SELECT CURRENT_TIMESTAMP
&amp#27;[2m2025-08-17T20:20:17.204+01:00&amp#27;[0;39m &amp#27;[32mDEBUG&amp#27;[0;39m &amp#27;[35m32373&amp#27;[0;39m &amp#27;[2m---&amp#27;[0;39m &amp#27;[2m[transferer] [     parallel-7]&amp#27;[0;39m &amp#27;[2m&amp#27;[0;39m&amp#27;[36mio.r2dbc.h2.client.SessionClient        &amp#27;[0;39m &amp#27;[2m:&amp#27;[0;39m Response: org.h2.result.LocalResult@299a21b6 columns: 1 rows: 1 pos: -1
&amp#27;[2m2025-08-17T20:20:17.258+01:00&amp#27;[0;39m &amp#27;[32mDEBUG&amp#27;[0;39m &amp#27;[35m32373&amp#27;[0;39m &amp#27;[2m---&amp#27;[0;39m &amp#27;[2m[transferer] [     parallel-8]&amp#27;[0;39m &amp#27;[2m&amp#27;[0;39m&amp#27;[36mio.r2dbc.h2.client.SessionClient        &amp#27;[0;39m &amp#27;[2m:&amp#27;[0;39m Request:  SELECT 1
&amp#27;[2m2025-08-17T20:20:17.259+01:00&amp#27;[0;39m &amp#27;[32mDEBUG&amp#27;[0;39m &amp#27;[35m32373&amp#27;[0;39m &amp#27;[2m---&amp#27;[0;39m &amp#27;[2m[transferer] [     parallel-8]&amp#27;[0;39m &amp#27;[2m&amp#27;[0;39m&amp#27;[36mio.r2dbc.h2.client.SessionClient        &amp#27;[0;39m &amp#27;[2m:&amp#27;[0;39m Response: org.h2.result.LocalResult@62d11f46 columns: 1 rows: 1 pos: -1
&amp#27;[2m2025-08-17T20:20:17.259+01:00&amp#27;[0;39m &amp#27;[32mDEBUG&amp#27;[0;39m &amp#27;[35m32373&amp#27;[0;39m &amp#27;[2m---&amp#27;[0;39m &amp#27;[2m[transferer] [     parallel-8]&amp#27;[0;39m &amp#27;[2m&amp#27;[0;39m&amp#27;[36mo.s.r2dbc.core.DefaultDatabaseClient    &amp#27;[0;39m &amp#27;[2m:&amp#27;[0;39m Executing SQL statement [SELECT event_type, COUNT(*) as count FROM outbox_events GROUP BY event_type]
&amp#27;[2m2025-08-17T20:20:17.259+01:00&amp#27;[0;39m &amp#27;[32mDEBUG&amp#27;[0;39m &amp#27;[35m32373&amp#27;[0;39m &amp#27;[2m---&amp#27;[0;39m &amp#27;[2m[transferer] [     parallel-8]&amp#27;[0;39m &amp#27;[2m&amp#27;[0;39m&amp#27;[36mio.r2dbc.h2.client.SessionClient        &amp#27;[0;39m &amp#27;[2m:&amp#27;[0;39m Request:  SELECT event_type, COUNT(*) as count FROM outbox_events GROUP BY event_type
&amp#27;[2m2025-08-17T20:20:17.259+01:00&amp#27;[0;39m &amp#27;[32mDEBUG&amp#27;[0;39m &amp#27;[35m32373&amp#27;[0;39m &amp#27;[2m---&amp#27;[0;39m &amp#27;[2m[transferer] [     parallel-8]&amp#27;[0;39m &amp#27;[2m&amp#27;[0;39m&amp#27;[36mio.r2dbc.h2.client.SessionClient        &amp#27;[0;39m &amp#27;[2m:&amp#27;[0;39m Response: org.h2.result.LocalResult@6fcbaa1e columns: 2 rows: 3 pos: -1
&amp#27;[2m2025-08-17T20:20:17.259+01:00&amp#27;[0;39m &amp#27;[32mDEBUG&amp#27;[0;39m &amp#27;[35m32373&amp#27;[0;39m &amp#27;[2m---&amp#27;[0;39m &amp#27;[2m[transferer] [     parallel-8]&amp#27;[0;39m &amp#27;[2m&amp#27;[0;39m&amp#27;[36mio.r2dbc.h2.client.SessionClient        &amp#27;[0;39m &amp#27;[2m:&amp#27;[0;39m Request:  SELECT CURRENT_TIMESTAMP
&amp#27;[2m2025-08-17T20:20:17.259+01:00&amp#27;[0;39m &amp#27;[32mDEBUG&amp#27;[0;39m &amp#27;[35m32373&amp#27;[0;39m &amp#27;[2m---&amp#27;[0;39m &amp#27;[2m[transferer] [     parallel-8]&amp#27;[0;39m &amp#27;[2m&amp#27;[0;39m&amp#27;[36mio.r2dbc.h2.client.SessionClient        &amp#27;[0;39m &amp#27;[2m:&amp#27;[0;39m Response: org.h2.result.LocalResult@3ef0abc8 columns: 1 rows: 1 pos: -1
&amp#27;[2m2025-08-17T20:20:17.314+01:00&amp#27;[0;39m &amp#27;[32mDEBUG&amp#27;[0;39m &amp#27;[35m32373&amp#27;[0;39m &amp#27;[2m---&amp#27;[0;39m &amp#27;[2m[transferer] [     parallel-1]&amp#27;[0;39m &amp#27;[2m&amp#27;[0;39m&amp#27;[36mio.r2dbc.h2.client.SessionClient        &amp#27;[0;39m &amp#27;[2m:&amp#27;[0;39m Request:  SELECT 1
&amp#27;[2m2025-08-17T20:20:17.314+01:00&amp#27;[0;39m &amp#27;[32mDEBUG&amp#27;[0;39m &amp#27;[35m32373&amp#27;[0;39m &amp#27;[2m---&amp#27;[0;39m &amp#27;[2m[transferer] [     parallel-1]&amp#27;[0;39m &amp#27;[2m&amp#27;[0;39m&amp#27;[36mio.r2dbc.h2.client.SessionClient        &amp#27;[0;39m &amp#27;[2m:&amp#27;[0;39m Response: org.h2.result.LocalResult@d29aa96 columns: 1 rows: 1 pos: -1
&amp#27;[2m2025-08-17T20:20:17.314+01:00&amp#27;[0;39m &amp#27;[32mDEBUG&amp#27;[0;39m &amp#27;[35m32373&amp#27;[0;39m &amp#27;[2m---&amp#27;[0;39m &amp#27;[2m[transferer] [     parallel-1]&amp#27;[0;39m &amp#27;[2m&amp#27;[0;39m&amp#27;[36mo.s.r2dbc.core.DefaultDatabaseClient    &amp#27;[0;39m &amp#27;[2m:&amp#27;[0;39m Executing SQL statement [SELECT event_type, COUNT(*) as count FROM outbox_events GROUP BY event_type]
&amp#27;[2m2025-08-17T20:20:17.315+01:00&amp#27;[0;39m &amp#27;[32mDEBUG&amp#27;[0;39m &amp#27;[35m32373&amp#27;[0;39m &amp#27;[2m---&amp#27;[0;39m &amp#27;[2m[transferer] [     parallel-1]&amp#27;[0;39m &amp#27;[2m&amp#27;[0;39m&amp#27;[36mio.r2dbc.h2.client.SessionClient        &amp#27;[0;39m &amp#27;[2m:&amp#27;[0;39m Request:  SELECT event_type, COUNT(*) as count FROM outbox_events GROUP BY event_type
&amp#27;[2m2025-08-17T20:20:17.315+01:00&amp#27;[0;39m &amp#27;[32mDEBUG&amp#27;[0;39m &amp#27;[35m32373&amp#27;[0;39m &amp#27;[2m---&amp#27;[0;39m &amp#27;[2m[transferer] [     parallel-1]&amp#27;[0;39m &amp#27;[2m&amp#27;[0;39m&amp#27;[36mio.r2dbc.h2.client.SessionClient        &amp#27;[0;39m &amp#27;[2m:&amp#27;[0;39m Response: org.h2.result.LocalResult@3841da4d columns: 2 rows: 3 pos: -1
&amp#27;[2m2025-08-17T20:20:17.315+01:00&amp#27;[0;39m &amp#27;[32mDEBUG&amp#27;[0;39m &amp#27;[35m32373&amp#27;[0;39m &amp#27;[2m---&amp#27;[0;39m &amp#27;[2m[transferer] [     parallel-1]&amp#27;[0;39m &amp#27;[2m&amp#27;[0;39m&amp#27;[36mio.r2dbc.h2.client.SessionClient        &amp#27;[0;39m &amp#27;[2m:&amp#27;[0;39m Request:  SELECT CURRENT_TIMESTAMP
&amp#27;[2m2025-08-17T20:20:17.315+01:00&amp#27;[0;39m &amp#27;[32mDEBUG&amp#27;[0;39m &amp#27;[35m32373&amp#27;[0;39m &amp#27;[2m---&amp#27;[0;39m &amp#27;[2m[transferer] [     parallel-1]&amp#27;[0;39m &amp#27;[2m&amp#27;[0;39m&amp#27;[36mio.r2dbc.h2.client.SessionClient        &amp#27;[0;39m &amp#27;[2m:&amp#27;[0;39m Response: org.h2.result.LocalResult@69ad4926 columns: 1 rows: 1 pos: -1
&amp#27;[2m2025-08-17T20:20:17.370+01:00&amp#27;[0;39m &amp#27;[32mDEBUG&amp#27;[0;39m &amp#27;[35m32373&amp#27;[0;39m &amp#27;[2m---&amp#27;[0;39m &amp#27;[2m[transferer] [     parallel-2]&amp#27;[0;39m &amp#27;[2m&amp#27;[0;39m&amp#27;[36mio.r2dbc.h2.client.SessionClient        &amp#27;[0;39m &amp#27;[2m:&amp#27;[0;39m Request:  SELECT 1
&amp#27;[2m2025-08-17T20:20:17.370+01:00&amp#27;[0;39m &amp#27;[32mDEBUG&amp#27;[0;39m &amp#27;[35m32373&amp#27;[0;39m &amp#27;[2m---&amp#27;[0;39m &amp#27;[2m[transferer] [     parallel-2]&amp#27;[0;39m &amp#27;[2m&amp#27;[0;39m&amp#27;[36mio.r2dbc.h2.client.SessionClient        &amp#27;[0;39m &amp#27;[2m:&amp#27;[0;39m Response: org.h2.result.LocalResult@7d3b53f4 columns: 1 rows: 1 pos: -1
&amp#27;[2m2025-08-17T20:20:17.371+01:00&amp#27;[0;39m &amp#27;[32mDEBUG&amp#27;[0;39m &amp#27;[35m32373&amp#27;[0;39m &amp#27;[2m---&amp#27;[0;39m &amp#27;[2m[transferer] [     parallel-2]&amp#27;[0;39m &amp#27;[2m&amp#27;[0;39m&amp#27;[36mo.s.r2dbc.core.DefaultDatabaseClient    &amp#27;[0;39m &amp#27;[2m:&amp#27;[0;39m Executing SQL statement [SELECT event_type, COUNT(*) as count FROM outbox_events GROUP BY event_type]
&amp#27;[2m2025-08-17T20:20:17.371+01:00&amp#27;[0;39m &amp#27;[32mDEBUG&amp#27;[0;39m &amp#27;[35m32373&amp#27;[0;39m &amp#27;[2m---&amp#27;[0;39m &amp#27;[2m[transferer] [     parallel-2]&amp#27;[0;39m &amp#27;[2m&amp#27;[0;39m&amp#27;[36mio.r2dbc.h2.client.SessionClient        &amp#27;[0;39m &amp#27;[2m:&amp#27;[0;39m Request:  SELECT event_type, COUNT(*) as count FROM outbox_events GROUP BY event_type
&amp#27;[2m2025-08-17T20:20:17.371+01:00&amp#27;[0;39m &amp#27;[32mDEBUG&amp#27;[0;39m &amp#27;[35m32373&amp#27;[0;39m &amp#27;[2m---&amp#27;[0;39m &amp#27;[2m[transferer] [     parallel-2]&amp#27;[0;39m &amp#27;[2m&amp#27;[0;39m&amp#27;[36mio.r2dbc.h2.client.SessionClient        &amp#27;[0;39m &amp#27;[2m:&amp#27;[0;39m Response: org.h2.result.LocalResult@4d2ab514 columns: 2 rows: 3 pos: -1
&amp#27;[2m2025-08-17T20:20:17.371+01:00&amp#27;[0;39m &amp#27;[32mDEBUG&amp#27;[0;39m &amp#27;[35m32373&amp#27;[0;39m &amp#27;[2m---&amp#27;[0;39m &amp#27;[2m[transferer] [     parallel-2]&amp#27;[0;39m &amp#27;[2m&amp#27;[0;39m&amp#27;[36mio.r2dbc.h2.client.SessionClient        &amp#27;[0;39m &amp#27;[2m:&amp#27;[0;39m Request:  SELECT CURRENT_TIMESTAMP
&amp#27;[2m2025-08-17T20:20:17.371+01:00&amp#27;[0;39m &amp#27;[32mDEBUG&amp#27;[0;39m &amp#27;[35m32373&amp#27;[0;39m &amp#27;[2m---&amp#27;[0;39m &amp#27;[2m[transferer] [     parallel-2]&amp#27;[0;39m &amp#27;[2m&amp#27;[0;39m&amp#27;[36mio.r2dbc.h2.client.SessionClient        &amp#27;[0;39m &amp#27;[2m:&amp#27;[0;39m Response: org.h2.result.LocalResult@1cb3556b columns: 1 rows: 1 pos: -1
&amp#27;[2m2025-08-17T20:20:17.423+01:00&amp#27;[0;39m &amp#27;[32mDEBUG&amp#27;[0;39m &amp#27;[35m32373&amp#27;[0;39m &amp#27;[2m---&amp#27;[0;39m &amp#27;[2m[transferer] [     parallel-3]&amp#27;[0;39m &amp#27;[2m&amp#27;[0;39m&amp#27;[36mio.r2dbc.h2.client.SessionClient        &amp#27;[0;39m &amp#27;[2m:&amp#27;[0;39m Request:  SELECT 1
&amp#27;[2m2025-08-17T20:20:17.423+01:00&amp#27;[0;39m &amp#27;[32mDEBUG&amp#27;[0;39m &amp#27;[35m32373&amp#27;[0;39m &amp#27;[2m---&amp#27;[0;39m &amp#27;[2m[transferer] [     parallel-3]&amp#27;[0;39m &amp#27;[2m&amp#27;[0;39m&amp#27;[36mio.r2dbc.h2.client.SessionClient        &amp#27;[0;39m &amp#27;[2m:&amp#27;[0;39m Response: org.h2.result.LocalResult@5fd57147 columns: 1 rows: 1 pos: -1
&amp#27;[2m2025-08-17T20:20:17.423+01:00&amp#27;[0;39m &amp#27;[32mDEBUG&amp#27;[0;39m &amp#27;[35m32373&amp#27;[0;39m &amp#27;[2m---&amp#27;[0;39m &amp#27;[2m[transferer] [     parallel-3]&amp#27;[0;39m &amp#27;[2m&amp#27;[0;39m&amp#27;[36mo.s.r2dbc.core.DefaultDatabaseClient    &amp#27;[0;39m &amp#27;[2m:&amp#27;[0;39m Executing SQL statement [SELECT event_type, COUNT(*) as count FROM outbox_events GROUP BY event_type]
&amp#27;[2m2025-08-17T20:20:17.423+01:00&amp#27;[0;39m &amp#27;[32mDEBUG&amp#27;[0;39m &amp#27;[35m32373&amp#27;[0;39m &amp#27;[2m---&amp#27;[0;39m &amp#27;[2m[transferer] [     parallel-3]&amp#27;[0;39m &amp#27;[2m&amp#27;[0;39m&amp#27;[36mio.r2dbc.h2.client.SessionClient        &amp#27;[0;39m &amp#27;[2m:&amp#27;[0;39m Request:  SELECT event_type, COUNT(*) as count FROM outbox_events GROUP BY event_type
&amp#27;[2m2025-08-17T20:20:17.423+01:00&amp#27;[0;39m &amp#27;[32mDEBUG&amp#27;[0;39m &amp#27;[35m32373&amp#27;[0;39m &amp#27;[2m---&amp#27;[0;39m &amp#27;[2m[transferer] [     parallel-3]&amp#27;[0;39m &amp#27;[2m&amp#27;[0;39m&amp#27;[36mio.r2dbc.h2.client.SessionClient        &amp#27;[0;39m &amp#27;[2m:&amp#27;[0;39m Response: org.h2.result.LocalResult@5f3cfa54 columns: 2 rows: 3 pos: -1
&amp#27;[2m2025-08-17T20:20:17.423+01:00&amp#27;[0;39m &amp#27;[32mDEBUG&amp#27;[0;39m &amp#27;[35m32373&amp#27;[0;39m &amp#27;[2m---&amp#27;[0;39m &amp#27;[2m[transferer] [     parallel-3]&amp#27;[0;39m &amp#27;[2m&amp#27;[0;39m&amp#27;[36mio.r2dbc.h2.client.SessionClient        &amp#27;[0;39m &amp#27;[2m:&amp#27;[0;39m Request:  SELECT CURRENT_TIMESTAMP
&amp#27;[2m2025-08-17T20:20:17.423+01:00&amp#27;[0;39m &amp#27;[32mDEBUG&amp#27;[0;39m &amp#27;[35m32373&amp#27;[0;39m &amp#27;[2m---&amp#27;[0;39m &amp#27;[2m[transferer] [     parallel-3]&amp#27;[0;39m &amp#27;[2m&amp#27;[0;39m&amp#27;[36mio.r2dbc.h2.client.SessionClient        &amp#27;[0;39m &amp#27;[2m:&amp#27;[0;39m Response: org.h2.result.LocalResult@e370ce4 columns: 1 rows: 1 pos: -1
&amp#27;[2m2025-08-17T20:20:17.476+01:00&amp#27;[0;39m &amp#27;[32mDEBUG&amp#27;[0;39m &amp#27;[35m32373&amp#27;[0;39m &amp#27;[2m---&amp#27;[0;39m &amp#27;[2m[transferer] [     parallel-4]&amp#27;[0;39m &amp#27;[2m&amp#27;[0;39m&amp#27;[36mio.r2dbc.h2.client.SessionClient        &amp#27;[0;39m &amp#27;[2m:&amp#27;[0;39m Request:  SELECT 1
&amp#27;[2m2025-08-17T20:20:17.476+01:00&amp#27;[0;39m &amp#27;[32mDEBUG&amp#27;[0;39m &amp#27;[35m32373&amp#27;[0;39m &amp#27;[2m---&amp#27;[0;39m &amp#27;[2m[transferer] [     parallel-4]&amp#27;[0;39m &amp#27;[2m&amp#27;[0;39m&amp#27;[36mio.r2dbc.h2.client.SessionClient        &amp#27;[0;39m &amp#27;[2m:&amp#27;[0;39m Response: org.h2.result.LocalResult@6b6db7c columns: 1 rows: 1 pos: -1
&amp#27;[2m2025-08-17T20:20:17.476+01:00&amp#27;[0;39m &amp#27;[32mDEBUG&amp#27;[0;39m &amp#27;[35m32373&amp#27;[0;39m &amp#27;[2m---&amp#27;[0;39m &amp#27;[2m[transferer] [     parallel-4]&amp#27;[0;39m &amp#27;[2m&amp#27;[0;39m&amp#27;[36mo.s.r2dbc.core.DefaultDatabaseClient    &amp#27;[0;39m &amp#27;[2m:&amp#27;[0;39m Executing SQL statement [SELECT event_type, COUNT(*) as count FROM outbox_events GROUP BY event_type]
&amp#27;[2m2025-08-17T20:20:17.476+01:00&amp#27;[0;39m &amp#27;[32mDEBUG&amp#27;[0;39m &amp#27;[35m32373&amp#27;[0;39m &amp#27;[2m---&amp#27;[0;39m &amp#27;[2m[transferer] [     parallel-4]&amp#27;[0;39m &amp#27;[2m&amp#27;[0;39m&amp#27;[36mio.r2dbc.h2.client.SessionClient        &amp#27;[0;39m &amp#27;[2m:&amp#27;[0;39m Request:  SELECT event_type, COUNT(*) as count FROM outbox_events GROUP BY event_type
&amp#27;[2m2025-08-17T20:20:17.477+01:00&amp#27;[0;39m &amp#27;[32mDEBUG&amp#27;[0;39m &amp#27;[35m32373&amp#27;[0;39m &amp#27;[2m---&amp#27;[0;39m &amp#27;[2m[transferer] [     parallel-4]&amp#27;[0;39m &amp#27;[2m&amp#27;[0;39m&amp#27;[36mio.r2dbc.h2.client.SessionClient        &amp#27;[0;39m &amp#27;[2m:&amp#27;[0;39m Response: org.h2.result.LocalResult@6d28cd9d columns: 2 rows: 3 pos: -1
&amp#27;[2m2025-08-17T20:20:17.477+01:00&amp#27;[0;39m &amp#27;[32mDEBUG&amp#27;[0;39m &amp#27;[35m32373&amp#27;[0;39m &amp#27;[2m---&amp#27;[0;39m &amp#27;[2m[transferer] [     parallel-4]&amp#27;[0;39m &amp#27;[2m&amp#27;[0;39m&amp#27;[36mio.r2dbc.h2.client.SessionClient        &amp#27;[0;39m &amp#27;[2m:&amp#27;[0;39m Request:  SELECT CURRENT_TIMESTAMP
&amp#27;[2m2025-08-17T20:20:17.477+01:00&amp#27;[0;39m &amp#27;[32mDEBUG&amp#27;[0;39m &amp#27;[35m32373&amp#27;[0;39m &amp#27;[2m---&amp#27;[0;39m &amp#27;[2m[transferer] [     parallel-4]&amp#27;[0;39m &amp#27;[2m&amp#27;[0;39m&amp#27;[36mio.r2dbc.h2.client.SessionClient        &amp#27;[0;39m &amp#27;[2m:&amp#27;[0;39m Response: org.h2.result.LocalResult@6a894714 columns: 1 rows: 1 pos: -1
&amp#27;[2m2025-08-17T20:20:17.528+01:00&amp#27;[0;39m &amp#27;[32mDEBUG&amp#27;[0;39m &amp#27;[35m32373&amp#27;[0;39m &amp#27;[2m---&amp#27;[0;39m &amp#27;[2m[transferer] [     parallel-5]&amp#27;[0;39m &amp#27;[2m&amp#27;[0;39m&amp#27;[36mio.r2dbc.h2.client.SessionClient        &amp#27;[0;39m &amp#27;[2m:&amp#27;[0;39m Request:  SELECT 1
&amp#27;[2m2025-08-17T20:20:17.528+01:00&amp#27;[0;39m &amp#27;[32mDEBUG&amp#27;[0;39m &amp#27;[35m32373&amp#27;[0;39m &amp#27;[2m---&amp#27;[0;39m &amp#27;[2m[transferer] [     parallel-5]&amp#27;[0;39m &amp#27;[2m&amp#27;[0;39m&amp#27;[36mio.r2dbc.h2.client.SessionClient        &amp#27;[0;39m &amp#27;[2m:&amp#27;[0;39m Response: org.h2.result.LocalResult@b30a5f8 columns: 1 rows: 1 pos: -1
&amp#27;[2m2025-08-17T20:20:17.528+01:00&amp#27;[0;39m &amp#27;[32mDEBUG&amp#27;[0;39m &amp#27;[35m32373&amp#27;[0;39m &amp#27;[2m---&amp#27;[0;39m &amp#27;[2m[transferer] [     parallel-5]&amp#27;[0;39m &amp#27;[2m&amp#27;[0;39m&amp#27;[36mo.s.r2dbc.core.DefaultDatabaseClient    &amp#27;[0;39m &amp#27;[2m:&amp#27;[0;39m Executing SQL statement [SELECT event_type, COUNT(*) as count FROM outbox_events GROUP BY event_type]
&amp#27;[2m2025-08-17T20:20:17.528+01:00&amp#27;[0;39m &amp#27;[32mDEBUG&amp#27;[0;39m &amp#27;[35m32373&amp#27;[0;39m &amp#27;[2m---&amp#27;[0;39m &amp#27;[2m[transferer] [     parallel-5]&amp#27;[0;39m &amp#27;[2m&amp#27;[0;39m&amp#27;[36mio.r2dbc.h2.client.SessionClient        &amp#27;[0;39m &amp#27;[2m:&amp#27;[0;39m Request:  SELECT event_type, COUNT(*) as count FROM outbox_events GROUP BY event_type
&amp#27;[2m2025-08-17T20:20:17.529+01:00&amp#27;[0;39m &amp#27;[32mDEBUG&amp#27;[0;39m &amp#27;[35m32373&amp#27;[0;39m &amp#27;[2m---&amp#27;[0;39m &amp#27;[2m[transferer] [     parallel-5]&amp#27;[0;39m &amp#27;[2m&amp#27;[0;39m&amp#27;[36mio.r2dbc.h2.client.SessionClient        &amp#27;[0;39m &amp#27;[2m:&amp#27;[0;39m Response: org.h2.result.LocalResult@278be033 columns: 2 rows: 3 pos: -1
&amp#27;[2m2025-08-17T20:20:17.529+01:00&amp#27;[0;39m &amp#27;[32mDEBUG&amp#27;[0;39m &amp#27;[35m32373&amp#27;[0;39m &amp#27;[2m---&amp#27;[0;39m &amp#27;[2m[transferer] [     parallel-5]&amp#27;[0;39m &amp#27;[2m&amp#27;[0;39m&amp#27;[36mio.r2dbc.h2.client.SessionClient        &amp#27;[0;39m &amp#27;[2m:&amp#27;[0;39m Request:  SELECT CURRENT_TIMESTAMP
&amp#27;[2m2025-08-17T20:20:17.529+01:00&amp#27;[0;39m &amp#27;[32mDEBUG&amp#27;[0;39m &amp#27;[35m32373&amp#27;[0;39m &amp#27;[2m---&amp#27;[0;39m &amp#27;[2m[transferer] [     parallel-5]&amp#27;[0;39m &amp#27;[2m&amp#27;[0;39m&amp#27;[36mio.r2dbc.h2.client.SessionClient        &amp#27;[0;39m &amp#27;[2m:&amp#27;[0;39m Response: org.h2.result.LocalResult@1f4f72ba columns: 1 rows: 1 pos: -1
&amp#27;[2m2025-08-17T20:20:17.582+01:00&amp#27;[0;39m &amp#27;[32mDEBUG&amp#27;[0;39m &amp#27;[35m32373&amp#27;[0;39m &amp#27;[2m---&amp#27;[0;39m &amp#27;[2m[transferer] [     parallel-6]&amp#27;[0;39m &amp#27;[2m&amp#27;[0;39m&amp#27;[36mio.r2dbc.h2.client.SessionClient        &amp#27;[0;39m &amp#27;[2m:&amp#27;[0;39m Request:  SELECT 1
&amp#27;[2m2025-08-17T20:20:17.582+01:00&amp#27;[0;39m &amp#27;[32mDEBUG&amp#27;[0;39m &amp#27;[35m32373&amp#27;[0;39m &amp#27;[2m---&amp#27;[0;39m &amp#27;[2m[transferer] [     parallel-6]&amp#27;[0;39m &amp#27;[2m&amp#27;[0;39m&amp#27;[36mio.r2dbc.h2.client.SessionClient        &amp#27;[0;39m &amp#27;[2m:&amp#27;[0;39m Response: org.h2.result.LocalResult@6ad30f88 columns: 1 rows: 1 pos: -1
&amp#27;[2m2025-08-17T20:20:17.582+01:00&amp#27;[0;39m &amp#27;[32mDEBUG&amp#27;[0;39m &amp#27;[35m32373&amp#27;[0;39m &amp#27;[2m---&amp#27;[0;39m &amp#27;[2m[transferer] [     parallel-6]&amp#27;[0;39m &amp#27;[2m&amp#27;[0;39m&amp#27;[36mo.s.r2dbc.core.DefaultDatabaseClient    &amp#27;[0;39m &amp#27;[2m:&amp#27;[0;39m Executing SQL statement [SELECT event_type, COUNT(*) as count FROM outbox_events GROUP BY event_type]
&amp#27;[2m2025-08-17T20:20:17.582+01:00&amp#27;[0;39m &amp#27;[32mDEBUG&amp#27;[0;39m &amp#27;[35m32373&amp#27;[0;39m &amp#27;[2m---&amp#27;[0;39m &amp#27;[2m[transferer] [     parallel-6]&amp#27;[0;39m &amp#27;[2m&amp#27;[0;39m&amp#27;[36mio.r2dbc.h2.client.SessionClient        &amp#27;[0;39m &amp#27;[2m:&amp#27;[0;39m Request:  SELECT event_type, COUNT(*) as count FROM outbox_events GROUP BY event_type
&amp#27;[2m2025-08-17T20:20:17.582+01:00&amp#27;[0;39m &amp#27;[32mDEBUG&amp#27;[0;39m &amp#27;[35m32373&amp#27;[0;39m &amp#27;[2m---&amp#27;[0;39m &amp#27;[2m[transferer] [     parallel-6]&amp#27;[0;39m &amp#27;[2m&amp#27;[0;39m&amp#27;[36mio.r2dbc.h2.client.SessionClient        &amp#27;[0;39m &amp#27;[2m:&amp#27;[0;39m Response: org.h2.result.LocalResult@1481e17d columns: 2 rows: 3 pos: -1
&amp#27;[2m2025-08-17T20:20:17.583+01:00&amp#27;[0;39m &amp#27;[32mDEBUG&amp#27;[0;39m &amp#27;[35m32373&amp#27;[0;39m &amp#27;[2m---&amp#27;[0;39m &amp#27;[2m[transferer] [     parallel-6]&amp#27;[0;39m &amp#27;[2m&amp#27;[0;39m&amp#27;[36mio.r2dbc.h2.client.SessionClient        &amp#27;[0;39m &amp#27;[2m:&amp#27;[0;39m Request:  SELECT CURRENT_TIMESTAMP
&amp#27;[2m2025-08-17T20:20:17.583+01:00&amp#27;[0;39m &amp#27;[32mDEBUG&amp#27;[0;39m &amp#27;[35m32373&amp#27;[0;39m &amp#27;[2m---&amp#27;[0;39m &amp#27;[2m[transferer] [     parallel-6]&amp#27;[0;39m &amp#27;[2m&amp#27;[0;39m&amp#27;[36mio.r2dbc.h2.client.SessionClient        &amp#27;[0;39m &amp#27;[2m:&amp#27;[0;39m Response: org.h2.result.LocalResult@45c1ba94 columns: 1 rows: 1 pos: -1
&amp#27;[2m2025-08-17T20:20:17.636+01:00&amp#27;[0;39m &amp#27;[32mDEBUG&amp#27;[0;39m &amp#27;[35m32373&amp#27;[0;39m &amp#27;[2m---&amp#27;[0;39m &amp#27;[2m[transferer] [     parallel-7]&amp#27;[0;39m &amp#27;[2m&amp#27;[0;39m&amp#27;[36mio.r2dbc.h2.client.SessionClient        &amp#27;[0;39m &amp#27;[2m:&amp#27;[0;39m Request:  SELECT 1
&amp#27;[2m2025-08-17T20:20:17.636+01:00&amp#27;[0;39m &amp#27;[32mDEBUG&amp#27;[0;39m &amp#27;[35m32373&amp#27;[0;39m &amp#27;[2m---&amp#27;[0;39m &amp#27;[2m[transferer] [     parallel-7]&amp#27;[0;39m &amp#27;[2m&amp#27;[0;39m&amp#27;[36mio.r2dbc.h2.client.SessionClient        &amp#27;[0;39m &amp#27;[2m:&amp#27;[0;39m Response: org.h2.result.LocalResult@72039a2f columns: 1 rows: 1 pos: -1
&amp#27;[2m2025-08-17T20:20:17.636+01:00&amp#27;[0;39m &amp#27;[32mDEBUG&amp#27;[0;39m &amp#27;[35m32373&amp#27;[0;39m &amp#27;[2m---&amp#27;[0;39m &amp#27;[2m[transferer] [     parallel-7]&amp#27;[0;39m &amp#27;[2m&amp#27;[0;39m&amp#27;[36mo.s.r2dbc.core.DefaultDatabaseClient    &amp#27;[0;39m &amp#27;[2m:&amp#27;[0;39m Executing SQL statement [SELECT event_type, COUNT(*) as count FROM outbox_events GROUP BY event_type]
&amp#27;[2m2025-08-17T20:20:17.636+01:00&amp#27;[0;39m &amp#27;[32mDEBUG&amp#27;[0;39m &amp#27;[35m32373&amp#27;[0;39m &amp#27;[2m---&amp#27;[0;39m &amp#27;[2m[transferer] [     parallel-7]&amp#27;[0;39m &amp#27;[2m&amp#27;[0;39m&amp#27;[36mio.r2dbc.h2.client.SessionClient        &amp#27;[0;39m &amp#27;[2m:&amp#27;[0;39m Request:  SELECT event_type, COUNT(*) as count FROM outbox_events GROUP BY event_type
&amp#27;[2m2025-08-17T20:20:17.636+01:00&amp#27;[0;39m &amp#27;[32mDEBUG&amp#27;[0;39m &amp#27;[35m32373&amp#27;[0;39m &amp#27;[2m---&amp#27;[0;39m &amp#27;[2m[transferer] [     parallel-7]&amp#27;[0;39m &amp#27;[2m&amp#27;[0;39m&amp#27;[36mio.r2dbc.h2.client.SessionClient        &amp#27;[0;39m &amp#27;[2m:&amp#27;[0;39m Response: org.h2.result.LocalResult@69598ea9 columns: 2 rows: 3 pos: -1
&amp#27;[2m2025-08-17T20:20:17.636+01:00&amp#27;[0;39m &amp#27;[32mDEBUG&amp#27;[0;39m &amp#27;[35m32373&amp#27;[0;39m &amp#27;[2m---&amp#27;[0;39m &amp#27;[2m[transferer] [     parallel-7]&amp#27;[0;39m &amp#27;[2m&amp#27;[0;39m&amp#27;[36mio.r2dbc.h2.client.SessionClient        &amp#27;[0;39m &amp#27;[2m:&amp#27;[0;39m Request:  SELECT CURRENT_TIMESTAMP
&amp#27;[2m2025-08-17T20:20:17.636+01:00&amp#27;[0;39m &amp#27;[32mDEBUG&amp#27;[0;39m &amp#27;[35m32373&amp#27;[0;39m &amp#27;[2m---&amp#27;[0;39m &amp#27;[2m[transferer] [     parallel-7]&amp#27;[0;39m &amp#27;[2m&amp#27;[0;39m&amp#27;[36mio.r2dbc.h2.client.SessionClient        &amp#27;[0;39m &amp#27;[2m:&amp#27;[0;39m Response: org.h2.result.LocalResult@740c4571 columns: 1 rows: 1 pos: -1
&amp#27;[2m2025-08-17T20:20:17.689+01:00&amp#27;[0;39m &amp#27;[32mDEBUG&amp#27;[0;39m &amp#27;[35m32373&amp#27;[0;39m &amp#27;[2m---&amp#27;[0;39m &amp#27;[2m[transferer] [     parallel-8]&amp#27;[0;39m &amp#27;[2m&amp#27;[0;39m&amp#27;[36mio.r2dbc.h2.client.SessionClient        &amp#27;[0;39m &amp#27;[2m:&amp#27;[0;39m Request:  SELECT 1
&amp#27;[2m2025-08-17T20:20:17.690+01:00&amp#27;[0;39m &amp#27;[32mDEBUG&amp#27;[0;39m &amp#27;[35m32373&amp#27;[0;39m &amp#27;[2m---&amp#27;[0;39m &amp#27;[2m[transferer] [     parallel-8]&amp#27;[0;39m &amp#27;[2m&amp#27;[0;39m&amp#27;[36mio.r2dbc.h2.client.SessionClient        &amp#27;[0;39m &amp#27;[2m:&amp#27;[0;39m Response: org.h2.result.LocalResult@54b1b87f columns: 1 rows: 1 pos: -1
&amp#27;[2m2025-08-17T20:20:17.690+01:00&amp#27;[0;39m &amp#27;[32mDEBUG&amp#27;[0;39m &amp#27;[35m32373&amp#27;[0;39m &amp#27;[2m---&amp#27;[0;39m &amp#27;[2m[transferer] [     parallel-8]&amp#27;[0;39m &amp#27;[2m&amp#27;[0;39m&amp#27;[36mo.s.r2dbc.core.DefaultDatabaseClient    &amp#27;[0;39m &amp#27;[2m:&amp#27;[0;39m Executing SQL statement [SELECT event_type, COUNT(*) as count FROM outbox_events GROUP BY event_type]
&amp#27;[2m2025-08-17T20:20:17.690+01:00&amp#27;[0;39m &amp#27;[32mDEBUG&amp#27;[0;39m &amp#27;[35m32373&amp#27;[0;39m &amp#27;[2m---&amp#27;[0;39m &amp#27;[2m[transferer] [     parallel-8]&amp#27;[0;39m &amp#27;[2m&amp#27;[0;39m&amp#27;[36mio.r2dbc.h2.client.SessionClient        &amp#27;[0;39m &amp#27;[2m:&amp#27;[0;39m Request:  SELECT event_type, COUNT(*) as count FROM outbox_events GROUP BY event_type
&amp#27;[2m2025-08-17T20:20:17.690+01:00&amp#27;[0;39m &amp#27;[32mDEBUG&amp#27;[0;39m &amp#27;[35m32373&amp#27;[0;39m &amp#27;[2m---&amp#27;[0;39m &amp#27;[2m[transferer] [     parallel-8]&amp#27;[0;39m &amp#27;[2m&amp#27;[0;39m&amp#27;[36mio.r2dbc.h2.client.SessionClient        &amp#27;[0;39m &amp#27;[2m:&amp#27;[0;39m Response: org.h2.result.LocalResult@669863ad columns: 2 rows: 3 pos: -1
&amp#27;[2m2025-08-17T20:20:17.691+01:00&amp#27;[0;39m &amp#27;[32mDEBUG&amp#27;[0;39m &amp#27;[35m32373&amp#27;[0;39m &amp#27;[2m---&amp#27;[0;39m &amp#27;[2m[transferer] [     parallel-8]&amp#27;[0;39m &amp#27;[2m&amp#27;[0;39m&amp#27;[36mio.r2dbc.h2.client.SessionClient        &amp#27;[0;39m &amp#27;[2m:&amp#27;[0;39m Request:  SELECT CURRENT_TIMESTAMP
&amp#27;[2m2025-08-17T20:20:17.691+01:00&amp#27;[0;39m &amp#27;[32mDEBUG&amp#27;[0;39m &amp#27;[35m32373&amp#27;[0;39m &amp#27;[2m---&amp#27;[0;39m &amp#27;[2m[transferer] [     parallel-8]&amp#27;[0;39m &amp#27;[2m&amp#27;[0;39m&amp#27;[36mio.r2dbc.h2.client.SessionClient        &amp#27;[0;39m &amp#27;[2m:&amp#27;[0;39m Response: org.h2.result.LocalResult@3abe7191 columns: 1 rows: 1 pos: -1
&amp#27;[2m2025-08-17T20:20:17.743+01:00&amp#27;[0;39m &amp#27;[32mDEBUG&amp#27;[0;39m &amp#27;[35m32373&amp#27;[0;39m &amp#27;[2m---&amp#27;[0;39m &amp#27;[2m[transferer] [     parallel-1]&amp#27;[0;39m &amp#27;[2m&amp#27;[0;39m&amp#27;[36mio.r2dbc.h2.client.SessionClient        &amp#27;[0;39m &amp#27;[2m:&amp#27;[0;39m Request:  SELECT 1
&amp#27;[2m2025-08-17T20:20:17.743+01:00&amp#27;[0;39m &amp#27;[32mDEBUG&amp#27;[0;39m &amp#27;[35m32373&amp#27;[0;39m &amp#27;[2m---&amp#27;[0;39m &amp#27;[2m[transferer] [     parallel-1]&amp#27;[0;39m &amp#27;[2m&amp#27;[0;39m&amp#27;[36mio.r2dbc.h2.client.SessionClient        &amp#27;[0;39m &amp#27;[2m:&amp#27;[0;39m Response: org.h2.result.LocalResult@2990239f columns: 1 rows: 1 pos: -1
&amp#27;[2m2025-08-17T20:20:17.743+01:00&amp#27;[0;39m &amp#27;[32mDEBUG&amp#27;[0;39m &amp#27;[35m32373&amp#27;[0;39m &amp#27;[2m---&amp#27;[0;39m &amp#27;[2m[transferer] [     parallel-1]&amp#27;[0;39m &amp#27;[2m&amp#27;[0;39m&amp#27;[36mo.s.r2dbc.core.DefaultDatabaseClient    &amp#27;[0;39m &amp#27;[2m:&amp#27;[0;39m Executing SQL statement [SELECT event_type, COUNT(*) as count FROM outbox_events GROUP BY event_type]
&amp#27;[2m2025-08-17T20:20:17.743+01:00&amp#27;[0;39m &amp#27;[32mDEBUG&amp#27;[0;39m &amp#27;[35m32373&amp#27;[0;39m &amp#27;[2m---&amp#27;[0;39m &amp#27;[2m[transferer] [     parallel-1]&amp#27;[0;39m &amp#27;[2m&amp#27;[0;39m&amp#27;[36mio.r2dbc.h2.client.SessionClient        &amp#27;[0;39m &amp#27;[2m:&amp#27;[0;39m Request:  SELECT event_type, COUNT(*) as count FROM outbox_events GROUP BY event_type
&amp#27;[2m2025-08-17T20:20:17.743+01:00&amp#27;[0;39m &amp#27;[32mDEBUG&amp#27;[0;39m &amp#27;[35m32373&amp#27;[0;39m &amp#27;[2m---&amp#27;[0;39m &amp#27;[2m[transferer] [     parallel-1]&amp#27;[0;39m &amp#27;[2m&amp#27;[0;39m&amp#27;[36mio.r2dbc.h2.client.SessionClient        &amp#27;[0;39m &amp#27;[2m:&amp#27;[0;39m Response: org.h2.result.LocalResult@1f350752 columns: 2 rows: 3 pos: -1
&amp#27;[2m2025-08-17T20:20:17.743+01:00&amp#27;[0;39m &amp#27;[32mDEBUG&amp#27;[0;39m &amp#27;[35m32373&amp#27;[0;39m &amp#27;[2m---&amp#27;[0;39m &amp#27;[2m[transferer] [     parallel-1]&amp#27;[0;39m &amp#27;[2m&amp#27;[0;39m&amp#27;[36mio.r2dbc.h2.client.SessionClient        &amp#27;[0;39m &amp#27;[2m:&amp#27;[0;39m Request:  SELECT CURRENT_TIMESTAMP
&amp#27;[2m2025-08-17T20:20:17.743+01:00&amp#27;[0;39m &amp#27;[32mDEBUG&amp#27;[0;39m &amp#27;[35m32373&amp#27;[0;39m &amp#27;[2m---&amp#27;[0;39m &amp#27;[2m[transferer] [     parallel-1]&amp#27;[0;39m &amp#27;[2m&amp#27;[0;39m&amp#27;[36mio.r2dbc.h2.client.SessionClient        &amp#27;[0;39m &amp#27;[2m:&amp#27;[0;39m Response: org.h2.result.LocalResult@6de3542a columns: 1 rows: 1 pos: -1
&amp#27;[2m2025-08-17T20:20:17.794+01:00&amp#27;[0;39m &amp#27;[32mDEBUG&amp#27;[0;39m &amp#27;[35m32373&amp#27;[0;39m &amp#27;[2m---&amp#27;[0;39m &amp#27;[2m[transferer] [     parallel-2]&amp#27;[0;39m &amp#27;[2m&amp#27;[0;39m&amp#27;[36mio.r2dbc.h2.client.SessionClient        &amp#27;[0;39m &amp#27;[2m:&amp#27;[0;39m Request:  SELECT 1
&amp#27;[2m2025-08-17T20:20:17.794+01:00&amp#27;[0;39m &amp#27;[32mDEBUG&amp#27;[0;39m &amp#27;[35m32373&amp#27;[0;39m &amp#27;[2m---&amp#27;[0;39m &amp#27;[2m[transferer] [     parallel-2]&amp#27;[0;39m &amp#27;[2m&amp#27;[0;39m&amp#27;[36mio.r2dbc.h2.client.SessionClient        &amp#27;[0;39m &amp#27;[2m:&amp#27;[0;39m Response: org.h2.result.LocalResult@3b3001fa columns: 1 rows: 1 pos: -1
&amp#27;[2m2025-08-17T20:20:17.794+01:00&amp#27;[0;39m &amp#27;[32mDEBUG&amp#27;[0;39m &amp#27;[35m32373&amp#27;[0;39m &amp#27;[2m---&amp#27;[0;39m &amp#27;[2m[transferer] [     parallel-2]&amp#27;[0;39m &amp#27;[2m&amp#27;[0;39m&amp#27;[36mo.s.r2dbc.core.DefaultDatabaseClient    &amp#27;[0;39m &amp#27;[2m:&amp#27;[0;39m Executing SQL statement [SELECT event_type, COUNT(*) as count FROM outbox_events GROUP BY event_type]
&amp#27;[2m2025-08-17T20:20:17.794+01:00&amp#27;[0;39m &amp#27;[32mDEBUG&amp#27;[0;39m &amp#27;[35m32373&amp#27;[0;39m &amp#27;[2m---&amp#27;[0;39m &amp#27;[2m[transferer] [     parallel-2]&amp#27;[0;39m &amp#27;[2m&amp#27;[0;39m&amp#27;[36mio.r2dbc.h2.client.SessionClient        &amp#27;[0;39m &amp#27;[2m:&amp#27;[0;39m Request:  SELECT event_type, COUNT(*) as count FROM outbox_events GROUP BY event_type
&amp#27;[2m2025-08-17T20:20:17.794+01:00&amp#27;[0;39m &amp#27;[32mDEBUG&amp#27;[0;39m &amp#27;[35m32373&amp#27;[0;39m &amp#27;[2m---&amp#27;[0;39m &amp#27;[2m[transferer] [     parallel-2]&amp#27;[0;39m &amp#27;[2m&amp#27;[0;39m&amp#27;[36mio.r2dbc.h2.client.SessionClient        &amp#27;[0;39m &amp#27;[2m:&amp#27;[0;39m Response: org.h2.result.LocalResult@23aa919d columns: 2 rows: 3 pos: -1
&amp#27;[2m2025-08-17T20:20:17.795+01:00&amp#27;[0;39m &amp#27;[32mDEBUG&amp#27;[0;39m &amp#27;[35m32373&amp#27;[0;39m &amp#27;[2m---&amp#27;[0;39m &amp#27;[2m[transferer] [     parallel-2]&amp#27;[0;39m &amp#27;[2m&amp#27;[0;39m&amp#27;[36mio.r2dbc.h2.client.SessionClient        &amp#27;[0;39m &amp#27;[2m:&amp#27;[0;39m Request:  SELECT CURRENT_TIMESTAMP
&amp#27;[2m2025-08-17T20:20:17.795+01:00&amp#27;[0;39m &amp#27;[32mDEBUG&amp#27;[0;39m &amp#27;[35m32373&amp#27;[0;39m &amp#27;[2m---&amp#27;[0;39m &amp#27;[2m[transferer] [     parallel-2]&amp#27;[0;39m &amp#27;[2m&amp#27;[0;39m&amp#27;[36mio.r2dbc.h2.client.SessionClient        &amp#27;[0;39m &amp#27;[2m:&amp#27;[0;39m Response: org.h2.result.LocalResult@18fd2d71 columns: 1 rows: 1 pos: -1
&amp#27;[2m2025-08-17T20:20:17.848+01:00&amp#27;[0;39m &amp#27;[32mDEBUG&amp#27;[0;39m &amp#27;[35m32373&amp#27;[0;39m &amp#27;[2m---&amp#27;[0;39m &amp#27;[2m[transferer] [     parallel-3]&amp#27;[0;39m &amp#27;[2m&amp#27;[0;39m&amp#27;[36mio.r2dbc.h2.client.SessionClient        &amp#27;[0;39m &amp#27;[2m:&amp#27;[0;39m Request:  SELECT 1
&amp#27;[2m2025-08-17T20:20:17.848+01:00&amp#27;[0;39m &amp#27;[32mDEBUG&amp#27;[0;39m &amp#27;[35m32373&amp#27;[0;39m &amp#27;[2m---&amp#27;[0;39m &amp#27;[2m[transferer] [     parallel-3]&amp#27;[0;39m &amp#27;[2m&amp#27;[0;39m&amp#27;[36mio.r2dbc.h2.client.SessionClient        &amp#27;[0;39m &amp#27;[2m:&amp#27;[0;39m Response: org.h2.result.LocalResult@7a1c0b2c columns: 1 rows: 1 pos: -1
&amp#27;[2m2025-08-17T20:20:17.848+01:00&amp#27;[0;39m &amp#27;[32mDEBUG&amp#27;[0;39m &amp#27;[35m32373&amp#27;[0;39m &amp#27;[2m---&amp#27;[0;39m &amp#27;[2m[transferer] [     parallel-3]&amp#27;[0;39m &amp#27;[2m&amp#27;[0;39m&amp#27;[36mo.s.r2dbc.core.DefaultDatabaseClient    &amp#27;[0;39m &amp#27;[2m:&amp#27;[0;39m Executing SQL statement [SELECT event_type, COUNT(*) as count FROM outbox_events GROUP BY event_type]
&amp#27;[2m2025-08-17T20:20:17.848+01:00&amp#27;[0;39m &amp#27;[32mDEBUG&amp#27;[0;39m &amp#27;[35m32373&amp#27;[0;39m &amp#27;[2m---&amp#27;[0;39m &amp#27;[2m[transferer] [     parallel-3]&amp#27;[0;39m &amp#27;[2m&amp#27;[0;39m&amp#27;[36mio.r2dbc.h2.client.SessionClient        &amp#27;[0;39m &amp#27;[2m:&amp#27;[0;39m Request:  SELECT event_type, COUNT(*) as count FROM outbox_events GROUP BY event_type
&amp#27;[2m2025-08-17T20:20:17.848+01:00&amp#27;[0;39m &amp#27;[32mDEBUG&amp#27;[0;39m &amp#27;[35m32373&amp#27;[0;39m &amp#27;[2m---&amp#27;[0;39m &amp#27;[2m[transferer] [     parallel-3]&amp#27;[0;39m &amp#27;[2m&amp#27;[0;39m&amp#27;[36mio.r2dbc.h2.client.SessionClient        &amp#27;[0;39m &amp#27;[2m:&amp#27;[0;39m Response: org.h2.result.LocalResult@42caa061 columns: 2 rows: 3 pos: -1
&amp#27;[2m2025-08-17T20:20:17.848+01:00&amp#27;[0;39m &amp#27;[32mDEBUG&amp#27;[0;39m &amp#27;[35m32373&amp#27;[0;39m &amp#27;[2m---&amp#27;[0;39m &amp#27;[2m[transferer] [     parallel-3]&amp#27;[0;39m &amp#27;[2m&amp#27;[0;39m&amp#27;[36mio.r2dbc.h2.client.SessionClient        &amp#27;[0;39m &amp#27;[2m:&amp#27;[0;39m Request:  SELECT CURRENT_TIMESTAMP
&amp#27;[2m2025-08-17T20:20:17.848+01:00&amp#27;[0;39m &amp#27;[32mDEBUG&amp#27;[0;39m &amp#27;[35m32373&amp#27;[0;39m &amp#27;[2m---&amp#27;[0;39m &amp#27;[2m[transferer] [     parallel-3]&amp#27;[0;39m &amp#27;[2m&amp#27;[0;39m&amp#27;[36mio.r2dbc.h2.client.SessionClient        &amp#27;[0;39m &amp#27;[2m:&amp#27;[0;39m Response: org.h2.result.LocalResult@a79f66a columns: 1 rows: 1 pos: -1
&amp#27;[2m2025-08-17T20:20:17.904+01:00&amp#27;[0;39m &amp#27;[32mDEBUG&amp#27;[0;39m &amp#27;[35m32373&amp#27;[0;39m &amp#27;[2m---&amp#27;[0;39m &amp#27;[2m[transferer] [     parallel-4]&amp#27;[0;39m &amp#27;[2m&amp#27;[0;39m&amp#27;[36mio.r2dbc.h2.client.SessionClient        &amp#27;[0;39m &amp#27;[2m:&amp#27;[0;39m Request:  SELECT 1
&amp#27;[2m2025-08-17T20:20:17.904+01:00&amp#27;[0;39m &amp#27;[32mDEBUG&amp#27;[0;39m &amp#27;[35m32373&amp#27;[0;39m &amp#27;[2m---&amp#27;[0;39m &amp#27;[2m[transferer] [     parallel-4]&amp#27;[0;39m &amp#27;[2m&amp#27;[0;39m&amp#27;[36mio.r2dbc.h2.client.SessionClient        &amp#27;[0;39m &amp#27;[2m:&amp#27;[0;39m Response: org.h2.result.LocalResult@5a541c02 columns: 1 rows: 1 pos: -1
&amp#27;[2m2025-08-17T20:20:17.904+01:00&amp#27;[0;39m &amp#27;[32mDEBUG&amp#27;[0;39m &amp#27;[35m32373&amp#27;[0;39m &amp#27;[2m---&amp#27;[0;39m &amp#27;[2m[transferer] [     parallel-4]&amp#27;[0;39m &amp#27;[2m&amp#27;[0;39m&amp#27;[36mo.s.r2dbc.core.DefaultDatabaseClient    &amp#27;[0;39m &amp#27;[2m:&amp#27;[0;39m Executing SQL statement [SELECT event_type, COUNT(*) as count FROM outbox_events GROUP BY event_type]
&amp#27;[2m2025-08-17T20:20:17.904+01:00&amp#27;[0;39m &amp#27;[32mDEBUG&amp#27;[0;39m &amp#27;[35m32373&amp#27;[0;39m &amp#27;[2m---&amp#27;[0;39m &amp#27;[2m[transferer] [     parallel-4]&amp#27;[0;39m &amp#27;[2m&amp#27;[0;39m&amp#27;[36mio.r2dbc.h2.client.SessionClient        &amp#27;[0;39m &amp#27;[2m:&amp#27;[0;39m Request:  SELECT event_type, COUNT(*) as count FROM outbox_events GROUP BY event_type
&amp#27;[2m2025-08-17T20:20:17.904+01:00&amp#27;[0;39m &amp#27;[32mDEBUG&amp#27;[0;39m &amp#27;[35m32373&amp#27;[0;39m &amp#27;[2m---&amp#27;[0;39m &amp#27;[2m[transferer] [     parallel-4]&amp#27;[0;39m &amp#27;[2m&amp#27;[0;39m&amp#27;[36mio.r2dbc.h2.client.SessionClient        &amp#27;[0;39m &amp#27;[2m:&amp#27;[0;39m Response: org.h2.result.LocalResult@713b66f0 columns: 2 rows: 3 pos: -1
&amp#27;[2m2025-08-17T20:20:17.904+01:00&amp#27;[0;39m &amp#27;[32mDEBUG&amp#27;[0;39m &amp#27;[35m32373&amp#27;[0;39m &amp#27;[2m---&amp#27;[0;39m &amp#27;[2m[transferer] [     parallel-4]&amp#27;[0;39m &amp#27;[2m&amp#27;[0;39m&amp#27;[36mio.r2dbc.h2.client.SessionClient        &amp#27;[0;39m &amp#27;[2m:&amp#27;[0;39m Request:  SELECT CURRENT_TIMESTAMP
&amp#27;[2m2025-08-17T20:20:17.904+01:00&amp#27;[0;39m &amp#27;[32mDEBUG&amp#27;[0;39m &amp#27;[35m32373&amp#27;[0;39m &amp#27;[2m---&amp#27;[0;39m &amp#27;[2m[transferer] [     parallel-4]&amp#27;[0;39m &amp#27;[2m&amp#27;[0;39m&amp#27;[36mio.r2dbc.h2.client.SessionClient        &amp#27;[0;39m &amp#27;[2m:&amp#27;[0;39m Response: org.h2.result.LocalResult@6ffeaf33 columns: 1 rows: 1 pos: -1
&amp#27;[2m2025-08-17T20:20:17.956+01:00&amp#27;[0;39m &amp#27;[32mDEBUG&amp#27;[0;39m &amp#27;[35m32373&amp#27;[0;39m &amp#27;[2m---&amp#27;[0;39m &amp#27;[2m[transferer] [     parallel-5]&amp#27;[0;39m &amp#27;[2m&amp#27;[0;39m&amp#27;[36mio.r2dbc.h2.client.SessionClient        &amp#27;[0;39m &amp#27;[2m:&amp#27;[0;39m Request:  SELECT 1
&amp#27;[2m2025-08-17T20:20:17.956+01:00&amp#27;[0;39m &amp#27;[32mDEBUG&amp#27;[0;39m &amp#27;[35m32373&amp#27;[0;39m &amp#27;[2m---&amp#27;[0;39m &amp#27;[2m[transferer] [     parallel-5]&amp#27;[0;39m &amp#27;[2m&amp#27;[0;39m&amp#27;[36mio.r2dbc.h2.client.SessionClient        &amp#27;[0;39m &amp#27;[2m:&amp#27;[0;39m Response: org.h2.result.LocalResult@115e1bce columns: 1 rows: 1 pos: -1
&amp#27;[2m2025-08-17T20:20:17.956+01:00&amp#27;[0;39m &amp#27;[32mDEBUG&amp#27;[0;39m &amp#27;[35m32373&amp#27;[0;39m &amp#27;[2m---&amp#27;[0;39m &amp#27;[2m[transferer] [     parallel-5]&amp#27;[0;39m &amp#27;[2m&amp#27;[0;39m&amp#27;[36mo.s.r2dbc.core.DefaultDatabaseClient    &amp#27;[0;39m &amp#27;[2m:&amp#27;[0;39m Executing SQL statement [SELECT event_type, COUNT(*) as count FROM outbox_events GROUP BY event_type]
&amp#27;[2m2025-08-17T20:20:17.956+01:00&amp#27;[0;39m &amp#27;[32mDEBUG&amp#27;[0;39m &amp#27;[35m32373&amp#27;[0;39m &amp#27;[2m---&amp#27;[0;39m &amp#27;[2m[transferer] [     parallel-5]&amp#27;[0;39m &amp#27;[2m&amp#27;[0;39m&amp#27;[36mio.r2dbc.h2.client.SessionClient        &amp#27;[0;39m &amp#27;[2m:&amp#27;[0;39m Request:  SELECT event_type, COUNT(*) as count FROM outbox_events GROUP BY event_type
&amp#27;[2m2025-08-17T20:20:17.956+01:00&amp#27;[0;39m &amp#27;[32mDEBUG&amp#27;[0;39m &amp#27;[35m32373&amp#27;[0;39m &amp#27;[2m---&amp#27;[0;39m &amp#27;[2m[transferer] [     parallel-5]&amp#27;[0;39m &amp#27;[2m&amp#27;[0;39m&amp#27;[36mio.r2dbc.h2.client.SessionClient        &amp#27;[0;39m &amp#27;[2m:&amp#27;[0;39m Response: org.h2.result.LocalResult@692cfbae columns: 2 rows: 3 pos: -1
&amp#27;[2m2025-08-17T20:20:17.957+01:00&amp#27;[0;39m &amp#27;[32mDEBUG&amp#27;[0;39m &amp#27;[35m32373&amp#27;[0;39m &amp#27;[2m---&amp#27;[0;39m &amp#27;[2m[transferer] [     parallel-5]&amp#27;[0;39m &amp#27;[2m&amp#27;[0;39m&amp#27;[36mio.r2dbc.h2.client.SessionClient        &amp#27;[0;39m &amp#27;[2m:&amp#27;[0;39m Request:  SELECT CURRENT_TIMESTAMP
&amp#27;[2m2025-08-17T20:20:17.957+01:00&amp#27;[0;39m &amp#27;[32mDEBUG&amp#27;[0;39m &amp#27;[35m32373&amp#27;[0;39m &amp#27;[2m---&amp#27;[0;39m &amp#27;[2m[transferer] [     parallel-5]&amp#27;[0;39m &amp#27;[2m&amp#27;[0;39m&amp#27;[36mio.r2dbc.h2.client.SessionClient        &amp#27;[0;39m &amp#27;[2m:&amp#27;[0;39m Response: org.h2.result.LocalResult@201cc083 columns: 1 rows: 1 pos: -1
&amp#27;[2m2025-08-17T20:20:18.007+01:00&amp#27;[0;39m &amp#27;[32mDEBUG&amp#27;[0;39m &amp#27;[35m32373&amp#27;[0;39m &amp#27;[2m---&amp#27;[0;39m &amp#27;[2m[transferer] [     parallel-6]&amp#27;[0;39m &amp#27;[2m&amp#27;[0;39m&amp#27;[36mio.r2dbc.h2.client.SessionClient        &amp#27;[0;39m &amp#27;[2m:&amp#27;[0;39m Request:  SELECT 1
&amp#27;[2m2025-08-17T20:20:18.008+01:00&amp#27;[0;39m &amp#27;[32mDEBUG&amp#27;[0;39m &amp#27;[35m32373&amp#27;[0;39m &amp#27;[2m---&amp#27;[0;39m &amp#27;[2m[transferer] [     parallel-6]&amp#27;[0;39m &amp#27;[2m&amp#27;[0;39m&amp#27;[36mio.r2dbc.h2.client.SessionClient        &amp#27;[0;39m &amp#27;[2m:&amp#27;[0;39m Response: org.h2.result.LocalResult@379c42eb columns: 1 rows: 1 pos: -1
&amp#27;[2m2025-08-17T20:20:18.008+01:00&amp#27;[0;39m &amp#27;[32mDEBUG&amp#27;[0;39m &amp#27;[35m32373&amp#27;[0;39m &amp#27;[2m---&amp#27;[0;39m &amp#27;[2m[transferer] [     parallel-6]&amp#27;[0;39m &amp#27;[2m&amp#27;[0;39m&amp#27;[36mo.s.r2dbc.core.DefaultDatabaseClient    &amp#27;[0;39m &amp#27;[2m:&amp#27;[0;39m Executing SQL statement [SELECT event_type, COUNT(*) as count FROM outbox_events GROUP BY event_type]
&amp#27;[2m2025-08-17T20:20:18.008+01:00&amp#27;[0;39m &amp#27;[32mDEBUG&amp#27;[0;39m &amp#27;[35m32373&amp#27;[0;39m &amp#27;[2m---&amp#27;[0;39m &amp#27;[2m[transferer] [     parallel-6]&amp#27;[0;39m &amp#27;[2m&amp#27;[0;39m&amp#27;[36mio.r2dbc.h2.client.SessionClient        &amp#27;[0;39m &amp#27;[2m:&amp#27;[0;39m Request:  SELECT event_type, COUNT(*) as count FROM outbox_events GROUP BY event_type
&amp#27;[2m2025-08-17T20:20:18.008+01:00&amp#27;[0;39m &amp#27;[32mDEBUG&amp#27;[0;39m &amp#27;[35m32373&amp#27;[0;39m &amp#27;[2m---&amp#27;[0;39m &amp#27;[2m[transferer] [     parallel-6]&amp#27;[0;39m &amp#27;[2m&amp#27;[0;39m&amp#27;[36mio.r2dbc.h2.client.SessionClient        &amp#27;[0;39m &amp#27;[2m:&amp#27;[0;39m Response: org.h2.result.LocalResult@2c8dc76c columns: 2 rows: 3 pos: -1
&amp#27;[2m2025-08-17T20:20:18.008+01:00&amp#27;[0;39m &amp#27;[32mDEBUG&amp#27;[0;39m &amp#27;[35m32373&amp#27;[0;39m &amp#27;[2m---&amp#27;[0;39m &amp#27;[2m[transferer] [     parallel-6]&amp#27;[0;39m &amp#27;[2m&amp#27;[0;39m&amp#27;[36mio.r2dbc.h2.client.SessionClient        &amp#27;[0;39m &amp#27;[2m:&amp#27;[0;39m Request:  SELECT CURRENT_TIMESTAMP
&amp#27;[2m2025-08-17T20:20:18.008+01:00&amp#27;[0;39m &amp#27;[32mDEBUG&amp#27;[0;39m &amp#27;[35m32373&amp#27;[0;39m &amp#27;[2m---&amp#27;[0;39m &amp#27;[2m[transferer] [     parallel-6]&amp#27;[0;39m &amp#27;[2m&amp#27;[0;39m&amp#27;[36mio.r2dbc.h2.client.SessionClient        &amp#27;[0;39m &amp#27;[2m:&amp#27;[0;39m Response: org.h2.result.LocalResult@418f03f4 columns: 1 rows: 1 pos: -1
&amp#27;[2m2025-08-17T20:20:18.060+01:00&amp#27;[0;39m &amp#27;[32mDEBUG&amp#27;[0;39m &amp#27;[35m32373&amp#27;[0;39m &amp#27;[2m---&amp#27;[0;39m &amp#27;[2m[transferer] [     parallel-7]&amp#27;[0;39m &amp#27;[2m&amp#27;[0;39m&amp#27;[36mio.r2dbc.h2.client.SessionClient        &amp#27;[0;39m &amp#27;[2m:&amp#27;[0;39m Request:  SELECT 1
&amp#27;[2m2025-08-17T20:20:18.060+01:00&amp#27;[0;39m &amp#27;[32mDEBUG&amp#27;[0;39m &amp#27;[35m32373&amp#27;[0;39m &amp#27;[2m---&amp#27;[0;39m &amp#27;[2m[transferer] [     parallel-7]&amp#27;[0;39m &amp#27;[2m&amp#27;[0;39m&amp#27;[36mio.r2dbc.h2.client.SessionClient        &amp#27;[0;39m &amp#27;[2m:&amp#27;[0;39m Response: org.h2.result.LocalResult@1a306b3d columns: 1 rows: 1 pos: -1
&amp#27;[2m2025-08-17T20:20:18.061+01:00&amp#27;[0;39m &amp#27;[32mDEBUG&amp#27;[0;39m &amp#27;[35m32373&amp#27;[0;39m &amp#27;[2m---&amp#27;[0;39m &amp#27;[2m[transferer] [     parallel-7]&amp#27;[0;39m &amp#27;[2m&amp#27;[0;39m&amp#27;[36mo.s.r2dbc.core.DefaultDatabaseClient    &amp#27;[0;39m &amp#27;[2m:&amp#27;[0;39m Executing SQL statement [SELECT event_type, COUNT(*) as count FROM outbox_events GROUP BY event_type]
&amp#27;[2m2025-08-17T20:20:18.061+01:00&amp#27;[0;39m &amp#27;[32mDEBUG&amp#27;[0;39m &amp#27;[35m32373&amp#27;[0;39m &amp#27;[2m---&amp#27;[0;39m &amp#27;[2m[transferer] [     parallel-7]&amp#27;[0;39m &amp#27;[2m&amp#27;[0;39m&amp#27;[36mio.r2dbc.h2.client.SessionClient        &amp#27;[0;39m &amp#27;[2m:&amp#27;[0;39m Request:  SELECT event_type, COUNT(*) as count FROM outbox_events GROUP BY event_type
&amp#27;[2m2025-08-17T20:20:18.061+01:00&amp#27;[0;39m &amp#27;[32mDEBUG&amp#27;[0;39m &amp#27;[35m32373&amp#27;[0;39m &amp#27;[2m---&amp#27;[0;39m &amp#27;[2m[transferer] [     parallel-7]&amp#27;[0;39m &amp#27;[2m&amp#27;[0;39m&amp#27;[36mio.r2dbc.h2.client.SessionClient        &amp#27;[0;39m &amp#27;[2m:&amp#27;[0;39m Response: org.h2.result.LocalResult@3f398214 columns: 2 rows: 3 pos: -1
&amp#27;[2m2025-08-17T20:20:18.061+01:00&amp#27;[0;39m &amp#27;[32mDEBUG&amp#27;[0;39m &amp#27;[35m32373&amp#27;[0;39m &amp#27;[2m---&amp#27;[0;39m &amp#27;[2m[transferer] [     parallel-7]&amp#27;[0;39m &amp#27;[2m&amp#27;[0;39m&amp#27;[36mio.r2dbc.h2.client.SessionClient        &amp#27;[0;39m &amp#27;[2m:&amp#27;[0;39m Request:  SELECT CURRENT_TIMESTAMP
&amp#27;[2m2025-08-17T20:20:18.061+01:00&amp#27;[0;39m &amp#27;[32mDEBUG&amp#27;[0;39m &amp#27;[35m32373&amp#27;[0;39m &amp#27;[2m---&amp#27;[0;39m &amp#27;[2m[transferer] [     parallel-7]&amp#27;[0;39m &amp#27;[2m&amp#27;[0;39m&amp#27;[36mio.r2dbc.h2.client.SessionClient        &amp#27;[0;39m &amp#27;[2m:&amp#27;[0;39m Response: org.h2.result.LocalResult@3feb8d2c columns: 1 rows: 1 pos: -1
&amp#27;[2m2025-08-17T20:20:18.117+01:00&amp#27;[0;39m &amp#27;[32mDEBUG&amp#27;[0;39m &amp#27;[35m32373&amp#27;[0;39m &amp#27;[2m---&amp#27;[0;39m &amp#27;[2m[transferer] [     parallel-8]&amp#27;[0;39m &amp#27;[2m&amp#27;[0;39m&amp#27;[36mio.r2dbc.h2.client.SessionClient        &amp#27;[0;39m &amp#27;[2m:&amp#27;[0;39m Request:  SELECT 1
&amp#27;[2m2025-08-17T20:20:18.117+01:00&amp#27;[0;39m &amp#27;[32mDEBUG&amp#27;[0;39m &amp#27;[35m32373&amp#27;[0;39m &amp#27;[2m---&amp#27;[0;39m &amp#27;[2m[transferer] [     parallel-8]&amp#27;[0;39m &amp#27;[2m&amp#27;[0;39m&amp#27;[36mio.r2dbc.h2.client.SessionClient        &amp#27;[0;39m &amp#27;[2m:&amp#27;[0;39m Response: org.h2.result.LocalResult@639544f9 columns: 1 rows: 1 pos: -1
&amp#27;[2m2025-08-17T20:20:18.117+01:00&amp#27;[0;39m &amp#27;[32mDEBUG&amp#27;[0;39m &amp#27;[35m32373&amp#27;[0;39m &amp#27;[2m---&amp#27;[0;39m &amp#27;[2m[transferer] [     parallel-8]&amp#27;[0;39m &amp#27;[2m&amp#27;[0;39m&amp#27;[36mo.s.r2dbc.core.DefaultDatabaseClient    &amp#27;[0;39m &amp#27;[2m:&amp#27;[0;39m Executing SQL statement [SELECT event_type, COUNT(*) as count FROM outbox_events GROUP BY event_type]
&amp#27;[2m2025-08-17T20:20:18.117+01:00&amp#27;[0;39m &amp#27;[32mDEBUG&amp#27;[0;39m &amp#27;[35m32373&amp#27;[0;39m &amp#27;[2m---&amp#27;[0;39m &amp#27;[2m[transferer] [     parallel-8]&amp#27;[0;39m &amp#27;[2m&amp#27;[0;39m&amp#27;[36mio.r2dbc.h2.client.SessionClient        &amp#27;[0;39m &amp#27;[2m:&amp#27;[0;39m Request:  SELECT event_type, COUNT(*) as count FROM outbox_events GROUP BY event_type
&amp#27;[2m2025-08-17T20:20:18.117+01:00&amp#27;[0;39m &amp#27;[32mDEBUG&amp#27;[0;39m &amp#27;[35m32373&amp#27;[0;39m &amp#27;[2m---&amp#27;[0;39m &amp#27;[2m[transferer] [     parallel-8]&amp#27;[0;39m &amp#27;[2m&amp#27;[0;39m&amp#27;[36mio.r2dbc.h2.client.SessionClient        &amp#27;[0;39m &amp#27;[2m:&amp#27;[0;39m Response: org.h2.result.LocalResult@46b5c62d columns: 2 rows: 3 pos: -1
&amp#27;[2m2025-08-17T20:20:18.117+01:00&amp#27;[0;39m &amp#27;[32mDEBUG&amp#27;[0;39m &amp#27;[35m32373&amp#27;[0;39m &amp#27;[2m---&amp#27;[0;39m &amp#27;[2m[transferer] [     parallel-8]&amp#27;[0;39m &amp#27;[2m&amp#27;[0;39m&amp#27;[36mio.r2dbc.h2.client.SessionClient        &amp#27;[0;39m &amp#27;[2m:&amp#27;[0;39m Request:  SELECT CURRENT_TIMESTAMP
&amp#27;[2m2025-08-17T20:20:18.117+01:00&amp#27;[0;39m &amp#27;[32mDEBUG&amp#27;[0;39m &amp#27;[35m32373&amp#27;[0;39m &amp#27;[2m---&amp#27;[0;39m &amp#27;[2m[transferer] [     parallel-8]&amp#27;[0;39m &amp#27;[2m&amp#27;[0;39m&amp#27;[36mio.r2dbc.h2.client.SessionClient        &amp#27;[0;39m &amp#27;[2m:&amp#27;[0;39m Response: org.h2.result.LocalResult@57990544 columns: 1 rows: 1 pos: -1
&amp#27;[2m2025-08-17T20:20:18.172+01:00&amp#27;[0;39m &amp#27;[32mDEBUG&amp#27;[0;39m &amp#27;[35m32373&amp#27;[0;39m &amp#27;[2m---&amp#27;[0;39m &amp#27;[2m[transferer] [     parallel-1]&amp#27;[0;39m &amp#27;[2m&amp#27;[0;39m&amp#27;[36mio.r2dbc.h2.client.SessionClient        &amp#27;[0;39m &amp#27;[2m:&amp#27;[0;39m Request:  SELECT 1
&amp#27;[2m2025-08-17T20:20:18.172+01:00&amp#27;[0;39m &amp#27;[32mDEBUG&amp#27;[0;39m &amp#27;[35m32373&amp#27;[0;39m &amp#27;[2m---&amp#27;[0;39m &amp#27;[2m[transferer] [     parallel-1]&amp#27;[0;39m &amp#27;[2m&amp#27;[0;39m&amp#27;[36mio.r2dbc.h2.client.SessionClient        &amp#27;[0;39m &amp#27;[2m:&amp#27;[0;39m Response: org.h2.result.LocalResult@45c71ed2 columns: 1 rows: 1 pos: -1
&amp#27;[2m2025-08-17T20:20:18.173+01:00&amp#27;[0;39m &amp#27;[32mDEBUG&amp#27;[0;39m &amp#27;[35m32373&amp#27;[0;39m &amp#27;[2m---&amp#27;[0;39m &amp#27;[2m[transferer] [     parallel-1]&amp#27;[0;39m &amp#27;[2m&amp#27;[0;39m&amp#27;[36mo.s.r2dbc.core.DefaultDatabaseClient    &amp#27;[0;39m &amp#27;[2m:&amp#27;[0;39m Executing SQL statement [SELECT event_type, COUNT(*) as count FROM outbox_events GROUP BY event_type]
&amp#27;[2m2025-08-17T20:20:18.173+01:00&amp#27;[0;39m &amp#27;[32mDEBUG&amp#27;[0;39m &amp#27;[35m32373&amp#27;[0;39m &amp#27;[2m---&amp#27;[0;39m &amp#27;[2m[transferer] [     parallel-1]&amp#27;[0;39m &amp#27;[2m&amp#27;[0;39m&amp#27;[36mio.r2dbc.h2.client.SessionClient        &amp#27;[0;39m &amp#27;[2m:&amp#27;[0;39m Request:  SELECT event_type, COUNT(*) as count FROM outbox_events GROUP BY event_type
&amp#27;[2m2025-08-17T20:20:18.173+01:00&amp#27;[0;39m &amp#27;[32mDEBUG&amp#27;[0;39m &amp#27;[35m32373&amp#27;[0;39m &amp#27;[2m---&amp#27;[0;39m &amp#27;[2m[transferer] [     parallel-1]&amp#27;[0;39m &amp#27;[2m&amp#27;[0;39m&amp#27;[36mio.r2dbc.h2.client.SessionClient        &amp#27;[0;39m &amp#27;[2m:&amp#27;[0;39m Response: org.h2.result.LocalResult@727f8eaf columns: 2 rows: 3 pos: -1
&amp#27;[2m2025-08-17T20:20:18.173+01:00&amp#27;[0;39m &amp#27;[32mDEBUG&amp#27;[0;39m &amp#27;[35m32373&amp#27;[0;39m &amp#27;[2m---&amp#27;[0;39m &amp#27;[2m[transferer] [     parallel-1]&amp#27;[0;39m &amp#27;[2m&amp#27;[0;39m&amp#27;[36mio.r2dbc.h2.client.SessionClient        &amp#27;[0;39m &amp#27;[2m:&amp#27;[0;39m Request:  SELECT CURRENT_TIMESTAMP
&amp#27;[2m2025-08-17T20:20:18.173+01:00&amp#27;[0;39m &amp#27;[32mDEBUG&amp#27;[0;39m &amp#27;[35m32373&amp#27;[0;39m &amp#27;[2m---&amp#27;[0;39m &amp#27;[2m[transferer] [     parallel-1]&amp#27;[0;39m &amp#27;[2m&amp#27;[0;39m&amp#27;[36mio.r2dbc.h2.client.SessionClient        &amp#27;[0;39m &amp#27;[2m:&amp#27;[0;39m Response: org.h2.result.LocalResult@4da30c45 columns: 1 rows: 1 pos: -1
&amp#27;[2m2025-08-17T20:20:18.223+01:00&amp#27;[0;39m &amp#27;[32mDEBUG&amp#27;[0;39m &amp#27;[35m32373&amp#27;[0;39m &amp#27;[2m---&amp#27;[0;39m &amp#27;[2m[transferer] [     parallel-2]&amp#27;[0;39m &amp#27;[2m&amp#27;[0;39m&amp#27;[36mio.r2dbc.h2.client.SessionClient        &amp#27;[0;39m &amp#27;[2m:&amp#27;[0;39m Request:  SELECT 1
&amp#27;[2m2025-08-17T20:20:18.223+01:00&amp#27;[0;39m &amp#27;[32mDEBUG&amp#27;[0;39m &amp#27;[35m32373&amp#27;[0;39m &amp#27;[2m---&amp#27;[0;39m &amp#27;[2m[transferer] [     parallel-2]&amp#27;[0;39m &amp#27;[2m&amp#27;[0;39m&amp#27;[36mio.r2dbc.h2.client.SessionClient        &amp#27;[0;39m &amp#27;[2m:&amp#27;[0;39m Response: org.h2.result.LocalResult@2379d045 columns: 1 rows: 1 pos: -1
&amp#27;[2m2025-08-17T20:20:18.224+01:00&amp#27;[0;39m &amp#27;[32mDEBUG&amp#27;[0;39m &amp#27;[35m32373&amp#27;[0;39m &amp#27;[2m---&amp#27;[0;39m &amp#27;[2m[transferer] [     parallel-2]&amp#27;[0;39m &amp#27;[2m&amp#27;[0;39m&amp#27;[36mo.s.r2dbc.core.DefaultDatabaseClient    &amp#27;[0;39m &amp#27;[2m:&amp#27;[0;39m Executing SQL statement [SELECT event_type, COUNT(*) as count FROM outbox_events GROUP BY event_type]
&amp#27;[2m2025-08-17T20:20:18.224+01:00&amp#27;[0;39m &amp#27;[32mDEBUG&amp#27;[0;39m &amp#27;[35m32373&amp#27;[0;39m &amp#27;[2m---&amp#27;[0;39m &amp#27;[2m[transferer] [     parallel-2]&amp#27;[0;39m &amp#27;[2m&amp#27;[0;39m&amp#27;[36mio.r2dbc.h2.client.SessionClient        &amp#27;[0;39m &amp#27;[2m:&amp#27;[0;39m Request:  SELECT event_type, COUNT(*) as count FROM outbox_events GROUP BY event_type
&amp#27;[2m2025-08-17T20:20:18.224+01:00&amp#27;[0;39m &amp#27;[32mDEBUG&amp#27;[0;39m &amp#27;[35m32373&amp#27;[0;39m &amp#27;[2m---&amp#27;[0;39m &amp#27;[2m[transferer] [     parallel-2]&amp#27;[0;39m &amp#27;[2m&amp#27;[0;39m&amp#27;[36mio.r2dbc.h2.client.SessionClient        &amp#27;[0;39m &amp#27;[2m:&amp#27;[0;39m Response: org.h2.result.LocalResult@54288bce columns: 2 rows: 3 pos: -1
&amp#27;[2m2025-08-17T20:20:18.224+01:00&amp#27;[0;39m &amp#27;[32mDEBUG&amp#27;[0;39m &amp#27;[35m32373&amp#27;[0;39m &amp#27;[2m---&amp#27;[0;39m &amp#27;[2m[transferer] [     parallel-2]&amp#27;[0;39m &amp#27;[2m&amp#27;[0;39m&amp#27;[36mio.r2dbc.h2.client.SessionClient        &amp#27;[0;39m &amp#27;[2m:&amp#27;[0;39m Request:  SELECT CURRENT_TIMESTAMP
&amp#27;[2m2025-08-17T20:20:18.224+01:00&amp#27;[0;39m &amp#27;[32mDEBUG&amp#27;[0;39m &amp#27;[35m32373&amp#27;[0;39m &amp#27;[2m---&amp#27;[0;39m &amp#27;[2m[transferer] [     parallel-2]&amp#27;[0;39m &amp#27;[2m&amp#27;[0;39m&amp#27;[36mio.r2dbc.h2.client.SessionClient        &amp#27;[0;39m &amp#27;[2m:&amp#27;[0;39m Response: org.h2.result.LocalResult@2275e6d5 columns: 1 rows: 1 pos: -1
&amp#27;[2m2025-08-17T20:20:18.279+01:00&amp#27;[0;39m &amp#27;[32mDEBUG&amp#27;[0;39m &amp#27;[35m32373&amp#27;[0;39m &amp#27;[2m---&amp#27;[0;39m &amp#27;[2m[transferer] [     parallel-3]&amp#27;[0;39m &amp#27;[2m&amp#27;[0;39m&amp#27;[36mio.r2dbc.h2.client.SessionClient        &amp#27;[0;39m &amp#27;[2m:&amp#27;[0;39m Request:  SELECT 1
&amp#27;[2m2025-08-17T20:20:18.279+01:00&amp#27;[0;39m &amp#27;[32mDEBUG&amp#27;[0;39m &amp#27;[35m32373&amp#27;[0;39m &amp#27;[2m---&amp#27;[0;39m &amp#27;[2m[transferer] [     parallel-3]&amp#27;[0;39m &amp#27;[2m&amp#27;[0;39m&amp#27;[36mio.r2dbc.h2.client.SessionClient        &amp#27;[0;39m &amp#27;[2m:&amp#27;[0;39m Response: org.h2.result.LocalResult@1026d962 columns: 1 rows: 1 pos: -1
&amp#27;[2m2025-08-17T20:20:18.279+01:00&amp#27;[0;39m &amp#27;[32mDEBUG&amp#27;[0;39m &amp#27;[35m32373&amp#27;[0;39m &amp#27;[2m---&amp#27;[0;39m &amp#27;[2m[transferer] [     parallel-3]&amp#27;[0;39m &amp#27;[2m&amp#27;[0;39m&amp#27;[36mo.s.r2dbc.core.DefaultDatabaseClient    &amp#27;[0;39m &amp#27;[2m:&amp#27;[0;39m Executing SQL statement [SELECT event_type, COUNT(*) as count FROM outbox_events GROUP BY event_type]
&amp#27;[2m2025-08-17T20:20:18.279+01:00&amp#27;[0;39m &amp#27;[32mDEBUG&amp#27;[0;39m &amp#27;[35m32373&amp#27;[0;39m &amp#27;[2m---&amp#27;[0;39m &amp#27;[2m[transferer] [     parallel-3]&amp#27;[0;39m &amp#27;[2m&amp#27;[0;39m&amp#27;[36mio.r2dbc.h2.client.SessionClient        &amp#27;[0;39m &amp#27;[2m:&amp#27;[0;39m Request:  SELECT event_type, COUNT(*) as count FROM outbox_events GROUP BY event_type
&amp#27;[2m2025-08-17T20:20:18.280+01:00&amp#27;[0;39m &amp#27;[32mDEBUG&amp#27;[0;39m &amp#27;[35m32373&amp#27;[0;39m &amp#27;[2m---&amp#27;[0;39m &amp#27;[2m[transferer] [     parallel-3]&amp#27;[0;39m &amp#27;[2m&amp#27;[0;39m&amp#27;[36mio.r2dbc.h2.client.SessionClient        &amp#27;[0;39m &amp#27;[2m:&amp#27;[0;39m Response: org.h2.result.LocalResult@778baaf columns: 2 rows: 3 pos: -1
&amp#27;[2m2025-08-17T20:20:18.280+01:00&amp#27;[0;39m &amp#27;[32mDEBUG&amp#27;[0;39m &amp#27;[35m32373&amp#27;[0;39m &amp#27;[2m---&amp#27;[0;39m &amp#27;[2m[transferer] [     parallel-3]&amp#27;[0;39m &amp#27;[2m&amp#27;[0;39m&amp#27;[36mio.r2dbc.h2.client.SessionClient        &amp#27;[0;39m &amp#27;[2m:&amp#27;[0;39m Request:  SELECT CURRENT_TIMESTAMP
&amp#27;[2m2025-08-17T20:20:18.280+01:00&amp#27;[0;39m &amp#27;[32mDEBUG&amp#27;[0;39m &amp#27;[35m32373&amp#27;[0;39m &amp#27;[2m---&amp#27;[0;39m &amp#27;[2m[transferer] [     parallel-3]&amp#27;[0;39m &amp#27;[2m&amp#27;[0;39m&amp#27;[36mio.r2dbc.h2.client.SessionClient        &amp#27;[0;39m &amp#27;[2m:&amp#27;[0;39m Response: org.h2.result.LocalResult@2c13dd1 columns: 1 rows: 1 pos: -1
&amp#27;[2m2025-08-17T20:20:18.330+01:00&amp#27;[0;39m &amp#27;[32mDEBUG&amp#27;[0;39m &amp#27;[35m32373&amp#27;[0;39m &amp#27;[2m---&amp#27;[0;39m &amp#27;[2m[transferer] [     parallel-4]&amp#27;[0;39m &amp#27;[2m&amp#27;[0;39m&amp#27;[36mio.r2dbc.h2.client.SessionClient        &amp#27;[0;39m &amp#27;[2m:&amp#27;[0;39m Request:  SELECT 1
&amp#27;[2m2025-08-17T20:20:18.330+01:00&amp#27;[0;39m &amp#27;[32mDEBUG&amp#27;[0;39m &amp#27;[35m32373&amp#27;[0;39m &amp#27;[2m---&amp#27;[0;39m &amp#27;[2m[transferer] [     parallel-4]&amp#27;[0;39m &amp#27;[2m&amp#27;[0;39m&amp#27;[36mio.r2dbc.h2.client.SessionClient        &amp#27;[0;39m &amp#27;[2m:&amp#27;[0;39m Response: org.h2.result.LocalResult@15300ac2 columns: 1 rows: 1 pos: -1
&amp#27;[2m2025-08-17T20:20:18.330+01:00&amp#27;[0;39m &amp#27;[32mDEBUG&amp#27;[0;39m &amp#27;[35m32373&amp#27;[0;39m &amp#27;[2m---&amp#27;[0;39m &amp#27;[2m[transferer] [     parallel-4]&amp#27;[0;39m &amp#27;[2m&amp#27;[0;39m&amp#27;[36mo.s.r2dbc.core.DefaultDatabaseClient    &amp#27;[0;39m &amp#27;[2m:&amp#27;[0;39m Executing SQL statement [SELECT event_type, COUNT(*) as count FROM outbox_events GROUP BY event_type]
&amp#27;[2m2025-08-17T20:20:18.330+01:00&amp#27;[0;39m &amp#27;[32mDEBUG&amp#27;[0;39m &amp#27;[35m32373&amp#27;[0;39m &amp#27;[2m---&amp#27;[0;39m &amp#27;[2m[transferer] [     parallel-4]&amp#27;[0;39m &amp#27;[2m&amp#27;[0;39m&amp#27;[36mio.r2dbc.h2.client.SessionClient        &amp#27;[0;39m &amp#27;[2m:&amp#27;[0;39m Request:  SELECT event_type, COUNT(*) as count FROM outbox_events GROUP BY event_type
&amp#27;[2m2025-08-17T20:20:18.330+01:00&amp#27;[0;39m &amp#27;[32mDEBUG&amp#27;[0;39m &amp#27;[35m32373&amp#27;[0;39m &amp#27;[2m---&amp#27;[0;39m &amp#27;[2m[transferer] [     parallel-4]&amp#27;[0;39m &amp#27;[2m&amp#27;[0;39m&amp#27;[36mio.r2dbc.h2.client.SessionClient        &amp#27;[0;39m &amp#27;[2m:&amp#27;[0;39m Response: org.h2.result.LocalResult@3f16f272 columns: 2 rows: 3 pos: -1
&amp#27;[2m2025-08-17T20:20:18.331+01:00&amp#27;[0;39m &amp#27;[32mDEBUG&amp#27;[0;39m &amp#27;[35m32373&amp#27;[0;39m &amp#27;[2m---&amp#27;[0;39m &amp#27;[2m[transferer] [     parallel-4]&amp#27;[0;39m &amp#27;[2m&amp#27;[0;39m&amp#27;[36mio.r2dbc.h2.client.SessionClient        &amp#27;[0;39m &amp#27;[2m:&amp#27;[0;39m Request:  SELECT CURRENT_TIMESTAMP
&amp#27;[2m2025-08-17T20:20:18.331+01:00&amp#27;[0;39m &amp#27;[32mDEBUG&amp#27;[0;39m &amp#27;[35m32373&amp#27;[0;39m &amp#27;[2m---&amp#27;[0;39m &amp#27;[2m[transferer] [     parallel-4]&amp#27;[0;39m &amp#27;[2m&amp#27;[0;39m&amp#27;[36mio.r2dbc.h2.client.SessionClient        &amp#27;[0;39m &amp#27;[2m:&amp#27;[0;39m Response: org.h2.result.LocalResult@1555b2c8 columns: 1 rows: 1 pos: -1
&amp#27;[2m2025-08-17T20:20:18.385+01:00&amp#27;[0;39m &amp#27;[32mDEBUG&amp#27;[0;39m &amp#27;[35m32373&amp#27;[0;39m &amp#27;[2m---&amp#27;[0;39m &amp#27;[2m[transferer] [     parallel-5]&amp#27;[0;39m &amp#27;[2m&amp#27;[0;39m&amp#27;[36mio.r2dbc.h2.client.SessionClient        &amp#27;[0;39m &amp#27;[2m:&amp#27;[0;39m Request:  SELECT 1
&amp#27;[2m2025-08-17T20:20:18.385+01:00&amp#27;[0;39m &amp#27;[32mDEBUG&amp#27;[0;39m &amp#27;[35m32373&amp#27;[0;39m &amp#27;[2m---&amp#27;[0;39m &amp#27;[2m[transferer] [     parallel-5]&amp#27;[0;39m &amp#27;[2m&amp#27;[0;39m&amp#27;[36mio.r2dbc.h2.client.SessionClient        &amp#27;[0;39m &amp#27;[2m:&amp#27;[0;39m Response: org.h2.result.LocalResult@41fd2f25 columns: 1 rows: 1 pos: -1
&amp#27;[2m2025-08-17T20:20:18.385+01:00&amp#27;[0;39m &amp#27;[32mDEBUG&amp#27;[0;39m &amp#27;[35m32373&amp#27;[0;39m &amp#27;[2m---&amp#27;[0;39m &amp#27;[2m[transferer] [     parallel-5]&amp#27;[0;39m &amp#27;[2m&amp#27;[0;39m&amp#27;[36mo.s.r2dbc.core.DefaultDatabaseClient    &amp#27;[0;39m &amp#27;[2m:&amp#27;[0;39m Executing SQL statement [SELECT event_type, COUNT(*) as count FROM outbox_events GROUP BY event_type]
&amp#27;[2m2025-08-17T20:20:18.385+01:00&amp#27;[0;39m &amp#27;[32mDEBUG&amp#27;[0;39m &amp#27;[35m32373&amp#27;[0;39m &amp#27;[2m---&amp#27;[0;39m &amp#27;[2m[transferer] [     parallel-5]&amp#27;[0;39m &amp#27;[2m&amp#27;[0;39m&amp#27;[36mio.r2dbc.h2.client.SessionClient        &amp#27;[0;39m &amp#27;[2m:&amp#27;[0;39m Request:  SELECT event_type, COUNT(*) as count FROM outbox_events GROUP BY event_type
&amp#27;[2m2025-08-17T20:20:18.385+01:00&amp#27;[0;39m &amp#27;[32mDEBUG&amp#27;[0;39m &amp#27;[35m32373&amp#27;[0;39m &amp#27;[2m---&amp#27;[0;39m &amp#27;[2m[transferer] [     parallel-5]&amp#27;[0;39m &amp#27;[2m&amp#27;[0;39m&amp#27;[36mio.r2dbc.h2.client.SessionClient        &amp#27;[0;39m &amp#27;[2m:&amp#27;[0;39m Response: org.h2.result.LocalResult@4f025d3f columns: 2 rows: 3 pos: -1
&amp#27;[2m2025-08-17T20:20:18.385+01:00&amp#27;[0;39m &amp#27;[32mDEBUG&amp#27;[0;39m &amp#27;[35m32373&amp#27;[0;39m &amp#27;[2m---&amp#27;[0;39m &amp#27;[2m[transferer] [     parallel-5]&amp#27;[0;39m &amp#27;[2m&amp#27;[0;39m&amp#27;[36mio.r2dbc.h2.client.SessionClient        &amp#27;[0;39m &amp#27;[2m:&amp#27;[0;39m Request:  SELECT CURRENT_TIMESTAMP
&amp#27;[2m2025-08-17T20:20:18.385+01:00&amp#27;[0;39m &amp#27;[32mDEBUG&amp#27;[0;39m &amp#27;[35m32373&amp#27;[0;39m &amp#27;[2m---&amp#27;[0;39m &amp#27;[2m[transferer] [     parallel-5]&amp#27;[0;39m &amp#27;[2m&amp#27;[0;39m&amp#27;[36mio.r2dbc.h2.client.SessionClient        &amp#27;[0;39m &amp#27;[2m:&amp#27;[0;39m Response: org.h2.result.LocalResult@582ffd1d columns: 1 rows: 1 pos: -1
&amp#27;[2m2025-08-17T20:20:18.441+01:00&amp#27;[0;39m &amp#27;[32mDEBUG&amp#27;[0;39m &amp#27;[35m32373&amp#27;[0;39m &amp#27;[2m---&amp#27;[0;39m &amp#27;[2m[transferer] [     parallel-6]&amp#27;[0;39m &amp#27;[2m&amp#27;[0;39m&amp#27;[36mio.r2dbc.h2.client.SessionClient        &amp#27;[0;39m &amp#27;[2m:&amp#27;[0;39m Request:  SELECT 1
&amp#27;[2m2025-08-17T20:20:18.441+01:00&amp#27;[0;39m &amp#27;[32mDEBUG&amp#27;[0;39m &amp#27;[35m32373&amp#27;[0;39m &amp#27;[2m---&amp#27;[0;39m &amp#27;[2m[transferer] [     parallel-6]&amp#27;[0;39m &amp#27;[2m&amp#27;[0;39m&amp#27;[36mio.r2dbc.h2.client.SessionClient        &amp#27;[0;39m &amp#27;[2m:&amp#27;[0;39m Response: org.h2.result.LocalResult@14d19a34 columns: 1 rows: 1 pos: -1
&amp#27;[2m2025-08-17T20:20:18.441+01:00&amp#27;[0;39m &amp#27;[32mDEBUG&amp#27;[0;39m &amp#27;[35m32373&amp#27;[0;39m &amp#27;[2m---&amp#27;[0;39m &amp#27;[2m[transferer] [     parallel-6]&amp#27;[0;39m &amp#27;[2m&amp#27;[0;39m&amp#27;[36mo.s.r2dbc.core.DefaultDatabaseClient    &amp#27;[0;39m &amp#27;[2m:&amp#27;[0;39m Executing SQL statement [SELECT event_type, COUNT(*) as count FROM outbox_events GROUP BY event_type]
&amp#27;[2m2025-08-17T20:20:18.441+01:00&amp#27;[0;39m &amp#27;[32mDEBUG&amp#27;[0;39m &amp#27;[35m32373&amp#27;[0;39m &amp#27;[2m---&amp#27;[0;39m &amp#27;[2m[transferer] [     parallel-6]&amp#27;[0;39m &amp#27;[2m&amp#27;[0;39m&amp#27;[36mio.r2dbc.h2.client.SessionClient        &amp#27;[0;39m &amp#27;[2m:&amp#27;[0;39m Request:  SELECT event_type, COUNT(*) as count FROM outbox_events GROUP BY event_type
&amp#27;[2m2025-08-17T20:20:18.441+01:00&amp#27;[0;39m &amp#27;[32mDEBUG&amp#27;[0;39m &amp#27;[35m32373&amp#27;[0;39m &amp#27;[2m---&amp#27;[0;39m &amp#27;[2m[transferer] [     parallel-6]&amp#27;[0;39m &amp#27;[2m&amp#27;[0;39m&amp#27;[36mio.r2dbc.h2.client.SessionClient        &amp#27;[0;39m &amp#27;[2m:&amp#27;[0;39m Response: org.h2.result.LocalResult@56a59965 columns: 2 rows: 3 pos: -1
&amp#27;[2m2025-08-17T20:20:18.441+01:00&amp#27;[0;39m &amp#27;[32mDEBUG&amp#27;[0;39m &amp#27;[35m32373&amp#27;[0;39m &amp#27;[2m---&amp#27;[0;39m &amp#27;[2m[transferer] [     parallel-6]&amp#27;[0;39m &amp#27;[2m&amp#27;[0;39m&amp#27;[36mio.r2dbc.h2.client.SessionClient        &amp#27;[0;39m &amp#27;[2m:&amp#27;[0;39m Request:  SELECT CURRENT_TIMESTAMP
&amp#27;[2m2025-08-17T20:20:18.441+01:00&amp#27;[0;39m &amp#27;[32mDEBUG&amp#27;[0;39m &amp#27;[35m32373&amp#27;[0;39m &amp#27;[2m---&amp#27;[0;39m &amp#27;[2m[transferer] [     parallel-6]&amp#27;[0;39m &amp#27;[2m&amp#27;[0;39m&amp#27;[36mio.r2dbc.h2.client.SessionClient        &amp#27;[0;39m &amp#27;[2m:&amp#27;[0;39m Response: org.h2.result.LocalResult@76ad8ccb columns: 1 rows: 1 pos: -1
&amp#27;[2m2025-08-17T20:20:18.493+01:00&amp#27;[0;39m &amp#27;[32mDEBUG&amp#27;[0;39m &amp#27;[35m32373&amp#27;[0;39m &amp#27;[2m---&amp#27;[0;39m &amp#27;[2m[transferer] [     parallel-7]&amp#27;[0;39m &amp#27;[2m&amp#27;[0;39m&amp#27;[36mio.r2dbc.h2.client.SessionClient        &amp#27;[0;39m &amp#27;[2m:&amp#27;[0;39m Request:  SELECT 1
&amp#27;[2m2025-08-17T20:20:18.493+01:00&amp#27;[0;39m &amp#27;[32mDEBUG&amp#27;[0;39m &amp#27;[35m32373&amp#27;[0;39m &amp#27;[2m---&amp#27;[0;39m &amp#27;[2m[transferer] [     parallel-7]&amp#27;[0;39m &amp#27;[2m&amp#27;[0;39m&amp#27;[36mio.r2dbc.h2.client.SessionClient        &amp#27;[0;39m &amp#27;[2m:&amp#27;[0;39m Response: org.h2.result.LocalResult@261b706f columns: 1 rows: 1 pos: -1
&amp#27;[2m2025-08-17T20:20:18.493+01:00&amp#27;[0;39m &amp#27;[32mDEBUG&amp#27;[0;39m &amp#27;[35m32373&amp#27;[0;39m &amp#27;[2m---&amp#27;[0;39m &amp#27;[2m[transferer] [     parallel-7]&amp#27;[0;39m &amp#27;[2m&amp#27;[0;39m&amp#27;[36mo.s.r2dbc.core.DefaultDatabaseClient    &amp#27;[0;39m &amp#27;[2m:&amp#27;[0;39m Executing SQL statement [SELECT event_type, COUNT(*) as count FROM outbox_events GROUP BY event_type]
&amp#27;[2m2025-08-17T20:20:18.493+01:00&amp#27;[0;39m &amp#27;[32mDEBUG&amp#27;[0;39m &amp#27;[35m32373&amp#27;[0;39m &amp#27;[2m---&amp#27;[0;39m &amp#27;[2m[transferer] [     parallel-7]&amp#27;[0;39m &amp#27;[2m&amp#27;[0;39m&amp#27;[36mio.r2dbc.h2.client.SessionClient        &amp#27;[0;39m &amp#27;[2m:&amp#27;[0;39m Request:  SELECT event_type, COUNT(*) as count FROM outbox_events GROUP BY event_type
&amp#27;[2m2025-08-17T20:20:18.493+01:00&amp#27;[0;39m &amp#27;[32mDEBUG&amp#27;[0;39m &amp#27;[35m32373&amp#27;[0;39m &amp#27;[2m---&amp#27;[0;39m &amp#27;[2m[transferer] [     parallel-7]&amp#27;[0;39m &amp#27;[2m&amp#27;[0;39m&amp#27;[36mio.r2dbc.h2.client.SessionClient        &amp#27;[0;39m &amp#27;[2m:&amp#27;[0;39m Response: org.h2.result.LocalResult@55c17f9a columns: 2 rows: 3 pos: -1
&amp#27;[2m2025-08-17T20:20:18.493+01:00&amp#27;[0;39m &amp#27;[32mDEBUG&amp#27;[0;39m &amp#27;[35m32373&amp#27;[0;39m &amp#27;[2m---&amp#27;[0;39m &amp#27;[2m[transferer] [     parallel-7]&amp#27;[0;39m &amp#27;[2m&amp#27;[0;39m&amp#27;[36mio.r2dbc.h2.client.SessionClient        &amp#27;[0;39m &amp#27;[2m:&amp#27;[0;39m Request:  SELECT CURRENT_TIMESTAMP
&amp#27;[2m2025-08-17T20:20:18.493+01:00&amp#27;[0;39m &amp#27;[32mDEBUG&amp#27;[0;39m &amp#27;[35m32373&amp#27;[0;39m &amp#27;[2m---&amp#27;[0;39m &amp#27;[2m[transferer] [     parallel-7]&amp#27;[0;39m &amp#27;[2m&amp#27;[0;39m&amp#27;[36mio.r2dbc.h2.client.SessionClient        &amp#27;[0;39m &amp#27;[2m:&amp#27;[0;39m Response: org.h2.result.LocalResult@4c15fa0c columns: 1 rows: 1 pos: -1
&amp#27;[2m2025-08-17T20:20:18.545+01:00&amp#27;[0;39m &amp#27;[32mDEBUG&amp#27;[0;39m &amp#27;[35m32373&amp#27;[0;39m &amp#27;[2m---&amp#27;[0;39m &amp#27;[2m[transferer] [     parallel-8]&amp#27;[0;39m &amp#27;[2m&amp#27;[0;39m&amp#27;[36mio.r2dbc.h2.client.SessionClient        &amp#27;[0;39m &amp#27;[2m:&amp#27;[0;39m Request:  SELECT 1
&amp#27;[2m2025-08-17T20:20:18.545+01:00&amp#27;[0;39m &amp#27;[32mDEBUG&amp#27;[0;39m &amp#27;[35m32373&amp#27;[0;39m &amp#27;[2m---&amp#27;[0;39m &amp#27;[2m[transferer] [     parallel-8]&amp#27;[0;39m &amp#27;[2m&amp#27;[0;39m&amp#27;[36mio.r2dbc.h2.client.SessionClient        &amp#27;[0;39m &amp#27;[2m:&amp#27;[0;39m Response: org.h2.result.LocalResult@1ee231c2 columns: 1 rows: 1 pos: -1
&amp#27;[2m2025-08-17T20:20:18.546+01:00&amp#27;[0;39m &amp#27;[32mDEBUG&amp#27;[0;39m &amp#27;[35m32373&amp#27;[0;39m &amp#27;[2m---&amp#27;[0;39m &amp#27;[2m[transferer] [     parallel-8]&amp#27;[0;39m &amp#27;[2m&amp#27;[0;39m&amp#27;[36mo.s.r2dbc.core.DefaultDatabaseClient    &amp#27;[0;39m &amp#27;[2m:&amp#27;[0;39m Executing SQL statement [SELECT event_type, COUNT(*) as count FROM outbox_events GROUP BY event_type]
&amp#27;[2m2025-08-17T20:20:18.546+01:00&amp#27;[0;39m &amp#27;[32mDEBUG&amp#27;[0;39m &amp#27;[35m32373&amp#27;[0;39m &amp#27;[2m---&amp#27;[0;39m &amp#27;[2m[transferer] [     parallel-8]&amp#27;[0;39m &amp#27;[2m&amp#27;[0;39m&amp#27;[36mio.r2dbc.h2.client.SessionClient        &amp#27;[0;39m &amp#27;[2m:&amp#27;[0;39m Request:  SELECT event_type, COUNT(*) as count FROM outbox_events GROUP BY event_type
&amp#27;[2m2025-08-17T20:20:18.546+01:00&amp#27;[0;39m &amp#27;[32mDEBUG&amp#27;[0;39m &amp#27;[35m32373&amp#27;[0;39m &amp#27;[2m---&amp#27;[0;39m &amp#27;[2m[transferer] [     parallel-8]&amp#27;[0;39m &amp#27;[2m&amp#27;[0;39m&amp#27;[36mio.r2dbc.h2.client.SessionClient        &amp#27;[0;39m &amp#27;[2m:&amp#27;[0;39m Response: org.h2.result.LocalResult@760e089d columns: 2 rows: 3 pos: -1
&amp#27;[2m2025-08-17T20:20:18.546+01:00&amp#27;[0;39m &amp#27;[32mDEBUG&amp#27;[0;39m &amp#27;[35m32373&amp#27;[0;39m &amp#27;[2m---&amp#27;[0;39m &amp#27;[2m[transferer] [     parallel-8]&amp#27;[0;39m &amp#27;[2m&amp#27;[0;39m&amp#27;[36mio.r2dbc.h2.client.SessionClient        &amp#27;[0;39m &amp#27;[2m:&amp#27;[0;39m Request:  SELECT CURRENT_TIMESTAMP
&amp#27;[2m2025-08-17T20:20:18.546+01:00&amp#27;[0;39m &amp#27;[32mDEBUG&amp#27;[0;39m &amp#27;[35m32373&amp#27;[0;39m &amp#27;[2m---&amp#27;[0;39m &amp#27;[2m[transferer] [     parallel-8]&amp#27;[0;39m &amp#27;[2m&amp#27;[0;39m&amp#27;[36mio.r2dbc.h2.client.SessionClient        &amp#27;[0;39m &amp#27;[2m:&amp#27;[0;39m Response: org.h2.result.LocalResult@6127dfc1 columns: 1 rows: 1 pos: -1
&amp#27;[2m2025-08-17T20:20:18.598+01:00&amp#27;[0;39m &amp#27;[32mDEBUG&amp#27;[0;39m &amp#27;[35m32373&amp#27;[0;39m &amp#27;[2m---&amp#27;[0;39m &amp#27;[2m[transferer] [     parallel-1]&amp#27;[0;39m &amp#27;[2m&amp#27;[0;39m&amp#27;[36mio.r2dbc.h2.client.SessionClient        &amp#27;[0;39m &amp#27;[2m:&amp#27;[0;39m Request:  SELECT 1
&amp#27;[2m2025-08-17T20:20:18.598+01:00&amp#27;[0;39m &amp#27;[32mDEBUG&amp#27;[0;39m &amp#27;[35m32373&amp#27;[0;39m &amp#27;[2m---&amp#27;[0;39m &amp#27;[2m[transferer] [     parallel-1]&amp#27;[0;39m &amp#27;[2m&amp#27;[0;39m&amp#27;[36mio.r2dbc.h2.client.SessionClient        &amp#27;[0;39m &amp#27;[2m:&amp#27;[0;39m Response: org.h2.result.LocalResult@30efaaad columns: 1 rows: 1 pos: -1
&amp#27;[2m2025-08-17T20:20:18.598+01:00&amp#27;[0;39m &amp#27;[32mDEBUG&amp#27;[0;39m &amp#27;[35m32373&amp#27;[0;39m &amp#27;[2m---&amp#27;[0;39m &amp#27;[2m[transferer] [     parallel-1]&amp#27;[0;39m &amp#27;[2m&amp#27;[0;39m&amp#27;[36mo.s.r2dbc.core.DefaultDatabaseClient    &amp#27;[0;39m &amp#27;[2m:&amp#27;[0;39m Executing SQL statement [SELECT event_type, COUNT(*) as count FROM outbox_events GROUP BY event_type]
&amp#27;[2m2025-08-17T20:20:18.598+01:00&amp#27;[0;39m &amp#27;[32mDEBUG&amp#27;[0;39m &amp#27;[35m32373&amp#27;[0;39m &amp#27;[2m---&amp#27;[0;39m &amp#27;[2m[transferer] [     parallel-1]&amp#27;[0;39m &amp#27;[2m&amp#27;[0;39m&amp#27;[36mio.r2dbc.h2.client.SessionClient        &amp#27;[0;39m &amp#27;[2m:&amp#27;[0;39m Request:  SELECT event_type, COUNT(*) as count FROM outbox_events GROUP BY event_type
&amp#27;[2m2025-08-17T20:20:18.598+01:00&amp#27;[0;39m &amp#27;[32mDEBUG&amp#27;[0;39m &amp#27;[35m32373&amp#27;[0;39m &amp#27;[2m---&amp#27;[0;39m &amp#27;[2m[transferer] [     parallel-1]&amp#27;[0;39m &amp#27;[2m&amp#27;[0;39m&amp#27;[36mio.r2dbc.h2.client.SessionClient        &amp#27;[0;39m &amp#27;[2m:&amp#27;[0;39m Response: org.h2.result.LocalResult@3eeb40e9 columns: 2 rows: 3 pos: -1
&amp#27;[2m2025-08-17T20:20:18.598+01:00&amp#27;[0;39m &amp#27;[32mDEBUG&amp#27;[0;39m &amp#27;[35m32373&amp#27;[0;39m &amp#27;[2m---&amp#27;[0;39m &amp#27;[2m[transferer] [     parallel-1]&amp#27;[0;39m &amp#27;[2m&amp#27;[0;39m&amp#27;[36mio.r2dbc.h2.client.SessionClient        &amp#27;[0;39m &amp#27;[2m:&amp#27;[0;39m Request:  SELECT CURRENT_TIMESTAMP
&amp#27;[2m2025-08-17T20:20:18.598+01:00&amp#27;[0;39m &amp#27;[32mDEBUG&amp#27;[0;39m &amp#27;[35m32373&amp#27;[0;39m &amp#27;[2m---&amp#27;[0;39m &amp#27;[2m[transferer] [     parallel-1]&amp#27;[0;39m &amp#27;[2m&amp#27;[0;39m&amp#27;[36mio.r2dbc.h2.client.SessionClient        &amp#27;[0;39m &amp#27;[2m:&amp#27;[0;39m Response: org.h2.result.LocalResult@6308ceba columns: 1 rows: 1 pos: -1
&amp#27;[2m2025-08-17T20:20:18.652+01:00&amp#27;[0;39m &amp#27;[32mDEBUG&amp#27;[0;39m &amp#27;[35m32373&amp#27;[0;39m &amp#27;[2m---&amp#27;[0;39m &amp#27;[2m[transferer] [     parallel-2]&amp#27;[0;39m &amp#27;[2m&amp#27;[0;39m&amp#27;[36mio.r2dbc.h2.client.SessionClient        &amp#27;[0;39m &amp#27;[2m:&amp#27;[0;39m Request:  SELECT 1
&amp#27;[2m2025-08-17T20:20:18.652+01:00&amp#27;[0;39m &amp#27;[32mDEBUG&amp#27;[0;39m &amp#27;[35m32373&amp#27;[0;39m &amp#27;[2m---&amp#27;[0;39m &amp#27;[2m[transferer] [     parallel-2]&amp#27;[0;39m &amp#27;[2m&amp#27;[0;39m&amp#27;[36mio.r2dbc.h2.client.SessionClient        &amp#27;[0;39m &amp#27;[2m:&amp#27;[0;39m Response: org.h2.result.LocalResult@4f63e126 columns: 1 rows: 1 pos: -1
&amp#27;[2m2025-08-17T20:20:18.652+01:00&amp#27;[0;39m &amp#27;[32mDEBUG&amp#27;[0;39m &amp#27;[35m32373&amp#27;[0;39m &amp#27;[2m---&amp#27;[0;39m &amp#27;[2m[transferer] [     parallel-2]&amp#27;[0;39m &amp#27;[2m&amp#27;[0;39m&amp#27;[36mo.s.r2dbc.core.DefaultDatabaseClient    &amp#27;[0;39m &amp#27;[2m:&amp#27;[0;39m Executing SQL statement [SELECT event_type, COUNT(*) as count FROM outbox_events GROUP BY event_type]
&amp#27;[2m2025-08-17T20:20:18.652+01:00&amp#27;[0;39m &amp#27;[32mDEBUG&amp#27;[0;39m &amp#27;[35m32373&amp#27;[0;39m &amp#27;[2m---&amp#27;[0;39m &amp#27;[2m[transferer] [     parallel-2]&amp#27;[0;39m &amp#27;[2m&amp#27;[0;39m&amp#27;[36mio.r2dbc.h2.client.SessionClient        &amp#27;[0;39m &amp#27;[2m:&amp#27;[0;39m Request:  SELECT event_type, COUNT(*) as count FROM outbox_events GROUP BY event_type
&amp#27;[2m2025-08-17T20:20:18.652+01:00&amp#27;[0;39m &amp#27;[32mDEBUG&amp#27;[0;39m &amp#27;[35m32373&amp#27;[0;39m &amp#27;[2m---&amp#27;[0;39m &amp#27;[2m[transferer] [     parallel-2]&amp#27;[0;39m &amp#27;[2m&amp#27;[0;39m&amp#27;[36mio.r2dbc.h2.client.SessionClient        &amp#27;[0;39m &amp#27;[2m:&amp#27;[0;39m Response: org.h2.result.LocalResult@5f0575ff columns: 2 rows: 3 pos: -1
&amp#27;[2m2025-08-17T20:20:18.653+01:00&amp#27;[0;39m &amp#27;[32mDEBUG&amp#27;[0;39m &amp#27;[35m32373&amp#27;[0;39m &amp#27;[2m---&amp#27;[0;39m &amp#27;[2m[transferer] [     parallel-2]&amp#27;[0;39m &amp#27;[2m&amp#27;[0;39m&amp#27;[36mio.r2dbc.h2.client.SessionClient        &amp#27;[0;39m &amp#27;[2m:&amp#27;[0;39m Request:  SELECT CURRENT_TIMESTAMP
&amp#27;[2m2025-08-17T20:20:18.653+01:00&amp#27;[0;39m &amp#27;[32mDEBUG&amp#27;[0;39m &amp#27;[35m32373&amp#27;[0;39m &amp#27;[2m---&amp#27;[0;39m &amp#27;[2m[transferer] [     parallel-2]&amp#27;[0;39m &amp#27;[2m&amp#27;[0;39m&amp#27;[36mio.r2dbc.h2.client.SessionClient        &amp#27;[0;39m &amp#27;[2m:&amp#27;[0;39m Response: org.h2.result.LocalResult@17674ee5 columns: 1 rows: 1 pos: -1
&amp#27;[2m2025-08-17T20:20:18.706+01:00&amp#27;[0;39m &amp#27;[32mDEBUG&amp#27;[0;39m &amp#27;[35m32373&amp#27;[0;39m &amp#27;[2m---&amp#27;[0;39m &amp#27;[2m[transferer] [     parallel-3]&amp#27;[0;39m &amp#27;[2m&amp#27;[0;39m&amp#27;[36mio.r2dbc.h2.client.SessionClient        &amp#27;[0;39m &amp#27;[2m:&amp#27;[0;39m Request:  SELECT 1
&amp#27;[2m2025-08-17T20:20:18.706+01:00&amp#27;[0;39m &amp#27;[32mDEBUG&amp#27;[0;39m &amp#27;[35m32373&amp#27;[0;39m &amp#27;[2m---&amp#27;[0;39m &amp#27;[2m[transferer] [     parallel-3]&amp#27;[0;39m &amp#27;[2m&amp#27;[0;39m&amp#27;[36mio.r2dbc.h2.client.SessionClient        &amp#27;[0;39m &amp#27;[2m:&amp#27;[0;39m Response: org.h2.result.LocalResult@240a0922 columns: 1 rows: 1 pos: -1
&amp#27;[2m2025-08-17T20:20:18.706+01:00&amp#27;[0;39m &amp#27;[32mDEBUG&amp#27;[0;39m &amp#27;[35m32373&amp#27;[0;39m &amp#27;[2m---&amp#27;[0;39m &amp#27;[2m[transferer] [     parallel-3]&amp#27;[0;39m &amp#27;[2m&amp#27;[0;39m&amp#27;[36mo.s.r2dbc.core.DefaultDatabaseClient    &amp#27;[0;39m &amp#27;[2m:&amp#27;[0;39m Executing SQL statement [SELECT event_type, COUNT(*) as count FROM outbox_events GROUP BY event_type]
&amp#27;[2m2025-08-17T20:20:18.706+01:00&amp#27;[0;39m &amp#27;[32mDEBUG&amp#27;[0;39m &amp#27;[35m32373&amp#27;[0;39m &amp#27;[2m---&amp#27;[0;39m &amp#27;[2m[transferer] [     parallel-3]&amp#27;[0;39m &amp#27;[2m&amp#27;[0;39m&amp#27;[36mio.r2dbc.h2.client.SessionClient        &amp#27;[0;39m &amp#27;[2m:&amp#27;[0;39m Request:  SELECT event_type, COUNT(*) as count FROM outbox_events GROUP BY event_type
&amp#27;[2m2025-08-17T20:20:18.706+01:00&amp#27;[0;39m &amp#27;[32mDEBUG&amp#27;[0;39m &amp#27;[35m32373&amp#27;[0;39m &amp#27;[2m---&amp#27;[0;39m &amp#27;[2m[transferer] [     parallel-3]&amp#27;[0;39m &amp#27;[2m&amp#27;[0;39m&amp#27;[36mio.r2dbc.h2.client.SessionClient        &amp#27;[0;39m &amp#27;[2m:&amp#27;[0;39m Response: org.h2.result.LocalResult@66e572ce columns: 2 rows: 3 pos: -1
&amp#27;[2m2025-08-17T20:20:18.706+01:00&amp#27;[0;39m &amp#27;[32mDEBUG&amp#27;[0;39m &amp#27;[35m32373&amp#27;[0;39m &amp#27;[2m---&amp#27;[0;39m &amp#27;[2m[transferer] [     parallel-3]&amp#27;[0;39m &amp#27;[2m&amp#27;[0;39m&amp#27;[36mio.r2dbc.h2.client.SessionClient        &amp#27;[0;39m &amp#27;[2m:&amp#27;[0;39m Request:  SELECT CURRENT_TIMESTAMP
&amp#27;[2m2025-08-17T20:20:18.706+01:00&amp#27;[0;39m &amp#27;[32mDEBUG&amp#27;[0;39m &amp#27;[35m32373&amp#27;[0;39m &amp#27;[2m---&amp#27;[0;39m &amp#27;[2m[transferer] [     parallel-3]&amp#27;[0;39m &amp#27;[2m&amp#27;[0;39m&amp#27;[36mio.r2dbc.h2.client.SessionClient        &amp#27;[0;39m &amp#27;[2m:&amp#27;[0;39m Response: org.h2.result.LocalResult@58759691 columns: 1 rows: 1 pos: -1
&amp#27;[2m2025-08-17T20:20:18.762+01:00&amp#27;[0;39m &amp#27;[32mDEBUG&amp#27;[0;39m &amp#27;[35m32373&amp#27;[0;39m &amp#27;[2m---&amp#27;[0;39m &amp#27;[2m[transferer] [     parallel-4]&amp#27;[0;39m &amp#27;[2m&amp#27;[0;39m&amp#27;[36mio.r2dbc.h2.client.SessionClient        &amp#27;[0;39m &amp#27;[2m:&amp#27;[0;39m Request:  SELECT 1
&amp#27;[2m2025-08-17T20:20:18.762+01:00&amp#27;[0;39m &amp#27;[32mDEBUG&amp#27;[0;39m &amp#27;[35m32373&amp#27;[0;39m &amp#27;[2m---&amp#27;[0;39m &amp#27;[2m[transferer] [     parallel-4]&amp#27;[0;39m &amp#27;[2m&amp#27;[0;39m&amp#27;[36mio.r2dbc.h2.client.SessionClient        &amp#27;[0;39m &amp#27;[2m:&amp#27;[0;39m Response: org.h2.result.LocalResult@26ccba columns: 1 rows: 1 pos: -1
&amp#27;[2m2025-08-17T20:20:18.762+01:00&amp#27;[0;39m &amp#27;[32mDEBUG&amp#27;[0;39m &amp#27;[35m32373&amp#27;[0;39m &amp#27;[2m---&amp#27;[0;39m &amp#27;[2m[transferer] [     parallel-4]&amp#27;[0;39m &amp#27;[2m&amp#27;[0;39m&amp#27;[36mo.s.r2dbc.core.DefaultDatabaseClient    &amp#27;[0;39m &amp#27;[2m:&amp#27;[0;39m Executing SQL statement [SELECT event_type, COUNT(*) as count FROM outbox_events GROUP BY event_type]
&amp#27;[2m2025-08-17T20:20:18.762+01:00&amp#27;[0;39m &amp#27;[32mDEBUG&amp#27;[0;39m &amp#27;[35m32373&amp#27;[0;39m &amp#27;[2m---&amp#27;[0;39m &amp#27;[2m[transferer] [     parallel-4]&amp#27;[0;39m &amp#27;[2m&amp#27;[0;39m&amp#27;[36mio.r2dbc.h2.client.SessionClient        &amp#27;[0;39m &amp#27;[2m:&amp#27;[0;39m Request:  SELECT event_type, COUNT(*) as count FROM outbox_events GROUP BY event_type
&amp#27;[2m2025-08-17T20:20:18.762+01:00&amp#27;[0;39m &amp#27;[32mDEBUG&amp#27;[0;39m &amp#27;[35m32373&amp#27;[0;39m &amp#27;[2m---&amp#27;[0;39m &amp#27;[2m[transferer] [     parallel-4]&amp#27;[0;39m &amp#27;[2m&amp#27;[0;39m&amp#27;[36mio.r2dbc.h2.client.SessionClient        &amp#27;[0;39m &amp#27;[2m:&amp#27;[0;39m Response: org.h2.result.LocalResult@8ab2bae columns: 2 rows: 3 pos: -1
&amp#27;[2m2025-08-17T20:20:18.762+01:00&amp#27;[0;39m &amp#27;[32mDEBUG&amp#27;[0;39m &amp#27;[35m32373&amp#27;[0;39m &amp#27;[2m---&amp#27;[0;39m &amp#27;[2m[transferer] [     parallel-4]&amp#27;[0;39m &amp#27;[2m&amp#27;[0;39m&amp#27;[36mio.r2dbc.h2.client.SessionClient        &amp#27;[0;39m &amp#27;[2m:&amp#27;[0;39m Request:  SELECT CURRENT_TIMESTAMP
&amp#27;[2m2025-08-17T20:20:18.762+01:00&amp#27;[0;39m &amp#27;[32mDEBUG&amp#27;[0;39m &amp#27;[35m32373&amp#27;[0;39m &amp#27;[2m---&amp#27;[0;39m &amp#27;[2m[transferer] [     parallel-4]&amp#27;[0;39m &amp#27;[2m&amp#27;[0;39m&amp#27;[36mio.r2dbc.h2.client.SessionClient        &amp#27;[0;39m &amp#27;[2m:&amp#27;[0;39m Response: org.h2.result.LocalResult@7f4e69f9 columns: 1 rows: 1 pos: -1
&amp#27;[2m2025-08-17T20:20:18.814+01:00&amp#27;[0;39m &amp#27;[32mDEBUG&amp#27;[0;39m &amp#27;[35m32373&amp#27;[0;39m &amp#27;[2m---&amp#27;[0;39m &amp#27;[2m[transferer] [     parallel-5]&amp#27;[0;39m &amp#27;[2m&amp#27;[0;39m&amp#27;[36mio.r2dbc.h2.client.SessionClient        &amp#27;[0;39m &amp#27;[2m:&amp#27;[0;39m Request:  SELECT 1
&amp#27;[2m2025-08-17T20:20:18.814+01:00&amp#27;[0;39m &amp#27;[32mDEBUG&amp#27;[0;39m &amp#27;[35m32373&amp#27;[0;39m &amp#27;[2m---&amp#27;[0;39m &amp#27;[2m[transferer] [     parallel-5]&amp#27;[0;39m &amp#27;[2m&amp#27;[0;39m&amp#27;[36mio.r2dbc.h2.client.SessionClient        &amp#27;[0;39m &amp#27;[2m:&amp#27;[0;39m Response: org.h2.result.LocalResult@7003753a columns: 1 rows: 1 pos: -1
&amp#27;[2m2025-08-17T20:20:18.814+01:00&amp#27;[0;39m &amp#27;[32mDEBUG&amp#27;[0;39m &amp#27;[35m32373&amp#27;[0;39m &amp#27;[2m---&amp#27;[0;39m &amp#27;[2m[transferer] [     parallel-5]&amp#27;[0;39m &amp#27;[2m&amp#27;[0;39m&amp#27;[36mo.s.r2dbc.core.DefaultDatabaseClient    &amp#27;[0;39m &amp#27;[2m:&amp#27;[0;39m Executing SQL statement [SELECT event_type, COUNT(*) as count FROM outbox_events GROUP BY event_type]
&amp#27;[2m2025-08-17T20:20:18.814+01:00&amp#27;[0;39m &amp#27;[32mDEBUG&amp#27;[0;39m &amp#27;[35m32373&amp#27;[0;39m &amp#27;[2m---&amp#27;[0;39m &amp#27;[2m[transferer] [     parallel-5]&amp#27;[0;39m &amp#27;[2m&amp#27;[0;39m&amp#27;[36mio.r2dbc.h2.client.SessionClient        &amp#27;[0;39m &amp#27;[2m:&amp#27;[0;39m Request:  SELECT event_type, COUNT(*) as count FROM outbox_events GROUP BY event_type
&amp#27;[2m2025-08-17T20:20:18.814+01:00&amp#27;[0;39m &amp#27;[32mDEBUG&amp#27;[0;39m &amp#27;[35m32373&amp#27;[0;39m &amp#27;[2m---&amp#27;[0;39m &amp#27;[2m[transferer] [     parallel-5]&amp#27;[0;39m &amp#27;[2m&amp#27;[0;39m&amp#27;[36mio.r2dbc.h2.client.SessionClient        &amp#27;[0;39m &amp#27;[2m:&amp#27;[0;39m Response: org.h2.result.LocalResult@2db525a0 columns: 2 rows: 3 pos: -1
&amp#27;[2m2025-08-17T20:20:18.814+01:00&amp#27;[0;39m &amp#27;[32mDEBUG&amp#27;[0;39m &amp#27;[35m32373&amp#27;[0;39m &amp#27;[2m---&amp#27;[0;39m &amp#27;[2m[transferer] [     parallel-5]&amp#27;[0;39m &amp#27;[2m&amp#27;[0;39m&amp#27;[36mio.r2dbc.h2.client.SessionClient        &amp#27;[0;39m &amp#27;[2m:&amp#27;[0;39m Request:  SELECT CURRENT_TIMESTAMP
&amp#27;[2m2025-08-17T20:20:18.814+01:00&amp#27;[0;39m &amp#27;[32mDEBUG&amp#27;[0;39m &amp#27;[35m32373&amp#27;[0;39m &amp#27;[2m---&amp#27;[0;39m &amp#27;[2m[transferer] [     parallel-5]&amp#27;[0;39m &amp#27;[2m&amp#27;[0;39m&amp#27;[36mio.r2dbc.h2.client.SessionClient        &amp#27;[0;39m &amp#27;[2m:&amp#27;[0;39m Response: org.h2.result.LocalResult@1dc79e2c columns: 1 rows: 1 pos: -1
&amp#27;[2m2025-08-17T20:20:18.870+01:00&amp#27;[0;39m &amp#27;[32mDEBUG&amp#27;[0;39m &amp#27;[35m32373&amp#27;[0;39m &amp#27;[2m---&amp#27;[0;39m &amp#27;[2m[transferer] [     parallel-6]&amp#27;[0;39m &amp#27;[2m&amp#27;[0;39m&amp#27;[36mio.r2dbc.h2.client.SessionClient        &amp#27;[0;39m &amp#27;[2m:&amp#27;[0;39m Request:  SELECT 1
&amp#27;[2m2025-08-17T20:20:18.870+01:00&amp#27;[0;39m &amp#27;[32mDEBUG&amp#27;[0;39m &amp#27;[35m32373&amp#27;[0;39m &amp#27;[2m---&amp#27;[0;39m &amp#27;[2m[transferer] [     parallel-6]&amp#27;[0;39m &amp#27;[2m&amp#27;[0;39m&amp#27;[36mio.r2dbc.h2.client.SessionClient        &amp#27;[0;39m &amp#27;[2m:&amp#27;[0;39m Response: org.h2.result.LocalResult@6eb5b810 columns: 1 rows: 1 pos: -1
&amp#27;[2m2025-08-17T20:20:18.870+01:00&amp#27;[0;39m &amp#27;[32mDEBUG&amp#27;[0;39m &amp#27;[35m32373&amp#27;[0;39m &amp#27;[2m---&amp#27;[0;39m &amp#27;[2m[transferer] [     parallel-6]&amp#27;[0;39m &amp#27;[2m&amp#27;[0;39m&amp#27;[36mo.s.r2dbc.core.DefaultDatabaseClient    &amp#27;[0;39m &amp#27;[2m:&amp#27;[0;39m Executing SQL statement [SELECT event_type, COUNT(*) as count FROM outbox_events GROUP BY event_type]
&amp#27;[2m2025-08-17T20:20:18.870+01:00&amp#27;[0;39m &amp#27;[32mDEBUG&amp#27;[0;39m &amp#27;[35m32373&amp#27;[0;39m &amp#27;[2m---&amp#27;[0;39m &amp#27;[2m[transferer] [     parallel-6]&amp#27;[0;39m &amp#27;[2m&amp#27;[0;39m&amp#27;[36mio.r2dbc.h2.client.SessionClient        &amp#27;[0;39m &amp#27;[2m:&amp#27;[0;39m Request:  SELECT event_type, COUNT(*) as count FROM outbox_events GROUP BY event_type
&amp#27;[2m2025-08-17T20:20:18.870+01:00&amp#27;[0;39m &amp#27;[32mDEBUG&amp#27;[0;39m &amp#27;[35m32373&amp#27;[0;39m &amp#27;[2m---&amp#27;[0;39m &amp#27;[2m[transferer] [     parallel-6]&amp#27;[0;39m &amp#27;[2m&amp#27;[0;39m&amp#27;[36mio.r2dbc.h2.client.SessionClient        &amp#27;[0;39m &amp#27;[2m:&amp#27;[0;39m Response: org.h2.result.LocalResult@14a16a12 columns: 2 rows: 3 pos: -1
&amp#27;[2m2025-08-17T20:20:18.870+01:00&amp#27;[0;39m &amp#27;[32mDEBUG&amp#27;[0;39m &amp#27;[35m32373&amp#27;[0;39m &amp#27;[2m---&amp#27;[0;39m &amp#27;[2m[transferer] [     parallel-6]&amp#27;[0;39m &amp#27;[2m&amp#27;[0;39m&amp#27;[36mio.r2dbc.h2.client.SessionClient        &amp#27;[0;39m &amp#27;[2m:&amp#27;[0;39m Request:  SELECT CURRENT_TIMESTAMP
&amp#27;[2m2025-08-17T20:20:18.870+01:00&amp#27;[0;39m &amp#27;[32mDEBUG&amp#27;[0;39m &amp#27;[35m32373&amp#27;[0;39m &amp#27;[2m---&amp#27;[0;39m &amp#27;[2m[transferer] [     parallel-6]&amp#27;[0;39m &amp#27;[2m&amp#27;[0;39m&amp#27;[36mio.r2dbc.h2.client.SessionClient        &amp#27;[0;39m &amp#27;[2m:&amp#27;[0;39m Response: org.h2.result.LocalResult@64ad997c columns: 1 rows: 1 pos: -1
&amp#27;[2m2025-08-17T20:20:18.920+01:00&amp#27;[0;39m &amp#27;[32mDEBUG&amp#27;[0;39m &amp#27;[35m32373&amp#27;[0;39m &amp#27;[2m---&amp#27;[0;39m &amp#27;[2m[transferer] [     parallel-7]&amp#27;[0;39m &amp#27;[2m&amp#27;[0;39m&amp#27;[36mio.r2dbc.h2.client.SessionClient        &amp#27;[0;39m &amp#27;[2m:&amp#27;[0;39m Request:  SELECT 1
&amp#27;[2m2025-08-17T20:20:18.920+01:00&amp#27;[0;39m &amp#27;[32mDEBUG&amp#27;[0;39m &amp#27;[35m32373&amp#27;[0;39m &amp#27;[2m---&amp#27;[0;39m &amp#27;[2m[transferer] [     parallel-7]&amp#27;[0;39m &amp#27;[2m&amp#27;[0;39m&amp#27;[36mio.r2dbc.h2.client.SessionClient        &amp#27;[0;39m &amp#27;[2m:&amp#27;[0;39m Response: org.h2.result.LocalResult@317073e9 columns: 1 rows: 1 pos: -1
&amp#27;[2m2025-08-17T20:20:18.920+01:00&amp#27;[0;39m &amp#27;[32mDEBUG&amp#27;[0;39m &amp#27;[35m32373&amp#27;[0;39m &amp#27;[2m---&amp#27;[0;39m &amp#27;[2m[transferer] [     parallel-7]&amp#27;[0;39m &amp#27;[2m&amp#27;[0;39m&amp#27;[36mo.s.r2dbc.core.DefaultDatabaseClient    &amp#27;[0;39m &amp#27;[2m:&amp#27;[0;39m Executing SQL statement [SELECT event_type, COUNT(*) as count FROM outbox_events GROUP BY event_type]
&amp#27;[2m2025-08-17T20:20:18.920+01:00&amp#27;[0;39m &amp#27;[32mDEBUG&amp#27;[0;39m &amp#27;[35m32373&amp#27;[0;39m &amp#27;[2m---&amp#27;[0;39m &amp#27;[2m[transferer] [     parallel-7]&amp#27;[0;39m &amp#27;[2m&amp#27;[0;39m&amp#27;[36mio.r2dbc.h2.client.SessionClient        &amp#27;[0;39m &amp#27;[2m:&amp#27;[0;39m Request:  SELECT event_type, COUNT(*) as count FROM outbox_events GROUP BY event_type
&amp#27;[2m2025-08-17T20:20:18.920+01:00&amp#27;[0;39m &amp#27;[32mDEBUG&amp#27;[0;39m &amp#27;[35m32373&amp#27;[0;39m &amp#27;[2m---&amp#27;[0;39m &amp#27;[2m[transferer] [     parallel-7]&amp#27;[0;39m &amp#27;[2m&amp#27;[0;39m&amp#27;[36mio.r2dbc.h2.client.SessionClient        &amp#27;[0;39m &amp#27;[2m:&amp#27;[0;39m Response: org.h2.result.LocalResult@6f93e7f2 columns: 2 rows: 3 pos: -1
&amp#27;[2m2025-08-17T20:20:18.921+01:00&amp#27;[0;39m &amp#27;[32mDEBUG&amp#27;[0;39m &amp#27;[35m32373&amp#27;[0;39m &amp#27;[2m---&amp#27;[0;39m &amp#27;[2m[transferer] [     parallel-7]&amp#27;[0;39m &amp#27;[2m&amp#27;[0;39m&amp#27;[36mio.r2dbc.h2.client.SessionClient        &amp#27;[0;39m &amp#27;[2m:&amp#27;[0;39m Request:  SELECT CURRENT_TIMESTAMP
&amp#27;[2m2025-08-17T20:20:18.921+01:00&amp#27;[0;39m &amp#27;[32mDEBUG&amp#27;[0;39m &amp#27;[35m32373&amp#27;[0;39m &amp#27;[2m---&amp#27;[0;39m &amp#27;[2m[transferer] [     parallel-7]&amp#27;[0;39m &amp#27;[2m&amp#27;[0;39m&amp#27;[36mio.r2dbc.h2.client.SessionClient        &amp#27;[0;39m &amp#27;[2m:&amp#27;[0;39m Response: org.h2.result.LocalResult@74bd4a0 columns: 1 rows: 1 pos: -1
&amp#27;[2m2025-08-17T20:20:18.975+01:00&amp#27;[0;39m &amp#27;[32mDEBUG&amp#27;[0;39m &amp#27;[35m32373&amp#27;[0;39m &amp#27;[2m---&amp#27;[0;39m &amp#27;[2m[transferer] [     parallel-8]&amp#27;[0;39m &amp#27;[2m&amp#27;[0;39m&amp#27;[36mio.r2dbc.h2.client.SessionClient        &amp#27;[0;39m &amp#27;[2m:&amp#27;[0;39m Request:  SELECT 1
&amp#27;[2m2025-08-17T20:20:18.975+01:00&amp#27;[0;39m &amp#27;[32mDEBUG&amp#27;[0;39m &amp#27;[35m32373&amp#27;[0;39m &amp#27;[2m---&amp#27;[0;39m &amp#27;[2m[transferer] [     parallel-8]&amp#27;[0;39m &amp#27;[2m&amp#27;[0;39m&amp#27;[36mio.r2dbc.h2.client.SessionClient        &amp#27;[0;39m &amp#27;[2m:&amp#27;[0;39m Response: org.h2.result.LocalResult@6ec48e06 columns: 1 rows: 1 pos: -1
&amp#27;[2m2025-08-17T20:20:18.975+01:00&amp#27;[0;39m &amp#27;[32mDEBUG&amp#27;[0;39m &amp#27;[35m32373&amp#27;[0;39m &amp#27;[2m---&amp#27;[0;39m &amp#27;[2m[transferer] [     parallel-8]&amp#27;[0;39m &amp#27;[2m&amp#27;[0;39m&amp#27;[36mo.s.r2dbc.core.DefaultDatabaseClient    &amp#27;[0;39m &amp#27;[2m:&amp#27;[0;39m Executing SQL statement [SELECT event_type, COUNT(*) as count FROM outbox_events GROUP BY event_type]
&amp#27;[2m2025-08-17T20:20:18.975+01:00&amp#27;[0;39m &amp#27;[32mDEBUG&amp#27;[0;39m &amp#27;[35m32373&amp#27;[0;39m &amp#27;[2m---&amp#27;[0;39m &amp#27;[2m[transferer] [     parallel-8]&amp#27;[0;39m &amp#27;[2m&amp#27;[0;39m&amp#27;[36mio.r2dbc.h2.client.SessionClient        &amp#27;[0;39m &amp#27;[2m:&amp#27;[0;39m Request:  SELECT event_type, COUNT(*) as count FROM outbox_events GROUP BY event_type
&amp#27;[2m2025-08-17T20:20:18.975+01:00&amp#27;[0;39m &amp#27;[32mDEBUG&amp#27;[0;39m &amp#27;[35m32373&amp#27;[0;39m &amp#27;[2m---&amp#27;[0;39m &amp#27;[2m[transferer] [     parallel-8]&amp#27;[0;39m &amp#27;[2m&amp#27;[0;39m&amp#27;[36mio.r2dbc.h2.client.SessionClient        &amp#27;[0;39m &amp#27;[2m:&amp#27;[0;39m Response: org.h2.result.LocalResult@680829a3 columns: 2 rows: 3 pos: -1
&amp#27;[2m2025-08-17T20:20:18.975+01:00&amp#27;[0;39m &amp#27;[32mDEBUG&amp#27;[0;39m &amp#27;[35m32373&amp#27;[0;39m &amp#27;[2m---&amp#27;[0;39m &amp#27;[2m[transferer] [     parallel-8]&amp#27;[0;39m &amp#27;[2m&amp#27;[0;39m&amp#27;[36mio.r2dbc.h2.client.SessionClient        &amp#27;[0;39m &amp#27;[2m:&amp#27;[0;39m Request:  SELECT CURRENT_TIMESTAMP
&amp#27;[2m2025-08-17T20:20:18.975+01:00&amp#27;[0;39m &amp#27;[32mDEBUG&amp#27;[0;39m &amp#27;[35m32373&amp#27;[0;39m &amp#27;[2m---&amp#27;[0;39m &amp#27;[2m[transferer] [     parallel-8]&amp#27;[0;39m &amp#27;[2m&amp#27;[0;39m&amp#27;[36mio.r2dbc.h2.client.SessionClient        &amp#27;[0;39m &amp#27;[2m:&amp#27;[0;39m Response: org.h2.result.LocalResult@13125519 columns: 1 rows: 1 pos: -1
&amp#27;[2m2025-08-17T20:20:19.028+01:00&amp#27;[0;39m &amp#27;[32mDEBUG&amp#27;[0;39m &amp#27;[35m32373&amp#27;[0;39m &amp#27;[2m---&amp#27;[0;39m &amp#27;[2m[transferer] [     parallel-1]&amp#27;[0;39m &amp#27;[2m&amp#27;[0;39m&amp#27;[36mio.r2dbc.h2.client.SessionClient        &amp#27;[0;39m &amp#27;[2m:&amp#27;[0;39m Request:  SELECT 1
&amp#27;[2m2025-08-17T20:20:19.029+01:00&amp#27;[0;39m &amp#27;[32mDEBUG&amp#27;[0;39m &amp#27;[35m32373&amp#27;[0;39m &amp#27;[2m---&amp#27;[0;39m &amp#27;[2m[transferer] [     parallel-1]&amp#27;[0;39m &amp#27;[2m&amp#27;[0;39m&amp#27;[36mio.r2dbc.h2.client.SessionClient        &amp#27;[0;39m &amp#27;[2m:&amp#27;[0;39m Response: org.h2.result.LocalResult@2e7faab4 columns: 1 rows: 1 pos: -1
&amp#27;[2m2025-08-17T20:20:19.029+01:00&amp#27;[0;39m &amp#27;[32mDEBUG&amp#27;[0;39m &amp#27;[35m32373&amp#27;[0;39m &amp#27;[2m---&amp#27;[0;39m &amp#27;[2m[transferer] [     parallel-1]&amp#27;[0;39m &amp#27;[2m&amp#27;[0;39m&amp#27;[36mo.s.r2dbc.core.DefaultDatabaseClient    &amp#27;[0;39m &amp#27;[2m:&amp#27;[0;39m Executing SQL statement [SELECT event_type, COUNT(*) as count FROM outbox_events GROUP BY event_type]
&amp#27;[2m2025-08-17T20:20:19.029+01:00&amp#27;[0;39m &amp#27;[32mDEBUG&amp#27;[0;39m &amp#27;[35m32373&amp#27;[0;39m &amp#27;[2m---&amp#27;[0;39m &amp#27;[2m[transferer] [     parallel-1]&amp#27;[0;39m &amp#27;[2m&amp#27;[0;39m&amp#27;[36mio.r2dbc.h2.client.SessionClient        &amp#27;[0;39m &amp#27;[2m:&amp#27;[0;39m Request:  SELECT event_type, COUNT(*) as count FROM outbox_events GROUP BY event_type
&amp#27;[2m2025-08-17T20:20:19.029+01:00&amp#27;[0;39m &amp#27;[32mDEBUG&amp#27;[0;39m &amp#27;[35m32373&amp#27;[0;39m &amp#27;[2m---&amp#27;[0;39m &amp#27;[2m[transferer] [     parallel-1]&amp#27;[0;39m &amp#27;[2m&amp#27;[0;39m&amp#27;[36mio.r2dbc.h2.client.SessionClient        &amp#27;[0;39m &amp#27;[2m:&amp#27;[0;39m Response: org.h2.result.LocalResult@4a774b9a columns: 2 rows: 3 pos: -1
&amp#27;[2m2025-08-17T20:20:19.030+01:00&amp#27;[0;39m &amp#27;[32mDEBUG&amp#27;[0;39m &amp#27;[35m32373&amp#27;[0;39m &amp#27;[2m---&amp#27;[0;39m &amp#27;[2m[transferer] [     parallel-1]&amp#27;[0;39m &amp#27;[2m&amp#27;[0;39m&amp#27;[36mio.r2dbc.h2.client.SessionClient        &amp#27;[0;39m &amp#27;[2m:&amp#27;[0;39m Request:  SELECT CURRENT_TIMESTAMP
&amp#27;[2m2025-08-17T20:20:19.030+01:00&amp#27;[0;39m &amp#27;[32mDEBUG&amp#27;[0;39m &amp#27;[35m32373&amp#27;[0;39m &amp#27;[2m---&amp#27;[0;39m &amp#27;[2m[transferer] [     parallel-1]&amp#27;[0;39m &amp#27;[2m&amp#27;[0;39m&amp#27;[36mio.r2dbc.h2.client.SessionClient        &amp#27;[0;39m &amp#27;[2m:&amp#27;[0;39m Response: org.h2.result.LocalResult@380cab3f columns: 1 rows: 1 pos: -1
&amp#27;[2m2025-08-17T20:20:19.086+01:00&amp#27;[0;39m &amp#27;[32mDEBUG&amp#27;[0;39m &amp#27;[35m32373&amp#27;[0;39m &amp#27;[2m---&amp#27;[0;39m &amp#27;[2m[transferer] [     parallel-2]&amp#27;[0;39m &amp#27;[2m&amp#27;[0;39m&amp#27;[36mio.r2dbc.h2.client.SessionClient        &amp#27;[0;39m &amp#27;[2m:&amp#27;[0;39m Request:  SELECT 1
&amp#27;[2m2025-08-17T20:20:19.086+01:00&amp#27;[0;39m &amp#27;[32mDEBUG&amp#27;[0;39m &amp#27;[35m32373&amp#27;[0;39m &amp#27;[2m---&amp#27;[0;39m &amp#27;[2m[transferer] [     parallel-2]&amp#27;[0;39m &amp#27;[2m&amp#27;[0;39m&amp#27;[36mio.r2dbc.h2.client.SessionClient        &amp#27;[0;39m &amp#27;[2m:&amp#27;[0;39m Response: org.h2.result.LocalResult@47dde7fe columns: 1 rows: 1 pos: -1
&amp#27;[2m2025-08-17T20:20:19.086+01:00&amp#27;[0;39m &amp#27;[32mDEBUG&amp#27;[0;39m &amp#27;[35m32373&amp#27;[0;39m &amp#27;[2m---&amp#27;[0;39m &amp#27;[2m[transferer] [     parallel-2]&amp#27;[0;39m &amp#27;[2m&amp#27;[0;39m&amp#27;[36mo.s.r2dbc.core.DefaultDatabaseClient    &amp#27;[0;39m &amp#27;[2m:&amp#27;[0;39m Executing SQL statement [SELECT event_type, COUNT(*) as count FROM outbox_events GROUP BY event_type]
&amp#27;[2m2025-08-17T20:20:19.086+01:00&amp#27;[0;39m &amp#27;[32mDEBUG&amp#27;[0;39m &amp#27;[35m32373&amp#27;[0;39m &amp#27;[2m---&amp#27;[0;39m &amp#27;[2m[transferer] [     parallel-2]&amp#27;[0;39m &amp#27;[2m&amp#27;[0;39m&amp#27;[36mio.r2dbc.h2.client.SessionClient        &amp#27;[0;39m &amp#27;[2m:&amp#27;[0;39m Request:  SELECT event_type, COUNT(*) as count FROM outbox_events GROUP BY event_type
&amp#27;[2m2025-08-17T20:20:19.086+01:00&amp#27;[0;39m &amp#27;[32mDEBUG&amp#27;[0;39m &amp#27;[35m32373&amp#27;[0;39m &amp#27;[2m---&amp#27;[0;39m &amp#27;[2m[transferer] [     parallel-2]&amp#27;[0;39m &amp#27;[2m&amp#27;[0;39m&amp#27;[36mio.r2dbc.h2.client.SessionClient        &amp#27;[0;39m &amp#27;[2m:&amp#27;[0;39m Response: org.h2.result.LocalResult@3383c877 columns: 2 rows: 3 pos: -1
&amp#27;[2m2025-08-17T20:20:19.086+01:00&amp#27;[0;39m &amp#27;[32mDEBUG&amp#27;[0;39m &amp#27;[35m32373&amp#27;[0;39m &amp#27;[2m---&amp#27;[0;39m &amp#27;[2m[transferer] [     parallel-2]&amp#27;[0;39m &amp#27;[2m&amp#27;[0;39m&amp#27;[36mio.r2dbc.h2.client.SessionClient        &amp#27;[0;39m &amp#27;[2m:&amp#27;[0;39m Request:  SELECT CURRENT_TIMESTAMP
&amp#27;[2m2025-08-17T20:20:19.086+01:00&amp#27;[0;39m &amp#27;[32mDEBUG&amp#27;[0;39m &amp#27;[35m32373&amp#27;[0;39m &amp#27;[2m---&amp#27;[0;39m &amp#27;[2m[transferer] [     parallel-2]&amp#27;[0;39m &amp#27;[2m&amp#27;[0;39m&amp#27;[36mio.r2dbc.h2.client.SessionClient        &amp#27;[0;39m &amp#27;[2m:&amp#27;[0;39m Response: org.h2.result.LocalResult@4ec604d8 columns: 1 rows: 1 pos: -1
&amp#27;[2m2025-08-17T20:20:19.142+01:00&amp#27;[0;39m &amp#27;[32mDEBUG&amp#27;[0;39m &amp#27;[35m32373&amp#27;[0;39m &amp#27;[2m---&amp#27;[0;39m &amp#27;[2m[transferer] [     parallel-3]&amp#27;[0;39m &amp#27;[2m&amp#27;[0;39m&amp#27;[36mio.r2dbc.h2.client.SessionClient        &amp#27;[0;39m &amp#27;[2m:&amp#27;[0;39m Request:  SELECT 1
&amp#27;[2m2025-08-17T20:20:19.142+01:00&amp#27;[0;39m &amp#27;[32mDEBUG&amp#27;[0;39m &amp#27;[35m32373&amp#27;[0;39m &amp#27;[2m---&amp#27;[0;39m &amp#27;[2m[transferer] [     parallel-3]&amp#27;[0;39m &amp#27;[2m&amp#27;[0;39m&amp#27;[36mio.r2dbc.h2.client.SessionClient        &amp#27;[0;39m &amp#27;[2m:&amp#27;[0;39m Response: org.h2.result.LocalResult@2cc2c7a4 columns: 1 rows: 1 pos: -1
&amp#27;[2m2025-08-17T20:20:19.142+01:00&amp#27;[0;39m &amp#27;[32mDEBUG&amp#27;[0;39m &amp#27;[35m32373&amp#27;[0;39m &amp#27;[2m---&amp#27;[0;39m &amp#27;[2m[transferer] [     parallel-3]&amp#27;[0;39m &amp#27;[2m&amp#27;[0;39m&amp#27;[36mo.s.r2dbc.core.DefaultDatabaseClient    &amp#27;[0;39m &amp#27;[2m:&amp#27;[0;39m Executing SQL statement [SELECT event_type, COUNT(*) as count FROM outbox_events GROUP BY event_type]
&amp#27;[2m2025-08-17T20:20:19.142+01:00&amp#27;[0;39m &amp#27;[32mDEBUG&amp#27;[0;39m &amp#27;[35m32373&amp#27;[0;39m &amp#27;[2m---&amp#27;[0;39m &amp#27;[2m[transferer] [     parallel-3]&amp#27;[0;39m &amp#27;[2m&amp#27;[0;39m&amp#27;[36mio.r2dbc.h2.client.SessionClient        &amp#27;[0;39m &amp#27;[2m:&amp#27;[0;39m Request:  SELECT event_type, COUNT(*) as count FROM outbox_events GROUP BY event_type
&amp#27;[2m2025-08-17T20:20:19.142+01:00&amp#27;[0;39m &amp#27;[32mDEBUG&amp#27;[0;39m &amp#27;[35m32373&amp#27;[0;39m &amp#27;[2m---&amp#27;[0;39m &amp#27;[2m[transferer] [     parallel-3]&amp#27;[0;39m &amp#27;[2m&amp#27;[0;39m&amp#27;[36mio.r2dbc.h2.client.SessionClient        &amp#27;[0;39m &amp#27;[2m:&amp#27;[0;39m Response: org.h2.result.LocalResult@617ca3f0 columns: 2 rows: 3 pos: -1
&amp#27;[2m2025-08-17T20:20:19.142+01:00&amp#27;[0;39m &amp#27;[32mDEBUG&amp#27;[0;39m &amp#27;[35m32373&amp#27;[0;39m &amp#27;[2m---&amp#27;[0;39m &amp#27;[2m[transferer] [     parallel-3]&amp#27;[0;39m &amp#27;[2m&amp#27;[0;39m&amp#27;[36mio.r2dbc.h2.client.SessionClient        &amp#27;[0;39m &amp#27;[2m:&amp#27;[0;39m Request:  SELECT CURRENT_TIMESTAMP
&amp#27;[2m2025-08-17T20:20:19.142+01:00&amp#27;[0;39m &amp#27;[32mDEBUG&amp#27;[0;39m &amp#27;[35m32373&amp#27;[0;39m &amp#27;[2m---&amp#27;[0;39m &amp#27;[2m[transferer] [     parallel-3]&amp#27;[0;39m &amp#27;[2m&amp#27;[0;39m&amp#27;[36mio.r2dbc.h2.client.SessionClient        &amp#27;[0;39m &amp#27;[2m:&amp#27;[0;39m Response: org.h2.result.LocalResult@4e777cf9 columns: 1 rows: 1 pos: -1
&amp#27;[2m2025-08-17T20:20:19.193+01:00&amp#27;[0;39m &amp#27;[32mDEBUG&amp#27;[0;39m &amp#27;[35m32373&amp#27;[0;39m &amp#27;[2m---&amp#27;[0;39m &amp#27;[2m[transferer] [     parallel-4]&amp#27;[0;39m &amp#27;[2m&amp#27;[0;39m&amp#27;[36mio.r2dbc.h2.client.SessionClient        &amp#27;[0;39m &amp#27;[2m:&amp#27;[0;39m Request:  SELECT 1
&amp#27;[2m2025-08-17T20:20:19.194+01:00&amp#27;[0;39m &amp#27;[32mDEBUG&amp#27;[0;39m &amp#27;[35m32373&amp#27;[0;39m &amp#27;[2m---&amp#27;[0;39m &amp#27;[2m[transferer] [     parallel-4]&amp#27;[0;39m &amp#27;[2m&amp#27;[0;39m&amp#27;[36mio.r2dbc.h2.client.SessionClient        &amp#27;[0;39m &amp#27;[2m:&amp#27;[0;39m Response: org.h2.result.LocalResult@493b29b6 columns: 1 rows: 1 pos: -1
&amp#27;[2m2025-08-17T20:20:19.194+01:00&amp#27;[0;39m &amp#27;[32mDEBUG&amp#27;[0;39m &amp#27;[35m32373&amp#27;[0;39m &amp#27;[2m---&amp#27;[0;39m &amp#27;[2m[transferer] [     parallel-4]&amp#27;[0;39m &amp#27;[2m&amp#27;[0;39m&amp#27;[36mo.s.r2dbc.core.DefaultDatabaseClient    &amp#27;[0;39m &amp#27;[2m:&amp#27;[0;39m Executing SQL statement [SELECT event_type, COUNT(*) as count FROM outbox_events GROUP BY event_type]
&amp#27;[2m2025-08-17T20:20:19.194+01:00&amp#27;[0;39m &amp#27;[32mDEBUG&amp#27;[0;39m &amp#27;[35m32373&amp#27;[0;39m &amp#27;[2m---&amp#27;[0;39m &amp#27;[2m[transferer] [     parallel-4]&amp#27;[0;39m &amp#27;[2m&amp#27;[0;39m&amp#27;[36mio.r2dbc.h2.client.SessionClient        &amp#27;[0;39m &amp#27;[2m:&amp#27;[0;39m Request:  SELECT event_type, COUNT(*) as count FROM outbox_events GROUP BY event_type
&amp#27;[2m2025-08-17T20:20:19.194+01:00&amp#27;[0;39m &amp#27;[32mDEBUG&amp#27;[0;39m &amp#27;[35m32373&amp#27;[0;39m &amp#27;[2m---&amp#27;[0;39m &amp#27;[2m[transferer] [     parallel-4]&amp#27;[0;39m &amp#27;[2m&amp#27;[0;39m&amp#27;[36mio.r2dbc.h2.client.SessionClient        &amp#27;[0;39m &amp#27;[2m:&amp#27;[0;39m Response: org.h2.result.LocalResult@189c9d64 columns: 2 rows: 3 pos: -1
&amp#27;[2m2025-08-17T20:20:19.194+01:00&amp#27;[0;39m &amp#27;[32mDEBUG&amp#27;[0;39m &amp#27;[35m32373&amp#27;[0;39m &amp#27;[2m---&amp#27;[0;39m &amp#27;[2m[transferer] [     parallel-4]&amp#27;[0;39m &amp#27;[2m&amp#27;[0;39m&amp#27;[36mio.r2dbc.h2.client.SessionClient        &amp#27;[0;39m &amp#27;[2m:&amp#27;[0;39m Request:  SELECT CURRENT_TIMESTAMP
&amp#27;[2m2025-08-17T20:20:19.194+01:00&amp#27;[0;39m &amp#27;[32mDEBUG&amp#27;[0;39m &amp#27;[35m32373&amp#27;[0;39m &amp#27;[2m---&amp#27;[0;39m &amp#27;[2m[transferer] [     parallel-4]&amp#27;[0;39m &amp#27;[2m&amp#27;[0;39m&amp#27;[36mio.r2dbc.h2.client.SessionClient        &amp#27;[0;39m &amp#27;[2m:&amp#27;[0;39m Response: org.h2.result.LocalResult@7948ecca columns: 1 rows: 1 pos: -1
&amp#27;[2m2025-08-17T20:20:19.246+01:00&amp#27;[0;39m &amp#27;[32mDEBUG&amp#27;[0;39m &amp#27;[35m32373&amp#27;[0;39m &amp#27;[2m---&amp#27;[0;39m &amp#27;[2m[transferer] [     parallel-5]&amp#27;[0;39m &amp#27;[2m&amp#27;[0;39m&amp#27;[36mio.r2dbc.h2.client.SessionClient        &amp#27;[0;39m &amp#27;[2m:&amp#27;[0;39m Request:  SELECT 1
&amp#27;[2m2025-08-17T20:20:19.246+01:00&amp#27;[0;39m &amp#27;[32mDEBUG&amp#27;[0;39m &amp#27;[35m32373&amp#27;[0;39m &amp#27;[2m---&amp#27;[0;39m &amp#27;[2m[transferer] [     parallel-5]&amp#27;[0;39m &amp#27;[2m&amp#27;[0;39m&amp#27;[36mio.r2dbc.h2.client.SessionClient        &amp#27;[0;39m &amp#27;[2m:&amp#27;[0;39m Response: org.h2.result.LocalResult@7686820b columns: 1 rows: 1 pos: -1
&amp#27;[2m2025-08-17T20:20:19.246+01:00&amp#27;[0;39m &amp#27;[32mDEBUG&amp#27;[0;39m &amp#27;[35m32373&amp#27;[0;39m &amp#27;[2m---&amp#27;[0;39m &amp#27;[2m[transferer] [     parallel-5]&amp#27;[0;39m &amp#27;[2m&amp#27;[0;39m&amp#27;[36mo.s.r2dbc.core.DefaultDatabaseClient    &amp#27;[0;39m &amp#27;[2m:&amp#27;[0;39m Executing SQL statement [SELECT event_type, COUNT(*) as count FROM outbox_events GROUP BY event_type]
&amp#27;[2m2025-08-17T20:20:19.246+01:00&amp#27;[0;39m &amp#27;[32mDEBUG&amp#27;[0;39m &amp#27;[35m32373&amp#27;[0;39m &amp#27;[2m---&amp#27;[0;39m &amp#27;[2m[transferer] [     parallel-5]&amp#27;[0;39m &amp#27;[2m&amp#27;[0;39m&amp#27;[36mio.r2dbc.h2.client.SessionClient        &amp#27;[0;39m &amp#27;[2m:&amp#27;[0;39m Request:  SELECT event_type, COUNT(*) as count FROM outbox_events GROUP BY event_type
&amp#27;[2m2025-08-17T20:20:19.246+01:00&amp#27;[0;39m &amp#27;[32mDEBUG&amp#27;[0;39m &amp#27;[35m32373&amp#27;[0;39m &amp#27;[2m---&amp#27;[0;39m &amp#27;[2m[transferer] [     parallel-5]&amp#27;[0;39m &amp#27;[2m&amp#27;[0;39m&amp#27;[36mio.r2dbc.h2.client.SessionClient        &amp#27;[0;39m &amp#27;[2m:&amp#27;[0;39m Response: org.h2.result.LocalResult@721a315e columns: 2 rows: 3 pos: -1
&amp#27;[2m2025-08-17T20:20:19.246+01:00&amp#27;[0;39m &amp#27;[32mDEBUG&amp#27;[0;39m &amp#27;[35m32373&amp#27;[0;39m &amp#27;[2m---&amp#27;[0;39m &amp#27;[2m[transferer] [     parallel-5]&amp#27;[0;39m &amp#27;[2m&amp#27;[0;39m&amp#27;[36mio.r2dbc.h2.client.SessionClient        &amp#27;[0;39m &amp#27;[2m:&amp#27;[0;39m Request:  SELECT CURRENT_TIMESTAMP
&amp#27;[2m2025-08-17T20:20:19.246+01:00&amp#27;[0;39m &amp#27;[32mDEBUG&amp#27;[0;39m &amp#27;[35m32373&amp#27;[0;39m &amp#27;[2m---&amp#27;[0;39m &amp#27;[2m[transferer] [     parallel-5]&amp#27;[0;39m &amp#27;[2m&amp#27;[0;39m&amp#27;[36mio.r2dbc.h2.client.SessionClient        &amp#27;[0;39m &amp#27;[2m:&amp#27;[0;39m Response: org.h2.result.LocalResult@53f14eb8 columns: 1 rows: 1 pos: -1
&amp#27;[2m2025-08-17T20:20:19.301+01:00&amp#27;[0;39m &amp#27;[32mDEBUG&amp#27;[0;39m &amp#27;[35m32373&amp#27;[0;39m &amp#27;[2m---&amp#27;[0;39m &amp#27;[2m[transferer] [     parallel-6]&amp#27;[0;39m &amp#27;[2m&amp#27;[0;39m&amp#27;[36mio.r2dbc.h2.client.SessionClient        &amp#27;[0;39m &amp#27;[2m:&amp#27;[0;39m Request:  SELECT 1
&amp#27;[2m2025-08-17T20:20:19.301+01:00&amp#27;[0;39m &amp#27;[32mDEBUG&amp#27;[0;39m &amp#27;[35m32373&amp#27;[0;39m &amp#27;[2m---&amp#27;[0;39m &amp#27;[2m[transferer] [     parallel-6]&amp#27;[0;39m &amp#27;[2m&amp#27;[0;39m&amp#27;[36mio.r2dbc.h2.client.SessionClient        &amp#27;[0;39m &amp#27;[2m:&amp#27;[0;39m Response: org.h2.result.LocalResult@271bd8c1 columns: 1 rows: 1 pos: -1
&amp#27;[2m2025-08-17T20:20:19.301+01:00&amp#27;[0;39m &amp#27;[32mDEBUG&amp#27;[0;39m &amp#27;[35m32373&amp#27;[0;39m &amp#27;[2m---&amp#27;[0;39m &amp#27;[2m[transferer] [     parallel-6]&amp#27;[0;39m &amp#27;[2m&amp#27;[0;39m&amp#27;[36mo.s.r2dbc.core.DefaultDatabaseClient    &amp#27;[0;39m &amp#27;[2m:&amp#27;[0;39m Executing SQL statement [SELECT event_type, COUNT(*) as count FROM outbox_events GROUP BY event_type]
&amp#27;[2m2025-08-17T20:20:19.301+01:00&amp#27;[0;39m &amp#27;[32mDEBUG&amp#27;[0;39m &amp#27;[35m32373&amp#27;[0;39m &amp#27;[2m---&amp#27;[0;39m &amp#27;[2m[transferer] [     parallel-6]&amp#27;[0;39m &amp#27;[2m&amp#27;[0;39m&amp#27;[36mio.r2dbc.h2.client.SessionClient        &amp#27;[0;39m &amp#27;[2m:&amp#27;[0;39m Request:  SELECT event_type, COUNT(*) as count FROM outbox_events GROUP BY event_type
&amp#27;[2m2025-08-17T20:20:19.301+01:00&amp#27;[0;39m &amp#27;[32mDEBUG&amp#27;[0;39m &amp#27;[35m32373&amp#27;[0;39m &amp#27;[2m---&amp#27;[0;39m &amp#27;[2m[transferer] [     parallel-6]&amp#27;[0;39m &amp#27;[2m&amp#27;[0;39m&amp#27;[36mio.r2dbc.h2.client.SessionClient        &amp#27;[0;39m &amp#27;[2m:&amp#27;[0;39m Response: org.h2.result.LocalResult@38f5c7ca columns: 2 rows: 3 pos: -1
&amp#27;[2m2025-08-17T20:20:19.301+01:00&amp#27;[0;39m &amp#27;[32mDEBUG&amp#27;[0;39m &amp#27;[35m32373&amp#27;[0;39m &amp#27;[2m---&amp#27;[0;39m &amp#27;[2m[transferer] [     parallel-6]&amp#27;[0;39m &amp#27;[2m&amp#27;[0;39m&amp#27;[36mio.r2dbc.h2.client.SessionClient        &amp#27;[0;39m &amp#27;[2m:&amp#27;[0;39m Request:  SELECT CURRENT_TIMESTAMP
&amp#27;[2m2025-08-17T20:20:19.301+01:00&amp#27;[0;39m &amp#27;[32mDEBUG&amp#27;[0;39m &amp#27;[35m32373&amp#27;[0;39m &amp#27;[2m---&amp#27;[0;39m &amp#27;[2m[transferer] [     parallel-6]&amp#27;[0;39m &amp#27;[2m&amp#27;[0;39m&amp#27;[36mio.r2dbc.h2.client.SessionClient        &amp#27;[0;39m &amp#27;[2m:&amp#27;[0;39m Response: org.h2.result.LocalResult@2a3013df columns: 1 rows: 1 pos: -1
&amp#27;[2m2025-08-17T20:20:19.356+01:00&amp#27;[0;39m &amp#27;[32mDEBUG&amp#27;[0;39m &amp#27;[35m32373&amp#27;[0;39m &amp#27;[2m---&amp#27;[0;39m &amp#27;[2m[transferer] [     parallel-7]&amp#27;[0;39m &amp#27;[2m&amp#27;[0;39m&amp#27;[36mio.r2dbc.h2.client.SessionClient        &amp#27;[0;39m &amp#27;[2m:&amp#27;[0;39m Request:  SELECT 1
&amp#27;[2m2025-08-17T20:20:19.357+01:00&amp#27;[0;39m &amp#27;[32mDEBUG&amp#27;[0;39m &amp#27;[35m32373&amp#27;[0;39m &amp#27;[2m---&amp#27;[0;39m &amp#27;[2m[transferer] [     parallel-7]&amp#27;[0;39m &amp#27;[2m&amp#27;[0;39m&amp#27;[36mio.r2dbc.h2.client.SessionClient        &amp#27;[0;39m &amp#27;[2m:&amp#27;[0;39m Response: org.h2.result.LocalResult@3516009b columns: 1 rows: 1 pos: -1
&amp#27;[2m2025-08-17T20:20:19.357+01:00&amp#27;[0;39m &amp#27;[32mDEBUG&amp#27;[0;39m &amp#27;[35m32373&amp#27;[0;39m &amp#27;[2m---&amp#27;[0;39m &amp#27;[2m[transferer] [     parallel-7]&amp#27;[0;39m &amp#27;[2m&amp#27;[0;39m&amp#27;[36mo.s.r2dbc.core.DefaultDatabaseClient    &amp#27;[0;39m &amp#27;[2m:&amp#27;[0;39m Executing SQL statement [SELECT event_type, COUNT(*) as count FROM outbox_events GROUP BY event_type]
&amp#27;[2m2025-08-17T20:20:19.357+01:00&amp#27;[0;39m &amp#27;[32mDEBUG&amp#27;[0;39m &amp#27;[35m32373&amp#27;[0;39m &amp#27;[2m---&amp#27;[0;39m &amp#27;[2m[transferer] [     parallel-7]&amp#27;[0;39m &amp#27;[2m&amp#27;[0;39m&amp#27;[36mio.r2dbc.h2.client.SessionClient        &amp#27;[0;39m &amp#27;[2m:&amp#27;[0;39m Request:  SELECT event_type, COUNT(*) as count FROM outbox_events GROUP BY event_type
&amp#27;[2m2025-08-17T20:20:19.357+01:00&amp#27;[0;39m &amp#27;[32mDEBUG&amp#27;[0;39m &amp#27;[35m32373&amp#27;[0;39m &amp#27;[2m---&amp#27;[0;39m &amp#27;[2m[transferer] [     parallel-7]&amp#27;[0;39m &amp#27;[2m&amp#27;[0;39m&amp#27;[36mio.r2dbc.h2.client.SessionClient        &amp#27;[0;39m &amp#27;[2m:&amp#27;[0;39m Response: org.h2.result.LocalResult@45cacdbc columns: 2 rows: 3 pos: -1
&amp#27;[2m2025-08-17T20:20:19.357+01:00&amp#27;[0;39m &amp#27;[32mDEBUG&amp#27;[0;39m &amp#27;[35m32373&amp#27;[0;39m &amp#27;[2m---&amp#27;[0;39m &amp#27;[2m[transferer] [     parallel-7]&amp#27;[0;39m &amp#27;[2m&amp#27;[0;39m&amp#27;[36mio.r2dbc.h2.client.SessionClient        &amp#27;[0;39m &amp#27;[2m:&amp#27;[0;39m Request:  SELECT CURRENT_TIMESTAMP
&amp#27;[2m2025-08-17T20:20:19.357+01:00&amp#27;[0;39m &amp#27;[32mDEBUG&amp#27;[0;39m &amp#27;[35m32373&amp#27;[0;39m &amp#27;[2m---&amp#27;[0;39m &amp#27;[2m[transferer] [     parallel-7]&amp#27;[0;39m &amp#27;[2m&amp#27;[0;39m&amp#27;[36mio.r2dbc.h2.client.SessionClient        &amp#27;[0;39m &amp#27;[2m:&amp#27;[0;39m Response: org.h2.result.LocalResult@14a5f9a7 columns: 1 rows: 1 pos: -1
&amp#27;[2m2025-08-17T20:20:19.409+01:00&amp#27;[0;39m &amp#27;[32mDEBUG&amp#27;[0;39m &amp#27;[35m32373&amp#27;[0;39m &amp#27;[2m---&amp#27;[0;39m &amp#27;[2m[transferer] [     parallel-8]&amp#27;[0;39m &amp#27;[2m&amp#27;[0;39m&amp#27;[36mio.r2dbc.h2.client.SessionClient        &amp#27;[0;39m &amp#27;[2m:&amp#27;[0;39m Request:  SELECT 1
&amp#27;[2m2025-08-17T20:20:19.410+01:00&amp#27;[0;39m &amp#27;[32mDEBUG&amp#27;[0;39m &amp#27;[35m32373&amp#27;[0;39m &amp#27;[2m---&amp#27;[0;39m &amp#27;[2m[transferer] [     parallel-8]&amp#27;[0;39m &amp#27;[2m&amp#27;[0;39m&amp#27;[36mio.r2dbc.h2.client.SessionClient        &amp#27;[0;39m &amp#27;[2m:&amp#27;[0;39m Response: org.h2.result.LocalResult@59ec5dc3 columns: 1 rows: 1 pos: -1
&amp#27;[2m2025-08-17T20:20:19.410+01:00&amp#27;[0;39m &amp#27;[32mDEBUG&amp#27;[0;39m &amp#27;[35m32373&amp#27;[0;39m &amp#27;[2m---&amp#27;[0;39m &amp#27;[2m[transferer] [     parallel-8]&amp#27;[0;39m &amp#27;[2m&amp#27;[0;39m&amp#27;[36mo.s.r2dbc.core.DefaultDatabaseClient    &amp#27;[0;39m &amp#27;[2m:&amp#27;[0;39m Executing SQL statement [SELECT event_type, COUNT(*) as count FROM outbox_events GROUP BY event_type]
&amp#27;[2m2025-08-17T20:20:19.410+01:00&amp#27;[0;39m &amp#27;[32mDEBUG&amp#27;[0;39m &amp#27;[35m32373&amp#27;[0;39m &amp#27;[2m---&amp#27;[0;39m &amp#27;[2m[transferer] [     parallel-8]&amp#27;[0;39m &amp#27;[2m&amp#27;[0;39m&amp#27;[36mio.r2dbc.h2.client.SessionClient        &amp#27;[0;39m &amp#27;[2m:&amp#27;[0;39m Request:  SELECT event_type, COUNT(*) as count FROM outbox_events GROUP BY event_type
&amp#27;[2m2025-08-17T20:20:19.411+01:00&amp#27;[0;39m &amp#27;[32mDEBUG&amp#27;[0;39m &amp#27;[35m32373&amp#27;[0;39m &amp#27;[2m---&amp#27;[0;39m &amp#27;[2m[transferer] [     parallel-8]&amp#27;[0;39m &amp#27;[2m&amp#27;[0;39m&amp#27;[36mio.r2dbc.h2.client.SessionClient        &amp#27;[0;39m &amp#27;[2m:&amp#27;[0;39m Response: org.h2.result.LocalResult@7000226c columns: 2 rows: 3 pos: -1
&amp#27;[2m2025-08-17T20:20:19.411+01:00&amp#27;[0;39m &amp#27;[32mDEBUG&amp#27;[0;39m &amp#27;[35m32373&amp#27;[0;39m &amp#27;[2m---&amp#27;[0;39m &amp#27;[2m[transferer] [     parallel-8]&amp#27;[0;39m &amp#27;[2m&amp#27;[0;39m&amp#27;[36mio.r2dbc.h2.client.SessionClient        &amp#27;[0;39m &amp#27;[2m:&amp#27;[0;39m Request:  SELECT CURRENT_TIMESTAMP
&amp#27;[2m2025-08-17T20:20:19.413+01:00&amp#27;[0;39m &amp#27;[32mDEBUG&amp#27;[0;39m &amp#27;[35m32373&amp#27;[0;39m &amp#27;[2m---&amp#27;[0;39m &amp#27;[2m[transferer] [     parallel-8]&amp#27;[0;39m &amp#27;[2m&amp#27;[0;39m&amp#27;[36mio.r2dbc.h2.client.SessionClient        &amp#27;[0;39m &amp#27;[2m:&amp#27;[0;39m Response: org.h2.result.LocalResult@1f552282 columns: 1 rows: 1 pos: -1
&amp#27;[2m2025-08-17T20:20:19.468+01:00&amp#27;[0;39m &amp#27;[32mDEBUG&amp#27;[0;39m &amp#27;[35m32373&amp#27;[0;39m &amp#27;[2m---&amp#27;[0;39m &amp#27;[2m[transferer] [     parallel-1]&amp#27;[0;39m &amp#27;[2m&amp#27;[0;39m&amp#27;[36mio.r2dbc.h2.client.SessionClient        &amp#27;[0;39m &amp#27;[2m:&amp#27;[0;39m Request:  SELECT 1
&amp#27;[2m2025-08-17T20:20:19.468+01:00&amp#27;[0;39m &amp#27;[32mDEBUG&amp#27;[0;39m &amp#27;[35m32373&amp#27;[0;39m &amp#27;[2m---&amp#27;[0;39m &amp#27;[2m[transferer] [     parallel-1]&amp#27;[0;39m &amp#27;[2m&amp#27;[0;39m&amp#27;[36mio.r2dbc.h2.client.SessionClient        &amp#27;[0;39m &amp#27;[2m:&amp#27;[0;39m Response: org.h2.result.LocalResult@6bf59c80 columns: 1 rows: 1 pos: -1
&amp#27;[2m2025-08-17T20:20:19.469+01:00&amp#27;[0;39m &amp#27;[32mDEBUG&amp#27;[0;39m &amp#27;[35m32373&amp#27;[0;39m &amp#27;[2m---&amp#27;[0;39m &amp#27;[2m[transferer] [     parallel-1]&amp#27;[0;39m &amp#27;[2m&amp#27;[0;39m&amp#27;[36mo.s.r2dbc.core.DefaultDatabaseClient    &amp#27;[0;39m &amp#27;[2m:&amp#27;[0;39m Executing SQL statement [SELECT event_type, COUNT(*) as count FROM outbox_events GROUP BY event_type]
&amp#27;[2m2025-08-17T20:20:19.469+01:00&amp#27;[0;39m &amp#27;[32mDEBUG&amp#27;[0;39m &amp#27;[35m32373&amp#27;[0;39m &amp#27;[2m---&amp#27;[0;39m &amp#27;[2m[transferer] [     parallel-1]&amp#27;[0;39m &amp#27;[2m&amp#27;[0;39m&amp#27;[36mio.r2dbc.h2.client.SessionClient        &amp#27;[0;39m &amp#27;[2m:&amp#27;[0;39m Request:  SELECT event_type, COUNT(*) as count FROM outbox_events GROUP BY event_type
&amp#27;[2m2025-08-17T20:20:19.469+01:00&amp#27;[0;39m &amp#27;[32mDEBUG&amp#27;[0;39m &amp#27;[35m32373&amp#27;[0;39m &amp#27;[2m---&amp#27;[0;39m &amp#27;[2m[transferer] [     parallel-1]&amp#27;[0;39m &amp#27;[2m&amp#27;[0;39m&amp#27;[36mio.r2dbc.h2.client.SessionClient        &amp#27;[0;39m &amp#27;[2m:&amp#27;[0;39m Response: org.h2.result.LocalResult@1bae21ff columns: 2 rows: 3 pos: -1
&amp#27;[2m2025-08-17T20:20:19.469+01:00&amp#27;[0;39m &amp#27;[32mDEBUG&amp#27;[0;39m &amp#27;[35m32373&amp#27;[0;39m &amp#27;[2m---&amp#27;[0;39m &amp#27;[2m[transferer] [     parallel-1]&amp#27;[0;39m &amp#27;[2m&amp#27;[0;39m&amp#27;[36mio.r2dbc.h2.client.SessionClient        &amp#27;[0;39m &amp#27;[2m:&amp#27;[0;39m Request:  SELECT CURRENT_TIMESTAMP
&amp#27;[2m2025-08-17T20:20:19.469+01:00&amp#27;[0;39m &amp#27;[32mDEBUG&amp#27;[0;39m &amp#27;[35m32373&amp#27;[0;39m &amp#27;[2m---&amp#27;[0;39m &amp#27;[2m[transferer] [     parallel-1]&amp#27;[0;39m &amp#27;[2m&amp#27;[0;39m&amp#27;[36mio.r2dbc.h2.client.SessionClient        &amp#27;[0;39m &amp#27;[2m:&amp#27;[0;39m Response: org.h2.result.LocalResult@7d107e17 columns: 1 rows: 1 pos: -1
&amp#27;[2m2025-08-17T20:20:19.520+01:00&amp#27;[0;39m &amp#27;[32mDEBUG&amp#27;[0;39m &amp#27;[35m32373&amp#27;[0;39m &amp#27;[2m---&amp#27;[0;39m &amp#27;[2m[transferer] [     parallel-2]&amp#27;[0;39m &amp#27;[2m&amp#27;[0;39m&amp#27;[36mio.r2dbc.h2.client.SessionClient        &amp#27;[0;39m &amp#27;[2m:&amp#27;[0;39m Request:  SELECT 1
&amp#27;[2m2025-08-17T20:20:19.520+01:00&amp#27;[0;39m &amp#27;[32mDEBUG&amp#27;[0;39m &amp#27;[35m32373&amp#27;[0;39m &amp#27;[2m---&amp#27;[0;39m &amp#27;[2m[transferer] [     parallel-2]&amp#27;[0;39m &amp#27;[2m&amp#27;[0;39m&amp#27;[36mio.r2dbc.h2.client.SessionClient        &amp#27;[0;39m &amp#27;[2m:&amp#27;[0;39m Response: org.h2.result.LocalResult@668cf8e9 columns: 1 rows: 1 pos: -1
&amp#27;[2m2025-08-17T20:20:19.520+01:00&amp#27;[0;39m &amp#27;[32mDEBUG&amp#27;[0;39m &amp#27;[35m32373&amp#27;[0;39m &amp#27;[2m---&amp#27;[0;39m &amp#27;[2m[transferer] [     parallel-2]&amp#27;[0;39m &amp#27;[2m&amp#27;[0;39m&amp#27;[36mo.s.r2dbc.core.DefaultDatabaseClient    &amp#27;[0;39m &amp#27;[2m:&amp#27;[0;39m Executing SQL statement [SELECT event_type, COUNT(*) as count FROM outbox_events GROUP BY event_type]
&amp#27;[2m2025-08-17T20:20:19.520+01:00&amp#27;[0;39m &amp#27;[32mDEBUG&amp#27;[0;39m &amp#27;[35m32373&amp#27;[0;39m &amp#27;[2m---&amp#27;[0;39m &amp#27;[2m[transferer] [     parallel-2]&amp#27;[0;39m &amp#27;[2m&amp#27;[0;39m&amp#27;[36mio.r2dbc.h2.client.SessionClient        &amp#27;[0;39m &amp#27;[2m:&amp#27;[0;39m Request:  SELECT event_type, COUNT(*) as count FROM outbox_events GROUP BY event_type
&amp#27;[2m2025-08-17T20:20:19.520+01:00&amp#27;[0;39m &amp#27;[32mDEBUG&amp#27;[0;39m &amp#27;[35m32373&amp#27;[0;39m &amp#27;[2m---&amp#27;[0;39m &amp#27;[2m[transferer] [     parallel-2]&amp#27;[0;39m &amp#27;[2m&amp#27;[0;39m&amp#27;[36mio.r2dbc.h2.client.SessionClient        &amp#27;[0;39m &amp#27;[2m:&amp#27;[0;39m Response: org.h2.result.LocalResult@4be1543f columns: 2 rows: 3 pos: -1
&amp#27;[2m2025-08-17T20:20:19.521+01:00&amp#27;[0;39m &amp#27;[32mDEBUG&amp#27;[0;39m &amp#27;[35m32373&amp#27;[0;39m &amp#27;[2m---&amp#27;[0;39m &amp#27;[2m[transferer] [     parallel-2]&amp#27;[0;39m &amp#27;[2m&amp#27;[0;39m&amp#27;[36mio.r2dbc.h2.client.SessionClient        &amp#27;[0;39m &amp#27;[2m:&amp#27;[0;39m Request:  SELECT CURRENT_TIMESTAMP
&amp#27;[2m2025-08-17T20:20:19.521+01:00&amp#27;[0;39m &amp#27;[32mDEBUG&amp#27;[0;39m &amp#27;[35m32373&amp#27;[0;39m &amp#27;[2m---&amp#27;[0;39m &amp#27;[2m[transferer] [     parallel-2]&amp#27;[0;39m &amp#27;[2m&amp#27;[0;39m&amp#27;[36mio.r2dbc.h2.client.SessionClient        &amp#27;[0;39m &amp#27;[2m:&amp#27;[0;39m Response: org.h2.result.LocalResult@d4db3df columns: 1 rows: 1 pos: -1
&amp#27;[2m2025-08-17T20:20:19.573+01:00&amp#27;[0;39m &amp#27;[32mDEBUG&amp#27;[0;39m &amp#27;[35m32373&amp#27;[0;39m &amp#27;[2m---&amp#27;[0;39m &amp#27;[2m[transferer] [     parallel-3]&amp#27;[0;39m &amp#27;[2m&amp#27;[0;39m&amp#27;[36mio.r2dbc.h2.client.SessionClient        &amp#27;[0;39m &amp#27;[2m:&amp#27;[0;39m Request:  SELECT 1
&amp#27;[2m2025-08-17T20:20:19.573+01:00&amp#27;[0;39m &amp#27;[32mDEBUG&amp#27;[0;39m &amp#27;[35m32373&amp#27;[0;39m &amp#27;[2m---&amp#27;[0;39m &amp#27;[2m[transferer] [     parallel-3]&amp#27;[0;39m &amp#27;[2m&amp#27;[0;39m&amp#27;[36mio.r2dbc.h2.client.SessionClient        &amp#27;[0;39m &amp#27;[2m:&amp#27;[0;39m Response: org.h2.result.LocalResult@74327d74 columns: 1 rows: 1 pos: -1
&amp#27;[2m2025-08-17T20:20:19.573+01:00&amp#27;[0;39m &amp#27;[32mDEBUG&amp#27;[0;39m &amp#27;[35m32373&amp#27;[0;39m &amp#27;[2m---&amp#27;[0;39m &amp#27;[2m[transferer] [     parallel-3]&amp#27;[0;39m &amp#27;[2m&amp#27;[0;39m&amp#27;[36mo.s.r2dbc.core.DefaultDatabaseClient    &amp#27;[0;39m &amp#27;[2m:&amp#27;[0;39m Executing SQL statement [SELECT event_type, COUNT(*) as count FROM outbox_events GROUP BY event_type]
&amp#27;[2m2025-08-17T20:20:19.573+01:00&amp#27;[0;39m &amp#27;[32mDEBUG&amp#27;[0;39m &amp#27;[35m32373&amp#27;[0;39m &amp#27;[2m---&amp#27;[0;39m &amp#27;[2m[transferer] [     parallel-3]&amp#27;[0;39m &amp#27;[2m&amp#27;[0;39m&amp#27;[36mio.r2dbc.h2.client.SessionClient        &amp#27;[0;39m &amp#27;[2m:&amp#27;[0;39m Request:  SELECT event_type, COUNT(*) as count FROM outbox_events GROUP BY event_type
&amp#27;[2m2025-08-17T20:20:19.573+01:00&amp#27;[0;39m &amp#27;[32mDEBUG&amp#27;[0;39m &amp#27;[35m32373&amp#27;[0;39m &amp#27;[2m---&amp#27;[0;39m &amp#27;[2m[transferer] [     parallel-3]&amp#27;[0;39m &amp#27;[2m&amp#27;[0;39m&amp#27;[36mio.r2dbc.h2.client.SessionClient        &amp#27;[0;39m &amp#27;[2m:&amp#27;[0;39m Response: org.h2.result.LocalResult@70d53321 columns: 2 rows: 3 pos: -1
&amp#27;[2m2025-08-17T20:20:19.574+01:00&amp#27;[0;39m &amp#27;[32mDEBUG&amp#27;[0;39m &amp#27;[35m32373&amp#27;[0;39m &amp#27;[2m---&amp#27;[0;39m &amp#27;[2m[transferer] [     parallel-3]&amp#27;[0;39m &amp#27;[2m&amp#27;[0;39m&amp#27;[36mio.r2dbc.h2.client.SessionClient        &amp#27;[0;39m &amp#27;[2m:&amp#27;[0;39m Request:  SELECT CURRENT_TIMESTAMP
&amp#27;[2m2025-08-17T20:20:19.574+01:00&amp#27;[0;39m &amp#27;[32mDEBUG&amp#27;[0;39m &amp#27;[35m32373&amp#27;[0;39m &amp#27;[2m---&amp#27;[0;39m &amp#27;[2m[transferer] [     parallel-3]&amp#27;[0;39m &amp#27;[2m&amp#27;[0;39m&amp#27;[36mio.r2dbc.h2.client.SessionClient        &amp#27;[0;39m &amp#27;[2m:&amp#27;[0;39m Response: org.h2.result.LocalResult@2a7c25ef columns: 1 rows: 1 pos: -1
&amp#27;[2m2025-08-17T20:20:19.629+01:00&amp#27;[0;39m &amp#27;[32mDEBUG&amp#27;[0;39m &amp#27;[35m32373&amp#27;[0;39m &amp#27;[2m---&amp#27;[0;39m &amp#27;[2m[transferer] [     parallel-4]&amp#27;[0;39m &amp#27;[2m&amp#27;[0;39m&amp#27;[36mio.r2dbc.h2.client.SessionClient        &amp#27;[0;39m &amp#27;[2m:&amp#27;[0;39m Request:  SELECT 1
&amp#27;[2m2025-08-17T20:20:19.629+01:00&amp#27;[0;39m &amp#27;[32mDEBUG&amp#27;[0;39m &amp#27;[35m32373&amp#27;[0;39m &amp#27;[2m---&amp#27;[0;39m &amp#27;[2m[transferer] [     parallel-4]&amp#27;[0;39m &amp#27;[2m&amp#27;[0;39m&amp#27;[36mio.r2dbc.h2.client.SessionClient        &amp#27;[0;39m &amp#27;[2m:&amp#27;[0;39m Response: org.h2.result.LocalResult@692e1ccc columns: 1 rows: 1 pos: -1
&amp#27;[2m2025-08-17T20:20:19.629+01:00&amp#27;[0;39m &amp#27;[32mDEBUG&amp#27;[0;39m &amp#27;[35m32373&amp#27;[0;39m &amp#27;[2m---&amp#27;[0;39m &amp#27;[2m[transferer] [     parallel-4]&amp#27;[0;39m &amp#27;[2m&amp#27;[0;39m&amp#27;[36mo.s.r2dbc.core.DefaultDatabaseClient    &amp#27;[0;39m &amp#27;[2m:&amp#27;[0;39m Executing SQL statement [SELECT event_type, COUNT(*) as count FROM outbox_events GROUP BY event_type]
&amp#27;[2m2025-08-17T20:20:19.629+01:00&amp#27;[0;39m &amp#27;[32mDEBUG&amp#27;[0;39m &amp#27;[35m32373&amp#27;[0;39m &amp#27;[2m---&amp#27;[0;39m &amp#27;[2m[transferer] [     parallel-4]&amp#27;[0;39m &amp#27;[2m&amp#27;[0;39m&amp#27;[36mio.r2dbc.h2.client.SessionClient        &amp#27;[0;39m &amp#27;[2m:&amp#27;[0;39m Request:  SELECT event_type, COUNT(*) as count FROM outbox_events GROUP BY event_type
&amp#27;[2m2025-08-17T20:20:19.629+01:00&amp#27;[0;39m &amp#27;[32mDEBUG&amp#27;[0;39m &amp#27;[35m32373&amp#27;[0;39m &amp#27;[2m---&amp#27;[0;39m &amp#27;[2m[transferer] [     parallel-4]&amp#27;[0;39m &amp#27;[2m&amp#27;[0;39m&amp#27;[36mio.r2dbc.h2.client.SessionClient        &amp#27;[0;39m &amp#27;[2m:&amp#27;[0;39m Response: org.h2.result.LocalResult@1525cb30 columns: 2 rows: 3 pos: -1
&amp#27;[2m2025-08-17T20:20:19.629+01:00&amp#27;[0;39m &amp#27;[32mDEBUG&amp#27;[0;39m &amp#27;[35m32373&amp#27;[0;39m &amp#27;[2m---&amp#27;[0;39m &amp#27;[2m[transferer] [     parallel-4]&amp#27;[0;39m &amp#27;[2m&amp#27;[0;39m&amp#27;[36mio.r2dbc.h2.client.SessionClient        &amp#27;[0;39m &amp#27;[2m:&amp#27;[0;39m Request:  SELECT CURRENT_TIMESTAMP
&amp#27;[2m2025-08-17T20:20:19.629+01:00&amp#27;[0;39m &amp#27;[32mDEBUG&amp#27;[0;39m &amp#27;[35m32373&amp#27;[0;39m &amp#27;[2m---&amp#27;[0;39m &amp#27;[2m[transferer] [     parallel-4]&amp#27;[0;39m &amp#27;[2m&amp#27;[0;39m&amp#27;[36mio.r2dbc.h2.client.SessionClient        &amp#27;[0;39m &amp#27;[2m:&amp#27;[0;39m Response: org.h2.result.LocalResult@743e948f columns: 1 rows: 1 pos: -1
&amp#27;[2m2025-08-17T20:20:19.683+01:00&amp#27;[0;39m &amp#27;[32mDEBUG&amp#27;[0;39m &amp#27;[35m32373&amp#27;[0;39m &amp#27;[2m---&amp#27;[0;39m &amp#27;[2m[transferer] [           main]&amp#27;[0;39m &amp#27;[2m&amp#27;[0;39m&amp#27;[36mio.r2dbc.h2.client.SessionClient        &amp#27;[0;39m &amp#27;[2m:&amp#27;[0;39m Request:  SELECT 1
&amp#27;[2m2025-08-17T20:20:19.684+01:00&amp#27;[0;39m &amp#27;[32mDEBUG&amp#27;[0;39m &amp#27;[35m32373&amp#27;[0;39m &amp#27;[2m---&amp#27;[0;39m &amp#27;[2m[transferer] [           main]&amp#27;[0;39m &amp#27;[2m&amp#27;[0;39m&amp#27;[36mio.r2dbc.h2.client.SessionClient        &amp#27;[0;39m &amp#27;[2m:&amp#27;[0;39m Response: org.h2.result.LocalResult@311a0b3e columns: 1 rows: 1 pos: -1
&amp#27;[2m2025-08-17T20:20:19.684+01:00&amp#27;[0;39m &amp#27;[32mDEBUG&amp#27;[0;39m &amp#27;[35m32373&amp#27;[0;39m &amp#27;[2m---&amp#27;[0;39m &amp#27;[2m[transferer] [           main]&amp#27;[0;39m &amp#27;[2m&amp#27;[0;39m&amp#27;[36mo.s.r2dbc.core.DefaultDatabaseClient    &amp#27;[0;39m &amp#27;[2m:&amp#27;[0;39m Executing SQL statement [DELETE FROM payments]
&amp#27;[2m2025-08-17T20:20:19.685+01:00&amp#27;[0;39m &amp#27;[32mDEBUG&amp#27;[0;39m &amp#27;[35m32373&amp#27;[0;39m &amp#27;[2m---&amp#27;[0;39m &amp#27;[2m[transferer] [           main]&amp#27;[0;39m &amp#27;[2m&amp#27;[0;39m&amp#27;[36mio.r2dbc.h2.client.SessionClient        &amp#27;[0;39m &amp#27;[2m:&amp#27;[0;39m Request:  DELETE FROM payments
&amp#27;[2m2025-08-17T20:20:19.685+01:00&amp#27;[0;39m &amp#27;[32mDEBUG&amp#27;[0;39m &amp#27;[35m32373&amp#27;[0;39m &amp#27;[2m---&amp#27;[0;39m &amp#27;[2m[transferer] [           main]&amp#27;[0;39m &amp#27;[2m&amp#27;[0;39m&amp#27;[36mio.r2dbc.h2.client.SessionClient        &amp#27;[0;39m &amp#27;[2m:&amp#27;[0;39m Request:  SELECT CURRENT_TIMESTAMP
&amp#27;[2m2025-08-17T20:20:19.685+01:00&amp#27;[0;39m &amp#27;[32mDEBUG&amp#27;[0;39m &amp#27;[35m32373&amp#27;[0;39m &amp#27;[2m---&amp#27;[0;39m &amp#27;[2m[transferer] [           main]&amp#27;[0;39m &amp#27;[2m&amp#27;[0;39m&amp#27;[36mio.r2dbc.h2.client.SessionClient        &amp#27;[0;39m &amp#27;[2m:&amp#27;[0;39m Response: org.h2.result.LocalResult@1d3a03fe columns: 1 rows: 1 pos: -1
&amp#27;[2m2025-08-17T20:20:19.686+01:00&amp#27;[0;39m &amp#27;[32mDEBUG&amp#27;[0;39m &amp#27;[35m32373&amp#27;[0;39m &amp#27;[2m---&amp#27;[0;39m &amp#27;[2m[transferer] [           main]&amp#27;[0;39m &amp#27;[2m&amp#27;[0;39m&amp#27;[36mio.r2dbc.h2.client.SessionClient        &amp#27;[0;39m &amp#27;[2m:&amp#27;[0;39m Request:  SELECT 1
&amp#27;[2m2025-08-17T20:20:19.686+01:00&amp#27;[0;39m &amp#27;[32mDEBUG&amp#27;[0;39m &amp#27;[35m32373&amp#27;[0;39m &amp#27;[2m---&amp#27;[0;39m &amp#27;[2m[transferer] [           main]&amp#27;[0;39m &amp#27;[2m&amp#27;[0;39m&amp#27;[36mio.r2dbc.h2.client.SessionClient        &amp#27;[0;39m &amp#27;[2m:&amp#27;[0;39m Response: org.h2.result.LocalResult@f48a080 columns: 1 rows: 1 pos: -1
&amp#27;[2m2025-08-17T20:20:19.686+01:00&amp#27;[0;39m &amp#27;[32mDEBUG&amp#27;[0;39m &amp#27;[35m32373&amp#27;[0;39m &amp#27;[2m---&amp#27;[0;39m &amp#27;[2m[transferer] [           main]&amp#27;[0;39m &amp#27;[2m&amp#27;[0;39m&amp#27;[36mo.s.r2dbc.core.DefaultDatabaseClient    &amp#27;[0;39m &amp#27;[2m:&amp#27;[0;39m Executing SQL statement [DELETE FROM transactions]
&amp#27;[2m2025-08-17T20:20:19.686+01:00&amp#27;[0;39m &amp#27;[32mDEBUG&amp#27;[0;39m &amp#27;[35m32373&amp#27;[0;39m &amp#27;[2m---&amp#27;[0;39m &amp#27;[2m[transferer] [           main]&amp#27;[0;39m &amp#27;[2m&amp#27;[0;39m&amp#27;[36mio.r2dbc.h2.client.SessionClient        &amp#27;[0;39m &amp#27;[2m:&amp#27;[0;39m Request:  DELETE FROM transactions
&amp#27;[2m2025-08-17T20:20:19.687+01:00&amp#27;[0;39m &amp#27;[32mDEBUG&amp#27;[0;39m &amp#27;[35m32373&amp#27;[0;39m &amp#27;[2m---&amp#27;[0;39m &amp#27;[2m[transferer] [           main]&amp#27;[0;39m &amp#27;[2m&amp#27;[0;39m&amp#27;[36mio.r2dbc.h2.client.SessionClient        &amp#27;[0;39m &amp#27;[2m:&amp#27;[0;39m Request:  SELECT CURRENT_TIMESTAMP
&amp#27;[2m2025-08-17T20:20:19.687+01:00&amp#27;[0;39m &amp#27;[32mDEBUG&amp#27;[0;39m &amp#27;[35m32373&amp#27;[0;39m &amp#27;[2m---&amp#27;[0;39m &amp#27;[2m[transferer] [           main]&amp#27;[0;39m &amp#27;[2m&amp#27;[0;39m&amp#27;[36mio.r2dbc.h2.client.SessionClient        &amp#27;[0;39m &amp#27;[2m:&amp#27;[0;39m Response: org.h2.result.LocalResult@401ec794 columns: 1 rows: 1 pos: -1
&amp#27;[2m2025-08-17T20:20:19.687+01:00&amp#27;[0;39m &amp#27;[32mDEBUG&amp#27;[0;39m &amp#27;[35m32373&amp#27;[0;39m &amp#27;[2m---&amp#27;[0;39m &amp#27;[2m[transferer] [           main]&amp#27;[0;39m &amp#27;[2m&amp#27;[0;39m&amp#27;[36mio.r2dbc.h2.client.SessionClient        &amp#27;[0;39m &amp#27;[2m:&amp#27;[0;39m Request:  SELECT 1
&amp#27;[2m2025-08-17T20:20:19.687+01:00&amp#27;[0;39m &amp#27;[32mDEBUG&amp#27;[0;39m &amp#27;[35m32373&amp#27;[0;39m &amp#27;[2m---&amp#27;[0;39m &amp#27;[2m[transferer] [           main]&amp#27;[0;39m &amp#27;[2m&amp#27;[0;39m&amp#27;[36mio.r2dbc.h2.client.SessionClient        &amp#27;[0;39m &amp#27;[2m:&amp#27;[0;39m Response: org.h2.result.LocalResult@d76099a columns: 1 rows: 1 pos: -1
&amp#27;[2m2025-08-17T20:20:19.687+01:00&amp#27;[0;39m &amp#27;[32mDEBUG&amp#27;[0;39m &amp#27;[35m32373&amp#27;[0;39m &amp#27;[2m---&amp#27;[0;39m &amp#27;[2m[transferer] [           main]&amp#27;[0;39m &amp#27;[2m&amp#27;[0;39m&amp#27;[36mo.s.r2dbc.core.DefaultDatabaseClient    &amp#27;[0;39m &amp#27;[2m:&amp#27;[0;39m Executing SQL statement [DELETE FROM accounts]
&amp#27;[2m2025-08-17T20:20:19.687+01:00&amp#27;[0;39m &amp#27;[32mDEBUG&amp#27;[0;39m &amp#27;[35m32373&amp#27;[0;39m &amp#27;[2m---&amp#27;[0;39m &amp#27;[2m[transferer] [           main]&amp#27;[0;39m &amp#27;[2m&amp#27;[0;39m&amp#27;[36mio.r2dbc.h2.client.SessionClient        &amp#27;[0;39m &amp#27;[2m:&amp#27;[0;39m Request:  DELETE FROM accounts
&amp#27;[2m2025-08-17T20:20:19.687+01:00&amp#27;[0;39m &amp#27;[32mDEBUG&amp#27;[0;39m &amp#27;[35m32373&amp#27;[0;39m &amp#27;[2m---&amp#27;[0;39m &amp#27;[2m[transferer] [           main]&amp#27;[0;39m &amp#27;[2m&amp#27;[0;39m&amp#27;[36mio.r2dbc.h2.client.SessionClient        &amp#27;[0;39m &amp#27;[2m:&amp#27;[0;39m Request:  SELECT CURRENT_TIMESTAMP
&amp#27;[2m2025-08-17T20:20:19.687+01:00&amp#27;[0;39m &amp#27;[32mDEBUG&amp#27;[0;39m &amp#27;[35m32373&amp#27;[0;39m &amp#27;[2m---&amp#27;[0;39m &amp#27;[2m[transferer] [           main]&amp#27;[0;39m &amp#27;[2m&amp#27;[0;39m&amp#27;[36mio.r2dbc.h2.client.SessionClient        &amp#27;[0;39m &amp#27;[2m:&amp#27;[0;39m Response: org.h2.result.LocalResult@7e1d8d41 columns: 1 rows: 1 pos: -1
&amp#27;[2m2025-08-17T20:20:19.687+01:00&amp#27;[0;39m &amp#27;[32mDEBUG&amp#27;[0;39m &amp#27;[35m32373&amp#27;[0;39m &amp#27;[2m---&amp#27;[0;39m &amp#27;[2m[transferer] [           main]&amp#27;[0;39m &amp#27;[2m&amp#27;[0;39m&amp#27;[36mio.r2dbc.h2.client.SessionClient        &amp#27;[0;39m &amp#27;[2m:&amp#27;[0;39m Request:  SELECT 1
&amp#27;[2m2025-08-17T20:20:19.687+01:00&amp#27;[0;39m &amp#27;[32mDEBUG&amp#27;[0;39m &amp#27;[35m32373&amp#27;[0;39m &amp#27;[2m---&amp#27;[0;39m &amp#27;[2m[transferer] [           main]&amp#27;[0;39m &amp#27;[2m&amp#27;[0;39m&amp#27;[36mio.r2dbc.h2.client.SessionClient        &amp#27;[0;39m &amp#27;[2m:&amp#27;[0;39m Response: org.h2.result.LocalResult@4809c771 columns: 1 rows: 1 pos: -1
&amp#27;[2m2025-08-17T20:20:19.687+01:00&amp#27;[0;39m &amp#27;[32mDEBUG&amp#27;[0;39m &amp#27;[35m32373&amp#27;[0;39m &amp#27;[2m---&amp#27;[0;39m &amp#27;[2m[transferer] [           main]&amp#27;[0;39m &amp#27;[2m&amp#27;[0;39m&amp#27;[36mo.s.r2dbc.core.DefaultDatabaseClient    &amp#27;[0;39m &amp#27;[2m:&amp#27;[0;39m Executing SQL statement [DELETE FROM outbox_events]
&amp#27;[2m2025-08-17T20:20:19.688+01:00&amp#27;[0;39m &amp#27;[32mDEBUG&amp#27;[0;39m &amp#27;[35m32373&amp#27;[0;39m &amp#27;[2m---&amp#27;[0;39m &amp#27;[2m[transferer] [           main]&amp#27;[0;39m &amp#27;[2m&amp#27;[0;39m&amp#27;[36mio.r2dbc.h2.client.SessionClient        &amp#27;[0;39m &amp#27;[2m:&amp#27;[0;39m Request:  DELETE FROM outbox_events
&amp#27;[2m2025-08-17T20:20:19.688+01:00&amp#27;[0;39m &amp#27;[32mDEBUG&amp#27;[0;39m &amp#27;[35m32373&amp#27;[0;39m &amp#27;[2m---&amp#27;[0;39m &amp#27;[2m[transferer] [           main]&amp#27;[0;39m &amp#27;[2m&amp#27;[0;39m&amp#27;[36mio.r2dbc.h2.client.SessionClient        &amp#27;[0;39m &amp#27;[2m:&amp#27;[0;39m Request:  SELECT CURRENT_TIMESTAMP
&amp#27;[2m2025-08-17T20:20:19.688+01:00&amp#27;[0;39m &amp#27;[32mDEBUG&amp#27;[0;39m &amp#27;[35m32373&amp#27;[0;39m &amp#27;[2m---&amp#27;[0;39m &amp#27;[2m[transferer] [           main]&amp#27;[0;39m &amp#27;[2m&amp#27;[0;39m&amp#27;[36mio.r2dbc.h2.client.SessionClient        &amp#27;[0;39m &amp#27;[2m:&amp#27;[0;39m Response: org.h2.result.LocalResult@359e27d2 columns: 1 rows: 1 pos: -1
]]></system-out>
    <system-err><![CDATA[WARNING: A Java agent has been loaded dynamically (/Users/bendrawer/.m2/repository/net/bytebuddy/byte-buddy-agent/1.14.10/byte-buddy-agent-1.14.10.jar)
WARNING: If a serviceability tool is in use, please run with -XX:+EnableDynamicAgentLoading to hide this warning
WARNING: If a serviceability tool is not in use, please run with -Djdk.instrument.traceUsage for more information
WARNING: Dynamic loading of agents will be disallowed by default in a future release
]]></system-err>
  </testcase>
</testsuite>