<?xml version="1.0" encoding="UTF-8"?>
<testsuite xmlns:xsi="http://www.w3.org/2001/XMLSchema-instance" xsi:noNamespaceSchemaLocation="https://maven.apache.org/surefire/maven-surefire-plugin/xsd/surefire-test-report-3.0.xsd" version="3.0" name="com.transferer.payment.PaymentSagaDbIntegrationTest" time="1.477" tests="1" errors="0" skipped="0" failures="0">
  <properties>
    <property name="java.specification.version" value="24"/>
    <property name="sun.jnu.encoding" value="UTF-8"/>
    <property name="java.class.path" value="/Users/bendrawer/transferer/target/test-classes:/Users/bendrawer/transferer/target/classes:/Users/bendrawer/.m2/repository/org/springframework/boot/spring-boot-starter-webflux/3.2.0/spring-boot-starter-webflux-3.2.0.jar:/Users/bendrawer/.m2/repository/org/springframework/boot/spring-boot-starter/3.2.0/spring-boot-starter-3.2.0.jar:/Users/bendrawer/.m2/repository/org/springframework/boot/spring-boot/3.2.0/spring-boot-3.2.0.jar:/Users/bendrawer/.m2/repository/org/springframework/boot/spring-boot-starter-logging/3.2.0/spring-boot-starter-logging-3.2.0.jar:/Users/bendrawer/.m2/repository/ch/qos/logback/logback-classic/1.4.11/logback-classic-1.4.11.jar:/Users/bendrawer/.m2/repository/ch/qos/logback/logback-core/1.4.11/logback-core-1.4.11.jar:/Users/bendrawer/.m2/repository/org/apache/logging/log4j/log4j-to-slf4j/2.21.1/log4j-to-slf4j-2.21.1.jar:/Users/bendrawer/.m2/repository/org/apache/logging/log4j/log4j-api/2.21.1/log4j-api-2.21.1.jar:/Users/bendrawer/.m2/repository/org/slf4j/jul-to-slf4j/2.0.9/jul-to-slf4j-2.0.9.jar:/Users/bendrawer/.m2/repository/jakarta/annotation/jakarta.annotation-api/2.1.1/jakarta.annotation-api-2.1.1.jar:/Users/bendrawer/.m2/repository/org/yaml/snakeyaml/2.2/snakeyaml-2.2.jar:/Users/bendrawer/.m2/repository/org/springframework/boot/spring-boot-starter-json/3.2.0/spring-boot-starter-json-3.2.0.jar:/Users/bendrawer/.m2/repository/com/fasterxml/jackson/core/jackson-databind/2.15.3/jackson-databind-2.15.3.jar:/Users/bendrawer/.m2/repository/com/fasterxml/jackson/core/jackson-annotations/2.15.3/jackson-annotations-2.15.3.jar:/Users/bendrawer/.m2/repository/com/fasterxml/jackson/core/jackson-core/2.15.3/jackson-core-2.15.3.jar:/Users/bendrawer/.m2/repository/com/fasterxml/jackson/datatype/jackson-datatype-jdk8/2.15.3/jackson-datatype-jdk8-2.15.3.jar:/Users/bendrawer/.m2/repository/com/fasterxml/jackson/datatype/jackson-datatype-jsr310/2.15.3/jackson-datatype-jsr310-2.15.3.jar:/Users/bendrawer/.m2/repository/com/fasterxml/jackson/module/jackson-module-parameter-names/2.15.3/jackson-module-parameter-names-2.15.3.jar:/Users/bendrawer/.m2/repository/org/springframework/boot/spring-boot-starter-reactor-netty/3.2.0/spring-boot-starter-reactor-netty-3.2.0.jar:/Users/bendrawer/.m2/repository/io/projectreactor/netty/reactor-netty-http/1.1.13/reactor-netty-http-1.1.13.jar:/Users/bendrawer/.m2/repository/io/netty/netty-codec-http/4.1.101.Final/netty-codec-http-4.1.101.Final.jar:/Users/bendrawer/.m2/repository/io/netty/netty-codec-http2/4.1.101.Final/netty-codec-http2-4.1.101.Final.jar:/Users/bendrawer/.m2/repository/org/springframework/spring-web/6.1.1/spring-web-6.1.1.jar:/Users/bendrawer/.m2/repository/org/springframework/spring-beans/6.1.1/spring-beans-6.1.1.jar:/Users/bendrawer/.m2/repository/io/micrometer/micrometer-observation/1.12.0/micrometer-observation-1.12.0.jar:/Users/bendrawer/.m2/repository/io/micrometer/micrometer-commons/1.12.0/micrometer-commons-1.12.0.jar:/Users/bendrawer/.m2/repository/org/springframework/spring-webflux/6.1.1/spring-webflux-6.1.1.jar:/Users/bendrawer/.m2/repository/org/springframework/boot/spring-boot-starter-data-r2dbc/3.2.0/spring-boot-starter-data-r2dbc-3.2.0.jar:/Users/bendrawer/.m2/repository/org/springframework/data/spring-data-r2dbc/3.2.0/spring-data-r2dbc-3.2.0.jar:/Users/bendrawer/.m2/repository/org/springframework/data/spring-data-relational/3.2.0/spring-data-relational-3.2.0.jar:/Users/bendrawer/.m2/repository/com/github/jsqlparser/jsqlparser/4.6/jsqlparser-4.6.jar:/Users/bendrawer/.m2/repository/org/springframework/data/spring-data-commons/3.2.0/spring-data-commons-3.2.0.jar:/Users/bendrawer/.m2/repository/org/springframework/spring-tx/6.1.1/spring-tx-6.1.1.jar:/Users/bendrawer/.m2/repository/org/springframework/spring-context/6.1.1/spring-context-6.1.1.jar:/Users/bendrawer/.m2/repository/org/springframework/spring-aop/6.1.1/spring-aop-6.1.1.jar:/Users/bendrawer/.m2/repository/org/springframework/spring-expression/6.1.1/spring-expression-6.1.1.jar:/Users/bendrawer/.m2/repository/org/springframework/spring-jdbc/6.1.1/spring-jdbc-6.1.1.jar:/Users/bendrawer/.m2/repository/org/springframework/spring-r2dbc/6.1.1/spring-r2dbc-6.1.1.jar:/Users/bendrawer/.m2/repository/org/slf4j/slf4j-api/2.0.9/slf4j-api-2.0.9.jar:/Users/bendrawer/.m2/repository/io/r2dbc/r2dbc-spi/1.0.0.RELEASE/r2dbc-spi-1.0.0.RELEASE.jar:/Users/bendrawer/.m2/repository/org/reactivestreams/reactive-streams/1.0.4/reactive-streams-1.0.4.jar:/Users/bendrawer/.m2/repository/io/r2dbc/r2dbc-pool/1.0.1.RELEASE/r2dbc-pool-1.0.1.RELEASE.jar:/Users/bendrawer/.m2/repository/io/projectreactor/addons/reactor-pool/1.0.3/reactor-pool-1.0.3.jar:/Users/bendrawer/.m2/repository/org/springframework/boot/spring-boot-starter-validation/3.2.0/spring-boot-starter-validation-3.2.0.jar:/Users/bendrawer/.m2/repository/org/apache/tomcat/embed/tomcat-embed-el/10.1.16/tomcat-embed-el-10.1.16.jar:/Users/bendrawer/.m2/repository/org/hibernate/validator/hibernate-validator/8.0.1.Final/hibernate-validator-8.0.1.Final.jar:/Users/bendrawer/.m2/repository/jakarta/validation/jakarta.validation-api/3.0.2/jakarta.validation-api-3.0.2.jar:/Users/bendrawer/.m2/repository/org/jboss/logging/jboss-logging/3.5.3.Final/jboss-logging-3.5.3.Final.jar:/Users/bendrawer/.m2/repository/com/fasterxml/classmate/1.6.0/classmate-1.6.0.jar:/Users/bendrawer/.m2/repository/io/r2dbc/r2dbc-h2/1.0.0.RELEASE/r2dbc-h2-1.0.0.RELEASE.jar:/Users/bendrawer/.m2/repository/com/h2database/h2/2.2.224/h2-2.2.224.jar:/Users/bendrawer/.m2/repository/io/projectreactor/reactor-core/3.6.0/reactor-core-3.6.0.jar:/Users/bendrawer/.m2/repository/org/postgresql/r2dbc-postgresql/1.0.2.RELEASE/r2dbc-postgresql-1.0.2.RELEASE.jar:/Users/bendrawer/.m2/repository/com/ongres/scram/client/2.1/client-2.1.jar:/Users/bendrawer/.m2/repository/com/ongres/scram/common/2.1/common-2.1.jar:/Users/bendrawer/.m2/repository/com/ongres/stringprep/saslprep/1.1/saslprep-1.1.jar:/Users/bendrawer/.m2/repository/com/ongres/stringprep/stringprep/1.1/stringprep-1.1.jar:/Users/bendrawer/.m2/repository/io/projectreactor/netty/reactor-netty-core/1.1.13/reactor-netty-core-1.1.13.jar:/Users/bendrawer/.m2/repository/io/netty/netty-handler/4.1.101.Final/netty-handler-4.1.101.Final.jar:/Users/bendrawer/.m2/repository/io/netty/netty-common/4.1.101.Final/netty-common-4.1.101.Final.jar:/Users/bendrawer/.m2/repository/io/netty/netty-resolver/4.1.101.Final/netty-resolver-4.1.101.Final.jar:/Users/bendrawer/.m2/repository/io/netty/netty-buffer/4.1.101.Final/netty-buffer-4.1.101.Final.jar:/Users/bendrawer/.m2/repository/io/netty/netty-transport/4.1.101.Final/netty-transport-4.1.101.Final.jar:/Users/bendrawer/.m2/repository/io/netty/netty-transport-native-unix-common/4.1.101.Final/netty-transport-native-unix-common-4.1.101.Final.jar:/Users/bendrawer/.m2/repository/io/netty/netty-codec/4.1.101.Final/netty-codec-4.1.101.Final.jar:/Users/bendrawer/.m2/repository/io/netty/netty-handler-proxy/4.1.101.Final/netty-handler-proxy-4.1.101.Final.jar:/Users/bendrawer/.m2/repository/io/netty/netty-codec-socks/4.1.101.Final/netty-codec-socks-4.1.101.Final.jar:/Users/bendrawer/.m2/repository/io/netty/netty-resolver-dns/4.1.101.Final/netty-resolver-dns-4.1.101.Final.jar:/Users/bendrawer/.m2/repository/io/netty/netty-codec-dns/4.1.101.Final/netty-codec-dns-4.1.101.Final.jar:/Users/bendrawer/.m2/repository/io/netty/netty-resolver-dns-native-macos/4.1.101.Final/netty-resolver-dns-native-macos-4.1.101.Final-osx-x86_64.jar:/Users/bendrawer/.m2/repository/io/netty/netty-resolver-dns-classes-macos/4.1.101.Final/netty-resolver-dns-classes-macos-4.1.101.Final.jar:/Users/bendrawer/.m2/repository/io/netty/netty-transport-native-epoll/4.1.101.Final/netty-transport-native-epoll-4.1.101.Final-linux-x86_64.jar:/Users/bendrawer/.m2/repository/io/netty/netty-transport-classes-epoll/4.1.101.Final/netty-transport-classes-epoll-4.1.101.Final.jar:/Users/bendrawer/.m2/repository/org/springframework/boot/spring-boot-starter-test/3.2.0/spring-boot-starter-test-3.2.0.jar:/Users/bendrawer/.m2/repository/org/springframework/boot/spring-boot-test/3.2.0/spring-boot-test-3.2.0.jar:/Users/bendrawer/.m2/repository/org/springframework/boot/spring-boot-test-autoconfigure/3.2.0/spring-boot-test-autoconfigure-3.2.0.jar:/Users/bendrawer/.m2/repository/com/jayway/jsonpath/json-path/2.8.0/json-path-2.8.0.jar:/Users/bendrawer/.m2/repository/jakarta/xml/bind/jakarta.xml.bind-api/4.0.1/jakarta.xml.bind-api-4.0.1.jar:/Users/bendrawer/.m2/repository/jakarta/activation/jakarta.activation-api/2.1.2/jakarta.activation-api-2.1.2.jar:/Users/bendrawer/.m2/repository/net/minidev/json-smart/2.5.0/json-smart-2.5.0.jar:/Users/bendrawer/.m2/repository/net/minidev/accessors-smart/2.5.0/accessors-smart-2.5.0.jar:/Users/bendrawer/.m2/repository/org/ow2/asm/asm/9.3/asm-9.3.jar:/Users/bendrawer/.m2/repository/org/assertj/assertj-core/3.24.2/assertj-core-3.24.2.jar:/Users/bendrawer/.m2/repository/net/bytebuddy/byte-buddy/1.14.10/byte-buddy-1.14.10.jar:/Users/bendrawer/.m2/repository/org/awaitility/awaitility/4.2.0/awaitility-4.2.0.jar:/Users/bendrawer/.m2/repository/org/hamcrest/hamcrest/2.2/hamcrest-2.2.jar:/Users/bendrawer/.m2/repository/org/junit/jupiter/junit-jupiter/5.10.1/junit-jupiter-5.10.1.jar:/Users/bendrawer/.m2/repository/org/junit/jupiter/junit-jupiter-params/5.10.1/junit-jupiter-params-5.10.1.jar:/Users/bendrawer/.m2/repository/org/junit/jupiter/junit-jupiter-engine/5.10.1/junit-jupiter-engine-5.10.1.jar:/Users/bendrawer/.m2/repository/org/junit/platform/junit-platform-engine/1.10.1/junit-platform-engine-1.10.1.jar:/Users/bendrawer/.m2/repository/org/mockito/mockito-core/5.7.0/mockito-core-5.7.0.jar:/Users/bendrawer/.m2/repository/net/bytebuddy/byte-buddy-agent/1.14.10/byte-buddy-agent-1.14.10.jar:/Users/bendrawer/.m2/repository/org/objenesis/objenesis/3.3/objenesis-3.3.jar:/Users/bendrawer/.m2/repository/org/mockito/mockito-junit-jupiter/5.7.0/mockito-junit-jupiter-5.7.0.jar:/Users/bendrawer/.m2/repository/org/skyscreamer/jsonassert/1.5.1/jsonassert-1.5.1.jar:/Users/bendrawer/.m2/repository/com/vaadin/external/google/android-json/0.0.20131108.vaadin1/android-json-0.0.20131108.vaadin1.jar:/Users/bendrawer/.m2/repository/org/springframework/spring-core/6.1.1/spring-core-6.1.1.jar:/Users/bendrawer/.m2/repository/org/springframework/spring-jcl/6.1.1/spring-jcl-6.1.1.jar:/Users/bendrawer/.m2/repository/org/springframework/spring-test/6.1.1/spring-test-6.1.1.jar:/Users/bendrawer/.m2/repository/org/xmlunit/xmlunit-core/2.9.1/xmlunit-core-2.9.1.jar:/Users/bendrawer/.m2/repository/io/projectreactor/reactor-test/3.6.0/reactor-test-3.6.0.jar:/Users/bendrawer/.m2/repository/org/springframework/boot/spring-boot-testcontainers/3.2.0/spring-boot-testcontainers-3.2.0.jar:/Users/bendrawer/.m2/repository/org/springframework/boot/spring-boot-autoconfigure/3.2.0/spring-boot-autoconfigure-3.2.0.jar:/Users/bendrawer/.m2/repository/org/testcontainers/testcontainers/1.19.3/testcontainers-1.19.3.jar:/Users/bendrawer/.m2/repository/junit/junit/4.13.2/junit-4.13.2.jar:/Users/bendrawer/.m2/repository/org/hamcrest/hamcrest-core/2.2/hamcrest-core-2.2.jar:/Users/bendrawer/.m2/repository/org/apache/commons/commons-compress/1.24.0/commons-compress-1.24.0.jar:/Users/bendrawer/.m2/repository/org/rnorth/duct-tape/duct-tape/1.0.8/duct-tape-1.0.8.jar:/Users/bendrawer/.m2/repository/org/jetbrains/annotations/17.0.0/annotations-17.0.0.jar:/Users/bendrawer/.m2/repository/com/github/docker-java/docker-java-api/3.3.4/docker-java-api-3.3.4.jar:/Users/bendrawer/.m2/repository/com/github/docker-java/docker-java-transport-zerodep/3.3.4/docker-java-transport-zerodep-3.3.4.jar:/Users/bendrawer/.m2/repository/com/github/docker-java/docker-java-transport/3.3.4/docker-java-transport-3.3.4.jar:/Users/bendrawer/.m2/repository/net/java/dev/jna/jna/5.13.0/jna-5.13.0.jar:/Users/bendrawer/.m2/repository/org/testcontainers/r2dbc/1.19.3/r2dbc-1.19.3.jar:/Users/bendrawer/.m2/repository/org/testcontainers/postgresql/1.19.3/postgresql-1.19.3.jar:/Users/bendrawer/.m2/repository/org/testcontainers/jdbc/1.19.3/jdbc-1.19.3.jar:/Users/bendrawer/.m2/repository/org/testcontainers/database-commons/1.19.3/database-commons-1.19.3.jar:/Users/bendrawer/.m2/repository/org/testcontainers/junit-jupiter/1.19.3/junit-jupiter-1.19.3.jar:/Users/bendrawer/.m2/repository/org/junit/jupiter/junit-jupiter-api/5.10.1/junit-jupiter-api-5.10.1.jar:/Users/bendrawer/.m2/repository/org/opentest4j/opentest4j/1.3.0/opentest4j-1.3.0.jar:/Users/bendrawer/.m2/repository/org/junit/platform/junit-platform-commons/1.10.1/junit-platform-commons-1.10.1.jar:/Users/bendrawer/.m2/repository/org/apiguardian/apiguardian-api/1.1.2/apiguardian-api-1.1.2.jar:"/>
    <property name="java.vm.vendor" value="Homebrew"/>
    <property name="sun.arch.data.model" value="64"/>
    <property name="java.vendor.url" value="https://github.com/Homebrew/homebrew-core/issues"/>
    <property name="user.timezone" value="Europe/London"/>
    <property name="org.jboss.logging.provider" value="slf4j"/>
    <property name="os.name" value="Mac OS X"/>
    <property name="java.vm.specification.version" value="24"/>
    <property name="sun.java.launcher" value="SUN_STANDARD"/>
    <property name="user.country" value="GB"/>
    <property name="sun.boot.library.path" value="/opt/homebrew/Cellar/openjdk/24.0.2/libexec/openjdk.jdk/Contents/Home/lib"/>
    <property name="sun.java.command" value="/Users/bendrawer/transferer/target/surefire/surefirebooter-20250817131020656_3.jar /Users/bendrawer/transferer/target/surefire 2025-08-17T13-10-20_626-jvmRun1 surefire-20250817131020656_1tmp surefire_0-20250817131020656_2tmp"/>
    <property name="http.nonProxyHosts" value="local|*.local|169.254/16|*.169.254/16"/>
    <property name="jdk.debug" value="release"/>
    <property name="test" value="PaymentSagaDbIntegrationTest#should_initiate_payment_and_persist_to_database"/>
    <property name="surefire.test.class.path" value="/Users/bendrawer/transferer/target/test-classes:/Users/bendrawer/transferer/target/classes:/Users/bendrawer/.m2/repository/org/springframework/boot/spring-boot-starter-webflux/3.2.0/spring-boot-starter-webflux-3.2.0.jar:/Users/bendrawer/.m2/repository/org/springframework/boot/spring-boot-starter/3.2.0/spring-boot-starter-3.2.0.jar:/Users/bendrawer/.m2/repository/org/springframework/boot/spring-boot/3.2.0/spring-boot-3.2.0.jar:/Users/bendrawer/.m2/repository/org/springframework/boot/spring-boot-starter-logging/3.2.0/spring-boot-starter-logging-3.2.0.jar:/Users/bendrawer/.m2/repository/ch/qos/logback/logback-classic/1.4.11/logback-classic-1.4.11.jar:/Users/bendrawer/.m2/repository/ch/qos/logback/logback-core/1.4.11/logback-core-1.4.11.jar:/Users/bendrawer/.m2/repository/org/apache/logging/log4j/log4j-to-slf4j/2.21.1/log4j-to-slf4j-2.21.1.jar:/Users/bendrawer/.m2/repository/org/apache/logging/log4j/log4j-api/2.21.1/log4j-api-2.21.1.jar:/Users/bendrawer/.m2/repository/org/slf4j/jul-to-slf4j/2.0.9/jul-to-slf4j-2.0.9.jar:/Users/bendrawer/.m2/repository/jakarta/annotation/jakarta.annotation-api/2.1.1/jakarta.annotation-api-2.1.1.jar:/Users/bendrawer/.m2/repository/org/yaml/snakeyaml/2.2/snakeyaml-2.2.jar:/Users/bendrawer/.m2/repository/org/springframework/boot/spring-boot-starter-json/3.2.0/spring-boot-starter-json-3.2.0.jar:/Users/bendrawer/.m2/repository/com/fasterxml/jackson/core/jackson-databind/2.15.3/jackson-databind-2.15.3.jar:/Users/bendrawer/.m2/repository/com/fasterxml/jackson/core/jackson-annotations/2.15.3/jackson-annotations-2.15.3.jar:/Users/bendrawer/.m2/repository/com/fasterxml/jackson/core/jackson-core/2.15.3/jackson-core-2.15.3.jar:/Users/bendrawer/.m2/repository/com/fasterxml/jackson/datatype/jackson-datatype-jdk8/2.15.3/jackson-datatype-jdk8-2.15.3.jar:/Users/bendrawer/.m2/repository/com/fasterxml/jackson/datatype/jackson-datatype-jsr310/2.15.3/jackson-datatype-jsr310-2.15.3.jar:/Users/bendrawer/.m2/repository/com/fasterxml/jackson/module/jackson-module-parameter-names/2.15.3/jackson-module-parameter-names-2.15.3.jar:/Users/bendrawer/.m2/repository/org/springframework/boot/spring-boot-starter-reactor-netty/3.2.0/spring-boot-starter-reactor-netty-3.2.0.jar:/Users/bendrawer/.m2/repository/io/projectreactor/netty/reactor-netty-http/1.1.13/reactor-netty-http-1.1.13.jar:/Users/bendrawer/.m2/repository/io/netty/netty-codec-http/4.1.101.Final/netty-codec-http-4.1.101.Final.jar:/Users/bendrawer/.m2/repository/io/netty/netty-codec-http2/4.1.101.Final/netty-codec-http2-4.1.101.Final.jar:/Users/bendrawer/.m2/repository/org/springframework/spring-web/6.1.1/spring-web-6.1.1.jar:/Users/bendrawer/.m2/repository/org/springframework/spring-beans/6.1.1/spring-beans-6.1.1.jar:/Users/bendrawer/.m2/repository/io/micrometer/micrometer-observation/1.12.0/micrometer-observation-1.12.0.jar:/Users/bendrawer/.m2/repository/io/micrometer/micrometer-commons/1.12.0/micrometer-commons-1.12.0.jar:/Users/bendrawer/.m2/repository/org/springframework/spring-webflux/6.1.1/spring-webflux-6.1.1.jar:/Users/bendrawer/.m2/repository/org/springframework/boot/spring-boot-starter-data-r2dbc/3.2.0/spring-boot-starter-data-r2dbc-3.2.0.jar:/Users/bendrawer/.m2/repository/org/springframework/data/spring-data-r2dbc/3.2.0/spring-data-r2dbc-3.2.0.jar:/Users/bendrawer/.m2/repository/org/springframework/data/spring-data-relational/3.2.0/spring-data-relational-3.2.0.jar:/Users/bendrawer/.m2/repository/com/github/jsqlparser/jsqlparser/4.6/jsqlparser-4.6.jar:/Users/bendrawer/.m2/repository/org/springframework/data/spring-data-commons/3.2.0/spring-data-commons-3.2.0.jar:/Users/bendrawer/.m2/repository/org/springframework/spring-tx/6.1.1/spring-tx-6.1.1.jar:/Users/bendrawer/.m2/repository/org/springframework/spring-context/6.1.1/spring-context-6.1.1.jar:/Users/bendrawer/.m2/repository/org/springframework/spring-aop/6.1.1/spring-aop-6.1.1.jar:/Users/bendrawer/.m2/repository/org/springframework/spring-expression/6.1.1/spring-expression-6.1.1.jar:/Users/bendrawer/.m2/repository/org/springframework/spring-jdbc/6.1.1/spring-jdbc-6.1.1.jar:/Users/bendrawer/.m2/repository/org/springframework/spring-r2dbc/6.1.1/spring-r2dbc-6.1.1.jar:/Users/bendrawer/.m2/repository/org/slf4j/slf4j-api/2.0.9/slf4j-api-2.0.9.jar:/Users/bendrawer/.m2/repository/io/r2dbc/r2dbc-spi/1.0.0.RELEASE/r2dbc-spi-1.0.0.RELEASE.jar:/Users/bendrawer/.m2/repository/org/reactivestreams/reactive-streams/1.0.4/reactive-streams-1.0.4.jar:/Users/bendrawer/.m2/repository/io/r2dbc/r2dbc-pool/1.0.1.RELEASE/r2dbc-pool-1.0.1.RELEASE.jar:/Users/bendrawer/.m2/repository/io/projectreactor/addons/reactor-pool/1.0.3/reactor-pool-1.0.3.jar:/Users/bendrawer/.m2/repository/org/springframework/boot/spring-boot-starter-validation/3.2.0/spring-boot-starter-validation-3.2.0.jar:/Users/bendrawer/.m2/repository/org/apache/tomcat/embed/tomcat-embed-el/10.1.16/tomcat-embed-el-10.1.16.jar:/Users/bendrawer/.m2/repository/org/hibernate/validator/hibernate-validator/8.0.1.Final/hibernate-validator-8.0.1.Final.jar:/Users/bendrawer/.m2/repository/jakarta/validation/jakarta.validation-api/3.0.2/jakarta.validation-api-3.0.2.jar:/Users/bendrawer/.m2/repository/org/jboss/logging/jboss-logging/3.5.3.Final/jboss-logging-3.5.3.Final.jar:/Users/bendrawer/.m2/repository/com/fasterxml/classmate/1.6.0/classmate-1.6.0.jar:/Users/bendrawer/.m2/repository/io/r2dbc/r2dbc-h2/1.0.0.RELEASE/r2dbc-h2-1.0.0.RELEASE.jar:/Users/bendrawer/.m2/repository/com/h2database/h2/2.2.224/h2-2.2.224.jar:/Users/bendrawer/.m2/repository/io/projectreactor/reactor-core/3.6.0/reactor-core-3.6.0.jar:/Users/bendrawer/.m2/repository/org/postgresql/r2dbc-postgresql/1.0.2.RELEASE/r2dbc-postgresql-1.0.2.RELEASE.jar:/Users/bendrawer/.m2/repository/com/ongres/scram/client/2.1/client-2.1.jar:/Users/bendrawer/.m2/repository/com/ongres/scram/common/2.1/common-2.1.jar:/Users/bendrawer/.m2/repository/com/ongres/stringprep/saslprep/1.1/saslprep-1.1.jar:/Users/bendrawer/.m2/repository/com/ongres/stringprep/stringprep/1.1/stringprep-1.1.jar:/Users/bendrawer/.m2/repository/io/projectreactor/netty/reactor-netty-core/1.1.13/reactor-netty-core-1.1.13.jar:/Users/bendrawer/.m2/repository/io/netty/netty-handler/4.1.101.Final/netty-handler-4.1.101.Final.jar:/Users/bendrawer/.m2/repository/io/netty/netty-common/4.1.101.Final/netty-common-4.1.101.Final.jar:/Users/bendrawer/.m2/repository/io/netty/netty-resolver/4.1.101.Final/netty-resolver-4.1.101.Final.jar:/Users/bendrawer/.m2/repository/io/netty/netty-buffer/4.1.101.Final/netty-buffer-4.1.101.Final.jar:/Users/bendrawer/.m2/repository/io/netty/netty-transport/4.1.101.Final/netty-transport-4.1.101.Final.jar:/Users/bendrawer/.m2/repository/io/netty/netty-transport-native-unix-common/4.1.101.Final/netty-transport-native-unix-common-4.1.101.Final.jar:/Users/bendrawer/.m2/repository/io/netty/netty-codec/4.1.101.Final/netty-codec-4.1.101.Final.jar:/Users/bendrawer/.m2/repository/io/netty/netty-handler-proxy/4.1.101.Final/netty-handler-proxy-4.1.101.Final.jar:/Users/bendrawer/.m2/repository/io/netty/netty-codec-socks/4.1.101.Final/netty-codec-socks-4.1.101.Final.jar:/Users/bendrawer/.m2/repository/io/netty/netty-resolver-dns/4.1.101.Final/netty-resolver-dns-4.1.101.Final.jar:/Users/bendrawer/.m2/repository/io/netty/netty-codec-dns/4.1.101.Final/netty-codec-dns-4.1.101.Final.jar:/Users/bendrawer/.m2/repository/io/netty/netty-resolver-dns-native-macos/4.1.101.Final/netty-resolver-dns-native-macos-4.1.101.Final-osx-x86_64.jar:/Users/bendrawer/.m2/repository/io/netty/netty-resolver-dns-classes-macos/4.1.101.Final/netty-resolver-dns-classes-macos-4.1.101.Final.jar:/Users/bendrawer/.m2/repository/io/netty/netty-transport-native-epoll/4.1.101.Final/netty-transport-native-epoll-4.1.101.Final-linux-x86_64.jar:/Users/bendrawer/.m2/repository/io/netty/netty-transport-classes-epoll/4.1.101.Final/netty-transport-classes-epoll-4.1.101.Final.jar:/Users/bendrawer/.m2/repository/org/springframework/boot/spring-boot-starter-test/3.2.0/spring-boot-starter-test-3.2.0.jar:/Users/bendrawer/.m2/repository/org/springframework/boot/spring-boot-test/3.2.0/spring-boot-test-3.2.0.jar:/Users/bendrawer/.m2/repository/org/springframework/boot/spring-boot-test-autoconfigure/3.2.0/spring-boot-test-autoconfigure-3.2.0.jar:/Users/bendrawer/.m2/repository/com/jayway/jsonpath/json-path/2.8.0/json-path-2.8.0.jar:/Users/bendrawer/.m2/repository/jakarta/xml/bind/jakarta.xml.bind-api/4.0.1/jakarta.xml.bind-api-4.0.1.jar:/Users/bendrawer/.m2/repository/jakarta/activation/jakarta.activation-api/2.1.2/jakarta.activation-api-2.1.2.jar:/Users/bendrawer/.m2/repository/net/minidev/json-smart/2.5.0/json-smart-2.5.0.jar:/Users/bendrawer/.m2/repository/net/minidev/accessors-smart/2.5.0/accessors-smart-2.5.0.jar:/Users/bendrawer/.m2/repository/org/ow2/asm/asm/9.3/asm-9.3.jar:/Users/bendrawer/.m2/repository/org/assertj/assertj-core/3.24.2/assertj-core-3.24.2.jar:/Users/bendrawer/.m2/repository/net/bytebuddy/byte-buddy/1.14.10/byte-buddy-1.14.10.jar:/Users/bendrawer/.m2/repository/org/awaitility/awaitility/4.2.0/awaitility-4.2.0.jar:/Users/bendrawer/.m2/repository/org/hamcrest/hamcrest/2.2/hamcrest-2.2.jar:/Users/bendrawer/.m2/repository/org/junit/jupiter/junit-jupiter/5.10.1/junit-jupiter-5.10.1.jar:/Users/bendrawer/.m2/repository/org/junit/jupiter/junit-jupiter-params/5.10.1/junit-jupiter-params-5.10.1.jar:/Users/bendrawer/.m2/repository/org/junit/jupiter/junit-jupiter-engine/5.10.1/junit-jupiter-engine-5.10.1.jar:/Users/bendrawer/.m2/repository/org/junit/platform/junit-platform-engine/1.10.1/junit-platform-engine-1.10.1.jar:/Users/bendrawer/.m2/repository/org/mockito/mockito-core/5.7.0/mockito-core-5.7.0.jar:/Users/bendrawer/.m2/repository/net/bytebuddy/byte-buddy-agent/1.14.10/byte-buddy-agent-1.14.10.jar:/Users/bendrawer/.m2/repository/org/objenesis/objenesis/3.3/objenesis-3.3.jar:/Users/bendrawer/.m2/repository/org/mockito/mockito-junit-jupiter/5.7.0/mockito-junit-jupiter-5.7.0.jar:/Users/bendrawer/.m2/repository/org/skyscreamer/jsonassert/1.5.1/jsonassert-1.5.1.jar:/Users/bendrawer/.m2/repository/com/vaadin/external/google/android-json/0.0.20131108.vaadin1/android-json-0.0.20131108.vaadin1.jar:/Users/bendrawer/.m2/repository/org/springframework/spring-core/6.1.1/spring-core-6.1.1.jar:/Users/bendrawer/.m2/repository/org/springframework/spring-jcl/6.1.1/spring-jcl-6.1.1.jar:/Users/bendrawer/.m2/repository/org/springframework/spring-test/6.1.1/spring-test-6.1.1.jar:/Users/bendrawer/.m2/repository/org/xmlunit/xmlunit-core/2.9.1/xmlunit-core-2.9.1.jar:/Users/bendrawer/.m2/repository/io/projectreactor/reactor-test/3.6.0/reactor-test-3.6.0.jar:/Users/bendrawer/.m2/repository/org/springframework/boot/spring-boot-testcontainers/3.2.0/spring-boot-testcontainers-3.2.0.jar:/Users/bendrawer/.m2/repository/org/springframework/boot/spring-boot-autoconfigure/3.2.0/spring-boot-autoconfigure-3.2.0.jar:/Users/bendrawer/.m2/repository/org/testcontainers/testcontainers/1.19.3/testcontainers-1.19.3.jar:/Users/bendrawer/.m2/repository/junit/junit/4.13.2/junit-4.13.2.jar:/Users/bendrawer/.m2/repository/org/hamcrest/hamcrest-core/2.2/hamcrest-core-2.2.jar:/Users/bendrawer/.m2/repository/org/apache/commons/commons-compress/1.24.0/commons-compress-1.24.0.jar:/Users/bendrawer/.m2/repository/org/rnorth/duct-tape/duct-tape/1.0.8/duct-tape-1.0.8.jar:/Users/bendrawer/.m2/repository/org/jetbrains/annotations/17.0.0/annotations-17.0.0.jar:/Users/bendrawer/.m2/repository/com/github/docker-java/docker-java-api/3.3.4/docker-java-api-3.3.4.jar:/Users/bendrawer/.m2/repository/com/github/docker-java/docker-java-transport-zerodep/3.3.4/docker-java-transport-zerodep-3.3.4.jar:/Users/bendrawer/.m2/repository/com/github/docker-java/docker-java-transport/3.3.4/docker-java-transport-3.3.4.jar:/Users/bendrawer/.m2/repository/net/java/dev/jna/jna/5.13.0/jna-5.13.0.jar:/Users/bendrawer/.m2/repository/org/testcontainers/r2dbc/1.19.3/r2dbc-1.19.3.jar:/Users/bendrawer/.m2/repository/org/testcontainers/postgresql/1.19.3/postgresql-1.19.3.jar:/Users/bendrawer/.m2/repository/org/testcontainers/jdbc/1.19.3/jdbc-1.19.3.jar:/Users/bendrawer/.m2/repository/org/testcontainers/database-commons/1.19.3/database-commons-1.19.3.jar:/Users/bendrawer/.m2/repository/org/testcontainers/junit-jupiter/1.19.3/junit-jupiter-1.19.3.jar:/Users/bendrawer/.m2/repository/org/junit/jupiter/junit-jupiter-api/5.10.1/junit-jupiter-api-5.10.1.jar:/Users/bendrawer/.m2/repository/org/opentest4j/opentest4j/1.3.0/opentest4j-1.3.0.jar:/Users/bendrawer/.m2/repository/org/junit/platform/junit-platform-commons/1.10.1/junit-platform-commons-1.10.1.jar:/Users/bendrawer/.m2/repository/org/apiguardian/apiguardian-api/1.1.2/apiguardian-api-1.1.2.jar:"/>
    <property name="sun.cpu.endian" value="little"/>
    <property name="user.home" value="/Users/bendrawer"/>
    <property name="user.language" value="en"/>
    <property name="java.specification.vendor" value="Oracle Corporation"/>
    <property name="java.version.date" value="2025-07-15"/>
    <property name="java.home" value="/opt/homebrew/Cellar/openjdk/24.0.2/libexec/openjdk.jdk/Contents/Home"/>
    <property name="file.separator" value="/"/>
    <property name="basedir" value="/Users/bendrawer/transferer"/>
    <property name="java.vm.compressedOopsMode" value="Zero based"/>
    <property name="line.separator" value="&#10;"/>
    <property name="java.vm.specification.vendor" value="Oracle Corporation"/>
    <property name="java.specification.name" value="Java Platform API Specification"/>
    <property name="FILE_LOG_CHARSET" value="UTF-8"/>
    <property name="java.awt.headless" value="true"/>
    <property name="apple.awt.application.name" value="ForkedBooter"/>
    <property name="surefire.real.class.path" value="/Users/bendrawer/transferer/target/surefire/surefirebooter-20250817131020656_3.jar"/>
    <property name="sun.management.compiler" value="HotSpot 64-Bit Tiered Compilers"/>
    <property name="ftp.nonProxyHosts" value="local|*.local|169.254/16|*.169.254/16"/>
    <property name="java.runtime.version" value="24.0.2"/>
    <property name="user.name" value="bendrawer"/>
    <property name="stdout.encoding" value="UTF-8"/>
    <property name="path.separator" value=":"/>
    <property name="os.version" value="15.6"/>
    <property name="java.runtime.name" value="OpenJDK Runtime Environment"/>
    <property name="file.encoding" value="UTF-8"/>
    <property name="java.vm.name" value="OpenJDK 64-Bit Server VM"/>
    <property name="java.vendor.version" value="Homebrew"/>
    <property name="localRepository" value="/Users/bendrawer/.m2/repository"/>
    <property name="java.vendor.url.bug" value="https://github.com/Homebrew/homebrew-core/issues"/>
    <property name="java.io.tmpdir" value="/var/folders/3x/5pt9nvc57kz67stjhxkyhdfw0000gn/T/"/>
    <property name="java.version" value="24.0.2"/>
    <property name="user.dir" value="/Users/bendrawer/transferer"/>
    <property name="os.arch" value="aarch64"/>
    <property name="java.vm.specification.name" value="Java Virtual Machine Specification"/>
    <property name="PID" value="19131"/>
    <property name="CONSOLE_LOG_CHARSET" value="UTF-8"/>
    <property name="native.encoding" value="UTF-8"/>
    <property name="java.library.path" value="/Users/bendrawer/Library/Java/Extensions:/Library/Java/Extensions:/Network/Library/Java/Extensions:/System/Library/Java/Extensions:/usr/lib/java:."/>
    <property name="java.vm.info" value="mixed mode, sharing"/>
    <property name="stderr.encoding" value="UTF-8"/>
    <property name="java.vendor" value="Homebrew"/>
    <property name="java.vm.version" value="24.0.2"/>
    <property name="sun.io.unicode.encoding" value="UnicodeBig"/>
    <property name="socksNonProxyHosts" value="local|*.local|169.254/16|*.169.254/16"/>
    <property name="java.class.version" value="68.0"/>
    <property name="LOGGED_APPLICATION_NAME" value="[transferer] "/>
  </properties>
  <testcase name="should_initiate_payment_and_persist_to_database" classname="com.transferer.payment.PaymentSagaDbIntegrationTest" time="0.663">
    <system-out><![CDATA[13:10:20.982 [main] INFO org.springframework.test.context.support.AnnotationConfigContextLoaderUtils -- Could not detect default configuration classes for test class [com.transferer.payment.PaymentSagaDbIntegrationTest]: PaymentSagaDbIntegrationTest does not declare any static, non-private, non-final, nested classes annotated with @Configuration.
13:10:21.043 [main] INFO org.springframework.boot.test.context.SpringBootTestContextBootstrapper -- Found @SpringBootConfiguration com.transferer.TransfererApplication for test class com.transferer.payment.PaymentSagaDbIntegrationTest

  .   ____          _            __ _ _
 /\\ / ___'_ __ _ _(_)_ __  __ _ \ \ \ \
( ( )\___ | '_ | '_| | '_ \/ _` | \ \ \ \
 \\/  ___)| |_)| | | | | || (_| |  ) ) ) )
  '  |____| .__|_| |_|_| |_\__, | / / / /
 =========|_|==============|___/=/_/_/_/
&amp#27;[32m :: Spring Boot :: &amp#27;[39m              &amp#27;[2m (v3.2.0)&amp#27;[0;39m

&amp#27;[2m2025-08-17T13:10:21.182+01:00&amp#27;[0;39m &amp#27;[32m INFO&amp#27;[0;39m &amp#27;[35m19131&amp#27;[0;39m &amp#27;[2m---&amp#27;[0;39m &amp#27;[2m[transferer] [           main]&amp#27;[0;39m &amp#27;[2m&amp#27;[0;39m&amp#27;[36mc.t.p.PaymentSagaDbIntegrationTest      &amp#27;[0;39m &amp#27;[2m:&amp#27;[0;39m Starting PaymentSagaDbIntegrationTest using Java 24.0.2 with PID 19131 (started by bendrawer in /Users/bendrawer/transferer)
&amp#27;[2m2025-08-17T13:10:21.183+01:00&amp#27;[0;39m &amp#27;[32mDEBUG&amp#27;[0;39m &amp#27;[35m19131&amp#27;[0;39m &amp#27;[2m---&amp#27;[0;39m &amp#27;[2m[transferer] [           main]&amp#27;[0;39m &amp#27;[2m&amp#27;[0;39m&amp#27;[36mc.t.p.PaymentSagaDbIntegrationTest      &amp#27;[0;39m &amp#27;[2m:&amp#27;[0;39m Running with Spring Boot v3.2.0, Spring v6.1.1
&amp#27;[2m2025-08-17T13:10:21.183+01:00&amp#27;[0;39m &amp#27;[32m INFO&amp#27;[0;39m &amp#27;[35m19131&amp#27;[0;39m &amp#27;[2m---&amp#27;[0;39m &amp#27;[2m[transferer] [           main]&amp#27;[0;39m &amp#27;[2m&amp#27;[0;39m&amp#27;[36mc.t.p.PaymentSagaDbIntegrationTest      &amp#27;[0;39m &amp#27;[2m:&amp#27;[0;39m The following 1 profile is active: "test"
&amp#27;[2m2025-08-17T13:10:21.313+01:00&amp#27;[0;39m &amp#27;[32m INFO&amp#27;[0;39m &amp#27;[35m19131&amp#27;[0;39m &amp#27;[2m---&amp#27;[0;39m &amp#27;[2m[transferer] [           main]&amp#27;[0;39m &amp#27;[2m&amp#27;[0;39m&amp#27;[36m.s.d.r.c.RepositoryConfigurationDelegate&amp#27;[0;39m &amp#27;[2m:&amp#27;[0;39m Bootstrapping Spring Data R2DBC repositories in DEFAULT mode.
&amp#27;[2m2025-08-17T13:10:21.368+01:00&amp#27;[0;39m &amp#27;[32m INFO&amp#27;[0;39m &amp#27;[35m19131&amp#27;[0;39m &amp#27;[2m---&amp#27;[0;39m &amp#27;[2m[transferer] [           main]&amp#27;[0;39m &amp#27;[2m&amp#27;[0;39m&amp#27;[36m.s.d.r.c.RepositoryConfigurationDelegate&amp#27;[0;39m &amp#27;[2m:&amp#27;[0;39m Finished Spring Data repository scanning in 53 ms. Found 4 R2DBC repository interfaces.
&amp#27;[2m2025-08-17T13:10:21.591+01:00&amp#27;[0;39m &amp#27;[32mDEBUG&amp#27;[0;39m &amp#27;[35m19131&amp#27;[0;39m &amp#27;[2m---&amp#27;[0;39m &amp#27;[2m[transferer] [           main]&amp#27;[0;39m &amp#27;[2m&amp#27;[0;39m&amp#27;[36mc.t.shared.events.InMemoryEventBus      &amp#27;[0;39m &amp#27;[2m:&amp#27;[0;39m Subscribed handler to event class: PaymentStepAdvancedEvent
&amp#27;[2m2025-08-17T13:10:21.592+01:00&amp#27;[0;39m &amp#27;[32mDEBUG&amp#27;[0;39m &amp#27;[35m19131&amp#27;[0;39m &amp#27;[2m---&amp#27;[0;39m &amp#27;[2m[transferer] [           main]&amp#27;[0;39m &amp#27;[2m&amp#27;[0;39m&amp#27;[36mc.t.shared.events.InMemoryEventBus      &amp#27;[0;39m &amp#27;[2m:&amp#27;[0;39m Subscribed handler to event class: TransactionCreatedEvent
&amp#27;[2m2025-08-17T13:10:21.592+01:00&amp#27;[0;39m &amp#27;[32mDEBUG&amp#27;[0;39m &amp#27;[35m19131&amp#27;[0;39m &amp#27;[2m---&amp#27;[0;39m &amp#27;[2m[transferer] [           main]&amp#27;[0;39m &amp#27;[2m&amp#27;[0;39m&amp#27;[36mc.t.shared.events.InMemoryEventBus      &amp#27;[0;39m &amp#27;[2m:&amp#27;[0;39m Subscribed handler to event class: AccountDebitedEvent
&amp#27;[2m2025-08-17T13:10:21.592+01:00&amp#27;[0;39m &amp#27;[32mDEBUG&amp#27;[0;39m &amp#27;[35m19131&amp#27;[0;39m &amp#27;[2m---&amp#27;[0;39m &amp#27;[2m[transferer] [           main]&amp#27;[0;39m &amp#27;[2m&amp#27;[0;39m&amp#27;[36mc.t.shared.events.InMemoryEventBus      &amp#27;[0;39m &amp#27;[2m:&amp#27;[0;39m Subscribed handler to event class: AccountCreditedEvent
&amp#27;[2m2025-08-17T13:10:21.592+01:00&amp#27;[0;39m &amp#27;[32mDEBUG&amp#27;[0;39m &amp#27;[35m19131&amp#27;[0;39m &amp#27;[2m---&amp#27;[0;39m &amp#27;[2m[transferer] [           main]&amp#27;[0;39m &amp#27;[2m&amp#27;[0;39m&amp#27;[36mc.t.shared.events.InMemoryEventBus      &amp#27;[0;39m &amp#27;[2m:&amp#27;[0;39m Subscribed handler to event class: TransactionCompletedEvent
&amp#27;[2m2025-08-17T13:10:21.592+01:00&amp#27;[0;39m &amp#27;[32mDEBUG&amp#27;[0;39m &amp#27;[35m19131&amp#27;[0;39m &amp#27;[2m---&amp#27;[0;39m &amp#27;[2m[transferer] [           main]&amp#27;[0;39m &amp#27;[2m&amp#27;[0;39m&amp#27;[36mc.t.shared.events.InMemoryEventBus      &amp#27;[0;39m &amp#27;[2m:&amp#27;[0;39m Subscribed handler to event class: PaymentFailedEvent
&amp#27;[2m2025-08-17T13:10:21.694+01:00&amp#27;[0;39m &amp#27;[32mDEBUG&amp#27;[0;39m &amp#27;[35m19131&amp#27;[0;39m &amp#27;[2m---&amp#27;[0;39m &amp#27;[2m[transferer] [       single-1]&amp#27;[0;39m &amp#27;[2m&amp#27;[0;39m&amp#27;[36mio.r2dbc.h2.client.SessionClient        &amp#27;[0;39m &amp#27;[2m:&amp#27;[0;39m Request:  CALL H2VERSION()
&amp#27;[2m2025-08-17T13:10:21.695+01:00&amp#27;[0;39m &amp#27;[32mDEBUG&amp#27;[0;39m &amp#27;[35m19131&amp#27;[0;39m &amp#27;[2m---&amp#27;[0;39m &amp#27;[2m[transferer] [       single-1]&amp#27;[0;39m &amp#27;[2m&amp#27;[0;39m&amp#27;[36mio.r2dbc.h2.client.SessionClient        &amp#27;[0;39m &amp#27;[2m:&amp#27;[0;39m Response: org.h2.result.LocalResult@d9d5ee6 columns: 1 rows: 1 pos: -1
&amp#27;[2m2025-08-17T13:10:21.699+01:00&amp#27;[0;39m &amp#27;[32mDEBUG&amp#27;[0;39m &amp#27;[35m19131&amp#27;[0;39m &amp#27;[2m---&amp#27;[0;39m &amp#27;[2m[transferer] [       single-1]&amp#27;[0;39m &amp#27;[2m&amp#27;[0;39m&amp#27;[36mio.r2dbc.h2.client.SessionClient        &amp#27;[0;39m &amp#27;[2m:&amp#27;[0;39m Request:  SELECT 1
&amp#27;[2m2025-08-17T13:10:21.700+01:00&amp#27;[0;39m &amp#27;[32mDEBUG&amp#27;[0;39m &amp#27;[35m19131&amp#27;[0;39m &amp#27;[2m---&amp#27;[0;39m &amp#27;[2m[transferer] [       single-1]&amp#27;[0;39m &amp#27;[2m&amp#27;[0;39m&amp#27;[36mio.r2dbc.h2.client.SessionClient        &amp#27;[0;39m &amp#27;[2m:&amp#27;[0;39m Response: org.h2.result.LocalResult@e72aaf9 columns: 1 rows: 1 pos: -1
&amp#27;[2m2025-08-17T13:10:21.702+01:00&amp#27;[0;39m &amp#27;[32mDEBUG&amp#27;[0;39m &amp#27;[35m19131&amp#27;[0;39m &amp#27;[2m---&amp#27;[0;39m &amp#27;[2m[transferer] [       single-1]&amp#27;[0;39m &amp#27;[2m&amp#27;[0;39m&amp#27;[36mo.s.r2dbc.connection.init.ScriptUtils   &amp#27;[0;39m &amp#27;[2m:&amp#27;[0;39m Executing SQL script from class path resource [test-schema.sql]
&amp#27;[2m2025-08-17T13:10:21.712+01:00&amp#27;[0;39m &amp#27;[32mDEBUG&amp#27;[0;39m &amp#27;[35m19131&amp#27;[0;39m &amp#27;[2m---&amp#27;[0;39m &amp#27;[2m[transferer] [       single-1]&amp#27;[0;39m &amp#27;[2m&amp#27;[0;39m&amp#27;[36mio.r2dbc.h2.client.SessionClient        &amp#27;[0;39m &amp#27;[2m:&amp#27;[0;39m Request:  CALL H2VERSION()
&amp#27;[2m2025-08-17T13:10:21.712+01:00&amp#27;[0;39m &amp#27;[32mDEBUG&amp#27;[0;39m &amp#27;[35m19131&amp#27;[0;39m &amp#27;[2m---&amp#27;[0;39m &amp#27;[2m[transferer] [       single-1]&amp#27;[0;39m &amp#27;[2m&amp#27;[0;39m&amp#27;[36mio.r2dbc.h2.client.SessionClient        &amp#27;[0;39m &amp#27;[2m:&amp#27;[0;39m Response: org.h2.result.LocalResult@1c8a55a3 columns: 1 rows: 1 pos: -1
&amp#27;[2m2025-08-17T13:10:21.712+01:00&amp#27;[0;39m &amp#27;[32mDEBUG&amp#27;[0;39m &amp#27;[35m19131&amp#27;[0;39m &amp#27;[2m---&amp#27;[0;39m &amp#27;[2m[transferer] [       single-1]&amp#27;[0;39m &amp#27;[2m&amp#27;[0;39m&amp#27;[36mio.r2dbc.h2.client.SessionClient        &amp#27;[0;39m &amp#27;[2m:&amp#27;[0;39m Request:  CALL H2VERSION()
&amp#27;[2m2025-08-17T13:10:21.712+01:00&amp#27;[0;39m &amp#27;[32mDEBUG&amp#27;[0;39m &amp#27;[35m19131&amp#27;[0;39m &amp#27;[2m---&amp#27;[0;39m &amp#27;[2m[transferer] [       single-1]&amp#27;[0;39m &amp#27;[2m&amp#27;[0;39m&amp#27;[36mio.r2dbc.h2.client.SessionClient        &amp#27;[0;39m &amp#27;[2m:&amp#27;[0;39m Response: org.h2.result.LocalResult@64f2e9ff columns: 1 rows: 1 pos: -1
&amp#27;[2m2025-08-17T13:10:21.713+01:00&amp#27;[0;39m &amp#27;[32mDEBUG&amp#27;[0;39m &amp#27;[35m19131&amp#27;[0;39m &amp#27;[2m---&amp#27;[0;39m &amp#27;[2m[transferer] [       single-1]&amp#27;[0;39m &amp#27;[2m&amp#27;[0;39m&amp#27;[36mio.r2dbc.h2.client.SessionClient        &amp#27;[0;39m &amp#27;[2m:&amp#27;[0;39m Request:  CALL H2VERSION()
&amp#27;[2m2025-08-17T13:10:21.713+01:00&amp#27;[0;39m &amp#27;[32mDEBUG&amp#27;[0;39m &amp#27;[35m19131&amp#27;[0;39m &amp#27;[2m---&amp#27;[0;39m &amp#27;[2m[transferer] [       single-1]&amp#27;[0;39m &amp#27;[2m&amp#27;[0;39m&amp#27;[36mio.r2dbc.h2.client.SessionClient        &amp#27;[0;39m &amp#27;[2m:&amp#27;[0;39m Response: org.h2.result.LocalResult@3befb687 columns: 1 rows: 1 pos: -1
&amp#27;[2m2025-08-17T13:10:21.713+01:00&amp#27;[0;39m &amp#27;[32mDEBUG&amp#27;[0;39m &amp#27;[35m19131&amp#27;[0;39m &amp#27;[2m---&amp#27;[0;39m &amp#27;[2m[transferer] [       single-1]&amp#27;[0;39m &amp#27;[2m&amp#27;[0;39m&amp#27;[36mio.r2dbc.h2.client.SessionClient        &amp#27;[0;39m &amp#27;[2m:&amp#27;[0;39m Request:  CALL H2VERSION()
&amp#27;[2m2025-08-17T13:10:21.713+01:00&amp#27;[0;39m &amp#27;[32mDEBUG&amp#27;[0;39m &amp#27;[35m19131&amp#27;[0;39m &amp#27;[2m---&amp#27;[0;39m &amp#27;[2m[transferer] [       single-1]&amp#27;[0;39m &amp#27;[2m&amp#27;[0;39m&amp#27;[36mio.r2dbc.h2.client.SessionClient        &amp#27;[0;39m &amp#27;[2m:&amp#27;[0;39m Response: org.h2.result.LocalResult@77ce8188 columns: 1 rows: 1 pos: -1
&amp#27;[2m2025-08-17T13:10:21.714+01:00&amp#27;[0;39m &amp#27;[32mDEBUG&amp#27;[0;39m &amp#27;[35m19131&amp#27;[0;39m &amp#27;[2m---&amp#27;[0;39m &amp#27;[2m[transferer] [       single-1]&amp#27;[0;39m &amp#27;[2m&amp#27;[0;39m&amp#27;[36mio.r2dbc.h2.client.SessionClient        &amp#27;[0;39m &amp#27;[2m:&amp#27;[0;39m Request:  CALL H2VERSION()
&amp#27;[2m2025-08-17T13:10:21.714+01:00&amp#27;[0;39m &amp#27;[32mDEBUG&amp#27;[0;39m &amp#27;[35m19131&amp#27;[0;39m &amp#27;[2m---&amp#27;[0;39m &amp#27;[2m[transferer] [       single-1]&amp#27;[0;39m &amp#27;[2m&amp#27;[0;39m&amp#27;[36mio.r2dbc.h2.client.SessionClient        &amp#27;[0;39m &amp#27;[2m:&amp#27;[0;39m Response: org.h2.result.LocalResult@39a7f59f columns: 1 rows: 1 pos: -1
&amp#27;[2m2025-08-17T13:10:21.714+01:00&amp#27;[0;39m &amp#27;[32mDEBUG&amp#27;[0;39m &amp#27;[35m19131&amp#27;[0;39m &amp#27;[2m---&amp#27;[0;39m &amp#27;[2m[transferer] [       single-1]&amp#27;[0;39m &amp#27;[2m&amp#27;[0;39m&amp#27;[36mio.r2dbc.h2.client.SessionClient        &amp#27;[0;39m &amp#27;[2m:&amp#27;[0;39m Request:  CALL H2VERSION()
&amp#27;[2m2025-08-17T13:10:21.714+01:00&amp#27;[0;39m &amp#27;[32mDEBUG&amp#27;[0;39m &amp#27;[35m19131&amp#27;[0;39m &amp#27;[2m---&amp#27;[0;39m &amp#27;[2m[transferer] [       single-1]&amp#27;[0;39m &amp#27;[2m&amp#27;[0;39m&amp#27;[36mio.r2dbc.h2.client.SessionClient        &amp#27;[0;39m &amp#27;[2m:&amp#27;[0;39m Response: org.h2.result.LocalResult@4ae94e45 columns: 1 rows: 1 pos: -1
&amp#27;[2m2025-08-17T13:10:21.714+01:00&amp#27;[0;39m &amp#27;[32mDEBUG&amp#27;[0;39m &amp#27;[35m19131&amp#27;[0;39m &amp#27;[2m---&amp#27;[0;39m &amp#27;[2m[transferer] [       single-1]&amp#27;[0;39m &amp#27;[2m&amp#27;[0;39m&amp#27;[36mio.r2dbc.h2.client.SessionClient        &amp#27;[0;39m &amp#27;[2m:&amp#27;[0;39m Request:  CALL H2VERSION()
&amp#27;[2m2025-08-17T13:10:21.714+01:00&amp#27;[0;39m &amp#27;[32mDEBUG&amp#27;[0;39m &amp#27;[35m19131&amp#27;[0;39m &amp#27;[2m---&amp#27;[0;39m &amp#27;[2m[transferer] [       single-1]&amp#27;[0;39m &amp#27;[2m&amp#27;[0;39m&amp#27;[36mio.r2dbc.h2.client.SessionClient        &amp#27;[0;39m &amp#27;[2m:&amp#27;[0;39m Response: org.h2.result.LocalResult@c749211 columns: 1 rows: 1 pos: -1
&amp#27;[2m2025-08-17T13:10:21.715+01:00&amp#27;[0;39m &amp#27;[32mDEBUG&amp#27;[0;39m &amp#27;[35m19131&amp#27;[0;39m &amp#27;[2m---&amp#27;[0;39m &amp#27;[2m[transferer] [       single-1]&amp#27;[0;39m &amp#27;[2m&amp#27;[0;39m&amp#27;[36mio.r2dbc.h2.client.SessionClient        &amp#27;[0;39m &amp#27;[2m:&amp#27;[0;39m Request:  CALL H2VERSION()
&amp#27;[2m2025-08-17T13:10:21.715+01:00&amp#27;[0;39m &amp#27;[32mDEBUG&amp#27;[0;39m &amp#27;[35m19131&amp#27;[0;39m &amp#27;[2m---&amp#27;[0;39m &amp#27;[2m[transferer] [       single-1]&amp#27;[0;39m &amp#27;[2m&amp#27;[0;39m&amp#27;[36mio.r2dbc.h2.client.SessionClient        &amp#27;[0;39m &amp#27;[2m:&amp#27;[0;39m Response: org.h2.result.LocalResult@f3580d6 columns: 1 rows: 1 pos: -1
&amp#27;[2m2025-08-17T13:10:21.715+01:00&amp#27;[0;39m &amp#27;[32mDEBUG&amp#27;[0;39m &amp#27;[35m19131&amp#27;[0;39m &amp#27;[2m---&amp#27;[0;39m &amp#27;[2m[transferer] [       single-1]&amp#27;[0;39m &amp#27;[2m&amp#27;[0;39m&amp#27;[36mio.r2dbc.h2.client.SessionClient        &amp#27;[0;39m &amp#27;[2m:&amp#27;[0;39m Request:  CALL H2VERSION()
&amp#27;[2m2025-08-17T13:10:21.715+01:00&amp#27;[0;39m &amp#27;[32mDEBUG&amp#27;[0;39m &amp#27;[35m19131&amp#27;[0;39m &amp#27;[2m---&amp#27;[0;39m &amp#27;[2m[transferer] [       single-1]&amp#27;[0;39m &amp#27;[2m&amp#27;[0;39m&amp#27;[36mio.r2dbc.h2.client.SessionClient        &amp#27;[0;39m &amp#27;[2m:&amp#27;[0;39m Response: org.h2.result.LocalResult@9b887a2 columns: 1 rows: 1 pos: -1
&amp#27;[2m2025-08-17T13:10:21.715+01:00&amp#27;[0;39m &amp#27;[32mDEBUG&amp#27;[0;39m &amp#27;[35m19131&amp#27;[0;39m &amp#27;[2m---&amp#27;[0;39m &amp#27;[2m[transferer] [       Thread-3]&amp#27;[0;39m &amp#27;[2m&amp#27;[0;39m&amp#27;[36mio.r2dbc.h2.client.SessionClient        &amp#27;[0;39m &amp#27;[2m:&amp#27;[0;39m Request:  CREATE TABLE IF NOT EXISTS accounts ( id VARCHAR(255) PRIMARY KEY, account_number VARCHAR(20) UNIQUE NOT NULL, holder_name VARCHAR(255) NOT NULL, balance DECIMAL(19,2) NOT NULL DEFAULT 0.00, status VARCHAR(20) NOT NULL DEFAULT 'ACTIVE', created_at TIMESTAMP NOT NULL DEFAULT CURRENT_TIMESTAMP, updated_at TIMESTAMP NOT NULL DEFAULT CURRENT_TIMESTAMP )
&amp#27;[2m2025-08-17T13:10:21.717+01:00&amp#27;[0;39m &amp#27;[32mDEBUG&amp#27;[0;39m &amp#27;[35m19131&amp#27;[0;39m &amp#27;[2m---&amp#27;[0;39m &amp#27;[2m[transferer] [       Thread-3]&amp#27;[0;39m &amp#27;[2m&amp#27;[0;39m&amp#27;[36mo.s.r2dbc.connection.init.ScriptUtils   &amp#27;[0;39m &amp#27;[2m:&amp#27;[0;39m 0 returned as update count for SQL: CREATE TABLE IF NOT EXISTS accounts ( id VARCHAR(255) PRIMARY KEY, account_number VARCHAR(20) UNIQUE NOT NULL, holder_name VARCHAR(255) NOT NULL, balance DECIMAL(19,2) NOT NULL DEFAULT 0.00, status VARCHAR(20) NOT NULL DEFAULT 'ACTIVE', created_at TIMESTAMP NOT NULL DEFAULT CURRENT_TIMESTAMP, updated_at TIMESTAMP NOT NULL DEFAULT CURRENT_TIMESTAMP )
&amp#27;[2m2025-08-17T13:10:21.717+01:00&amp#27;[0;39m &amp#27;[32mDEBUG&amp#27;[0;39m &amp#27;[35m19131&amp#27;[0;39m &amp#27;[2m---&amp#27;[0;39m &amp#27;[2m[transferer] [       Thread-3]&amp#27;[0;39m &amp#27;[2m&amp#27;[0;39m&amp#27;[36mio.r2dbc.h2.client.SessionClient        &amp#27;[0;39m &amp#27;[2m:&amp#27;[0;39m Request:  CREATE INDEX IF NOT EXISTS idx_accounts_account_number ON accounts (account_number)
&amp#27;[2m2025-08-17T13:10:21.717+01:00&amp#27;[0;39m &amp#27;[32mDEBUG&amp#27;[0;39m &amp#27;[35m19131&amp#27;[0;39m &amp#27;[2m---&amp#27;[0;39m &amp#27;[2m[transferer] [       Thread-3]&amp#27;[0;39m &amp#27;[2m&amp#27;[0;39m&amp#27;[36mo.s.r2dbc.connection.init.ScriptUtils   &amp#27;[0;39m &amp#27;[2m:&amp#27;[0;39m 0 returned as update count for SQL: CREATE INDEX IF NOT EXISTS idx_accounts_account_number ON accounts (account_number)
&amp#27;[2m2025-08-17T13:10:21.717+01:00&amp#27;[0;39m &amp#27;[32mDEBUG&amp#27;[0;39m &amp#27;[35m19131&amp#27;[0;39m &amp#27;[2m---&amp#27;[0;39m &amp#27;[2m[transferer] [       Thread-3]&amp#27;[0;39m &amp#27;[2m&amp#27;[0;39m&amp#27;[36mio.r2dbc.h2.client.SessionClient        &amp#27;[0;39m &amp#27;[2m:&amp#27;[0;39m Request:  CREATE INDEX IF NOT EXISTS idx_accounts_status ON accounts (status)
&amp#27;[2m2025-08-17T13:10:21.718+01:00&amp#27;[0;39m &amp#27;[32mDEBUG&amp#27;[0;39m &amp#27;[35m19131&amp#27;[0;39m &amp#27;[2m---&amp#27;[0;39m &amp#27;[2m[transferer] [       Thread-3]&amp#27;[0;39m &amp#27;[2m&amp#27;[0;39m&amp#27;[36mo.s.r2dbc.connection.init.ScriptUtils   &amp#27;[0;39m &amp#27;[2m:&amp#27;[0;39m 0 returned as update count for SQL: CREATE INDEX IF NOT EXISTS idx_accounts_status ON accounts (status)
&amp#27;[2m2025-08-17T13:10:21.718+01:00&amp#27;[0;39m &amp#27;[32mDEBUG&amp#27;[0;39m &amp#27;[35m19131&amp#27;[0;39m &amp#27;[2m---&amp#27;[0;39m &amp#27;[2m[transferer] [       Thread-3]&amp#27;[0;39m &amp#27;[2m&amp#27;[0;39m&amp#27;[36mio.r2dbc.h2.client.SessionClient        &amp#27;[0;39m &amp#27;[2m:&amp#27;[0;39m Request:  CREATE TABLE IF NOT EXISTS transactions ( id VARCHAR(255) PRIMARY KEY, sender_account_id VARCHAR(255) NOT NULL, recipient_account_id VARCHAR(255) NOT NULL, amount DECIMAL(19,2) NOT NULL, status VARCHAR(20) NOT NULL DEFAULT 'PENDING', description TEXT, created_at TIMESTAMP NOT NULL DEFAULT CURRENT_TIMESTAMP, updated_at TIMESTAMP NOT NULL DEFAULT CURRENT_TIMESTAMP, completed_at TIMESTAMP NULL, CONSTRAINT fk_transactions_sender FOREIGN KEY (sender_account_id) REFERENCES accounts(id), CONSTRAINT fk_transactions_recipient FOREIGN KEY (recipient_account_id) REFERENCES accounts(id), CONSTRAINT chk_transactions_amount_positive CHECK (amount > 0), CONSTRAINT chk_transactions_different_accounts CHECK (sender_account_id != recipient_account_id) )
&amp#27;[2m2025-08-17T13:10:21.721+01:00&amp#27;[0;39m &amp#27;[32mDEBUG&amp#27;[0;39m &amp#27;[35m19131&amp#27;[0;39m &amp#27;[2m---&amp#27;[0;39m &amp#27;[2m[transferer] [       Thread-3]&amp#27;[0;39m &amp#27;[2m&amp#27;[0;39m&amp#27;[36mo.s.r2dbc.connection.init.ScriptUtils   &amp#27;[0;39m &amp#27;[2m:&amp#27;[0;39m 0 returned as update count for SQL: CREATE TABLE IF NOT EXISTS transactions ( id VARCHAR(255) PRIMARY KEY, sender_account_id VARCHAR(255) NOT NULL, recipient_account_id VARCHAR(255) NOT NULL, amount DECIMAL(19,2) NOT NULL, status VARCHAR(20) NOT NULL DEFAULT 'PENDING', description TEXT, created_at TIMESTAMP NOT NULL DEFAULT CURRENT_TIMESTAMP, updated_at TIMESTAMP NOT NULL DEFAULT CURRENT_TIMESTAMP, completed_at TIMESTAMP NULL, CONSTRAINT fk_transactions_sender FOREIGN KEY (sender_account_id) REFERENCES accounts(id), CONSTRAINT fk_transactions_recipient FOREIGN KEY (recipient_account_id) REFERENCES accounts(id), CONSTRAINT chk_transactions_amount_positive CHECK (amount > 0), CONSTRAINT chk_transactions_different_accounts CHECK (sender_account_id != recipient_account_id) )
&amp#27;[2m2025-08-17T13:10:21.721+01:00&amp#27;[0;39m &amp#27;[32mDEBUG&amp#27;[0;39m &amp#27;[35m19131&amp#27;[0;39m &amp#27;[2m---&amp#27;[0;39m &amp#27;[2m[transferer] [       Thread-3]&amp#27;[0;39m &amp#27;[2m&amp#27;[0;39m&amp#27;[36mio.r2dbc.h2.client.SessionClient        &amp#27;[0;39m &amp#27;[2m:&amp#27;[0;39m Request:  CREATE INDEX IF NOT EXISTS idx_transactions_sender_account_id ON transactions (sender_account_id)
&amp#27;[2m2025-08-17T13:10:21.721+01:00&amp#27;[0;39m &amp#27;[32mDEBUG&amp#27;[0;39m &amp#27;[35m19131&amp#27;[0;39m &amp#27;[2m---&amp#27;[0;39m &amp#27;[2m[transferer] [       Thread-3]&amp#27;[0;39m &amp#27;[2m&amp#27;[0;39m&amp#27;[36mo.s.r2dbc.connection.init.ScriptUtils   &amp#27;[0;39m &amp#27;[2m:&amp#27;[0;39m 0 returned as update count for SQL: CREATE INDEX IF NOT EXISTS idx_transactions_sender_account_id ON transactions (sender_account_id)
&amp#27;[2m2025-08-17T13:10:21.722+01:00&amp#27;[0;39m &amp#27;[32mDEBUG&amp#27;[0;39m &amp#27;[35m19131&amp#27;[0;39m &amp#27;[2m---&amp#27;[0;39m &amp#27;[2m[transferer] [       Thread-3]&amp#27;[0;39m &amp#27;[2m&amp#27;[0;39m&amp#27;[36mio.r2dbc.h2.client.SessionClient        &amp#27;[0;39m &amp#27;[2m:&amp#27;[0;39m Request:  CREATE INDEX IF NOT EXISTS idx_transactions_recipient_account_id ON transactions (recipient_account_id)
&amp#27;[2m2025-08-17T13:10:21.722+01:00&amp#27;[0;39m &amp#27;[32mDEBUG&amp#27;[0;39m &amp#27;[35m19131&amp#27;[0;39m &amp#27;[2m---&amp#27;[0;39m &amp#27;[2m[transferer] [       Thread-3]&amp#27;[0;39m &amp#27;[2m&amp#27;[0;39m&amp#27;[36mo.s.r2dbc.connection.init.ScriptUtils   &amp#27;[0;39m &amp#27;[2m:&amp#27;[0;39m 0 returned as update count for SQL: CREATE INDEX IF NOT EXISTS idx_transactions_recipient_account_id ON transactions (recipient_account_id)
&amp#27;[2m2025-08-17T13:10:21.722+01:00&amp#27;[0;39m &amp#27;[32mDEBUG&amp#27;[0;39m &amp#27;[35m19131&amp#27;[0;39m &amp#27;[2m---&amp#27;[0;39m &amp#27;[2m[transferer] [       Thread-3]&amp#27;[0;39m &amp#27;[2m&amp#27;[0;39m&amp#27;[36mio.r2dbc.h2.client.SessionClient        &amp#27;[0;39m &amp#27;[2m:&amp#27;[0;39m Request:  CREATE INDEX IF NOT EXISTS idx_transactions_status ON transactions (status)
&amp#27;[2m2025-08-17T13:10:21.722+01:00&amp#27;[0;39m &amp#27;[32mDEBUG&amp#27;[0;39m &amp#27;[35m19131&amp#27;[0;39m &amp#27;[2m---&amp#27;[0;39m &amp#27;[2m[transferer] [       Thread-3]&amp#27;[0;39m &amp#27;[2m&amp#27;[0;39m&amp#27;[36mo.s.r2dbc.connection.init.ScriptUtils   &amp#27;[0;39m &amp#27;[2m:&amp#27;[0;39m 0 returned as update count for SQL: CREATE INDEX IF NOT EXISTS idx_transactions_status ON transactions (status)
&amp#27;[2m2025-08-17T13:10:21.722+01:00&amp#27;[0;39m &amp#27;[32mDEBUG&amp#27;[0;39m &amp#27;[35m19131&amp#27;[0;39m &amp#27;[2m---&amp#27;[0;39m &amp#27;[2m[transferer] [       Thread-3]&amp#27;[0;39m &amp#27;[2m&amp#27;[0;39m&amp#27;[36mio.r2dbc.h2.client.SessionClient        &amp#27;[0;39m &amp#27;[2m:&amp#27;[0;39m Request:  CREATE INDEX IF NOT EXISTS idx_transactions_created_at ON transactions (created_at)
&amp#27;[2m2025-08-17T13:10:21.722+01:00&amp#27;[0;39m &amp#27;[32mDEBUG&amp#27;[0;39m &amp#27;[35m19131&amp#27;[0;39m &amp#27;[2m---&amp#27;[0;39m &amp#27;[2m[transferer] [       Thread-3]&amp#27;[0;39m &amp#27;[2m&amp#27;[0;39m&amp#27;[36mo.s.r2dbc.connection.init.ScriptUtils   &amp#27;[0;39m &amp#27;[2m:&amp#27;[0;39m 0 returned as update count for SQL: CREATE INDEX IF NOT EXISTS idx_transactions_created_at ON transactions (created_at)
&amp#27;[2m2025-08-17T13:10:21.723+01:00&amp#27;[0;39m &amp#27;[32mDEBUG&amp#27;[0;39m &amp#27;[35m19131&amp#27;[0;39m &amp#27;[2m---&amp#27;[0;39m &amp#27;[2m[transferer] [       Thread-3]&amp#27;[0;39m &amp#27;[2m&amp#27;[0;39m&amp#27;[36mio.r2dbc.h2.client.SessionClient        &amp#27;[0;39m &amp#27;[2m:&amp#27;[0;39m Request:  CREATE TABLE IF NOT EXISTS payments ( id VARCHAR(255) PRIMARY KEY, transaction_id VARCHAR(255), sender_account_id VARCHAR(255) NOT NULL, recipient_account_id VARCHAR(255) NOT NULL, amount DECIMAL(19,2) NOT NULL, description TEXT, status VARCHAR(20) NOT NULL DEFAULT 'PENDING', current_step VARCHAR(50) NOT NULL DEFAULT 'INITIATED', failure_reason TEXT, created_at TIMESTAMP NOT NULL DEFAULT CURRENT_TIMESTAMP, updated_at TIMESTAMP NOT NULL DEFAULT CURRENT_TIMESTAMP, completed_at TIMESTAMP NULL, CONSTRAINT fk_payments_transaction FOREIGN KEY (transaction_id) REFERENCES transactions(id), CONSTRAINT fk_payments_sender FOREIGN KEY (sender_account_id) REFERENCES accounts(id), CONSTRAINT fk_payments_recipient FOREIGN KEY (recipient_account_id) REFERENCES accounts(id), CONSTRAINT chk_payments_amount_positive CHECK (amount > 0), CONSTRAINT chk_payments_different_accounts CHECK (sender_account_id != recipient_account_id) )
&amp#27;[2m2025-08-17T13:10:21.725+01:00&amp#27;[0;39m &amp#27;[32mDEBUG&amp#27;[0;39m &amp#27;[35m19131&amp#27;[0;39m &amp#27;[2m---&amp#27;[0;39m &amp#27;[2m[transferer] [       Thread-3]&amp#27;[0;39m &amp#27;[2m&amp#27;[0;39m&amp#27;[36mo.s.r2dbc.connection.init.ScriptUtils   &amp#27;[0;39m &amp#27;[2m:&amp#27;[0;39m 0 returned as update count for SQL: CREATE TABLE IF NOT EXISTS payments ( id VARCHAR(255) PRIMARY KEY, transaction_id VARCHAR(255), sender_account_id VARCHAR(255) NOT NULL, recipient_account_id VARCHAR(255) NOT NULL, amount DECIMAL(19,2) NOT NULL, description TEXT, status VARCHAR(20) NOT NULL DEFAULT 'PENDING', current_step VARCHAR(50) NOT NULL DEFAULT 'INITIATED', failure_reason TEXT, created_at TIMESTAMP NOT NULL DEFAULT CURRENT_TIMESTAMP, updated_at TIMESTAMP NOT NULL DEFAULT CURRENT_TIMESTAMP, completed_at TIMESTAMP NULL, CONSTRAINT fk_payments_transaction FOREIGN KEY (transaction_id) REFERENCES transactions(id), CONSTRAINT fk_payments_sender FOREIGN KEY (sender_account_id) REFERENCES accounts(id), CONSTRAINT fk_payments_recipient FOREIGN KEY (recipient_account_id) REFERENCES accounts(id), CONSTRAINT chk_payments_amount_positive CHECK (amount > 0), CONSTRAINT chk_payments_different_accounts CHECK (sender_account_id != recipient_account_id) )
&amp#27;[2m2025-08-17T13:10:21.725+01:00&amp#27;[0;39m &amp#27;[32mDEBUG&amp#27;[0;39m &amp#27;[35m19131&amp#27;[0;39m &amp#27;[2m---&amp#27;[0;39m &amp#27;[2m[transferer] [       Thread-3]&amp#27;[0;39m &amp#27;[2m&amp#27;[0;39m&amp#27;[36mio.r2dbc.h2.client.SessionClient        &amp#27;[0;39m &amp#27;[2m:&amp#27;[0;39m Request:  CREATE INDEX IF NOT EXISTS idx_payments_transaction_id ON payments (transaction_id)
&amp#27;[2m2025-08-17T13:10:21.725+01:00&amp#27;[0;39m &amp#27;[32mDEBUG&amp#27;[0;39m &amp#27;[35m19131&amp#27;[0;39m &amp#27;[2m---&amp#27;[0;39m &amp#27;[2m[transferer] [       Thread-3]&amp#27;[0;39m &amp#27;[2m&amp#27;[0;39m&amp#27;[36mo.s.r2dbc.connection.init.ScriptUtils   &amp#27;[0;39m &amp#27;[2m:&amp#27;[0;39m 0 returned as update count for SQL: CREATE INDEX IF NOT EXISTS idx_payments_transaction_id ON payments (transaction_id)
&amp#27;[2m2025-08-17T13:10:21.725+01:00&amp#27;[0;39m &amp#27;[32mDEBUG&amp#27;[0;39m &amp#27;[35m19131&amp#27;[0;39m &amp#27;[2m---&amp#27;[0;39m &amp#27;[2m[transferer] [       Thread-3]&amp#27;[0;39m &amp#27;[2m&amp#27;[0;39m&amp#27;[36mio.r2dbc.h2.client.SessionClient        &amp#27;[0;39m &amp#27;[2m:&amp#27;[0;39m Request:  CREATE INDEX IF NOT EXISTS idx_payments_sender_account_id ON payments (sender_account_id)
&amp#27;[2m2025-08-17T13:10:21.725+01:00&amp#27;[0;39m &amp#27;[32mDEBUG&amp#27;[0;39m &amp#27;[35m19131&amp#27;[0;39m &amp#27;[2m---&amp#27;[0;39m &amp#27;[2m[transferer] [       Thread-3]&amp#27;[0;39m &amp#27;[2m&amp#27;[0;39m&amp#27;[36mo.s.r2dbc.connection.init.ScriptUtils   &amp#27;[0;39m &amp#27;[2m:&amp#27;[0;39m 0 returned as update count for SQL: CREATE INDEX IF NOT EXISTS idx_payments_sender_account_id ON payments (sender_account_id)
&amp#27;[2m2025-08-17T13:10:21.725+01:00&amp#27;[0;39m &amp#27;[32mDEBUG&amp#27;[0;39m &amp#27;[35m19131&amp#27;[0;39m &amp#27;[2m---&amp#27;[0;39m &amp#27;[2m[transferer] [       Thread-3]&amp#27;[0;39m &amp#27;[2m&amp#27;[0;39m&amp#27;[36mio.r2dbc.h2.client.SessionClient        &amp#27;[0;39m &amp#27;[2m:&amp#27;[0;39m Request:  CREATE INDEX IF NOT EXISTS idx_payments_recipient_account_id ON payments (recipient_account_id)
&amp#27;[2m2025-08-17T13:10:21.726+01:00&amp#27;[0;39m &amp#27;[32mDEBUG&amp#27;[0;39m &amp#27;[35m19131&amp#27;[0;39m &amp#27;[2m---&amp#27;[0;39m &amp#27;[2m[transferer] [       Thread-3]&amp#27;[0;39m &amp#27;[2m&amp#27;[0;39m&amp#27;[36mo.s.r2dbc.connection.init.ScriptUtils   &amp#27;[0;39m &amp#27;[2m:&amp#27;[0;39m 0 returned as update count for SQL: CREATE INDEX IF NOT EXISTS idx_payments_recipient_account_id ON payments (recipient_account_id)
&amp#27;[2m2025-08-17T13:10:21.726+01:00&amp#27;[0;39m &amp#27;[32mDEBUG&amp#27;[0;39m &amp#27;[35m19131&amp#27;[0;39m &amp#27;[2m---&amp#27;[0;39m &amp#27;[2m[transferer] [       Thread-3]&amp#27;[0;39m &amp#27;[2m&amp#27;[0;39m&amp#27;[36mio.r2dbc.h2.client.SessionClient        &amp#27;[0;39m &amp#27;[2m:&amp#27;[0;39m Request:  CREATE INDEX IF NOT EXISTS idx_payments_status ON payments (status)
&amp#27;[2m2025-08-17T13:10:21.726+01:00&amp#27;[0;39m &amp#27;[32mDEBUG&amp#27;[0;39m &amp#27;[35m19131&amp#27;[0;39m &amp#27;[2m---&amp#27;[0;39m &amp#27;[2m[transferer] [       Thread-3]&amp#27;[0;39m &amp#27;[2m&amp#27;[0;39m&amp#27;[36mo.s.r2dbc.connection.init.ScriptUtils   &amp#27;[0;39m &amp#27;[2m:&amp#27;[0;39m 0 returned as update count for SQL: CREATE INDEX IF NOT EXISTS idx_payments_status ON payments (status)
&amp#27;[2m2025-08-17T13:10:21.726+01:00&amp#27;[0;39m &amp#27;[32mDEBUG&amp#27;[0;39m &amp#27;[35m19131&amp#27;[0;39m &amp#27;[2m---&amp#27;[0;39m &amp#27;[2m[transferer] [       Thread-3]&amp#27;[0;39m &amp#27;[2m&amp#27;[0;39m&amp#27;[36mio.r2dbc.h2.client.SessionClient        &amp#27;[0;39m &amp#27;[2m:&amp#27;[0;39m Request:  CREATE INDEX IF NOT EXISTS idx_payments_current_step ON payments (current_step)
&amp#27;[2m2025-08-17T13:10:21.726+01:00&amp#27;[0;39m &amp#27;[32mDEBUG&amp#27;[0;39m &amp#27;[35m19131&amp#27;[0;39m &amp#27;[2m---&amp#27;[0;39m &amp#27;[2m[transferer] [       Thread-3]&amp#27;[0;39m &amp#27;[2m&amp#27;[0;39m&amp#27;[36mo.s.r2dbc.connection.init.ScriptUtils   &amp#27;[0;39m &amp#27;[2m:&amp#27;[0;39m 0 returned as update count for SQL: CREATE INDEX IF NOT EXISTS idx_payments_current_step ON payments (current_step)
&amp#27;[2m2025-08-17T13:10:21.726+01:00&amp#27;[0;39m &amp#27;[32mDEBUG&amp#27;[0;39m &amp#27;[35m19131&amp#27;[0;39m &amp#27;[2m---&amp#27;[0;39m &amp#27;[2m[transferer] [       Thread-3]&amp#27;[0;39m &amp#27;[2m&amp#27;[0;39m&amp#27;[36mio.r2dbc.h2.client.SessionClient        &amp#27;[0;39m &amp#27;[2m:&amp#27;[0;39m Request:  CREATE INDEX IF NOT EXISTS idx_payments_created_at ON payments (created_at)
&amp#27;[2m2025-08-17T13:10:21.726+01:00&amp#27;[0;39m &amp#27;[32mDEBUG&amp#27;[0;39m &amp#27;[35m19131&amp#27;[0;39m &amp#27;[2m---&amp#27;[0;39m &amp#27;[2m[transferer] [       Thread-3]&amp#27;[0;39m &amp#27;[2m&amp#27;[0;39m&amp#27;[36mo.s.r2dbc.connection.init.ScriptUtils   &amp#27;[0;39m &amp#27;[2m:&amp#27;[0;39m 0 returned as update count for SQL: CREATE INDEX IF NOT EXISTS idx_payments_created_at ON payments (created_at)
&amp#27;[2m2025-08-17T13:10:21.727+01:00&amp#27;[0;39m &amp#27;[32mDEBUG&amp#27;[0;39m &amp#27;[35m19131&amp#27;[0;39m &amp#27;[2m---&amp#27;[0;39m &amp#27;[2m[transferer] [       Thread-3]&amp#27;[0;39m &amp#27;[2m&amp#27;[0;39m&amp#27;[36mio.r2dbc.h2.client.SessionClient        &amp#27;[0;39m &amp#27;[2m:&amp#27;[0;39m Request:  CREATE TABLE IF NOT EXISTS outbox_events ( id BIGINT AUTO_INCREMENT PRIMARY KEY, event_id VARCHAR(255) UNIQUE NOT NULL, event_type VARCHAR(255) NOT NULL, aggregate_id VARCHAR(255) NOT NULL, event_data CLOB NOT NULL, occurred_at TIMESTAMP NOT NULL, processed_at TIMESTAMP NULL, created_at TIMESTAMP NOT NULL DEFAULT CURRENT_TIMESTAMP )
&amp#27;[2m2025-08-17T13:10:21.728+01:00&amp#27;[0;39m &amp#27;[32mDEBUG&amp#27;[0;39m &amp#27;[35m19131&amp#27;[0;39m &amp#27;[2m---&amp#27;[0;39m &amp#27;[2m[transferer] [       Thread-3]&amp#27;[0;39m &amp#27;[2m&amp#27;[0;39m&amp#27;[36mo.s.r2dbc.connection.init.ScriptUtils   &amp#27;[0;39m &amp#27;[2m:&amp#27;[0;39m 0 returned as update count for SQL: CREATE TABLE IF NOT EXISTS outbox_events ( id BIGINT AUTO_INCREMENT PRIMARY KEY, event_id VARCHAR(255) UNIQUE NOT NULL, event_type VARCHAR(255) NOT NULL, aggregate_id VARCHAR(255) NOT NULL, event_data CLOB NOT NULL, occurred_at TIMESTAMP NOT NULL, processed_at TIMESTAMP NULL, created_at TIMESTAMP NOT NULL DEFAULT CURRENT_TIMESTAMP )
&amp#27;[2m2025-08-17T13:10:21.728+01:00&amp#27;[0;39m &amp#27;[32mDEBUG&amp#27;[0;39m &amp#27;[35m19131&amp#27;[0;39m &amp#27;[2m---&amp#27;[0;39m &amp#27;[2m[transferer] [       Thread-3]&amp#27;[0;39m &amp#27;[2m&amp#27;[0;39m&amp#27;[36mio.r2dbc.h2.client.SessionClient        &amp#27;[0;39m &amp#27;[2m:&amp#27;[0;39m Request:  CREATE INDEX IF NOT EXISTS idx_outbox_events_processed_at ON outbox_events (processed_at)
&amp#27;[2m2025-08-17T13:10:21.729+01:00&amp#27;[0;39m &amp#27;[32mDEBUG&amp#27;[0;39m &amp#27;[35m19131&amp#27;[0;39m &amp#27;[2m---&amp#27;[0;39m &amp#27;[2m[transferer] [       Thread-3]&amp#27;[0;39m &amp#27;[2m&amp#27;[0;39m&amp#27;[36mo.s.r2dbc.connection.init.ScriptUtils   &amp#27;[0;39m &amp#27;[2m:&amp#27;[0;39m 0 returned as update count for SQL: CREATE INDEX IF NOT EXISTS idx_outbox_events_processed_at ON outbox_events (processed_at)
&amp#27;[2m2025-08-17T13:10:21.729+01:00&amp#27;[0;39m &amp#27;[32mDEBUG&amp#27;[0;39m &amp#27;[35m19131&amp#27;[0;39m &amp#27;[2m---&amp#27;[0;39m &amp#27;[2m[transferer] [       Thread-3]&amp#27;[0;39m &amp#27;[2m&amp#27;[0;39m&amp#27;[36mio.r2dbc.h2.client.SessionClient        &amp#27;[0;39m &amp#27;[2m:&amp#27;[0;39m Request:  CREATE INDEX IF NOT EXISTS idx_outbox_events_event_type ON outbox_events (event_type)
&amp#27;[2m2025-08-17T13:10:21.729+01:00&amp#27;[0;39m &amp#27;[32mDEBUG&amp#27;[0;39m &amp#27;[35m19131&amp#27;[0;39m &amp#27;[2m---&amp#27;[0;39m &amp#27;[2m[transferer] [       Thread-3]&amp#27;[0;39m &amp#27;[2m&amp#27;[0;39m&amp#27;[36mo.s.r2dbc.connection.init.ScriptUtils   &amp#27;[0;39m &amp#27;[2m:&amp#27;[0;39m 0 returned as update count for SQL: CREATE INDEX IF NOT EXISTS idx_outbox_events_event_type ON outbox_events (event_type)
&amp#27;[2m2025-08-17T13:10:21.729+01:00&amp#27;[0;39m &amp#27;[32mDEBUG&amp#27;[0;39m &amp#27;[35m19131&amp#27;[0;39m &amp#27;[2m---&amp#27;[0;39m &amp#27;[2m[transferer] [       Thread-3]&amp#27;[0;39m &amp#27;[2m&amp#27;[0;39m&amp#27;[36mio.r2dbc.h2.client.SessionClient        &amp#27;[0;39m &amp#27;[2m:&amp#27;[0;39m Request:  CREATE INDEX IF NOT EXISTS idx_outbox_events_occurred_at ON outbox_events (occurred_at)
&amp#27;[2m2025-08-17T13:10:21.729+01:00&amp#27;[0;39m &amp#27;[32mDEBUG&amp#27;[0;39m &amp#27;[35m19131&amp#27;[0;39m &amp#27;[2m---&amp#27;[0;39m &amp#27;[2m[transferer] [       Thread-3]&amp#27;[0;39m &amp#27;[2m&amp#27;[0;39m&amp#27;[36mo.s.r2dbc.connection.init.ScriptUtils   &amp#27;[0;39m &amp#27;[2m:&amp#27;[0;39m 0 returned as update count for SQL: CREATE INDEX IF NOT EXISTS idx_outbox_events_occurred_at ON outbox_events (occurred_at)
&amp#27;[2m2025-08-17T13:10:21.731+01:00&amp#27;[0;39m &amp#27;[32mDEBUG&amp#27;[0;39m &amp#27;[35m19131&amp#27;[0;39m &amp#27;[2m---&amp#27;[0;39m &amp#27;[2m[transferer] [       Thread-3]&amp#27;[0;39m &amp#27;[2m&amp#27;[0;39m&amp#27;[36mo.s.r2dbc.connection.init.ScriptUtils   &amp#27;[0;39m &amp#27;[2m:&amp#27;[0;39m Executed SQL script from class path resource [test-schema.sql] in 27 ms.
&amp#27;[2m2025-08-17T13:10:21.732+01:00&amp#27;[0;39m &amp#27;[32mDEBUG&amp#27;[0;39m &amp#27;[35m19131&amp#27;[0;39m &amp#27;[2m---&amp#27;[0;39m &amp#27;[2m[transferer] [       Thread-3]&amp#27;[0;39m &amp#27;[2m&amp#27;[0;39m&amp#27;[36mio.r2dbc.h2.client.SessionClient        &amp#27;[0;39m &amp#27;[2m:&amp#27;[0;39m Request:  SELECT CURRENT_TIMESTAMP
&amp#27;[2m2025-08-17T13:10:21.732+01:00&amp#27;[0;39m &amp#27;[32mDEBUG&amp#27;[0;39m &amp#27;[35m19131&amp#27;[0;39m &amp#27;[2m---&amp#27;[0;39m &amp#27;[2m[transferer] [       Thread-3]&amp#27;[0;39m &amp#27;[2m&amp#27;[0;39m&amp#27;[36mio.r2dbc.h2.client.SessionClient        &amp#27;[0;39m &amp#27;[2m:&amp#27;[0;39m Response: org.h2.result.LocalResult@5eb78bcb columns: 1 rows: 1 pos: -1
&amp#27;[2m2025-08-17T13:10:21.738+01:00&amp#27;[0;39m &amp#27;[32m INFO&amp#27;[0;39m &amp#27;[35m19131&amp#27;[0;39m &amp#27;[2m---&amp#27;[0;39m &amp#27;[2m[transferer] [           main]&amp#27;[0;39m &amp#27;[2m&amp#27;[0;39m&amp#27;[36mc.t.p.PaymentSagaDbIntegrationTest      &amp#27;[0;39m &amp#27;[2m:&amp#27;[0;39m Started PaymentSagaDbIntegrationTest in 0.674 seconds (process running for 1.049)

  .   ____          _            __ _ _
 /\\ / ___'_ __ _ _(_)_ __  __ _ \ \ \ \
( ( )\___ | '_ | '_| | '_ \/ _` | \ \ \ \
 \\/  ___)| |_)| | | | | || (_| |  ) ) ) )
  '  |____| .__|_| |_|_| |_\__, | / / / /
 =========|_|==============|___/=/_/_/_/
&amp#27;[32m :: Spring Boot :: &amp#27;[39m              &amp#27;[2m (v3.2.0)&amp#27;[0;39m

&amp#27;[2m2025-08-17T13:10:21.759+01:00&amp#27;[0;39m &amp#27;[32m INFO&amp#27;[0;39m &amp#27;[35m19131&amp#27;[0;39m &amp#27;[2m---&amp#27;[0;39m &amp#27;[2m[transferer] [           main]&amp#27;[0;39m &amp#27;[2m&amp#27;[0;39m&amp#27;[36mc.t.p.PaymentSagaDbIntegrationTest      &amp#27;[0;39m &amp#27;[2m:&amp#27;[0;39m Starting PaymentSagaDbIntegrationTest using Java 24.0.2 with PID 19131 (started by bendrawer in /Users/bendrawer/transferer)
&amp#27;[2m2025-08-17T13:10:21.759+01:00&amp#27;[0;39m &amp#27;[32mDEBUG&amp#27;[0;39m &amp#27;[35m19131&amp#27;[0;39m &amp#27;[2m---&amp#27;[0;39m &amp#27;[2m[transferer] [           main]&amp#27;[0;39m &amp#27;[2m&amp#27;[0;39m&amp#27;[36mc.t.p.PaymentSagaDbIntegrationTest      &amp#27;[0;39m &amp#27;[2m:&amp#27;[0;39m Running with Spring Boot v3.2.0, Spring v6.1.1
&amp#27;[2m2025-08-17T13:10:21.759+01:00&amp#27;[0;39m &amp#27;[32m INFO&amp#27;[0;39m &amp#27;[35m19131&amp#27;[0;39m &amp#27;[2m---&amp#27;[0;39m &amp#27;[2m[transferer] [           main]&amp#27;[0;39m &amp#27;[2m&amp#27;[0;39m&amp#27;[36mc.t.p.PaymentSagaDbIntegrationTest      &amp#27;[0;39m &amp#27;[2m:&amp#27;[0;39m The following 1 profile is active: "test"
&amp#27;[2m2025-08-17T13:10:21.793+01:00&amp#27;[0;39m &amp#27;[32m INFO&amp#27;[0;39m &amp#27;[35m19131&amp#27;[0;39m &amp#27;[2m---&amp#27;[0;39m &amp#27;[2m[transferer] [           main]&amp#27;[0;39m &amp#27;[2m&amp#27;[0;39m&amp#27;[36m.s.d.r.c.RepositoryConfigurationDelegate&amp#27;[0;39m &amp#27;[2m:&amp#27;[0;39m Bootstrapping Spring Data R2DBC repositories in DEFAULT mode.
&amp#27;[2m2025-08-17T13:10:21.799+01:00&amp#27;[0;39m &amp#27;[32m INFO&amp#27;[0;39m &amp#27;[35m19131&amp#27;[0;39m &amp#27;[2m---&amp#27;[0;39m &amp#27;[2m[transferer] [           main]&amp#27;[0;39m &amp#27;[2m&amp#27;[0;39m&amp#27;[36m.s.d.r.c.RepositoryConfigurationDelegate&amp#27;[0;39m &amp#27;[2m:&amp#27;[0;39m Finished Spring Data repository scanning in 5 ms. Found 4 R2DBC repository interfaces.
&amp#27;[2m2025-08-17T13:10:21.839+01:00&amp#27;[0;39m &amp#27;[32mDEBUG&amp#27;[0;39m &amp#27;[35m19131&amp#27;[0;39m &amp#27;[2m---&amp#27;[0;39m &amp#27;[2m[transferer] [           main]&amp#27;[0;39m &amp#27;[2m&amp#27;[0;39m&amp#27;[36mc.t.shared.events.InMemoryEventBus      &amp#27;[0;39m &amp#27;[2m:&amp#27;[0;39m Subscribed handler to event class: PaymentStepAdvancedEvent
&amp#27;[2m2025-08-17T13:10:21.839+01:00&amp#27;[0;39m &amp#27;[32mDEBUG&amp#27;[0;39m &amp#27;[35m19131&amp#27;[0;39m &amp#27;[2m---&amp#27;[0;39m &amp#27;[2m[transferer] [           main]&amp#27;[0;39m &amp#27;[2m&amp#27;[0;39m&amp#27;[36mc.t.shared.events.InMemoryEventBus      &amp#27;[0;39m &amp#27;[2m:&amp#27;[0;39m Subscribed handler to event class: TransactionCreatedEvent
&amp#27;[2m2025-08-17T13:10:21.839+01:00&amp#27;[0;39m &amp#27;[32mDEBUG&amp#27;[0;39m &amp#27;[35m19131&amp#27;[0;39m &amp#27;[2m---&amp#27;[0;39m &amp#27;[2m[transferer] [           main]&amp#27;[0;39m &amp#27;[2m&amp#27;[0;39m&amp#27;[36mc.t.shared.events.InMemoryEventBus      &amp#27;[0;39m &amp#27;[2m:&amp#27;[0;39m Subscribed handler to event class: AccountDebitedEvent
&amp#27;[2m2025-08-17T13:10:21.839+01:00&amp#27;[0;39m &amp#27;[32mDEBUG&amp#27;[0;39m &amp#27;[35m19131&amp#27;[0;39m &amp#27;[2m---&amp#27;[0;39m &amp#27;[2m[transferer] [           main]&amp#27;[0;39m &amp#27;[2m&amp#27;[0;39m&amp#27;[36mc.t.shared.events.InMemoryEventBus      &amp#27;[0;39m &amp#27;[2m:&amp#27;[0;39m Subscribed handler to event class: AccountCreditedEvent
&amp#27;[2m2025-08-17T13:10:21.839+01:00&amp#27;[0;39m &amp#27;[32mDEBUG&amp#27;[0;39m &amp#27;[35m19131&amp#27;[0;39m &amp#27;[2m---&amp#27;[0;39m &amp#27;[2m[transferer] [           main]&amp#27;[0;39m &amp#27;[2m&amp#27;[0;39m&amp#27;[36mc.t.shared.events.InMemoryEventBus      &amp#27;[0;39m &amp#27;[2m:&amp#27;[0;39m Subscribed handler to event class: TransactionCompletedEvent
&amp#27;[2m2025-08-17T13:10:21.839+01:00&amp#27;[0;39m &amp#27;[32mDEBUG&amp#27;[0;39m &amp#27;[35m19131&amp#27;[0;39m &amp#27;[2m---&amp#27;[0;39m &amp#27;[2m[transferer] [           main]&amp#27;[0;39m &amp#27;[2m&amp#27;[0;39m&amp#27;[36mc.t.shared.events.InMemoryEventBus      &amp#27;[0;39m &amp#27;[2m:&amp#27;[0;39m Subscribed handler to event class: PaymentFailedEvent
&amp#27;[2m2025-08-17T13:10:21.842+01:00&amp#27;[0;39m &amp#27;[32mDEBUG&amp#27;[0;39m &amp#27;[35m19131&amp#27;[0;39m &amp#27;[2m---&amp#27;[0;39m &amp#27;[2m[transferer] [       single-1]&amp#27;[0;39m &amp#27;[2m&amp#27;[0;39m&amp#27;[36mio.r2dbc.h2.client.SessionClient        &amp#27;[0;39m &amp#27;[2m:&amp#27;[0;39m Request:  CALL H2VERSION()
&amp#27;[2m2025-08-17T13:10:21.842+01:00&amp#27;[0;39m &amp#27;[32mDEBUG&amp#27;[0;39m &amp#27;[35m19131&amp#27;[0;39m &amp#27;[2m---&amp#27;[0;39m &amp#27;[2m[transferer] [       single-1]&amp#27;[0;39m &amp#27;[2m&amp#27;[0;39m&amp#27;[36mio.r2dbc.h2.client.SessionClient        &amp#27;[0;39m &amp#27;[2m:&amp#27;[0;39m Response: org.h2.result.LocalResult@9236bb6 columns: 1 rows: 1 pos: -1
&amp#27;[2m2025-08-17T13:10:21.842+01:00&amp#27;[0;39m &amp#27;[32mDEBUG&amp#27;[0;39m &amp#27;[35m19131&amp#27;[0;39m &amp#27;[2m---&amp#27;[0;39m &amp#27;[2m[transferer] [       single-1]&amp#27;[0;39m &amp#27;[2m&amp#27;[0;39m&amp#27;[36mio.r2dbc.h2.client.SessionClient        &amp#27;[0;39m &amp#27;[2m:&amp#27;[0;39m Request:  SELECT 1
&amp#27;[2m2025-08-17T13:10:21.842+01:00&amp#27;[0;39m &amp#27;[32mDEBUG&amp#27;[0;39m &amp#27;[35m19131&amp#27;[0;39m &amp#27;[2m---&amp#27;[0;39m &amp#27;[2m[transferer] [       single-1]&amp#27;[0;39m &amp#27;[2m&amp#27;[0;39m&amp#27;[36mio.r2dbc.h2.client.SessionClient        &amp#27;[0;39m &amp#27;[2m:&amp#27;[0;39m Response: org.h2.result.LocalResult@27f9342 columns: 1 rows: 1 pos: -1
&amp#27;[2m2025-08-17T13:10:21.843+01:00&amp#27;[0;39m &amp#27;[32mDEBUG&amp#27;[0;39m &amp#27;[35m19131&amp#27;[0;39m &amp#27;[2m---&amp#27;[0;39m &amp#27;[2m[transferer] [       single-1]&amp#27;[0;39m &amp#27;[2m&amp#27;[0;39m&amp#27;[36mo.s.r2dbc.connection.init.ScriptUtils   &amp#27;[0;39m &amp#27;[2m:&amp#27;[0;39m Executing SQL script from class path resource [test-schema.sql]
&amp#27;[2m2025-08-17T13:10:21.843+01:00&amp#27;[0;39m &amp#27;[32mDEBUG&amp#27;[0;39m &amp#27;[35m19131&amp#27;[0;39m &amp#27;[2m---&amp#27;[0;39m &amp#27;[2m[transferer] [       single-1]&amp#27;[0;39m &amp#27;[2m&amp#27;[0;39m&amp#27;[36mio.r2dbc.h2.client.SessionClient        &amp#27;[0;39m &amp#27;[2m:&amp#27;[0;39m Request:  CALL H2VERSION()
&amp#27;[2m2025-08-17T13:10:21.843+01:00&amp#27;[0;39m &amp#27;[32mDEBUG&amp#27;[0;39m &amp#27;[35m19131&amp#27;[0;39m &amp#27;[2m---&amp#27;[0;39m &amp#27;[2m[transferer] [       single-1]&amp#27;[0;39m &amp#27;[2m&amp#27;[0;39m&amp#27;[36mio.r2dbc.h2.client.SessionClient        &amp#27;[0;39m &amp#27;[2m:&amp#27;[0;39m Response: org.h2.result.LocalResult@4fb78138 columns: 1 rows: 1 pos: -1
&amp#27;[2m2025-08-17T13:10:21.843+01:00&amp#27;[0;39m &amp#27;[32mDEBUG&amp#27;[0;39m &amp#27;[35m19131&amp#27;[0;39m &amp#27;[2m---&amp#27;[0;39m &amp#27;[2m[transferer] [       single-1]&amp#27;[0;39m &amp#27;[2m&amp#27;[0;39m&amp#27;[36mio.r2dbc.h2.client.SessionClient        &amp#27;[0;39m &amp#27;[2m:&amp#27;[0;39m Request:  CALL H2VERSION()
&amp#27;[2m2025-08-17T13:10:21.843+01:00&amp#27;[0;39m &amp#27;[32mDEBUG&amp#27;[0;39m &amp#27;[35m19131&amp#27;[0;39m &amp#27;[2m---&amp#27;[0;39m &amp#27;[2m[transferer] [       single-1]&amp#27;[0;39m &amp#27;[2m&amp#27;[0;39m&amp#27;[36mio.r2dbc.h2.client.SessionClient        &amp#27;[0;39m &amp#27;[2m:&amp#27;[0;39m Response: org.h2.result.LocalResult@5d5b2da3 columns: 1 rows: 1 pos: -1
&amp#27;[2m2025-08-17T13:10:21.844+01:00&amp#27;[0;39m &amp#27;[32mDEBUG&amp#27;[0;39m &amp#27;[35m19131&amp#27;[0;39m &amp#27;[2m---&amp#27;[0;39m &amp#27;[2m[transferer] [       single-1]&amp#27;[0;39m &amp#27;[2m&amp#27;[0;39m&amp#27;[36mio.r2dbc.h2.client.SessionClient        &amp#27;[0;39m &amp#27;[2m:&amp#27;[0;39m Request:  CALL H2VERSION()
&amp#27;[2m2025-08-17T13:10:21.844+01:00&amp#27;[0;39m &amp#27;[32mDEBUG&amp#27;[0;39m &amp#27;[35m19131&amp#27;[0;39m &amp#27;[2m---&amp#27;[0;39m &amp#27;[2m[transferer] [       Thread-2]&amp#27;[0;39m &amp#27;[2m&amp#27;[0;39m&amp#27;[36mio.r2dbc.h2.client.SessionClient        &amp#27;[0;39m &amp#27;[2m:&amp#27;[0;39m Request:  CREATE TABLE IF NOT EXISTS accounts ( id VARCHAR(255) PRIMARY KEY, account_number VARCHAR(20) UNIQUE NOT NULL, holder_name VARCHAR(255) NOT NULL, balance DECIMAL(19,2) NOT NULL DEFAULT 0.00, status VARCHAR(20) NOT NULL DEFAULT 'ACTIVE', created_at TIMESTAMP NOT NULL DEFAULT CURRENT_TIMESTAMP, updated_at TIMESTAMP NOT NULL DEFAULT CURRENT_TIMESTAMP )
&amp#27;[2m2025-08-17T13:10:21.844+01:00&amp#27;[0;39m &amp#27;[32mDEBUG&amp#27;[0;39m &amp#27;[35m19131&amp#27;[0;39m &amp#27;[2m---&amp#27;[0;39m &amp#27;[2m[transferer] [       single-1]&amp#27;[0;39m &amp#27;[2m&amp#27;[0;39m&amp#27;[36mio.r2dbc.h2.client.SessionClient        &amp#27;[0;39m &amp#27;[2m:&amp#27;[0;39m Response: org.h2.result.LocalResult@4db1dd columns: 1 rows: 1 pos: -1
&amp#27;[2m2025-08-17T13:10:21.844+01:00&amp#27;[0;39m &amp#27;[32mDEBUG&amp#27;[0;39m &amp#27;[35m19131&amp#27;[0;39m &amp#27;[2m---&amp#27;[0;39m &amp#27;[2m[transferer] [       Thread-2]&amp#27;[0;39m &amp#27;[2m&amp#27;[0;39m&amp#27;[36mo.s.r2dbc.connection.init.ScriptUtils   &amp#27;[0;39m &amp#27;[2m:&amp#27;[0;39m 0 returned as update count for SQL: CREATE TABLE IF NOT EXISTS accounts ( id VARCHAR(255) PRIMARY KEY, account_number VARCHAR(20) UNIQUE NOT NULL, holder_name VARCHAR(255) NOT NULL, balance DECIMAL(19,2) NOT NULL DEFAULT 0.00, status VARCHAR(20) NOT NULL DEFAULT 'ACTIVE', created_at TIMESTAMP NOT NULL DEFAULT CURRENT_TIMESTAMP, updated_at TIMESTAMP NOT NULL DEFAULT CURRENT_TIMESTAMP )
&amp#27;[2m2025-08-17T13:10:21.844+01:00&amp#27;[0;39m &amp#27;[32mDEBUG&amp#27;[0;39m &amp#27;[35m19131&amp#27;[0;39m &amp#27;[2m---&amp#27;[0;39m &amp#27;[2m[transferer] [       Thread-2]&amp#27;[0;39m &amp#27;[2m&amp#27;[0;39m&amp#27;[36mio.r2dbc.h2.client.SessionClient        &amp#27;[0;39m &amp#27;[2m:&amp#27;[0;39m Request:  CREATE INDEX IF NOT EXISTS idx_accounts_account_number ON accounts (account_number)
&amp#27;[2m2025-08-17T13:10:21.844+01:00&amp#27;[0;39m &amp#27;[32mDEBUG&amp#27;[0;39m &amp#27;[35m19131&amp#27;[0;39m &amp#27;[2m---&amp#27;[0;39m &amp#27;[2m[transferer] [       Thread-2]&amp#27;[0;39m &amp#27;[2m&amp#27;[0;39m&amp#27;[36mo.s.r2dbc.connection.init.ScriptUtils   &amp#27;[0;39m &amp#27;[2m:&amp#27;[0;39m 0 returned as update count for SQL: CREATE INDEX IF NOT EXISTS idx_accounts_account_number ON accounts (account_number)
&amp#27;[2m2025-08-17T13:10:21.844+01:00&amp#27;[0;39m &amp#27;[32mDEBUG&amp#27;[0;39m &amp#27;[35m19131&amp#27;[0;39m &amp#27;[2m---&amp#27;[0;39m &amp#27;[2m[transferer] [       single-1]&amp#27;[0;39m &amp#27;[2m&amp#27;[0;39m&amp#27;[36mio.r2dbc.h2.client.SessionClient        &amp#27;[0;39m &amp#27;[2m:&amp#27;[0;39m Request:  CALL H2VERSION()
&amp#27;[2m2025-08-17T13:10:21.844+01:00&amp#27;[0;39m &amp#27;[32mDEBUG&amp#27;[0;39m &amp#27;[35m19131&amp#27;[0;39m &amp#27;[2m---&amp#27;[0;39m &amp#27;[2m[transferer] [       single-1]&amp#27;[0;39m &amp#27;[2m&amp#27;[0;39m&amp#27;[36mio.r2dbc.h2.client.SessionClient        &amp#27;[0;39m &amp#27;[2m:&amp#27;[0;39m Response: org.h2.result.LocalResult@7e56d715 columns: 1 rows: 1 pos: -1
&amp#27;[2m2025-08-17T13:10:21.844+01:00&amp#27;[0;39m &amp#27;[32mDEBUG&amp#27;[0;39m &amp#27;[35m19131&amp#27;[0;39m &amp#27;[2m---&amp#27;[0;39m &amp#27;[2m[transferer] [       Thread-2]&amp#27;[0;39m &amp#27;[2m&amp#27;[0;39m&amp#27;[36mio.r2dbc.h2.client.SessionClient        &amp#27;[0;39m &amp#27;[2m:&amp#27;[0;39m Request:  CREATE INDEX IF NOT EXISTS idx_accounts_status ON accounts (status)
&amp#27;[2m2025-08-17T13:10:21.844+01:00&amp#27;[0;39m &amp#27;[32mDEBUG&amp#27;[0;39m &amp#27;[35m19131&amp#27;[0;39m &amp#27;[2m---&amp#27;[0;39m &amp#27;[2m[transferer] [       Thread-2]&amp#27;[0;39m &amp#27;[2m&amp#27;[0;39m&amp#27;[36mo.s.r2dbc.connection.init.ScriptUtils   &amp#27;[0;39m &amp#27;[2m:&amp#27;[0;39m 0 returned as update count for SQL: CREATE INDEX IF NOT EXISTS idx_accounts_status ON accounts (status)
&amp#27;[2m2025-08-17T13:10:21.844+01:00&amp#27;[0;39m &amp#27;[32mDEBUG&amp#27;[0;39m &amp#27;[35m19131&amp#27;[0;39m &amp#27;[2m---&amp#27;[0;39m &amp#27;[2m[transferer] [       single-1]&amp#27;[0;39m &amp#27;[2m&amp#27;[0;39m&amp#27;[36mio.r2dbc.h2.client.SessionClient        &amp#27;[0;39m &amp#27;[2m:&amp#27;[0;39m Request:  CALL H2VERSION()
&amp#27;[2m2025-08-17T13:10:21.844+01:00&amp#27;[0;39m &amp#27;[32mDEBUG&amp#27;[0;39m &amp#27;[35m19131&amp#27;[0;39m &amp#27;[2m---&amp#27;[0;39m &amp#27;[2m[transferer] [       Thread-2]&amp#27;[0;39m &amp#27;[2m&amp#27;[0;39m&amp#27;[36mio.r2dbc.h2.client.SessionClient        &amp#27;[0;39m &amp#27;[2m:&amp#27;[0;39m Request:  CREATE TABLE IF NOT EXISTS transactions ( id VARCHAR(255) PRIMARY KEY, sender_account_id VARCHAR(255) NOT NULL, recipient_account_id VARCHAR(255) NOT NULL, amount DECIMAL(19,2) NOT NULL, status VARCHAR(20) NOT NULL DEFAULT 'PENDING', description TEXT, created_at TIMESTAMP NOT NULL DEFAULT CURRENT_TIMESTAMP, updated_at TIMESTAMP NOT NULL DEFAULT CURRENT_TIMESTAMP, completed_at TIMESTAMP NULL, CONSTRAINT fk_transactions_sender FOREIGN KEY (sender_account_id) REFERENCES accounts(id), CONSTRAINT fk_transactions_recipient FOREIGN KEY (recipient_account_id) REFERENCES accounts(id), CONSTRAINT chk_transactions_amount_positive CHECK (amount > 0), CONSTRAINT chk_transactions_different_accounts CHECK (sender_account_id != recipient_account_id) )
&amp#27;[2m2025-08-17T13:10:21.844+01:00&amp#27;[0;39m &amp#27;[32mDEBUG&amp#27;[0;39m &amp#27;[35m19131&amp#27;[0;39m &amp#27;[2m---&amp#27;[0;39m &amp#27;[2m[transferer] [       single-1]&amp#27;[0;39m &amp#27;[2m&amp#27;[0;39m&amp#27;[36mio.r2dbc.h2.client.SessionClient        &amp#27;[0;39m &amp#27;[2m:&amp#27;[0;39m Response: org.h2.result.LocalResult@d1b37a6 columns: 1 rows: 1 pos: -1
&amp#27;[2m2025-08-17T13:10:21.844+01:00&amp#27;[0;39m &amp#27;[32mDEBUG&amp#27;[0;39m &amp#27;[35m19131&amp#27;[0;39m &amp#27;[2m---&amp#27;[0;39m &amp#27;[2m[transferer] [       Thread-2]&amp#27;[0;39m &amp#27;[2m&amp#27;[0;39m&amp#27;[36mo.s.r2dbc.connection.init.ScriptUtils   &amp#27;[0;39m &amp#27;[2m:&amp#27;[0;39m 0 returned as update count for SQL: CREATE TABLE IF NOT EXISTS transactions ( id VARCHAR(255) PRIMARY KEY, sender_account_id VARCHAR(255) NOT NULL, recipient_account_id VARCHAR(255) NOT NULL, amount DECIMAL(19,2) NOT NULL, status VARCHAR(20) NOT NULL DEFAULT 'PENDING', description TEXT, created_at TIMESTAMP NOT NULL DEFAULT CURRENT_TIMESTAMP, updated_at TIMESTAMP NOT NULL DEFAULT CURRENT_TIMESTAMP, completed_at TIMESTAMP NULL, CONSTRAINT fk_transactions_sender FOREIGN KEY (sender_account_id) REFERENCES accounts(id), CONSTRAINT fk_transactions_recipient FOREIGN KEY (recipient_account_id) REFERENCES accounts(id), CONSTRAINT chk_transactions_amount_positive CHECK (amount > 0), CONSTRAINT chk_transactions_different_accounts CHECK (sender_account_id != recipient_account_id) )
&amp#27;[2m2025-08-17T13:10:21.844+01:00&amp#27;[0;39m &amp#27;[32mDEBUG&amp#27;[0;39m &amp#27;[35m19131&amp#27;[0;39m &amp#27;[2m---&amp#27;[0;39m &amp#27;[2m[transferer] [       Thread-2]&amp#27;[0;39m &amp#27;[2m&amp#27;[0;39m&amp#27;[36mio.r2dbc.h2.client.SessionClient        &amp#27;[0;39m &amp#27;[2m:&amp#27;[0;39m Request:  CREATE INDEX IF NOT EXISTS idx_transactions_sender_account_id ON transactions (sender_account_id)
&amp#27;[2m2025-08-17T13:10:21.845+01:00&amp#27;[0;39m &amp#27;[32mDEBUG&amp#27;[0;39m &amp#27;[35m19131&amp#27;[0;39m &amp#27;[2m---&amp#27;[0;39m &amp#27;[2m[transferer] [       Thread-2]&amp#27;[0;39m &amp#27;[2m&amp#27;[0;39m&amp#27;[36mo.s.r2dbc.connection.init.ScriptUtils   &amp#27;[0;39m &amp#27;[2m:&amp#27;[0;39m 0 returned as update count for SQL: CREATE INDEX IF NOT EXISTS idx_transactions_sender_account_id ON transactions (sender_account_id)
&amp#27;[2m2025-08-17T13:10:21.845+01:00&amp#27;[0;39m &amp#27;[32mDEBUG&amp#27;[0;39m &amp#27;[35m19131&amp#27;[0;39m &amp#27;[2m---&amp#27;[0;39m &amp#27;[2m[transferer] [       single-1]&amp#27;[0;39m &amp#27;[2m&amp#27;[0;39m&amp#27;[36mio.r2dbc.h2.client.SessionClient        &amp#27;[0;39m &amp#27;[2m:&amp#27;[0;39m Request:  CALL H2VERSION()
&amp#27;[2m2025-08-17T13:10:21.845+01:00&amp#27;[0;39m &amp#27;[32mDEBUG&amp#27;[0;39m &amp#27;[35m19131&amp#27;[0;39m &amp#27;[2m---&amp#27;[0;39m &amp#27;[2m[transferer] [       single-1]&amp#27;[0;39m &amp#27;[2m&amp#27;[0;39m&amp#27;[36mio.r2dbc.h2.client.SessionClient        &amp#27;[0;39m &amp#27;[2m:&amp#27;[0;39m Response: org.h2.result.LocalResult@9293593 columns: 1 rows: 1 pos: -1
&amp#27;[2m2025-08-17T13:10:21.845+01:00&amp#27;[0;39m &amp#27;[32mDEBUG&amp#27;[0;39m &amp#27;[35m19131&amp#27;[0;39m &amp#27;[2m---&amp#27;[0;39m &amp#27;[2m[transferer] [       Thread-2]&amp#27;[0;39m &amp#27;[2m&amp#27;[0;39m&amp#27;[36mio.r2dbc.h2.client.SessionClient        &amp#27;[0;39m &amp#27;[2m:&amp#27;[0;39m Request:  CREATE INDEX IF NOT EXISTS idx_transactions_recipient_account_id ON transactions (recipient_account_id)
&amp#27;[2m2025-08-17T13:10:21.845+01:00&amp#27;[0;39m &amp#27;[32mDEBUG&amp#27;[0;39m &amp#27;[35m19131&amp#27;[0;39m &amp#27;[2m---&amp#27;[0;39m &amp#27;[2m[transferer] [       Thread-2]&amp#27;[0;39m &amp#27;[2m&amp#27;[0;39m&amp#27;[36mo.s.r2dbc.connection.init.ScriptUtils   &amp#27;[0;39m &amp#27;[2m:&amp#27;[0;39m 0 returned as update count for SQL: CREATE INDEX IF NOT EXISTS idx_transactions_recipient_account_id ON transactions (recipient_account_id)
&amp#27;[2m2025-08-17T13:10:21.845+01:00&amp#27;[0;39m &amp#27;[32mDEBUG&amp#27;[0;39m &amp#27;[35m19131&amp#27;[0;39m &amp#27;[2m---&amp#27;[0;39m &amp#27;[2m[transferer] [       Thread-2]&amp#27;[0;39m &amp#27;[2m&amp#27;[0;39m&amp#27;[36mio.r2dbc.h2.client.SessionClient        &amp#27;[0;39m &amp#27;[2m:&amp#27;[0;39m Request:  CREATE INDEX IF NOT EXISTS idx_transactions_status ON transactions (status)
&amp#27;[2m2025-08-17T13:10:21.845+01:00&amp#27;[0;39m &amp#27;[32mDEBUG&amp#27;[0;39m &amp#27;[35m19131&amp#27;[0;39m &amp#27;[2m---&amp#27;[0;39m &amp#27;[2m[transferer] [       single-1]&amp#27;[0;39m &amp#27;[2m&amp#27;[0;39m&amp#27;[36mio.r2dbc.h2.client.SessionClient        &amp#27;[0;39m &amp#27;[2m:&amp#27;[0;39m Request:  CALL H2VERSION()
&amp#27;[2m2025-08-17T13:10:21.845+01:00&amp#27;[0;39m &amp#27;[32mDEBUG&amp#27;[0;39m &amp#27;[35m19131&amp#27;[0;39m &amp#27;[2m---&amp#27;[0;39m &amp#27;[2m[transferer] [       Thread-2]&amp#27;[0;39m &amp#27;[2m&amp#27;[0;39m&amp#27;[36mo.s.r2dbc.connection.init.ScriptUtils   &amp#27;[0;39m &amp#27;[2m:&amp#27;[0;39m 0 returned as update count for SQL: CREATE INDEX IF NOT EXISTS idx_transactions_status ON transactions (status)
&amp#27;[2m2025-08-17T13:10:21.845+01:00&amp#27;[0;39m &amp#27;[32mDEBUG&amp#27;[0;39m &amp#27;[35m19131&amp#27;[0;39m &amp#27;[2m---&amp#27;[0;39m &amp#27;[2m[transferer] [       single-1]&amp#27;[0;39m &amp#27;[2m&amp#27;[0;39m&amp#27;[36mio.r2dbc.h2.client.SessionClient        &amp#27;[0;39m &amp#27;[2m:&amp#27;[0;39m Response: org.h2.result.LocalResult@6487ae32 columns: 1 rows: 1 pos: -1
&amp#27;[2m2025-08-17T13:10:21.845+01:00&amp#27;[0;39m &amp#27;[32mDEBUG&amp#27;[0;39m &amp#27;[35m19131&amp#27;[0;39m &amp#27;[2m---&amp#27;[0;39m &amp#27;[2m[transferer] [       Thread-2]&amp#27;[0;39m &amp#27;[2m&amp#27;[0;39m&amp#27;[36mio.r2dbc.h2.client.SessionClient        &amp#27;[0;39m &amp#27;[2m:&amp#27;[0;39m Request:  CREATE INDEX IF NOT EXISTS idx_transactions_created_at ON transactions (created_at)
&amp#27;[2m2025-08-17T13:10:21.845+01:00&amp#27;[0;39m &amp#27;[32mDEBUG&amp#27;[0;39m &amp#27;[35m19131&amp#27;[0;39m &amp#27;[2m---&amp#27;[0;39m &amp#27;[2m[transferer] [       Thread-2]&amp#27;[0;39m &amp#27;[2m&amp#27;[0;39m&amp#27;[36mo.s.r2dbc.connection.init.ScriptUtils   &amp#27;[0;39m &amp#27;[2m:&amp#27;[0;39m 0 returned as update count for SQL: CREATE INDEX IF NOT EXISTS idx_transactions_created_at ON transactions (created_at)
&amp#27;[2m2025-08-17T13:10:21.845+01:00&amp#27;[0;39m &amp#27;[32mDEBUG&amp#27;[0;39m &amp#27;[35m19131&amp#27;[0;39m &amp#27;[2m---&amp#27;[0;39m &amp#27;[2m[transferer] [       single-1]&amp#27;[0;39m &amp#27;[2m&amp#27;[0;39m&amp#27;[36mio.r2dbc.h2.client.SessionClient        &amp#27;[0;39m &amp#27;[2m:&amp#27;[0;39m Request:  CALL H2VERSION()
&amp#27;[2m2025-08-17T13:10:21.845+01:00&amp#27;[0;39m &amp#27;[32mDEBUG&amp#27;[0;39m &amp#27;[35m19131&amp#27;[0;39m &amp#27;[2m---&amp#27;[0;39m &amp#27;[2m[transferer] [       single-1]&amp#27;[0;39m &amp#27;[2m&amp#27;[0;39m&amp#27;[36mio.r2dbc.h2.client.SessionClient        &amp#27;[0;39m &amp#27;[2m:&amp#27;[0;39m Response: org.h2.result.LocalResult@2c2133c8 columns: 1 rows: 1 pos: -1
&amp#27;[2m2025-08-17T13:10:21.845+01:00&amp#27;[0;39m &amp#27;[32mDEBUG&amp#27;[0;39m &amp#27;[35m19131&amp#27;[0;39m &amp#27;[2m---&amp#27;[0;39m &amp#27;[2m[transferer] [       Thread-2]&amp#27;[0;39m &amp#27;[2m&amp#27;[0;39m&amp#27;[36mio.r2dbc.h2.client.SessionClient        &amp#27;[0;39m &amp#27;[2m:&amp#27;[0;39m Request:  CREATE TABLE IF NOT EXISTS payments ( id VARCHAR(255) PRIMARY KEY, transaction_id VARCHAR(255), sender_account_id VARCHAR(255) NOT NULL, recipient_account_id VARCHAR(255) NOT NULL, amount DECIMAL(19,2) NOT NULL, description TEXT, status VARCHAR(20) NOT NULL DEFAULT 'PENDING', current_step VARCHAR(50) NOT NULL DEFAULT 'INITIATED', failure_reason TEXT, created_at TIMESTAMP NOT NULL DEFAULT CURRENT_TIMESTAMP, updated_at TIMESTAMP NOT NULL DEFAULT CURRENT_TIMESTAMP, completed_at TIMESTAMP NULL, CONSTRAINT fk_payments_transaction FOREIGN KEY (transaction_id) REFERENCES transactions(id), CONSTRAINT fk_payments_sender FOREIGN KEY (sender_account_id) REFERENCES accounts(id), CONSTRAINT fk_payments_recipient FOREIGN KEY (recipient_account_id) REFERENCES accounts(id), CONSTRAINT chk_payments_amount_positive CHECK (amount > 0), CONSTRAINT chk_payments_different_accounts CHECK (sender_account_id != recipient_account_id) )
&amp#27;[2m2025-08-17T13:10:21.845+01:00&amp#27;[0;39m &amp#27;[32mDEBUG&amp#27;[0;39m &amp#27;[35m19131&amp#27;[0;39m &amp#27;[2m---&amp#27;[0;39m &amp#27;[2m[transferer] [       Thread-2]&amp#27;[0;39m &amp#27;[2m&amp#27;[0;39m&amp#27;[36mo.s.r2dbc.connection.init.ScriptUtils   &amp#27;[0;39m &amp#27;[2m:&amp#27;[0;39m 0 returned as update count for SQL: CREATE TABLE IF NOT EXISTS payments ( id VARCHAR(255) PRIMARY KEY, transaction_id VARCHAR(255), sender_account_id VARCHAR(255) NOT NULL, recipient_account_id VARCHAR(255) NOT NULL, amount DECIMAL(19,2) NOT NULL, description TEXT, status VARCHAR(20) NOT NULL DEFAULT 'PENDING', current_step VARCHAR(50) NOT NULL DEFAULT 'INITIATED', failure_reason TEXT, created_at TIMESTAMP NOT NULL DEFAULT CURRENT_TIMESTAMP, updated_at TIMESTAMP NOT NULL DEFAULT CURRENT_TIMESTAMP, completed_at TIMESTAMP NULL, CONSTRAINT fk_payments_transaction FOREIGN KEY (transaction_id) REFERENCES transactions(id), CONSTRAINT fk_payments_sender FOREIGN KEY (sender_account_id) REFERENCES accounts(id), CONSTRAINT fk_payments_recipient FOREIGN KEY (recipient_account_id) REFERENCES accounts(id), CONSTRAINT chk_payments_amount_positive CHECK (amount > 0), CONSTRAINT chk_payments_different_accounts CHECK (sender_account_id != recipient_account_id) )
&amp#27;[2m2025-08-17T13:10:21.845+01:00&amp#27;[0;39m &amp#27;[32mDEBUG&amp#27;[0;39m &amp#27;[35m19131&amp#27;[0;39m &amp#27;[2m---&amp#27;[0;39m &amp#27;[2m[transferer] [       Thread-2]&amp#27;[0;39m &amp#27;[2m&amp#27;[0;39m&amp#27;[36mio.r2dbc.h2.client.SessionClient        &amp#27;[0;39m &amp#27;[2m:&amp#27;[0;39m Request:  CREATE INDEX IF NOT EXISTS idx_payments_transaction_id ON payments (transaction_id)
&amp#27;[2m2025-08-17T13:10:21.845+01:00&amp#27;[0;39m &amp#27;[32mDEBUG&amp#27;[0;39m &amp#27;[35m19131&amp#27;[0;39m &amp#27;[2m---&amp#27;[0;39m &amp#27;[2m[transferer] [       single-1]&amp#27;[0;39m &amp#27;[2m&amp#27;[0;39m&amp#27;[36mio.r2dbc.h2.client.SessionClient        &amp#27;[0;39m &amp#27;[2m:&amp#27;[0;39m Request:  CALL H2VERSION()
&amp#27;[2m2025-08-17T13:10:21.845+01:00&amp#27;[0;39m &amp#27;[32mDEBUG&amp#27;[0;39m &amp#27;[35m19131&amp#27;[0;39m &amp#27;[2m---&amp#27;[0;39m &amp#27;[2m[transferer] [       Thread-2]&amp#27;[0;39m &amp#27;[2m&amp#27;[0;39m&amp#27;[36mo.s.r2dbc.connection.init.ScriptUtils   &amp#27;[0;39m &amp#27;[2m:&amp#27;[0;39m 0 returned as update count for SQL: CREATE INDEX IF NOT EXISTS idx_payments_transaction_id ON payments (transaction_id)
&amp#27;[2m2025-08-17T13:10:21.845+01:00&amp#27;[0;39m &amp#27;[32mDEBUG&amp#27;[0;39m &amp#27;[35m19131&amp#27;[0;39m &amp#27;[2m---&amp#27;[0;39m &amp#27;[2m[transferer] [       single-1]&amp#27;[0;39m &amp#27;[2m&amp#27;[0;39m&amp#27;[36mio.r2dbc.h2.client.SessionClient        &amp#27;[0;39m &amp#27;[2m:&amp#27;[0;39m Response: org.h2.result.LocalResult@785397ed columns: 1 rows: 1 pos: -1
&amp#27;[2m2025-08-17T13:10:21.845+01:00&amp#27;[0;39m &amp#27;[32mDEBUG&amp#27;[0;39m &amp#27;[35m19131&amp#27;[0;39m &amp#27;[2m---&amp#27;[0;39m &amp#27;[2m[transferer] [       Thread-2]&amp#27;[0;39m &amp#27;[2m&amp#27;[0;39m&amp#27;[36mio.r2dbc.h2.client.SessionClient        &amp#27;[0;39m &amp#27;[2m:&amp#27;[0;39m Request:  CREATE INDEX IF NOT EXISTS idx_payments_sender_account_id ON payments (sender_account_id)
&amp#27;[2m2025-08-17T13:10:21.846+01:00&amp#27;[0;39m &amp#27;[32mDEBUG&amp#27;[0;39m &amp#27;[35m19131&amp#27;[0;39m &amp#27;[2m---&amp#27;[0;39m &amp#27;[2m[transferer] [       Thread-2]&amp#27;[0;39m &amp#27;[2m&amp#27;[0;39m&amp#27;[36mo.s.r2dbc.connection.init.ScriptUtils   &amp#27;[0;39m &amp#27;[2m:&amp#27;[0;39m 0 returned as update count for SQL: CREATE INDEX IF NOT EXISTS idx_payments_sender_account_id ON payments (sender_account_id)
&amp#27;[2m2025-08-17T13:10:21.846+01:00&amp#27;[0;39m &amp#27;[32mDEBUG&amp#27;[0;39m &amp#27;[35m19131&amp#27;[0;39m &amp#27;[2m---&amp#27;[0;39m &amp#27;[2m[transferer] [       Thread-2]&amp#27;[0;39m &amp#27;[2m&amp#27;[0;39m&amp#27;[36mio.r2dbc.h2.client.SessionClient        &amp#27;[0;39m &amp#27;[2m:&amp#27;[0;39m Request:  CREATE INDEX IF NOT EXISTS idx_payments_recipient_account_id ON payments (recipient_account_id)
&amp#27;[2m2025-08-17T13:10:21.846+01:00&amp#27;[0;39m &amp#27;[32mDEBUG&amp#27;[0;39m &amp#27;[35m19131&amp#27;[0;39m &amp#27;[2m---&amp#27;[0;39m &amp#27;[2m[transferer] [       Thread-2]&amp#27;[0;39m &amp#27;[2m&amp#27;[0;39m&amp#27;[36mo.s.r2dbc.connection.init.ScriptUtils   &amp#27;[0;39m &amp#27;[2m:&amp#27;[0;39m 0 returned as update count for SQL: CREATE INDEX IF NOT EXISTS idx_payments_recipient_account_id ON payments (recipient_account_id)
&amp#27;[2m2025-08-17T13:10:21.846+01:00&amp#27;[0;39m &amp#27;[32mDEBUG&amp#27;[0;39m &amp#27;[35m19131&amp#27;[0;39m &amp#27;[2m---&amp#27;[0;39m &amp#27;[2m[transferer] [       Thread-2]&amp#27;[0;39m &amp#27;[2m&amp#27;[0;39m&amp#27;[36mio.r2dbc.h2.client.SessionClient        &amp#27;[0;39m &amp#27;[2m:&amp#27;[0;39m Request:  CREATE INDEX IF NOT EXISTS idx_payments_status ON payments (status)
&amp#27;[2m2025-08-17T13:10:21.846+01:00&amp#27;[0;39m &amp#27;[32mDEBUG&amp#27;[0;39m &amp#27;[35m19131&amp#27;[0;39m &amp#27;[2m---&amp#27;[0;39m &amp#27;[2m[transferer] [       Thread-2]&amp#27;[0;39m &amp#27;[2m&amp#27;[0;39m&amp#27;[36mo.s.r2dbc.connection.init.ScriptUtils   &amp#27;[0;39m &amp#27;[2m:&amp#27;[0;39m 0 returned as update count for SQL: CREATE INDEX IF NOT EXISTS idx_payments_status ON payments (status)
&amp#27;[2m2025-08-17T13:10:21.846+01:00&amp#27;[0;39m &amp#27;[32mDEBUG&amp#27;[0;39m &amp#27;[35m19131&amp#27;[0;39m &amp#27;[2m---&amp#27;[0;39m &amp#27;[2m[transferer] [       Thread-2]&amp#27;[0;39m &amp#27;[2m&amp#27;[0;39m&amp#27;[36mio.r2dbc.h2.client.SessionClient        &amp#27;[0;39m &amp#27;[2m:&amp#27;[0;39m Request:  CREATE INDEX IF NOT EXISTS idx_payments_current_step ON payments (current_step)
&amp#27;[2m2025-08-17T13:10:21.846+01:00&amp#27;[0;39m &amp#27;[32mDEBUG&amp#27;[0;39m &amp#27;[35m19131&amp#27;[0;39m &amp#27;[2m---&amp#27;[0;39m &amp#27;[2m[transferer] [       Thread-2]&amp#27;[0;39m &amp#27;[2m&amp#27;[0;39m&amp#27;[36mo.s.r2dbc.connection.init.ScriptUtils   &amp#27;[0;39m &amp#27;[2m:&amp#27;[0;39m 0 returned as update count for SQL: CREATE INDEX IF NOT EXISTS idx_payments_current_step ON payments (current_step)
&amp#27;[2m2025-08-17T13:10:21.846+01:00&amp#27;[0;39m &amp#27;[32mDEBUG&amp#27;[0;39m &amp#27;[35m19131&amp#27;[0;39m &amp#27;[2m---&amp#27;[0;39m &amp#27;[2m[transferer] [       Thread-2]&amp#27;[0;39m &amp#27;[2m&amp#27;[0;39m&amp#27;[36mio.r2dbc.h2.client.SessionClient        &amp#27;[0;39m &amp#27;[2m:&amp#27;[0;39m Request:  CREATE INDEX IF NOT EXISTS idx_payments_created_at ON payments (created_at)
&amp#27;[2m2025-08-17T13:10:21.846+01:00&amp#27;[0;39m &amp#27;[32mDEBUG&amp#27;[0;39m &amp#27;[35m19131&amp#27;[0;39m &amp#27;[2m---&amp#27;[0;39m &amp#27;[2m[transferer] [       Thread-2]&amp#27;[0;39m &amp#27;[2m&amp#27;[0;39m&amp#27;[36mo.s.r2dbc.connection.init.ScriptUtils   &amp#27;[0;39m &amp#27;[2m:&amp#27;[0;39m 0 returned as update count for SQL: CREATE INDEX IF NOT EXISTS idx_payments_created_at ON payments (created_at)
&amp#27;[2m2025-08-17T13:10:21.846+01:00&amp#27;[0;39m &amp#27;[32mDEBUG&amp#27;[0;39m &amp#27;[35m19131&amp#27;[0;39m &amp#27;[2m---&amp#27;[0;39m &amp#27;[2m[transferer] [       Thread-2]&amp#27;[0;39m &amp#27;[2m&amp#27;[0;39m&amp#27;[36mio.r2dbc.h2.client.SessionClient        &amp#27;[0;39m &amp#27;[2m:&amp#27;[0;39m Request:  CREATE TABLE IF NOT EXISTS outbox_events ( id BIGINT AUTO_INCREMENT PRIMARY KEY, event_id VARCHAR(255) UNIQUE NOT NULL, event_type VARCHAR(255) NOT NULL, aggregate_id VARCHAR(255) NOT NULL, event_data CLOB NOT NULL, occurred_at TIMESTAMP NOT NULL, processed_at TIMESTAMP NULL, created_at TIMESTAMP NOT NULL DEFAULT CURRENT_TIMESTAMP )
&amp#27;[2m2025-08-17T13:10:21.846+01:00&amp#27;[0;39m &amp#27;[32mDEBUG&amp#27;[0;39m &amp#27;[35m19131&amp#27;[0;39m &amp#27;[2m---&amp#27;[0;39m &amp#27;[2m[transferer] [       Thread-2]&amp#27;[0;39m &amp#27;[2m&amp#27;[0;39m&amp#27;[36mo.s.r2dbc.connection.init.ScriptUtils   &amp#27;[0;39m &amp#27;[2m:&amp#27;[0;39m 0 returned as update count for SQL: CREATE TABLE IF NOT EXISTS outbox_events ( id BIGINT AUTO_INCREMENT PRIMARY KEY, event_id VARCHAR(255) UNIQUE NOT NULL, event_type VARCHAR(255) NOT NULL, aggregate_id VARCHAR(255) NOT NULL, event_data CLOB NOT NULL, occurred_at TIMESTAMP NOT NULL, processed_at TIMESTAMP NULL, created_at TIMESTAMP NOT NULL DEFAULT CURRENT_TIMESTAMP )
&amp#27;[2m2025-08-17T13:10:21.846+01:00&amp#27;[0;39m &amp#27;[32mDEBUG&amp#27;[0;39m &amp#27;[35m19131&amp#27;[0;39m &amp#27;[2m---&amp#27;[0;39m &amp#27;[2m[transferer] [       Thread-2]&amp#27;[0;39m &amp#27;[2m&amp#27;[0;39m&amp#27;[36mio.r2dbc.h2.client.SessionClient        &amp#27;[0;39m &amp#27;[2m:&amp#27;[0;39m Request:  CREATE INDEX IF NOT EXISTS idx_outbox_events_processed_at ON outbox_events (processed_at)
&amp#27;[2m2025-08-17T13:10:21.846+01:00&amp#27;[0;39m &amp#27;[32mDEBUG&amp#27;[0;39m &amp#27;[35m19131&amp#27;[0;39m &amp#27;[2m---&amp#27;[0;39m &amp#27;[2m[transferer] [       Thread-2]&amp#27;[0;39m &amp#27;[2m&amp#27;[0;39m&amp#27;[36mo.s.r2dbc.connection.init.ScriptUtils   &amp#27;[0;39m &amp#27;[2m:&amp#27;[0;39m 0 returned as update count for SQL: CREATE INDEX IF NOT EXISTS idx_outbox_events_processed_at ON outbox_events (processed_at)
&amp#27;[2m2025-08-17T13:10:21.846+01:00&amp#27;[0;39m &amp#27;[32mDEBUG&amp#27;[0;39m &amp#27;[35m19131&amp#27;[0;39m &amp#27;[2m---&amp#27;[0;39m &amp#27;[2m[transferer] [       Thread-2]&amp#27;[0;39m &amp#27;[2m&amp#27;[0;39m&amp#27;[36mio.r2dbc.h2.client.SessionClient        &amp#27;[0;39m &amp#27;[2m:&amp#27;[0;39m Request:  CREATE INDEX IF NOT EXISTS idx_outbox_events_event_type ON outbox_events (event_type)
&amp#27;[2m2025-08-17T13:10:21.846+01:00&amp#27;[0;39m &amp#27;[32mDEBUG&amp#27;[0;39m &amp#27;[35m19131&amp#27;[0;39m &amp#27;[2m---&amp#27;[0;39m &amp#27;[2m[transferer] [       Thread-2]&amp#27;[0;39m &amp#27;[2m&amp#27;[0;39m&amp#27;[36mo.s.r2dbc.connection.init.ScriptUtils   &amp#27;[0;39m &amp#27;[2m:&amp#27;[0;39m 0 returned as update count for SQL: CREATE INDEX IF NOT EXISTS idx_outbox_events_event_type ON outbox_events (event_type)
&amp#27;[2m2025-08-17T13:10:21.847+01:00&amp#27;[0;39m &amp#27;[32mDEBUG&amp#27;[0;39m &amp#27;[35m19131&amp#27;[0;39m &amp#27;[2m---&amp#27;[0;39m &amp#27;[2m[transferer] [       Thread-2]&amp#27;[0;39m &amp#27;[2m&amp#27;[0;39m&amp#27;[36mio.r2dbc.h2.client.SessionClient        &amp#27;[0;39m &amp#27;[2m:&amp#27;[0;39m Request:  CREATE INDEX IF NOT EXISTS idx_outbox_events_occurred_at ON outbox_events (occurred_at)
&amp#27;[2m2025-08-17T13:10:21.847+01:00&amp#27;[0;39m &amp#27;[32mDEBUG&amp#27;[0;39m &amp#27;[35m19131&amp#27;[0;39m &amp#27;[2m---&amp#27;[0;39m &amp#27;[2m[transferer] [       Thread-2]&amp#27;[0;39m &amp#27;[2m&amp#27;[0;39m&amp#27;[36mo.s.r2dbc.connection.init.ScriptUtils   &amp#27;[0;39m &amp#27;[2m:&amp#27;[0;39m 0 returned as update count for SQL: CREATE INDEX IF NOT EXISTS idx_outbox_events_occurred_at ON outbox_events (occurred_at)
&amp#27;[2m2025-08-17T13:10:21.847+01:00&amp#27;[0;39m &amp#27;[32mDEBUG&amp#27;[0;39m &amp#27;[35m19131&amp#27;[0;39m &amp#27;[2m---&amp#27;[0;39m &amp#27;[2m[transferer] [       Thread-2]&amp#27;[0;39m &amp#27;[2m&amp#27;[0;39m&amp#27;[36mo.s.r2dbc.connection.init.ScriptUtils   &amp#27;[0;39m &amp#27;[2m:&amp#27;[0;39m Executed SQL script from class path resource [test-schema.sql] in 4 ms.
&amp#27;[2m2025-08-17T13:10:21.847+01:00&amp#27;[0;39m &amp#27;[32mDEBUG&amp#27;[0;39m &amp#27;[35m19131&amp#27;[0;39m &amp#27;[2m---&amp#27;[0;39m &amp#27;[2m[transferer] [       Thread-2]&amp#27;[0;39m &amp#27;[2m&amp#27;[0;39m&amp#27;[36mio.r2dbc.h2.client.SessionClient        &amp#27;[0;39m &amp#27;[2m:&amp#27;[0;39m Request:  SELECT CURRENT_TIMESTAMP
&amp#27;[2m2025-08-17T13:10:21.847+01:00&amp#27;[0;39m &amp#27;[32mDEBUG&amp#27;[0;39m &amp#27;[35m19131&amp#27;[0;39m &amp#27;[2m---&amp#27;[0;39m &amp#27;[2m[transferer] [       Thread-2]&amp#27;[0;39m &amp#27;[2m&amp#27;[0;39m&amp#27;[36mio.r2dbc.h2.client.SessionClient        &amp#27;[0;39m &amp#27;[2m:&amp#27;[0;39m Response: org.h2.result.LocalResult@1b7e0049 columns: 1 rows: 1 pos: -1
&amp#27;[2m2025-08-17T13:10:21.849+01:00&amp#27;[0;39m &amp#27;[32m INFO&amp#27;[0;39m &amp#27;[35m19131&amp#27;[0;39m &amp#27;[2m---&amp#27;[0;39m &amp#27;[2m[transferer] [           main]&amp#27;[0;39m &amp#27;[2m&amp#27;[0;39m&amp#27;[36mc.t.p.PaymentSagaDbIntegrationTest      &amp#27;[0;39m &amp#27;[2m:&amp#27;[0;39m Started PaymentSagaDbIntegrationTest in 0.102 seconds (process running for 1.16)
&amp#27;[2m2025-08-17T13:10:22.120+01:00&amp#27;[0;39m &amp#27;[32mDEBUG&amp#27;[0;39m &amp#27;[35m19131&amp#27;[0;39m &amp#27;[2m---&amp#27;[0;39m &amp#27;[2m[transferer] [           main]&amp#27;[0;39m &amp#27;[2m&amp#27;[0;39m&amp#27;[36mo.s.r.c.R2dbcTransactionManager         &amp#27;[0;39m &amp#27;[2m:&amp#27;[0;39m Creating new transaction with name [com.transferer.account.application.AccountService.openAccount]: PROPAGATION_REQUIRED,ISOLATION_DEFAULT
&amp#27;[2m2025-08-17T13:10:22.121+01:00&amp#27;[0;39m &amp#27;[32mDEBUG&amp#27;[0;39m &amp#27;[35m19131&amp#27;[0;39m &amp#27;[2m---&amp#27;[0;39m &amp#27;[2m[transferer] [           main]&amp#27;[0;39m &amp#27;[2m&amp#27;[0;39m&amp#27;[36mio.r2dbc.h2.client.SessionClient        &amp#27;[0;39m &amp#27;[2m:&amp#27;[0;39m Request:  SELECT 1
&amp#27;[2m2025-08-17T13:10:22.122+01:00&amp#27;[0;39m &amp#27;[32mDEBUG&amp#27;[0;39m &amp#27;[35m19131&amp#27;[0;39m &amp#27;[2m---&amp#27;[0;39m &amp#27;[2m[transferer] [           main]&amp#27;[0;39m &amp#27;[2m&amp#27;[0;39m&amp#27;[36mio.r2dbc.h2.client.SessionClient        &amp#27;[0;39m &amp#27;[2m:&amp#27;[0;39m Response: org.h2.result.LocalResult@d16209e columns: 1 rows: 1 pos: -1
&amp#27;[2m2025-08-17T13:10:22.122+01:00&amp#27;[0;39m &amp#27;[32mDEBUG&amp#27;[0;39m &amp#27;[35m19131&amp#27;[0;39m &amp#27;[2m---&amp#27;[0;39m &amp#27;[2m[transferer] [           main]&amp#27;[0;39m &amp#27;[2m&amp#27;[0;39m&amp#27;[36mo.s.r.c.R2dbcTransactionManager         &amp#27;[0;39m &amp#27;[2m:&amp#27;[0;39m Acquired Connection [PooledConnection[io.r2dbc.h2.H2Connection@75527e36]] for R2DBC transaction
&amp#27;[2m2025-08-17T13:10:22.122+01:00&amp#27;[0;39m &amp#27;[32mDEBUG&amp#27;[0;39m &amp#27;[35m19131&amp#27;[0;39m &amp#27;[2m---&amp#27;[0;39m &amp#27;[2m[transferer] [           main]&amp#27;[0;39m &amp#27;[2m&amp#27;[0;39m&amp#27;[36mo.s.r.c.R2dbcTransactionManager         &amp#27;[0;39m &amp#27;[2m:&amp#27;[0;39m Starting R2DBC transaction on Connection [PooledConnection[io.r2dbc.h2.H2Connection@75527e36]] using [ExtendedTransactionDefinition [transactionName='com.transferer.account.application.AccountService.openAccount', readOnly=false, isolationLevel=null, lockWaitTimeout=PT0S]]
&amp#27;[2m2025-08-17T13:10:22.123+01:00&amp#27;[0;39m &amp#27;[33m WARN&amp#27;[0;39m &amp#27;[35m19131&amp#27;[0;39m &amp#27;[2m---&amp#27;[0;39m &amp#27;[2m[transferer] [           main]&amp#27;[0;39m &amp#27;[2m&amp#27;[0;39m&amp#27;[36mio.r2dbc.h2.H2Connection                &amp#27;[0;39m &amp#27;[2m:&amp#27;[0;39m Option{name='readOnly', sensitive=false} + isn't supported in H2 at the transaction level. You must set it on conenction URL. See http://www.h2database.com/html/features.html#read_only
&amp#27;[2m2025-08-17T13:10:22.136+01:00&amp#27;[0;39m &amp#27;[32mDEBUG&amp#27;[0;39m &amp#27;[35m19131&amp#27;[0;39m &amp#27;[2m---&amp#27;[0;39m &amp#27;[2m[transferer] [           main]&amp#27;[0;39m &amp#27;[2m&amp#27;[0;39m&amp#27;[36mo.s.r2dbc.core.DefaultDatabaseClient    &amp#27;[0;39m &amp#27;[2m:&amp#27;[0;39m Executing SQL statement [SELECT accounts.ID FROM accounts WHERE accounts.account_number = $1 LIMIT 1]
&amp#27;[2m2025-08-17T13:10:22.138+01:00&amp#27;[0;39m &amp#27;[32mDEBUG&amp#27;[0;39m &amp#27;[35m19131&amp#27;[0;39m &amp#27;[2m---&amp#27;[0;39m &amp#27;[2m[transferer] [           main]&amp#27;[0;39m &amp#27;[2m&amp#27;[0;39m&amp#27;[36mio.r2dbc.h2.client.SessionClient        &amp#27;[0;39m &amp#27;[2m:&amp#27;[0;39m Request:  SELECT accounts.ID FROM accounts WHERE accounts.account_number = $1 LIMIT 1 {1: '0020361567'}
&amp#27;[2m2025-08-17T13:10:22.138+01:00&amp#27;[0;39m &amp#27;[32mDEBUG&amp#27;[0;39m &amp#27;[35m19131&amp#27;[0;39m &amp#27;[2m---&amp#27;[0;39m &amp#27;[2m[transferer] [           main]&amp#27;[0;39m &amp#27;[2m&amp#27;[0;39m&amp#27;[36mio.r2dbc.h2.client.SessionClient        &amp#27;[0;39m &amp#27;[2m:&amp#27;[0;39m Response: org.h2.result.LocalResult@41a23470 columns: 1 rows: 0 pos: -1
&amp#27;[2m2025-08-17T13:10:22.141+01:00&amp#27;[0;39m &amp#27;[32mDEBUG&amp#27;[0;39m &amp#27;[35m19131&amp#27;[0;39m &amp#27;[2m---&amp#27;[0;39m &amp#27;[2m[transferer] [           main]&amp#27;[0;39m &amp#27;[2m&amp#27;[0;39m&amp#27;[36mo.s.r.c.R2dbcTransactionManager         &amp#27;[0;39m &amp#27;[2m:&amp#27;[0;39m Participating in existing transaction
&amp#27;[2m2025-08-17T13:10:22.147+01:00&amp#27;[0;39m &amp#27;[32mDEBUG&amp#27;[0;39m &amp#27;[35m19131&amp#27;[0;39m &amp#27;[2m---&amp#27;[0;39m &amp#27;[2m[transferer] [           main]&amp#27;[0;39m &amp#27;[2m&amp#27;[0;39m&amp#27;[36mo.s.r2dbc.core.DefaultDatabaseClient    &amp#27;[0;39m &amp#27;[2m:&amp#27;[0;39m Executing SQL statement [INSERT INTO accounts (ID, account_number, holder_name, balance, status, created_at, updated_at) VALUES ($1, $2, $3, $4, $5, $6, $7)]
&amp#27;[2m2025-08-17T13:10:22.147+01:00&amp#27;[0;39m &amp#27;[32mDEBUG&amp#27;[0;39m &amp#27;[35m19131&amp#27;[0;39m &amp#27;[2m---&amp#27;[0;39m &amp#27;[2m[transferer] [           main]&amp#27;[0;39m &amp#27;[2m&amp#27;[0;39m&amp#27;[36mio.r2dbc.h2.client.SessionClient        &amp#27;[0;39m &amp#27;[2m:&amp#27;[0;39m Request:  INSERT INTO accounts (ID, account_number, holder_name, balance, status, created_at, updated_at) VALUES ($1, $2, $3, $4, $5, $6, $7) {1: '0b3be9a3-202f-48c1-9e1e-8b3907cbce48', 2: '0020361567', 3: 'John Doe', 4: 1000.00, 5: 'ACTIVE', 6: TIMESTAMP '2025-08-17 13:10:22.13941', 7: TIMESTAMP '2025-08-17 13:10:22.139416'}
&amp#27;[2m2025-08-17T13:10:22.148+01:00&amp#27;[0;39m &amp#27;[32mDEBUG&amp#27;[0;39m &amp#27;[35m19131&amp#27;[0;39m &amp#27;[2m---&amp#27;[0;39m &amp#27;[2m[transferer] [           main]&amp#27;[0;39m &amp#27;[2m&amp#27;[0;39m&amp#27;[36mo.s.r.c.R2dbcTransactionManager         &amp#27;[0;39m &amp#27;[2m:&amp#27;[0;39m Participating in existing transaction
&amp#27;[2m2025-08-17T13:10:22.163+01:00&amp#27;[0;39m &amp#27;[32mDEBUG&amp#27;[0;39m &amp#27;[35m19131&amp#27;[0;39m &amp#27;[2m---&amp#27;[0;39m &amp#27;[2m[transferer] [           main]&amp#27;[0;39m &amp#27;[2m&amp#27;[0;39m&amp#27;[36mo.s.r2dbc.core.DefaultDatabaseClient    &amp#27;[0;39m &amp#27;[2m:&amp#27;[0;39m Executing SQL statement [INSERT INTO outbox_events (event_id, event_type, aggregate_id, event_data, occurred_at, created_at) VALUES ($1, $2, $3, $4, $5, $6)]
&amp#27;[2m2025-08-17T13:10:22.163+01:00&amp#27;[0;39m &amp#27;[32mDEBUG&amp#27;[0;39m &amp#27;[35m19131&amp#27;[0;39m &amp#27;[2m---&amp#27;[0;39m &amp#27;[2m[transferer] [           main]&amp#27;[0;39m &amp#27;[2m&amp#27;[0;39m&amp#27;[36mio.r2dbc.h2.client.SessionClient        &amp#27;[0;39m &amp#27;[2m:&amp#27;[0;39m Request:  INSERT INTO outbox_events (event_id, event_type, aggregate_id, event_data, occurred_at, created_at) VALUES ($1, $2, $3, $4, $5, $6) {1: 'd123a5bd-3d28-4ee2-ab94-4e94538d0840', 2: 'ACCOUNT_OPENED', 3: '0b3be9a3-202f-48c1-9e1e-8b3907cbce48', 4: '{"@class":"com.transferer.account.domain.events.body.AccountOpenedEventBody","accountId":{"value":"0b3be9a3-202f-48c1-9e1e-8b3907cbce48"},"accountNumber":"0020361567","holderName":"John Doe","initialBalance":1000.00}', 5: TIMESTAMP WITH TIME ZONE '2025-08-17 12:10:22.139646+00', 6: TIMESTAMP WITH TIME ZONE '2025-08-17 12:10:22.161492+00'}
&amp#27;[2m2025-08-17T13:10:22.165+01:00&amp#27;[0;39m &amp#27;[32mDEBUG&amp#27;[0;39m &amp#27;[35m19131&amp#27;[0;39m &amp#27;[2m---&amp#27;[0;39m &amp#27;[2m[transferer] [           main]&amp#27;[0;39m &amp#27;[2m&amp#27;[0;39m&amp#27;[36mo.s.r.c.R2dbcTransactionManager         &amp#27;[0;39m &amp#27;[2m:&amp#27;[0;39m Initiating transaction commit
&amp#27;[2m2025-08-17T13:10:22.165+01:00&amp#27;[0;39m &amp#27;[32mDEBUG&amp#27;[0;39m &amp#27;[35m19131&amp#27;[0;39m &amp#27;[2m---&amp#27;[0;39m &amp#27;[2m[transferer] [           main]&amp#27;[0;39m &amp#27;[2m&amp#27;[0;39m&amp#27;[36mo.s.r.c.R2dbcTransactionManager         &amp#27;[0;39m &amp#27;[2m:&amp#27;[0;39m Committing R2DBC transaction on Connection [PooledConnection[io.r2dbc.h2.H2Connection@75527e36]]
&amp#27;[2m2025-08-17T13:10:22.165+01:00&amp#27;[0;39m &amp#27;[32mDEBUG&amp#27;[0;39m &amp#27;[35m19131&amp#27;[0;39m &amp#27;[2m---&amp#27;[0;39m &amp#27;[2m[transferer] [           main]&amp#27;[0;39m &amp#27;[2m&amp#27;[0;39m&amp#27;[36mio.r2dbc.h2.client.SessionClient        &amp#27;[0;39m &amp#27;[2m:&amp#27;[0;39m Request:  COMMIT
&amp#27;[2m2025-08-17T13:10:22.165+01:00&amp#27;[0;39m &amp#27;[32mDEBUG&amp#27;[0;39m &amp#27;[35m19131&amp#27;[0;39m &amp#27;[2m---&amp#27;[0;39m &amp#27;[2m[transferer] [           main]&amp#27;[0;39m &amp#27;[2m&amp#27;[0;39m&amp#27;[36mo.s.r.c.R2dbcTransactionManager         &amp#27;[0;39m &amp#27;[2m:&amp#27;[0;39m Releasing R2DBC Connection [PooledConnection[io.r2dbc.h2.H2Connection@75527e36]] after transaction
&amp#27;[2m2025-08-17T13:10:22.166+01:00&amp#27;[0;39m &amp#27;[32mDEBUG&amp#27;[0;39m &amp#27;[35m19131&amp#27;[0;39m &amp#27;[2m---&amp#27;[0;39m &amp#27;[2m[transferer] [           main]&amp#27;[0;39m &amp#27;[2m&amp#27;[0;39m&amp#27;[36mio.r2dbc.h2.client.SessionClient        &amp#27;[0;39m &amp#27;[2m:&amp#27;[0;39m Request:  SELECT CURRENT_TIMESTAMP
&amp#27;[2m2025-08-17T13:10:22.166+01:00&amp#27;[0;39m &amp#27;[32mDEBUG&amp#27;[0;39m &amp#27;[35m19131&amp#27;[0;39m &amp#27;[2m---&amp#27;[0;39m &amp#27;[2m[transferer] [           main]&amp#27;[0;39m &amp#27;[2m&amp#27;[0;39m&amp#27;[36mio.r2dbc.h2.client.SessionClient        &amp#27;[0;39m &amp#27;[2m:&amp#27;[0;39m Response: org.h2.result.LocalResult@ac4e690 columns: 1 rows: 1 pos: -1
&amp#27;[2m2025-08-17T13:10:22.166+01:00&amp#27;[0;39m &amp#27;[32mDEBUG&amp#27;[0;39m &amp#27;[35m19131&amp#27;[0;39m &amp#27;[2m---&amp#27;[0;39m &amp#27;[2m[transferer] [           main]&amp#27;[0;39m &amp#27;[2m&amp#27;[0;39m&amp#27;[36mo.s.r.c.R2dbcTransactionManager         &amp#27;[0;39m &amp#27;[2m:&amp#27;[0;39m Creating new transaction with name [com.transferer.account.application.AccountService.openAccount]: PROPAGATION_REQUIRED,ISOLATION_DEFAULT
&amp#27;[2m2025-08-17T13:10:22.166+01:00&amp#27;[0;39m &amp#27;[32mDEBUG&amp#27;[0;39m &amp#27;[35m19131&amp#27;[0;39m &amp#27;[2m---&amp#27;[0;39m &amp#27;[2m[transferer] [           main]&amp#27;[0;39m &amp#27;[2m&amp#27;[0;39m&amp#27;[36mio.r2dbc.h2.client.SessionClient        &amp#27;[0;39m &amp#27;[2m:&amp#27;[0;39m Request:  SELECT 1
&amp#27;[2m2025-08-17T13:10:22.166+01:00&amp#27;[0;39m &amp#27;[32mDEBUG&amp#27;[0;39m &amp#27;[35m19131&amp#27;[0;39m &amp#27;[2m---&amp#27;[0;39m &amp#27;[2m[transferer] [           main]&amp#27;[0;39m &amp#27;[2m&amp#27;[0;39m&amp#27;[36mio.r2dbc.h2.client.SessionClient        &amp#27;[0;39m &amp#27;[2m:&amp#27;[0;39m Response: org.h2.result.LocalResult@6afeaf2d columns: 1 rows: 1 pos: -1
&amp#27;[2m2025-08-17T13:10:22.166+01:00&amp#27;[0;39m &amp#27;[32mDEBUG&amp#27;[0;39m &amp#27;[35m19131&amp#27;[0;39m &amp#27;[2m---&amp#27;[0;39m &amp#27;[2m[transferer] [           main]&amp#27;[0;39m &amp#27;[2m&amp#27;[0;39m&amp#27;[36mo.s.r.c.R2dbcTransactionManager         &amp#27;[0;39m &amp#27;[2m:&amp#27;[0;39m Acquired Connection [PooledConnection[io.r2dbc.h2.H2Connection@75527e36]] for R2DBC transaction
&amp#27;[2m2025-08-17T13:10:22.167+01:00&amp#27;[0;39m &amp#27;[32mDEBUG&amp#27;[0;39m &amp#27;[35m19131&amp#27;[0;39m &amp#27;[2m---&amp#27;[0;39m &amp#27;[2m[transferer] [           main]&amp#27;[0;39m &amp#27;[2m&amp#27;[0;39m&amp#27;[36mo.s.r.c.R2dbcTransactionManager         &amp#27;[0;39m &amp#27;[2m:&amp#27;[0;39m Starting R2DBC transaction on Connection [PooledConnection[io.r2dbc.h2.H2Connection@75527e36]] using [ExtendedTransactionDefinition [transactionName='com.transferer.account.application.AccountService.openAccount', readOnly=false, isolationLevel=null, lockWaitTimeout=PT0S]]
&amp#27;[2m2025-08-17T13:10:22.167+01:00&amp#27;[0;39m &amp#27;[33m WARN&amp#27;[0;39m &amp#27;[35m19131&amp#27;[0;39m &amp#27;[2m---&amp#27;[0;39m &amp#27;[2m[transferer] [           main]&amp#27;[0;39m &amp#27;[2m&amp#27;[0;39m&amp#27;[36mio.r2dbc.h2.H2Connection                &amp#27;[0;39m &amp#27;[2m:&amp#27;[0;39m Option{name='readOnly', sensitive=false} + isn't supported in H2 at the transaction level. You must set it on conenction URL. See http://www.h2database.com/html/features.html#read_only
&amp#27;[2m2025-08-17T13:10:22.167+01:00&amp#27;[0;39m &amp#27;[32mDEBUG&amp#27;[0;39m &amp#27;[35m19131&amp#27;[0;39m &amp#27;[2m---&amp#27;[0;39m &amp#27;[2m[transferer] [           main]&amp#27;[0;39m &amp#27;[2m&amp#27;[0;39m&amp#27;[36mo.s.r2dbc.core.DefaultDatabaseClient    &amp#27;[0;39m &amp#27;[2m:&amp#27;[0;39m Executing SQL statement [SELECT accounts.ID FROM accounts WHERE accounts.account_number = $1 LIMIT 1]
&amp#27;[2m2025-08-17T13:10:22.167+01:00&amp#27;[0;39m &amp#27;[32mDEBUG&amp#27;[0;39m &amp#27;[35m19131&amp#27;[0;39m &amp#27;[2m---&amp#27;[0;39m &amp#27;[2m[transferer] [           main]&amp#27;[0;39m &amp#27;[2m&amp#27;[0;39m&amp#27;[36mio.r2dbc.h2.client.SessionClient        &amp#27;[0;39m &amp#27;[2m:&amp#27;[0;39m Request:  SELECT accounts.ID FROM accounts WHERE accounts.account_number = $1 LIMIT 1 {1: '0816611020'}
&amp#27;[2m2025-08-17T13:10:22.167+01:00&amp#27;[0;39m &amp#27;[32mDEBUG&amp#27;[0;39m &amp#27;[35m19131&amp#27;[0;39m &amp#27;[2m---&amp#27;[0;39m &amp#27;[2m[transferer] [           main]&amp#27;[0;39m &amp#27;[2m&amp#27;[0;39m&amp#27;[36mio.r2dbc.h2.client.SessionClient        &amp#27;[0;39m &amp#27;[2m:&amp#27;[0;39m Response: org.h2.result.LocalResult@1a7e799e columns: 1 rows: 0 pos: -1
&amp#27;[2m2025-08-17T13:10:22.168+01:00&amp#27;[0;39m &amp#27;[32mDEBUG&amp#27;[0;39m &amp#27;[35m19131&amp#27;[0;39m &amp#27;[2m---&amp#27;[0;39m &amp#27;[2m[transferer] [           main]&amp#27;[0;39m &amp#27;[2m&amp#27;[0;39m&amp#27;[36mo.s.r.c.R2dbcTransactionManager         &amp#27;[0;39m &amp#27;[2m:&amp#27;[0;39m Participating in existing transaction
&amp#27;[2m2025-08-17T13:10:22.168+01:00&amp#27;[0;39m &amp#27;[32mDEBUG&amp#27;[0;39m &amp#27;[35m19131&amp#27;[0;39m &amp#27;[2m---&amp#27;[0;39m &amp#27;[2m[transferer] [           main]&amp#27;[0;39m &amp#27;[2m&amp#27;[0;39m&amp#27;[36mo.s.r2dbc.core.DefaultDatabaseClient    &amp#27;[0;39m &amp#27;[2m:&amp#27;[0;39m Executing SQL statement [INSERT INTO accounts (ID, account_number, holder_name, balance, status, created_at, updated_at) VALUES ($1, $2, $3, $4, $5, $6, $7)]
&amp#27;[2m2025-08-17T13:10:22.168+01:00&amp#27;[0;39m &amp#27;[32mDEBUG&amp#27;[0;39m &amp#27;[35m19131&amp#27;[0;39m &amp#27;[2m---&amp#27;[0;39m &amp#27;[2m[transferer] [           main]&amp#27;[0;39m &amp#27;[2m&amp#27;[0;39m&amp#27;[36mio.r2dbc.h2.client.SessionClient        &amp#27;[0;39m &amp#27;[2m:&amp#27;[0;39m Request:  INSERT INTO accounts (ID, account_number, holder_name, balance, status, created_at, updated_at) VALUES ($1, $2, $3, $4, $5, $6, $7) {1: '4fd7b21b-dc44-49ee-ba9f-a125f1ec1e15', 2: '0816611020', 3: 'Jane Smith', 4: 500.00, 5: 'ACTIVE', 6: TIMESTAMP '2025-08-17 13:10:22.168038', 7: TIMESTAMP '2025-08-17 13:10:22.168042'}
&amp#27;[2m2025-08-17T13:10:22.168+01:00&amp#27;[0;39m &amp#27;[32mDEBUG&amp#27;[0;39m &amp#27;[35m19131&amp#27;[0;39m &amp#27;[2m---&amp#27;[0;39m &amp#27;[2m[transferer] [           main]&amp#27;[0;39m &amp#27;[2m&amp#27;[0;39m&amp#27;[36mo.s.r.c.R2dbcTransactionManager         &amp#27;[0;39m &amp#27;[2m:&amp#27;[0;39m Participating in existing transaction
&amp#27;[2m2025-08-17T13:10:22.169+01:00&amp#27;[0;39m &amp#27;[32mDEBUG&amp#27;[0;39m &amp#27;[35m19131&amp#27;[0;39m &amp#27;[2m---&amp#27;[0;39m &amp#27;[2m[transferer] [           main]&amp#27;[0;39m &amp#27;[2m&amp#27;[0;39m&amp#27;[36mo.s.r2dbc.core.DefaultDatabaseClient    &amp#27;[0;39m &amp#27;[2m:&amp#27;[0;39m Executing SQL statement [INSERT INTO outbox_events (event_id, event_type, aggregate_id, event_data, occurred_at, created_at) VALUES ($1, $2, $3, $4, $5, $6)]
&amp#27;[2m2025-08-17T13:10:22.169+01:00&amp#27;[0;39m &amp#27;[32mDEBUG&amp#27;[0;39m &amp#27;[35m19131&amp#27;[0;39m &amp#27;[2m---&amp#27;[0;39m &amp#27;[2m[transferer] [           main]&amp#27;[0;39m &amp#27;[2m&amp#27;[0;39m&amp#27;[36mio.r2dbc.h2.client.SessionClient        &amp#27;[0;39m &amp#27;[2m:&amp#27;[0;39m Request:  INSERT INTO outbox_events (event_id, event_type, aggregate_id, event_data, occurred_at, created_at) VALUES ($1, $2, $3, $4, $5, $6) {1: 'eec141ae-cd6e-430f-879e-e1694ea86ab0', 2: 'ACCOUNT_OPENED', 3: '4fd7b21b-dc44-49ee-ba9f-a125f1ec1e15', 4: '{"@class":"com.transferer.account.domain.events.body.AccountOpenedEventBody","accountId":{"value":"4fd7b21b-dc44-49ee-ba9f-a125f1ec1e15"},"accountNumber":"0816611020","holderName":"Jane Smith","initialBalance":500.00}', 5: TIMESTAMP WITH TIME ZONE '2025-08-17 12:10:22.168064+00', 6: TIMESTAMP WITH TIME ZONE '2025-08-17 12:10:22.169181+00'}
&amp#27;[2m2025-08-17T13:10:22.169+01:00&amp#27;[0;39m &amp#27;[32mDEBUG&amp#27;[0;39m &amp#27;[35m19131&amp#27;[0;39m &amp#27;[2m---&amp#27;[0;39m &amp#27;[2m[transferer] [           main]&amp#27;[0;39m &amp#27;[2m&amp#27;[0;39m&amp#27;[36mo.s.r.c.R2dbcTransactionManager         &amp#27;[0;39m &amp#27;[2m:&amp#27;[0;39m Initiating transaction commit
&amp#27;[2m2025-08-17T13:10:22.169+01:00&amp#27;[0;39m &amp#27;[32mDEBUG&amp#27;[0;39m &amp#27;[35m19131&amp#27;[0;39m &amp#27;[2m---&amp#27;[0;39m &amp#27;[2m[transferer] [           main]&amp#27;[0;39m &amp#27;[2m&amp#27;[0;39m&amp#27;[36mo.s.r.c.R2dbcTransactionManager         &amp#27;[0;39m &amp#27;[2m:&amp#27;[0;39m Committing R2DBC transaction on Connection [PooledConnection[io.r2dbc.h2.H2Connection@75527e36]]
&amp#27;[2m2025-08-17T13:10:22.169+01:00&amp#27;[0;39m &amp#27;[32mDEBUG&amp#27;[0;39m &amp#27;[35m19131&amp#27;[0;39m &amp#27;[2m---&amp#27;[0;39m &amp#27;[2m[transferer] [           main]&amp#27;[0;39m &amp#27;[2m&amp#27;[0;39m&amp#27;[36mio.r2dbc.h2.client.SessionClient        &amp#27;[0;39m &amp#27;[2m:&amp#27;[0;39m Request:  COMMIT
&amp#27;[2m2025-08-17T13:10:22.170+01:00&amp#27;[0;39m &amp#27;[32mDEBUG&amp#27;[0;39m &amp#27;[35m19131&amp#27;[0;39m &amp#27;[2m---&amp#27;[0;39m &amp#27;[2m[transferer] [           main]&amp#27;[0;39m &amp#27;[2m&amp#27;[0;39m&amp#27;[36mo.s.r.c.R2dbcTransactionManager         &amp#27;[0;39m &amp#27;[2m:&amp#27;[0;39m Releasing R2DBC Connection [PooledConnection[io.r2dbc.h2.H2Connection@75527e36]] after transaction
&amp#27;[2m2025-08-17T13:10:22.170+01:00&amp#27;[0;39m &amp#27;[32mDEBUG&amp#27;[0;39m &amp#27;[35m19131&amp#27;[0;39m &amp#27;[2m---&amp#27;[0;39m &amp#27;[2m[transferer] [           main]&amp#27;[0;39m &amp#27;[2m&amp#27;[0;39m&amp#27;[36mio.r2dbc.h2.client.SessionClient        &amp#27;[0;39m &amp#27;[2m:&amp#27;[0;39m Request:  SELECT CURRENT_TIMESTAMP
&amp#27;[2m2025-08-17T13:10:22.170+01:00&amp#27;[0;39m &amp#27;[32mDEBUG&amp#27;[0;39m &amp#27;[35m19131&amp#27;[0;39m &amp#27;[2m---&amp#27;[0;39m &amp#27;[2m[transferer] [           main]&amp#27;[0;39m &amp#27;[2m&amp#27;[0;39m&amp#27;[36mio.r2dbc.h2.client.SessionClient        &amp#27;[0;39m &amp#27;[2m:&amp#27;[0;39m Response: org.h2.result.LocalResult@3212bfd columns: 1 rows: 1 pos: -1
&amp#27;[2m2025-08-17T13:10:22.176+01:00&amp#27;[0;39m &amp#27;[32mDEBUG&amp#27;[0;39m &amp#27;[35m19131&amp#27;[0;39m &amp#27;[2m---&amp#27;[0;39m &amp#27;[2m[transferer] [           main]&amp#27;[0;39m &amp#27;[2m&amp#27;[0;39m&amp#27;[36mo.s.r.c.R2dbcTransactionManager         &amp#27;[0;39m &amp#27;[2m:&amp#27;[0;39m Creating new transaction with name [com.transferer.payment.application.PaymentService.initiatePayment]: PROPAGATION_REQUIRED,ISOLATION_DEFAULT
&amp#27;[2m2025-08-17T13:10:22.177+01:00&amp#27;[0;39m &amp#27;[32mDEBUG&amp#27;[0;39m &amp#27;[35m19131&amp#27;[0;39m &amp#27;[2m---&amp#27;[0;39m &amp#27;[2m[transferer] [           main]&amp#27;[0;39m &amp#27;[2m&amp#27;[0;39m&amp#27;[36mio.r2dbc.h2.client.SessionClient        &amp#27;[0;39m &amp#27;[2m:&amp#27;[0;39m Request:  SELECT 1
&amp#27;[2m2025-08-17T13:10:22.177+01:00&amp#27;[0;39m &amp#27;[32mDEBUG&amp#27;[0;39m &amp#27;[35m19131&amp#27;[0;39m &amp#27;[2m---&amp#27;[0;39m &amp#27;[2m[transferer] [           main]&amp#27;[0;39m &amp#27;[2m&amp#27;[0;39m&amp#27;[36mio.r2dbc.h2.client.SessionClient        &amp#27;[0;39m &amp#27;[2m:&amp#27;[0;39m Response: org.h2.result.LocalResult@3f3c5ecd columns: 1 rows: 1 pos: -1
&amp#27;[2m2025-08-17T13:10:22.177+01:00&amp#27;[0;39m &amp#27;[32mDEBUG&amp#27;[0;39m &amp#27;[35m19131&amp#27;[0;39m &amp#27;[2m---&amp#27;[0;39m &amp#27;[2m[transferer] [           main]&amp#27;[0;39m &amp#27;[2m&amp#27;[0;39m&amp#27;[36mo.s.r.c.R2dbcTransactionManager         &amp#27;[0;39m &amp#27;[2m:&amp#27;[0;39m Acquired Connection [PooledConnection[io.r2dbc.h2.H2Connection@75527e36]] for R2DBC transaction
&amp#27;[2m2025-08-17T13:10:22.177+01:00&amp#27;[0;39m &amp#27;[32mDEBUG&amp#27;[0;39m &amp#27;[35m19131&amp#27;[0;39m &amp#27;[2m---&amp#27;[0;39m &amp#27;[2m[transferer] [           main]&amp#27;[0;39m &amp#27;[2m&amp#27;[0;39m&amp#27;[36mo.s.r.c.R2dbcTransactionManager         &amp#27;[0;39m &amp#27;[2m:&amp#27;[0;39m Starting R2DBC transaction on Connection [PooledConnection[io.r2dbc.h2.H2Connection@75527e36]] using [ExtendedTransactionDefinition [transactionName='com.transferer.payment.application.PaymentService.initiatePayment', readOnly=false, isolationLevel=null, lockWaitTimeout=PT0S]]
&amp#27;[2m2025-08-17T13:10:22.177+01:00&amp#27;[0;39m &amp#27;[33m WARN&amp#27;[0;39m &amp#27;[35m19131&amp#27;[0;39m &amp#27;[2m---&amp#27;[0;39m &amp#27;[2m[transferer] [           main]&amp#27;[0;39m &amp#27;[2m&amp#27;[0;39m&amp#27;[36mio.r2dbc.h2.H2Connection                &amp#27;[0;39m &amp#27;[2m:&amp#27;[0;39m Option{name='readOnly', sensitive=false} + isn't supported in H2 at the transaction level. You must set it on conenction URL. See http://www.h2database.com/html/features.html#read_only
&amp#27;[2m2025-08-17T13:10:22.178+01:00&amp#27;[0;39m &amp#27;[32mDEBUG&amp#27;[0;39m &amp#27;[35m19131&amp#27;[0;39m &amp#27;[2m---&amp#27;[0;39m &amp#27;[2m[transferer] [           main]&amp#27;[0;39m &amp#27;[2m&amp#27;[0;39m&amp#27;[36mo.s.r.c.R2dbcTransactionManager         &amp#27;[0;39m &amp#27;[2m:&amp#27;[0;39m Participating in existing transaction
&amp#27;[2m2025-08-17T13:10:22.180+01:00&amp#27;[0;39m &amp#27;[32mDEBUG&amp#27;[0;39m &amp#27;[35m19131&amp#27;[0;39m &amp#27;[2m---&amp#27;[0;39m &amp#27;[2m[transferer] [           main]&amp#27;[0;39m &amp#27;[2m&amp#27;[0;39m&amp#27;[36mo.s.r2dbc.core.DefaultDatabaseClient    &amp#27;[0;39m &amp#27;[2m:&amp#27;[0;39m Executing SQL statement [INSERT INTO payments (ID, sender_account_id, recipient_account_id, amount, description, status, current_step, created_at, updated_at) VALUES ($1, $2, $3, $4, $5, $6, $7, $8, $9)]
&amp#27;[2m2025-08-17T13:10:22.180+01:00&amp#27;[0;39m &amp#27;[32mDEBUG&amp#27;[0;39m &amp#27;[35m19131&amp#27;[0;39m &amp#27;[2m---&amp#27;[0;39m &amp#27;[2m[transferer] [           main]&amp#27;[0;39m &amp#27;[2m&amp#27;[0;39m&amp#27;[36mio.r2dbc.h2.client.SessionClient        &amp#27;[0;39m &amp#27;[2m:&amp#27;[0;39m Request:  INSERT INTO payments (ID, sender_account_id, recipient_account_id, amount, description, status, current_step, created_at, updated_at) VALUES ($1, $2, $3, $4, $5, $6, $7, $8, $9) {1: '01d7371b-c7bb-44c9-84c0-df4ab81ded20', 2: '0b3be9a3-202f-48c1-9e1e-8b3907cbce48', 3: '4fd7b21b-dc44-49ee-ba9f-a125f1ec1e15', 4: 100.00, 5: 'Database integration test', 6: 'PENDING', 7: 'INITIATED', 8: TIMESTAMP '2025-08-17 13:10:22.178303', 9: TIMESTAMP '2025-08-17 13:10:22.178307'}
&amp#27;[2m2025-08-17T13:10:22.181+01:00&amp#27;[0;39m &amp#27;[32mDEBUG&amp#27;[0;39m &amp#27;[35m19131&amp#27;[0;39m &amp#27;[2m---&amp#27;[0;39m &amp#27;[2m[transferer] [           main]&amp#27;[0;39m &amp#27;[2m&amp#27;[0;39m&amp#27;[36mo.s.r.c.R2dbcTransactionManager         &amp#27;[0;39m &amp#27;[2m:&amp#27;[0;39m Participating in existing transaction
&amp#27;[2m2025-08-17T13:10:22.182+01:00&amp#27;[0;39m &amp#27;[32mDEBUG&amp#27;[0;39m &amp#27;[35m19131&amp#27;[0;39m &amp#27;[2m---&amp#27;[0;39m &amp#27;[2m[transferer] [           main]&amp#27;[0;39m &amp#27;[2m&amp#27;[0;39m&amp#27;[36mo.s.r2dbc.core.DefaultDatabaseClient    &amp#27;[0;39m &amp#27;[2m:&amp#27;[0;39m Executing SQL statement [INSERT INTO outbox_events (event_id, event_type, aggregate_id, event_data, occurred_at, created_at) VALUES ($1, $2, $3, $4, $5, $6)]
&amp#27;[2m2025-08-17T13:10:22.182+01:00&amp#27;[0;39m &amp#27;[32mDEBUG&amp#27;[0;39m &amp#27;[35m19131&amp#27;[0;39m &amp#27;[2m---&amp#27;[0;39m &amp#27;[2m[transferer] [           main]&amp#27;[0;39m &amp#27;[2m&amp#27;[0;39m&amp#27;[36mio.r2dbc.h2.client.SessionClient        &amp#27;[0;39m &amp#27;[2m:&amp#27;[0;39m Request:  INSERT INTO outbox_events (event_id, event_type, aggregate_id, event_data, occurred_at, created_at) VALUES ($1, $2, $3, $4, $5, $6) {1: 'dbb3f955-f01d-43c7-92b0-fc4e9935f4a7', 2: 'PAYMENT_INITIATED', 3: '01d7371b-c7bb-44c9-84c0-df4ab81ded20', 4: '{"@class":"com.transferer.payment.domain.events.body.PaymentInitiatedEventBody","paymentId":{"value":"01d7371b-c7bb-44c9-84c0-df4ab81ded20"},"senderAccountId":{"value":"0b3be9a3-202f-48c1-9e1e-8b3907cbce48"},"recipientAccountId":{"value":"4fd7b21b-dc44-49ee-ba9f-a125f1ec1e15"},"amount":100.00,"description":"Database integration test"}', 5: TIMESTAMP WITH TIME ZONE '2025-08-17 12:10:22.178476+00', 6: TIMESTAMP WITH TIME ZONE '2025-08-17 12:10:22.182126+00'}
&amp#27;[2m2025-08-17T13:10:22.184+01:00&amp#27;[0;39m &amp#27;[32mDEBUG&amp#27;[0;39m &amp#27;[35m19131&amp#27;[0;39m &amp#27;[2m---&amp#27;[0;39m &amp#27;[2m[transferer] [           main]&amp#27;[0;39m &amp#27;[2m&amp#27;[0;39m&amp#27;[36mo.s.r2dbc.core.DefaultDatabaseClient    &amp#27;[0;39m &amp#27;[2m:&amp#27;[0;39m Executing SQL statement [INSERT INTO outbox_events (event_id, event_type, aggregate_id, event_data, occurred_at, created_at) VALUES ($1, $2, $3, $4, $5, $6)]
&amp#27;[2m2025-08-17T13:10:22.185+01:00&amp#27;[0;39m &amp#27;[32mDEBUG&amp#27;[0;39m &amp#27;[35m19131&amp#27;[0;39m &amp#27;[2m---&amp#27;[0;39m &amp#27;[2m[transferer] [           main]&amp#27;[0;39m &amp#27;[2m&amp#27;[0;39m&amp#27;[36mio.r2dbc.h2.client.SessionClient        &amp#27;[0;39m &amp#27;[2m:&amp#27;[0;39m Request:  INSERT INTO outbox_events (event_id, event_type, aggregate_id, event_data, occurred_at, created_at) VALUES ($1, $2, $3, $4, $5, $6) {1: '9b66a47b-06cd-4cc2-b44b-c5a9e830995f', 2: 'PAYMENT_STEP_ADVANCED', 3: '01d7371b-c7bb-44c9-84c0-df4ab81ded20', 4: '{"@class":"com.transferer.payment.domain.events.body.PaymentStepAdvancedEventBody","paymentId":{"value":"01d7371b-c7bb-44c9-84c0-df4ab81ded20"},"previousStep":{"empty":true,"present":false},"currentStep":"INITIATED"}', 5: TIMESTAMP WITH TIME ZONE '2025-08-17 12:10:22.178533+00', 6: TIMESTAMP WITH TIME ZONE '2025-08-17 12:10:22.184649+00'}
&amp#27;[2m2025-08-17T13:10:22.185+01:00&amp#27;[0;39m &amp#27;[32mDEBUG&amp#27;[0;39m &amp#27;[35m19131&amp#27;[0;39m &amp#27;[2m---&amp#27;[0;39m &amp#27;[2m[transferer] [           main]&amp#27;[0;39m &amp#27;[2m&amp#27;[0;39m&amp#27;[36mo.s.r.c.R2dbcTransactionManager         &amp#27;[0;39m &amp#27;[2m:&amp#27;[0;39m Initiating transaction commit
&amp#27;[2m2025-08-17T13:10:22.185+01:00&amp#27;[0;39m &amp#27;[32mDEBUG&amp#27;[0;39m &amp#27;[35m19131&amp#27;[0;39m &amp#27;[2m---&amp#27;[0;39m &amp#27;[2m[transferer] [           main]&amp#27;[0;39m &amp#27;[2m&amp#27;[0;39m&amp#27;[36mo.s.r.c.R2dbcTransactionManager         &amp#27;[0;39m &amp#27;[2m:&amp#27;[0;39m Committing R2DBC transaction on Connection [PooledConnection[io.r2dbc.h2.H2Connection@75527e36]]
&amp#27;[2m2025-08-17T13:10:22.185+01:00&amp#27;[0;39m &amp#27;[32mDEBUG&amp#27;[0;39m &amp#27;[35m19131&amp#27;[0;39m &amp#27;[2m---&amp#27;[0;39m &amp#27;[2m[transferer] [           main]&amp#27;[0;39m &amp#27;[2m&amp#27;[0;39m&amp#27;[36mio.r2dbc.h2.client.SessionClient        &amp#27;[0;39m &amp#27;[2m:&amp#27;[0;39m Request:  COMMIT
&amp#27;[2m2025-08-17T13:10:22.185+01:00&amp#27;[0;39m &amp#27;[32mDEBUG&amp#27;[0;39m &amp#27;[35m19131&amp#27;[0;39m &amp#27;[2m---&amp#27;[0;39m &amp#27;[2m[transferer] [           main]&amp#27;[0;39m &amp#27;[2m&amp#27;[0;39m&amp#27;[36mo.s.r.c.R2dbcTransactionManager         &amp#27;[0;39m &amp#27;[2m:&amp#27;[0;39m Releasing R2DBC Connection [PooledConnection[io.r2dbc.h2.H2Connection@75527e36]] after transaction
&amp#27;[2m2025-08-17T13:10:22.185+01:00&amp#27;[0;39m &amp#27;[32mDEBUG&amp#27;[0;39m &amp#27;[35m19131&amp#27;[0;39m &amp#27;[2m---&amp#27;[0;39m &amp#27;[2m[transferer] [           main]&amp#27;[0;39m &amp#27;[2m&amp#27;[0;39m&amp#27;[36mio.r2dbc.h2.client.SessionClient        &amp#27;[0;39m &amp#27;[2m:&amp#27;[0;39m Request:  SELECT CURRENT_TIMESTAMP
&amp#27;[2m2025-08-17T13:10:22.185+01:00&amp#27;[0;39m &amp#27;[32mDEBUG&amp#27;[0;39m &amp#27;[35m19131&amp#27;[0;39m &amp#27;[2m---&amp#27;[0;39m &amp#27;[2m[transferer] [           main]&amp#27;[0;39m &amp#27;[2m&amp#27;[0;39m&amp#27;[36mio.r2dbc.h2.client.SessionClient        &amp#27;[0;39m &amp#27;[2m:&amp#27;[0;39m Response: org.h2.result.LocalResult@15f519f7 columns: 1 rows: 1 pos: -1
]]></system-out>
    <system-err><![CDATA[WARNING: A Java agent has been loaded dynamically (/Users/bendrawer/.m2/repository/net/bytebuddy/byte-buddy-agent/1.14.10/byte-buddy-agent-1.14.10.jar)
WARNING: If a serviceability tool is in use, please run with -XX:+EnableDynamicAgentLoading to hide this warning
WARNING: If a serviceability tool is not in use, please run with -Djdk.instrument.traceUsage for more information
WARNING: Dynamic loading of agents will be disallowed by default in a future release
]]></system-err>
  </testcase>
</testsuite>